Mar 15, 2013 8:53:43 PM net.blogracy.controller.DistributedHashTable$LookupListener <init>
INFO: lookup-req GRRVNWRRA5YPOTR2NJTQK3RXPMJXGKYD
Mar 15, 2013 8:53:44 PM net.blogracy.controller.DistributedHashTable$LookupListener onMessage
INFO: lookup-ans GRRVNWRRA5YPOTR2NJTQK3RXPMJXGKYD 2013-03-15T20:52:40Z 2013-03-15T20:53:44Z 536
Mar 15, 2013 8:53:44 PM net.blogracy.controller.DistributedHashTable$DownloadListener <init>
INFO: download-req GRRVNWRRA5YPOTR2NJTQK3RXPMJXGKYD 2013-03-15T20:52:40Z
Mar 15, 2013 8:53:44 PM net.blogracy.controller.DistributedHashTable$LookupListener onMessage
INFO: lookup-ans GRRVNWRRA5YPOTR2NJTQK3RXPMJXGKYD 2013-03-15T19:10:30Z 2013-03-15T20:53:44Z 560
Mar 15, 2013 8:53:44 PM net.blogracy.controller.DistributedHashTable$DownloadListener <init>
INFO: download-req GRRVNWRRA5YPOTR2NJTQK3RXPMJXGKYD 2013-03-15T19:10:30Z
Mar 15, 2013 8:53:54 PM net.blogracy.controller.DistributedHashTable$DownloadListener onMessage
INFO: download-ans GRRVNWRRA5YPOTR2NJTQK3RXPMJXGKYD 2013-03-15T20:52:40Z 2013-03-15T20:53:54Z 10169  74000 1091
Mar 15, 2013 8:54:23 PM net.blogracy.controller.DistributedHashTable$LookupListener <init>
INFO: lookup-req NUHK7LXC3JZZQ6EB2RKPAXMUYX7DF7UI
Mar 15, 2013 8:54:24 PM net.blogracy.controller.DistributedHashTable$LookupListener onMessage
INFO: lookup-ans NUHK7LXC3JZZQ6EB2RKPAXMUYX7DF7UI 2013-03-15T20:50:43Z 2013-03-15T20:54:24Z 899
Mar 15, 2013 8:54:24 PM net.blogracy.controller.DistributedHashTable$DownloadListener <init>
INFO: download-req NUHK7LXC3JZZQ6EB2RKPAXMUYX7DF7UI 2013-03-15T20:50:43Z
Mar 15, 2013 8:54:24 PM net.blogracy.controller.DistributedHashTable$LookupListener onMessage
INFO: lookup-ans NUHK7LXC3JZZQ6EB2RKPAXMUYX7DF7UI 2013-03-15T19:06:15Z 2013-03-15T20:54:24Z 922
Mar 15, 2013 8:54:24 PM net.blogracy.controller.DistributedHashTable$DownloadListener <init>
INFO: download-req NUHK7LXC3JZZQ6EB2RKPAXMUYX7DF7UI 2013-03-15T19:06:15Z
Mar 15, 2013 8:54:25 PM net.blogracy.controller.DistributedHashTable$LookupListener onMessage
INFO: lookup-ans NUHK7LXC3JZZQ6EB2RKPAXMUYX7DF7UI 2013-03-15T17:10:41Z 2013-03-15T20:54:25Z 1116
Mar 15, 2013 8:54:25 PM net.blogracy.controller.DistributedHashTable$DownloadListener <init>
INFO: download-req NUHK7LXC3JZZQ6EB2RKPAXMUYX7DF7UI 2013-03-15T17:10:41Z
Mar 15, 2013 8:55:04 PM net.blogracy.controller.DistributedHashTable$LookupListener <init>
INFO: lookup-req NZYND2IBFUU2CASIWQ2GFYLCZFN7LPE4
Mar 15, 2013 8:55:04 PM net.blogracy.controller.DistributedHashTable$LookupListener onMessage
INFO: lookup-ans NZYND2IBFUU2CASIWQ2GFYLCZFN7LPE4 2013-03-15T20:51:14Z 2013-03-15T20:55:04Z 661
Mar 15, 2013 8:55:04 PM net.blogracy.controller.DistributedHashTable$DownloadListener <init>
INFO: download-req NZYND2IBFUU2CASIWQ2GFYLCZFN7LPE4 2013-03-15T20:51:14Z
Mar 15, 2013 8:55:04 PM net.blogracy.controller.DistributedHashTable$LookupListener onMessage
INFO: lookup-ans NZYND2IBFUU2CASIWQ2GFYLCZFN7LPE4 2013-03-15T18:43:54Z 2013-03-15T20:55:04Z 681
Mar 15, 2013 8:55:04 PM net.blogracy.controller.DistributedHashTable$DownloadListener <init>
INFO: download-req NZYND2IBFUU2CASIWQ2GFYLCZFN7LPE4 2013-03-15T18:43:54Z
Mar 15, 2013 8:55:19 PM net.blogracy.controller.DistributedHashTable$DownloadListener onMessage
INFO: download-ans NUHK7LXC3JZZQ6EB2RKPAXMUYX7DF7UI 2013-03-15T20:50:43Z 2013-03-15T20:55:19Z 55025  276000 1091
Mar 15, 2013 8:55:44 PM net.blogracy.controller.DistributedHashTable$LookupListener <init>
INFO: lookup-req GRRVNWRRA5YPOTR2NJTQK3RXPMJXGKYD
Mar 15, 2013 8:55:45 PM net.blogracy.controller.DistributedHashTable$LookupListener onMessage
INFO: lookup-ans GRRVNWRRA5YPOTR2NJTQK3RXPMJXGKYD 2013-03-15T20:52:40Z 2013-03-15T20:55:45Z 1828
Mar 15, 2013 8:55:45 PM net.blogracy.controller.DistributedHashTable$LookupListener onMessage
INFO: lookup-ans GRRVNWRRA5YPOTR2NJTQK3RXPMJXGKYD 2013-03-15T19:10:30Z 2013-03-15T20:55:45Z 1830
Mar 15, 2013 8:56:24 PM net.blogracy.controller.DistributedHashTable$LookupListener <init>
INFO: lookup-req NUHK7LXC3JZZQ6EB2RKPAXMUYX7DF7UI
Mar 15, 2013 8:56:24 PM net.blogracy.controller.DistributedHashTable$LookupListener onMessage
INFO: lookup-ans NUHK7LXC3JZZQ6EB2RKPAXMUYX7DF7UI 2013-03-15T20:54:19Z 2013-03-15T20:56:24Z 125
Mar 15, 2013 8:56:24 PM net.blogracy.controller.DistributedHashTable$DownloadListener <init>
INFO: download-req NUHK7LXC3JZZQ6EB2RKPAXMUYX7DF7UI 2013-03-15T20:54:19Z
Mar 15, 2013 8:56:24 PM net.blogracy.controller.DistributedHashTable$LookupListener onMessage
INFO: lookup-ans NUHK7LXC3JZZQ6EB2RKPAXMUYX7DF7UI 2013-03-15T19:06:15Z 2013-03-15T20:56:24Z 145
Mar 15, 2013 8:56:24 PM net.blogracy.controller.DistributedHashTable$LookupListener onMessage
INFO: lookup-ans NUHK7LXC3JZZQ6EB2RKPAXMUYX7DF7UI 2013-03-15T19:01:14Z 2013-03-15T20:56:24Z 328
Mar 15, 2013 8:57:04 PM net.blogracy.controller.DistributedHashTable$LookupListener <init>
INFO: lookup-req NZYND2IBFUU2CASIWQ2GFYLCZFN7LPE4
Mar 15, 2013 8:57:04 PM net.blogracy.controller.DistributedHashTable$LookupListener onMessage
INFO: lookup-ans NZYND2IBFUU2CASIWQ2GFYLCZFN7LPE4 2013-03-15T20:54:07Z 2013-03-15T20:57:04Z 666
Mar 15, 2013 8:57:04 PM net.blogracy.controller.DistributedHashTable$DownloadListener <init>
INFO: download-req NZYND2IBFUU2CASIWQ2GFYLCZFN7LPE4 2013-03-15T20:54:07Z
Mar 15, 2013 8:57:04 PM net.blogracy.controller.DistributedHashTable$LookupListener onMessage
INFO: lookup-ans NZYND2IBFUU2CASIWQ2GFYLCZFN7LPE4 2013-03-15T18:43:54Z 2013-03-15T20:57:04Z 684
Mar 15, 2013 8:57:04 PM net.blogracy.controller.DistributedHashTable$DownloadListener <init>
INFO: download-req NZYND2IBFUU2CASIWQ2GFYLCZFN7LPE4 2013-03-15T18:43:54Z
Mar 15, 2013 8:57:44 PM net.blogracy.controller.DistributedHashTable$LookupListener <init>
INFO: lookup-req GRRVNWRRA5YPOTR2NJTQK3RXPMJXGKYD
Mar 15, 2013 8:57:44 PM net.blogracy.controller.DistributedHashTable$LookupListener onMessage
INFO: lookup-ans GRRVNWRRA5YPOTR2NJTQK3RXPMJXGKYD 2013-03-15T20:57:12Z 2013-03-15T20:57:44Z 677
Mar 15, 2013 8:57:44 PM net.blogracy.controller.DistributedHashTable$DownloadListener <init>
INFO: download-req GRRVNWRRA5YPOTR2NJTQK3RXPMJXGKYD 2013-03-15T20:57:12Z
Mar 15, 2013 8:57:44 PM net.blogracy.controller.DistributedHashTable$LookupListener onMessage
INFO: lookup-ans GRRVNWRRA5YPOTR2NJTQK3RXPMJXGKYD 2013-03-15T19:10:30Z 2013-03-15T20:57:44Z 702
Mar 15, 2013 8:58:24 PM net.blogracy.controller.DistributedHashTable$LookupListener <init>
INFO: lookup-req NUHK7LXC3JZZQ6EB2RKPAXMUYX7DF7UI
Mar 15, 2013 8:58:24 PM net.blogracy.controller.DistributedHashTable$LookupListener onMessage
INFO: lookup-ans NUHK7LXC3JZZQ6EB2RKPAXMUYX7DF7UI 2013-03-15T20:56:19Z 2013-03-15T20:58:24Z 161
Mar 15, 2013 8:58:24 PM net.blogracy.controller.DistributedHashTable$DownloadListener <init>
INFO: download-req NUHK7LXC3JZZQ6EB2RKPAXMUYX7DF7UI 2013-03-15T20:56:19Z
Mar 15, 2013 8:58:24 PM net.blogracy.controller.DistributedHashTable$LookupListener onMessage
INFO: lookup-ans NUHK7LXC3JZZQ6EB2RKPAXMUYX7DF7UI 2013-03-15T19:06:15Z 2013-03-15T20:58:24Z 180
Mar 15, 2013 8:58:24 PM net.blogracy.controller.DistributedHashTable$LookupListener onMessage
INFO: lookup-ans NUHK7LXC3JZZQ6EB2RKPAXMUYX7DF7UI 2013-03-15T20:54:19Z 2013-03-15T20:58:24Z 281
Mar 15, 2013 8:58:24 PM net.blogracy.controller.DistributedHashTable$DownloadListener <init>
INFO: download-req NUHK7LXC3JZZQ6EB2RKPAXMUYX7DF7UI 2013-03-15T20:54:19Z
Mar 15, 2013 8:58:24 PM net.blogracy.controller.DistributedHashTable$LookupListener onMessage
INFO: lookup-ans NUHK7LXC3JZZQ6EB2RKPAXMUYX7DF7UI 2013-03-15T19:01:14Z 2013-03-15T20:58:24Z 306
Mar 15, 2013 8:59:04 PM net.blogracy.controller.DistributedHashTable$LookupListener <init>
INFO: lookup-req NZYND2IBFUU2CASIWQ2GFYLCZFN7LPE4
Mar 15, 2013 8:59:04 PM net.blogracy.controller.DistributedHashTable$LookupListener onMessage
INFO: lookup-ans NZYND2IBFUU2CASIWQ2GFYLCZFN7LPE4 2013-03-15T20:56:07Z 2013-03-15T20:59:04Z 366
Mar 15, 2013 8:59:04 PM net.blogracy.controller.DistributedHashTable$DownloadListener <init>
INFO: download-req NZYND2IBFUU2CASIWQ2GFYLCZFN7LPE4 2013-03-15T20:56:07Z
Mar 15, 2013 8:59:04 PM net.blogracy.controller.DistributedHashTable$LookupListener onMessage
INFO: lookup-ans NZYND2IBFUU2CASIWQ2GFYLCZFN7LPE4 2013-03-15T18:43:54Z 2013-03-15T20:59:04Z 383
Mar 15, 2013 8:59:04 PM net.blogracy.controller.DistributedHashTable$DownloadListener <init>
INFO: download-req NZYND2IBFUU2CASIWQ2GFYLCZFN7LPE4 2013-03-15T18:43:54Z
Mar 15, 2013 8:59:44 PM net.blogracy.controller.DistributedHashTable$LookupListener <init>
INFO: lookup-req GRRVNWRRA5YPOTR2NJTQK3RXPMJXGKYD
Mar 15, 2013 8:59:45 PM net.blogracy.controller.DistributedHashTable$LookupListener onMessage
INFO: lookup-ans GRRVNWRRA5YPOTR2NJTQK3RXPMJXGKYD 2013-03-15T20:59:12Z 2013-03-15T20:59:45Z 840
Mar 15, 2013 8:59:45 PM net.blogracy.controller.DistributedHashTable$DownloadListener <init>
INFO: download-req GRRVNWRRA5YPOTR2NJTQK3RXPMJXGKYD 2013-03-15T20:59:12Z
Mar 15, 2013 8:59:45 PM net.blogracy.controller.DistributedHashTable$LookupListener onMessage
INFO: lookup-ans GRRVNWRRA5YPOTR2NJTQK3RXPMJXGKYD 2013-03-15T19:10:30Z 2013-03-15T20:59:45Z 855
Mar 15, 2013 8:59:45 PM net.blogracy.controller.DistributedHashTable$LookupListener onMessage
INFO: lookup-ans GRRVNWRRA5YPOTR2NJTQK3RXPMJXGKYD 2013-03-15T19:05:30Z 2013-03-15T20:59:45Z 898
Mar 15, 2013 9:00:24 PM net.blogracy.controller.DistributedHashTable$LookupListener <init>
INFO: lookup-req NUHK7LXC3JZZQ6EB2RKPAXMUYX7DF7UI
Mar 15, 2013 9:00:24 PM net.blogracy.controller.DistributedHashTable$LookupListener onMessage
INFO: lookup-ans NUHK7LXC3JZZQ6EB2RKPAXMUYX7DF7UI 2013-03-15T20:58:20Z 2013-03-15T21:00:24Z 135
Mar 15, 2013 9:00:24 PM net.blogracy.controller.DistributedHashTable$DownloadListener <init>
INFO: download-req NUHK7LXC3JZZQ6EB2RKPAXMUYX7DF7UI 2013-03-15T20:58:20Z
Mar 15, 2013 9:00:24 PM net.blogracy.controller.DistributedHashTable$LookupListener onMessage
INFO: lookup-ans NUHK7LXC3JZZQ6EB2RKPAXMUYX7DF7UI 2013-03-15T19:06:15Z 2013-03-15T21:00:24Z 154
Mar 15, 2013 9:00:24 PM net.blogracy.controller.DistributedHashTable$LookupListener onMessage
INFO: lookup-ans NUHK7LXC3JZZQ6EB2RKPAXMUYX7DF7UI 2013-03-15T19:01:14Z 2013-03-15T21:00:24Z 316
Mar 15, 2013 9:01:04 PM net.blogracy.controller.DistributedHashTable$LookupListener <init>
INFO: lookup-req NZYND2IBFUU2CASIWQ2GFYLCZFN7LPE4
Mar 15, 2013 9:01:04 PM net.blogracy.controller.DistributedHashTable$LookupListener onMessage
INFO: lookup-ans NZYND2IBFUU2CASIWQ2GFYLCZFN7LPE4 2013-03-15T20:58:07Z 2013-03-15T21:01:04Z 406
Mar 15, 2013 9:01:04 PM net.blogracy.controller.DistributedHashTable$DownloadListener <init>
INFO: download-req NZYND2IBFUU2CASIWQ2GFYLCZFN7LPE4 2013-03-15T20:58:07Z
Mar 15, 2013 9:01:04 PM net.blogracy.controller.DistributedHashTable$LookupListener onMessage
INFO: lookup-ans NZYND2IBFUU2CASIWQ2GFYLCZFN7LPE4 2013-03-15T18:43:54Z 2013-03-15T21:01:04Z 424
Mar 15, 2013 9:01:04 PM net.blogracy.controller.DistributedHashTable$DownloadListener <init>
INFO: download-req NZYND2IBFUU2CASIWQ2GFYLCZFN7LPE4 2013-03-15T18:43:54Z
Mar 15, 2013 9:01:44 PM net.blogracy.controller.DistributedHashTable$LookupListener <init>
INFO: lookup-req GRRVNWRRA5YPOTR2NJTQK3RXPMJXGKYD
Mar 15, 2013 9:01:44 PM net.blogracy.controller.DistributedHashTable$LookupListener onMessage
INFO: lookup-ans GRRVNWRRA5YPOTR2NJTQK3RXPMJXGKYD 2013-03-15T21:01:12Z 2013-03-15T21:01:44Z 451
Mar 15, 2013 9:01:44 PM net.blogracy.controller.DistributedHashTable$DownloadListener <init>
INFO: download-req GRRVNWRRA5YPOTR2NJTQK3RXPMJXGKYD 2013-03-15T21:01:12Z
Mar 15, 2013 9:01:44 PM net.blogracy.controller.DistributedHashTable$LookupListener onMessage
INFO: lookup-ans GRRVNWRRA5YPOTR2NJTQK3RXPMJXGKYD 2013-03-15T19:10:30Z 2013-03-15T21:01:44Z 466
Mar 15, 2013 9:01:45 PM net.blogracy.controller.DistributedHashTable$LookupListener onMessage
INFO: lookup-ans GRRVNWRRA5YPOTR2NJTQK3RXPMJXGKYD 2013-03-15T19:05:30Z 2013-03-15T21:01:45Z 521
Mar 15, 2013 9:02:24 PM net.blogracy.controller.DistributedHashTable$LookupListener <init>
INFO: lookup-req NUHK7LXC3JZZQ6EB2RKPAXMUYX7DF7UI
Mar 15, 2013 9:02:24 PM net.blogracy.controller.DistributedHashTable$LookupListener onMessage
INFO: lookup-ans NUHK7LXC3JZZQ6EB2RKPAXMUYX7DF7UI 2013-03-15T21:00:20Z 2013-03-15T21:02:24Z 102
Mar 15, 2013 9:02:24 PM net.blogracy.controller.DistributedHashTable$DownloadListener <init>
INFO: download-req NUHK7LXC3JZZQ6EB2RKPAXMUYX7DF7UI 2013-03-15T21:00:20Z
Mar 15, 2013 9:02:24 PM net.blogracy.controller.DistributedHashTable$LookupListener onMessage
INFO: lookup-ans NUHK7LXC3JZZQ6EB2RKPAXMUYX7DF7UI 2013-03-15T19:06:15Z 2013-03-15T21:02:24Z 116
Mar 15, 2013 9:03:04 PM net.blogracy.controller.DistributedHashTable$LookupListener <init>
INFO: lookup-req NZYND2IBFUU2CASIWQ2GFYLCZFN7LPE4
Mar 15, 2013 9:03:04 PM net.blogracy.controller.DistributedHashTable$LookupListener onMessage
INFO: lookup-ans NZYND2IBFUU2CASIWQ2GFYLCZFN7LPE4 2013-03-15T21:00:07Z 2013-03-15T21:03:04Z 449
Mar 15, 2013 9:03:04 PM net.blogracy.controller.DistributedHashTable$DownloadListener <init>
INFO: download-req NZYND2IBFUU2CASIWQ2GFYLCZFN7LPE4 2013-03-15T21:00:07Z
Mar 15, 2013 9:03:05 PM net.blogracy.controller.DistributedHashTable$LookupListener onMessage
INFO: lookup-ans NZYND2IBFUU2CASIWQ2GFYLCZFN7LPE4 2013-03-15T18:43:54Z 2013-03-15T21:03:05Z 466
Mar 15, 2013 9:03:05 PM net.blogracy.controller.DistributedHashTable$DownloadListener <init>
INFO: download-req NZYND2IBFUU2CASIWQ2GFYLCZFN7LPE4 2013-03-15T18:43:54Z
Mar 15, 2013 9:03:44 PM net.blogracy.controller.DistributedHashTable$LookupListener <init>
INFO: lookup-req GRRVNWRRA5YPOTR2NJTQK3RXPMJXGKYD
Mar 15, 2013 9:03:45 PM net.blogracy.controller.DistributedHashTable$LookupListener onMessage
INFO: lookup-ans GRRVNWRRA5YPOTR2NJTQK3RXPMJXGKYD 2013-03-15T21:03:12Z 2013-03-15T21:03:45Z 374
Mar 15, 2013 9:03:45 PM net.blogracy.controller.DistributedHashTable$DownloadListener <init>
INFO: download-req GRRVNWRRA5YPOTR2NJTQK3RXPMJXGKYD 2013-03-15T21:03:12Z
Mar 15, 2013 9:03:45 PM net.blogracy.controller.DistributedHashTable$LookupListener onMessage
INFO: lookup-ans GRRVNWRRA5YPOTR2NJTQK3RXPMJXGKYD 2013-03-15T19:10:30Z 2013-03-15T21:03:45Z 388
Mar 15, 2013 9:03:45 PM net.blogracy.controller.DistributedHashTable$LookupListener onMessage
INFO: lookup-ans GRRVNWRRA5YPOTR2NJTQK3RXPMJXGKYD 2013-03-15T19:05:30Z 2013-03-15T21:03:45Z 560
Mar 15, 2013 9:04:02 PM net.blogracy.controller.DistributedHashTable$DownloadListener onMessage
INFO: download-ans NZYND2IBFUU2CASIWQ2GFYLCZFN7LPE4 2013-03-15T20:51:14Z 2013-03-15T21:04:02Z 537462  768000 1091
Mar 15, 2013 9:04:24 PM net.blogracy.controller.DistributedHashTable$LookupListener <init>
INFO: lookup-req NUHK7LXC3JZZQ6EB2RKPAXMUYX7DF7UI
Mar 15, 2013 9:04:24 PM net.blogracy.controller.DistributedHashTable$LookupListener onMessage
INFO: lookup-ans NUHK7LXC3JZZQ6EB2RKPAXMUYX7DF7UI 2013-03-15T21:02:20Z 2013-03-15T21:04:24Z 111
Mar 15, 2013 9:04:24 PM net.blogracy.controller.DistributedHashTable$DownloadListener <init>
INFO: download-req NUHK7LXC3JZZQ6EB2RKPAXMUYX7DF7UI 2013-03-15T21:02:20Z
Mar 15, 2013 9:04:24 PM net.blogracy.controller.DistributedHashTable$LookupListener onMessage
INFO: lookup-ans NUHK7LXC3JZZQ6EB2RKPAXMUYX7DF7UI 2013-03-15T19:06:15Z 2013-03-15T21:04:24Z 124
Mar 15, 2013 9:04:24 PM net.blogracy.controller.DistributedHashTable$LookupListener onMessage
INFO: lookup-ans NUHK7LXC3JZZQ6EB2RKPAXMUYX7DF7UI 2013-03-15T19:01:14Z 2013-03-15T21:04:24Z 294
Mar 15, 2013 9:05:04 PM net.blogracy.controller.DistributedHashTable$LookupListener <init>
INFO: lookup-req NZYND2IBFUU2CASIWQ2GFYLCZFN7LPE4
Mar 15, 2013 9:05:05 PM net.blogracy.controller.DistributedHashTable$LookupListener onMessage
INFO: lookup-ans NZYND2IBFUU2CASIWQ2GFYLCZFN7LPE4 2013-03-15T21:02:08Z 2013-03-15T21:05:05Z 574
Mar 15, 2013 9:05:05 PM net.blogracy.controller.DistributedHashTable$DownloadListener <init>
INFO: download-req NZYND2IBFUU2CASIWQ2GFYLCZFN7LPE4 2013-03-15T21:02:08Z
Mar 15, 2013 9:05:05 PM net.blogracy.controller.DistributedHashTable$LookupListener onMessage
INFO: lookup-ans NZYND2IBFUU2CASIWQ2GFYLCZFN7LPE4 2013-03-15T18:43:54Z 2013-03-15T21:05:05Z 590
Mar 15, 2013 9:05:44 PM net.blogracy.controller.DistributedHashTable$LookupListener <init>
INFO: lookup-req GRRVNWRRA5YPOTR2NJTQK3RXPMJXGKYD
Mar 15, 2013 9:05:45 PM net.blogracy.controller.DistributedHashTable$LookupListener onMessage
INFO: lookup-ans GRRVNWRRA5YPOTR2NJTQK3RXPMJXGKYD 2013-03-15T21:05:12Z 2013-03-15T21:05:45Z 376
Mar 15, 2013 9:05:45 PM net.blogracy.controller.DistributedHashTable$DownloadListener <init>
INFO: download-req GRRVNWRRA5YPOTR2NJTQK3RXPMJXGKYD 2013-03-15T21:05:12Z
Mar 15, 2013 9:05:45 PM net.blogracy.controller.DistributedHashTable$LookupListener onMessage
INFO: lookup-ans GRRVNWRRA5YPOTR2NJTQK3RXPMJXGKYD 2013-03-15T19:10:30Z 2013-03-15T21:05:45Z 389
Mar 15, 2013 9:05:45 PM net.blogracy.controller.DistributedHashTable$LookupListener onMessage
INFO: lookup-ans GRRVNWRRA5YPOTR2NJTQK3RXPMJXGKYD 2013-03-15T19:05:30Z 2013-03-15T21:05:45Z 480
Mar 15, 2013 9:06:24 PM net.blogracy.controller.DistributedHashTable$LookupListener <init>
INFO: lookup-req NUHK7LXC3JZZQ6EB2RKPAXMUYX7DF7UI
Mar 15, 2013 9:06:24 PM net.blogracy.controller.DistributedHashTable$LookupListener onMessage
INFO: lookup-ans NUHK7LXC3JZZQ6EB2RKPAXMUYX7DF7UI 2013-03-15T21:04:21Z 2013-03-15T21:06:24Z 112
Mar 15, 2013 9:06:24 PM net.blogracy.controller.DistributedHashTable$DownloadListener <init>
INFO: download-req NUHK7LXC3JZZQ6EB2RKPAXMUYX7DF7UI 2013-03-15T21:04:21Z
Mar 15, 2013 9:06:24 PM net.blogracy.controller.DistributedHashTable$LookupListener onMessage
INFO: lookup-ans NUHK7LXC3JZZQ6EB2RKPAXMUYX7DF7UI 2013-03-15T19:06:15Z 2013-03-15T21:06:24Z 132
Mar 15, 2013 9:07:04 PM net.blogracy.controller.DistributedHashTable$LookupListener <init>
INFO: lookup-req NZYND2IBFUU2CASIWQ2GFYLCZFN7LPE4
Mar 15, 2013 9:07:05 PM net.blogracy.controller.DistributedHashTable$LookupListener onMessage
INFO: lookup-ans NZYND2IBFUU2CASIWQ2GFYLCZFN7LPE4 2013-03-15T21:06:08Z 2013-03-15T21:07:05Z 525
Mar 15, 2013 9:07:05 PM net.blogracy.controller.DistributedHashTable$DownloadListener <init>
INFO: download-req NZYND2IBFUU2CASIWQ2GFYLCZFN7LPE4 2013-03-15T21:06:08Z
Mar 15, 2013 9:07:05 PM net.blogracy.controller.DistributedHashTable$LookupListener onMessage
INFO: lookup-ans NZYND2IBFUU2CASIWQ2GFYLCZFN7LPE4 2013-03-15T18:43:54Z 2013-03-15T21:07:05Z 540
Mar 15, 2013 9:07:44 PM net.blogracy.controller.DistributedHashTable$LookupListener <init>
INFO: lookup-req GRRVNWRRA5YPOTR2NJTQK3RXPMJXGKYD
Mar 15, 2013 9:07:45 PM net.blogracy.controller.DistributedHashTable$LookupListener onMessage
INFO: lookup-ans GRRVNWRRA5YPOTR2NJTQK3RXPMJXGKYD 2013-03-15T19:05:30Z 2013-03-15T21:07:45Z 363
Mar 15, 2013 9:07:45 PM net.blogracy.controller.DistributedHashTable$LookupListener onMessage
INFO: lookup-ans GRRVNWRRA5YPOTR2NJTQK3RXPMJXGKYD 2013-03-15T21:07:12Z 2013-03-15T21:07:45Z 365
Mar 15, 2013 9:07:45 PM net.blogracy.controller.DistributedHashTable$DownloadListener <init>
INFO: download-req GRRVNWRRA5YPOTR2NJTQK3RXPMJXGKYD 2013-03-15T21:07:12Z
Mar 15, 2013 9:07:56 PM net.blogracy.controller.DistributedHashTable$LookupListener onMessage
INFO: lookup-ans GRRVNWRRA5YPOTR2NJTQK3RXPMJXGKYD 2013-03-15T19:10:30Z 2013-03-15T21:07:56Z 11918
