Mar 15, 2013 8:54:19 PM net.blogracy.controller.DistributedHashTable$LookupListener <init>
INFO: lookup-req H3WGV7IKX35FZNSFJYEZV4VCFQBSAKEL
Mar 15, 2013 8:54:32 PM net.blogracy.controller.DistributedHashTable$LookupListener onMessage
INFO: lookup-ans H3WGV7IKX35FZNSFJYEZV4VCFQBSAKEL 2013-03-15T20:47:44Z 2013-03-15T20:54:32Z 12750
Mar 15, 2013 8:54:32 PM net.blogracy.controller.DistributedHashTable$DownloadListener <init>
INFO: download-req H3WGV7IKX35FZNSFJYEZV4VCFQBSAKEL 2013-03-15T20:47:44Z
Mar 15, 2013 8:54:32 PM net.blogracy.controller.DistributedHashTable$LookupListener onMessage
INFO: lookup-ans H3WGV7IKX35FZNSFJYEZV4VCFQBSAKEL 2013-03-15T13:53:21Z 2013-03-15T20:54:32Z 12804
Mar 15, 2013 8:54:32 PM net.blogracy.controller.DistributedHashTable$DownloadListener <init>
INFO: download-req H3WGV7IKX35FZNSFJYEZV4VCFQBSAKEL 2013-03-15T13:53:21Z
Mar 15, 2013 8:54:32 PM net.blogracy.controller.DistributedHashTable$LookupListener onMessage
INFO: lookup-ans H3WGV7IKX35FZNSFJYEZV4VCFQBSAKEL 2013-03-15T19:06:51Z 2013-03-15T20:54:32Z 12876
Mar 15, 2013 8:54:32 PM net.blogracy.controller.DistributedHashTable$DownloadListener <init>
INFO: download-req H3WGV7IKX35FZNSFJYEZV4VCFQBSAKEL 2013-03-15T19:06:51Z
Mar 15, 2013 8:54:42 PM net.blogracy.controller.DistributedHashTable$LookupListener onMessage
INFO: lookup-ans H3WGV7IKX35FZNSFJYEZV4VCFQBSAKEL 2013-03-15T18:46:08Z 2013-03-15T20:54:42Z 22206
Mar 15, 2013 8:54:42 PM net.blogracy.controller.DistributedHashTable$DownloadListener <init>
INFO: download-req H3WGV7IKX35FZNSFJYEZV4VCFQBSAKEL 2013-03-15T18:46:08Z
Mar 15, 2013 8:54:51 PM net.blogracy.controller.DistributedHashTable$DownloadListener onMessage
INFO: download-ans H3WGV7IKX35FZNSFJYEZV4VCFQBSAKEL 2013-03-15T20:47:44Z 2013-03-15T20:54:51Z 19128  427000 551
Mar 15, 2013 8:54:59 PM net.blogracy.controller.DistributedHashTable$LookupListener <init>
INFO: lookup-req GRRVNWRRA5YPOTR2NJTQK3RXPMJXGKYD
Mar 15, 2013 8:55:00 PM net.blogracy.controller.DistributedHashTable$LookupListener onMessage
INFO: lookup-ans GRRVNWRRA5YPOTR2NJTQK3RXPMJXGKYD 2013-03-15T20:52:40Z 2013-03-15T20:55:00Z 445
Mar 15, 2013 8:55:00 PM net.blogracy.controller.DistributedHashTable$DownloadListener <init>
INFO: download-req GRRVNWRRA5YPOTR2NJTQK3RXPMJXGKYD 2013-03-15T20:52:40Z
Mar 15, 2013 8:55:00 PM net.blogracy.controller.DistributedHashTable$LookupListener onMessage
INFO: lookup-ans GRRVNWRRA5YPOTR2NJTQK3RXPMJXGKYD 2013-03-15T19:05:30Z 2013-03-15T20:55:00Z 514
Mar 15, 2013 8:55:00 PM net.blogracy.controller.DistributedHashTable$DownloadListener <init>
INFO: download-req GRRVNWRRA5YPOTR2NJTQK3RXPMJXGKYD 2013-03-15T19:05:30Z
Mar 15, 2013 8:55:00 PM net.blogracy.controller.DistributedHashTable$LookupListener onMessage
INFO: lookup-ans GRRVNWRRA5YPOTR2NJTQK3RXPMJXGKYD 2013-03-15T19:10:30Z 2013-03-15T20:55:00Z 550
Mar 15, 2013 8:55:00 PM net.blogracy.controller.DistributedHashTable$DownloadListener <init>
INFO: download-req GRRVNWRRA5YPOTR2NJTQK3RXPMJXGKYD 2013-03-15T19:10:30Z
Mar 15, 2013 8:55:00 PM net.blogracy.controller.DistributedHashTable$LookupListener onMessage
INFO: lookup-ans GRRVNWRRA5YPOTR2NJTQK3RXPMJXGKYD 2013-03-15T13:55:43Z 2013-03-15T20:55:00Z 587
Mar 15, 2013 8:55:00 PM net.blogracy.controller.DistributedHashTable$DownloadListener <init>
INFO: download-req GRRVNWRRA5YPOTR2NJTQK3RXPMJXGKYD 2013-03-15T13:55:43Z
Mar 15, 2013 8:55:39 PM net.blogracy.controller.DistributedHashTable$LookupListener <init>
INFO: lookup-req NZYND2IBFUU2CASIWQ2GFYLCZFN7LPE4
Mar 15, 2013 8:55:40 PM net.blogracy.controller.DistributedHashTable$LookupListener onMessage
INFO: lookup-ans NZYND2IBFUU2CASIWQ2GFYLCZFN7LPE4 2013-03-15T20:51:14Z 2013-03-15T20:55:40Z 417
Mar 15, 2013 8:55:40 PM net.blogracy.controller.DistributedHashTable$DownloadListener <init>
INFO: download-req NZYND2IBFUU2CASIWQ2GFYLCZFN7LPE4 2013-03-15T20:51:14Z
Mar 15, 2013 8:55:40 PM net.blogracy.controller.DistributedHashTable$LookupListener onMessage
INFO: lookup-ans NZYND2IBFUU2CASIWQ2GFYLCZFN7LPE4 2013-03-15T18:43:54Z 2013-03-15T20:55:40Z 459
Mar 15, 2013 8:55:40 PM net.blogracy.controller.DistributedHashTable$DownloadListener <init>
INFO: download-req NZYND2IBFUU2CASIWQ2GFYLCZFN7LPE4 2013-03-15T18:43:54Z
Mar 15, 2013 8:55:40 PM net.blogracy.controller.DistributedHashTable$LookupListener onMessage
INFO: lookup-ans NZYND2IBFUU2CASIWQ2GFYLCZFN7LPE4 2013-03-15T20:49:14Z 2013-03-15T20:55:40Z 558
Mar 15, 2013 8:55:40 PM net.blogracy.controller.DistributedHashTable$DownloadListener <init>
INFO: download-req NZYND2IBFUU2CASIWQ2GFYLCZFN7LPE4 2013-03-15T20:49:14Z
Mar 15, 2013 8:56:20 PM net.blogracy.controller.DistributedHashTable$LookupListener <init>
INFO: lookup-req H3WGV7IKX35FZNSFJYEZV4VCFQBSAKEL
Mar 15, 2013 8:56:20 PM net.blogracy.controller.DistributedHashTable$LookupListener onMessage
INFO: lookup-ans H3WGV7IKX35FZNSFJYEZV4VCFQBSAKEL 2013-03-15T20:53:43Z 2013-03-15T20:56:20Z 240
Mar 15, 2013 8:56:20 PM net.blogracy.controller.DistributedHashTable$DownloadListener <init>
INFO: download-req H3WGV7IKX35FZNSFJYEZV4VCFQBSAKEL 2013-03-15T20:53:43Z
Mar 15, 2013 8:56:20 PM net.blogracy.controller.DistributedHashTable$LookupListener onMessage
INFO: lookup-ans H3WGV7IKX35FZNSFJYEZV4VCFQBSAKEL 2013-03-15T13:53:21Z 2013-03-15T20:56:20Z 288
Mar 15, 2013 8:56:20 PM net.blogracy.controller.DistributedHashTable$LookupListener onMessage
INFO: lookup-ans H3WGV7IKX35FZNSFJYEZV4VCFQBSAKEL 2013-03-15T19:06:51Z 2013-03-15T20:56:20Z 295
Mar 15, 2013 8:57:00 PM net.blogracy.controller.DistributedHashTable$LookupListener <init>
INFO: lookup-req GRRVNWRRA5YPOTR2NJTQK3RXPMJXGKYD
Mar 15, 2013 8:57:00 PM net.blogracy.controller.DistributedHashTable$LookupListener onMessage
INFO: lookup-ans GRRVNWRRA5YPOTR2NJTQK3RXPMJXGKYD 2013-03-15T19:10:30Z 2013-03-15T20:57:00Z 413
Mar 15, 2013 8:57:00 PM net.blogracy.controller.DistributedHashTable$DownloadListener <init>
INFO: download-req GRRVNWRRA5YPOTR2NJTQK3RXPMJXGKYD 2013-03-15T19:10:30Z
Mar 15, 2013 8:57:00 PM net.blogracy.controller.DistributedHashTable$LookupListener onMessage
INFO: lookup-ans GRRVNWRRA5YPOTR2NJTQK3RXPMJXGKYD 2013-03-15T20:57:12Z 2013-03-15T20:57:00Z 459
Mar 15, 2013 8:57:00 PM net.blogracy.controller.DistributedHashTable$DownloadListener <init>
INFO: download-req GRRVNWRRA5YPOTR2NJTQK3RXPMJXGKYD 2013-03-15T20:57:12Z
Mar 15, 2013 8:57:00 PM net.blogracy.controller.DistributedHashTable$LookupListener onMessage
INFO: lookup-ans GRRVNWRRA5YPOTR2NJTQK3RXPMJXGKYD 2013-03-15T13:55:43Z 2013-03-15T20:57:00Z 489
Mar 15, 2013 8:57:00 PM net.blogracy.controller.DistributedHashTable$DownloadListener <init>
INFO: download-req GRRVNWRRA5YPOTR2NJTQK3RXPMJXGKYD 2013-03-15T13:55:43Z
Mar 15, 2013 8:57:00 PM net.blogracy.controller.DistributedHashTable$LookupListener onMessage
INFO: lookup-ans GRRVNWRRA5YPOTR2NJTQK3RXPMJXGKYD 2013-03-15T19:05:30Z 2013-03-15T20:57:00Z 514
Mar 15, 2013 8:57:00 PM net.blogracy.controller.DistributedHashTable$DownloadListener <init>
INFO: download-req GRRVNWRRA5YPOTR2NJTQK3RXPMJXGKYD 2013-03-15T19:05:30Z
Mar 15, 2013 8:57:40 PM net.blogracy.controller.DistributedHashTable$LookupListener <init>
INFO: lookup-req NZYND2IBFUU2CASIWQ2GFYLCZFN7LPE4
Mar 15, 2013 8:57:40 PM net.blogracy.controller.DistributedHashTable$LookupListener onMessage
INFO: lookup-ans NZYND2IBFUU2CASIWQ2GFYLCZFN7LPE4 2013-03-15T18:43:54Z 2013-03-15T20:57:40Z 428
Mar 15, 2013 8:57:40 PM net.blogracy.controller.DistributedHashTable$DownloadListener <init>
INFO: download-req NZYND2IBFUU2CASIWQ2GFYLCZFN7LPE4 2013-03-15T18:43:54Z
Mar 15, 2013 8:57:40 PM net.blogracy.controller.DistributedHashTable$LookupListener onMessage
INFO: lookup-ans NZYND2IBFUU2CASIWQ2GFYLCZFN7LPE4 2013-03-15T20:56:07Z 2013-03-15T20:57:40Z 460
Mar 15, 2013 8:57:40 PM net.blogracy.controller.DistributedHashTable$DownloadListener <init>
INFO: download-req NZYND2IBFUU2CASIWQ2GFYLCZFN7LPE4 2013-03-15T20:56:07Z
Mar 15, 2013 8:58:20 PM net.blogracy.controller.DistributedHashTable$LookupListener <init>
INFO: lookup-req H3WGV7IKX35FZNSFJYEZV4VCFQBSAKEL
Mar 15, 2013 8:58:20 PM net.blogracy.controller.DistributedHashTable$LookupListener onMessage
INFO: lookup-ans H3WGV7IKX35FZNSFJYEZV4VCFQBSAKEL 2013-03-15T20:55:44Z 2013-03-15T20:58:20Z 394
Mar 15, 2013 8:58:20 PM net.blogracy.controller.DistributedHashTable$DownloadListener <init>
INFO: download-req H3WGV7IKX35FZNSFJYEZV4VCFQBSAKEL 2013-03-15T20:55:44Z
Mar 15, 2013 8:58:20 PM net.blogracy.controller.DistributedHashTable$LookupListener onMessage
INFO: lookup-ans H3WGV7IKX35FZNSFJYEZV4VCFQBSAKEL 2013-03-15T19:06:51Z 2013-03-15T20:58:20Z 431
Mar 15, 2013 8:58:20 PM net.blogracy.controller.DistributedHashTable$LookupListener onMessage
INFO: lookup-ans H3WGV7IKX35FZNSFJYEZV4VCFQBSAKEL 2013-03-15T13:53:21Z 2013-03-15T20:58:20Z 435
Mar 15, 2013 8:58:21 PM net.blogracy.controller.DistributedHashTable$LookupListener onMessage
INFO: lookup-ans H3WGV7IKX35FZNSFJYEZV4VCFQBSAKEL 2013-03-15T20:53:43Z 2013-03-15T20:58:21Z 646
Mar 15, 2013 8:58:21 PM net.blogracy.controller.DistributedHashTable$DownloadListener <init>
INFO: download-req H3WGV7IKX35FZNSFJYEZV4VCFQBSAKEL 2013-03-15T20:53:43Z
Mar 15, 2013 8:59:00 PM net.blogracy.controller.DistributedHashTable$LookupListener <init>
INFO: lookup-req GRRVNWRRA5YPOTR2NJTQK3RXPMJXGKYD
Mar 15, 2013 8:59:00 PM net.blogracy.controller.DistributedHashTable$LookupListener onMessage
INFO: lookup-ans GRRVNWRRA5YPOTR2NJTQK3RXPMJXGKYD 2013-03-15T13:55:43Z 2013-03-15T20:59:00Z 351
Mar 15, 2013 8:59:00 PM net.blogracy.controller.DistributedHashTable$DownloadListener <init>
INFO: download-req GRRVNWRRA5YPOTR2NJTQK3RXPMJXGKYD 2013-03-15T13:55:43Z
Mar 15, 2013 8:59:00 PM net.blogracy.controller.DistributedHashTable$LookupListener onMessage
INFO: lookup-ans GRRVNWRRA5YPOTR2NJTQK3RXPMJXGKYD 2013-03-15T19:10:30Z 2013-03-15T20:59:00Z 413
Mar 15, 2013 8:59:00 PM net.blogracy.controller.DistributedHashTable$DownloadListener <init>
INFO: download-req GRRVNWRRA5YPOTR2NJTQK3RXPMJXGKYD 2013-03-15T19:10:30Z
Mar 15, 2013 8:59:00 PM net.blogracy.controller.DistributedHashTable$LookupListener onMessage
INFO: lookup-ans GRRVNWRRA5YPOTR2NJTQK3RXPMJXGKYD 2013-03-15T19:05:30Z 2013-03-15T20:59:00Z 470
Mar 15, 2013 8:59:00 PM net.blogracy.controller.DistributedHashTable$DownloadListener <init>
INFO: download-req GRRVNWRRA5YPOTR2NJTQK3RXPMJXGKYD 2013-03-15T19:05:30Z
Mar 15, 2013 8:59:00 PM net.blogracy.controller.DistributedHashTable$LookupListener onMessage
INFO: lookup-ans GRRVNWRRA5YPOTR2NJTQK3RXPMJXGKYD 2013-03-15T20:59:12Z 2013-03-15T20:59:00Z 514
Mar 15, 2013 8:59:00 PM net.blogracy.controller.DistributedHashTable$DownloadListener <init>
INFO: download-req GRRVNWRRA5YPOTR2NJTQK3RXPMJXGKYD 2013-03-15T20:59:12Z
Mar 15, 2013 8:59:00 PM net.blogracy.controller.DistributedHashTable$LookupListener onMessage
INFO: lookup-ans GRRVNWRRA5YPOTR2NJTQK3RXPMJXGKYD 2013-03-15T20:57:12Z 2013-03-15T20:59:00Z 562
Mar 15, 2013 8:59:00 PM net.blogracy.controller.DistributedHashTable$DownloadListener <init>
INFO: download-req GRRVNWRRA5YPOTR2NJTQK3RXPMJXGKYD 2013-03-15T20:57:12Z
Mar 15, 2013 8:59:40 PM net.blogracy.controller.DistributedHashTable$LookupListener <init>
INFO: lookup-req NZYND2IBFUU2CASIWQ2GFYLCZFN7LPE4
Mar 15, 2013 8:59:40 PM net.blogracy.controller.DistributedHashTable$LookupListener onMessage
INFO: lookup-ans NZYND2IBFUU2CASIWQ2GFYLCZFN7LPE4 2013-03-15T20:58:07Z 2013-03-15T20:59:40Z 395
Mar 15, 2013 8:59:40 PM net.blogracy.controller.DistributedHashTable$DownloadListener <init>
INFO: download-req NZYND2IBFUU2CASIWQ2GFYLCZFN7LPE4 2013-03-15T20:58:07Z
Mar 15, 2013 8:59:40 PM net.blogracy.controller.DistributedHashTable$LookupListener onMessage
INFO: lookup-ans NZYND2IBFUU2CASIWQ2GFYLCZFN7LPE4 2013-03-15T18:43:54Z 2013-03-15T20:59:40Z 420
Mar 15, 2013 8:59:40 PM net.blogracy.controller.DistributedHashTable$DownloadListener <init>
INFO: download-req NZYND2IBFUU2CASIWQ2GFYLCZFN7LPE4 2013-03-15T18:43:54Z
Mar 15, 2013 9:00:20 PM net.blogracy.controller.DistributedHashTable$LookupListener <init>
INFO: lookup-req H3WGV7IKX35FZNSFJYEZV4VCFQBSAKEL
Mar 15, 2013 9:00:21 PM net.blogracy.controller.DistributedHashTable$LookupListener onMessage
INFO: lookup-ans H3WGV7IKX35FZNSFJYEZV4VCFQBSAKEL 2013-03-15T19:06:51Z 2013-03-15T21:00:21Z 388
Mar 15, 2013 9:00:21 PM net.blogracy.controller.DistributedHashTable$LookupListener onMessage
INFO: lookup-ans H3WGV7IKX35FZNSFJYEZV4VCFQBSAKEL 2013-03-15T20:57:44Z 2013-03-15T21:00:21Z 420
Mar 15, 2013 9:00:21 PM net.blogracy.controller.DistributedHashTable$DownloadListener <init>
INFO: download-req H3WGV7IKX35FZNSFJYEZV4VCFQBSAKEL 2013-03-15T20:57:44Z
Mar 15, 2013 9:00:21 PM net.blogracy.controller.DistributedHashTable$LookupListener onMessage
INFO: lookup-ans H3WGV7IKX35FZNSFJYEZV4VCFQBSAKEL 2013-03-15T13:53:21Z 2013-03-15T21:00:21Z 442
Mar 15, 2013 9:01:00 PM net.blogracy.controller.DistributedHashTable$LookupListener <init>
INFO: lookup-req GRRVNWRRA5YPOTR2NJTQK3RXPMJXGKYD
Mar 15, 2013 9:01:01 PM net.blogracy.controller.DistributedHashTable$LookupListener onMessage
INFO: lookup-ans GRRVNWRRA5YPOTR2NJTQK3RXPMJXGKYD 2013-03-15T19:05:30Z 2013-03-15T21:01:01Z 255
Mar 15, 2013 9:01:01 PM net.blogracy.controller.DistributedHashTable$DownloadListener <init>
INFO: download-req GRRVNWRRA5YPOTR2NJTQK3RXPMJXGKYD 2013-03-15T19:05:30Z
Mar 15, 2013 9:01:01 PM net.blogracy.controller.DistributedHashTable$LookupListener onMessage
INFO: lookup-ans GRRVNWRRA5YPOTR2NJTQK3RXPMJXGKYD 2013-03-15T21:01:12Z 2013-03-15T21:01:01Z 290
Mar 15, 2013 9:01:01 PM net.blogracy.controller.DistributedHashTable$DownloadListener <init>
INFO: download-req GRRVNWRRA5YPOTR2NJTQK3RXPMJXGKYD 2013-03-15T21:01:12Z
Mar 15, 2013 9:01:01 PM net.blogracy.controller.DistributedHashTable$LookupListener onMessage
INFO: lookup-ans GRRVNWRRA5YPOTR2NJTQK3RXPMJXGKYD 2013-03-15T13:55:43Z 2013-03-15T21:01:01Z 375
Mar 15, 2013 9:01:01 PM net.blogracy.controller.DistributedHashTable$DownloadListener <init>
INFO: download-req GRRVNWRRA5YPOTR2NJTQK3RXPMJXGKYD 2013-03-15T13:55:43Z
Mar 15, 2013 9:01:01 PM net.blogracy.controller.DistributedHashTable$LookupListener onMessage
INFO: lookup-ans GRRVNWRRA5YPOTR2NJTQK3RXPMJXGKYD 2013-03-15T19:10:30Z 2013-03-15T21:01:01Z 408
Mar 15, 2013 9:01:01 PM net.blogracy.controller.DistributedHashTable$DownloadListener <init>
INFO: download-req GRRVNWRRA5YPOTR2NJTQK3RXPMJXGKYD 2013-03-15T19:10:30Z
Mar 15, 2013 9:01:40 PM net.blogracy.controller.DistributedHashTable$LookupListener <init>
INFO: lookup-req NZYND2IBFUU2CASIWQ2GFYLCZFN7LPE4
Mar 15, 2013 9:01:41 PM net.blogracy.controller.DistributedHashTable$LookupListener onMessage
INFO: lookup-ans NZYND2IBFUU2CASIWQ2GFYLCZFN7LPE4 2013-03-15T18:43:54Z 2013-03-15T21:01:41Z 394
Mar 15, 2013 9:01:41 PM net.blogracy.controller.DistributedHashTable$DownloadListener <init>
INFO: download-req NZYND2IBFUU2CASIWQ2GFYLCZFN7LPE4 2013-03-15T18:43:54Z
Mar 15, 2013 9:01:41 PM net.blogracy.controller.DistributedHashTable$LookupListener onMessage
INFO: lookup-ans NZYND2IBFUU2CASIWQ2GFYLCZFN7LPE4 2013-03-15T21:00:07Z 2013-03-15T21:01:41Z 418
Mar 15, 2013 9:01:41 PM net.blogracy.controller.DistributedHashTable$DownloadListener <init>
INFO: download-req NZYND2IBFUU2CASIWQ2GFYLCZFN7LPE4 2013-03-15T21:00:07Z
Mar 15, 2013 9:02:20 PM net.blogracy.controller.DistributedHashTable$LookupListener <init>
INFO: lookup-req H3WGV7IKX35FZNSFJYEZV4VCFQBSAKEL
Mar 15, 2013 9:02:21 PM net.blogracy.controller.DistributedHashTable$LookupListener onMessage
INFO: lookup-ans H3WGV7IKX35FZNSFJYEZV4VCFQBSAKEL 2013-03-15T19:06:51Z 2013-03-15T21:02:21Z 391
Mar 15, 2013 9:02:21 PM net.blogracy.controller.DistributedHashTable$LookupListener onMessage
INFO: lookup-ans H3WGV7IKX35FZNSFJYEZV4VCFQBSAKEL 2013-03-15T20:59:44Z 2013-03-15T21:02:21Z 397
Mar 15, 2013 9:02:21 PM net.blogracy.controller.DistributedHashTable$DownloadListener <init>
INFO: download-req H3WGV7IKX35FZNSFJYEZV4VCFQBSAKEL 2013-03-15T20:59:44Z
Mar 15, 2013 9:02:21 PM net.blogracy.controller.DistributedHashTable$LookupListener onMessage
INFO: lookup-ans H3WGV7IKX35FZNSFJYEZV4VCFQBSAKEL 2013-03-15T13:53:21Z 2013-03-15T21:02:21Z 422
Mar 15, 2013 9:03:00 PM net.blogracy.controller.DistributedHashTable$LookupListener <init>
INFO: lookup-req GRRVNWRRA5YPOTR2NJTQK3RXPMJXGKYD
Mar 15, 2013 9:03:01 PM net.blogracy.controller.DistributedHashTable$LookupListener onMessage
INFO: lookup-ans GRRVNWRRA5YPOTR2NJTQK3RXPMJXGKYD 2013-03-15T19:05:30Z 2013-03-15T21:03:01Z 206
Mar 15, 2013 9:03:01 PM net.blogracy.controller.DistributedHashTable$DownloadListener <init>
INFO: download-req GRRVNWRRA5YPOTR2NJTQK3RXPMJXGKYD 2013-03-15T19:05:30Z
Mar 15, 2013 9:03:01 PM net.blogracy.controller.DistributedHashTable$LookupListener onMessage
INFO: lookup-ans GRRVNWRRA5YPOTR2NJTQK3RXPMJXGKYD 2013-03-15T21:03:12Z 2013-03-15T21:03:01Z 228
Mar 15, 2013 9:03:01 PM net.blogracy.controller.DistributedHashTable$DownloadListener <init>
INFO: download-req GRRVNWRRA5YPOTR2NJTQK3RXPMJXGKYD 2013-03-15T21:03:12Z
Mar 15, 2013 9:03:01 PM net.blogracy.controller.DistributedHashTable$LookupListener onMessage
INFO: lookup-ans GRRVNWRRA5YPOTR2NJTQK3RXPMJXGKYD 2013-03-15T19:10:30Z 2013-03-15T21:03:01Z 517
Mar 15, 2013 9:03:01 PM net.blogracy.controller.DistributedHashTable$DownloadListener <init>
INFO: download-req GRRVNWRRA5YPOTR2NJTQK3RXPMJXGKYD 2013-03-15T19:10:30Z
Mar 15, 2013 9:03:41 PM net.blogracy.controller.DistributedHashTable$LookupListener <init>
INFO: lookup-req NZYND2IBFUU2CASIWQ2GFYLCZFN7LPE4
Mar 15, 2013 9:03:41 PM net.blogracy.controller.DistributedHashTable$LookupListener onMessage
INFO: lookup-ans NZYND2IBFUU2CASIWQ2GFYLCZFN7LPE4 2013-03-15T21:02:08Z 2013-03-15T21:03:41Z 418
Mar 15, 2013 9:03:41 PM net.blogracy.controller.DistributedHashTable$DownloadListener <init>
INFO: download-req NZYND2IBFUU2CASIWQ2GFYLCZFN7LPE4 2013-03-15T21:02:08Z
Mar 15, 2013 9:03:41 PM net.blogracy.controller.DistributedHashTable$LookupListener onMessage
INFO: lookup-ans NZYND2IBFUU2CASIWQ2GFYLCZFN7LPE4 2013-03-15T18:43:54Z 2013-03-15T21:03:41Z 446
Mar 15, 2013 9:03:41 PM net.blogracy.controller.DistributedHashTable$DownloadListener <init>
INFO: download-req NZYND2IBFUU2CASIWQ2GFYLCZFN7LPE4 2013-03-15T18:43:54Z
Mar 15, 2013 9:04:21 PM net.blogracy.controller.DistributedHashTable$LookupListener <init>
INFO: lookup-req H3WGV7IKX35FZNSFJYEZV4VCFQBSAKEL
Mar 15, 2013 9:04:21 PM net.blogracy.controller.DistributedHashTable$LookupListener onMessage
INFO: lookup-ans H3WGV7IKX35FZNSFJYEZV4VCFQBSAKEL 2013-03-15T21:01:44Z 2013-03-15T21:04:21Z 220
Mar 15, 2013 9:04:21 PM net.blogracy.controller.DistributedHashTable$DownloadListener <init>
INFO: download-req H3WGV7IKX35FZNSFJYEZV4VCFQBSAKEL 2013-03-15T21:01:44Z
Mar 15, 2013 9:04:21 PM net.blogracy.controller.DistributedHashTable$LookupListener onMessage
INFO: lookup-ans H3WGV7IKX35FZNSFJYEZV4VCFQBSAKEL 2013-03-15T13:53:21Z 2013-03-15T21:04:21Z 245
Mar 15, 2013 9:04:21 PM net.blogracy.controller.DistributedHashTable$LookupListener onMessage
INFO: lookup-ans H3WGV7IKX35FZNSFJYEZV4VCFQBSAKEL 2013-03-15T19:06:51Z 2013-03-15T21:04:21Z 251
Mar 15, 2013 9:04:22 PM net.blogracy.controller.DistributedHashTable$LookupListener onMessage
INFO: lookup-ans H3WGV7IKX35FZNSFJYEZV4VCFQBSAKEL 2013-03-15T20:59:44Z 2013-03-15T21:04:22Z 850
Mar 15, 2013 9:04:22 PM net.blogracy.controller.DistributedHashTable$DownloadListener <init>
INFO: download-req H3WGV7IKX35FZNSFJYEZV4VCFQBSAKEL 2013-03-15T20:59:44Z
Mar 15, 2013 9:05:01 PM net.blogracy.controller.DistributedHashTable$LookupListener <init>
INFO: lookup-req GRRVNWRRA5YPOTR2NJTQK3RXPMJXGKYD
Mar 15, 2013 9:05:01 PM net.blogracy.controller.DistributedHashTable$LookupListener onMessage
INFO: lookup-ans GRRVNWRRA5YPOTR2NJTQK3RXPMJXGKYD 2013-03-15T19:05:30Z 2013-03-15T21:05:01Z 296
Mar 15, 2013 9:05:01 PM net.blogracy.controller.DistributedHashTable$DownloadListener <init>
INFO: download-req GRRVNWRRA5YPOTR2NJTQK3RXPMJXGKYD 2013-03-15T19:05:30Z
Mar 15, 2013 9:05:01 PM net.blogracy.controller.DistributedHashTable$LookupListener onMessage
INFO: lookup-ans GRRVNWRRA5YPOTR2NJTQK3RXPMJXGKYD 2013-03-15T21:05:12Z 2013-03-15T21:05:01Z 336
Mar 15, 2013 9:05:01 PM net.blogracy.controller.DistributedHashTable$DownloadListener <init>
INFO: download-req GRRVNWRRA5YPOTR2NJTQK3RXPMJXGKYD 2013-03-15T21:05:12Z
Mar 15, 2013 9:05:01 PM net.blogracy.controller.DistributedHashTable$LookupListener onMessage
INFO: lookup-ans GRRVNWRRA5YPOTR2NJTQK3RXPMJXGKYD 2013-03-15T19:10:30Z 2013-03-15T21:05:01Z 461
Mar 15, 2013 9:05:01 PM net.blogracy.controller.DistributedHashTable$DownloadListener <init>
INFO: download-req GRRVNWRRA5YPOTR2NJTQK3RXPMJXGKYD 2013-03-15T19:10:30Z
Mar 15, 2013 9:05:41 PM net.blogracy.controller.DistributedHashTable$LookupListener <init>
INFO: lookup-req NZYND2IBFUU2CASIWQ2GFYLCZFN7LPE4
Mar 15, 2013 9:05:41 PM net.blogracy.controller.DistributedHashTable$LookupListener onMessage
INFO: lookup-ans NZYND2IBFUU2CASIWQ2GFYLCZFN7LPE4 2013-03-15T21:04:08Z 2013-03-15T21:05:41Z 462
Mar 15, 2013 9:05:41 PM net.blogracy.controller.DistributedHashTable$DownloadListener <init>
INFO: download-req NZYND2IBFUU2CASIWQ2GFYLCZFN7LPE4 2013-03-15T21:04:08Z
Mar 15, 2013 9:05:41 PM net.blogracy.controller.DistributedHashTable$LookupListener onMessage
INFO: lookup-ans NZYND2IBFUU2CASIWQ2GFYLCZFN7LPE4 2013-03-15T18:43:54Z 2013-03-15T21:05:41Z 488
Mar 15, 2013 9:05:41 PM net.blogracy.controller.DistributedHashTable$DownloadListener <init>
INFO: download-req NZYND2IBFUU2CASIWQ2GFYLCZFN7LPE4 2013-03-15T18:43:54Z
Mar 15, 2013 9:06:21 PM net.blogracy.controller.DistributedHashTable$LookupListener <init>
INFO: lookup-req H3WGV7IKX35FZNSFJYEZV4VCFQBSAKEL
Mar 15, 2013 9:06:21 PM net.blogracy.controller.DistributedHashTable$LookupListener onMessage
INFO: lookup-ans H3WGV7IKX35FZNSFJYEZV4VCFQBSAKEL 2013-03-15T21:03:44Z 2013-03-15T21:06:21Z 259
Mar 15, 2013 9:06:21 PM net.blogracy.controller.DistributedHashTable$DownloadListener <init>
INFO: download-req H3WGV7IKX35FZNSFJYEZV4VCFQBSAKEL 2013-03-15T21:03:44Z
Mar 15, 2013 9:06:21 PM net.blogracy.controller.DistributedHashTable$LookupListener onMessage
INFO: lookup-ans H3WGV7IKX35FZNSFJYEZV4VCFQBSAKEL 2013-03-15T13:53:21Z 2013-03-15T21:06:21Z 299
Mar 15, 2013 9:06:21 PM net.blogracy.controller.DistributedHashTable$LookupListener onMessage
INFO: lookup-ans H3WGV7IKX35FZNSFJYEZV4VCFQBSAKEL 2013-03-15T19:06:51Z 2013-03-15T21:06:21Z 300
Mar 15, 2013 9:07:01 PM net.blogracy.controller.DistributedHashTable$LookupListener <init>
INFO: lookup-req GRRVNWRRA5YPOTR2NJTQK3RXPMJXGKYD
Mar 15, 2013 9:07:01 PM net.blogracy.controller.DistributedHashTable$LookupListener onMessage
INFO: lookup-ans GRRVNWRRA5YPOTR2NJTQK3RXPMJXGKYD 2013-03-15T19:05:30Z 2013-03-15T21:07:01Z 218
Mar 15, 2013 9:07:01 PM net.blogracy.controller.DistributedHashTable$DownloadListener <init>
INFO: download-req GRRVNWRRA5YPOTR2NJTQK3RXPMJXGKYD 2013-03-15T19:05:30Z
Mar 15, 2013 9:07:01 PM net.blogracy.controller.DistributedHashTable$LookupListener onMessage
INFO: lookup-ans GRRVNWRRA5YPOTR2NJTQK3RXPMJXGKYD 2013-03-15T21:07:12Z 2013-03-15T21:07:01Z 258
Mar 15, 2013 9:07:01 PM net.blogracy.controller.DistributedHashTable$DownloadListener <init>
INFO: download-req GRRVNWRRA5YPOTR2NJTQK3RXPMJXGKYD 2013-03-15T21:07:12Z
Mar 15, 2013 9:07:01 PM net.blogracy.controller.DistributedHashTable$LookupListener onMessage
INFO: lookup-ans GRRVNWRRA5YPOTR2NJTQK3RXPMJXGKYD 2013-03-15T19:10:30Z 2013-03-15T21:07:01Z 440
Mar 15, 2013 9:07:01 PM net.blogracy.controller.DistributedHashTable$DownloadListener <init>
INFO: download-req GRRVNWRRA5YPOTR2NJTQK3RXPMJXGKYD 2013-03-15T19:10:30Z
Mar 15, 2013 9:07:41 PM net.blogracy.controller.DistributedHashTable$LookupListener <init>
INFO: lookup-req NZYND2IBFUU2CASIWQ2GFYLCZFN7LPE4
Mar 15, 2013 9:07:41 PM net.blogracy.controller.DistributedHashTable$LookupListener onMessage
INFO: lookup-ans NZYND2IBFUU2CASIWQ2GFYLCZFN7LPE4 2013-03-15T21:06:08Z 2013-03-15T21:07:41Z 401
Mar 15, 2013 9:07:41 PM net.blogracy.controller.DistributedHashTable$DownloadListener <init>
INFO: download-req NZYND2IBFUU2CASIWQ2GFYLCZFN7LPE4 2013-03-15T21:06:08Z
Mar 15, 2013 9:07:41 PM net.blogracy.controller.DistributedHashTable$LookupListener onMessage
INFO: lookup-ans NZYND2IBFUU2CASIWQ2GFYLCZFN7LPE4 2013-03-15T18:43:54Z 2013-03-15T21:07:41Z 429
Mar 15, 2013 9:07:41 PM net.blogracy.controller.DistributedHashTable$DownloadListener <init>
INFO: download-req NZYND2IBFUU2CASIWQ2GFYLCZFN7LPE4 2013-03-15T18:43:54Z
Mar 15, 2013 9:08:21 PM net.blogracy.controller.DistributedHashTable$LookupListener <init>
INFO: lookup-req H3WGV7IKX35FZNSFJYEZV4VCFQBSAKEL
Mar 15, 2013 9:08:22 PM net.blogracy.controller.DistributedHashTable$LookupListener onMessage
INFO: lookup-ans H3WGV7IKX35FZNSFJYEZV4VCFQBSAKEL 2013-03-15T21:05:44Z 2013-03-15T21:08:22Z 340
Mar 15, 2013 9:08:22 PM net.blogracy.controller.DistributedHashTable$DownloadListener <init>
INFO: download-req H3WGV7IKX35FZNSFJYEZV4VCFQBSAKEL 2013-03-15T21:05:44Z
Mar 15, 2013 9:08:22 PM net.blogracy.controller.DistributedHashTable$LookupListener onMessage
INFO: lookup-ans H3WGV7IKX35FZNSFJYEZV4VCFQBSAKEL 2013-03-15T19:06:51Z 2013-03-15T21:08:22Z 375
Mar 15, 2013 9:08:22 PM net.blogracy.controller.DistributedHashTable$LookupListener onMessage
INFO: lookup-ans H3WGV7IKX35FZNSFJYEZV4VCFQBSAKEL 2013-03-15T13:53:21Z 2013-03-15T21:08:22Z 376
