Mar 15, 2013 3:27:11 PM net.blogracy.controller.DistributedHashTable$LookupListener <init>
INFO: lookup-req OL65LQYSH3BAO6TGPHZIFC72WVGFD6PR
Mar 15, 2013 3:27:12 PM net.blogracy.controller.DistributedHashTable$LookupListener onMessage
INFO: lookup-ans OL65LQYSH3BAO6TGPHZIFC72WVGFD6PR 2013-03-15T15:17:26Z 2013-03-15T15:27:12Z 490
Mar 15, 2013 3:27:12 PM net.blogracy.controller.DistributedHashTable$DownloadListener <init>
INFO: download-req OL65LQYSH3BAO6TGPHZIFC72WVGFD6PR 2013-03-15T15:17:26Z
Mar 15, 2013 3:27:12 PM net.blogracy.controller.DistributedHashTable$LookupListener onMessage
INFO: lookup-ans OL65LQYSH3BAO6TGPHZIFC72WVGFD6PR 2013-03-15T13:51:26Z 2013-03-15T15:27:12Z 528
Mar 15, 2013 3:27:12 PM net.blogracy.controller.DistributedHashTable$DownloadListener <init>
INFO: download-req OL65LQYSH3BAO6TGPHZIFC72WVGFD6PR 2013-03-15T13:51:26Z
Mar 15, 2013 3:27:12 PM net.blogracy.controller.DistributedHashTable$LookupListener onMessage
INFO: lookup-ans OL65LQYSH3BAO6TGPHZIFC72WVGFD6PR 2013-03-15T10:53:19Z 2013-03-15T15:27:12Z 629
Mar 15, 2013 3:27:12 PM net.blogracy.controller.DistributedHashTable$DownloadListener <init>
INFO: download-req OL65LQYSH3BAO6TGPHZIFC72WVGFD6PR 2013-03-15T10:53:19Z
Mar 15, 2013 3:27:12 PM net.blogracy.controller.DistributedHashTable$LookupListener onMessage
INFO: lookup-ans OL65LQYSH3BAO6TGPHZIFC72WVGFD6PR 2013-03-15T13:58:24Z 2013-03-15T15:27:12Z 659
Mar 15, 2013 3:27:12 PM net.blogracy.controller.DistributedHashTable$DownloadListener <init>
INFO: download-req OL65LQYSH3BAO6TGPHZIFC72WVGFD6PR 2013-03-15T13:58:24Z
Mar 15, 2013 3:27:12 PM net.blogracy.controller.DistributedHashTable$LookupListener onMessage
INFO: lookup-ans OL65LQYSH3BAO6TGPHZIFC72WVGFD6PR 2013-03-15T10:28:19Z 2013-03-15T15:27:12Z 704
Mar 15, 2013 3:27:12 PM net.blogracy.controller.DistributedHashTable$DownloadListener <init>
INFO: download-req OL65LQYSH3BAO6TGPHZIFC72WVGFD6PR 2013-03-15T10:28:19Z
Mar 15, 2013 3:27:12 PM net.blogracy.controller.DistributedHashTable$LookupListener onMessage
INFO: lookup-ans OL65LQYSH3BAO6TGPHZIFC72WVGFD6PR 2013-03-15T10:48:19Z 2013-03-15T15:27:12Z 854
Mar 15, 2013 3:27:12 PM net.blogracy.controller.DistributedHashTable$DownloadListener <init>
INFO: download-req OL65LQYSH3BAO6TGPHZIFC72WVGFD6PR 2013-03-15T10:48:19Z
Mar 15, 2013 3:27:15 PM net.blogracy.controller.DistributedHashTable$LookupListener onMessage
INFO: lookup-ans OL65LQYSH3BAO6TGPHZIFC72WVGFD6PR 2013-03-15T09:33:17Z 2013-03-15T15:27:15Z 3968
Mar 15, 2013 3:27:15 PM net.blogracy.controller.DistributedHashTable$DownloadListener <init>
INFO: download-req OL65LQYSH3BAO6TGPHZIFC72WVGFD6PR 2013-03-15T09:33:17Z
Mar 15, 2013 3:27:25 PM net.blogracy.controller.DistributedHashTable$LookupListener <init>
INFO: lookup-req 734RO6HILBSFN7TZMLELFXELO3NKEQPG
Mar 15, 2013 3:27:31 PM net.blogracy.controller.DistributedHashTable$LookupListener onMessage
INFO: lookup-ans 734RO6HILBSFN7TZMLELFXELO3NKEQPG 2013-03-15T13:59:35Z 2013-03-15T15:27:31Z 5636
Mar 15, 2013 3:27:31 PM net.blogracy.controller.DistributedHashTable$DownloadListener <init>
INFO: download-req 734RO6HILBSFN7TZMLELFXELO3NKEQPG 2013-03-15T13:59:35Z
Mar 15, 2013 3:27:31 PM net.blogracy.controller.DistributedHashTable$LookupListener onMessage
INFO: lookup-ans 734RO6HILBSFN7TZMLELFXELO3NKEQPG 2013-03-15T15:17:24Z 2013-03-15T15:27:31Z 5710
Mar 15, 2013 3:27:31 PM net.blogracy.controller.DistributedHashTable$DownloadListener <init>
INFO: download-req 734RO6HILBSFN7TZMLELFXELO3NKEQPG 2013-03-15T15:17:24Z
Mar 15, 2013 3:27:31 PM net.blogracy.controller.DistributedHashTable$LookupListener onMessage
INFO: lookup-ans 734RO6HILBSFN7TZMLELFXELO3NKEQPG 2013-03-15T10:53:42Z 2013-03-15T15:27:31Z 5745
Mar 15, 2013 3:27:31 PM net.blogracy.controller.DistributedHashTable$DownloadListener <init>
INFO: download-req 734RO6HILBSFN7TZMLELFXELO3NKEQPG 2013-03-15T10:53:42Z
Mar 15, 2013 3:27:40 PM net.blogracy.controller.DistributedHashTable$LookupListener <init>
INFO: lookup-req ZFV32TGQMAYUCBI6TNT6NDNVK3OCV3E4
Mar 15, 2013 3:27:52 PM net.blogracy.controller.DistributedHashTable$LookupListener onMessage
INFO: lookup-ans ZFV32TGQMAYUCBI6TNT6NDNVK3OCV3E4 2013-03-15T10:50:22Z 2013-03-15T15:27:52Z 12497
Mar 15, 2013 3:27:52 PM net.blogracy.controller.DistributedHashTable$DownloadListener <init>
INFO: download-req ZFV32TGQMAYUCBI6TNT6NDNVK3OCV3E4 2013-03-15T10:50:22Z
Mar 15, 2013 3:27:52 PM net.blogracy.controller.DistributedHashTable$LookupListener onMessage
INFO: lookup-ans ZFV32TGQMAYUCBI6TNT6NDNVK3OCV3E4 2013-03-15T13:55:10Z 2013-03-15T15:27:52Z 12516
Mar 15, 2013 3:27:52 PM net.blogracy.controller.DistributedHashTable$DownloadListener <init>
INFO: download-req ZFV32TGQMAYUCBI6TNT6NDNVK3OCV3E4 2013-03-15T13:55:10Z
Mar 15, 2013 3:27:53 PM net.blogracy.controller.DistributedHashTable$LookupListener onMessage
INFO: lookup-ans ZFV32TGQMAYUCBI6TNT6NDNVK3OCV3E4 2013-03-15T13:50:09Z 2013-03-15T15:27:53Z 13104
Mar 15, 2013 3:27:53 PM net.blogracy.controller.DistributedHashTable$DownloadListener <init>
INFO: download-req ZFV32TGQMAYUCBI6TNT6NDNVK3OCV3E4 2013-03-15T13:50:09Z
Mar 15, 2013 3:27:54 PM net.blogracy.controller.DistributedHashTable$LookupListener <init>
INFO: lookup-req O2LNUOSQV6AMEJPEGJG7OVPK2XZQV3ZE
Mar 15, 2013 3:27:54 PM net.blogracy.controller.DistributedHashTable$LookupListener onMessage
INFO: lookup-ans O2LNUOSQV6AMEJPEGJG7OVPK2XZQV3ZE 2013-03-15T15:17:22Z 2013-03-15T15:27:54Z 231
Mar 15, 2013 3:27:54 PM net.blogracy.controller.DistributedHashTable$DownloadListener <init>
INFO: download-req O2LNUOSQV6AMEJPEGJG7OVPK2XZQV3ZE 2013-03-15T15:17:22Z
Mar 15, 2013 3:27:54 PM net.blogracy.controller.DistributedHashTable$LookupListener onMessage
INFO: lookup-ans O2LNUOSQV6AMEJPEGJG7OVPK2XZQV3ZE 2013-03-15T10:54:33Z 2013-03-15T15:27:54Z 258
Mar 15, 2013 3:27:54 PM net.blogracy.controller.DistributedHashTable$DownloadListener <init>
INFO: download-req O2LNUOSQV6AMEJPEGJG7OVPK2XZQV3ZE 2013-03-15T10:54:33Z
Mar 15, 2013 3:27:54 PM net.blogracy.controller.DistributedHashTable$LookupListener onMessage
INFO: lookup-ans O2LNUOSQV6AMEJPEGJG7OVPK2XZQV3ZE 2013-03-15T13:58:34Z 2013-03-15T15:27:54Z 301
Mar 15, 2013 3:27:54 PM net.blogracy.controller.DistributedHashTable$DownloadListener <init>
INFO: download-req O2LNUOSQV6AMEJPEGJG7OVPK2XZQV3ZE 2013-03-15T13:58:34Z
Mar 15, 2013 3:28:08 PM net.blogracy.controller.DistributedHashTable$LookupListener <init>
INFO: lookup-req RPVEPPTQV6G357V6OCZ4RSFBRAFAP3HM
Mar 15, 2013 3:28:09 PM net.blogracy.controller.DistributedHashTable$LookupListener onMessage
INFO: lookup-ans RPVEPPTQV6G357V6OCZ4RSFBRAFAP3HM 2013-03-15T15:18:10Z 2013-03-15T15:28:09Z 653
Mar 15, 2013 3:28:09 PM net.blogracy.controller.DistributedHashTable$DownloadListener <init>
INFO: download-req RPVEPPTQV6G357V6OCZ4RSFBRAFAP3HM 2013-03-15T15:18:10Z
Mar 15, 2013 3:28:23 PM net.blogracy.controller.DistributedHashTable$LookupListener <init>
INFO: lookup-req 3B73BAT64GOB5DR7NXD7IRSR4Z7GIK4E
Mar 15, 2013 3:28:23 PM net.blogracy.controller.DistributedHashTable$LookupListener onMessage
INFO: lookup-ans 3B73BAT64GOB5DR7NXD7IRSR4Z7GIK4E 2013-03-15T15:16:10Z 2013-03-15T15:28:23Z 411
Mar 15, 2013 3:28:23 PM net.blogracy.controller.DistributedHashTable$DownloadListener <init>
INFO: download-req 3B73BAT64GOB5DR7NXD7IRSR4Z7GIK4E 2013-03-15T15:16:10Z
Mar 15, 2013 3:28:23 PM net.blogracy.controller.DistributedHashTable$LookupListener onMessage
INFO: lookup-ans 3B73BAT64GOB5DR7NXD7IRSR4Z7GIK4E 2013-03-15T11:35:24Z 2013-03-15T15:28:23Z 434
Mar 15, 2013 3:28:23 PM net.blogracy.controller.DistributedHashTable$DownloadListener <init>
INFO: download-req 3B73BAT64GOB5DR7NXD7IRSR4Z7GIK4E 2013-03-15T11:35:24Z
Mar 15, 2013 3:28:37 PM net.blogracy.controller.DistributedHashTable$LookupListener <init>
INFO: lookup-req QF57FG6NEFT7PHOEIFHV734DS7DAMSD2
Mar 15, 2013 3:28:37 PM net.blogracy.controller.DistributedHashTable$LookupListener onMessage
INFO: lookup-ans QF57FG6NEFT7PHOEIFHV734DS7DAMSD2 2013-03-15T13:54:38Z 2013-03-15T15:28:37Z 282
Mar 15, 2013 3:28:37 PM net.blogracy.controller.DistributedHashTable$DownloadListener <init>
INFO: download-req QF57FG6NEFT7PHOEIFHV734DS7DAMSD2 2013-03-15T13:54:38Z
Mar 15, 2013 3:28:51 PM net.blogracy.controller.DistributedHashTable$LookupListener <init>
INFO: lookup-req H3WGV7IKX35FZNSFJYEZV4VCFQBSAKEL
Mar 15, 2013 3:28:52 PM net.blogracy.controller.DistributedHashTable$LookupListener onMessage
INFO: lookup-ans H3WGV7IKX35FZNSFJYEZV4VCFQBSAKEL 2013-03-15T13:53:21Z 2013-03-15T15:28:52Z 541
Mar 15, 2013 3:28:52 PM net.blogracy.controller.DistributedHashTable$DownloadListener <init>
INFO: download-req H3WGV7IKX35FZNSFJYEZV4VCFQBSAKEL 2013-03-15T13:53:21Z
Mar 15, 2013 3:28:52 PM net.blogracy.controller.DistributedHashTable$LookupListener onMessage
INFO: lookup-ans H3WGV7IKX35FZNSFJYEZV4VCFQBSAKEL 2013-03-15T15:27:00Z 2013-03-15T15:28:52Z 556
Mar 15, 2013 3:28:52 PM net.blogracy.controller.DistributedHashTable$DownloadListener <init>
INFO: download-req H3WGV7IKX35FZNSFJYEZV4VCFQBSAKEL 2013-03-15T15:27:00Z
Mar 15, 2013 3:29:06 PM net.blogracy.controller.DistributedHashTable$LookupListener <init>
INFO: lookup-req JZY6QFFDO2J4RQXM6QEFAMCKPOBHYFWR
Mar 15, 2013 3:29:06 PM net.blogracy.controller.DistributedHashTable$LookupListener onMessage
INFO: lookup-ans JZY6QFFDO2J4RQXM6QEFAMCKPOBHYFWR 2013-03-15T15:24:20Z 2013-03-15T15:29:06Z 571
Mar 15, 2013 3:29:06 PM net.blogracy.controller.DistributedHashTable$DownloadListener <init>
INFO: download-req JZY6QFFDO2J4RQXM6QEFAMCKPOBHYFWR 2013-03-15T15:24:20Z
Mar 15, 2013 3:29:06 PM net.blogracy.controller.DistributedHashTable$LookupListener onMessage
INFO: lookup-ans JZY6QFFDO2J4RQXM6QEFAMCKPOBHYFWR 2013-03-15T13:58:25Z 2013-03-15T15:29:06Z 600
Mar 15, 2013 3:29:06 PM net.blogracy.controller.DistributedHashTable$DownloadListener <init>
INFO: download-req JZY6QFFDO2J4RQXM6QEFAMCKPOBHYFWR 2013-03-15T13:58:25Z
Mar 15, 2013 3:29:07 PM net.blogracy.controller.DistributedHashTable$LookupListener onMessage
INFO: lookup-ans JZY6QFFDO2J4RQXM6QEFAMCKPOBHYFWR 2013-03-15T15:12:02Z 2013-03-15T15:29:07Z 830
Mar 15, 2013 3:29:07 PM net.blogracy.controller.DistributedHashTable$DownloadListener <init>
INFO: download-req JZY6QFFDO2J4RQXM6QEFAMCKPOBHYFWR 2013-03-15T15:12:02Z
Mar 15, 2013 3:29:20 PM net.blogracy.controller.DistributedHashTable$LookupListener <init>
INFO: lookup-req IIFTPYF2OOSC7OUXFHS6JFLCSWAADAGJ
Mar 15, 2013 3:29:20 PM net.blogracy.controller.DistributedHashTable$LookupListener onMessage
INFO: lookup-ans IIFTPYF2OOSC7OUXFHS6JFLCSWAADAGJ 2013-03-15T13:59:26Z 2013-03-15T15:29:20Z 286
Mar 15, 2013 3:29:20 PM net.blogracy.controller.DistributedHashTable$DownloadListener <init>
INFO: download-req IIFTPYF2OOSC7OUXFHS6JFLCSWAADAGJ 2013-03-15T13:59:26Z
Mar 15, 2013 3:29:20 PM net.blogracy.controller.DistributedHashTable$LookupListener onMessage
INFO: lookup-ans IIFTPYF2OOSC7OUXFHS6JFLCSWAADAGJ 2013-03-15T15:27:59Z 2013-03-15T15:29:20Z 322
Mar 15, 2013 3:29:20 PM net.blogracy.controller.DistributedHashTable$DownloadListener <init>
INFO: download-req IIFTPYF2OOSC7OUXFHS6JFLCSWAADAGJ 2013-03-15T15:27:59Z
Mar 15, 2013 3:29:21 PM net.blogracy.controller.DistributedHashTable$LookupListener onMessage
INFO: lookup-ans IIFTPYF2OOSC7OUXFHS6JFLCSWAADAGJ 2013-03-15T15:19:17Z 2013-03-15T15:29:21Z 636
Mar 15, 2013 3:29:21 PM net.blogracy.controller.DistributedHashTable$DownloadListener <init>
INFO: download-req IIFTPYF2OOSC7OUXFHS6JFLCSWAADAGJ 2013-03-15T15:19:17Z
Mar 15, 2013 3:29:34 PM net.blogracy.controller.DistributedHashTable$LookupListener <init>
INFO: lookup-req REHV2GKZR6BI6E66667LFTNPF42XF5QG
Mar 15, 2013 3:29:35 PM net.blogracy.controller.DistributedHashTable$LookupListener onMessage
INFO: lookup-ans REHV2GKZR6BI6E66667LFTNPF42XF5QG 2013-03-15T13:55:20Z 2013-03-15T15:29:35Z 417
Mar 15, 2013 3:29:35 PM net.blogracy.controller.DistributedHashTable$DownloadListener <init>
INFO: download-req REHV2GKZR6BI6E66667LFTNPF42XF5QG 2013-03-15T13:55:20Z
Mar 15, 2013 3:29:35 PM net.blogracy.controller.DistributedHashTable$LookupListener onMessage
INFO: lookup-ans REHV2GKZR6BI6E66667LFTNPF42XF5QG 2013-03-15T15:26:52Z 2013-03-15T15:29:35Z 432
Mar 15, 2013 3:29:35 PM net.blogracy.controller.DistributedHashTable$DownloadListener <init>
INFO: download-req REHV2GKZR6BI6E66667LFTNPF42XF5QG 2013-03-15T15:26:52Z
Mar 15, 2013 3:29:49 PM net.blogracy.controller.DistributedHashTable$LookupListener <init>
INFO: lookup-req GRRVNWRRA5YPOTR2NJTQK3RXPMJXGKYD
Mar 15, 2013 3:29:49 PM net.blogracy.controller.DistributedHashTable$LookupListener onMessage
INFO: lookup-ans GRRVNWRRA5YPOTR2NJTQK3RXPMJXGKYD 2013-03-15T15:27:22Z 2013-03-15T15:29:49Z 345
Mar 15, 2013 3:29:49 PM net.blogracy.controller.DistributedHashTable$DownloadListener <init>
INFO: download-req GRRVNWRRA5YPOTR2NJTQK3RXPMJXGKYD 2013-03-15T15:27:22Z
Mar 15, 2013 3:29:49 PM net.blogracy.controller.DistributedHashTable$LookupListener onMessage
INFO: lookup-ans GRRVNWRRA5YPOTR2NJTQK3RXPMJXGKYD 2013-03-15T13:55:43Z 2013-03-15T15:29:49Z 374
Mar 15, 2013 3:29:49 PM net.blogracy.controller.DistributedHashTable$DownloadListener <init>
INFO: download-req GRRVNWRRA5YPOTR2NJTQK3RXPMJXGKYD 2013-03-15T13:55:43Z
Mar 15, 2013 3:29:49 PM net.blogracy.controller.DistributedHashTable$LookupListener onMessage
INFO: lookup-ans GRRVNWRRA5YPOTR2NJTQK3RXPMJXGKYD 2013-03-15T13:50:43Z 2013-03-15T15:29:49Z 404
Mar 15, 2013 3:29:49 PM net.blogracy.controller.DistributedHashTable$DownloadListener <init>
INFO: download-req GRRVNWRRA5YPOTR2NJTQK3RXPMJXGKYD 2013-03-15T13:50:43Z
Mar 15, 2013 3:29:49 PM net.blogracy.controller.DistributedHashTable$LookupListener onMessage
INFO: lookup-ans GRRVNWRRA5YPOTR2NJTQK3RXPMJXGKYD 2013-03-15T15:21:31Z 2013-03-15T15:29:49Z 512
Mar 15, 2013 3:29:49 PM net.blogracy.controller.DistributedHashTable$DownloadListener <init>
INFO: download-req GRRVNWRRA5YPOTR2NJTQK3RXPMJXGKYD 2013-03-15T15:21:31Z
Mar 15, 2013 3:30:03 PM net.blogracy.controller.DistributedHashTable$LookupListener <init>
INFO: lookup-req HPQLSAFOTHT5XCF6AXRN65UWQXL75VUB
Mar 15, 2013 3:30:17 PM net.blogracy.controller.DistributedHashTable$LookupListener <init>
INFO: lookup-req NUHK7LXC3JZZQ6EB2RKPAXMUYX7DF7UI
Mar 15, 2013 3:30:18 PM net.blogracy.controller.DistributedHashTable$LookupListener onMessage
INFO: lookup-ans NUHK7LXC3JZZQ6EB2RKPAXMUYX7DF7UI 2013-03-15T15:27:37Z 2013-03-15T15:30:18Z 557
Mar 15, 2013 3:30:18 PM net.blogracy.controller.DistributedHashTable$DownloadListener <init>
INFO: download-req NUHK7LXC3JZZQ6EB2RKPAXMUYX7DF7UI 2013-03-15T15:27:37Z
Mar 15, 2013 3:30:32 PM net.blogracy.controller.DistributedHashTable$LookupListener <init>
INFO: lookup-req YXD54PHMST7F6XYMRUQLDRPLP6Y6SRNB
Mar 15, 2013 3:30:32 PM net.blogracy.controller.DistributedHashTable$LookupListener onMessage
INFO: lookup-ans YXD54PHMST7F6XYMRUQLDRPLP6Y6SRNB 2013-03-15T15:14:22Z 2013-03-15T15:30:32Z 628
Mar 15, 2013 3:30:32 PM net.blogracy.controller.DistributedHashTable$DownloadListener <init>
INFO: download-req YXD54PHMST7F6XYMRUQLDRPLP6Y6SRNB 2013-03-15T15:14:22Z
Mar 15, 2013 3:30:46 PM net.blogracy.controller.DistributedHashTable$LookupListener <init>
INFO: lookup-req 572ZWE3WA7Y4FO3XQSKJS4ML56OPR2PR
Mar 15, 2013 3:31:00 PM net.blogracy.controller.DistributedHashTable$LookupListener <init>
INFO: lookup-req SC5MBBBISROYHFVVJVDK7E3SHNCWYJAC
Mar 15, 2013 3:31:01 PM net.blogracy.controller.DistributedHashTable$LookupListener onMessage
INFO: lookup-ans SC5MBBBISROYHFVVJVDK7E3SHNCWYJAC 2013-03-15T15:14:55Z 2013-03-15T15:31:01Z 325
Mar 15, 2013 3:31:01 PM net.blogracy.controller.DistributedHashTable$DownloadListener <init>
INFO: download-req SC5MBBBISROYHFVVJVDK7E3SHNCWYJAC 2013-03-15T15:14:55Z
Mar 15, 2013 3:31:14 PM net.blogracy.controller.DistributedHashTable$LookupListener <init>
INFO: lookup-req ZQGMNDNSCMPFM5U25GRXYJTTB5SYLW7Z
Mar 15, 2013 3:31:15 PM net.blogracy.controller.DistributedHashTable$LookupListener onMessage
INFO: lookup-ans ZQGMNDNSCMPFM5U25GRXYJTTB5SYLW7Z 2013-03-15T15:17:05Z 2013-03-15T15:31:15Z 588
Mar 15, 2013 3:31:15 PM net.blogracy.controller.DistributedHashTable$DownloadListener <init>
INFO: download-req ZQGMNDNSCMPFM5U25GRXYJTTB5SYLW7Z 2013-03-15T15:17:05Z
Mar 15, 2013 3:31:29 PM net.blogracy.controller.DistributedHashTable$LookupListener <init>
INFO: lookup-req BIL23WT5G35TOPAG4J6WZ6TYG4YSJ3FD
Mar 15, 2013 3:31:29 PM net.blogracy.controller.DistributedHashTable$LookupListener onMessage
INFO: lookup-ans BIL23WT5G35TOPAG4J6WZ6TYG4YSJ3FD 2013-03-15T15:09:02Z 2013-03-15T15:31:29Z 427
Mar 15, 2013 3:31:29 PM net.blogracy.controller.DistributedHashTable$DownloadListener <init>
INFO: download-req BIL23WT5G35TOPAG4J6WZ6TYG4YSJ3FD 2013-03-15T15:09:02Z
Mar 15, 2013 3:31:29 PM net.blogracy.controller.DistributedHashTable$LookupListener onMessage
INFO: lookup-ans BIL23WT5G35TOPAG4J6WZ6TYG4YSJ3FD 2013-03-15T15:14:03Z 2013-03-15T15:31:29Z 662
Mar 15, 2013 3:31:29 PM net.blogracy.controller.DistributedHashTable$DownloadListener <init>
INFO: download-req BIL23WT5G35TOPAG4J6WZ6TYG4YSJ3FD 2013-03-15T15:14:03Z
Mar 15, 2013 3:31:43 PM net.blogracy.controller.DistributedHashTable$LookupListener <init>
INFO: lookup-req SWI7C4YMQI563SVAW53AJHTB5LRITAGF
Mar 15, 2013 3:31:43 PM net.blogracy.controller.DistributedHashTable$LookupListener onMessage
INFO: lookup-ans SWI7C4YMQI563SVAW53AJHTB5LRITAGF 2013-03-15T15:27:08Z 2013-03-15T15:31:43Z 398
Mar 15, 2013 3:31:43 PM net.blogracy.controller.DistributedHashTable$DownloadListener <init>
INFO: download-req SWI7C4YMQI563SVAW53AJHTB5LRITAGF 2013-03-15T15:27:08Z
Mar 15, 2013 3:31:57 PM net.blogracy.controller.DistributedHashTable$LookupListener <init>
INFO: lookup-req LDXIBS5B7I2LVRVKJGQK52WMMSHWJGK5
Mar 15, 2013 3:31:58 PM net.blogracy.controller.DistributedHashTable$LookupListener onMessage
INFO: lookup-ans LDXIBS5B7I2LVRVKJGQK52WMMSHWJGK5 2013-03-15T15:30:20Z 2013-03-15T15:31:58Z 332
Mar 15, 2013 3:31:58 PM net.blogracy.controller.DistributedHashTable$DownloadListener <init>
INFO: download-req LDXIBS5B7I2LVRVKJGQK52WMMSHWJGK5 2013-03-15T15:30:20Z
Mar 15, 2013 3:32:12 PM net.blogracy.controller.DistributedHashTable$LookupListener <init>
INFO: lookup-req OL65LQYSH3BAO6TGPHZIFC72WVGFD6PR
Mar 15, 2013 3:32:12 PM net.blogracy.controller.DistributedHashTable$LookupListener onMessage
INFO: lookup-ans OL65LQYSH3BAO6TGPHZIFC72WVGFD6PR 2013-03-15T15:26:13Z 2013-03-15T15:32:12Z 473
Mar 15, 2013 3:32:12 PM net.blogracy.controller.DistributedHashTable$DownloadListener <init>
INFO: download-req OL65LQYSH3BAO6TGPHZIFC72WVGFD6PR 2013-03-15T15:26:13Z
Mar 15, 2013 3:32:12 PM net.blogracy.controller.DistributedHashTable$LookupListener onMessage
INFO: lookup-ans OL65LQYSH3BAO6TGPHZIFC72WVGFD6PR 2013-03-15T13:51:26Z 2013-03-15T15:32:12Z 583
Mar 15, 2013 3:32:12 PM net.blogracy.controller.DistributedHashTable$DownloadListener <init>
INFO: download-req OL65LQYSH3BAO6TGPHZIFC72WVGFD6PR 2013-03-15T13:51:26Z
Mar 15, 2013 3:32:12 PM net.blogracy.controller.DistributedHashTable$LookupListener onMessage
INFO: lookup-ans OL65LQYSH3BAO6TGPHZIFC72WVGFD6PR 2013-03-15T10:53:19Z 2013-03-15T15:32:12Z 613
Mar 15, 2013 3:32:12 PM net.blogracy.controller.DistributedHashTable$DownloadListener <init>
INFO: download-req OL65LQYSH3BAO6TGPHZIFC72WVGFD6PR 2013-03-15T10:53:19Z
Mar 15, 2013 3:32:13 PM net.blogracy.controller.DistributedHashTable$LookupListener onMessage
INFO: lookup-ans OL65LQYSH3BAO6TGPHZIFC72WVGFD6PR 2013-03-15T13:58:24Z 2013-03-15T15:32:13Z 702
Mar 15, 2013 3:32:13 PM net.blogracy.controller.DistributedHashTable$DownloadListener <init>
INFO: download-req OL65LQYSH3BAO6TGPHZIFC72WVGFD6PR 2013-03-15T13:58:24Z
Mar 15, 2013 3:32:13 PM net.blogracy.controller.DistributedHashTable$LookupListener onMessage
INFO: lookup-ans OL65LQYSH3BAO6TGPHZIFC72WVGFD6PR 2013-03-15T10:28:19Z 2013-03-15T15:32:13Z 715
Mar 15, 2013 3:32:13 PM net.blogracy.controller.DistributedHashTable$DownloadListener <init>
INFO: download-req OL65LQYSH3BAO6TGPHZIFC72WVGFD6PR 2013-03-15T10:28:19Z
Mar 15, 2013 3:32:13 PM net.blogracy.controller.DistributedHashTable$LookupListener onMessage
INFO: lookup-ans OL65LQYSH3BAO6TGPHZIFC72WVGFD6PR 2013-03-15T10:48:19Z 2013-03-15T15:32:13Z 761
Mar 15, 2013 3:32:13 PM net.blogracy.controller.DistributedHashTable$DownloadListener <init>
INFO: download-req OL65LQYSH3BAO6TGPHZIFC72WVGFD6PR 2013-03-15T10:48:19Z
Mar 15, 2013 3:32:16 PM net.blogracy.controller.DistributedHashTable$LookupListener onMessage
INFO: lookup-ans OL65LQYSH3BAO6TGPHZIFC72WVGFD6PR 2013-03-15T09:33:17Z 2013-03-15T15:32:16Z 4015
Mar 15, 2013 3:32:16 PM net.blogracy.controller.DistributedHashTable$DownloadListener <init>
INFO: download-req OL65LQYSH3BAO6TGPHZIFC72WVGFD6PR 2013-03-15T09:33:17Z
Mar 15, 2013 3:32:26 PM net.blogracy.controller.DistributedHashTable$LookupListener <init>
INFO: lookup-req 734RO6HILBSFN7TZMLELFXELO3NKEQPG
Mar 15, 2013 3:32:26 PM net.blogracy.controller.DistributedHashTable$LookupListener onMessage
INFO: lookup-ans 734RO6HILBSFN7TZMLELFXELO3NKEQPG 2013-03-15T10:53:42Z 2013-03-15T15:32:26Z 140
Mar 15, 2013 3:32:26 PM net.blogracy.controller.DistributedHashTable$DownloadListener <init>
INFO: download-req 734RO6HILBSFN7TZMLELFXELO3NKEQPG 2013-03-15T10:53:42Z
Mar 15, 2013 3:32:26 PM net.blogracy.controller.DistributedHashTable$LookupListener onMessage
INFO: lookup-ans 734RO6HILBSFN7TZMLELFXELO3NKEQPG 2013-03-15T15:30:48Z 2013-03-15T15:32:26Z 154
Mar 15, 2013 3:32:26 PM net.blogracy.controller.DistributedHashTable$DownloadListener <init>
INFO: download-req 734RO6HILBSFN7TZMLELFXELO3NKEQPG 2013-03-15T15:30:48Z
Mar 15, 2013 3:32:26 PM net.blogracy.controller.DistributedHashTable$LookupListener onMessage
INFO: lookup-ans 734RO6HILBSFN7TZMLELFXELO3NKEQPG 2013-03-15T13:59:35Z 2013-03-15T15:32:26Z 174
Mar 15, 2013 3:32:26 PM net.blogracy.controller.DistributedHashTable$DownloadListener <init>
INFO: download-req 734RO6HILBSFN7TZMLELFXELO3NKEQPG 2013-03-15T13:59:35Z
Mar 15, 2013 3:32:26 PM net.blogracy.controller.DistributedHashTable$LookupListener onMessage
INFO: lookup-ans 734RO6HILBSFN7TZMLELFXELO3NKEQPG 2013-03-15T15:12:20Z 2013-03-15T15:32:26Z 192
Mar 15, 2013 3:32:26 PM net.blogracy.controller.DistributedHashTable$DownloadListener <init>
INFO: download-req 734RO6HILBSFN7TZMLELFXELO3NKEQPG 2013-03-15T15:12:20Z
Mar 15, 2013 3:32:40 PM net.blogracy.controller.DistributedHashTable$LookupListener <init>
INFO: lookup-req ZFV32TGQMAYUCBI6TNT6NDNVK3OCV3E4
Mar 15, 2013 3:32:41 PM net.blogracy.controller.DistributedHashTable$LookupListener onMessage
INFO: lookup-ans ZFV32TGQMAYUCBI6TNT6NDNVK3OCV3E4 2013-03-15T13:50:09Z 2013-03-15T15:32:41Z 312
Mar 15, 2013 3:32:41 PM net.blogracy.controller.DistributedHashTable$DownloadListener <init>
INFO: download-req ZFV32TGQMAYUCBI6TNT6NDNVK3OCV3E4 2013-03-15T13:50:09Z
Mar 15, 2013 3:32:41 PM net.blogracy.controller.DistributedHashTable$LookupListener onMessage
INFO: lookup-ans ZFV32TGQMAYUCBI6TNT6NDNVK3OCV3E4 2013-03-15T10:50:22Z 2013-03-15T15:32:41Z 339
Mar 15, 2013 3:32:41 PM net.blogracy.controller.DistributedHashTable$DownloadListener <init>
INFO: download-req ZFV32TGQMAYUCBI6TNT6NDNVK3OCV3E4 2013-03-15T10:50:22Z
Mar 15, 2013 3:32:41 PM net.blogracy.controller.DistributedHashTable$LookupListener onMessage
INFO: lookup-ans ZFV32TGQMAYUCBI6TNT6NDNVK3OCV3E4 2013-03-15T13:55:10Z 2013-03-15T15:32:41Z 352
Mar 15, 2013 3:32:41 PM net.blogracy.controller.DistributedHashTable$DownloadListener <init>
INFO: download-req ZFV32TGQMAYUCBI6TNT6NDNVK3OCV3E4 2013-03-15T13:55:10Z
Mar 15, 2013 3:32:55 PM net.blogracy.controller.DistributedHashTable$LookupListener <init>
INFO: lookup-req O2LNUOSQV6AMEJPEGJG7OVPK2XZQV3ZE
Mar 15, 2013 3:33:08 PM net.blogracy.controller.DistributedHashTable$LookupListener onMessage
INFO: lookup-ans O2LNUOSQV6AMEJPEGJG7OVPK2XZQV3ZE 2013-03-15T15:26:37Z 2013-03-15T15:33:08Z 13656
Mar 15, 2013 3:33:08 PM net.blogracy.controller.DistributedHashTable$DownloadListener <init>
INFO: download-req O2LNUOSQV6AMEJPEGJG7OVPK2XZQV3ZE 2013-03-15T15:26:37Z
Mar 15, 2013 3:33:08 PM net.blogracy.controller.DistributedHashTable$LookupListener onMessage
INFO: lookup-ans O2LNUOSQV6AMEJPEGJG7OVPK2XZQV3ZE 2013-03-15T10:54:33Z 2013-03-15T15:33:08Z 13694
Mar 15, 2013 3:33:08 PM net.blogracy.controller.DistributedHashTable$DownloadListener <init>
INFO: download-req O2LNUOSQV6AMEJPEGJG7OVPK2XZQV3ZE 2013-03-15T10:54:33Z
Mar 15, 2013 3:33:08 PM net.blogracy.controller.DistributedHashTable$LookupListener onMessage
INFO: lookup-ans O2LNUOSQV6AMEJPEGJG7OVPK2XZQV3ZE 2013-03-15T13:58:34Z 2013-03-15T15:33:08Z 13727
Mar 15, 2013 3:33:08 PM net.blogracy.controller.DistributedHashTable$DownloadListener <init>
INFO: download-req O2LNUOSQV6AMEJPEGJG7OVPK2XZQV3ZE 2013-03-15T13:58:34Z
Mar 15, 2013 3:33:09 PM net.blogracy.controller.DistributedHashTable$LookupListener <init>
INFO: lookup-req RPVEPPTQV6G357V6OCZ4RSFBRAFAP3HM
Mar 15, 2013 3:33:09 PM net.blogracy.controller.DistributedHashTable$LookupListener onMessage
INFO: lookup-ans RPVEPPTQV6G357V6OCZ4RSFBRAFAP3HM 2013-03-15T15:18:10Z 2013-03-15T15:33:09Z 370
Mar 15, 2013 3:33:09 PM net.blogracy.controller.DistributedHashTable$DownloadListener <init>
INFO: download-req RPVEPPTQV6G357V6OCZ4RSFBRAFAP3HM 2013-03-15T15:18:10Z
Mar 15, 2013 3:33:23 PM net.blogracy.controller.DistributedHashTable$LookupListener <init>
INFO: lookup-req 3B73BAT64GOB5DR7NXD7IRSR4Z7GIK4E
Mar 15, 2013 3:33:24 PM net.blogracy.controller.DistributedHashTable$LookupListener onMessage
INFO: lookup-ans 3B73BAT64GOB5DR7NXD7IRSR4Z7GIK4E 2013-03-15T15:16:10Z 2013-03-15T15:33:24Z 554
Mar 15, 2013 3:33:24 PM net.blogracy.controller.DistributedHashTable$DownloadListener <init>
INFO: download-req 3B73BAT64GOB5DR7NXD7IRSR4Z7GIK4E 2013-03-15T15:16:10Z
Mar 15, 2013 3:33:24 PM net.blogracy.controller.DistributedHashTable$LookupListener onMessage
INFO: lookup-ans 3B73BAT64GOB5DR7NXD7IRSR4Z7GIK4E 2013-03-15T11:35:24Z 2013-03-15T15:33:24Z 569
Mar 15, 2013 3:33:24 PM net.blogracy.controller.DistributedHashTable$DownloadListener <init>
INFO: download-req 3B73BAT64GOB5DR7NXD7IRSR4Z7GIK4E 2013-03-15T11:35:24Z
Mar 15, 2013 3:33:38 PM net.blogracy.controller.DistributedHashTable$LookupListener <init>
INFO: lookup-req QF57FG6NEFT7PHOEIFHV734DS7DAMSD2
Mar 15, 2013 3:33:38 PM net.blogracy.controller.DistributedHashTable$LookupListener onMessage
INFO: lookup-ans QF57FG6NEFT7PHOEIFHV734DS7DAMSD2 2013-03-15T15:27:26Z 2013-03-15T15:33:38Z 506
Mar 15, 2013 3:33:38 PM net.blogracy.controller.DistributedHashTable$DownloadListener <init>
INFO: download-req QF57FG6NEFT7PHOEIFHV734DS7DAMSD2 2013-03-15T15:27:26Z
Mar 15, 2013 3:33:38 PM net.blogracy.controller.DistributedHashTable$LookupListener onMessage
INFO: lookup-ans QF57FG6NEFT7PHOEIFHV734DS7DAMSD2 2013-03-15T13:54:38Z 2013-03-15T15:33:38Z 521
Mar 15, 2013 3:33:38 PM net.blogracy.controller.DistributedHashTable$DownloadListener <init>
INFO: download-req QF57FG6NEFT7PHOEIFHV734DS7DAMSD2 2013-03-15T13:54:38Z
Mar 15, 2013 3:33:52 PM net.blogracy.controller.DistributedHashTable$LookupListener <init>
INFO: lookup-req H3WGV7IKX35FZNSFJYEZV4VCFQBSAKEL
Mar 15, 2013 3:33:53 PM net.blogracy.controller.DistributedHashTable$LookupListener onMessage
INFO: lookup-ans H3WGV7IKX35FZNSFJYEZV4VCFQBSAKEL 2013-03-15T13:53:21Z 2013-03-15T15:33:53Z 752
Mar 15, 2013 3:33:53 PM net.blogracy.controller.DistributedHashTable$DownloadListener <init>
INFO: download-req H3WGV7IKX35FZNSFJYEZV4VCFQBSAKEL 2013-03-15T13:53:21Z
Mar 15, 2013 3:33:53 PM net.blogracy.controller.DistributedHashTable$LookupListener onMessage
INFO: lookup-ans H3WGV7IKX35FZNSFJYEZV4VCFQBSAKEL 2013-03-15T15:32:01Z 2013-03-15T15:33:53Z 770
Mar 15, 2013 3:33:53 PM net.blogracy.controller.DistributedHashTable$DownloadListener <init>
INFO: download-req H3WGV7IKX35FZNSFJYEZV4VCFQBSAKEL 2013-03-15T15:32:01Z
Mar 15, 2013 3:34:06 PM net.blogracy.controller.DistributedHashTable$LookupListener <init>
INFO: lookup-req JZY6QFFDO2J4RQXM6QEFAMCKPOBHYFWR
Mar 15, 2013 3:34:07 PM net.blogracy.controller.DistributedHashTable$LookupListener onMessage
INFO: lookup-ans JZY6QFFDO2J4RQXM6QEFAMCKPOBHYFWR 2013-03-15T15:12:02Z 2013-03-15T15:34:07Z 343
Mar 15, 2013 3:34:07 PM net.blogracy.controller.DistributedHashTable$DownloadListener <init>
INFO: download-req JZY6QFFDO2J4RQXM6QEFAMCKPOBHYFWR 2013-03-15T15:12:02Z
Mar 15, 2013 3:34:07 PM net.blogracy.controller.DistributedHashTable$LookupListener onMessage
INFO: lookup-ans JZY6QFFDO2J4RQXM6QEFAMCKPOBHYFWR 2013-03-15T13:58:25Z 2013-03-15T15:34:07Z 358
Mar 15, 2013 3:34:07 PM net.blogracy.controller.DistributedHashTable$DownloadListener <init>
INFO: download-req JZY6QFFDO2J4RQXM6QEFAMCKPOBHYFWR 2013-03-15T13:58:25Z
Mar 15, 2013 3:34:07 PM net.blogracy.controller.DistributedHashTable$LookupListener onMessage
INFO: lookup-ans JZY6QFFDO2J4RQXM6QEFAMCKPOBHYFWR 2013-03-15T15:29:21Z 2013-03-15T15:34:07Z 578
Mar 15, 2013 3:34:07 PM net.blogracy.controller.DistributedHashTable$DownloadListener <init>
INFO: download-req JZY6QFFDO2J4RQXM6QEFAMCKPOBHYFWR 2013-03-15T15:29:21Z
Mar 15, 2013 3:34:21 PM net.blogracy.controller.DistributedHashTable$LookupListener <init>
INFO: lookup-req IIFTPYF2OOSC7OUXFHS6JFLCSWAADAGJ
Mar 15, 2013 3:34:21 PM net.blogracy.controller.DistributedHashTable$LookupListener onMessage
INFO: lookup-ans IIFTPYF2OOSC7OUXFHS6JFLCSWAADAGJ 2013-03-15T15:19:17Z 2013-03-15T15:34:21Z 289
Mar 15, 2013 3:34:21 PM net.blogracy.controller.DistributedHashTable$DownloadListener <init>
INFO: download-req IIFTPYF2OOSC7OUXFHS6JFLCSWAADAGJ 2013-03-15T15:19:17Z
Mar 15, 2013 3:34:21 PM net.blogracy.controller.DistributedHashTable$LookupListener onMessage
INFO: lookup-ans IIFTPYF2OOSC7OUXFHS6JFLCSWAADAGJ 2013-03-15T13:50:50Z 2013-03-15T15:34:21Z 307
Mar 15, 2013 3:34:21 PM net.blogracy.controller.DistributedHashTable$DownloadListener <init>
INFO: download-req IIFTPYF2OOSC7OUXFHS6JFLCSWAADAGJ 2013-03-15T13:50:50Z
Mar 15, 2013 3:34:21 PM net.blogracy.controller.DistributedHashTable$LookupListener onMessage
INFO: lookup-ans IIFTPYF2OOSC7OUXFHS6JFLCSWAADAGJ 2013-03-15T15:27:59Z 2013-03-15T15:34:21Z 374
Mar 15, 2013 3:34:21 PM net.blogracy.controller.DistributedHashTable$DownloadListener <init>
INFO: download-req IIFTPYF2OOSC7OUXFHS6JFLCSWAADAGJ 2013-03-15T15:27:59Z
Mar 15, 2013 3:34:21 PM net.blogracy.controller.DistributedHashTable$LookupListener onMessage
INFO: lookup-ans IIFTPYF2OOSC7OUXFHS6JFLCSWAADAGJ 2013-03-15T13:59:26Z 2013-03-15T15:34:21Z 394
Mar 15, 2013 3:34:21 PM net.blogracy.controller.DistributedHashTable$DownloadListener <init>
INFO: download-req IIFTPYF2OOSC7OUXFHS6JFLCSWAADAGJ 2013-03-15T13:59:26Z
Mar 15, 2013 3:34:35 PM net.blogracy.controller.DistributedHashTable$LookupListener <init>
INFO: lookup-req REHV2GKZR6BI6E66667LFTNPF42XF5QG
Mar 15, 2013 3:34:35 PM net.blogracy.controller.DistributedHashTable$LookupListener onMessage
INFO: lookup-ans REHV2GKZR6BI6E66667LFTNPF42XF5QG 2013-03-15T13:55:20Z 2013-03-15T15:34:35Z 291
Mar 15, 2013 3:34:35 PM net.blogracy.controller.DistributedHashTable$DownloadListener <init>
INFO: download-req REHV2GKZR6BI6E66667LFTNPF42XF5QG 2013-03-15T13:55:20Z
Mar 15, 2013 3:34:35 PM net.blogracy.controller.DistributedHashTable$LookupListener onMessage
INFO: lookup-ans REHV2GKZR6BI6E66667LFTNPF42XF5QG 2013-03-15T15:31:54Z 2013-03-15T15:34:35Z 306
Mar 15, 2013 3:34:35 PM net.blogracy.controller.DistributedHashTable$DownloadListener <init>
INFO: download-req REHV2GKZR6BI6E66667LFTNPF42XF5QG 2013-03-15T15:31:54Z
Mar 15, 2013 3:34:49 PM net.blogracy.controller.DistributedHashTable$LookupListener <init>
INFO: lookup-req GRRVNWRRA5YPOTR2NJTQK3RXPMJXGKYD
Mar 15, 2013 3:34:49 PM net.blogracy.controller.DistributedHashTable$LookupListener onMessage
INFO: lookup-ans GRRVNWRRA5YPOTR2NJTQK3RXPMJXGKYD 2013-03-15T15:27:22Z 2013-03-15T15:34:49Z 248
Mar 15, 2013 3:34:49 PM net.blogracy.controller.DistributedHashTable$DownloadListener <init>
INFO: download-req GRRVNWRRA5YPOTR2NJTQK3RXPMJXGKYD 2013-03-15T15:27:22Z
Mar 15, 2013 3:34:49 PM net.blogracy.controller.DistributedHashTable$LookupListener onMessage
INFO: lookup-ans GRRVNWRRA5YPOTR2NJTQK3RXPMJXGKYD 2013-03-15T13:55:43Z 2013-03-15T15:34:49Z 264
Mar 15, 2013 3:34:49 PM net.blogracy.controller.DistributedHashTable$DownloadListener <init>
INFO: download-req GRRVNWRRA5YPOTR2NJTQK3RXPMJXGKYD 2013-03-15T13:55:43Z
Mar 15, 2013 3:34:49 PM net.blogracy.controller.DistributedHashTable$LookupListener onMessage
INFO: lookup-ans GRRVNWRRA5YPOTR2NJTQK3RXPMJXGKYD 2013-03-15T15:32:23Z 2013-03-15T15:34:49Z 295
Mar 15, 2013 3:34:49 PM net.blogracy.controller.DistributedHashTable$DownloadListener <init>
INFO: download-req GRRVNWRRA5YPOTR2NJTQK3RXPMJXGKYD 2013-03-15T15:32:23Z
Mar 15, 2013 3:34:49 PM net.blogracy.controller.DistributedHashTable$LookupListener onMessage
INFO: lookup-ans GRRVNWRRA5YPOTR2NJTQK3RXPMJXGKYD 2013-03-15T13:50:43Z 2013-03-15T15:34:49Z 308
Mar 15, 2013 3:34:49 PM net.blogracy.controller.DistributedHashTable$DownloadListener <init>
INFO: download-req GRRVNWRRA5YPOTR2NJTQK3RXPMJXGKYD 2013-03-15T13:50:43Z
Mar 15, 2013 3:35:03 PM net.blogracy.controller.DistributedHashTable$LookupListener <init>
INFO: lookup-req HPQLSAFOTHT5XCF6AXRN65UWQXL75VUB
Mar 15, 2013 3:35:18 PM net.blogracy.controller.DistributedHashTable$LookupListener <init>
INFO: lookup-req NUHK7LXC3JZZQ6EB2RKPAXMUYX7DF7UI
Mar 15, 2013 3:35:18 PM net.blogracy.controller.DistributedHashTable$LookupListener onMessage
INFO: lookup-ans NUHK7LXC3JZZQ6EB2RKPAXMUYX7DF7UI 2013-03-15T15:32:38Z 2013-03-15T15:35:18Z 264
Mar 15, 2013 3:35:18 PM net.blogracy.controller.DistributedHashTable$DownloadListener <init>
INFO: download-req NUHK7LXC3JZZQ6EB2RKPAXMUYX7DF7UI 2013-03-15T15:32:38Z
Mar 15, 2013 3:35:32 PM net.blogracy.controller.DistributedHashTable$LookupListener <init>
INFO: lookup-req YXD54PHMST7F6XYMRUQLDRPLP6Y6SRNB
Mar 15, 2013 3:35:32 PM net.blogracy.controller.DistributedHashTable$LookupListener onMessage
INFO: lookup-ans YXD54PHMST7F6XYMRUQLDRPLP6Y6SRNB 2013-03-15T15:14:22Z 2013-03-15T15:35:32Z 382
Mar 15, 2013 3:35:32 PM net.blogracy.controller.DistributedHashTable$DownloadListener <init>
INFO: download-req YXD54PHMST7F6XYMRUQLDRPLP6Y6SRNB 2013-03-15T15:14:22Z
Mar 15, 2013 3:35:46 PM net.blogracy.controller.DistributedHashTable$LookupListener <init>
INFO: lookup-req 572ZWE3WA7Y4FO3XQSKJS4ML56OPR2PR
Mar 15, 2013 3:36:01 PM net.blogracy.controller.DistributedHashTable$LookupListener <init>
INFO: lookup-req SC5MBBBISROYHFVVJVDK7E3SHNCWYJAC
Mar 15, 2013 3:36:01 PM net.blogracy.controller.DistributedHashTable$LookupListener onMessage
INFO: lookup-ans SC5MBBBISROYHFVVJVDK7E3SHNCWYJAC 2013-03-15T15:14:55Z 2013-03-15T15:36:01Z 345
Mar 15, 2013 3:36:01 PM net.blogracy.controller.DistributedHashTable$DownloadListener <init>
INFO: download-req SC5MBBBISROYHFVVJVDK7E3SHNCWYJAC 2013-03-15T15:14:55Z
Mar 15, 2013 3:36:15 PM net.blogracy.controller.DistributedHashTable$LookupListener <init>
INFO: lookup-req ZQGMNDNSCMPFM5U25GRXYJTTB5SYLW7Z
Mar 15, 2013 3:36:15 PM net.blogracy.controller.DistributedHashTable$LookupListener onMessage
INFO: lookup-ans ZQGMNDNSCMPFM5U25GRXYJTTB5SYLW7Z 2013-03-15T15:17:05Z 2013-03-15T15:36:15Z 438
Mar 15, 2013 3:36:15 PM net.blogracy.controller.DistributedHashTable$DownloadListener <init>
INFO: download-req ZQGMNDNSCMPFM5U25GRXYJTTB5SYLW7Z 2013-03-15T15:17:05Z
Mar 15, 2013 3:36:29 PM net.blogracy.controller.DistributedHashTable$LookupListener <init>
INFO: lookup-req BIL23WT5G35TOPAG4J6WZ6TYG4YSJ3FD
Mar 15, 2013 3:36:30 PM net.blogracy.controller.DistributedHashTable$LookupListener onMessage
INFO: lookup-ans BIL23WT5G35TOPAG4J6WZ6TYG4YSJ3FD 2013-03-15T15:09:02Z 2013-03-15T15:36:30Z 403
Mar 15, 2013 3:36:30 PM net.blogracy.controller.DistributedHashTable$DownloadListener <init>
INFO: download-req BIL23WT5G35TOPAG4J6WZ6TYG4YSJ3FD 2013-03-15T15:09:02Z
Mar 15, 2013 3:36:30 PM net.blogracy.controller.DistributedHashTable$LookupListener onMessage
INFO: lookup-ans BIL23WT5G35TOPAG4J6WZ6TYG4YSJ3FD 2013-03-15T15:14:03Z 2013-03-15T15:36:30Z 636
Mar 15, 2013 3:36:30 PM net.blogracy.controller.DistributedHashTable$DownloadListener <init>
INFO: download-req BIL23WT5G35TOPAG4J6WZ6TYG4YSJ3FD 2013-03-15T15:14:03Z
Mar 15, 2013 3:36:43 PM net.blogracy.controller.DistributedHashTable$LookupListener <init>
INFO: lookup-req SWI7C4YMQI563SVAW53AJHTB5LRITAGF
Mar 15, 2013 3:36:44 PM net.blogracy.controller.DistributedHashTable$LookupListener onMessage
INFO: lookup-ans SWI7C4YMQI563SVAW53AJHTB5LRITAGF 2013-03-15T15:32:10Z 2013-03-15T15:36:44Z 436
Mar 15, 2013 3:36:44 PM net.blogracy.controller.DistributedHashTable$DownloadListener <init>
INFO: download-req SWI7C4YMQI563SVAW53AJHTB5LRITAGF 2013-03-15T15:32:10Z
Mar 15, 2013 3:36:58 PM net.blogracy.controller.DistributedHashTable$LookupListener <init>
INFO: lookup-req LDXIBS5B7I2LVRVKJGQK52WMMSHWJGK5
Mar 15, 2013 3:36:58 PM net.blogracy.controller.DistributedHashTable$LookupListener onMessage
INFO: lookup-ans LDXIBS5B7I2LVRVKJGQK52WMMSHWJGK5 2013-03-15T15:35:23Z 2013-03-15T15:36:58Z 234
Mar 15, 2013 3:36:58 PM net.blogracy.controller.DistributedHashTable$DownloadListener <init>
INFO: download-req LDXIBS5B7I2LVRVKJGQK52WMMSHWJGK5 2013-03-15T15:35:23Z
Mar 15, 2013 3:36:59 PM net.blogracy.controller.DistributedHashTable$LookupListener onMessage
INFO: lookup-ans LDXIBS5B7I2LVRVKJGQK52WMMSHWJGK5 2013-03-15T15:30:20Z 2013-03-15T15:36:59Z 1219
Mar 15, 2013 3:36:59 PM net.blogracy.controller.DistributedHashTable$DownloadListener <init>
INFO: download-req LDXIBS5B7I2LVRVKJGQK52WMMSHWJGK5 2013-03-15T15:30:20Z
