Mar 15, 2013 3:24:20 PM net.blogracy.controller.DistributedHashTable$LookupListener <init>
INFO: lookup-req OL65LQYSH3BAO6TGPHZIFC72WVGFD6PR
Mar 15, 2013 3:24:21 PM net.blogracy.controller.DistributedHashTable$LookupListener onMessage
INFO: lookup-ans OL65LQYSH3BAO6TGPHZIFC72WVGFD6PR 2013-03-15T15:17:26Z 2013-03-15T15:24:21Z 654
Mar 15, 2013 3:24:21 PM net.blogracy.controller.DistributedHashTable$DownloadListener <init>
INFO: download-req OL65LQYSH3BAO6TGPHZIFC72WVGFD6PR 2013-03-15T15:17:26Z
Mar 15, 2013 3:24:21 PM net.blogracy.controller.DistributedHashTable$LookupListener onMessage
INFO: lookup-ans OL65LQYSH3BAO6TGPHZIFC72WVGFD6PR 2013-03-15T10:53:19Z 2013-03-15T15:24:21Z 688
Mar 15, 2013 3:24:21 PM net.blogracy.controller.DistributedHashTable$DownloadListener <init>
INFO: download-req OL65LQYSH3BAO6TGPHZIFC72WVGFD6PR 2013-03-15T10:53:19Z
Mar 15, 2013 3:24:21 PM net.blogracy.controller.DistributedHashTable$LookupListener onMessage
INFO: lookup-ans OL65LQYSH3BAO6TGPHZIFC72WVGFD6PR 2013-03-15T13:51:26Z 2013-03-15T15:24:21Z 726
Mar 15, 2013 3:24:21 PM net.blogracy.controller.DistributedHashTable$DownloadListener <init>
INFO: download-req OL65LQYSH3BAO6TGPHZIFC72WVGFD6PR 2013-03-15T13:51:26Z
Mar 15, 2013 3:24:21 PM net.blogracy.controller.DistributedHashTable$LookupListener onMessage
INFO: lookup-ans OL65LQYSH3BAO6TGPHZIFC72WVGFD6PR 2013-03-15T10:48:19Z 2013-03-15T15:24:21Z 1052
Mar 15, 2013 3:24:21 PM net.blogracy.controller.DistributedHashTable$DownloadListener <init>
INFO: download-req OL65LQYSH3BAO6TGPHZIFC72WVGFD6PR 2013-03-15T10:48:19Z
Mar 15, 2013 3:24:21 PM net.blogracy.controller.DistributedHashTable$LookupListener onMessage
INFO: lookup-ans OL65LQYSH3BAO6TGPHZIFC72WVGFD6PR 2013-03-15T13:58:24Z 2013-03-15T15:24:21Z 1092
Mar 15, 2013 3:24:21 PM net.blogracy.controller.DistributedHashTable$DownloadListener <init>
INFO: download-req OL65LQYSH3BAO6TGPHZIFC72WVGFD6PR 2013-03-15T13:58:24Z
Mar 15, 2013 3:24:35 PM net.blogracy.controller.DistributedHashTable$LookupListener <init>
INFO: lookup-req 734RO6HILBSFN7TZMLELFXELO3NKEQPG
Mar 15, 2013 3:24:41 PM net.blogracy.controller.DistributedHashTable$LookupListener onMessage
INFO: lookup-ans 734RO6HILBSFN7TZMLELFXELO3NKEQPG 2013-03-15T13:59:35Z 2013-03-15T15:24:41Z 6877
Mar 15, 2013 3:24:41 PM net.blogracy.controller.DistributedHashTable$DownloadListener <init>
INFO: download-req 734RO6HILBSFN7TZMLELFXELO3NKEQPG 2013-03-15T13:59:35Z
Mar 15, 2013 3:24:41 PM net.blogracy.controller.DistributedHashTable$LookupListener onMessage
INFO: lookup-ans 734RO6HILBSFN7TZMLELFXELO3NKEQPG 2013-03-15T15:17:24Z 2013-03-15T15:24:41Z 6903
Mar 15, 2013 3:24:41 PM net.blogracy.controller.DistributedHashTable$DownloadListener <init>
INFO: download-req 734RO6HILBSFN7TZMLELFXELO3NKEQPG 2013-03-15T15:17:24Z
Mar 15, 2013 3:24:41 PM net.blogracy.controller.DistributedHashTable$LookupListener onMessage
INFO: lookup-ans 734RO6HILBSFN7TZMLELFXELO3NKEQPG 2013-03-15T10:53:42Z 2013-03-15T15:24:41Z 6928
Mar 15, 2013 3:24:41 PM net.blogracy.controller.DistributedHashTable$DownloadListener <init>
INFO: download-req 734RO6HILBSFN7TZMLELFXELO3NKEQPG 2013-03-15T10:53:42Z
Mar 15, 2013 3:24:49 PM net.blogracy.controller.DistributedHashTable$LookupListener <init>
INFO: lookup-req ZFV32TGQMAYUCBI6TNT6NDNVK3OCV3E4
Mar 15, 2013 3:24:50 PM net.blogracy.controller.DistributedHashTable$LookupListener onMessage
INFO: lookup-ans ZFV32TGQMAYUCBI6TNT6NDNVK3OCV3E4 2013-03-15T13:55:10Z 2013-03-15T15:24:50Z 936
Mar 15, 2013 3:24:50 PM net.blogracy.controller.DistributedHashTable$DownloadListener <init>
INFO: download-req ZFV32TGQMAYUCBI6TNT6NDNVK3OCV3E4 2013-03-15T13:55:10Z
Mar 15, 2013 3:24:50 PM net.blogracy.controller.DistributedHashTable$LookupListener onMessage
INFO: lookup-ans ZFV32TGQMAYUCBI6TNT6NDNVK3OCV3E4 2013-03-15T10:50:22Z 2013-03-15T15:24:50Z 968
Mar 15, 2013 3:24:50 PM net.blogracy.controller.DistributedHashTable$DownloadListener <init>
INFO: download-req ZFV32TGQMAYUCBI6TNT6NDNVK3OCV3E4 2013-03-15T10:50:22Z
Mar 15, 2013 3:25:03 PM net.blogracy.controller.DistributedHashTable$LookupListener <init>
INFO: lookup-req O2LNUOSQV6AMEJPEGJG7OVPK2XZQV3ZE
Mar 15, 2013 3:25:04 PM net.blogracy.controller.DistributedHashTable$LookupListener onMessage
INFO: lookup-ans O2LNUOSQV6AMEJPEGJG7OVPK2XZQV3ZE 2013-03-15T15:17:22Z 2013-03-15T15:25:04Z 1132
Mar 15, 2013 3:25:04 PM net.blogracy.controller.DistributedHashTable$DownloadListener <init>
INFO: download-req O2LNUOSQV6AMEJPEGJG7OVPK2XZQV3ZE 2013-03-15T15:17:22Z
Mar 15, 2013 3:25:04 PM net.blogracy.controller.DistributedHashTable$LookupListener onMessage
INFO: lookup-ans O2LNUOSQV6AMEJPEGJG7OVPK2XZQV3ZE 2013-03-15T10:54:33Z 2013-03-15T15:25:04Z 1158
Mar 15, 2013 3:25:04 PM net.blogracy.controller.DistributedHashTable$DownloadListener <init>
INFO: download-req O2LNUOSQV6AMEJPEGJG7OVPK2XZQV3ZE 2013-03-15T10:54:33Z
Mar 15, 2013 3:25:04 PM net.blogracy.controller.DistributedHashTable$LookupListener onMessage
INFO: lookup-ans O2LNUOSQV6AMEJPEGJG7OVPK2XZQV3ZE 2013-03-15T13:58:34Z 2013-03-15T15:25:04Z 1186
Mar 15, 2013 3:25:04 PM net.blogracy.controller.DistributedHashTable$DownloadListener <init>
INFO: download-req O2LNUOSQV6AMEJPEGJG7OVPK2XZQV3ZE 2013-03-15T13:58:34Z
Mar 15, 2013 3:25:17 PM net.blogracy.controller.DistributedHashTable$LookupListener <init>
INFO: lookup-req RPVEPPTQV6G357V6OCZ4RSFBRAFAP3HM
Mar 15, 2013 3:25:18 PM net.blogracy.controller.DistributedHashTable$LookupListener onMessage
INFO: lookup-ans RPVEPPTQV6G357V6OCZ4RSFBRAFAP3HM 2013-03-15T15:18:10Z 2013-03-15T15:25:18Z 279
Mar 15, 2013 3:25:18 PM net.blogracy.controller.DistributedHashTable$DownloadListener <init>
INFO: download-req RPVEPPTQV6G357V6OCZ4RSFBRAFAP3HM 2013-03-15T15:18:10Z
Mar 15, 2013 3:25:18 PM net.blogracy.controller.DistributedHashTable$LookupListener onMessage
INFO: lookup-ans RPVEPPTQV6G357V6OCZ4RSFBRAFAP3HM 2013-03-15T11:24:23Z 2013-03-15T15:25:18Z 383
Mar 15, 2013 3:25:18 PM net.blogracy.controller.DistributedHashTable$DownloadListener <init>
INFO: download-req RPVEPPTQV6G357V6OCZ4RSFBRAFAP3HM 2013-03-15T11:24:23Z
Mar 15, 2013 3:25:32 PM net.blogracy.controller.DistributedHashTable$LookupListener <init>
INFO: lookup-req 3B73BAT64GOB5DR7NXD7IRSR4Z7GIK4E
Mar 15, 2013 3:25:32 PM net.blogracy.controller.DistributedHashTable$LookupListener onMessage
INFO: lookup-ans 3B73BAT64GOB5DR7NXD7IRSR4Z7GIK4E 2013-03-15T15:16:10Z 2013-03-15T15:25:32Z 533
Mar 15, 2013 3:25:32 PM net.blogracy.controller.DistributedHashTable$DownloadListener <init>
INFO: download-req 3B73BAT64GOB5DR7NXD7IRSR4Z7GIK4E 2013-03-15T15:16:10Z
Mar 15, 2013 3:25:32 PM net.blogracy.controller.DistributedHashTable$LookupListener onMessage
INFO: lookup-ans 3B73BAT64GOB5DR7NXD7IRSR4Z7GIK4E 2013-03-15T11:35:24Z 2013-03-15T15:25:32Z 574
Mar 15, 2013 3:25:32 PM net.blogracy.controller.DistributedHashTable$DownloadListener <init>
INFO: download-req 3B73BAT64GOB5DR7NXD7IRSR4Z7GIK4E 2013-03-15T11:35:24Z
Mar 15, 2013 3:25:46 PM net.blogracy.controller.DistributedHashTable$LookupListener <init>
INFO: lookup-req QF57FG6NEFT7PHOEIFHV734DS7DAMSD2
Mar 15, 2013 3:25:46 PM net.blogracy.controller.DistributedHashTable$LookupListener onMessage
INFO: lookup-ans QF57FG6NEFT7PHOEIFHV734DS7DAMSD2 2013-03-15T13:54:38Z 2013-03-15T15:25:46Z 319
Mar 15, 2013 3:25:46 PM net.blogracy.controller.DistributedHashTable$DownloadListener <init>
INFO: download-req QF57FG6NEFT7PHOEIFHV734DS7DAMSD2 2013-03-15T13:54:38Z
Mar 15, 2013 3:26:00 PM net.blogracy.controller.DistributedHashTable$LookupListener <init>
INFO: lookup-req H3WGV7IKX35FZNSFJYEZV4VCFQBSAKEL
Mar 15, 2013 3:26:01 PM net.blogracy.controller.DistributedHashTable$LookupListener onMessage
INFO: lookup-ans H3WGV7IKX35FZNSFJYEZV4VCFQBSAKEL 2013-03-15T15:20:39Z 2013-03-15T15:26:01Z 414
Mar 15, 2013 3:26:01 PM net.blogracy.controller.DistributedHashTable$DownloadListener <init>
INFO: download-req H3WGV7IKX35FZNSFJYEZV4VCFQBSAKEL 2013-03-15T15:20:39Z
Mar 15, 2013 3:26:01 PM net.blogracy.controller.DistributedHashTable$LookupListener onMessage
INFO: lookup-ans H3WGV7IKX35FZNSFJYEZV4VCFQBSAKEL 2013-03-15T13:53:21Z 2013-03-15T15:26:01Z 432
Mar 15, 2013 3:26:01 PM net.blogracy.controller.DistributedHashTable$DownloadListener <init>
INFO: download-req H3WGV7IKX35FZNSFJYEZV4VCFQBSAKEL 2013-03-15T13:53:21Z
Mar 15, 2013 3:26:15 PM net.blogracy.controller.DistributedHashTable$LookupListener <init>
INFO: lookup-req IIFTPYF2OOSC7OUXFHS6JFLCSWAADAGJ
Mar 15, 2013 3:26:15 PM net.blogracy.controller.DistributedHashTable$LookupListener onMessage
INFO: lookup-ans IIFTPYF2OOSC7OUXFHS6JFLCSWAADAGJ 2013-03-15T15:19:17Z 2013-03-15T15:26:15Z 368
Mar 15, 2013 3:26:15 PM net.blogracy.controller.DistributedHashTable$DownloadListener <init>
INFO: download-req IIFTPYF2OOSC7OUXFHS6JFLCSWAADAGJ 2013-03-15T15:19:17Z
Mar 15, 2013 3:26:15 PM net.blogracy.controller.DistributedHashTable$LookupListener onMessage
INFO: lookup-ans IIFTPYF2OOSC7OUXFHS6JFLCSWAADAGJ 2013-03-15T13:59:26Z 2013-03-15T15:26:15Z 388
Mar 15, 2013 3:26:15 PM net.blogracy.controller.DistributedHashTable$DownloadListener <init>
INFO: download-req IIFTPYF2OOSC7OUXFHS6JFLCSWAADAGJ 2013-03-15T13:59:26Z
Mar 15, 2013 3:26:29 PM net.blogracy.controller.DistributedHashTable$LookupListener <init>
INFO: lookup-req REHV2GKZR6BI6E66667LFTNPF42XF5QG
Mar 15, 2013 3:26:29 PM net.blogracy.controller.DistributedHashTable$LookupListener onMessage
INFO: lookup-ans REHV2GKZR6BI6E66667LFTNPF42XF5QG 2013-03-15T15:20:33Z 2013-03-15T15:26:29Z 345
Mar 15, 2013 3:26:29 PM net.blogracy.controller.DistributedHashTable$DownloadListener <init>
INFO: download-req REHV2GKZR6BI6E66667LFTNPF42XF5QG 2013-03-15T15:20:33Z
Mar 15, 2013 3:26:29 PM net.blogracy.controller.DistributedHashTable$LookupListener onMessage
INFO: lookup-ans REHV2GKZR6BI6E66667LFTNPF42XF5QG 2013-03-15T13:55:20Z 2013-03-15T15:26:29Z 363
Mar 15, 2013 3:26:29 PM net.blogracy.controller.DistributedHashTable$DownloadListener <init>
INFO: download-req REHV2GKZR6BI6E66667LFTNPF42XF5QG 2013-03-15T13:55:20Z
Mar 15, 2013 3:26:43 PM net.blogracy.controller.DistributedHashTable$LookupListener <init>
INFO: lookup-req GRRVNWRRA5YPOTR2NJTQK3RXPMJXGKYD
Mar 15, 2013 3:26:44 PM net.blogracy.controller.DistributedHashTable$LookupListener onMessage
INFO: lookup-ans GRRVNWRRA5YPOTR2NJTQK3RXPMJXGKYD 2013-03-15T15:21:31Z 2013-03-15T15:26:44Z 319
Mar 15, 2013 3:26:44 PM net.blogracy.controller.DistributedHashTable$DownloadListener <init>
INFO: download-req GRRVNWRRA5YPOTR2NJTQK3RXPMJXGKYD 2013-03-15T15:21:31Z
Mar 15, 2013 3:26:44 PM net.blogracy.controller.DistributedHashTable$LookupListener onMessage
INFO: lookup-ans GRRVNWRRA5YPOTR2NJTQK3RXPMJXGKYD 2013-03-15T13:50:43Z 2013-03-15T15:26:44Z 334
Mar 15, 2013 3:26:44 PM net.blogracy.controller.DistributedHashTable$DownloadListener <init>
INFO: download-req GRRVNWRRA5YPOTR2NJTQK3RXPMJXGKYD 2013-03-15T13:50:43Z
Mar 15, 2013 3:26:57 PM net.blogracy.controller.DistributedHashTable$LookupListener onMessage
INFO: lookup-ans GRRVNWRRA5YPOTR2NJTQK3RXPMJXGKYD 2013-03-15T13:55:43Z 2013-03-15T15:26:57Z 13911
Mar 15, 2013 3:26:57 PM net.blogracy.controller.DistributedHashTable$DownloadListener <init>
INFO: download-req GRRVNWRRA5YPOTR2NJTQK3RXPMJXGKYD 2013-03-15T13:55:43Z
Mar 15, 2013 3:26:58 PM net.blogracy.controller.DistributedHashTable$LookupListener <init>
INFO: lookup-req HPQLSAFOTHT5XCF6AXRN65UWQXL75VUB
Mar 15, 2013 3:27:12 PM net.blogracy.controller.DistributedHashTable$LookupListener <init>
INFO: lookup-req NUHK7LXC3JZZQ6EB2RKPAXMUYX7DF7UI
Mar 15, 2013 3:27:13 PM net.blogracy.controller.DistributedHashTable$LookupListener onMessage
INFO: lookup-ans NUHK7LXC3JZZQ6EB2RKPAXMUYX7DF7UI 2013-03-15T15:20:57Z 2013-03-15T15:27:13Z 657
Mar 15, 2013 3:27:13 PM net.blogracy.controller.DistributedHashTable$DownloadListener <init>
INFO: download-req NUHK7LXC3JZZQ6EB2RKPAXMUYX7DF7UI 2013-03-15T15:20:57Z
Mar 15, 2013 3:27:26 PM net.blogracy.controller.DistributedHashTable$LookupListener <init>
INFO: lookup-req NZYND2IBFUU2CASIWQ2GFYLCZFN7LPE4
Mar 15, 2013 3:27:26 PM net.blogracy.controller.DistributedHashTable$LookupListener onMessage
INFO: lookup-ans NZYND2IBFUU2CASIWQ2GFYLCZFN7LPE4 2013-03-15T15:19:16Z 2013-03-15T15:27:26Z 154
Mar 15, 2013 3:27:26 PM net.blogracy.controller.DistributedHashTable$DownloadListener <init>
INFO: download-req NZYND2IBFUU2CASIWQ2GFYLCZFN7LPE4 2013-03-15T15:19:16Z
Mar 15, 2013 3:27:41 PM net.blogracy.controller.DistributedHashTable$LookupListener <init>
INFO: lookup-req YXD54PHMST7F6XYMRUQLDRPLP6Y6SRNB
Mar 15, 2013 3:27:41 PM net.blogracy.controller.DistributedHashTable$LookupListener onMessage
INFO: lookup-ans YXD54PHMST7F6XYMRUQLDRPLP6Y6SRNB 2013-03-15T15:14:22Z 2013-03-15T15:27:41Z 286
Mar 15, 2013 3:27:41 PM net.blogracy.controller.DistributedHashTable$DownloadListener <init>
INFO: download-req YXD54PHMST7F6XYMRUQLDRPLP6Y6SRNB 2013-03-15T15:14:22Z
Mar 15, 2013 3:27:55 PM net.blogracy.controller.DistributedHashTable$LookupListener <init>
INFO: lookup-req 572ZWE3WA7Y4FO3XQSKJS4ML56OPR2PR
Mar 15, 2013 3:28:09 PM net.blogracy.controller.DistributedHashTable$LookupListener <init>
INFO: lookup-req SC5MBBBISROYHFVVJVDK7E3SHNCWYJAC
Mar 15, 2013 3:28:10 PM net.blogracy.controller.DistributedHashTable$LookupListener onMessage
INFO: lookup-ans SC5MBBBISROYHFVVJVDK7E3SHNCWYJAC 2013-03-15T15:14:55Z 2013-03-15T15:28:10Z 404
Mar 15, 2013 3:28:10 PM net.blogracy.controller.DistributedHashTable$DownloadListener <init>
INFO: download-req SC5MBBBISROYHFVVJVDK7E3SHNCWYJAC 2013-03-15T15:14:55Z
Mar 15, 2013 3:28:23 PM net.blogracy.controller.DistributedHashTable$LookupListener <init>
INFO: lookup-req ZQGMNDNSCMPFM5U25GRXYJTTB5SYLW7Z
Mar 15, 2013 3:28:38 PM net.blogracy.controller.DistributedHashTable$LookupListener <init>
INFO: lookup-req BIL23WT5G35TOPAG4J6WZ6TYG4YSJ3FD
Mar 15, 2013 3:28:38 PM net.blogracy.controller.DistributedHashTable$LookupListener onMessage
INFO: lookup-ans ZQGMNDNSCMPFM5U25GRXYJTTB5SYLW7Z 2013-03-15T15:17:05Z 2013-03-15T15:28:38Z 14926
Mar 15, 2013 3:28:38 PM net.blogracy.controller.DistributedHashTable$DownloadListener <init>
INFO: download-req ZQGMNDNSCMPFM5U25GRXYJTTB5SYLW7Z 2013-03-15T15:17:05Z
Mar 15, 2013 3:28:38 PM net.blogracy.controller.DistributedHashTable$LookupListener onMessage
INFO: lookup-ans BIL23WT5G35TOPAG4J6WZ6TYG4YSJ3FD 2013-03-15T15:14:03Z 2013-03-15T15:28:38Z 644
Mar 15, 2013 3:28:38 PM net.blogracy.controller.DistributedHashTable$DownloadListener <init>
INFO: download-req BIL23WT5G35TOPAG4J6WZ6TYG4YSJ3FD 2013-03-15T15:14:03Z
Mar 15, 2013 3:28:52 PM net.blogracy.controller.DistributedHashTable$LookupListener <init>
INFO: lookup-req SWI7C4YMQI563SVAW53AJHTB5LRITAGF
Mar 15, 2013 3:28:52 PM net.blogracy.controller.DistributedHashTable$LookupListener onMessage
INFO: lookup-ans SWI7C4YMQI563SVAW53AJHTB5LRITAGF 2013-03-15T15:27:08Z 2013-03-15T15:28:52Z 246
Mar 15, 2013 3:28:52 PM net.blogracy.controller.DistributedHashTable$DownloadListener <init>
INFO: download-req SWI7C4YMQI563SVAW53AJHTB5LRITAGF 2013-03-15T15:27:08Z
Mar 15, 2013 3:29:06 PM net.blogracy.controller.DistributedHashTable$LookupListener <init>
INFO: lookup-req LDXIBS5B7I2LVRVKJGQK52WMMSHWJGK5
Mar 15, 2013 3:29:07 PM net.blogracy.controller.DistributedHashTable$LookupListener onMessage
INFO: lookup-ans LDXIBS5B7I2LVRVKJGQK52WMMSHWJGK5 2013-03-15T15:09:19Z 2013-03-15T15:29:07Z 240
Mar 15, 2013 3:29:07 PM net.blogracy.controller.DistributedHashTable$DownloadListener <init>
INFO: download-req LDXIBS5B7I2LVRVKJGQK52WMMSHWJGK5 2013-03-15T15:09:19Z
Mar 15, 2013 3:29:07 PM net.blogracy.controller.DistributedHashTable$LookupListener onMessage
INFO: lookup-ans LDXIBS5B7I2LVRVKJGQK52WMMSHWJGK5 2013-03-15T15:25:15Z 2013-03-15T15:29:07Z 265
Mar 15, 2013 3:29:07 PM net.blogracy.controller.DistributedHashTable$DownloadListener <init>
INFO: download-req LDXIBS5B7I2LVRVKJGQK52WMMSHWJGK5 2013-03-15T15:25:15Z
Mar 15, 2013 3:29:21 PM net.blogracy.controller.DistributedHashTable$LookupListener <init>
INFO: lookup-req OL65LQYSH3BAO6TGPHZIFC72WVGFD6PR
Mar 15, 2013 3:29:21 PM net.blogracy.controller.DistributedHashTable$LookupListener onMessage
INFO: lookup-ans OL65LQYSH3BAO6TGPHZIFC72WVGFD6PR 2013-03-15T15:26:13Z 2013-03-15T15:29:21Z 553
Mar 15, 2013 3:29:21 PM net.blogracy.controller.DistributedHashTable$DownloadListener <init>
INFO: download-req OL65LQYSH3BAO6TGPHZIFC72WVGFD6PR 2013-03-15T15:26:13Z
Mar 15, 2013 3:29:21 PM net.blogracy.controller.DistributedHashTable$LookupListener onMessage
INFO: lookup-ans OL65LQYSH3BAO6TGPHZIFC72WVGFD6PR 2013-03-15T13:58:24Z 2013-03-15T15:29:21Z 573
Mar 15, 2013 3:29:21 PM net.blogracy.controller.DistributedHashTable$DownloadListener <init>
INFO: download-req OL65LQYSH3BAO6TGPHZIFC72WVGFD6PR 2013-03-15T13:58:24Z
Mar 15, 2013 3:29:21 PM net.blogracy.controller.DistributedHashTable$LookupListener onMessage
INFO: lookup-ans OL65LQYSH3BAO6TGPHZIFC72WVGFD6PR 2013-03-15T10:53:19Z 2013-03-15T15:29:21Z 588
Mar 15, 2013 3:29:21 PM net.blogracy.controller.DistributedHashTable$DownloadListener <init>
INFO: download-req OL65LQYSH3BAO6TGPHZIFC72WVGFD6PR 2013-03-15T10:53:19Z
Mar 15, 2013 3:29:22 PM net.blogracy.controller.DistributedHashTable$LookupListener onMessage
INFO: lookup-ans OL65LQYSH3BAO6TGPHZIFC72WVGFD6PR 2013-03-15T10:48:19Z 2013-03-15T15:29:22Z 815
Mar 15, 2013 3:29:22 PM net.blogracy.controller.DistributedHashTable$DownloadListener <init>
INFO: download-req OL65LQYSH3BAO6TGPHZIFC72WVGFD6PR 2013-03-15T10:48:19Z
Mar 15, 2013 3:29:35 PM net.blogracy.controller.DistributedHashTable$LookupListener <init>
INFO: lookup-req 734RO6HILBSFN7TZMLELFXELO3NKEQPG
Mar 15, 2013 3:29:35 PM net.blogracy.controller.DistributedHashTable$LookupListener onMessage
INFO: lookup-ans 734RO6HILBSFN7TZMLELFXELO3NKEQPG 2013-03-15T13:59:35Z 2013-03-15T15:29:35Z 287
Mar 15, 2013 3:29:35 PM net.blogracy.controller.DistributedHashTable$DownloadListener <init>
INFO: download-req 734RO6HILBSFN7TZMLELFXELO3NKEQPG 2013-03-15T13:59:35Z
Mar 15, 2013 3:29:35 PM net.blogracy.controller.DistributedHashTable$LookupListener onMessage
INFO: lookup-ans 734RO6HILBSFN7TZMLELFXELO3NKEQPG 2013-03-15T15:25:45Z 2013-03-15T15:29:35Z 306
Mar 15, 2013 3:29:35 PM net.blogracy.controller.DistributedHashTable$DownloadListener <init>
INFO: download-req 734RO6HILBSFN7TZMLELFXELO3NKEQPG 2013-03-15T15:25:45Z
Mar 15, 2013 3:29:35 PM net.blogracy.controller.DistributedHashTable$LookupListener onMessage
INFO: lookup-ans 734RO6HILBSFN7TZMLELFXELO3NKEQPG 2013-03-15T10:53:42Z 2013-03-15T15:29:35Z 321
Mar 15, 2013 3:29:35 PM net.blogracy.controller.DistributedHashTable$DownloadListener <init>
INFO: download-req 734RO6HILBSFN7TZMLELFXELO3NKEQPG 2013-03-15T10:53:42Z
Mar 15, 2013 3:29:49 PM net.blogracy.controller.DistributedHashTable$LookupListener <init>
INFO: lookup-req ZFV32TGQMAYUCBI6TNT6NDNVK3OCV3E4
Mar 15, 2013 3:29:50 PM net.blogracy.controller.DistributedHashTable$LookupListener onMessage
INFO: lookup-ans ZFV32TGQMAYUCBI6TNT6NDNVK3OCV3E4 2013-03-15T10:50:22Z 2013-03-15T15:29:50Z 313
Mar 15, 2013 3:29:50 PM net.blogracy.controller.DistributedHashTable$DownloadListener <init>
INFO: download-req ZFV32TGQMAYUCBI6TNT6NDNVK3OCV3E4 2013-03-15T10:50:22Z
Mar 15, 2013 3:29:50 PM net.blogracy.controller.DistributedHashTable$LookupListener onMessage
INFO: lookup-ans ZFV32TGQMAYUCBI6TNT6NDNVK3OCV3E4 2013-03-15T13:55:10Z 2013-03-15T15:29:50Z 327
Mar 15, 2013 3:29:50 PM net.blogracy.controller.DistributedHashTable$DownloadListener <init>
INFO: download-req ZFV32TGQMAYUCBI6TNT6NDNVK3OCV3E4 2013-03-15T13:55:10Z
Mar 15, 2013 3:30:04 PM net.blogracy.controller.DistributedHashTable$LookupListener <init>
INFO: lookup-req O2LNUOSQV6AMEJPEGJG7OVPK2XZQV3ZE
Mar 15, 2013 3:30:18 PM net.blogracy.controller.DistributedHashTable$LookupListener onMessage
INFO: lookup-ans O2LNUOSQV6AMEJPEGJG7OVPK2XZQV3ZE 2013-03-15T15:26:37Z 2013-03-15T15:30:18Z 14216
Mar 15, 2013 3:30:18 PM net.blogracy.controller.DistributedHashTable$DownloadListener <init>
INFO: download-req O2LNUOSQV6AMEJPEGJG7OVPK2XZQV3ZE 2013-03-15T15:26:37Z
Mar 15, 2013 3:30:18 PM net.blogracy.controller.DistributedHashTable$LookupListener onMessage
INFO: lookup-ans O2LNUOSQV6AMEJPEGJG7OVPK2XZQV3ZE 2013-03-15T10:54:33Z 2013-03-15T15:30:18Z 14231
Mar 15, 2013 3:30:18 PM net.blogracy.controller.DistributedHashTable$DownloadListener <init>
INFO: download-req O2LNUOSQV6AMEJPEGJG7OVPK2XZQV3ZE 2013-03-15T10:54:33Z
Mar 15, 2013 3:30:18 PM net.blogracy.controller.DistributedHashTable$LookupListener onMessage
INFO: lookup-ans O2LNUOSQV6AMEJPEGJG7OVPK2XZQV3ZE 2013-03-15T13:58:34Z 2013-03-15T15:30:18Z 14265
Mar 15, 2013 3:30:18 PM net.blogracy.controller.DistributedHashTable$DownloadListener <init>
INFO: download-req O2LNUOSQV6AMEJPEGJG7OVPK2XZQV3ZE 2013-03-15T13:58:34Z
Mar 15, 2013 3:30:18 PM net.blogracy.controller.DistributedHashTable$LookupListener <init>
INFO: lookup-req RPVEPPTQV6G357V6OCZ4RSFBRAFAP3HM
Mar 15, 2013 3:30:18 PM net.blogracy.controller.DistributedHashTable$LookupListener onMessage
INFO: lookup-ans O2LNUOSQV6AMEJPEGJG7OVPK2XZQV3ZE 2013-03-15T15:17:22Z 2013-03-15T15:30:18Z 14408
Mar 15, 2013 3:30:18 PM net.blogracy.controller.DistributedHashTable$DownloadListener <init>
INFO: download-req O2LNUOSQV6AMEJPEGJG7OVPK2XZQV3ZE 2013-03-15T15:17:22Z
Mar 15, 2013 3:30:18 PM net.blogracy.controller.DistributedHashTable$LookupListener onMessage
INFO: lookup-ans RPVEPPTQV6G357V6OCZ4RSFBRAFAP3HM 2013-03-15T15:18:10Z 2013-03-15T15:30:18Z 327
Mar 15, 2013 3:30:18 PM net.blogracy.controller.DistributedHashTable$DownloadListener <init>
INFO: download-req RPVEPPTQV6G357V6OCZ4RSFBRAFAP3HM 2013-03-15T15:18:10Z
Mar 15, 2013 3:30:32 PM net.blogracy.controller.DistributedHashTable$LookupListener <init>
INFO: lookup-req 3B73BAT64GOB5DR7NXD7IRSR4Z7GIK4E
Mar 15, 2013 3:30:33 PM net.blogracy.controller.DistributedHashTable$LookupListener onMessage
INFO: lookup-ans 3B73BAT64GOB5DR7NXD7IRSR4Z7GIK4E 2013-03-15T15:16:10Z 2013-03-15T15:30:33Z 560
Mar 15, 2013 3:30:33 PM net.blogracy.controller.DistributedHashTable$DownloadListener <init>
INFO: download-req 3B73BAT64GOB5DR7NXD7IRSR4Z7GIK4E 2013-03-15T15:16:10Z
Mar 15, 2013 3:30:33 PM net.blogracy.controller.DistributedHashTable$LookupListener onMessage
INFO: lookup-ans 3B73BAT64GOB5DR7NXD7IRSR4Z7GIK4E 2013-03-15T11:35:24Z 2013-03-15T15:30:33Z 574
Mar 15, 2013 3:30:33 PM net.blogracy.controller.DistributedHashTable$DownloadListener <init>
INFO: download-req 3B73BAT64GOB5DR7NXD7IRSR4Z7GIK4E 2013-03-15T11:35:24Z
Mar 15, 2013 3:30:47 PM net.blogracy.controller.DistributedHashTable$LookupListener <init>
INFO: lookup-req QF57FG6NEFT7PHOEIFHV734DS7DAMSD2
Mar 15, 2013 3:30:47 PM net.blogracy.controller.DistributedHashTable$LookupListener onMessage
INFO: lookup-ans QF57FG6NEFT7PHOEIFHV734DS7DAMSD2 2013-03-15T15:27:26Z 2013-03-15T15:30:47Z 377
Mar 15, 2013 3:30:47 PM net.blogracy.controller.DistributedHashTable$DownloadListener <init>
INFO: download-req QF57FG6NEFT7PHOEIFHV734DS7DAMSD2 2013-03-15T15:27:26Z
Mar 15, 2013 3:30:47 PM net.blogracy.controller.DistributedHashTable$LookupListener onMessage
INFO: lookup-ans QF57FG6NEFT7PHOEIFHV734DS7DAMSD2 2013-03-15T13:54:38Z 2013-03-15T15:30:47Z 391
Mar 15, 2013 3:30:47 PM net.blogracy.controller.DistributedHashTable$DownloadListener <init>
INFO: download-req QF57FG6NEFT7PHOEIFHV734DS7DAMSD2 2013-03-15T13:54:38Z
Mar 15, 2013 3:31:01 PM net.blogracy.controller.DistributedHashTable$LookupListener <init>
INFO: lookup-req H3WGV7IKX35FZNSFJYEZV4VCFQBSAKEL
Mar 15, 2013 3:31:01 PM net.blogracy.controller.DistributedHashTable$LookupListener onMessage
INFO: lookup-ans H3WGV7IKX35FZNSFJYEZV4VCFQBSAKEL 2013-03-15T13:53:21Z 2013-03-15T15:31:01Z 422
Mar 15, 2013 3:31:01 PM net.blogracy.controller.DistributedHashTable$DownloadListener <init>
INFO: download-req H3WGV7IKX35FZNSFJYEZV4VCFQBSAKEL 2013-03-15T13:53:21Z
Mar 15, 2013 3:31:01 PM net.blogracy.controller.DistributedHashTable$LookupListener onMessage
INFO: lookup-ans H3WGV7IKX35FZNSFJYEZV4VCFQBSAKEL 2013-03-15T15:27:00Z 2013-03-15T15:31:01Z 436
Mar 15, 2013 3:31:01 PM net.blogracy.controller.DistributedHashTable$DownloadListener <init>
INFO: download-req H3WGV7IKX35FZNSFJYEZV4VCFQBSAKEL 2013-03-15T15:27:00Z
Mar 15, 2013 3:31:02 PM net.blogracy.controller.DistributedHashTable$LookupListener onMessage
INFO: lookup-ans H3WGV7IKX35FZNSFJYEZV4VCFQBSAKEL 2013-03-15T15:15:39Z 2013-03-15T15:31:02Z 696
Mar 15, 2013 3:31:02 PM net.blogracy.controller.DistributedHashTable$DownloadListener <init>
INFO: download-req H3WGV7IKX35FZNSFJYEZV4VCFQBSAKEL 2013-03-15T15:15:39Z
Mar 15, 2013 3:31:15 PM net.blogracy.controller.DistributedHashTable$LookupListener <init>
INFO: lookup-req IIFTPYF2OOSC7OUXFHS6JFLCSWAADAGJ
Mar 15, 2013 3:31:15 PM net.blogracy.controller.DistributedHashTable$LookupListener onMessage
INFO: lookup-ans IIFTPYF2OOSC7OUXFHS6JFLCSWAADAGJ 2013-03-15T15:27:59Z 2013-03-15T15:31:15Z 308
Mar 15, 2013 3:31:15 PM net.blogracy.controller.DistributedHashTable$DownloadListener <init>
INFO: download-req IIFTPYF2OOSC7OUXFHS6JFLCSWAADAGJ 2013-03-15T15:27:59Z
Mar 15, 2013 3:31:16 PM net.blogracy.controller.DistributedHashTable$LookupListener onMessage
INFO: lookup-ans IIFTPYF2OOSC7OUXFHS6JFLCSWAADAGJ 2013-03-15T13:59:26Z 2013-03-15T15:31:16Z 323
Mar 15, 2013 3:31:16 PM net.blogracy.controller.DistributedHashTable$DownloadListener <init>
INFO: download-req IIFTPYF2OOSC7OUXFHS6JFLCSWAADAGJ 2013-03-15T13:59:26Z
Mar 15, 2013 3:31:28 PM net.blogracy.controller.DistributedHashTable$LookupListener onMessage
INFO: lookup-ans IIFTPYF2OOSC7OUXFHS6JFLCSWAADAGJ 2013-03-15T15:19:17Z 2013-03-15T15:31:28Z 12998
Mar 15, 2013 3:31:28 PM net.blogracy.controller.DistributedHashTable$DownloadListener <init>
INFO: download-req IIFTPYF2OOSC7OUXFHS6JFLCSWAADAGJ 2013-03-15T15:19:17Z
Mar 15, 2013 3:31:29 PM net.blogracy.controller.DistributedHashTable$LookupListener <init>
INFO: lookup-req REHV2GKZR6BI6E66667LFTNPF42XF5QG
Mar 15, 2013 3:31:30 PM net.blogracy.controller.DistributedHashTable$LookupListener onMessage
INFO: lookup-ans REHV2GKZR6BI6E66667LFTNPF42XF5QG 2013-03-15T13:55:20Z 2013-03-15T15:31:30Z 329
Mar 15, 2013 3:31:30 PM net.blogracy.controller.DistributedHashTable$DownloadListener <init>
INFO: download-req REHV2GKZR6BI6E66667LFTNPF42XF5QG 2013-03-15T13:55:20Z
Mar 15, 2013 3:31:30 PM net.blogracy.controller.DistributedHashTable$LookupListener onMessage
INFO: lookup-ans REHV2GKZR6BI6E66667LFTNPF42XF5QG 2013-03-15T15:26:52Z 2013-03-15T15:31:30Z 343
Mar 15, 2013 3:31:30 PM net.blogracy.controller.DistributedHashTable$DownloadListener <init>
INFO: download-req REHV2GKZR6BI6E66667LFTNPF42XF5QG 2013-03-15T15:26:52Z
Mar 15, 2013 3:31:44 PM net.blogracy.controller.DistributedHashTable$LookupListener <init>
INFO: lookup-req GRRVNWRRA5YPOTR2NJTQK3RXPMJXGKYD
Mar 15, 2013 3:31:58 PM net.blogracy.controller.DistributedHashTable$LookupListener onMessage
INFO: lookup-ans GRRVNWRRA5YPOTR2NJTQK3RXPMJXGKYD 2013-03-15T15:27:22Z 2013-03-15T15:31:58Z 14294
Mar 15, 2013 3:31:58 PM net.blogracy.controller.DistributedHashTable$DownloadListener <init>
INFO: download-req GRRVNWRRA5YPOTR2NJTQK3RXPMJXGKYD 2013-03-15T15:27:22Z
Mar 15, 2013 3:31:58 PM net.blogracy.controller.DistributedHashTable$LookupListener <init>
INFO: lookup-req HPQLSAFOTHT5XCF6AXRN65UWQXL75VUB
Mar 15, 2013 3:31:58 PM net.blogracy.controller.DistributedHashTable$LookupListener onMessage
INFO: lookup-ans GRRVNWRRA5YPOTR2NJTQK3RXPMJXGKYD 2013-03-15T13:55:43Z 2013-03-15T15:31:58Z 14311
Mar 15, 2013 3:31:58 PM net.blogracy.controller.DistributedHashTable$DownloadListener <init>
INFO: download-req GRRVNWRRA5YPOTR2NJTQK3RXPMJXGKYD 2013-03-15T13:55:43Z
Mar 15, 2013 3:31:58 PM net.blogracy.controller.DistributedHashTable$LookupListener onMessage
INFO: lookup-ans GRRVNWRRA5YPOTR2NJTQK3RXPMJXGKYD 2013-03-15T13:50:43Z 2013-03-15T15:31:58Z 14336
Mar 15, 2013 3:31:58 PM net.blogracy.controller.DistributedHashTable$DownloadListener <init>
INFO: download-req GRRVNWRRA5YPOTR2NJTQK3RXPMJXGKYD 2013-03-15T13:50:43Z
Mar 15, 2013 3:32:12 PM net.blogracy.controller.DistributedHashTable$LookupListener <init>
INFO: lookup-req NUHK7LXC3JZZQ6EB2RKPAXMUYX7DF7UI
Mar 15, 2013 3:32:13 PM net.blogracy.controller.DistributedHashTable$LookupListener onMessage
INFO: lookup-ans NUHK7LXC3JZZQ6EB2RKPAXMUYX7DF7UI 2013-03-15T15:27:37Z 2013-03-15T15:32:13Z 303
Mar 15, 2013 3:32:13 PM net.blogracy.controller.DistributedHashTable$DownloadListener <init>
INFO: download-req NUHK7LXC3JZZQ6EB2RKPAXMUYX7DF7UI 2013-03-15T15:27:37Z
Mar 15, 2013 3:32:27 PM net.blogracy.controller.DistributedHashTable$LookupListener <init>
INFO: lookup-req NZYND2IBFUU2CASIWQ2GFYLCZFN7LPE4
Mar 15, 2013 3:32:27 PM net.blogracy.controller.DistributedHashTable$LookupListener onMessage
INFO: lookup-ans NZYND2IBFUU2CASIWQ2GFYLCZFN7LPE4 2013-03-15T15:27:11Z 2013-03-15T15:32:27Z 144
Mar 15, 2013 3:32:27 PM net.blogracy.controller.DistributedHashTable$DownloadListener <init>
INFO: download-req NZYND2IBFUU2CASIWQ2GFYLCZFN7LPE4 2013-03-15T15:27:11Z
Mar 15, 2013 3:32:27 PM net.blogracy.controller.DistributedHashTable$LookupListener onMessage
INFO: lookup-ans NZYND2IBFUU2CASIWQ2GFYLCZFN7LPE4 2013-03-15T15:19:16Z 2013-03-15T15:32:27Z 304
Mar 15, 2013 3:32:27 PM net.blogracy.controller.DistributedHashTable$DownloadListener <init>
INFO: download-req NZYND2IBFUU2CASIWQ2GFYLCZFN7LPE4 2013-03-15T15:19:16Z
Mar 15, 2013 3:32:41 PM net.blogracy.controller.DistributedHashTable$LookupListener <init>
INFO: lookup-req YXD54PHMST7F6XYMRUQLDRPLP6Y6SRNB
Mar 15, 2013 3:32:42 PM net.blogracy.controller.DistributedHashTable$LookupListener onMessage
INFO: lookup-ans YXD54PHMST7F6XYMRUQLDRPLP6Y6SRNB 2013-03-15T15:14:22Z 2013-03-15T15:32:42Z 510
Mar 15, 2013 3:32:42 PM net.blogracy.controller.DistributedHashTable$DownloadListener <init>
INFO: download-req YXD54PHMST7F6XYMRUQLDRPLP6Y6SRNB 2013-03-15T15:14:22Z
Mar 15, 2013 3:32:55 PM net.blogracy.controller.DistributedHashTable$LookupListener <init>
INFO: lookup-req 572ZWE3WA7Y4FO3XQSKJS4ML56OPR2PR
Mar 15, 2013 3:33:10 PM net.blogracy.controller.DistributedHashTable$LookupListener <init>
INFO: lookup-req SC5MBBBISROYHFVVJVDK7E3SHNCWYJAC
Mar 15, 2013 3:33:10 PM net.blogracy.controller.DistributedHashTable$LookupListener onMessage
INFO: lookup-ans SC5MBBBISROYHFVVJVDK7E3SHNCWYJAC 2013-03-15T15:14:55Z 2013-03-15T15:33:10Z 410
Mar 15, 2013 3:33:10 PM net.blogracy.controller.DistributedHashTable$DownloadListener <init>
INFO: download-req SC5MBBBISROYHFVVJVDK7E3SHNCWYJAC 2013-03-15T15:14:55Z
Mar 15, 2013 3:33:24 PM net.blogracy.controller.DistributedHashTable$LookupListener <init>
INFO: lookup-req ZQGMNDNSCMPFM5U25GRXYJTTB5SYLW7Z
Mar 15, 2013 3:33:24 PM net.blogracy.controller.DistributedHashTable$LookupListener onMessage
INFO: lookup-ans ZQGMNDNSCMPFM5U25GRXYJTTB5SYLW7Z 2013-03-15T15:17:05Z 2013-03-15T15:33:24Z 252
Mar 15, 2013 3:33:24 PM net.blogracy.controller.DistributedHashTable$DownloadListener <init>
INFO: download-req ZQGMNDNSCMPFM5U25GRXYJTTB5SYLW7Z 2013-03-15T15:17:05Z
Mar 15, 2013 3:33:38 PM net.blogracy.controller.DistributedHashTable$LookupListener <init>
INFO: lookup-req BIL23WT5G35TOPAG4J6WZ6TYG4YSJ3FD
Mar 15, 2013 3:33:39 PM net.blogracy.controller.DistributedHashTable$LookupListener onMessage
INFO: lookup-ans BIL23WT5G35TOPAG4J6WZ6TYG4YSJ3FD 2013-03-15T15:14:03Z 2013-03-15T15:33:39Z 327
Mar 15, 2013 3:33:39 PM net.blogracy.controller.DistributedHashTable$DownloadListener <init>
INFO: download-req BIL23WT5G35TOPAG4J6WZ6TYG4YSJ3FD 2013-03-15T15:14:03Z
Mar 15, 2013 3:33:53 PM net.blogracy.controller.DistributedHashTable$LookupListener <init>
INFO: lookup-req SWI7C4YMQI563SVAW53AJHTB5LRITAGF
Mar 15, 2013 3:33:53 PM net.blogracy.controller.DistributedHashTable$LookupListener onMessage
INFO: lookup-ans SWI7C4YMQI563SVAW53AJHTB5LRITAGF 2013-03-15T15:32:10Z 2013-03-15T15:33:53Z 263
Mar 15, 2013 3:33:53 PM net.blogracy.controller.DistributedHashTable$DownloadListener <init>
INFO: download-req SWI7C4YMQI563SVAW53AJHTB5LRITAGF 2013-03-15T15:32:10Z
Mar 15, 2013 3:34:07 PM net.blogracy.controller.DistributedHashTable$LookupListener <init>
INFO: lookup-req LDXIBS5B7I2LVRVKJGQK52WMMSHWJGK5
Mar 15, 2013 3:34:07 PM net.blogracy.controller.DistributedHashTable$LookupListener onMessage
INFO: lookup-ans LDXIBS5B7I2LVRVKJGQK52WMMSHWJGK5 2013-03-15T15:30:20Z 2013-03-15T15:34:07Z 193
Mar 15, 2013 3:34:07 PM net.blogracy.controller.DistributedHashTable$DownloadListener <init>
INFO: download-req LDXIBS5B7I2LVRVKJGQK52WMMSHWJGK5 2013-03-15T15:30:20Z
Mar 15, 2013 3:34:21 PM net.blogracy.controller.DistributedHashTable$LookupListener <init>
INFO: lookup-req OL65LQYSH3BAO6TGPHZIFC72WVGFD6PR
Mar 15, 2013 3:34:22 PM net.blogracy.controller.DistributedHashTable$LookupListener onMessage
INFO: lookup-ans OL65LQYSH3BAO6TGPHZIFC72WVGFD6PR 2013-03-15T15:31:14Z 2013-03-15T15:34:22Z 342
Mar 15, 2013 3:34:22 PM net.blogracy.controller.DistributedHashTable$DownloadListener <init>
INFO: download-req OL65LQYSH3BAO6TGPHZIFC72WVGFD6PR 2013-03-15T15:31:14Z
Mar 15, 2013 3:34:22 PM net.blogracy.controller.DistributedHashTable$LookupListener onMessage
INFO: lookup-ans OL65LQYSH3BAO6TGPHZIFC72WVGFD6PR 2013-03-15T13:58:24Z 2013-03-15T15:34:22Z 356
Mar 15, 2013 3:34:22 PM net.blogracy.controller.DistributedHashTable$DownloadListener <init>
INFO: download-req OL65LQYSH3BAO6TGPHZIFC72WVGFD6PR 2013-03-15T13:58:24Z
Mar 15, 2013 3:34:22 PM net.blogracy.controller.DistributedHashTable$LookupListener onMessage
INFO: lookup-ans OL65LQYSH3BAO6TGPHZIFC72WVGFD6PR 2013-03-15T10:53:19Z 2013-03-15T15:34:22Z 368
Mar 15, 2013 3:34:22 PM net.blogracy.controller.DistributedHashTable$DownloadListener <init>
INFO: download-req OL65LQYSH3BAO6TGPHZIFC72WVGFD6PR 2013-03-15T10:53:19Z
Mar 15, 2013 3:34:22 PM net.blogracy.controller.DistributedHashTable$LookupListener onMessage
INFO: lookup-ans OL65LQYSH3BAO6TGPHZIFC72WVGFD6PR 2013-03-15T13:51:26Z 2013-03-15T15:34:22Z 500
Mar 15, 2013 3:34:22 PM net.blogracy.controller.DistributedHashTable$DownloadListener <init>
INFO: download-req OL65LQYSH3BAO6TGPHZIFC72WVGFD6PR 2013-03-15T13:51:26Z
Mar 15, 2013 3:34:22 PM net.blogracy.controller.DistributedHashTable$LookupListener onMessage
INFO: lookup-ans OL65LQYSH3BAO6TGPHZIFC72WVGFD6PR 2013-03-15T10:48:19Z 2013-03-15T15:34:22Z 599
Mar 15, 2013 3:34:22 PM net.blogracy.controller.DistributedHashTable$DownloadListener <init>
INFO: download-req OL65LQYSH3BAO6TGPHZIFC72WVGFD6PR 2013-03-15T10:48:19Z
Mar 15, 2013 3:34:22 PM net.blogracy.controller.DistributedHashTable$LookupListener onMessage
INFO: lookup-ans OL65LQYSH3BAO6TGPHZIFC72WVGFD6PR 2013-03-15T10:28:19Z 2013-03-15T15:34:22Z 612
Mar 15, 2013 3:34:22 PM net.blogracy.controller.DistributedHashTable$DownloadListener <init>
INFO: download-req OL65LQYSH3BAO6TGPHZIFC72WVGFD6PR 2013-03-15T10:28:19Z
Mar 15, 2013 3:34:35 PM net.blogracy.controller.DistributedHashTable$LookupListener <init>
INFO: lookup-req 734RO6HILBSFN7TZMLELFXELO3NKEQPG
Mar 15, 2013 3:34:36 PM net.blogracy.controller.DistributedHashTable$LookupListener onMessage
INFO: lookup-ans 734RO6HILBSFN7TZMLELFXELO3NKEQPG 2013-03-15T15:30:48Z 2013-03-15T15:34:36Z 275
Mar 15, 2013 3:34:36 PM net.blogracy.controller.DistributedHashTable$DownloadListener <init>
INFO: download-req 734RO6HILBSFN7TZMLELFXELO3NKEQPG 2013-03-15T15:30:48Z
Mar 15, 2013 3:34:36 PM net.blogracy.controller.DistributedHashTable$LookupListener onMessage
INFO: lookup-ans 734RO6HILBSFN7TZMLELFXELO3NKEQPG 2013-03-15T13:59:35Z 2013-03-15T15:34:36Z 289
Mar 15, 2013 3:34:36 PM net.blogracy.controller.DistributedHashTable$DownloadListener <init>
INFO: download-req 734RO6HILBSFN7TZMLELFXELO3NKEQPG 2013-03-15T13:59:35Z
Mar 15, 2013 3:34:36 PM net.blogracy.controller.DistributedHashTable$LookupListener onMessage
INFO: lookup-ans 734RO6HILBSFN7TZMLELFXELO3NKEQPG 2013-03-15T10:53:42Z 2013-03-15T15:34:36Z 303
Mar 15, 2013 3:34:36 PM net.blogracy.controller.DistributedHashTable$DownloadListener <init>
INFO: download-req 734RO6HILBSFN7TZMLELFXELO3NKEQPG 2013-03-15T10:53:42Z
Mar 15, 2013 3:34:50 PM net.blogracy.controller.DistributedHashTable$LookupListener <init>
INFO: lookup-req ZFV32TGQMAYUCBI6TNT6NDNVK3OCV3E4
Mar 15, 2013 3:34:50 PM net.blogracy.controller.DistributedHashTable$LookupListener onMessage
INFO: lookup-ans ZFV32TGQMAYUCBI6TNT6NDNVK3OCV3E4 2013-03-15T13:55:10Z 2013-03-15T15:34:50Z 510
Mar 15, 2013 3:34:50 PM net.blogracy.controller.DistributedHashTable$DownloadListener <init>
INFO: download-req ZFV32TGQMAYUCBI6TNT6NDNVK3OCV3E4 2013-03-15T13:55:10Z
Mar 15, 2013 3:34:50 PM net.blogracy.controller.DistributedHashTable$LookupListener onMessage
INFO: lookup-ans ZFV32TGQMAYUCBI6TNT6NDNVK3OCV3E4 2013-03-15T10:50:22Z 2013-03-15T15:34:50Z 525
Mar 15, 2013 3:34:50 PM net.blogracy.controller.DistributedHashTable$DownloadListener <init>
INFO: download-req ZFV32TGQMAYUCBI6TNT6NDNVK3OCV3E4 2013-03-15T10:50:22Z
Mar 15, 2013 3:34:50 PM net.blogracy.controller.DistributedHashTable$LookupListener onMessage
INFO: lookup-ans ZFV32TGQMAYUCBI6TNT6NDNVK3OCV3E4 2013-03-15T13:50:09Z 2013-03-15T15:34:50Z 630
Mar 15, 2013 3:34:50 PM net.blogracy.controller.DistributedHashTable$DownloadListener <init>
INFO: download-req ZFV32TGQMAYUCBI6TNT6NDNVK3OCV3E4 2013-03-15T13:50:09Z
Mar 15, 2013 3:35:04 PM net.blogracy.controller.DistributedHashTable$LookupListener <init>
INFO: lookup-req O2LNUOSQV6AMEJPEGJG7OVPK2XZQV3ZE
Mar 15, 2013 3:35:04 PM net.blogracy.controller.DistributedHashTable$LookupListener onMessage
INFO: lookup-ans O2LNUOSQV6AMEJPEGJG7OVPK2XZQV3ZE 2013-03-15T15:31:38Z 2013-03-15T15:35:04Z 274
Mar 15, 2013 3:35:04 PM net.blogracy.controller.DistributedHashTable$DownloadListener <init>
INFO: download-req O2LNUOSQV6AMEJPEGJG7OVPK2XZQV3ZE 2013-03-15T15:31:38Z
Mar 15, 2013 3:35:04 PM net.blogracy.controller.DistributedHashTable$LookupListener onMessage
INFO: lookup-ans O2LNUOSQV6AMEJPEGJG7OVPK2XZQV3ZE 2013-03-15T13:58:34Z 2013-03-15T15:35:04Z 296
Mar 15, 2013 3:35:04 PM net.blogracy.controller.DistributedHashTable$DownloadListener <init>
INFO: download-req O2LNUOSQV6AMEJPEGJG7OVPK2XZQV3ZE 2013-03-15T13:58:34Z
Mar 15, 2013 3:35:04 PM net.blogracy.controller.DistributedHashTable$LookupListener onMessage
INFO: lookup-ans O2LNUOSQV6AMEJPEGJG7OVPK2XZQV3ZE 2013-03-15T10:54:33Z 2013-03-15T15:35:04Z 310
Mar 15, 2013 3:35:04 PM net.blogracy.controller.DistributedHashTable$DownloadListener <init>
INFO: download-req O2LNUOSQV6AMEJPEGJG7OVPK2XZQV3ZE 2013-03-15T10:54:33Z
Mar 15, 2013 3:35:18 PM net.blogracy.controller.DistributedHashTable$LookupListener <init>
INFO: lookup-req RPVEPPTQV6G357V6OCZ4RSFBRAFAP3HM
Mar 15, 2013 3:35:19 PM net.blogracy.controller.DistributedHashTable$LookupListener onMessage
INFO: lookup-ans RPVEPPTQV6G357V6OCZ4RSFBRAFAP3HM 2013-03-15T15:18:10Z 2013-03-15T15:35:19Z 212
Mar 15, 2013 3:35:19 PM net.blogracy.controller.DistributedHashTable$DownloadListener <init>
INFO: download-req RPVEPPTQV6G357V6OCZ4RSFBRAFAP3HM 2013-03-15T15:18:10Z
Mar 15, 2013 3:35:19 PM net.blogracy.controller.DistributedHashTable$LookupListener onMessage
INFO: lookup-ans RPVEPPTQV6G357V6OCZ4RSFBRAFAP3HM 2013-03-15T11:24:23Z 2013-03-15T15:35:19Z 402
Mar 15, 2013 3:35:19 PM net.blogracy.controller.DistributedHashTable$DownloadListener <init>
INFO: download-req RPVEPPTQV6G357V6OCZ4RSFBRAFAP3HM 2013-03-15T11:24:23Z
Mar 15, 2013 3:35:33 PM net.blogracy.controller.DistributedHashTable$LookupListener <init>
INFO: lookup-req 3B73BAT64GOB5DR7NXD7IRSR4Z7GIK4E
Mar 15, 2013 3:35:33 PM net.blogracy.controller.DistributedHashTable$LookupListener onMessage
INFO: lookup-ans 3B73BAT64GOB5DR7NXD7IRSR4Z7GIK4E 2013-03-15T15:16:10Z 2013-03-15T15:35:33Z 383
Mar 15, 2013 3:35:33 PM net.blogracy.controller.DistributedHashTable$DownloadListener <init>
INFO: download-req 3B73BAT64GOB5DR7NXD7IRSR4Z7GIK4E 2013-03-15T15:16:10Z
Mar 15, 2013 3:35:33 PM net.blogracy.controller.DistributedHashTable$LookupListener onMessage
INFO: lookup-ans 3B73BAT64GOB5DR7NXD7IRSR4Z7GIK4E 2013-03-15T11:35:24Z 2013-03-15T15:35:33Z 397
Mar 15, 2013 3:35:33 PM net.blogracy.controller.DistributedHashTable$DownloadListener <init>
INFO: download-req 3B73BAT64GOB5DR7NXD7IRSR4Z7GIK4E 2013-03-15T11:35:24Z
Mar 15, 2013 3:35:47 PM net.blogracy.controller.DistributedHashTable$LookupListener <init>
INFO: lookup-req QF57FG6NEFT7PHOEIFHV734DS7DAMSD2
Mar 15, 2013 3:35:47 PM net.blogracy.controller.DistributedHashTable$LookupListener onMessage
INFO: lookup-ans QF57FG6NEFT7PHOEIFHV734DS7DAMSD2 2013-03-15T15:32:28Z 2013-03-15T15:35:47Z 258
Mar 15, 2013 3:35:47 PM net.blogracy.controller.DistributedHashTable$DownloadListener <init>
INFO: download-req QF57FG6NEFT7PHOEIFHV734DS7DAMSD2 2013-03-15T15:32:28Z
Mar 15, 2013 3:35:47 PM net.blogracy.controller.DistributedHashTable$LookupListener onMessage
INFO: lookup-ans QF57FG6NEFT7PHOEIFHV734DS7DAMSD2 2013-03-15T13:54:38Z 2013-03-15T15:35:47Z 272
Mar 15, 2013 3:35:47 PM net.blogracy.controller.DistributedHashTable$DownloadListener <init>
INFO: download-req QF57FG6NEFT7PHOEIFHV734DS7DAMSD2 2013-03-15T13:54:38Z
Mar 15, 2013 3:36:01 PM net.blogracy.controller.DistributedHashTable$LookupListener <init>
INFO: lookup-req H3WGV7IKX35FZNSFJYEZV4VCFQBSAKEL
Mar 15, 2013 3:36:02 PM net.blogracy.controller.DistributedHashTable$LookupListener onMessage
INFO: lookup-ans H3WGV7IKX35FZNSFJYEZV4VCFQBSAKEL 2013-03-15T15:32:01Z 2013-03-15T15:36:02Z 394
Mar 15, 2013 3:36:02 PM net.blogracy.controller.DistributedHashTable$DownloadListener <init>
INFO: download-req H3WGV7IKX35FZNSFJYEZV4VCFQBSAKEL 2013-03-15T15:32:01Z
Mar 15, 2013 3:36:02 PM net.blogracy.controller.DistributedHashTable$LookupListener onMessage
INFO: lookup-ans H3WGV7IKX35FZNSFJYEZV4VCFQBSAKEL 2013-03-15T13:53:21Z 2013-03-15T15:36:02Z 407
Mar 15, 2013 3:36:02 PM net.blogracy.controller.DistributedHashTable$DownloadListener <init>
INFO: download-req H3WGV7IKX35FZNSFJYEZV4VCFQBSAKEL 2013-03-15T13:53:21Z
Mar 15, 2013 3:36:16 PM net.blogracy.controller.DistributedHashTable$LookupListener <init>
INFO: lookup-req IIFTPYF2OOSC7OUXFHS6JFLCSWAADAGJ
Mar 15, 2013 3:36:16 PM net.blogracy.controller.DistributedHashTable$LookupListener onMessage
INFO: lookup-ans IIFTPYF2OOSC7OUXFHS6JFLCSWAADAGJ 2013-03-15T15:33:00Z 2013-03-15T15:36:16Z 299
Mar 15, 2013 3:36:16 PM net.blogracy.controller.DistributedHashTable$DownloadListener <init>
INFO: download-req IIFTPYF2OOSC7OUXFHS6JFLCSWAADAGJ 2013-03-15T15:33:00Z
Mar 15, 2013 3:36:16 PM net.blogracy.controller.DistributedHashTable$LookupListener onMessage
INFO: lookup-ans IIFTPYF2OOSC7OUXFHS6JFLCSWAADAGJ 2013-03-15T13:59:26Z 2013-03-15T15:36:16Z 343
Mar 15, 2013 3:36:16 PM net.blogracy.controller.DistributedHashTable$DownloadListener <init>
INFO: download-req IIFTPYF2OOSC7OUXFHS6JFLCSWAADAGJ 2013-03-15T13:59:26Z
Mar 15, 2013 3:36:30 PM net.blogracy.controller.DistributedHashTable$LookupListener <init>
INFO: lookup-req REHV2GKZR6BI6E66667LFTNPF42XF5QG
Mar 15, 2013 3:36:30 PM net.blogracy.controller.DistributedHashTable$LookupListener onMessage
INFO: lookup-ans REHV2GKZR6BI6E66667LFTNPF42XF5QG 2013-03-15T15:31:54Z 2013-03-15T15:36:30Z 298
Mar 15, 2013 3:36:30 PM net.blogracy.controller.DistributedHashTable$DownloadListener <init>
INFO: download-req REHV2GKZR6BI6E66667LFTNPF42XF5QG 2013-03-15T15:31:54Z
Mar 15, 2013 3:36:30 PM net.blogracy.controller.DistributedHashTable$LookupListener onMessage
INFO: lookup-ans REHV2GKZR6BI6E66667LFTNPF42XF5QG 2013-03-15T13:55:20Z 2013-03-15T15:36:30Z 312
Mar 15, 2013 3:36:30 PM net.blogracy.controller.DistributedHashTable$DownloadListener <init>
INFO: download-req REHV2GKZR6BI6E66667LFTNPF42XF5QG 2013-03-15T13:55:20Z
Mar 15, 2013 3:36:44 PM net.blogracy.controller.DistributedHashTable$LookupListener <init>
INFO: lookup-req GRRVNWRRA5YPOTR2NJTQK3RXPMJXGKYD
