Mar 15, 2013 3:25:17 PM net.blogracy.controller.DistributedHashTable$LookupListener <init>
INFO: lookup-req OL65LQYSH3BAO6TGPHZIFC72WVGFD6PR
Mar 15, 2013 3:25:18 PM net.blogracy.controller.DistributedHashTable$LookupListener onMessage
INFO: lookup-ans OL65LQYSH3BAO6TGPHZIFC72WVGFD6PR 2013-03-15T15:17:26Z 2013-03-15T15:25:18Z 809
Mar 15, 2013 3:25:18 PM net.blogracy.controller.DistributedHashTable$DownloadListener <init>
INFO: download-req OL65LQYSH3BAO6TGPHZIFC72WVGFD6PR 2013-03-15T15:17:26Z
Mar 15, 2013 3:25:18 PM net.blogracy.controller.DistributedHashTable$LookupListener onMessage
INFO: lookup-ans OL65LQYSH3BAO6TGPHZIFC72WVGFD6PR 2013-03-15T10:53:19Z 2013-03-15T15:25:18Z 1227
Mar 15, 2013 3:25:18 PM net.blogracy.controller.DistributedHashTable$DownloadListener <init>
INFO: download-req OL65LQYSH3BAO6TGPHZIFC72WVGFD6PR 2013-03-15T10:53:19Z
Mar 15, 2013 3:25:19 PM net.blogracy.controller.DistributedHashTable$LookupListener onMessage
INFO: lookup-ans OL65LQYSH3BAO6TGPHZIFC72WVGFD6PR 2013-03-15T13:51:26Z 2013-03-15T15:25:19Z 1541
Mar 15, 2013 3:25:19 PM net.blogracy.controller.DistributedHashTable$DownloadListener <init>
INFO: download-req OL65LQYSH3BAO6TGPHZIFC72WVGFD6PR 2013-03-15T13:51:26Z
Mar 15, 2013 3:25:19 PM net.blogracy.controller.DistributedHashTable$LookupListener onMessage
INFO: lookup-ans OL65LQYSH3BAO6TGPHZIFC72WVGFD6PR 2013-03-15T13:58:24Z 2013-03-15T15:25:19Z 1729
Mar 15, 2013 3:25:19 PM net.blogracy.controller.DistributedHashTable$DownloadListener <init>
INFO: download-req OL65LQYSH3BAO6TGPHZIFC72WVGFD6PR 2013-03-15T13:58:24Z
Mar 15, 2013 3:25:19 PM net.blogracy.controller.DistributedHashTable$LookupListener onMessage
INFO: lookup-ans OL65LQYSH3BAO6TGPHZIFC72WVGFD6PR 2013-03-15T10:48:19Z 2013-03-15T15:25:19Z 2005
Mar 15, 2013 3:25:19 PM net.blogracy.controller.DistributedHashTable$DownloadListener <init>
INFO: download-req OL65LQYSH3BAO6TGPHZIFC72WVGFD6PR 2013-03-15T10:48:19Z
Mar 15, 2013 3:25:32 PM net.blogracy.controller.DistributedHashTable$LookupListener <init>
INFO: lookup-req 734RO6HILBSFN7TZMLELFXELO3NKEQPG
Mar 15, 2013 3:25:33 PM net.blogracy.controller.DistributedHashTable$LookupListener onMessage
INFO: lookup-ans 734RO6HILBSFN7TZMLELFXELO3NKEQPG 2013-03-15T13:59:35Z 2013-03-15T15:25:33Z 1238
Mar 15, 2013 3:25:33 PM net.blogracy.controller.DistributedHashTable$DownloadListener <init>
INFO: download-req 734RO6HILBSFN7TZMLELFXELO3NKEQPG 2013-03-15T13:59:35Z
Mar 15, 2013 3:25:33 PM net.blogracy.controller.DistributedHashTable$LookupListener onMessage
INFO: lookup-ans 734RO6HILBSFN7TZMLELFXELO3NKEQPG 2013-03-15T15:17:24Z 2013-03-15T15:25:33Z 1410
Mar 15, 2013 3:25:33 PM net.blogracy.controller.DistributedHashTable$DownloadListener <init>
INFO: download-req 734RO6HILBSFN7TZMLELFXELO3NKEQPG 2013-03-15T15:17:24Z
Mar 15, 2013 3:25:33 PM net.blogracy.controller.DistributedHashTable$LookupListener onMessage
INFO: lookup-ans 734RO6HILBSFN7TZMLELFXELO3NKEQPG 2013-03-15T10:53:42Z 2013-03-15T15:25:33Z 1493
Mar 15, 2013 3:25:33 PM net.blogracy.controller.DistributedHashTable$DownloadListener <init>
INFO: download-req 734RO6HILBSFN7TZMLELFXELO3NKEQPG 2013-03-15T10:53:42Z
Mar 15, 2013 3:25:34 PM net.blogracy.controller.DistributedHashTable$LookupListener onMessage
INFO: lookup-ans 734RO6HILBSFN7TZMLELFXELO3NKEQPG 2013-03-15T13:53:16Z 2013-03-15T15:25:34Z 2607
Mar 15, 2013 3:25:34 PM net.blogracy.controller.DistributedHashTable$DownloadListener <init>
INFO: download-req 734RO6HILBSFN7TZMLELFXELO3NKEQPG 2013-03-15T13:53:16Z
Mar 15, 2013 3:25:46 PM net.blogracy.controller.DistributedHashTable$LookupListener <init>
INFO: lookup-req ZFV32TGQMAYUCBI6TNT6NDNVK3OCV3E4
Mar 15, 2013 3:25:58 PM net.blogracy.controller.DistributedHashTable$LookupListener onMessage
INFO: lookup-ans ZFV32TGQMAYUCBI6TNT6NDNVK3OCV3E4 2013-03-15T13:55:10Z 2013-03-15T15:25:58Z 11711
Mar 15, 2013 3:25:58 PM net.blogracy.controller.DistributedHashTable$DownloadListener <init>
INFO: download-req ZFV32TGQMAYUCBI6TNT6NDNVK3OCV3E4 2013-03-15T13:55:10Z
Mar 15, 2013 3:25:58 PM net.blogracy.controller.DistributedHashTable$LookupListener onMessage
INFO: lookup-ans ZFV32TGQMAYUCBI6TNT6NDNVK3OCV3E4 2013-03-15T10:50:22Z 2013-03-15T15:25:58Z 11812
Mar 15, 2013 3:25:58 PM net.blogracy.controller.DistributedHashTable$DownloadListener <init>
INFO: download-req ZFV32TGQMAYUCBI6TNT6NDNVK3OCV3E4 2013-03-15T10:50:22Z
Mar 15, 2013 3:25:58 PM net.blogracy.controller.DistributedHashTable$LookupListener onMessage
INFO: lookup-ans ZFV32TGQMAYUCBI6TNT6NDNVK3OCV3E4 2013-03-15T13:50:09Z 2013-03-15T15:25:58Z 12252
Mar 15, 2013 3:25:58 PM net.blogracy.controller.DistributedHashTable$DownloadListener <init>
INFO: download-req ZFV32TGQMAYUCBI6TNT6NDNVK3OCV3E4 2013-03-15T13:50:09Z
Mar 15, 2013 3:26:00 PM net.blogracy.controller.DistributedHashTable$LookupListener <init>
INFO: lookup-req O2LNUOSQV6AMEJPEGJG7OVPK2XZQV3ZE
Mar 15, 2013 3:26:01 PM net.blogracy.controller.DistributedHashTable$LookupListener onMessage
INFO: lookup-ans O2LNUOSQV6AMEJPEGJG7OVPK2XZQV3ZE 2013-03-15T15:17:22Z 2013-03-15T15:26:01Z 382
Mar 15, 2013 3:26:01 PM net.blogracy.controller.DistributedHashTable$DownloadListener <init>
INFO: download-req O2LNUOSQV6AMEJPEGJG7OVPK2XZQV3ZE 2013-03-15T15:17:22Z
Mar 15, 2013 3:26:01 PM net.blogracy.controller.DistributedHashTable$LookupListener onMessage
INFO: lookup-ans O2LNUOSQV6AMEJPEGJG7OVPK2XZQV3ZE 2013-03-15T10:54:33Z 2013-03-15T15:26:01Z 521
Mar 15, 2013 3:26:01 PM net.blogracy.controller.DistributedHashTable$DownloadListener <init>
INFO: download-req O2LNUOSQV6AMEJPEGJG7OVPK2XZQV3ZE 2013-03-15T10:54:33Z
Mar 15, 2013 3:26:01 PM net.blogracy.controller.DistributedHashTable$LookupListener onMessage
INFO: lookup-ans O2LNUOSQV6AMEJPEGJG7OVPK2XZQV3ZE 2013-03-15T13:58:34Z 2013-03-15T15:26:01Z 611
Mar 15, 2013 3:26:01 PM net.blogracy.controller.DistributedHashTable$DownloadListener <init>
INFO: download-req O2LNUOSQV6AMEJPEGJG7OVPK2XZQV3ZE 2013-03-15T13:58:34Z
Mar 15, 2013 3:26:15 PM net.blogracy.controller.DistributedHashTable$LookupListener <init>
INFO: lookup-req RPVEPPTQV6G357V6OCZ4RSFBRAFAP3HM
Mar 15, 2013 3:26:15 PM net.blogracy.controller.DistributedHashTable$LookupListener onMessage
INFO: lookup-ans RPVEPPTQV6G357V6OCZ4RSFBRAFAP3HM 2013-03-15T15:18:10Z 2013-03-15T15:26:15Z 714
Mar 15, 2013 3:26:15 PM net.blogracy.controller.DistributedHashTable$DownloadListener <init>
INFO: download-req RPVEPPTQV6G357V6OCZ4RSFBRAFAP3HM 2013-03-15T15:18:10Z
Mar 15, 2013 3:26:29 PM net.blogracy.controller.DistributedHashTable$LookupListener <init>
INFO: lookup-req 3B73BAT64GOB5DR7NXD7IRSR4Z7GIK4E
Mar 15, 2013 3:26:30 PM net.blogracy.controller.DistributedHashTable$LookupListener onMessage
INFO: lookup-ans 3B73BAT64GOB5DR7NXD7IRSR4Z7GIK4E 2013-03-15T15:16:10Z 2013-03-15T15:26:30Z 264
Mar 15, 2013 3:26:30 PM net.blogracy.controller.DistributedHashTable$DownloadListener <init>
INFO: download-req 3B73BAT64GOB5DR7NXD7IRSR4Z7GIK4E 2013-03-15T15:16:10Z
Mar 15, 2013 3:26:30 PM net.blogracy.controller.DistributedHashTable$LookupListener onMessage
INFO: lookup-ans 3B73BAT64GOB5DR7NXD7IRSR4Z7GIK4E 2013-03-15T11:35:24Z 2013-03-15T15:26:30Z 390
Mar 15, 2013 3:26:30 PM net.blogracy.controller.DistributedHashTable$DownloadListener <init>
INFO: download-req 3B73BAT64GOB5DR7NXD7IRSR4Z7GIK4E 2013-03-15T11:35:24Z
Mar 15, 2013 3:26:44 PM net.blogracy.controller.DistributedHashTable$LookupListener <init>
INFO: lookup-req QF57FG6NEFT7PHOEIFHV734DS7DAMSD2
Mar 15, 2013 3:26:44 PM net.blogracy.controller.DistributedHashTable$LookupListener onMessage
INFO: lookup-ans QF57FG6NEFT7PHOEIFHV734DS7DAMSD2 2013-03-15T13:54:38Z 2013-03-15T15:26:44Z 350
Mar 15, 2013 3:26:44 PM net.blogracy.controller.DistributedHashTable$DownloadListener <init>
INFO: download-req QF57FG6NEFT7PHOEIFHV734DS7DAMSD2 2013-03-15T13:54:38Z
Mar 15, 2013 3:26:58 PM net.blogracy.controller.DistributedHashTable$LookupListener <init>
INFO: lookup-req H3WGV7IKX35FZNSFJYEZV4VCFQBSAKEL
Mar 15, 2013 3:26:59 PM net.blogracy.controller.DistributedHashTable$LookupListener onMessage
INFO: lookup-ans H3WGV7IKX35FZNSFJYEZV4VCFQBSAKEL 2013-03-15T15:20:39Z 2013-03-15T15:26:59Z 775
Mar 15, 2013 3:26:59 PM net.blogracy.controller.DistributedHashTable$DownloadListener <init>
INFO: download-req H3WGV7IKX35FZNSFJYEZV4VCFQBSAKEL 2013-03-15T15:20:39Z
Mar 15, 2013 3:26:59 PM net.blogracy.controller.DistributedHashTable$LookupListener onMessage
INFO: lookup-ans H3WGV7IKX35FZNSFJYEZV4VCFQBSAKEL 2013-03-15T13:53:21Z 2013-03-15T15:26:59Z 889
Mar 15, 2013 3:26:59 PM net.blogracy.controller.DistributedHashTable$DownloadListener <init>
INFO: download-req H3WGV7IKX35FZNSFJYEZV4VCFQBSAKEL 2013-03-15T13:53:21Z
Mar 15, 2013 3:27:12 PM net.blogracy.controller.DistributedHashTable$LookupListener <init>
INFO: lookup-req JZY6QFFDO2J4RQXM6QEFAMCKPOBHYFWR
Mar 15, 2013 3:27:13 PM net.blogracy.controller.DistributedHashTable$LookupListener onMessage
INFO: lookup-ans JZY6QFFDO2J4RQXM6QEFAMCKPOBHYFWR 2013-03-15T13:58:25Z 2013-03-15T15:27:13Z 240
Mar 15, 2013 3:27:13 PM net.blogracy.controller.DistributedHashTable$DownloadListener <init>
INFO: download-req JZY6QFFDO2J4RQXM6QEFAMCKPOBHYFWR 2013-03-15T13:58:25Z
Mar 15, 2013 3:27:13 PM net.blogracy.controller.DistributedHashTable$LookupListener onMessage
INFO: lookup-ans JZY6QFFDO2J4RQXM6QEFAMCKPOBHYFWR 2013-03-15T15:24:20Z 2013-03-15T15:27:13Z 316
Mar 15, 2013 3:27:13 PM net.blogracy.controller.DistributedHashTable$DownloadListener <init>
INFO: download-req JZY6QFFDO2J4RQXM6QEFAMCKPOBHYFWR 2013-03-15T15:24:20Z
Mar 15, 2013 3:27:27 PM net.blogracy.controller.DistributedHashTable$LookupListener <init>
INFO: lookup-req IIFTPYF2OOSC7OUXFHS6JFLCSWAADAGJ
Mar 15, 2013 3:27:27 PM net.blogracy.controller.DistributedHashTable$LookupListener onMessage
INFO: lookup-ans IIFTPYF2OOSC7OUXFHS6JFLCSWAADAGJ 2013-03-15T15:19:17Z 2013-03-15T15:27:27Z 372
Mar 15, 2013 3:27:27 PM net.blogracy.controller.DistributedHashTable$DownloadListener <init>
INFO: download-req IIFTPYF2OOSC7OUXFHS6JFLCSWAADAGJ 2013-03-15T15:19:17Z
Mar 15, 2013 3:27:27 PM net.blogracy.controller.DistributedHashTable$LookupListener onMessage
INFO: lookup-ans IIFTPYF2OOSC7OUXFHS6JFLCSWAADAGJ 2013-03-15T13:59:26Z 2013-03-15T15:27:27Z 570
Mar 15, 2013 3:27:27 PM net.blogracy.controller.DistributedHashTable$DownloadListener <init>
INFO: download-req IIFTPYF2OOSC7OUXFHS6JFLCSWAADAGJ 2013-03-15T13:59:26Z
Mar 15, 2013 3:27:41 PM net.blogracy.controller.DistributedHashTable$LookupListener <init>
INFO: lookup-req REHV2GKZR6BI6E66667LFTNPF42XF5QG
Mar 15, 2013 3:27:42 PM net.blogracy.controller.DistributedHashTable$LookupListener onMessage
INFO: lookup-ans REHV2GKZR6BI6E66667LFTNPF42XF5QG 2013-03-15T13:55:20Z 2013-03-15T15:27:42Z 543
Mar 15, 2013 3:27:42 PM net.blogracy.controller.DistributedHashTable$DownloadListener <init>
INFO: download-req REHV2GKZR6BI6E66667LFTNPF42XF5QG 2013-03-15T13:55:20Z
Mar 15, 2013 3:27:42 PM net.blogracy.controller.DistributedHashTable$LookupListener onMessage
INFO: lookup-ans REHV2GKZR6BI6E66667LFTNPF42XF5QG 2013-03-15T15:26:52Z 2013-03-15T15:27:42Z 644
Mar 15, 2013 3:27:42 PM net.blogracy.controller.DistributedHashTable$DownloadListener <init>
INFO: download-req REHV2GKZR6BI6E66667LFTNPF42XF5QG 2013-03-15T15:26:52Z
Mar 15, 2013 3:27:55 PM net.blogracy.controller.DistributedHashTable$LookupListener <init>
INFO: lookup-req GRRVNWRRA5YPOTR2NJTQK3RXPMJXGKYD
Mar 15, 2013 3:27:56 PM net.blogracy.controller.DistributedHashTable$LookupListener onMessage
INFO: lookup-ans GRRVNWRRA5YPOTR2NJTQK3RXPMJXGKYD 2013-03-15T15:11:31Z 2013-03-15T15:27:56Z 471
Mar 15, 2013 3:27:56 PM net.blogracy.controller.DistributedHashTable$DownloadListener <init>
INFO: download-req GRRVNWRRA5YPOTR2NJTQK3RXPMJXGKYD 2013-03-15T15:11:31Z
Mar 15, 2013 3:27:56 PM net.blogracy.controller.DistributedHashTable$LookupListener onMessage
INFO: lookup-ans GRRVNWRRA5YPOTR2NJTQK3RXPMJXGKYD 2013-03-15T13:55:43Z 2013-03-15T15:27:56Z 568
Mar 15, 2013 3:27:56 PM net.blogracy.controller.DistributedHashTable$DownloadListener <init>
INFO: download-req GRRVNWRRA5YPOTR2NJTQK3RXPMJXGKYD 2013-03-15T13:55:43Z
Mar 15, 2013 3:28:09 PM net.blogracy.controller.DistributedHashTable$LookupListener onMessage
INFO: lookup-ans GRRVNWRRA5YPOTR2NJTQK3RXPMJXGKYD 2013-03-15T15:27:22Z 2013-03-15T15:28:09Z 13227
Mar 15, 2013 3:28:09 PM net.blogracy.controller.DistributedHashTable$DownloadListener <init>
INFO: download-req GRRVNWRRA5YPOTR2NJTQK3RXPMJXGKYD 2013-03-15T15:27:22Z
Mar 15, 2013 3:28:09 PM net.blogracy.controller.DistributedHashTable$LookupListener onMessage
INFO: lookup-ans GRRVNWRRA5YPOTR2NJTQK3RXPMJXGKYD 2013-03-15T13:50:43Z 2013-03-15T15:28:09Z 13319
Mar 15, 2013 3:28:09 PM net.blogracy.controller.DistributedHashTable$DownloadListener <init>
INFO: download-req GRRVNWRRA5YPOTR2NJTQK3RXPMJXGKYD 2013-03-15T13:50:43Z
Mar 15, 2013 3:28:10 PM net.blogracy.controller.DistributedHashTable$LookupListener <init>
INFO: lookup-req HPQLSAFOTHT5XCF6AXRN65UWQXL75VUB
Mar 15, 2013 3:28:24 PM net.blogracy.controller.DistributedHashTable$LookupListener <init>
INFO: lookup-req NUHK7LXC3JZZQ6EB2RKPAXMUYX7DF7UI
Mar 15, 2013 3:28:25 PM net.blogracy.controller.DistributedHashTable$LookupListener onMessage
INFO: lookup-ans NUHK7LXC3JZZQ6EB2RKPAXMUYX7DF7UI 2013-03-15T15:27:37Z 2013-03-15T15:28:25Z 591
Mar 15, 2013 3:28:25 PM net.blogracy.controller.DistributedHashTable$DownloadListener <init>
INFO: download-req NUHK7LXC3JZZQ6EB2RKPAXMUYX7DF7UI 2013-03-15T15:27:37Z
Mar 15, 2013 3:28:39 PM net.blogracy.controller.DistributedHashTable$LookupListener <init>
INFO: lookup-req NZYND2IBFUU2CASIWQ2GFYLCZFN7LPE4
Mar 15, 2013 3:28:39 PM net.blogracy.controller.DistributedHashTable$LookupListener onMessage
INFO: lookup-ans NZYND2IBFUU2CASIWQ2GFYLCZFN7LPE4 2013-03-15T15:19:16Z 2013-03-15T15:28:39Z 709
Mar 15, 2013 3:28:39 PM net.blogracy.controller.DistributedHashTable$DownloadListener <init>
INFO: download-req NZYND2IBFUU2CASIWQ2GFYLCZFN7LPE4 2013-03-15T15:19:16Z
Mar 15, 2013 3:28:53 PM net.blogracy.controller.DistributedHashTable$LookupListener <init>
INFO: lookup-req YXD54PHMST7F6XYMRUQLDRPLP6Y6SRNB
Mar 15, 2013 3:28:53 PM net.blogracy.controller.DistributedHashTable$LookupListener onMessage
INFO: lookup-ans YXD54PHMST7F6XYMRUQLDRPLP6Y6SRNB 2013-03-15T15:14:22Z 2013-03-15T15:28:53Z 508
Mar 15, 2013 3:28:53 PM net.blogracy.controller.DistributedHashTable$DownloadListener <init>
INFO: download-req YXD54PHMST7F6XYMRUQLDRPLP6Y6SRNB 2013-03-15T15:14:22Z
Mar 15, 2013 3:29:07 PM net.blogracy.controller.DistributedHashTable$LookupListener <init>
INFO: lookup-req 572ZWE3WA7Y4FO3XQSKJS4ML56OPR2PR
Mar 15, 2013 3:29:22 PM net.blogracy.controller.DistributedHashTable$LookupListener <init>
INFO: lookup-req SC5MBBBISROYHFVVJVDK7E3SHNCWYJAC
Mar 15, 2013 3:29:22 PM net.blogracy.controller.DistributedHashTable$LookupListener onMessage
INFO: lookup-ans SC5MBBBISROYHFVVJVDK7E3SHNCWYJAC 2013-03-15T15:14:55Z 2013-03-15T15:29:22Z 667
Mar 15, 2013 3:29:22 PM net.blogracy.controller.DistributedHashTable$DownloadListener <init>
INFO: download-req SC5MBBBISROYHFVVJVDK7E3SHNCWYJAC 2013-03-15T15:14:55Z
Mar 15, 2013 3:29:36 PM net.blogracy.controller.DistributedHashTable$LookupListener <init>
INFO: lookup-req ZQGMNDNSCMPFM5U25GRXYJTTB5SYLW7Z
Mar 15, 2013 3:29:36 PM net.blogracy.controller.DistributedHashTable$LookupListener onMessage
INFO: lookup-ans ZQGMNDNSCMPFM5U25GRXYJTTB5SYLW7Z 2013-03-15T15:17:05Z 2013-03-15T15:29:36Z 333
Mar 15, 2013 3:29:36 PM net.blogracy.controller.DistributedHashTable$DownloadListener <init>
INFO: download-req ZQGMNDNSCMPFM5U25GRXYJTTB5SYLW7Z 2013-03-15T15:17:05Z
Mar 15, 2013 3:29:50 PM net.blogracy.controller.DistributedHashTable$LookupListener <init>
INFO: lookup-req BIL23WT5G35TOPAG4J6WZ6TYG4YSJ3FD
Mar 15, 2013 3:29:51 PM net.blogracy.controller.DistributedHashTable$LookupListener onMessage
INFO: lookup-ans BIL23WT5G35TOPAG4J6WZ6TYG4YSJ3FD 2013-03-15T15:14:03Z 2013-03-15T15:29:51Z 665
Mar 15, 2013 3:29:51 PM net.blogracy.controller.DistributedHashTable$DownloadListener <init>
INFO: download-req BIL23WT5G35TOPAG4J6WZ6TYG4YSJ3FD 2013-03-15T15:14:03Z
Mar 15, 2013 3:30:05 PM net.blogracy.controller.DistributedHashTable$LookupListener <init>
INFO: lookup-req SWI7C4YMQI563SVAW53AJHTB5LRITAGF
Mar 15, 2013 3:30:05 PM net.blogracy.controller.DistributedHashTable$LookupListener onMessage
INFO: lookup-ans SWI7C4YMQI563SVAW53AJHTB5LRITAGF 2013-03-15T15:27:08Z 2013-03-15T15:30:05Z 594
Mar 15, 2013 3:30:05 PM net.blogracy.controller.DistributedHashTable$DownloadListener <init>
INFO: download-req SWI7C4YMQI563SVAW53AJHTB5LRITAGF 2013-03-15T15:27:08Z
Mar 15, 2013 3:30:21 PM net.blogracy.controller.DistributedHashTable$LookupListener <init>
INFO: lookup-req OL65LQYSH3BAO6TGPHZIFC72WVGFD6PR
Mar 15, 2013 3:30:22 PM net.blogracy.controller.DistributedHashTable$LookupListener onMessage
INFO: lookup-ans OL65LQYSH3BAO6TGPHZIFC72WVGFD6PR 2013-03-15T15:26:13Z 2013-03-15T15:30:22Z 561
Mar 15, 2013 3:30:22 PM net.blogracy.controller.DistributedHashTable$DownloadListener <init>
INFO: download-req OL65LQYSH3BAO6TGPHZIFC72WVGFD6PR 2013-03-15T15:26:13Z
Mar 15, 2013 3:30:22 PM net.blogracy.controller.DistributedHashTable$LookupListener onMessage
INFO: lookup-ans OL65LQYSH3BAO6TGPHZIFC72WVGFD6PR 2013-03-15T13:58:24Z 2013-03-15T15:30:22Z 755
Mar 15, 2013 3:30:22 PM net.blogracy.controller.DistributedHashTable$DownloadListener <init>
INFO: download-req OL65LQYSH3BAO6TGPHZIFC72WVGFD6PR 2013-03-15T13:58:24Z
Mar 15, 2013 3:30:22 PM net.blogracy.controller.DistributedHashTable$LookupListener onMessage
INFO: lookup-ans OL65LQYSH3BAO6TGPHZIFC72WVGFD6PR 2013-03-15T10:53:19Z 2013-03-15T15:30:22Z 1053
Mar 15, 2013 3:30:22 PM net.blogracy.controller.DistributedHashTable$DownloadListener <init>
INFO: download-req OL65LQYSH3BAO6TGPHZIFC72WVGFD6PR 2013-03-15T10:53:19Z
Mar 15, 2013 3:30:22 PM net.blogracy.controller.DistributedHashTable$LookupListener onMessage
INFO: lookup-ans OL65LQYSH3BAO6TGPHZIFC72WVGFD6PR 2013-03-15T10:48:19Z 2013-03-15T15:30:22Z 1226
Mar 15, 2013 3:30:22 PM net.blogracy.controller.DistributedHashTable$DownloadListener <init>
INFO: download-req OL65LQYSH3BAO6TGPHZIFC72WVGFD6PR 2013-03-15T10:48:19Z
Mar 15, 2013 3:30:35 PM net.blogracy.controller.DistributedHashTable$LookupListener <init>
INFO: lookup-req 734RO6HILBSFN7TZMLELFXELO3NKEQPG
Mar 15, 2013 3:30:36 PM net.blogracy.controller.DistributedHashTable$LookupListener onMessage
INFO: lookup-ans 734RO6HILBSFN7TZMLELFXELO3NKEQPG 2013-03-15T13:59:35Z 2013-03-15T15:30:36Z 488
Mar 15, 2013 3:30:36 PM net.blogracy.controller.DistributedHashTable$DownloadListener <init>
INFO: download-req 734RO6HILBSFN7TZMLELFXELO3NKEQPG 2013-03-15T13:59:35Z
Mar 15, 2013 3:30:36 PM net.blogracy.controller.DistributedHashTable$LookupListener onMessage
INFO: lookup-ans 734RO6HILBSFN7TZMLELFXELO3NKEQPG 2013-03-15T15:25:45Z 2013-03-15T15:30:36Z 623
Mar 15, 2013 3:30:36 PM net.blogracy.controller.DistributedHashTable$DownloadListener <init>
INFO: download-req 734RO6HILBSFN7TZMLELFXELO3NKEQPG 2013-03-15T15:25:45Z
Mar 15, 2013 3:30:36 PM net.blogracy.controller.DistributedHashTable$LookupListener onMessage
INFO: lookup-ans 734RO6HILBSFN7TZMLELFXELO3NKEQPG 2013-03-15T10:53:42Z 2013-03-15T15:30:36Z 755
Mar 15, 2013 3:30:36 PM net.blogracy.controller.DistributedHashTable$DownloadListener <init>
INFO: download-req 734RO6HILBSFN7TZMLELFXELO3NKEQPG 2013-03-15T10:53:42Z
Mar 15, 2013 3:30:50 PM net.blogracy.controller.DistributedHashTable$LookupListener <init>
INFO: lookup-req ZFV32TGQMAYUCBI6TNT6NDNVK3OCV3E4
Mar 15, 2013 3:30:50 PM net.blogracy.controller.DistributedHashTable$LookupListener onMessage
INFO: lookup-ans ZFV32TGQMAYUCBI6TNT6NDNVK3OCV3E4 2013-03-15T13:50:09Z 2013-03-15T15:30:50Z 601
Mar 15, 2013 3:30:50 PM net.blogracy.controller.DistributedHashTable$DownloadListener <init>
INFO: download-req ZFV32TGQMAYUCBI6TNT6NDNVK3OCV3E4 2013-03-15T13:50:09Z
Mar 15, 2013 3:31:04 PM net.blogracy.controller.DistributedHashTable$LookupListener <init>
INFO: lookup-req O2LNUOSQV6AMEJPEGJG7OVPK2XZQV3ZE
Mar 15, 2013 3:31:04 PM net.blogracy.controller.DistributedHashTable$LookupListener onMessage
INFO: lookup-ans ZFV32TGQMAYUCBI6TNT6NDNVK3OCV3E4 2013-03-15T10:50:22Z 2013-03-15T15:31:04Z 14571
Mar 15, 2013 3:31:04 PM net.blogracy.controller.DistributedHashTable$DownloadListener <init>
INFO: download-req ZFV32TGQMAYUCBI6TNT6NDNVK3OCV3E4 2013-03-15T10:50:22Z
Mar 15, 2013 3:31:04 PM net.blogracy.controller.DistributedHashTable$LookupListener onMessage
INFO: lookup-ans ZFV32TGQMAYUCBI6TNT6NDNVK3OCV3E4 2013-03-15T13:55:10Z 2013-03-15T15:31:04Z 14690
Mar 15, 2013 3:31:04 PM net.blogracy.controller.DistributedHashTable$DownloadListener <init>
INFO: download-req ZFV32TGQMAYUCBI6TNT6NDNVK3OCV3E4 2013-03-15T13:55:10Z
Mar 15, 2013 3:31:05 PM net.blogracy.controller.DistributedHashTable$LookupListener onMessage
INFO: lookup-ans O2LNUOSQV6AMEJPEGJG7OVPK2XZQV3ZE 2013-03-15T15:17:22Z 2013-03-15T15:31:05Z 867
Mar 15, 2013 3:31:05 PM net.blogracy.controller.DistributedHashTable$DownloadListener <init>
INFO: download-req O2LNUOSQV6AMEJPEGJG7OVPK2XZQV3ZE 2013-03-15T15:17:22Z
Mar 15, 2013 3:31:05 PM net.blogracy.controller.DistributedHashTable$LookupListener onMessage
INFO: lookup-ans O2LNUOSQV6AMEJPEGJG7OVPK2XZQV3ZE 2013-03-15T13:58:34Z 2013-03-15T15:31:05Z 992
Mar 15, 2013 3:31:05 PM net.blogracy.controller.DistributedHashTable$DownloadListener <init>
INFO: download-req O2LNUOSQV6AMEJPEGJG7OVPK2XZQV3ZE 2013-03-15T13:58:34Z
Mar 15, 2013 3:31:05 PM net.blogracy.controller.DistributedHashTable$LookupListener onMessage
INFO: lookup-ans O2LNUOSQV6AMEJPEGJG7OVPK2XZQV3ZE 2013-03-15T10:54:33Z 2013-03-15T15:31:05Z 1094
Mar 15, 2013 3:31:05 PM net.blogracy.controller.DistributedHashTable$DownloadListener <init>
INFO: download-req O2LNUOSQV6AMEJPEGJG7OVPK2XZQV3ZE 2013-03-15T10:54:33Z
Mar 15, 2013 3:31:18 PM net.blogracy.controller.DistributedHashTable$LookupListener <init>
INFO: lookup-req RPVEPPTQV6G357V6OCZ4RSFBRAFAP3HM
Mar 15, 2013 3:31:19 PM net.blogracy.controller.DistributedHashTable$LookupListener onMessage
INFO: lookup-ans RPVEPPTQV6G357V6OCZ4RSFBRAFAP3HM 2013-03-15T15:18:10Z 2013-03-15T15:31:19Z 484
Mar 15, 2013 3:31:19 PM net.blogracy.controller.DistributedHashTable$DownloadListener <init>
INFO: download-req RPVEPPTQV6G357V6OCZ4RSFBRAFAP3HM 2013-03-15T15:18:10Z
Mar 15, 2013 3:31:19 PM net.blogracy.controller.DistributedHashTable$LookupListener onMessage
INFO: lookup-ans O2LNUOSQV6AMEJPEGJG7OVPK2XZQV3ZE 2013-03-15T15:26:37Z 2013-03-15T15:31:19Z 15097
Mar 15, 2013 3:31:19 PM net.blogracy.controller.DistributedHashTable$DownloadListener <init>
INFO: download-req O2LNUOSQV6AMEJPEGJG7OVPK2XZQV3ZE 2013-03-15T15:26:37Z
Mar 15, 2013 3:31:33 PM net.blogracy.controller.DistributedHashTable$LookupListener <init>
INFO: lookup-req 3B73BAT64GOB5DR7NXD7IRSR4Z7GIK4E
Mar 15, 2013 3:31:33 PM net.blogracy.controller.DistributedHashTable$LookupListener onMessage
INFO: lookup-ans 3B73BAT64GOB5DR7NXD7IRSR4Z7GIK4E 2013-03-15T15:16:10Z 2013-03-15T15:31:33Z 249
Mar 15, 2013 3:31:33 PM net.blogracy.controller.DistributedHashTable$DownloadListener <init>
INFO: download-req 3B73BAT64GOB5DR7NXD7IRSR4Z7GIK4E 2013-03-15T15:16:10Z
Mar 15, 2013 3:31:33 PM net.blogracy.controller.DistributedHashTable$LookupListener onMessage
INFO: lookup-ans 3B73BAT64GOB5DR7NXD7IRSR4Z7GIK4E 2013-03-15T11:35:24Z 2013-03-15T15:31:33Z 409
Mar 15, 2013 3:31:33 PM net.blogracy.controller.DistributedHashTable$DownloadListener <init>
INFO: download-req 3B73BAT64GOB5DR7NXD7IRSR4Z7GIK4E 2013-03-15T11:35:24Z
Mar 15, 2013 3:31:47 PM net.blogracy.controller.DistributedHashTable$LookupListener <init>
INFO: lookup-req QF57FG6NEFT7PHOEIFHV734DS7DAMSD2
Mar 15, 2013 3:31:48 PM net.blogracy.controller.DistributedHashTable$LookupListener onMessage
INFO: lookup-ans QF57FG6NEFT7PHOEIFHV734DS7DAMSD2 2013-03-15T15:27:26Z 2013-03-15T15:31:48Z 575
Mar 15, 2013 3:31:48 PM net.blogracy.controller.DistributedHashTable$DownloadListener <init>
INFO: download-req QF57FG6NEFT7PHOEIFHV734DS7DAMSD2 2013-03-15T15:27:26Z
Mar 15, 2013 3:31:48 PM net.blogracy.controller.DistributedHashTable$LookupListener onMessage
INFO: lookup-ans QF57FG6NEFT7PHOEIFHV734DS7DAMSD2 2013-03-15T13:54:38Z 2013-03-15T15:31:48Z 697
Mar 15, 2013 3:31:48 PM net.blogracy.controller.DistributedHashTable$DownloadListener <init>
INFO: download-req QF57FG6NEFT7PHOEIFHV734DS7DAMSD2 2013-03-15T13:54:38Z
Mar 15, 2013 3:32:02 PM net.blogracy.controller.DistributedHashTable$LookupListener <init>
INFO: lookup-req H3WGV7IKX35FZNSFJYEZV4VCFQBSAKEL
Mar 15, 2013 3:32:02 PM net.blogracy.controller.DistributedHashTable$LookupListener onMessage
INFO: lookup-ans H3WGV7IKX35FZNSFJYEZV4VCFQBSAKEL 2013-03-15T13:53:21Z 2013-03-15T15:32:02Z 346
Mar 15, 2013 3:32:02 PM net.blogracy.controller.DistributedHashTable$DownloadListener <init>
INFO: download-req H3WGV7IKX35FZNSFJYEZV4VCFQBSAKEL 2013-03-15T13:53:21Z
Mar 15, 2013 3:32:02 PM net.blogracy.controller.DistributedHashTable$LookupListener onMessage
INFO: lookup-ans H3WGV7IKX35FZNSFJYEZV4VCFQBSAKEL 2013-03-15T15:27:00Z 2013-03-15T15:32:02Z 438
Mar 15, 2013 3:32:02 PM net.blogracy.controller.DistributedHashTable$DownloadListener <init>
INFO: download-req H3WGV7IKX35FZNSFJYEZV4VCFQBSAKEL 2013-03-15T15:27:00Z
Mar 15, 2013 3:32:16 PM net.blogracy.controller.DistributedHashTable$LookupListener <init>
INFO: lookup-req JZY6QFFDO2J4RQXM6QEFAMCKPOBHYFWR
Mar 15, 2013 3:32:16 PM net.blogracy.controller.DistributedHashTable$LookupListener onMessage
INFO: lookup-ans JZY6QFFDO2J4RQXM6QEFAMCKPOBHYFWR 2013-03-15T15:29:21Z 2013-03-15T15:32:16Z 337
Mar 15, 2013 3:32:16 PM net.blogracy.controller.DistributedHashTable$DownloadListener <init>
INFO: download-req JZY6QFFDO2J4RQXM6QEFAMCKPOBHYFWR 2013-03-15T15:29:21Z
Mar 15, 2013 3:32:16 PM net.blogracy.controller.DistributedHashTable$LookupListener onMessage
INFO: lookup-ans JZY6QFFDO2J4RQXM6QEFAMCKPOBHYFWR 2013-03-15T13:58:25Z 2013-03-15T15:32:16Z 460
Mar 15, 2013 3:32:17 PM net.blogracy.controller.DistributedHashTable$DownloadListener <init>
INFO: download-req JZY6QFFDO2J4RQXM6QEFAMCKPOBHYFWR 2013-03-15T13:58:25Z
Mar 15, 2013 3:32:30 PM net.blogracy.controller.DistributedHashTable$LookupListener <init>
INFO: lookup-req IIFTPYF2OOSC7OUXFHS6JFLCSWAADAGJ
Mar 15, 2013 3:32:31 PM net.blogracy.controller.DistributedHashTable$LookupListener onMessage
INFO: lookup-ans IIFTPYF2OOSC7OUXFHS6JFLCSWAADAGJ 2013-03-15T15:27:59Z 2013-03-15T15:32:31Z 373
Mar 15, 2013 3:32:31 PM net.blogracy.controller.DistributedHashTable$DownloadListener <init>
INFO: download-req IIFTPYF2OOSC7OUXFHS6JFLCSWAADAGJ 2013-03-15T15:27:59Z
Mar 15, 2013 3:32:31 PM net.blogracy.controller.DistributedHashTable$LookupListener onMessage
INFO: lookup-ans IIFTPYF2OOSC7OUXFHS6JFLCSWAADAGJ 2013-03-15T13:59:26Z 2013-03-15T15:32:31Z 482
Mar 15, 2013 3:32:31 PM net.blogracy.controller.DistributedHashTable$DownloadListener <init>
INFO: download-req IIFTPYF2OOSC7OUXFHS6JFLCSWAADAGJ 2013-03-15T13:59:26Z
Mar 15, 2013 3:32:45 PM net.blogracy.controller.DistributedHashTable$LookupListener <init>
INFO: lookup-req REHV2GKZR6BI6E66667LFTNPF42XF5QG
Mar 15, 2013 3:32:45 PM net.blogracy.controller.DistributedHashTable$LookupListener onMessage
INFO: lookup-ans REHV2GKZR6BI6E66667LFTNPF42XF5QG 2013-03-15T15:26:52Z 2013-03-15T15:32:45Z 691
Mar 15, 2013 3:32:45 PM net.blogracy.controller.DistributedHashTable$DownloadListener <init>
INFO: download-req REHV2GKZR6BI6E66667LFTNPF42XF5QG 2013-03-15T15:26:52Z
Mar 15, 2013 3:32:46 PM net.blogracy.controller.DistributedHashTable$LookupListener onMessage
INFO: lookup-ans REHV2GKZR6BI6E66667LFTNPF42XF5QG 2013-03-15T13:55:20Z 2013-03-15T15:32:46Z 873
Mar 15, 2013 3:32:46 PM net.blogracy.controller.DistributedHashTable$DownloadListener <init>
INFO: download-req REHV2GKZR6BI6E66667LFTNPF42XF5QG 2013-03-15T13:55:20Z
Mar 15, 2013 3:32:59 PM net.blogracy.controller.DistributedHashTable$LookupListener <init>
INFO: lookup-req GRRVNWRRA5YPOTR2NJTQK3RXPMJXGKYD
Mar 15, 2013 3:33:00 PM net.blogracy.controller.DistributedHashTable$LookupListener onMessage
INFO: lookup-ans GRRVNWRRA5YPOTR2NJTQK3RXPMJXGKYD 2013-03-15T15:32:23Z 2013-03-15T15:33:00Z 506
Mar 15, 2013 3:33:00 PM net.blogracy.controller.DistributedHashTable$DownloadListener <init>
INFO: download-req GRRVNWRRA5YPOTR2NJTQK3RXPMJXGKYD 2013-03-15T15:32:23Z
Mar 15, 2013 3:33:00 PM net.blogracy.controller.DistributedHashTable$LookupListener onMessage
INFO: lookup-ans GRRVNWRRA5YPOTR2NJTQK3RXPMJXGKYD 2013-03-15T13:55:43Z 2013-03-15T15:33:00Z 714
Mar 15, 2013 3:33:00 PM net.blogracy.controller.DistributedHashTable$DownloadListener <init>
INFO: download-req GRRVNWRRA5YPOTR2NJTQK3RXPMJXGKYD 2013-03-15T13:55:43Z
Mar 15, 2013 3:33:14 PM net.blogracy.controller.DistributedHashTable$LookupListener <init>
INFO: lookup-req HPQLSAFOTHT5XCF6AXRN65UWQXL75VUB
Mar 15, 2013 3:33:15 PM net.blogracy.controller.DistributedHashTable$LookupListener onMessage
INFO: lookup-ans GRRVNWRRA5YPOTR2NJTQK3RXPMJXGKYD 2013-03-15T15:27:22Z 2013-03-15T15:33:15Z 15433
Mar 15, 2013 3:33:15 PM net.blogracy.controller.DistributedHashTable$DownloadListener <init>
INFO: download-req GRRVNWRRA5YPOTR2NJTQK3RXPMJXGKYD 2013-03-15T15:27:22Z
Mar 15, 2013 3:33:15 PM net.blogracy.controller.DistributedHashTable$LookupListener onMessage
INFO: lookup-ans GRRVNWRRA5YPOTR2NJTQK3RXPMJXGKYD 2013-03-15T13:50:43Z 2013-03-15T15:33:15Z 15559
Mar 15, 2013 3:33:15 PM net.blogracy.controller.DistributedHashTable$DownloadListener <init>
INFO: download-req GRRVNWRRA5YPOTR2NJTQK3RXPMJXGKYD 2013-03-15T13:50:43Z
Mar 15, 2013 3:33:28 PM net.blogracy.controller.DistributedHashTable$LookupListener <init>
INFO: lookup-req NUHK7LXC3JZZQ6EB2RKPAXMUYX7DF7UI
Mar 15, 2013 3:33:28 PM net.blogracy.controller.DistributedHashTable$LookupListener onMessage
INFO: lookup-ans NUHK7LXC3JZZQ6EB2RKPAXMUYX7DF7UI 2013-03-15T15:32:38Z 2013-03-15T15:33:28Z 284
Mar 15, 2013 3:33:28 PM net.blogracy.controller.DistributedHashTable$DownloadListener <init>
INFO: download-req NUHK7LXC3JZZQ6EB2RKPAXMUYX7DF7UI 2013-03-15T15:32:38Z
Mar 15, 2013 3:33:42 PM net.blogracy.controller.DistributedHashTable$LookupListener <init>
INFO: lookup-req NZYND2IBFUU2CASIWQ2GFYLCZFN7LPE4
Mar 15, 2013 3:33:43 PM net.blogracy.controller.DistributedHashTable$LookupListener onMessage
INFO: lookup-ans NZYND2IBFUU2CASIWQ2GFYLCZFN7LPE4 2013-03-15T15:32:12Z 2013-03-15T15:33:43Z 260
Mar 15, 2013 3:33:43 PM net.blogracy.controller.DistributedHashTable$DownloadListener <init>
INFO: download-req NZYND2IBFUU2CASIWQ2GFYLCZFN7LPE4 2013-03-15T15:32:12Z
Mar 15, 2013 3:33:57 PM net.blogracy.controller.DistributedHashTable$LookupListener <init>
INFO: lookup-req YXD54PHMST7F6XYMRUQLDRPLP6Y6SRNB
Mar 15, 2013 3:33:57 PM net.blogracy.controller.DistributedHashTable$LookupListener onMessage
INFO: lookup-ans YXD54PHMST7F6XYMRUQLDRPLP6Y6SRNB 2013-03-15T15:14:22Z 2013-03-15T15:33:57Z 285
Mar 15, 2013 3:33:57 PM net.blogracy.controller.DistributedHashTable$DownloadListener <init>
INFO: download-req YXD54PHMST7F6XYMRUQLDRPLP6Y6SRNB 2013-03-15T15:14:22Z
Mar 15, 2013 3:34:11 PM net.blogracy.controller.DistributedHashTable$LookupListener <init>
INFO: lookup-req 572ZWE3WA7Y4FO3XQSKJS4ML56OPR2PR
Mar 15, 2013 3:34:25 PM net.blogracy.controller.DistributedHashTable$LookupListener <init>
INFO: lookup-req SC5MBBBISROYHFVVJVDK7E3SHNCWYJAC
Mar 15, 2013 3:34:26 PM net.blogracy.controller.DistributedHashTable$LookupListener onMessage
INFO: lookup-ans SC5MBBBISROYHFVVJVDK7E3SHNCWYJAC 2013-03-15T15:14:55Z 2013-03-15T15:34:26Z 446
Mar 15, 2013 3:34:26 PM net.blogracy.controller.DistributedHashTable$DownloadListener <init>
INFO: download-req SC5MBBBISROYHFVVJVDK7E3SHNCWYJAC 2013-03-15T15:14:55Z
Mar 15, 2013 3:34:40 PM net.blogracy.controller.DistributedHashTable$LookupListener <init>
INFO: lookup-req ZQGMNDNSCMPFM5U25GRXYJTTB5SYLW7Z
Mar 15, 2013 3:34:40 PM net.blogracy.controller.DistributedHashTable$LookupListener onMessage
INFO: lookup-ans ZQGMNDNSCMPFM5U25GRXYJTTB5SYLW7Z 2013-03-15T15:17:05Z 2013-03-15T15:34:40Z 612
Mar 15, 2013 3:34:40 PM net.blogracy.controller.DistributedHashTable$DownloadListener <init>
INFO: download-req ZQGMNDNSCMPFM5U25GRXYJTTB5SYLW7Z 2013-03-15T15:17:05Z
Mar 15, 2013 3:34:54 PM net.blogracy.controller.DistributedHashTable$LookupListener <init>
INFO: lookup-req BIL23WT5G35TOPAG4J6WZ6TYG4YSJ3FD
Mar 15, 2013 3:34:54 PM net.blogracy.controller.DistributedHashTable$LookupListener onMessage
INFO: lookup-ans BIL23WT5G35TOPAG4J6WZ6TYG4YSJ3FD 2013-03-15T15:14:03Z 2013-03-15T15:34:54Z 445
Mar 15, 2013 3:34:54 PM net.blogracy.controller.DistributedHashTable$DownloadListener <init>
INFO: download-req BIL23WT5G35TOPAG4J6WZ6TYG4YSJ3FD 2013-03-15T15:14:03Z
Mar 15, 2013 3:34:55 PM net.blogracy.controller.DistributedHashTable$LookupListener onMessage
INFO: lookup-ans ZQGMNDNSCMPFM5U25GRXYJTTB5SYLW7Z 2013-03-15T15:12:05Z 2013-03-15T15:34:55Z 15218
Mar 15, 2013 3:34:55 PM net.blogracy.controller.DistributedHashTable$DownloadListener <init>
INFO: download-req ZQGMNDNSCMPFM5U25GRXYJTTB5SYLW7Z 2013-03-15T15:12:05Z
Mar 15, 2013 3:35:08 PM net.blogracy.controller.DistributedHashTable$LookupListener <init>
INFO: lookup-req SWI7C4YMQI563SVAW53AJHTB5LRITAGF
Mar 15, 2013 3:35:09 PM net.blogracy.controller.DistributedHashTable$LookupListener onMessage
INFO: lookup-ans SWI7C4YMQI563SVAW53AJHTB5LRITAGF 2013-03-15T15:32:10Z 2013-03-15T15:35:09Z 427
Mar 15, 2013 3:35:09 PM net.blogracy.controller.DistributedHashTable$DownloadListener <init>
INFO: download-req SWI7C4YMQI563SVAW53AJHTB5LRITAGF 2013-03-15T15:32:10Z
Mar 15, 2013 3:35:23 PM net.blogracy.controller.DistributedHashTable$LookupListener <init>
INFO: lookup-req OL65LQYSH3BAO6TGPHZIFC72WVGFD6PR
Mar 15, 2013 3:35:24 PM net.blogracy.controller.DistributedHashTable$LookupListener onMessage
INFO: lookup-ans OL65LQYSH3BAO6TGPHZIFC72WVGFD6PR 2013-03-15T15:17:26Z 2013-03-15T15:35:24Z 558
Mar 15, 2013 3:35:24 PM net.blogracy.controller.DistributedHashTable$DownloadListener <init>
INFO: download-req OL65LQYSH3BAO6TGPHZIFC72WVGFD6PR 2013-03-15T15:17:26Z
Mar 15, 2013 3:35:24 PM net.blogracy.controller.DistributedHashTable$LookupListener onMessage
INFO: lookup-ans OL65LQYSH3BAO6TGPHZIFC72WVGFD6PR 2013-03-15T13:58:24Z 2013-03-15T15:35:24Z 677
Mar 15, 2013 3:35:24 PM net.blogracy.controller.DistributedHashTable$DownloadListener <init>
INFO: download-req OL65LQYSH3BAO6TGPHZIFC72WVGFD6PR 2013-03-15T13:58:24Z
Mar 15, 2013 3:35:24 PM net.blogracy.controller.DistributedHashTable$LookupListener onMessage
INFO: lookup-ans OL65LQYSH3BAO6TGPHZIFC72WVGFD6PR 2013-03-15T10:53:19Z 2013-03-15T15:35:24Z 840
Mar 15, 2013 3:35:24 PM net.blogracy.controller.DistributedHashTable$DownloadListener <init>
INFO: download-req OL65LQYSH3BAO6TGPHZIFC72WVGFD6PR 2013-03-15T10:53:19Z
Mar 15, 2013 3:35:24 PM net.blogracy.controller.DistributedHashTable$LookupListener onMessage
INFO: lookup-ans OL65LQYSH3BAO6TGPHZIFC72WVGFD6PR 2013-03-15T15:31:14Z 2013-03-15T15:35:24Z 964
Mar 15, 2013 3:35:24 PM net.blogracy.controller.DistributedHashTable$DownloadListener <init>
INFO: download-req OL65LQYSH3BAO6TGPHZIFC72WVGFD6PR 2013-03-15T15:31:14Z
Mar 15, 2013 3:35:24 PM net.blogracy.controller.DistributedHashTable$LookupListener onMessage
INFO: lookup-ans OL65LQYSH3BAO6TGPHZIFC72WVGFD6PR 2013-03-15T10:48:19Z 2013-03-15T15:35:24Z 1060
Mar 15, 2013 3:35:24 PM net.blogracy.controller.DistributedHashTable$DownloadListener <init>
INFO: download-req OL65LQYSH3BAO6TGPHZIFC72WVGFD6PR 2013-03-15T10:48:19Z
Mar 15, 2013 3:35:37 PM net.blogracy.controller.DistributedHashTable$LookupListener <init>
INFO: lookup-req 734RO6HILBSFN7TZMLELFXELO3NKEQPG
Mar 15, 2013 3:35:38 PM net.blogracy.controller.DistributedHashTable$LookupListener onMessage
INFO: lookup-ans 734RO6HILBSFN7TZMLELFXELO3NKEQPG 2013-03-15T15:30:48Z 2013-03-15T15:35:38Z 444
Mar 15, 2013 3:35:38 PM net.blogracy.controller.DistributedHashTable$DownloadListener <init>
INFO: download-req 734RO6HILBSFN7TZMLELFXELO3NKEQPG 2013-03-15T15:30:48Z
Mar 15, 2013 3:35:38 PM net.blogracy.controller.DistributedHashTable$LookupListener onMessage
INFO: lookup-ans 734RO6HILBSFN7TZMLELFXELO3NKEQPG 2013-03-15T13:59:35Z 2013-03-15T15:35:38Z 536
Mar 15, 2013 3:35:38 PM net.blogracy.controller.DistributedHashTable$DownloadListener <init>
INFO: download-req 734RO6HILBSFN7TZMLELFXELO3NKEQPG 2013-03-15T13:59:35Z
Mar 15, 2013 3:35:38 PM net.blogracy.controller.DistributedHashTable$LookupListener onMessage
INFO: lookup-ans 734RO6HILBSFN7TZMLELFXELO3NKEQPG 2013-03-15T10:53:42Z 2013-03-15T15:35:38Z 618
Mar 15, 2013 3:35:38 PM net.blogracy.controller.DistributedHashTable$DownloadListener <init>
INFO: download-req 734RO6HILBSFN7TZMLELFXELO3NKEQPG 2013-03-15T10:53:42Z
Mar 15, 2013 3:35:52 PM net.blogracy.controller.DistributedHashTable$LookupListener <init>
INFO: lookup-req ZFV32TGQMAYUCBI6TNT6NDNVK3OCV3E4
Mar 15, 2013 3:35:52 PM net.blogracy.controller.DistributedHashTable$LookupListener onMessage
INFO: lookup-ans ZFV32TGQMAYUCBI6TNT6NDNVK3OCV3E4 2013-03-15T13:50:09Z 2013-03-15T15:35:52Z 503
Mar 15, 2013 3:35:52 PM net.blogracy.controller.DistributedHashTable$DownloadListener <init>
INFO: download-req ZFV32TGQMAYUCBI6TNT6NDNVK3OCV3E4 2013-03-15T13:50:09Z
Mar 15, 2013 3:35:56 PM net.blogracy.controller.DistributedHashTable$LookupListener onMessage
INFO: lookup-ans ZFV32TGQMAYUCBI6TNT6NDNVK3OCV3E4 2013-03-15T13:55:10Z 2013-03-15T15:35:56Z 3663
Mar 15, 2013 3:35:56 PM net.blogracy.controller.DistributedHashTable$DownloadListener <init>
INFO: download-req ZFV32TGQMAYUCBI6TNT6NDNVK3OCV3E4 2013-03-15T13:55:10Z
Mar 15, 2013 3:35:56 PM net.blogracy.controller.DistributedHashTable$LookupListener onMessage
INFO: lookup-ans ZFV32TGQMAYUCBI6TNT6NDNVK3OCV3E4 2013-03-15T10:50:22Z 2013-03-15T15:35:56Z 3746
Mar 15, 2013 3:35:56 PM net.blogracy.controller.DistributedHashTable$DownloadListener <init>
INFO: download-req ZFV32TGQMAYUCBI6TNT6NDNVK3OCV3E4 2013-03-15T10:50:22Z
Mar 15, 2013 3:36:06 PM net.blogracy.controller.DistributedHashTable$LookupListener <init>
INFO: lookup-req O2LNUOSQV6AMEJPEGJG7OVPK2XZQV3ZE
Mar 15, 2013 3:36:07 PM net.blogracy.controller.DistributedHashTable$LookupListener onMessage
INFO: lookup-ans O2LNUOSQV6AMEJPEGJG7OVPK2XZQV3ZE 2013-03-15T13:58:34Z 2013-03-15T15:36:07Z 522
Mar 15, 2013 3:36:07 PM net.blogracy.controller.DistributedHashTable$DownloadListener <init>
INFO: download-req O2LNUOSQV6AMEJPEGJG7OVPK2XZQV3ZE 2013-03-15T13:58:34Z
Mar 15, 2013 3:36:07 PM net.blogracy.controller.DistributedHashTable$LookupListener onMessage
INFO: lookup-ans O2LNUOSQV6AMEJPEGJG7OVPK2XZQV3ZE 2013-03-15T15:31:38Z 2013-03-15T15:36:07Z 680
Mar 15, 2013 3:36:07 PM net.blogracy.controller.DistributedHashTable$DownloadListener <init>
INFO: download-req O2LNUOSQV6AMEJPEGJG7OVPK2XZQV3ZE 2013-03-15T15:31:38Z
Mar 15, 2013 3:36:07 PM net.blogracy.controller.DistributedHashTable$LookupListener onMessage
INFO: lookup-ans O2LNUOSQV6AMEJPEGJG7OVPK2XZQV3ZE 2013-03-15T10:54:33Z 2013-03-15T15:36:07Z 748
Mar 15, 2013 3:36:07 PM net.blogracy.controller.DistributedHashTable$DownloadListener <init>
INFO: download-req O2LNUOSQV6AMEJPEGJG7OVPK2XZQV3ZE 2013-03-15T10:54:33Z
Mar 15, 2013 3:36:21 PM net.blogracy.controller.DistributedHashTable$LookupListener <init>
INFO: lookup-req RPVEPPTQV6G357V6OCZ4RSFBRAFAP3HM
Mar 15, 2013 3:36:21 PM net.blogracy.controller.DistributedHashTable$LookupListener onMessage
INFO: lookup-ans RPVEPPTQV6G357V6OCZ4RSFBRAFAP3HM 2013-03-15T15:18:10Z 2013-03-15T15:36:21Z 587
Mar 15, 2013 3:36:21 PM net.blogracy.controller.DistributedHashTable$DownloadListener <init>
INFO: download-req RPVEPPTQV6G357V6OCZ4RSFBRAFAP3HM 2013-03-15T15:18:10Z
Mar 15, 2013 3:36:35 PM net.blogracy.controller.DistributedHashTable$LookupListener <init>
INFO: lookup-req 3B73BAT64GOB5DR7NXD7IRSR4Z7GIK4E
Mar 15, 2013 3:36:35 PM net.blogracy.controller.DistributedHashTable$LookupListener onMessage
INFO: lookup-ans 3B73BAT64GOB5DR7NXD7IRSR4Z7GIK4E 2013-03-15T15:16:10Z 2013-03-15T15:36:35Z 455
Mar 15, 2013 3:36:35 PM net.blogracy.controller.DistributedHashTable$DownloadListener <init>
INFO: download-req 3B73BAT64GOB5DR7NXD7IRSR4Z7GIK4E 2013-03-15T15:16:10Z
Mar 15, 2013 3:36:36 PM net.blogracy.controller.DistributedHashTable$LookupListener onMessage
INFO: lookup-ans 3B73BAT64GOB5DR7NXD7IRSR4Z7GIK4E 2013-03-15T11:35:24Z 2013-03-15T15:36:36Z 573
Mar 15, 2013 3:36:36 PM net.blogracy.controller.DistributedHashTable$DownloadListener <init>
INFO: download-req 3B73BAT64GOB5DR7NXD7IRSR4Z7GIK4E 2013-03-15T11:35:24Z
Mar 15, 2013 3:36:49 PM net.blogracy.controller.DistributedHashTable$LookupListener <init>
INFO: lookup-req QF57FG6NEFT7PHOEIFHV734DS7DAMSD2
Mar 15, 2013 3:36:50 PM net.blogracy.controller.DistributedHashTable$LookupListener onMessage
INFO: lookup-ans QF57FG6NEFT7PHOEIFHV734DS7DAMSD2 2013-03-15T15:32:28Z 2013-03-15T15:36:50Z 366
Mar 15, 2013 3:36:50 PM net.blogracy.controller.DistributedHashTable$DownloadListener <init>
INFO: download-req QF57FG6NEFT7PHOEIFHV734DS7DAMSD2 2013-03-15T15:32:28Z
Mar 15, 2013 3:36:50 PM net.blogracy.controller.DistributedHashTable$LookupListener onMessage
INFO: lookup-ans QF57FG6NEFT7PHOEIFHV734DS7DAMSD2 2013-03-15T13:54:38Z 2013-03-15T15:36:50Z 438
Mar 15, 2013 3:36:50 PM net.blogracy.controller.DistributedHashTable$DownloadListener <init>
INFO: download-req QF57FG6NEFT7PHOEIFHV734DS7DAMSD2 2013-03-15T13:54:38Z
Mar 15, 2013 3:36:50 PM net.blogracy.controller.DistributedHashTable$LookupListener onMessage
INFO: lookup-ans QF57FG6NEFT7PHOEIFHV734DS7DAMSD2 2013-03-15T15:27:26Z 2013-03-15T15:36:50Z 550
Mar 15, 2013 3:36:50 PM net.blogracy.controller.DistributedHashTable$DownloadListener <init>
INFO: download-req QF57FG6NEFT7PHOEIFHV734DS7DAMSD2 2013-03-15T15:27:26Z
Mar 15, 2013 3:37:04 PM net.blogracy.controller.DistributedHashTable$LookupListener <init>
INFO: lookup-req H3WGV7IKX35FZNSFJYEZV4VCFQBSAKEL
Mar 15, 2013 3:37:04 PM net.blogracy.controller.DistributedHashTable$LookupListener onMessage
INFO: lookup-ans H3WGV7IKX35FZNSFJYEZV4VCFQBSAKEL 2013-03-15T15:32:01Z 2013-03-15T15:37:04Z 273
Mar 15, 2013 3:37:04 PM net.blogracy.controller.DistributedHashTable$DownloadListener <init>
INFO: download-req H3WGV7IKX35FZNSFJYEZV4VCFQBSAKEL 2013-03-15T15:32:01Z
Mar 15, 2013 3:37:04 PM net.blogracy.controller.DistributedHashTable$LookupListener onMessage
INFO: lookup-ans H3WGV7IKX35FZNSFJYEZV4VCFQBSAKEL 2013-03-15T13:53:21Z 2013-03-15T15:37:04Z 371
Mar 15, 2013 3:37:04 PM net.blogracy.controller.DistributedHashTable$DownloadListener <init>
INFO: download-req H3WGV7IKX35FZNSFJYEZV4VCFQBSAKEL 2013-03-15T13:53:21Z
Mar 15, 2013 3:37:18 PM net.blogracy.controller.DistributedHashTable$LookupListener <init>
INFO: lookup-req JZY6QFFDO2J4RQXM6QEFAMCKPOBHYFWR
Mar 15, 2013 3:37:18 PM net.blogracy.controller.DistributedHashTable$LookupListener onMessage
INFO: lookup-ans JZY6QFFDO2J4RQXM6QEFAMCKPOBHYFWR 2013-03-15T15:34:21Z 2013-03-15T15:37:18Z 304
Mar 15, 2013 3:37:18 PM net.blogracy.controller.DistributedHashTable$DownloadListener <init>
INFO: download-req JZY6QFFDO2J4RQXM6QEFAMCKPOBHYFWR 2013-03-15T15:34:21Z
Mar 15, 2013 3:37:19 PM net.blogracy.controller.DistributedHashTable$LookupListener onMessage
INFO: lookup-ans JZY6QFFDO2J4RQXM6QEFAMCKPOBHYFWR 2013-03-15T13:58:25Z 2013-03-15T15:37:19Z 509
Mar 15, 2013 3:37:19 PM net.blogracy.controller.DistributedHashTable$DownloadListener <init>
INFO: download-req JZY6QFFDO2J4RQXM6QEFAMCKPOBHYFWR 2013-03-15T13:58:25Z
