Mar 15, 2013 3:27:01 PM net.blogracy.controller.DistributedHashTable$LookupListener <init>
INFO: lookup-req OL65LQYSH3BAO6TGPHZIFC72WVGFD6PR
Mar 15, 2013 3:27:01 PM net.blogracy.controller.DistributedHashTable$LookupListener onMessage
INFO: lookup-ans OL65LQYSH3BAO6TGPHZIFC72WVGFD6PR 2013-03-15T15:17:26Z 2013-03-15T15:27:01Z 181
Mar 15, 2013 3:27:01 PM net.blogracy.controller.DistributedHashTable$DownloadListener <init>
INFO: download-req OL65LQYSH3BAO6TGPHZIFC72WVGFD6PR 2013-03-15T15:17:26Z
Mar 15, 2013 3:27:01 PM net.blogracy.controller.DistributedHashTable$LookupListener onMessage
INFO: lookup-ans OL65LQYSH3BAO6TGPHZIFC72WVGFD6PR 2013-03-15T13:58:24Z 2013-03-15T15:27:01Z 204
Mar 15, 2013 3:27:01 PM net.blogracy.controller.DistributedHashTable$DownloadListener <init>
INFO: download-req OL65LQYSH3BAO6TGPHZIFC72WVGFD6PR 2013-03-15T13:58:24Z
Mar 15, 2013 3:27:01 PM net.blogracy.controller.DistributedHashTable$LookupListener onMessage
INFO: lookup-ans OL65LQYSH3BAO6TGPHZIFC72WVGFD6PR 2013-03-15T10:53:19Z 2013-03-15T15:27:01Z 226
Mar 15, 2013 3:27:01 PM net.blogracy.controller.DistributedHashTable$DownloadListener <init>
INFO: download-req OL65LQYSH3BAO6TGPHZIFC72WVGFD6PR 2013-03-15T10:53:19Z
Mar 15, 2013 3:27:01 PM net.blogracy.controller.DistributedHashTable$LookupListener onMessage
INFO: lookup-ans OL65LQYSH3BAO6TGPHZIFC72WVGFD6PR 2013-03-15T10:48:19Z 2013-03-15T15:27:01Z 800
Mar 15, 2013 3:27:01 PM net.blogracy.controller.DistributedHashTable$DownloadListener <init>
INFO: download-req OL65LQYSH3BAO6TGPHZIFC72WVGFD6PR 2013-03-15T10:48:19Z
Mar 15, 2013 3:27:15 PM net.blogracy.controller.DistributedHashTable$LookupListener <init>
INFO: lookup-req 734RO6HILBSFN7TZMLELFXELO3NKEQPG
Mar 15, 2013 3:27:16 PM net.blogracy.controller.DistributedHashTable$LookupListener onMessage
INFO: lookup-ans 734RO6HILBSFN7TZMLELFXELO3NKEQPG 2013-03-15T15:12:20Z 2013-03-15T15:27:16Z 1616
Mar 15, 2013 3:27:16 PM net.blogracy.controller.DistributedHashTable$DownloadListener <init>
INFO: download-req 734RO6HILBSFN7TZMLELFXELO3NKEQPG 2013-03-15T15:12:20Z
Mar 15, 2013 3:27:17 PM net.blogracy.controller.DistributedHashTable$LookupListener onMessage
INFO: lookup-ans 734RO6HILBSFN7TZMLELFXELO3NKEQPG 2013-03-15T13:59:35Z 2013-03-15T15:27:17Z 1646
Mar 15, 2013 3:27:17 PM net.blogracy.controller.DistributedHashTable$DownloadListener <init>
INFO: download-req 734RO6HILBSFN7TZMLELFXELO3NKEQPG 2013-03-15T13:59:35Z
Mar 15, 2013 3:27:17 PM net.blogracy.controller.DistributedHashTable$LookupListener onMessage
INFO: lookup-ans 734RO6HILBSFN7TZMLELFXELO3NKEQPG 2013-03-15T15:17:24Z 2013-03-15T15:27:17Z 1686
Mar 15, 2013 3:27:17 PM net.blogracy.controller.DistributedHashTable$DownloadListener <init>
INFO: download-req 734RO6HILBSFN7TZMLELFXELO3NKEQPG 2013-03-15T15:17:24Z
Mar 15, 2013 3:27:17 PM net.blogracy.controller.DistributedHashTable$LookupListener onMessage
INFO: lookup-ans 734RO6HILBSFN7TZMLELFXELO3NKEQPG 2013-03-15T10:53:42Z 2013-03-15T15:27:17Z 1707
Mar 15, 2013 3:27:17 PM net.blogracy.controller.DistributedHashTable$DownloadListener <init>
INFO: download-req 734RO6HILBSFN7TZMLELFXELO3NKEQPG 2013-03-15T10:53:42Z
Mar 15, 2013 3:27:29 PM net.blogracy.controller.DistributedHashTable$LookupListener <init>
INFO: lookup-req ZFV32TGQMAYUCBI6TNT6NDNVK3OCV3E4
Mar 15, 2013 3:27:29 PM net.blogracy.controller.DistributedHashTable$LookupListener onMessage
INFO: lookup-ans ZFV32TGQMAYUCBI6TNT6NDNVK3OCV3E4 2013-03-15T13:55:10Z 2013-03-15T15:27:29Z 314
Mar 15, 2013 3:27:29 PM net.blogracy.controller.DistributedHashTable$DownloadListener <init>
INFO: download-req ZFV32TGQMAYUCBI6TNT6NDNVK3OCV3E4 2013-03-15T13:55:10Z
Mar 15, 2013 3:27:30 PM net.blogracy.controller.DistributedHashTable$LookupListener onMessage
INFO: lookup-ans ZFV32TGQMAYUCBI6TNT6NDNVK3OCV3E4 2013-03-15T10:50:22Z 2013-03-15T15:27:30Z 341
Mar 15, 2013 3:27:30 PM net.blogracy.controller.DistributedHashTable$DownloadListener <init>
INFO: download-req ZFV32TGQMAYUCBI6TNT6NDNVK3OCV3E4 2013-03-15T10:50:22Z
Mar 15, 2013 3:27:43 PM net.blogracy.controller.DistributedHashTable$LookupListener <init>
INFO: lookup-req O2LNUOSQV6AMEJPEGJG7OVPK2XZQV3ZE
Mar 15, 2013 3:27:44 PM net.blogracy.controller.DistributedHashTable$LookupListener onMessage
INFO: lookup-ans O2LNUOSQV6AMEJPEGJG7OVPK2XZQV3ZE 2013-03-15T15:17:22Z 2013-03-15T15:27:44Z 336
Mar 15, 2013 3:27:44 PM net.blogracy.controller.DistributedHashTable$DownloadListener <init>
INFO: download-req O2LNUOSQV6AMEJPEGJG7OVPK2XZQV3ZE 2013-03-15T15:17:22Z
Mar 15, 2013 3:27:44 PM net.blogracy.controller.DistributedHashTable$LookupListener onMessage
INFO: lookup-ans O2LNUOSQV6AMEJPEGJG7OVPK2XZQV3ZE 2013-03-15T10:54:33Z 2013-03-15T15:27:44Z 355
Mar 15, 2013 3:27:44 PM net.blogracy.controller.DistributedHashTable$DownloadListener <init>
INFO: download-req O2LNUOSQV6AMEJPEGJG7OVPK2XZQV3ZE 2013-03-15T10:54:33Z
Mar 15, 2013 3:27:44 PM net.blogracy.controller.DistributedHashTable$LookupListener onMessage
INFO: lookup-ans O2LNUOSQV6AMEJPEGJG7OVPK2XZQV3ZE 2013-03-15T13:58:34Z 2013-03-15T15:27:44Z 378
Mar 15, 2013 3:27:44 PM net.blogracy.controller.DistributedHashTable$DownloadListener <init>
INFO: download-req O2LNUOSQV6AMEJPEGJG7OVPK2XZQV3ZE 2013-03-15T13:58:34Z
Mar 15, 2013 3:27:58 PM net.blogracy.controller.DistributedHashTable$LookupListener <init>
INFO: lookup-req RPVEPPTQV6G357V6OCZ4RSFBRAFAP3HM
Mar 15, 2013 3:27:58 PM net.blogracy.controller.DistributedHashTable$LookupListener onMessage
INFO: lookup-ans RPVEPPTQV6G357V6OCZ4RSFBRAFAP3HM 2013-03-15T15:18:10Z 2013-03-15T15:27:58Z 245
Mar 15, 2013 3:27:58 PM net.blogracy.controller.DistributedHashTable$DownloadListener <init>
INFO: download-req RPVEPPTQV6G357V6OCZ4RSFBRAFAP3HM 2013-03-15T15:18:10Z
Mar 15, 2013 3:27:58 PM net.blogracy.controller.DistributedHashTable$LookupListener onMessage
INFO: lookup-ans RPVEPPTQV6G357V6OCZ4RSFBRAFAP3HM 2013-03-15T15:13:09Z 2013-03-15T15:27:58Z 704
Mar 15, 2013 3:27:58 PM net.blogracy.controller.DistributedHashTable$DownloadListener <init>
INFO: download-req RPVEPPTQV6G357V6OCZ4RSFBRAFAP3HM 2013-03-15T15:13:09Z
Mar 15, 2013 3:28:12 PM net.blogracy.controller.DistributedHashTable$LookupListener <init>
INFO: lookup-req 3B73BAT64GOB5DR7NXD7IRSR4Z7GIK4E
Mar 15, 2013 3:28:12 PM net.blogracy.controller.DistributedHashTable$LookupListener onMessage
INFO: lookup-ans 3B73BAT64GOB5DR7NXD7IRSR4Z7GIK4E 2013-03-15T15:16:10Z 2013-03-15T15:28:12Z 319
Mar 15, 2013 3:28:12 PM net.blogracy.controller.DistributedHashTable$DownloadListener <init>
INFO: download-req 3B73BAT64GOB5DR7NXD7IRSR4Z7GIK4E 2013-03-15T15:16:10Z
Mar 15, 2013 3:28:12 PM net.blogracy.controller.DistributedHashTable$LookupListener onMessage
INFO: lookup-ans 3B73BAT64GOB5DR7NXD7IRSR4Z7GIK4E 2013-03-15T11:35:24Z 2013-03-15T15:28:12Z 335
Mar 15, 2013 3:28:12 PM net.blogracy.controller.DistributedHashTable$DownloadListener <init>
INFO: download-req 3B73BAT64GOB5DR7NXD7IRSR4Z7GIK4E 2013-03-15T11:35:24Z
Mar 15, 2013 3:28:26 PM net.blogracy.controller.DistributedHashTable$LookupListener <init>
INFO: lookup-req QF57FG6NEFT7PHOEIFHV734DS7DAMSD2
Mar 15, 2013 3:28:27 PM net.blogracy.controller.DistributedHashTable$LookupListener onMessage
INFO: lookup-ans QF57FG6NEFT7PHOEIFHV734DS7DAMSD2 2013-03-15T13:54:38Z 2013-03-15T15:28:27Z 445
Mar 15, 2013 3:28:27 PM net.blogracy.controller.DistributedHashTable$DownloadListener <init>
INFO: download-req QF57FG6NEFT7PHOEIFHV734DS7DAMSD2 2013-03-15T13:54:38Z
Mar 15, 2013 3:28:41 PM net.blogracy.controller.DistributedHashTable$LookupListener <init>
INFO: lookup-req JZY6QFFDO2J4RQXM6QEFAMCKPOBHYFWR
Mar 15, 2013 3:28:41 PM net.blogracy.controller.DistributedHashTable$LookupListener onMessage
INFO: lookup-ans JZY6QFFDO2J4RQXM6QEFAMCKPOBHYFWR 2013-03-15T15:24:20Z 2013-03-15T15:28:41Z 474
Mar 15, 2013 3:28:41 PM net.blogracy.controller.DistributedHashTable$DownloadListener <init>
INFO: download-req JZY6QFFDO2J4RQXM6QEFAMCKPOBHYFWR 2013-03-15T15:24:20Z
Mar 15, 2013 3:28:41 PM net.blogracy.controller.DistributedHashTable$LookupListener onMessage
INFO: lookup-ans JZY6QFFDO2J4RQXM6QEFAMCKPOBHYFWR 2013-03-15T13:58:25Z 2013-03-15T15:28:41Z 490
Mar 15, 2013 3:28:41 PM net.blogracy.controller.DistributedHashTable$DownloadListener <init>
INFO: download-req JZY6QFFDO2J4RQXM6QEFAMCKPOBHYFWR 2013-03-15T13:58:25Z
Mar 15, 2013 3:28:41 PM net.blogracy.controller.DistributedHashTable$LookupListener onMessage
INFO: lookup-ans JZY6QFFDO2J4RQXM6QEFAMCKPOBHYFWR 2013-03-15T15:12:02Z 2013-03-15T15:28:41Z 758
Mar 15, 2013 3:28:41 PM net.blogracy.controller.DistributedHashTable$DownloadListener <init>
INFO: download-req JZY6QFFDO2J4RQXM6QEFAMCKPOBHYFWR 2013-03-15T15:12:02Z
Mar 15, 2013 3:28:55 PM net.blogracy.controller.DistributedHashTable$LookupListener <init>
INFO: lookup-req IIFTPYF2OOSC7OUXFHS6JFLCSWAADAGJ
Mar 15, 2013 3:28:55 PM net.blogracy.controller.DistributedHashTable$LookupListener onMessage
INFO: lookup-ans IIFTPYF2OOSC7OUXFHS6JFLCSWAADAGJ 2013-03-15T15:19:17Z 2013-03-15T15:28:55Z 320
Mar 15, 2013 3:28:55 PM net.blogracy.controller.DistributedHashTable$DownloadListener <init>
INFO: download-req IIFTPYF2OOSC7OUXFHS6JFLCSWAADAGJ 2013-03-15T15:19:17Z
Mar 15, 2013 3:28:55 PM net.blogracy.controller.DistributedHashTable$LookupListener onMessage
INFO: lookup-ans IIFTPYF2OOSC7OUXFHS6JFLCSWAADAGJ 2013-03-15T13:59:26Z 2013-03-15T15:28:55Z 337
Mar 15, 2013 3:28:55 PM net.blogracy.controller.DistributedHashTable$DownloadListener <init>
INFO: download-req IIFTPYF2OOSC7OUXFHS6JFLCSWAADAGJ 2013-03-15T13:59:26Z
Mar 15, 2013 3:29:09 PM net.blogracy.controller.DistributedHashTable$LookupListener <init>
INFO: lookup-req REHV2GKZR6BI6E66667LFTNPF42XF5QG
Mar 15, 2013 3:29:10 PM net.blogracy.controller.DistributedHashTable$LookupListener onMessage
INFO: lookup-ans REHV2GKZR6BI6E66667LFTNPF42XF5QG 2013-03-15T13:55:20Z 2013-03-15T15:29:10Z 317
Mar 15, 2013 3:29:10 PM net.blogracy.controller.DistributedHashTable$DownloadListener <init>
INFO: download-req REHV2GKZR6BI6E66667LFTNPF42XF5QG 2013-03-15T13:55:20Z
Mar 15, 2013 3:29:10 PM net.blogracy.controller.DistributedHashTable$LookupListener onMessage
INFO: lookup-ans REHV2GKZR6BI6E66667LFTNPF42XF5QG 2013-03-15T15:26:52Z 2013-03-15T15:29:10Z 332
Mar 15, 2013 3:29:10 PM net.blogracy.controller.DistributedHashTable$DownloadListener <init>
INFO: download-req REHV2GKZR6BI6E66667LFTNPF42XF5QG 2013-03-15T15:26:52Z
Mar 15, 2013 3:29:24 PM net.blogracy.controller.DistributedHashTable$LookupListener <init>
INFO: lookup-req GRRVNWRRA5YPOTR2NJTQK3RXPMJXGKYD
Mar 15, 2013 3:29:24 PM net.blogracy.controller.DistributedHashTable$LookupListener onMessage
INFO: lookup-ans GRRVNWRRA5YPOTR2NJTQK3RXPMJXGKYD 2013-03-15T13:50:43Z 2013-03-15T15:29:24Z 674
Mar 15, 2013 3:29:24 PM net.blogracy.controller.DistributedHashTable$DownloadListener <init>
INFO: download-req GRRVNWRRA5YPOTR2NJTQK3RXPMJXGKYD 2013-03-15T13:50:43Z
Mar 15, 2013 3:29:24 PM net.blogracy.controller.DistributedHashTable$LookupListener onMessage
INFO: lookup-ans GRRVNWRRA5YPOTR2NJTQK3RXPMJXGKYD 2013-03-15T15:27:22Z 2013-03-15T15:29:24Z 689
Mar 15, 2013 3:29:24 PM net.blogracy.controller.DistributedHashTable$DownloadListener <init>
INFO: download-req GRRVNWRRA5YPOTR2NJTQK3RXPMJXGKYD 2013-03-15T15:27:22Z
Mar 15, 2013 3:29:24 PM net.blogracy.controller.DistributedHashTable$LookupListener onMessage
INFO: lookup-ans GRRVNWRRA5YPOTR2NJTQK3RXPMJXGKYD 2013-03-15T13:55:43Z 2013-03-15T15:29:24Z 754
Mar 15, 2013 3:29:24 PM net.blogracy.controller.DistributedHashTable$DownloadListener <init>
INFO: download-req GRRVNWRRA5YPOTR2NJTQK3RXPMJXGKYD 2013-03-15T13:55:43Z
Mar 15, 2013 3:29:38 PM net.blogracy.controller.DistributedHashTable$LookupListener <init>
INFO: lookup-req HPQLSAFOTHT5XCF6AXRN65UWQXL75VUB
Mar 15, 2013 3:29:52 PM net.blogracy.controller.DistributedHashTable$LookupListener <init>
INFO: lookup-req NUHK7LXC3JZZQ6EB2RKPAXMUYX7DF7UI
Mar 15, 2013 3:29:53 PM net.blogracy.controller.DistributedHashTable$LookupListener onMessage
INFO: lookup-ans NUHK7LXC3JZZQ6EB2RKPAXMUYX7DF7UI 2013-03-15T15:27:37Z 2013-03-15T15:29:53Z 316
Mar 15, 2013 3:29:53 PM net.blogracy.controller.DistributedHashTable$DownloadListener <init>
INFO: download-req NUHK7LXC3JZZQ6EB2RKPAXMUYX7DF7UI 2013-03-15T15:27:37Z
Mar 15, 2013 3:30:06 PM net.blogracy.controller.DistributedHashTable$LookupListener <init>
INFO: lookup-req NZYND2IBFUU2CASIWQ2GFYLCZFN7LPE4
Mar 15, 2013 3:30:07 PM net.blogracy.controller.DistributedHashTable$LookupListener onMessage
INFO: lookup-ans NZYND2IBFUU2CASIWQ2GFYLCZFN7LPE4 2013-03-15T15:27:11Z 2013-03-15T15:30:07Z 432
Mar 15, 2013 3:30:07 PM net.blogracy.controller.DistributedHashTable$DownloadListener <init>
INFO: download-req NZYND2IBFUU2CASIWQ2GFYLCZFN7LPE4 2013-03-15T15:27:11Z
Mar 15, 2013 3:30:21 PM net.blogracy.controller.DistributedHashTable$LookupListener <init>
INFO: lookup-req YXD54PHMST7F6XYMRUQLDRPLP6Y6SRNB
Mar 15, 2013 3:30:22 PM net.blogracy.controller.DistributedHashTable$LookupListener onMessage
INFO: lookup-ans YXD54PHMST7F6XYMRUQLDRPLP6Y6SRNB 2013-03-15T15:14:22Z 2013-03-15T15:30:22Z 978
Mar 15, 2013 3:30:22 PM net.blogracy.controller.DistributedHashTable$DownloadListener <init>
INFO: download-req YXD54PHMST7F6XYMRUQLDRPLP6Y6SRNB 2013-03-15T15:14:22Z
Mar 15, 2013 3:30:35 PM net.blogracy.controller.DistributedHashTable$LookupListener <init>
INFO: lookup-req 572ZWE3WA7Y4FO3XQSKJS4ML56OPR2PR
Mar 15, 2013 3:30:49 PM net.blogracy.controller.DistributedHashTable$LookupListener <init>
INFO: lookup-req SC5MBBBISROYHFVVJVDK7E3SHNCWYJAC
Mar 15, 2013 3:30:50 PM net.blogracy.controller.DistributedHashTable$LookupListener onMessage
INFO: lookup-ans SC5MBBBISROYHFVVJVDK7E3SHNCWYJAC 2013-03-15T15:14:55Z 2013-03-15T15:30:50Z 445
Mar 15, 2013 3:30:50 PM net.blogracy.controller.DistributedHashTable$DownloadListener <init>
INFO: download-req SC5MBBBISROYHFVVJVDK7E3SHNCWYJAC 2013-03-15T15:14:55Z
Mar 15, 2013 3:31:04 PM net.blogracy.controller.DistributedHashTable$LookupListener <init>
INFO: lookup-req ZQGMNDNSCMPFM5U25GRXYJTTB5SYLW7Z
Mar 15, 2013 3:31:04 PM net.blogracy.controller.DistributedHashTable$LookupListener onMessage
INFO: lookup-ans ZQGMNDNSCMPFM5U25GRXYJTTB5SYLW7Z 2013-03-15T15:17:05Z 2013-03-15T15:31:04Z 338
Mar 15, 2013 3:31:04 PM net.blogracy.controller.DistributedHashTable$DownloadListener <init>
INFO: download-req ZQGMNDNSCMPFM5U25GRXYJTTB5SYLW7Z 2013-03-15T15:17:05Z
Mar 15, 2013 3:31:18 PM net.blogracy.controller.DistributedHashTable$LookupListener <init>
INFO: lookup-req BIL23WT5G35TOPAG4J6WZ6TYG4YSJ3FD
Mar 15, 2013 3:31:18 PM net.blogracy.controller.DistributedHashTable$LookupListener onMessage
INFO: lookup-ans BIL23WT5G35TOPAG4J6WZ6TYG4YSJ3FD 2013-03-15T15:14:03Z 2013-03-15T15:31:18Z 477
Mar 15, 2013 3:31:18 PM net.blogracy.controller.DistributedHashTable$DownloadListener <init>
INFO: download-req BIL23WT5G35TOPAG4J6WZ6TYG4YSJ3FD 2013-03-15T15:14:03Z
Mar 15, 2013 3:31:32 PM net.blogracy.controller.DistributedHashTable$LookupListener <init>
INFO: lookup-req SWI7C4YMQI563SVAW53AJHTB5LRITAGF
Mar 15, 2013 3:31:33 PM net.blogracy.controller.DistributedHashTable$LookupListener onMessage
INFO: lookup-ans SWI7C4YMQI563SVAW53AJHTB5LRITAGF 2013-03-15T15:27:08Z 2013-03-15T15:31:33Z 260
Mar 15, 2013 3:31:33 PM net.blogracy.controller.DistributedHashTable$DownloadListener <init>
INFO: download-req SWI7C4YMQI563SVAW53AJHTB5LRITAGF 2013-03-15T15:27:08Z
Mar 15, 2013 3:31:47 PM net.blogracy.controller.DistributedHashTable$LookupListener <init>
INFO: lookup-req LDXIBS5B7I2LVRVKJGQK52WMMSHWJGK5
Mar 15, 2013 3:31:47 PM net.blogracy.controller.DistributedHashTable$LookupListener onMessage
INFO: lookup-ans LDXIBS5B7I2LVRVKJGQK52WMMSHWJGK5 2013-03-15T15:30:20Z 2013-03-15T15:31:47Z 344
Mar 15, 2013 3:31:47 PM net.blogracy.controller.DistributedHashTable$DownloadListener <init>
INFO: download-req LDXIBS5B7I2LVRVKJGQK52WMMSHWJGK5 2013-03-15T15:30:20Z
Mar 15, 2013 3:32:01 PM net.blogracy.controller.DistributedHashTable$LookupListener <init>
INFO: lookup-req OL65LQYSH3BAO6TGPHZIFC72WVGFD6PR
Mar 15, 2013 3:32:01 PM net.blogracy.controller.DistributedHashTable$LookupListener onMessage
INFO: lookup-ans OL65LQYSH3BAO6TGPHZIFC72WVGFD6PR 2013-03-15T13:58:24Z 2013-03-15T15:32:01Z 251
Mar 15, 2013 3:32:01 PM net.blogracy.controller.DistributedHashTable$DownloadListener <init>
INFO: download-req OL65LQYSH3BAO6TGPHZIFC72WVGFD6PR 2013-03-15T13:58:24Z
Mar 15, 2013 3:32:01 PM net.blogracy.controller.DistributedHashTable$LookupListener onMessage
INFO: lookup-ans OL65LQYSH3BAO6TGPHZIFC72WVGFD6PR 2013-03-15T10:53:19Z 2013-03-15T15:32:01Z 263
Mar 15, 2013 3:32:01 PM net.blogracy.controller.DistributedHashTable$DownloadListener <init>
INFO: download-req OL65LQYSH3BAO6TGPHZIFC72WVGFD6PR 2013-03-15T10:53:19Z
Mar 15, 2013 3:32:01 PM net.blogracy.controller.DistributedHashTable$LookupListener onMessage
INFO: lookup-ans OL65LQYSH3BAO6TGPHZIFC72WVGFD6PR 2013-03-15T15:26:13Z 2013-03-15T15:32:01Z 407
Mar 15, 2013 3:32:01 PM net.blogracy.controller.DistributedHashTable$DownloadListener <init>
INFO: download-req OL65LQYSH3BAO6TGPHZIFC72WVGFD6PR 2013-03-15T15:26:13Z
Mar 15, 2013 3:32:01 PM net.blogracy.controller.DistributedHashTable$LookupListener onMessage
INFO: lookup-ans OL65LQYSH3BAO6TGPHZIFC72WVGFD6PR 2013-03-15T13:51:26Z 2013-03-15T15:32:01Z 419
Mar 15, 2013 3:32:01 PM net.blogracy.controller.DistributedHashTable$DownloadListener <init>
INFO: download-req OL65LQYSH3BAO6TGPHZIFC72WVGFD6PR 2013-03-15T13:51:26Z
Mar 15, 2013 3:32:02 PM net.blogracy.controller.DistributedHashTable$LookupListener onMessage
INFO: lookup-ans OL65LQYSH3BAO6TGPHZIFC72WVGFD6PR 2013-03-15T10:48:19Z 2013-03-15T15:32:02Z 578
Mar 15, 2013 3:32:02 PM net.blogracy.controller.DistributedHashTable$DownloadListener <init>
INFO: download-req OL65LQYSH3BAO6TGPHZIFC72WVGFD6PR 2013-03-15T10:48:19Z
Mar 15, 2013 3:32:15 PM net.blogracy.controller.DistributedHashTable$LookupListener <init>
INFO: lookup-req 734RO6HILBSFN7TZMLELFXELO3NKEQPG
Mar 15, 2013 3:32:16 PM net.blogracy.controller.DistributedHashTable$LookupListener onMessage
INFO: lookup-ans 734RO6HILBSFN7TZMLELFXELO3NKEQPG 2013-03-15T10:53:42Z 2013-03-15T15:32:16Z 334
Mar 15, 2013 3:32:16 PM net.blogracy.controller.DistributedHashTable$DownloadListener <init>
INFO: download-req 734RO6HILBSFN7TZMLELFXELO3NKEQPG 2013-03-15T10:53:42Z
Mar 15, 2013 3:32:16 PM net.blogracy.controller.DistributedHashTable$LookupListener onMessage
INFO: lookup-ans 734RO6HILBSFN7TZMLELFXELO3NKEQPG 2013-03-15T13:59:35Z 2013-03-15T15:32:16Z 349
Mar 15, 2013 3:32:16 PM net.blogracy.controller.DistributedHashTable$DownloadListener <init>
INFO: download-req 734RO6HILBSFN7TZMLELFXELO3NKEQPG 2013-03-15T13:59:35Z
Mar 15, 2013 3:32:16 PM net.blogracy.controller.DistributedHashTable$LookupListener onMessage
INFO: lookup-ans 734RO6HILBSFN7TZMLELFXELO3NKEQPG 2013-03-15T15:30:48Z 2013-03-15T15:32:16Z 364
Mar 15, 2013 3:32:16 PM net.blogracy.controller.DistributedHashTable$DownloadListener <init>
INFO: download-req 734RO6HILBSFN7TZMLELFXELO3NKEQPG 2013-03-15T15:30:48Z
Mar 15, 2013 3:32:30 PM net.blogracy.controller.DistributedHashTable$LookupListener <init>
INFO: lookup-req ZFV32TGQMAYUCBI6TNT6NDNVK3OCV3E4
Mar 15, 2013 3:32:30 PM net.blogracy.controller.DistributedHashTable$LookupListener onMessage
INFO: lookup-ans ZFV32TGQMAYUCBI6TNT6NDNVK3OCV3E4 2013-03-15T13:55:10Z 2013-03-15T15:32:30Z 260
Mar 15, 2013 3:32:30 PM net.blogracy.controller.DistributedHashTable$DownloadListener <init>
INFO: download-req ZFV32TGQMAYUCBI6TNT6NDNVK3OCV3E4 2013-03-15T13:55:10Z
Mar 15, 2013 3:32:30 PM net.blogracy.controller.DistributedHashTable$LookupListener onMessage
INFO: lookup-ans ZFV32TGQMAYUCBI6TNT6NDNVK3OCV3E4 2013-03-15T10:50:22Z 2013-03-15T15:32:30Z 275
Mar 15, 2013 3:32:30 PM net.blogracy.controller.DistributedHashTable$DownloadListener <init>
INFO: download-req ZFV32TGQMAYUCBI6TNT6NDNVK3OCV3E4 2013-03-15T10:50:22Z
Mar 15, 2013 3:32:30 PM net.blogracy.controller.DistributedHashTable$LookupListener onMessage
INFO: lookup-ans ZFV32TGQMAYUCBI6TNT6NDNVK3OCV3E4 2013-03-15T13:50:09Z 2013-03-15T15:32:30Z 344
Mar 15, 2013 3:32:30 PM net.blogracy.controller.DistributedHashTable$DownloadListener <init>
INFO: download-req ZFV32TGQMAYUCBI6TNT6NDNVK3OCV3E4 2013-03-15T13:50:09Z
Mar 15, 2013 3:32:44 PM net.blogracy.controller.DistributedHashTable$LookupListener <init>
INFO: lookup-req O2LNUOSQV6AMEJPEGJG7OVPK2XZQV3ZE
Mar 15, 2013 3:32:44 PM net.blogracy.controller.DistributedHashTable$LookupListener onMessage
INFO: lookup-ans O2LNUOSQV6AMEJPEGJG7OVPK2XZQV3ZE 2013-03-15T15:17:22Z 2013-03-15T15:32:44Z 329
Mar 15, 2013 3:32:44 PM net.blogracy.controller.DistributedHashTable$DownloadListener <init>
INFO: download-req O2LNUOSQV6AMEJPEGJG7OVPK2XZQV3ZE 2013-03-15T15:17:22Z
Mar 15, 2013 3:32:44 PM net.blogracy.controller.DistributedHashTable$LookupListener onMessage
INFO: lookup-ans O2LNUOSQV6AMEJPEGJG7OVPK2XZQV3ZE 2013-03-15T13:58:34Z 2013-03-15T15:32:44Z 342
Mar 15, 2013 3:32:44 PM net.blogracy.controller.DistributedHashTable$DownloadListener <init>
INFO: download-req O2LNUOSQV6AMEJPEGJG7OVPK2XZQV3ZE 2013-03-15T13:58:34Z
Mar 15, 2013 3:32:44 PM net.blogracy.controller.DistributedHashTable$LookupListener onMessage
INFO: lookup-ans O2LNUOSQV6AMEJPEGJG7OVPK2XZQV3ZE 2013-03-15T10:54:33Z 2013-03-15T15:32:44Z 355
Mar 15, 2013 3:32:44 PM net.blogracy.controller.DistributedHashTable$DownloadListener <init>
INFO: download-req O2LNUOSQV6AMEJPEGJG7OVPK2XZQV3ZE 2013-03-15T10:54:33Z
Mar 15, 2013 3:32:44 PM net.blogracy.controller.DistributedHashTable$LookupListener onMessage
INFO: lookup-ans O2LNUOSQV6AMEJPEGJG7OVPK2XZQV3ZE 2013-03-15T15:26:37Z 2013-03-15T15:32:44Z 378
Mar 15, 2013 3:32:44 PM net.blogracy.controller.DistributedHashTable$DownloadListener <init>
INFO: download-req O2LNUOSQV6AMEJPEGJG7OVPK2XZQV3ZE 2013-03-15T15:26:37Z
Mar 15, 2013 3:32:58 PM net.blogracy.controller.DistributedHashTable$LookupListener <init>
INFO: lookup-req RPVEPPTQV6G357V6OCZ4RSFBRAFAP3HM
Mar 15, 2013 3:32:59 PM net.blogracy.controller.DistributedHashTable$LookupListener onMessage
INFO: lookup-ans RPVEPPTQV6G357V6OCZ4RSFBRAFAP3HM 2013-03-15T15:18:10Z 2013-03-15T15:32:59Z 676
Mar 15, 2013 3:32:59 PM net.blogracy.controller.DistributedHashTable$DownloadListener <init>
INFO: download-req RPVEPPTQV6G357V6OCZ4RSFBRAFAP3HM 2013-03-15T15:18:10Z
Mar 15, 2013 3:33:13 PM net.blogracy.controller.DistributedHashTable$LookupListener <init>
INFO: lookup-req 3B73BAT64GOB5DR7NXD7IRSR4Z7GIK4E
Mar 15, 2013 3:33:13 PM net.blogracy.controller.DistributedHashTable$LookupListener onMessage
INFO: lookup-ans 3B73BAT64GOB5DR7NXD7IRSR4Z7GIK4E 2013-03-15T15:16:10Z 2013-03-15T15:33:13Z 44
Mar 15, 2013 3:33:13 PM net.blogracy.controller.DistributedHashTable$DownloadListener <init>
INFO: download-req 3B73BAT64GOB5DR7NXD7IRSR4Z7GIK4E 2013-03-15T15:16:10Z
Mar 15, 2013 3:33:13 PM net.blogracy.controller.DistributedHashTable$LookupListener onMessage
INFO: lookup-ans 3B73BAT64GOB5DR7NXD7IRSR4Z7GIK4E 2013-03-15T11:35:24Z 2013-03-15T15:33:13Z 69
Mar 15, 2013 3:33:13 PM net.blogracy.controller.DistributedHashTable$DownloadListener <init>
INFO: download-req 3B73BAT64GOB5DR7NXD7IRSR4Z7GIK4E 2013-03-15T11:35:24Z
Mar 15, 2013 3:33:27 PM net.blogracy.controller.DistributedHashTable$LookupListener <init>
INFO: lookup-req QF57FG6NEFT7PHOEIFHV734DS7DAMSD2
Mar 15, 2013 3:33:27 PM net.blogracy.controller.DistributedHashTable$LookupListener onMessage
INFO: lookup-ans QF57FG6NEFT7PHOEIFHV734DS7DAMSD2 2013-03-15T15:27:26Z 2013-03-15T15:33:27Z 263
Mar 15, 2013 3:33:27 PM net.blogracy.controller.DistributedHashTable$DownloadListener <init>
INFO: download-req QF57FG6NEFT7PHOEIFHV734DS7DAMSD2 2013-03-15T15:27:26Z
Mar 15, 2013 3:33:27 PM net.blogracy.controller.DistributedHashTable$LookupListener onMessage
INFO: lookup-ans QF57FG6NEFT7PHOEIFHV734DS7DAMSD2 2013-03-15T13:54:38Z 2013-03-15T15:33:27Z 280
Mar 15, 2013 3:33:27 PM net.blogracy.controller.DistributedHashTable$DownloadListener <init>
INFO: download-req QF57FG6NEFT7PHOEIFHV734DS7DAMSD2 2013-03-15T13:54:38Z
Mar 15, 2013 3:33:41 PM net.blogracy.controller.DistributedHashTable$LookupListener <init>
INFO: lookup-req JZY6QFFDO2J4RQXM6QEFAMCKPOBHYFWR
Mar 15, 2013 3:33:42 PM net.blogracy.controller.DistributedHashTable$LookupListener onMessage
INFO: lookup-ans JZY6QFFDO2J4RQXM6QEFAMCKPOBHYFWR 2013-03-15T15:12:02Z 2013-03-15T15:33:42Z 399
Mar 15, 2013 3:33:42 PM net.blogracy.controller.DistributedHashTable$DownloadListener <init>
INFO: download-req JZY6QFFDO2J4RQXM6QEFAMCKPOBHYFWR 2013-03-15T15:12:02Z
Mar 15, 2013 3:33:42 PM net.blogracy.controller.DistributedHashTable$LookupListener onMessage
INFO: lookup-ans JZY6QFFDO2J4RQXM6QEFAMCKPOBHYFWR 2013-03-15T13:58:25Z 2013-03-15T15:33:42Z 411
Mar 15, 2013 3:33:42 PM net.blogracy.controller.DistributedHashTable$DownloadListener <init>
INFO: download-req JZY6QFFDO2J4RQXM6QEFAMCKPOBHYFWR 2013-03-15T13:58:25Z
Mar 15, 2013 3:33:42 PM net.blogracy.controller.DistributedHashTable$LookupListener onMessage
INFO: lookup-ans JZY6QFFDO2J4RQXM6QEFAMCKPOBHYFWR 2013-03-15T15:29:21Z 2013-03-15T15:33:42Z 888
Mar 15, 2013 3:33:42 PM net.blogracy.controller.DistributedHashTable$DownloadListener <init>
INFO: download-req JZY6QFFDO2J4RQXM6QEFAMCKPOBHYFWR 2013-03-15T15:29:21Z
Mar 15, 2013 3:33:55 PM net.blogracy.controller.DistributedHashTable$LookupListener <init>
INFO: lookup-req IIFTPYF2OOSC7OUXFHS6JFLCSWAADAGJ
Mar 15, 2013 3:33:56 PM net.blogracy.controller.DistributedHashTable$LookupListener onMessage
INFO: lookup-ans IIFTPYF2OOSC7OUXFHS6JFLCSWAADAGJ 2013-03-15T15:27:59Z 2013-03-15T15:33:56Z 420
Mar 15, 2013 3:33:56 PM net.blogracy.controller.DistributedHashTable$DownloadListener <init>
INFO: download-req IIFTPYF2OOSC7OUXFHS6JFLCSWAADAGJ 2013-03-15T15:27:59Z
Mar 15, 2013 3:33:56 PM net.blogracy.controller.DistributedHashTable$LookupListener onMessage
INFO: lookup-ans IIFTPYF2OOSC7OUXFHS6JFLCSWAADAGJ 2013-03-15T13:59:26Z 2013-03-15T15:33:56Z 585
Mar 15, 2013 3:33:56 PM net.blogracy.controller.DistributedHashTable$DownloadListener <init>
INFO: download-req IIFTPYF2OOSC7OUXFHS6JFLCSWAADAGJ 2013-03-15T13:59:26Z
Mar 15, 2013 3:34:10 PM net.blogracy.controller.DistributedHashTable$LookupListener <init>
INFO: lookup-req REHV2GKZR6BI6E66667LFTNPF42XF5QG
Mar 15, 2013 3:34:10 PM net.blogracy.controller.DistributedHashTable$LookupListener onMessage
INFO: lookup-ans REHV2GKZR6BI6E66667LFTNPF42XF5QG 2013-03-15T15:31:54Z 2013-03-15T15:34:10Z 351
Mar 15, 2013 3:34:10 PM net.blogracy.controller.DistributedHashTable$DownloadListener <init>
INFO: download-req REHV2GKZR6BI6E66667LFTNPF42XF5QG 2013-03-15T15:31:54Z
Mar 15, 2013 3:34:10 PM net.blogracy.controller.DistributedHashTable$LookupListener onMessage
INFO: lookup-ans REHV2GKZR6BI6E66667LFTNPF42XF5QG 2013-03-15T13:55:20Z 2013-03-15T15:34:10Z 363
Mar 15, 2013 3:34:10 PM net.blogracy.controller.DistributedHashTable$DownloadListener <init>
INFO: download-req REHV2GKZR6BI6E66667LFTNPF42XF5QG 2013-03-15T13:55:20Z
Mar 15, 2013 3:34:24 PM net.blogracy.controller.DistributedHashTable$LookupListener <init>
INFO: lookup-req GRRVNWRRA5YPOTR2NJTQK3RXPMJXGKYD
Mar 15, 2013 3:34:24 PM net.blogracy.controller.DistributedHashTable$LookupListener onMessage
INFO: lookup-ans GRRVNWRRA5YPOTR2NJTQK3RXPMJXGKYD 2013-03-15T13:55:43Z 2013-03-15T15:34:24Z 75
Mar 15, 2013 3:34:24 PM net.blogracy.controller.DistributedHashTable$DownloadListener <init>
INFO: download-req GRRVNWRRA5YPOTR2NJTQK3RXPMJXGKYD 2013-03-15T13:55:43Z
Mar 15, 2013 3:34:24 PM net.blogracy.controller.DistributedHashTable$LookupListener onMessage
INFO: lookup-ans GRRVNWRRA5YPOTR2NJTQK3RXPMJXGKYD 2013-03-15T15:32:23Z 2013-03-15T15:34:24Z 88
Mar 15, 2013 3:34:24 PM net.blogracy.controller.DistributedHashTable$DownloadListener <init>
INFO: download-req GRRVNWRRA5YPOTR2NJTQK3RXPMJXGKYD 2013-03-15T15:32:23Z
Mar 15, 2013 3:34:25 PM net.blogracy.controller.DistributedHashTable$LookupListener onMessage
INFO: lookup-ans GRRVNWRRA5YPOTR2NJTQK3RXPMJXGKYD 2013-03-15T15:27:22Z 2013-03-15T15:34:25Z 913
Mar 15, 2013 3:34:25 PM net.blogracy.controller.DistributedHashTable$DownloadListener <init>
INFO: download-req GRRVNWRRA5YPOTR2NJTQK3RXPMJXGKYD 2013-03-15T15:27:22Z
Mar 15, 2013 3:34:25 PM net.blogracy.controller.DistributedHashTable$LookupListener onMessage
INFO: lookup-ans GRRVNWRRA5YPOTR2NJTQK3RXPMJXGKYD 2013-03-15T13:50:43Z 2013-03-15T15:34:25Z 968
Mar 15, 2013 3:34:25 PM net.blogracy.controller.DistributedHashTable$DownloadListener <init>
INFO: download-req GRRVNWRRA5YPOTR2NJTQK3RXPMJXGKYD 2013-03-15T13:50:43Z
Mar 15, 2013 3:34:38 PM net.blogracy.controller.DistributedHashTable$LookupListener <init>
INFO: lookup-req HPQLSAFOTHT5XCF6AXRN65UWQXL75VUB
Mar 15, 2013 3:34:53 PM net.blogracy.controller.DistributedHashTable$LookupListener <init>
INFO: lookup-req NUHK7LXC3JZZQ6EB2RKPAXMUYX7DF7UI
Mar 15, 2013 3:34:53 PM net.blogracy.controller.DistributedHashTable$LookupListener onMessage
INFO: lookup-ans NUHK7LXC3JZZQ6EB2RKPAXMUYX7DF7UI 2013-03-15T15:32:38Z 2013-03-15T15:34:53Z 214
Mar 15, 2013 3:34:53 PM net.blogracy.controller.DistributedHashTable$DownloadListener <init>
INFO: download-req NUHK7LXC3JZZQ6EB2RKPAXMUYX7DF7UI 2013-03-15T15:32:38Z
Mar 15, 2013 3:34:53 PM net.blogracy.controller.DistributedHashTable$LookupListener onMessage
INFO: lookup-ans NUHK7LXC3JZZQ6EB2RKPAXMUYX7DF7UI 2013-03-15T15:15:56Z 2013-03-15T15:34:53Z 287
Mar 15, 2013 3:34:53 PM net.blogracy.controller.DistributedHashTable$DownloadListener <init>
INFO: download-req NUHK7LXC3JZZQ6EB2RKPAXMUYX7DF7UI 2013-03-15T15:15:56Z
Mar 15, 2013 3:35:07 PM net.blogracy.controller.DistributedHashTable$LookupListener <init>
INFO: lookup-req NZYND2IBFUU2CASIWQ2GFYLCZFN7LPE4
Mar 15, 2013 3:35:07 PM net.blogracy.controller.DistributedHashTable$LookupListener onMessage
INFO: lookup-ans NZYND2IBFUU2CASIWQ2GFYLCZFN7LPE4 2013-03-15T15:32:12Z 2013-03-15T15:35:07Z 390
Mar 15, 2013 3:35:07 PM net.blogracy.controller.DistributedHashTable$DownloadListener <init>
INFO: download-req NZYND2IBFUU2CASIWQ2GFYLCZFN7LPE4 2013-03-15T15:32:12Z
Mar 15, 2013 3:35:21 PM net.blogracy.controller.DistributedHashTable$LookupListener <init>
INFO: lookup-req YXD54PHMST7F6XYMRUQLDRPLP6Y6SRNB
Mar 15, 2013 3:35:22 PM net.blogracy.controller.DistributedHashTable$LookupListener onMessage
INFO: lookup-ans YXD54PHMST7F6XYMRUQLDRPLP6Y6SRNB 2013-03-15T15:09:21Z 2013-03-15T15:35:22Z 328
Mar 15, 2013 3:35:22 PM net.blogracy.controller.DistributedHashTable$DownloadListener <init>
INFO: download-req YXD54PHMST7F6XYMRUQLDRPLP6Y6SRNB 2013-03-15T15:09:21Z
Mar 15, 2013 3:35:22 PM net.blogracy.controller.DistributedHashTable$LookupListener onMessage
INFO: lookup-ans YXD54PHMST7F6XYMRUQLDRPLP6Y6SRNB 2013-03-15T15:14:22Z 2013-03-15T15:35:22Z 713
Mar 15, 2013 3:35:22 PM net.blogracy.controller.DistributedHashTable$DownloadListener <init>
INFO: download-req YXD54PHMST7F6XYMRUQLDRPLP6Y6SRNB 2013-03-15T15:14:22Z
Mar 15, 2013 3:35:36 PM net.blogracy.controller.DistributedHashTable$LookupListener <init>
INFO: lookup-req 572ZWE3WA7Y4FO3XQSKJS4ML56OPR2PR
Mar 15, 2013 3:35:50 PM net.blogracy.controller.DistributedHashTable$LookupListener <init>
INFO: lookup-req SC5MBBBISROYHFVVJVDK7E3SHNCWYJAC
Mar 15, 2013 3:35:50 PM net.blogracy.controller.DistributedHashTable$LookupListener onMessage
INFO: lookup-ans SC5MBBBISROYHFVVJVDK7E3SHNCWYJAC 2013-03-15T15:14:55Z 2013-03-15T15:35:50Z 322
Mar 15, 2013 3:35:50 PM net.blogracy.controller.DistributedHashTable$DownloadListener <init>
INFO: download-req SC5MBBBISROYHFVVJVDK7E3SHNCWYJAC 2013-03-15T15:14:55Z
Mar 15, 2013 3:36:04 PM net.blogracy.controller.DistributedHashTable$LookupListener <init>
INFO: lookup-req ZQGMNDNSCMPFM5U25GRXYJTTB5SYLW7Z
Mar 15, 2013 3:36:04 PM net.blogracy.controller.DistributedHashTable$LookupListener onMessage
INFO: lookup-ans ZQGMNDNSCMPFM5U25GRXYJTTB5SYLW7Z 2013-03-15T15:17:05Z 2013-03-15T15:36:04Z 306
Mar 15, 2013 3:36:04 PM net.blogracy.controller.DistributedHashTable$DownloadListener <init>
INFO: download-req ZQGMNDNSCMPFM5U25GRXYJTTB5SYLW7Z 2013-03-15T15:17:05Z
Mar 15, 2013 3:36:18 PM net.blogracy.controller.DistributedHashTable$LookupListener <init>
INFO: lookup-req BIL23WT5G35TOPAG4J6WZ6TYG4YSJ3FD
Mar 15, 2013 3:36:19 PM net.blogracy.controller.DistributedHashTable$LookupListener onMessage
INFO: lookup-ans BIL23WT5G35TOPAG4J6WZ6TYG4YSJ3FD 2013-03-15T15:14:03Z 2013-03-15T15:36:19Z 352
Mar 15, 2013 3:36:19 PM net.blogracy.controller.DistributedHashTable$DownloadListener <init>
INFO: download-req BIL23WT5G35TOPAG4J6WZ6TYG4YSJ3FD 2013-03-15T15:14:03Z
Mar 15, 2013 3:36:33 PM net.blogracy.controller.DistributedHashTable$LookupListener <init>
INFO: lookup-req SWI7C4YMQI563SVAW53AJHTB5LRITAGF
Mar 15, 2013 3:36:33 PM net.blogracy.controller.DistributedHashTable$LookupListener onMessage
INFO: lookup-ans SWI7C4YMQI563SVAW53AJHTB5LRITAGF 2013-03-15T15:32:10Z 2013-03-15T15:36:33Z 187
Mar 15, 2013 3:36:33 PM net.blogracy.controller.DistributedHashTable$DownloadListener <init>
INFO: download-req SWI7C4YMQI563SVAW53AJHTB5LRITAGF 2013-03-15T15:32:10Z
Mar 15, 2013 3:36:47 PM net.blogracy.controller.DistributedHashTable$LookupListener <init>
INFO: lookup-req LDXIBS5B7I2LVRVKJGQK52WMMSHWJGK5
Mar 15, 2013 3:36:47 PM net.blogracy.controller.DistributedHashTable$LookupListener onMessage
INFO: lookup-ans LDXIBS5B7I2LVRVKJGQK52WMMSHWJGK5 2013-03-15T15:35:23Z 2013-03-15T15:36:47Z 301
Mar 15, 2013 3:36:47 PM net.blogracy.controller.DistributedHashTable$DownloadListener <init>
INFO: download-req LDXIBS5B7I2LVRVKJGQK52WMMSHWJGK5 2013-03-15T15:35:23Z
Mar 15, 2013 3:36:48 PM net.blogracy.controller.DistributedHashTable$LookupListener onMessage
INFO: lookup-ans LDXIBS5B7I2LVRVKJGQK52WMMSHWJGK5 2013-03-15T15:30:20Z 2013-03-15T15:36:48Z 1299
Mar 15, 2013 3:36:48 PM net.blogracy.controller.DistributedHashTable$DownloadListener <init>
INFO: download-req LDXIBS5B7I2LVRVKJGQK52WMMSHWJGK5 2013-03-15T15:30:20Z
