Mar 15, 2013 3:26:52 PM net.blogracy.controller.DistributedHashTable$LookupListener <init>
INFO: lookup-req OL65LQYSH3BAO6TGPHZIFC72WVGFD6PR
Mar 15, 2013 3:26:53 PM net.blogracy.controller.DistributedHashTable$LookupListener onMessage
INFO: lookup-ans OL65LQYSH3BAO6TGPHZIFC72WVGFD6PR 2013-03-15T15:17:26Z 2013-03-15T15:26:53Z 683
Mar 15, 2013 3:26:53 PM net.blogracy.controller.DistributedHashTable$DownloadListener <init>
INFO: download-req OL65LQYSH3BAO6TGPHZIFC72WVGFD6PR 2013-03-15T15:17:26Z
Mar 15, 2013 3:26:53 PM net.blogracy.controller.DistributedHashTable$LookupListener onMessage
INFO: lookup-ans OL65LQYSH3BAO6TGPHZIFC72WVGFD6PR 2013-03-15T13:58:24Z 2013-03-15T15:26:53Z 755
Mar 15, 2013 3:26:53 PM net.blogracy.controller.DistributedHashTable$DownloadListener <init>
INFO: download-req OL65LQYSH3BAO6TGPHZIFC72WVGFD6PR 2013-03-15T13:58:24Z
Mar 15, 2013 3:26:53 PM net.blogracy.controller.DistributedHashTable$LookupListener onMessage
INFO: lookup-ans OL65LQYSH3BAO6TGPHZIFC72WVGFD6PR 2013-03-15T10:53:19Z 2013-03-15T15:26:53Z 871
Mar 15, 2013 3:26:53 PM net.blogracy.controller.DistributedHashTable$DownloadListener <init>
INFO: download-req OL65LQYSH3BAO6TGPHZIFC72WVGFD6PR 2013-03-15T10:53:19Z
Mar 15, 2013 3:26:53 PM net.blogracy.controller.DistributedHashTable$LookupListener onMessage
INFO: lookup-ans OL65LQYSH3BAO6TGPHZIFC72WVGFD6PR 2013-03-15T15:12:26Z 2013-03-15T15:26:53Z 1027
Mar 15, 2013 3:26:53 PM net.blogracy.controller.DistributedHashTable$DownloadListener <init>
INFO: download-req OL65LQYSH3BAO6TGPHZIFC72WVGFD6PR 2013-03-15T15:12:26Z
Mar 15, 2013 3:26:54 PM net.blogracy.controller.DistributedHashTable$LookupListener onMessage
INFO: lookup-ans OL65LQYSH3BAO6TGPHZIFC72WVGFD6PR 2013-03-15T10:48:19Z 2013-03-15T15:26:54Z 1289
Mar 15, 2013 3:26:54 PM net.blogracy.controller.DistributedHashTable$DownloadListener <init>
INFO: download-req OL65LQYSH3BAO6TGPHZIFC72WVGFD6PR 2013-03-15T10:48:19Z
Mar 15, 2013 3:27:07 PM net.blogracy.controller.DistributedHashTable$LookupListener <init>
INFO: lookup-req 734RO6HILBSFN7TZMLELFXELO3NKEQPG
Mar 15, 2013 3:27:09 PM net.blogracy.controller.DistributedHashTable$LookupListener onMessage
INFO: lookup-ans 734RO6HILBSFN7TZMLELFXELO3NKEQPG 2013-03-15T10:53:42Z 2013-03-15T15:27:09Z 2148
Mar 15, 2013 3:27:09 PM net.blogracy.controller.DistributedHashTable$DownloadListener <init>
INFO: download-req 734RO6HILBSFN7TZMLELFXELO3NKEQPG 2013-03-15T10:53:42Z
Mar 15, 2013 3:27:09 PM net.blogracy.controller.DistributedHashTable$LookupListener onMessage
INFO: lookup-ans 734RO6HILBSFN7TZMLELFXELO3NKEQPG 2013-03-15T15:17:24Z 2013-03-15T15:27:09Z 2205
Mar 15, 2013 3:27:09 PM net.blogracy.controller.DistributedHashTable$DownloadListener <init>
INFO: download-req 734RO6HILBSFN7TZMLELFXELO3NKEQPG 2013-03-15T15:17:24Z
Mar 15, 2013 3:27:09 PM net.blogracy.controller.DistributedHashTable$LookupListener onMessage
INFO: lookup-ans 734RO6HILBSFN7TZMLELFXELO3NKEQPG 2013-03-15T13:48:14Z 2013-03-15T15:27:09Z 2255
Mar 15, 2013 3:27:09 PM net.blogracy.controller.DistributedHashTable$DownloadListener <init>
INFO: download-req 734RO6HILBSFN7TZMLELFXELO3NKEQPG 2013-03-15T13:48:14Z
Mar 15, 2013 3:27:21 PM net.blogracy.controller.DistributedHashTable$LookupListener <init>
INFO: lookup-req ZFV32TGQMAYUCBI6TNT6NDNVK3OCV3E4
Mar 15, 2013 3:27:33 PM net.blogracy.controller.DistributedHashTable$LookupListener onMessage
INFO: lookup-ans ZFV32TGQMAYUCBI6TNT6NDNVK3OCV3E4 2013-03-15T10:50:22Z 2013-03-15T15:27:33Z 12228
Mar 15, 2013 3:27:33 PM net.blogracy.controller.DistributedHashTable$DownloadListener <init>
INFO: download-req ZFV32TGQMAYUCBI6TNT6NDNVK3OCV3E4 2013-03-15T10:50:22Z
Mar 15, 2013 3:27:33 PM net.blogracy.controller.DistributedHashTable$LookupListener onMessage
INFO: lookup-ans ZFV32TGQMAYUCBI6TNT6NDNVK3OCV3E4 2013-03-15T13:55:10Z 2013-03-15T15:27:33Z 12264
Mar 15, 2013 3:27:33 PM net.blogracy.controller.DistributedHashTable$DownloadListener <init>
INFO: download-req ZFV32TGQMAYUCBI6TNT6NDNVK3OCV3E4 2013-03-15T13:55:10Z
Mar 15, 2013 3:27:35 PM net.blogracy.controller.DistributedHashTable$LookupListener <init>
INFO: lookup-req O2LNUOSQV6AMEJPEGJG7OVPK2XZQV3ZE
Mar 15, 2013 3:27:36 PM net.blogracy.controller.DistributedHashTable$LookupListener onMessage
INFO: lookup-ans O2LNUOSQV6AMEJPEGJG7OVPK2XZQV3ZE 2013-03-15T15:17:22Z 2013-03-15T15:27:36Z 357
Mar 15, 2013 3:27:36 PM net.blogracy.controller.DistributedHashTable$DownloadListener <init>
INFO: download-req O2LNUOSQV6AMEJPEGJG7OVPK2XZQV3ZE 2013-03-15T15:17:22Z
Mar 15, 2013 3:27:36 PM net.blogracy.controller.DistributedHashTable$LookupListener onMessage
INFO: lookup-ans O2LNUOSQV6AMEJPEGJG7OVPK2XZQV3ZE 2013-03-15T10:54:33Z 2013-03-15T15:27:36Z 399
Mar 15, 2013 3:27:36 PM net.blogracy.controller.DistributedHashTable$DownloadListener <init>
INFO: download-req O2LNUOSQV6AMEJPEGJG7OVPK2XZQV3ZE 2013-03-15T10:54:33Z
Mar 15, 2013 3:27:36 PM net.blogracy.controller.DistributedHashTable$LookupListener onMessage
INFO: lookup-ans O2LNUOSQV6AMEJPEGJG7OVPK2XZQV3ZE 2013-03-15T13:58:34Z 2013-03-15T15:27:36Z 819
Mar 15, 2013 3:27:36 PM net.blogracy.controller.DistributedHashTable$DownloadListener <init>
INFO: download-req O2LNUOSQV6AMEJPEGJG7OVPK2XZQV3ZE 2013-03-15T13:58:34Z
Mar 15, 2013 3:27:50 PM net.blogracy.controller.DistributedHashTable$LookupListener <init>
INFO: lookup-req RPVEPPTQV6G357V6OCZ4RSFBRAFAP3HM
Mar 15, 2013 3:27:50 PM net.blogracy.controller.DistributedHashTable$LookupListener onMessage
INFO: lookup-ans RPVEPPTQV6G357V6OCZ4RSFBRAFAP3HM 2013-03-15T15:18:10Z 2013-03-15T15:27:50Z 446
Mar 15, 2013 3:27:50 PM net.blogracy.controller.DistributedHashTable$DownloadListener <init>
INFO: download-req RPVEPPTQV6G357V6OCZ4RSFBRAFAP3HM 2013-03-15T15:18:10Z
Mar 15, 2013 3:27:51 PM net.blogracy.controller.DistributedHashTable$LookupListener onMessage
INFO: lookup-ans RPVEPPTQV6G357V6OCZ4RSFBRAFAP3HM 2013-03-15T15:13:09Z 2013-03-15T15:27:51Z 897
Mar 15, 2013 3:27:51 PM net.blogracy.controller.DistributedHashTable$DownloadListener <init>
INFO: download-req RPVEPPTQV6G357V6OCZ4RSFBRAFAP3HM 2013-03-15T15:13:09Z
Mar 15, 2013 3:28:04 PM net.blogracy.controller.DistributedHashTable$LookupListener <init>
INFO: lookup-req 3B73BAT64GOB5DR7NXD7IRSR4Z7GIK4E
Mar 15, 2013 3:28:05 PM net.blogracy.controller.DistributedHashTable$LookupListener onMessage
INFO: lookup-ans 3B73BAT64GOB5DR7NXD7IRSR4Z7GIK4E 2013-03-15T11:35:24Z 2013-03-15T15:28:05Z 592
Mar 15, 2013 3:28:05 PM net.blogracy.controller.DistributedHashTable$DownloadListener <init>
INFO: download-req 3B73BAT64GOB5DR7NXD7IRSR4Z7GIK4E 2013-03-15T11:35:24Z
Mar 15, 2013 3:28:05 PM net.blogracy.controller.DistributedHashTable$LookupListener onMessage
INFO: lookup-ans 3B73BAT64GOB5DR7NXD7IRSR4Z7GIK4E 2013-03-15T15:16:10Z 2013-03-15T15:28:05Z 635
Mar 15, 2013 3:28:05 PM net.blogracy.controller.DistributedHashTable$DownloadListener <init>
INFO: download-req 3B73BAT64GOB5DR7NXD7IRSR4Z7GIK4E 2013-03-15T15:16:10Z
Mar 15, 2013 3:28:18 PM net.blogracy.controller.DistributedHashTable$LookupListener <init>
INFO: lookup-req QF57FG6NEFT7PHOEIFHV734DS7DAMSD2
Mar 15, 2013 3:28:19 PM net.blogracy.controller.DistributedHashTable$LookupListener onMessage
INFO: lookup-ans QF57FG6NEFT7PHOEIFHV734DS7DAMSD2 2013-03-15T13:54:38Z 2013-03-15T15:28:19Z 489
Mar 15, 2013 3:28:19 PM net.blogracy.controller.DistributedHashTable$DownloadListener <init>
INFO: download-req QF57FG6NEFT7PHOEIFHV734DS7DAMSD2 2013-03-15T13:54:38Z
Mar 15, 2013 3:28:33 PM net.blogracy.controller.DistributedHashTable$LookupListener <init>
INFO: lookup-req H3WGV7IKX35FZNSFJYEZV4VCFQBSAKEL
Mar 15, 2013 3:28:33 PM net.blogracy.controller.DistributedHashTable$LookupListener onMessage
INFO: lookup-ans H3WGV7IKX35FZNSFJYEZV4VCFQBSAKEL 2013-03-15T13:53:21Z 2013-03-15T15:28:33Z 456
Mar 15, 2013 3:28:33 PM net.blogracy.controller.DistributedHashTable$DownloadListener <init>
INFO: download-req H3WGV7IKX35FZNSFJYEZV4VCFQBSAKEL 2013-03-15T13:53:21Z
Mar 15, 2013 3:28:33 PM net.blogracy.controller.DistributedHashTable$LookupListener onMessage
INFO: lookup-ans H3WGV7IKX35FZNSFJYEZV4VCFQBSAKEL 2013-03-15T15:27:00Z 2013-03-15T15:28:33Z 519
Mar 15, 2013 3:28:33 PM net.blogracy.controller.DistributedHashTable$DownloadListener <init>
INFO: download-req H3WGV7IKX35FZNSFJYEZV4VCFQBSAKEL 2013-03-15T15:27:00Z
Mar 15, 2013 3:28:47 PM net.blogracy.controller.DistributedHashTable$LookupListener <init>
INFO: lookup-req JZY6QFFDO2J4RQXM6QEFAMCKPOBHYFWR
Mar 15, 2013 3:28:48 PM net.blogracy.controller.DistributedHashTable$LookupListener onMessage
INFO: lookup-ans JZY6QFFDO2J4RQXM6QEFAMCKPOBHYFWR 2013-03-15T13:58:25Z 2013-03-15T15:28:48Z 610
Mar 15, 2013 3:28:48 PM net.blogracy.controller.DistributedHashTable$DownloadListener <init>
INFO: download-req JZY6QFFDO2J4RQXM6QEFAMCKPOBHYFWR 2013-03-15T13:58:25Z
Mar 15, 2013 3:28:48 PM net.blogracy.controller.DistributedHashTable$LookupListener onMessage
INFO: lookup-ans JZY6QFFDO2J4RQXM6QEFAMCKPOBHYFWR 2013-03-15T15:24:20Z 2013-03-15T15:28:48Z 649
Mar 15, 2013 3:28:48 PM net.blogracy.controller.DistributedHashTable$DownloadListener <init>
INFO: download-req JZY6QFFDO2J4RQXM6QEFAMCKPOBHYFWR 2013-03-15T15:24:20Z
Mar 15, 2013 3:28:48 PM net.blogracy.controller.DistributedHashTable$LookupListener onMessage
INFO: lookup-ans JZY6QFFDO2J4RQXM6QEFAMCKPOBHYFWR 2013-03-15T15:12:02Z 2013-03-15T15:28:48Z 1006
Mar 15, 2013 3:28:48 PM net.blogracy.controller.DistributedHashTable$DownloadListener <init>
INFO: download-req JZY6QFFDO2J4RQXM6QEFAMCKPOBHYFWR 2013-03-15T15:12:02Z
Mar 15, 2013 3:29:01 PM net.blogracy.controller.DistributedHashTable$LookupListener <init>
INFO: lookup-req IIFTPYF2OOSC7OUXFHS6JFLCSWAADAGJ
Mar 15, 2013 3:29:02 PM net.blogracy.controller.DistributedHashTable$LookupListener onMessage
INFO: lookup-ans IIFTPYF2OOSC7OUXFHS6JFLCSWAADAGJ 2013-03-15T15:19:17Z 2013-03-15T15:29:02Z 257
Mar 15, 2013 3:29:02 PM net.blogracy.controller.DistributedHashTable$DownloadListener <init>
INFO: download-req IIFTPYF2OOSC7OUXFHS6JFLCSWAADAGJ 2013-03-15T15:19:17Z
Mar 15, 2013 3:29:02 PM net.blogracy.controller.DistributedHashTable$LookupListener onMessage
INFO: lookup-ans IIFTPYF2OOSC7OUXFHS6JFLCSWAADAGJ 2013-03-15T13:59:26Z 2013-03-15T15:29:02Z 303
Mar 15, 2013 3:29:02 PM net.blogracy.controller.DistributedHashTable$DownloadListener <init>
INFO: download-req IIFTPYF2OOSC7OUXFHS6JFLCSWAADAGJ 2013-03-15T13:59:26Z
Mar 15, 2013 3:29:16 PM net.blogracy.controller.DistributedHashTable$LookupListener <init>
INFO: lookup-req GRRVNWRRA5YPOTR2NJTQK3RXPMJXGKYD
Mar 15, 2013 3:29:16 PM net.blogracy.controller.DistributedHashTable$LookupListener onMessage
INFO: lookup-ans GRRVNWRRA5YPOTR2NJTQK3RXPMJXGKYD 2013-03-15T13:50:43Z 2013-03-15T15:29:16Z 314
Mar 15, 2013 3:29:16 PM net.blogracy.controller.DistributedHashTable$DownloadListener <init>
INFO: download-req GRRVNWRRA5YPOTR2NJTQK3RXPMJXGKYD 2013-03-15T13:50:43Z
Mar 15, 2013 3:29:16 PM net.blogracy.controller.DistributedHashTable$LookupListener onMessage
INFO: lookup-ans GRRVNWRRA5YPOTR2NJTQK3RXPMJXGKYD 2013-03-15T15:27:22Z 2013-03-15T15:29:16Z 361
Mar 15, 2013 3:29:16 PM net.blogracy.controller.DistributedHashTable$DownloadListener <init>
INFO: download-req GRRVNWRRA5YPOTR2NJTQK3RXPMJXGKYD 2013-03-15T15:27:22Z
Mar 15, 2013 3:29:16 PM net.blogracy.controller.DistributedHashTable$LookupListener onMessage
INFO: lookup-ans GRRVNWRRA5YPOTR2NJTQK3RXPMJXGKYD 2013-03-15T13:55:43Z 2013-03-15T15:29:16Z 432
Mar 15, 2013 3:29:16 PM net.blogracy.controller.DistributedHashTable$DownloadListener <init>
INFO: download-req GRRVNWRRA5YPOTR2NJTQK3RXPMJXGKYD 2013-03-15T13:55:43Z
Mar 15, 2013 3:29:30 PM net.blogracy.controller.DistributedHashTable$LookupListener <init>
INFO: lookup-req HPQLSAFOTHT5XCF6AXRN65UWQXL75VUB
Mar 15, 2013 3:29:44 PM net.blogracy.controller.DistributedHashTable$LookupListener <init>
INFO: lookup-req NUHK7LXC3JZZQ6EB2RKPAXMUYX7DF7UI
Mar 15, 2013 3:29:45 PM net.blogracy.controller.DistributedHashTable$LookupListener onMessage
INFO: lookup-ans NUHK7LXC3JZZQ6EB2RKPAXMUYX7DF7UI 2013-03-15T15:27:37Z 2013-03-15T15:29:45Z 332
Mar 15, 2013 3:29:45 PM net.blogracy.controller.DistributedHashTable$DownloadListener <init>
INFO: download-req NUHK7LXC3JZZQ6EB2RKPAXMUYX7DF7UI 2013-03-15T15:27:37Z
Mar 15, 2013 3:29:45 PM net.blogracy.controller.DistributedHashTable$LookupListener onMessage
INFO: lookup-ans NUHK7LXC3JZZQ6EB2RKPAXMUYX7DF7UI 2013-03-15T15:10:55Z 2013-03-15T15:29:45Z 509
Mar 15, 2013 3:29:45 PM net.blogracy.controller.DistributedHashTable$DownloadListener <init>
INFO: download-req NUHK7LXC3JZZQ6EB2RKPAXMUYX7DF7UI 2013-03-15T15:10:55Z
Mar 15, 2013 3:29:59 PM net.blogracy.controller.DistributedHashTable$LookupListener <init>
INFO: lookup-req NZYND2IBFUU2CASIWQ2GFYLCZFN7LPE4
Mar 15, 2013 3:29:59 PM net.blogracy.controller.DistributedHashTable$LookupListener onMessage
INFO: lookup-ans NZYND2IBFUU2CASIWQ2GFYLCZFN7LPE4 2013-03-15T15:27:11Z 2013-03-15T15:29:59Z 593
Mar 15, 2013 3:29:59 PM net.blogracy.controller.DistributedHashTable$DownloadListener <init>
INFO: download-req NZYND2IBFUU2CASIWQ2GFYLCZFN7LPE4 2013-03-15T15:27:11Z
Mar 15, 2013 3:29:59 PM net.blogracy.controller.DistributedHashTable$LookupListener onMessage
INFO: lookup-ans NZYND2IBFUU2CASIWQ2GFYLCZFN7LPE4 2013-03-15T15:19:16Z 2013-03-15T15:29:59Z 699
Mar 15, 2013 3:29:59 PM net.blogracy.controller.DistributedHashTable$DownloadListener <init>
INFO: download-req NZYND2IBFUU2CASIWQ2GFYLCZFN7LPE4 2013-03-15T15:19:16Z
Mar 15, 2013 3:30:13 PM net.blogracy.controller.DistributedHashTable$LookupListener <init>
INFO: lookup-req YXD54PHMST7F6XYMRUQLDRPLP6Y6SRNB
Mar 15, 2013 3:30:13 PM net.blogracy.controller.DistributedHashTable$LookupListener onMessage
INFO: lookup-ans YXD54PHMST7F6XYMRUQLDRPLP6Y6SRNB 2013-03-15T15:14:22Z 2013-03-15T15:30:13Z 355
Mar 15, 2013 3:30:13 PM net.blogracy.controller.DistributedHashTable$DownloadListener <init>
INFO: download-req YXD54PHMST7F6XYMRUQLDRPLP6Y6SRNB 2013-03-15T15:14:22Z
Mar 15, 2013 3:30:27 PM net.blogracy.controller.DistributedHashTable$LookupListener <init>
INFO: lookup-req 572ZWE3WA7Y4FO3XQSKJS4ML56OPR2PR
Mar 15, 2013 3:30:42 PM net.blogracy.controller.DistributedHashTable$LookupListener <init>
INFO: lookup-req SC5MBBBISROYHFVVJVDK7E3SHNCWYJAC
Mar 15, 2013 3:30:42 PM net.blogracy.controller.DistributedHashTable$LookupListener onMessage
INFO: lookup-ans SC5MBBBISROYHFVVJVDK7E3SHNCWYJAC 2013-03-15T15:14:55Z 2013-03-15T15:30:42Z 408
Mar 15, 2013 3:30:42 PM net.blogracy.controller.DistributedHashTable$DownloadListener <init>
INFO: download-req SC5MBBBISROYHFVVJVDK7E3SHNCWYJAC 2013-03-15T15:14:55Z
Mar 15, 2013 3:30:56 PM net.blogracy.controller.DistributedHashTable$LookupListener <init>
INFO: lookup-req ZQGMNDNSCMPFM5U25GRXYJTTB5SYLW7Z
Mar 15, 2013 3:31:09 PM net.blogracy.controller.DistributedHashTable$LookupListener onMessage
INFO: lookup-ans ZQGMNDNSCMPFM5U25GRXYJTTB5SYLW7Z 2013-03-15T15:17:05Z 2013-03-15T15:31:09Z 12733
Mar 15, 2013 3:31:09 PM net.blogracy.controller.DistributedHashTable$DownloadListener <init>
INFO: download-req ZQGMNDNSCMPFM5U25GRXYJTTB5SYLW7Z 2013-03-15T15:17:05Z
Mar 15, 2013 3:31:10 PM net.blogracy.controller.DistributedHashTable$LookupListener <init>
INFO: lookup-req BIL23WT5G35TOPAG4J6WZ6TYG4YSJ3FD
Mar 15, 2013 3:31:11 PM net.blogracy.controller.DistributedHashTable$LookupListener onMessage
INFO: lookup-ans BIL23WT5G35TOPAG4J6WZ6TYG4YSJ3FD 2013-03-15T15:14:03Z 2013-03-15T15:31:11Z 690
Mar 15, 2013 3:31:11 PM net.blogracy.controller.DistributedHashTable$DownloadListener <init>
INFO: download-req BIL23WT5G35TOPAG4J6WZ6TYG4YSJ3FD 2013-03-15T15:14:03Z
Mar 15, 2013 3:31:24 PM net.blogracy.controller.DistributedHashTable$LookupListener <init>
INFO: lookup-req SWI7C4YMQI563SVAW53AJHTB5LRITAGF
Mar 15, 2013 3:31:25 PM net.blogracy.controller.DistributedHashTable$LookupListener onMessage
INFO: lookup-ans SWI7C4YMQI563SVAW53AJHTB5LRITAGF 2013-03-15T15:27:08Z 2013-03-15T15:31:25Z 394
Mar 15, 2013 3:31:25 PM net.blogracy.controller.DistributedHashTable$DownloadListener <init>
INFO: download-req SWI7C4YMQI563SVAW53AJHTB5LRITAGF 2013-03-15T15:27:08Z
Mar 15, 2013 3:31:39 PM net.blogracy.controller.DistributedHashTable$LookupListener <init>
INFO: lookup-req LDXIBS5B7I2LVRVKJGQK52WMMSHWJGK5
Mar 15, 2013 3:31:54 PM net.blogracy.controller.DistributedHashTable$LookupListener <init>
INFO: lookup-req OL65LQYSH3BAO6TGPHZIFC72WVGFD6PR
Mar 15, 2013 3:31:54 PM net.blogracy.controller.DistributedHashTable$LookupListener onMessage
INFO: lookup-ans LDXIBS5B7I2LVRVKJGQK52WMMSHWJGK5 2013-03-15T15:30:20Z 2013-03-15T15:31:54Z 15419
Mar 15, 2013 3:31:54 PM net.blogracy.controller.DistributedHashTable$DownloadListener <init>
INFO: download-req LDXIBS5B7I2LVRVKJGQK52WMMSHWJGK5 2013-03-15T15:30:20Z
Mar 15, 2013 3:31:55 PM net.blogracy.controller.DistributedHashTable$LookupListener onMessage
INFO: lookup-ans OL65LQYSH3BAO6TGPHZIFC72WVGFD6PR 2013-03-15T15:26:13Z 2013-03-15T15:31:55Z 607
Mar 15, 2013 3:31:55 PM net.blogracy.controller.DistributedHashTable$DownloadListener <init>
INFO: download-req OL65LQYSH3BAO6TGPHZIFC72WVGFD6PR 2013-03-15T15:26:13Z
Mar 15, 2013 3:31:55 PM net.blogracy.controller.DistributedHashTable$LookupListener onMessage
INFO: lookup-ans OL65LQYSH3BAO6TGPHZIFC72WVGFD6PR 2013-03-15T13:51:26Z 2013-03-15T15:31:55Z 723
Mar 15, 2013 3:31:55 PM net.blogracy.controller.DistributedHashTable$DownloadListener <init>
INFO: download-req OL65LQYSH3BAO6TGPHZIFC72WVGFD6PR 2013-03-15T13:51:26Z
Mar 15, 2013 3:31:55 PM net.blogracy.controller.DistributedHashTable$LookupListener onMessage
INFO: lookup-ans OL65LQYSH3BAO6TGPHZIFC72WVGFD6PR 2013-03-15T10:53:19Z 2013-03-15T15:31:55Z 769
Mar 15, 2013 3:31:55 PM net.blogracy.controller.DistributedHashTable$DownloadListener <init>
INFO: download-req OL65LQYSH3BAO6TGPHZIFC72WVGFD6PR 2013-03-15T10:53:19Z
Mar 15, 2013 3:31:55 PM net.blogracy.controller.DistributedHashTable$LookupListener onMessage
INFO: lookup-ans OL65LQYSH3BAO6TGPHZIFC72WVGFD6PR 2013-03-15T13:58:24Z 2013-03-15T15:31:55Z 842
Mar 15, 2013 3:31:55 PM net.blogracy.controller.DistributedHashTable$DownloadListener <init>
INFO: download-req OL65LQYSH3BAO6TGPHZIFC72WVGFD6PR 2013-03-15T13:58:24Z
Mar 15, 2013 3:31:55 PM net.blogracy.controller.DistributedHashTable$LookupListener onMessage
INFO: lookup-ans OL65LQYSH3BAO6TGPHZIFC72WVGFD6PR 2013-03-15T10:48:19Z 2013-03-15T15:31:55Z 958
Mar 15, 2013 3:31:55 PM net.blogracy.controller.DistributedHashTable$DownloadListener <init>
INFO: download-req OL65LQYSH3BAO6TGPHZIFC72WVGFD6PR 2013-03-15T10:48:19Z
Mar 15, 2013 3:32:08 PM net.blogracy.controller.DistributedHashTable$LookupListener <init>
INFO: lookup-req 734RO6HILBSFN7TZMLELFXELO3NKEQPG
Mar 15, 2013 3:32:09 PM net.blogracy.controller.DistributedHashTable$LookupListener onMessage
INFO: lookup-ans 734RO6HILBSFN7TZMLELFXELO3NKEQPG 2013-03-15T15:30:48Z 2013-03-15T15:32:09Z 334
Mar 15, 2013 3:32:09 PM net.blogracy.controller.DistributedHashTable$DownloadListener <init>
INFO: download-req 734RO6HILBSFN7TZMLELFXELO3NKEQPG 2013-03-15T15:30:48Z
Mar 15, 2013 3:32:09 PM net.blogracy.controller.DistributedHashTable$LookupListener onMessage
INFO: lookup-ans 734RO6HILBSFN7TZMLELFXELO3NKEQPG 2013-03-15T13:48:14Z 2013-03-15T15:32:09Z 432
Mar 15, 2013 3:32:09 PM net.blogracy.controller.DistributedHashTable$DownloadListener <init>
INFO: download-req 734RO6HILBSFN7TZMLELFXELO3NKEQPG 2013-03-15T13:48:14Z
Mar 15, 2013 3:32:09 PM net.blogracy.controller.DistributedHashTable$LookupListener onMessage
INFO: lookup-ans 734RO6HILBSFN7TZMLELFXELO3NKEQPG 2013-03-15T10:53:42Z 2013-03-15T15:32:09Z 520
Mar 15, 2013 3:32:09 PM net.blogracy.controller.DistributedHashTable$DownloadListener <init>
INFO: download-req 734RO6HILBSFN7TZMLELFXELO3NKEQPG 2013-03-15T10:53:42Z
Mar 15, 2013 3:32:09 PM net.blogracy.controller.DistributedHashTable$LookupListener onMessage
INFO: lookup-ans 734RO6HILBSFN7TZMLELFXELO3NKEQPG 2013-03-15T13:59:35Z 2013-03-15T15:32:09Z 1070
Mar 15, 2013 3:32:09 PM net.blogracy.controller.DistributedHashTable$DownloadListener <init>
INFO: download-req 734RO6HILBSFN7TZMLELFXELO3NKEQPG 2013-03-15T13:59:35Z
Mar 15, 2013 3:32:23 PM net.blogracy.controller.DistributedHashTable$LookupListener <init>
INFO: lookup-req ZFV32TGQMAYUCBI6TNT6NDNVK3OCV3E4
Mar 15, 2013 3:32:23 PM net.blogracy.controller.DistributedHashTable$LookupListener onMessage
INFO: lookup-ans ZFV32TGQMAYUCBI6TNT6NDNVK3OCV3E4 2013-03-15T10:50:22Z 2013-03-15T15:32:23Z 420
Mar 15, 2013 3:32:23 PM net.blogracy.controller.DistributedHashTable$DownloadListener <init>
INFO: download-req ZFV32TGQMAYUCBI6TNT6NDNVK3OCV3E4 2013-03-15T10:50:22Z
Mar 15, 2013 3:32:23 PM net.blogracy.controller.DistributedHashTable$LookupListener onMessage
INFO: lookup-ans ZFV32TGQMAYUCBI6TNT6NDNVK3OCV3E4 2013-03-15T13:55:10Z 2013-03-15T15:32:23Z 515
Mar 15, 2013 3:32:23 PM net.blogracy.controller.DistributedHashTable$DownloadListener <init>
INFO: download-req ZFV32TGQMAYUCBI6TNT6NDNVK3OCV3E4 2013-03-15T13:55:10Z
Mar 15, 2013 3:32:37 PM net.blogracy.controller.DistributedHashTable$LookupListener <init>
INFO: lookup-req O2LNUOSQV6AMEJPEGJG7OVPK2XZQV3ZE
Mar 15, 2013 3:32:37 PM net.blogracy.controller.DistributedHashTable$LookupListener onMessage
INFO: lookup-ans O2LNUOSQV6AMEJPEGJG7OVPK2XZQV3ZE 2013-03-15T10:54:33Z 2013-03-15T15:32:37Z 262
Mar 15, 2013 3:32:37 PM net.blogracy.controller.DistributedHashTable$DownloadListener <init>
INFO: download-req O2LNUOSQV6AMEJPEGJG7OVPK2XZQV3ZE 2013-03-15T10:54:33Z
Mar 15, 2013 3:32:37 PM net.blogracy.controller.DistributedHashTable$LookupListener onMessage
INFO: lookup-ans O2LNUOSQV6AMEJPEGJG7OVPK2XZQV3ZE 2013-03-15T13:58:34Z 2013-03-15T15:32:37Z 373
Mar 15, 2013 3:32:37 PM net.blogracy.controller.DistributedHashTable$DownloadListener <init>
INFO: download-req O2LNUOSQV6AMEJPEGJG7OVPK2XZQV3ZE 2013-03-15T13:58:34Z
Mar 15, 2013 3:32:37 PM net.blogracy.controller.DistributedHashTable$LookupListener onMessage
INFO: lookup-ans O2LNUOSQV6AMEJPEGJG7OVPK2XZQV3ZE 2013-03-15T15:26:37Z 2013-03-15T15:32:37Z 438
Mar 15, 2013 3:32:37 PM net.blogracy.controller.DistributedHashTable$DownloadListener <init>
INFO: download-req O2LNUOSQV6AMEJPEGJG7OVPK2XZQV3ZE 2013-03-15T15:26:37Z
Mar 15, 2013 3:32:51 PM net.blogracy.controller.DistributedHashTable$LookupListener <init>
INFO: lookup-req RPVEPPTQV6G357V6OCZ4RSFBRAFAP3HM
Mar 15, 2013 3:32:52 PM net.blogracy.controller.DistributedHashTable$LookupListener onMessage
INFO: lookup-ans RPVEPPTQV6G357V6OCZ4RSFBRAFAP3HM 2013-03-15T15:18:10Z 2013-03-15T15:32:52Z 331
Mar 15, 2013 3:32:52 PM net.blogracy.controller.DistributedHashTable$DownloadListener <init>
INFO: download-req RPVEPPTQV6G357V6OCZ4RSFBRAFAP3HM 2013-03-15T15:18:10Z
Mar 15, 2013 3:32:52 PM net.blogracy.controller.DistributedHashTable$LookupListener onMessage
INFO: lookup-ans RPVEPPTQV6G357V6OCZ4RSFBRAFAP3HM 2013-03-15T15:13:09Z 2013-03-15T15:32:52Z 742
Mar 15, 2013 3:32:52 PM net.blogracy.controller.DistributedHashTable$DownloadListener <init>
INFO: download-req RPVEPPTQV6G357V6OCZ4RSFBRAFAP3HM 2013-03-15T15:13:09Z
Mar 15, 2013 3:33:06 PM net.blogracy.controller.DistributedHashTable$LookupListener <init>
INFO: lookup-req 3B73BAT64GOB5DR7NXD7IRSR4Z7GIK4E
Mar 15, 2013 3:33:06 PM net.blogracy.controller.DistributedHashTable$LookupListener onMessage
INFO: lookup-ans 3B73BAT64GOB5DR7NXD7IRSR4Z7GIK4E 2013-03-15T15:16:10Z 2013-03-15T15:33:06Z 461
Mar 15, 2013 3:33:06 PM net.blogracy.controller.DistributedHashTable$DownloadListener <init>
INFO: download-req 3B73BAT64GOB5DR7NXD7IRSR4Z7GIK4E 2013-03-15T15:16:10Z
Mar 15, 2013 3:33:06 PM net.blogracy.controller.DistributedHashTable$LookupListener onMessage
INFO: lookup-ans 3B73BAT64GOB5DR7NXD7IRSR4Z7GIK4E 2013-03-15T11:35:24Z 2013-03-15T15:33:06Z 506
Mar 15, 2013 3:33:06 PM net.blogracy.controller.DistributedHashTable$DownloadListener <init>
INFO: download-req 3B73BAT64GOB5DR7NXD7IRSR4Z7GIK4E 2013-03-15T11:35:24Z
Mar 15, 2013 3:33:20 PM net.blogracy.controller.DistributedHashTable$LookupListener <init>
INFO: lookup-req QF57FG6NEFT7PHOEIFHV734DS7DAMSD2
Mar 15, 2013 3:33:20 PM net.blogracy.controller.DistributedHashTable$LookupListener onMessage
INFO: lookup-ans QF57FG6NEFT7PHOEIFHV734DS7DAMSD2 2013-03-15T15:27:26Z 2013-03-15T15:33:20Z 337
Mar 15, 2013 3:33:20 PM net.blogracy.controller.DistributedHashTable$DownloadListener <init>
INFO: download-req QF57FG6NEFT7PHOEIFHV734DS7DAMSD2 2013-03-15T15:27:26Z
Mar 15, 2013 3:33:20 PM net.blogracy.controller.DistributedHashTable$LookupListener onMessage
INFO: lookup-ans QF57FG6NEFT7PHOEIFHV734DS7DAMSD2 2013-03-15T13:54:38Z 2013-03-15T15:33:20Z 382
Mar 15, 2013 3:33:20 PM net.blogracy.controller.DistributedHashTable$DownloadListener <init>
INFO: download-req QF57FG6NEFT7PHOEIFHV734DS7DAMSD2 2013-03-15T13:54:38Z
Mar 15, 2013 3:33:34 PM net.blogracy.controller.DistributedHashTable$LookupListener <init>
INFO: lookup-req H3WGV7IKX35FZNSFJYEZV4VCFQBSAKEL
Mar 15, 2013 3:33:35 PM net.blogracy.controller.DistributedHashTable$LookupListener onMessage
INFO: lookup-ans H3WGV7IKX35FZNSFJYEZV4VCFQBSAKEL 2013-03-15T13:53:21Z 2013-03-15T15:33:35Z 403
Mar 15, 2013 3:33:35 PM net.blogracy.controller.DistributedHashTable$DownloadListener <init>
INFO: download-req H3WGV7IKX35FZNSFJYEZV4VCFQBSAKEL 2013-03-15T13:53:21Z
Mar 15, 2013 3:33:35 PM net.blogracy.controller.DistributedHashTable$LookupListener onMessage
INFO: lookup-ans H3WGV7IKX35FZNSFJYEZV4VCFQBSAKEL 2013-03-15T15:32:01Z 2013-03-15T15:33:35Z 446
Mar 15, 2013 3:33:35 PM net.blogracy.controller.DistributedHashTable$DownloadListener <init>
INFO: download-req H3WGV7IKX35FZNSFJYEZV4VCFQBSAKEL 2013-03-15T15:32:01Z
Mar 15, 2013 3:33:49 PM net.blogracy.controller.DistributedHashTable$LookupListener <init>
INFO: lookup-req JZY6QFFDO2J4RQXM6QEFAMCKPOBHYFWR
Mar 15, 2013 3:33:49 PM net.blogracy.controller.DistributedHashTable$LookupListener onMessage
INFO: lookup-ans JZY6QFFDO2J4RQXM6QEFAMCKPOBHYFWR 2013-03-15T15:29:21Z 2013-03-15T15:33:49Z 456
Mar 15, 2013 3:33:49 PM net.blogracy.controller.DistributedHashTable$DownloadListener <init>
INFO: download-req JZY6QFFDO2J4RQXM6QEFAMCKPOBHYFWR 2013-03-15T15:29:21Z
Mar 15, 2013 3:33:49 PM net.blogracy.controller.DistributedHashTable$LookupListener onMessage
INFO: lookup-ans JZY6QFFDO2J4RQXM6QEFAMCKPOBHYFWR 2013-03-15T13:58:25Z 2013-03-15T15:33:49Z 580
Mar 15, 2013 3:33:49 PM net.blogracy.controller.DistributedHashTable$DownloadListener <init>
INFO: download-req JZY6QFFDO2J4RQXM6QEFAMCKPOBHYFWR 2013-03-15T13:58:25Z
Mar 15, 2013 3:33:49 PM net.blogracy.controller.DistributedHashTable$LookupListener onMessage
INFO: lookup-ans JZY6QFFDO2J4RQXM6QEFAMCKPOBHYFWR 2013-03-15T15:24:20Z 2013-03-15T15:33:49Z 609
Mar 15, 2013 3:33:49 PM net.blogracy.controller.DistributedHashTable$DownloadListener <init>
INFO: download-req JZY6QFFDO2J4RQXM6QEFAMCKPOBHYFWR 2013-03-15T15:24:20Z
Mar 15, 2013 3:34:03 PM net.blogracy.controller.DistributedHashTable$LookupListener <init>
INFO: lookup-req IIFTPYF2OOSC7OUXFHS6JFLCSWAADAGJ
Mar 15, 2013 3:34:03 PM net.blogracy.controller.DistributedHashTable$LookupListener onMessage
INFO: lookup-ans IIFTPYF2OOSC7OUXFHS6JFLCSWAADAGJ 2013-03-15T15:27:59Z 2013-03-15T15:34:03Z 294
Mar 15, 2013 3:34:03 PM net.blogracy.controller.DistributedHashTable$DownloadListener <init>
INFO: download-req IIFTPYF2OOSC7OUXFHS6JFLCSWAADAGJ 2013-03-15T15:27:59Z
Mar 15, 2013 3:34:03 PM net.blogracy.controller.DistributedHashTable$LookupListener onMessage
INFO: lookup-ans IIFTPYF2OOSC7OUXFHS6JFLCSWAADAGJ 2013-03-15T13:59:26Z 2013-03-15T15:34:03Z 341
Mar 15, 2013 3:34:03 PM net.blogracy.controller.DistributedHashTable$DownloadListener <init>
INFO: download-req IIFTPYF2OOSC7OUXFHS6JFLCSWAADAGJ 2013-03-15T13:59:26Z
Mar 15, 2013 3:34:03 PM net.blogracy.controller.DistributedHashTable$LookupListener onMessage
INFO: lookup-ans IIFTPYF2OOSC7OUXFHS6JFLCSWAADAGJ 2013-03-15T15:19:17Z 2013-03-15T15:34:03Z 383
Mar 15, 2013 3:34:03 PM net.blogracy.controller.DistributedHashTable$DownloadListener <init>
INFO: download-req IIFTPYF2OOSC7OUXFHS6JFLCSWAADAGJ 2013-03-15T15:19:17Z
Mar 15, 2013 3:34:17 PM net.blogracy.controller.DistributedHashTable$LookupListener <init>
INFO: lookup-req GRRVNWRRA5YPOTR2NJTQK3RXPMJXGKYD
Mar 15, 2013 3:34:17 PM net.blogracy.controller.DistributedHashTable$LookupListener onMessage
INFO: lookup-ans GRRVNWRRA5YPOTR2NJTQK3RXPMJXGKYD 2013-03-15T15:32:23Z 2013-03-15T15:34:17Z 308
Mar 15, 2013 3:34:17 PM net.blogracy.controller.DistributedHashTable$DownloadListener <init>
INFO: download-req GRRVNWRRA5YPOTR2NJTQK3RXPMJXGKYD 2013-03-15T15:32:23Z
Mar 15, 2013 3:34:18 PM net.blogracy.controller.DistributedHashTable$LookupListener onMessage
INFO: lookup-ans GRRVNWRRA5YPOTR2NJTQK3RXPMJXGKYD 2013-03-15T13:50:43Z 2013-03-15T15:34:18Z 350
Mar 15, 2013 3:34:18 PM net.blogracy.controller.DistributedHashTable$DownloadListener <init>
INFO: download-req GRRVNWRRA5YPOTR2NJTQK3RXPMJXGKYD 2013-03-15T13:50:43Z
Mar 15, 2013 3:34:18 PM net.blogracy.controller.DistributedHashTable$LookupListener onMessage
INFO: lookup-ans GRRVNWRRA5YPOTR2NJTQK3RXPMJXGKYD 2013-03-15T13:55:43Z 2013-03-15T15:34:18Z 391
Mar 15, 2013 3:34:18 PM net.blogracy.controller.DistributedHashTable$DownloadListener <init>
INFO: download-req GRRVNWRRA5YPOTR2NJTQK3RXPMJXGKYD 2013-03-15T13:55:43Z
Mar 15, 2013 3:34:18 PM net.blogracy.controller.DistributedHashTable$LookupListener onMessage
INFO: lookup-ans GRRVNWRRA5YPOTR2NJTQK3RXPMJXGKYD 2013-03-15T15:27:22Z 2013-03-15T15:34:18Z 420
Mar 15, 2013 3:34:18 PM net.blogracy.controller.DistributedHashTable$DownloadListener <init>
INFO: download-req GRRVNWRRA5YPOTR2NJTQK3RXPMJXGKYD 2013-03-15T15:27:22Z
Mar 15, 2013 3:34:31 PM net.blogracy.controller.DistributedHashTable$LookupListener <init>
INFO: lookup-req HPQLSAFOTHT5XCF6AXRN65UWQXL75VUB
Mar 15, 2013 3:34:46 PM net.blogracy.controller.DistributedHashTable$LookupListener <init>
INFO: lookup-req NUHK7LXC3JZZQ6EB2RKPAXMUYX7DF7UI
Mar 15, 2013 3:34:46 PM net.blogracy.controller.DistributedHashTable$LookupListener onMessage
INFO: lookup-ans NUHK7LXC3JZZQ6EB2RKPAXMUYX7DF7UI 2013-03-15T15:32:38Z 2013-03-15T15:34:46Z 305
Mar 15, 2013 3:34:46 PM net.blogracy.controller.DistributedHashTable$DownloadListener <init>
INFO: download-req NUHK7LXC3JZZQ6EB2RKPAXMUYX7DF7UI 2013-03-15T15:32:38Z
Mar 15, 2013 3:34:46 PM net.blogracy.controller.DistributedHashTable$LookupListener onMessage
INFO: lookup-ans NUHK7LXC3JZZQ6EB2RKPAXMUYX7DF7UI 2013-03-15T15:10:55Z 2013-03-15T15:34:46Z 450
Mar 15, 2013 3:34:46 PM net.blogracy.controller.DistributedHashTable$DownloadListener <init>
INFO: download-req NUHK7LXC3JZZQ6EB2RKPAXMUYX7DF7UI 2013-03-15T15:10:55Z
Mar 15, 2013 3:35:00 PM net.blogracy.controller.DistributedHashTable$LookupListener <init>
INFO: lookup-req NZYND2IBFUU2CASIWQ2GFYLCZFN7LPE4
Mar 15, 2013 3:35:01 PM net.blogracy.controller.DistributedHashTable$LookupListener onMessage
INFO: lookup-ans NZYND2IBFUU2CASIWQ2GFYLCZFN7LPE4 2013-03-15T15:32:12Z 2013-03-15T15:35:01Z 384
Mar 15, 2013 3:35:01 PM net.blogracy.controller.DistributedHashTable$DownloadListener <init>
INFO: download-req NZYND2IBFUU2CASIWQ2GFYLCZFN7LPE4 2013-03-15T15:32:12Z
Mar 15, 2013 3:35:01 PM net.blogracy.controller.DistributedHashTable$LookupListener onMessage
INFO: lookup-ans NZYND2IBFUU2CASIWQ2GFYLCZFN7LPE4 2013-03-15T15:27:11Z 2013-03-15T15:35:01Z 580
Mar 15, 2013 3:35:01 PM net.blogracy.controller.DistributedHashTable$DownloadListener <init>
INFO: download-req NZYND2IBFUU2CASIWQ2GFYLCZFN7LPE4 2013-03-15T15:27:11Z
Mar 15, 2013 3:35:15 PM net.blogracy.controller.DistributedHashTable$LookupListener <init>
INFO: lookup-req YXD54PHMST7F6XYMRUQLDRPLP6Y6SRNB
Mar 15, 2013 3:35:15 PM net.blogracy.controller.DistributedHashTable$LookupListener onMessage
INFO: lookup-ans YXD54PHMST7F6XYMRUQLDRPLP6Y6SRNB 2013-03-15T15:14:22Z 2013-03-15T15:35:15Z 189
Mar 15, 2013 3:35:15 PM net.blogracy.controller.DistributedHashTable$DownloadListener <init>
INFO: download-req YXD54PHMST7F6XYMRUQLDRPLP6Y6SRNB 2013-03-15T15:14:22Z
Mar 15, 2013 3:35:29 PM net.blogracy.controller.DistributedHashTable$LookupListener <init>
INFO: lookup-req 572ZWE3WA7Y4FO3XQSKJS4ML56OPR2PR
Mar 15, 2013 3:35:43 PM net.blogracy.controller.DistributedHashTable$LookupListener <init>
INFO: lookup-req SC5MBBBISROYHFVVJVDK7E3SHNCWYJAC
Mar 15, 2013 3:35:44 PM net.blogracy.controller.DistributedHashTable$LookupListener onMessage
INFO: lookup-ans SC5MBBBISROYHFVVJVDK7E3SHNCWYJAC 2013-03-15T15:14:55Z 2013-03-15T15:35:44Z 385
Mar 15, 2013 3:35:44 PM net.blogracy.controller.DistributedHashTable$DownloadListener <init>
INFO: download-req SC5MBBBISROYHFVVJVDK7E3SHNCWYJAC 2013-03-15T15:14:55Z
Mar 15, 2013 3:35:58 PM net.blogracy.controller.DistributedHashTable$LookupListener <init>
INFO: lookup-req ZQGMNDNSCMPFM5U25GRXYJTTB5SYLW7Z
Mar 15, 2013 3:35:58 PM net.blogracy.controller.DistributedHashTable$LookupListener onMessage
INFO: lookup-ans ZQGMNDNSCMPFM5U25GRXYJTTB5SYLW7Z 2013-03-15T15:17:05Z 2013-03-15T15:35:58Z 431
Mar 15, 2013 3:35:58 PM net.blogracy.controller.DistributedHashTable$DownloadListener <init>
INFO: download-req ZQGMNDNSCMPFM5U25GRXYJTTB5SYLW7Z 2013-03-15T15:17:05Z
Mar 15, 2013 3:36:12 PM net.blogracy.controller.DistributedHashTable$LookupListener <init>
INFO: lookup-req BIL23WT5G35TOPAG4J6WZ6TYG4YSJ3FD
Mar 15, 2013 3:36:12 PM net.blogracy.controller.DistributedHashTable$LookupListener onMessage
INFO: lookup-ans BIL23WT5G35TOPAG4J6WZ6TYG4YSJ3FD 2013-03-15T15:14:03Z 2013-03-15T15:36:12Z 592
Mar 15, 2013 3:36:12 PM net.blogracy.controller.DistributedHashTable$DownloadListener <init>
INFO: download-req BIL23WT5G35TOPAG4J6WZ6TYG4YSJ3FD 2013-03-15T15:14:03Z
Mar 15, 2013 3:36:26 PM net.blogracy.controller.DistributedHashTable$LookupListener <init>
INFO: lookup-req SWI7C4YMQI563SVAW53AJHTB5LRITAGF
Mar 15, 2013 3:36:26 PM net.blogracy.controller.DistributedHashTable$LookupListener onMessage
INFO: lookup-ans SWI7C4YMQI563SVAW53AJHTB5LRITAGF 2013-03-15T15:32:10Z 2013-03-15T15:36:26Z 363
Mar 15, 2013 3:36:26 PM net.blogracy.controller.DistributedHashTable$DownloadListener <init>
INFO: download-req SWI7C4YMQI563SVAW53AJHTB5LRITAGF 2013-03-15T15:32:10Z
Mar 15, 2013 3:36:40 PM net.blogracy.controller.DistributedHashTable$LookupListener <init>
INFO: lookup-req LDXIBS5B7I2LVRVKJGQK52WMMSHWJGK5
Mar 15, 2013 3:36:42 PM net.blogracy.controller.DistributedHashTable$LookupListener onMessage
INFO: lookup-ans LDXIBS5B7I2LVRVKJGQK52WMMSHWJGK5 2013-03-15T15:30:20Z 2013-03-15T15:36:42Z 1239
Mar 15, 2013 3:36:42 PM net.blogracy.controller.DistributedHashTable$DownloadListener <init>
INFO: download-req LDXIBS5B7I2LVRVKJGQK52WMMSHWJGK5 2013-03-15T15:30:20Z
