Mar 16, 2013 8:36:35 AM net.blogracy.controller.DistributedHashTable$LookupListener <init>
INFO: lookup-req H3WGV7IKX35FZNSFJYEZV4VCFQBSAKEL
Mar 16, 2013 8:37:02 AM net.blogracy.controller.DistributedHashTable$LookupListener onMessage
INFO: lookup-ans H3WGV7IKX35FZNSFJYEZV4VCFQBSAKEL ETHOZXD7CRMH7BT3XBBMZPS35Y5HXSBL 2013-03-16T00:08:40Z 2013-03-16T08:37:02Z 26617
Mar 16, 2013 8:37:02 AM net.blogracy.controller.DistributedHashTable$DownloadListener <init>
INFO: download-req H3WGV7IKX35FZNSFJYEZV4VCFQBSAKEL ETHOZXD7CRMH7BT3XBBMZPS35Y5HXSBL 2013-03-16T00:08:40Z
Mar 16, 2013 8:37:16 AM net.blogracy.controller.DistributedHashTable$LookupListener <init>
INFO: lookup-req GRRVNWRRA5YPOTR2NJTQK3RXPMJXGKYD
Mar 16, 2013 8:37:16 AM net.blogracy.controller.DistributedHashTable$LookupListener onMessage
INFO: lookup-ans GRRVNWRRA5YPOTR2NJTQK3RXPMJXGKYD V2MJ4W26IZPMEYNRJFE4C6CFSKJOAUE3 2013-03-16T08:36:17Z 2013-03-16T08:37:16Z 272
Mar 16, 2013 8:37:16 AM net.blogracy.controller.DistributedHashTable$DownloadListener <init>
INFO: download-req GRRVNWRRA5YPOTR2NJTQK3RXPMJXGKYD V2MJ4W26IZPMEYNRJFE4C6CFSKJOAUE3 2013-03-16T08:36:17Z
Mar 16, 2013 8:37:16 AM net.blogracy.controller.DistributedHashTable$LookupListener onMessage
INFO: lookup-ans GRRVNWRRA5YPOTR2NJTQK3RXPMJXGKYD EK6FVP4VMGNY64OC3R4XP4Y355MV7GL3 2013-03-16T07:12:34Z 2013-03-16T08:37:16Z 340
Mar 16, 2013 8:37:16 AM net.blogracy.controller.DistributedHashTable$DownloadListener <init>
INFO: download-req GRRVNWRRA5YPOTR2NJTQK3RXPMJXGKYD EK6FVP4VMGNY64OC3R4XP4Y355MV7GL3 2013-03-16T07:12:34Z
Mar 16, 2013 8:37:56 AM net.blogracy.controller.DistributedHashTable$LookupListener <init>
INFO: lookup-req NUHK7LXC3JZZQ6EB2RKPAXMUYX7DF7UI
Mar 16, 2013 8:37:56 AM net.blogracy.controller.DistributedHashTable$LookupListener onMessage
INFO: lookup-ans NUHK7LXC3JZZQ6EB2RKPAXMUYX7DF7UI FNZDQK2VGESTZDA5ZY3F5RVL7QOPTNPM 2013-03-16T08:37:04Z 2013-03-16T08:37:56Z 444
Mar 16, 2013 8:37:56 AM net.blogracy.controller.DistributedHashTable$DownloadListener <init>
INFO: download-req NUHK7LXC3JZZQ6EB2RKPAXMUYX7DF7UI FNZDQK2VGESTZDA5ZY3F5RVL7QOPTNPM 2013-03-16T08:37:04Z
Mar 16, 2013 8:38:36 AM net.blogracy.controller.DistributedHashTable$LookupListener <init>
INFO: lookup-req H3WGV7IKX35FZNSFJYEZV4VCFQBSAKEL
Mar 16, 2013 8:38:36 AM net.blogracy.controller.DistributedHashTable$LookupListener onMessage
INFO: lookup-ans H3WGV7IKX35FZNSFJYEZV4VCFQBSAKEL ETHOZXD7CRMH7BT3XBBMZPS35Y5HXSBL 2013-03-16T00:08:40Z 2013-03-16T08:38:36Z 402
Mar 16, 2013 8:38:36 AM net.blogracy.controller.DistributedHashTable$DownloadListener <init>
INFO: download-req H3WGV7IKX35FZNSFJYEZV4VCFQBSAKEL ETHOZXD7CRMH7BT3XBBMZPS35Y5HXSBL 2013-03-16T00:08:40Z
Mar 16, 2013 8:38:47 AM net.blogracy.controller.DistributedHashTable$LookupListener onMessage
INFO: lookup-ans H3WGV7IKX35FZNSFJYEZV4VCFQBSAKEL J264ZJPPB76W5WFW44F5HG2JVPHFYMKD 2013-03-16T08:37:25Z 2013-03-16T08:38:47Z 11238
Mar 16, 2013 8:38:47 AM net.blogracy.controller.DistributedHashTable$DownloadListener <init>
INFO: download-req H3WGV7IKX35FZNSFJYEZV4VCFQBSAKEL J264ZJPPB76W5WFW44F5HG2JVPHFYMKD 2013-03-16T08:37:25Z
Mar 16, 2013 8:38:56 AM net.blogracy.controller.DistributedHashTable$DownloadListener onMessage
INFO: download-ans H3WGV7IKX35FZNSFJYEZV4VCFQBSAKEL J264ZJPPB76W5WFW44F5HG2JVPHFYMKD 2013-03-16T08:37:25Z 2013-03-16T08:38:56Z 8475  91000 281
Mar 16, 2013 8:39:00 AM net.blogracy.controller.DistributedHashTable$DownloadListener onMessage
INFO: download-ans NUHK7LXC3JZZQ6EB2RKPAXMUYX7DF7UI FNZDQK2VGESTZDA5ZY3F5RVL7QOPTNPM 2013-03-16T08:37:04Z 2013-03-16T08:39:00Z 64371  116000 281
Mar 16, 2013 8:39:16 AM net.blogracy.controller.DistributedHashTable$LookupListener <init>
INFO: lookup-req GRRVNWRRA5YPOTR2NJTQK3RXPMJXGKYD
Mar 16, 2013 8:39:16 AM net.blogracy.controller.DistributedHashTable$LookupListener onMessage
INFO: lookup-ans GRRVNWRRA5YPOTR2NJTQK3RXPMJXGKYD Z2TMUNZGMMVDRK5O56CYGQ3W3LDJTG73 2013-03-16T08:39:59Z 2013-03-16T08:39:16Z 228
Mar 16, 2013 8:39:16 AM net.blogracy.controller.DistributedHashTable$DownloadListener <init>
INFO: download-req GRRVNWRRA5YPOTR2NJTQK3RXPMJXGKYD Z2TMUNZGMMVDRK5O56CYGQ3W3LDJTG73 2013-03-16T08:39:59Z
Mar 16, 2013 8:39:16 AM net.blogracy.controller.DistributedHashTable$LookupListener onMessage
INFO: lookup-ans GRRVNWRRA5YPOTR2NJTQK3RXPMJXGKYD EK6FVP4VMGNY64OC3R4XP4Y355MV7GL3 2013-03-16T07:12:34Z 2013-03-16T08:39:16Z 249
Mar 16, 2013 8:39:16 AM net.blogracy.controller.DistributedHashTable$DownloadListener <init>
INFO: download-req GRRVNWRRA5YPOTR2NJTQK3RXPMJXGKYD EK6FVP4VMGNY64OC3R4XP4Y355MV7GL3 2013-03-16T07:12:34Z
Mar 16, 2013 8:39:16 AM net.blogracy.controller.DistributedHashTable$LookupListener onMessage
INFO: lookup-ans GRRVNWRRA5YPOTR2NJTQK3RXPMJXGKYD JZKEFME7WRH7IPRWBUN2FIHAUHOAPPSR 2013-03-16T07:10:34Z 2013-03-16T08:39:16Z 321
Mar 16, 2013 8:39:16 AM net.blogracy.controller.DistributedHashTable$DownloadListener <init>
INFO: download-req GRRVNWRRA5YPOTR2NJTQK3RXPMJXGKYD JZKEFME7WRH7IPRWBUN2FIHAUHOAPPSR 2013-03-16T07:10:34Z
Mar 16, 2013 8:39:23 AM net.blogracy.controller.DistributedHashTable$DownloadListener onMessage
INFO: download-ans GRRVNWRRA5YPOTR2NJTQK3RXPMJXGKYD Z2TMUNZGMMVDRK5O56CYGQ3W3LDJTG73 2013-03-16T08:39:59Z 2013-03-16T08:39:23Z 7148  -36000 281
Mar 16, 2013 8:39:56 AM net.blogracy.controller.DistributedHashTable$LookupListener <init>
INFO: lookup-req NUHK7LXC3JZZQ6EB2RKPAXMUYX7DF7UI
Mar 16, 2013 8:39:56 AM net.blogracy.controller.DistributedHashTable$LookupListener onMessage
INFO: lookup-ans NUHK7LXC3JZZQ6EB2RKPAXMUYX7DF7UI KR6RPQJBSMHT2W63BW3DICFSFICDEVWO 2013-03-16T08:39:05Z 2013-03-16T08:39:56Z 305
Mar 16, 2013 8:39:56 AM net.blogracy.controller.DistributedHashTable$DownloadListener <init>
INFO: download-req NUHK7LXC3JZZQ6EB2RKPAXMUYX7DF7UI KR6RPQJBSMHT2W63BW3DICFSFICDEVWO 2013-03-16T08:39:05Z
Mar 16, 2013 8:40:30 AM net.blogracy.controller.DistributedHashTable$DownloadListener onMessage
INFO: download-ans NUHK7LXC3JZZQ6EB2RKPAXMUYX7DF7UI KR6RPQJBSMHT2W63BW3DICFSFICDEVWO 2013-03-16T08:39:05Z 2013-03-16T08:40:30Z 33513  85000 551
Mar 16, 2013 8:40:36 AM net.blogracy.controller.DistributedHashTable$LookupListener <init>
INFO: lookup-req H3WGV7IKX35FZNSFJYEZV4VCFQBSAKEL
Mar 16, 2013 8:40:37 AM net.blogracy.controller.DistributedHashTable$LookupListener onMessage
INFO: lookup-ans H3WGV7IKX35FZNSFJYEZV4VCFQBSAKEL J264ZJPPB76W5WFW44F5HG2JVPHFYMKD 2013-03-16T08:37:25Z 2013-03-16T08:40:37Z 397
Mar 16, 2013 8:40:37 AM net.blogracy.controller.DistributedHashTable$LookupListener onMessage
INFO: lookup-ans H3WGV7IKX35FZNSFJYEZV4VCFQBSAKEL ETHOZXD7CRMH7BT3XBBMZPS35Y5HXSBL 2013-03-16T00:08:40Z 2013-03-16T08:40:37Z 400
Mar 16, 2013 8:40:48 AM net.blogracy.controller.DistributedHashTable$LookupListener onMessage
INFO: lookup-ans H3WGV7IKX35FZNSFJYEZV4VCFQBSAKEL PB4A666ZFVXKWYB6EKOUTFIH6W2FPG4C 2013-03-16T08:39:26Z 2013-03-16T08:40:48Z 11900
Mar 16, 2013 8:40:48 AM net.blogracy.controller.DistributedHashTable$DownloadListener <init>
INFO: download-req H3WGV7IKX35FZNSFJYEZV4VCFQBSAKEL PB4A666ZFVXKWYB6EKOUTFIH6W2FPG4C 2013-03-16T08:39:26Z
Mar 16, 2013 8:40:53 AM net.blogracy.controller.DistributedHashTable$DownloadListener onMessage
INFO: download-ans H3WGV7IKX35FZNSFJYEZV4VCFQBSAKEL PB4A666ZFVXKWYB6EKOUTFIH6W2FPG4C 2013-03-16T08:39:26Z 2013-03-16T08:40:53Z 5042  87000 551
Mar 16, 2013 8:41:16 AM net.blogracy.controller.DistributedHashTable$LookupListener <init>
INFO: lookup-req GRRVNWRRA5YPOTR2NJTQK3RXPMJXGKYD
Mar 16, 2013 8:41:16 AM net.blogracy.controller.DistributedHashTable$LookupListener onMessage
INFO: lookup-ans GRRVNWRRA5YPOTR2NJTQK3RXPMJXGKYD EK6FVP4VMGNY64OC3R4XP4Y355MV7GL3 2013-03-16T07:12:34Z 2013-03-16T08:41:16Z 218
Mar 16, 2013 8:41:16 AM net.blogracy.controller.DistributedHashTable$LookupListener onMessage
INFO: lookup-ans GRRVNWRRA5YPOTR2NJTQK3RXPMJXGKYD PBXKBMG4ECZEAUGHKA6IN6CH36NYKEFJ 2013-03-16T08:41:59Z 2013-03-16T08:41:16Z 226
Mar 16, 2013 8:41:16 AM net.blogracy.controller.DistributedHashTable$DownloadListener <init>
INFO: download-req GRRVNWRRA5YPOTR2NJTQK3RXPMJXGKYD PBXKBMG4ECZEAUGHKA6IN6CH36NYKEFJ 2013-03-16T08:41:59Z
Mar 16, 2013 8:41:17 AM net.blogracy.controller.DistributedHashTable$LookupListener onMessage
INFO: lookup-ans GRRVNWRRA5YPOTR2NJTQK3RXPMJXGKYD Z2TMUNZGMMVDRK5O56CYGQ3W3LDJTG73 2013-03-16T08:39:59Z 2013-03-16T08:41:17Z 369
Mar 16, 2013 8:41:17 AM net.blogracy.controller.DistributedHashTable$LookupListener onMessage
INFO: lookup-ans GRRVNWRRA5YPOTR2NJTQK3RXPMJXGKYD JZKEFME7WRH7IPRWBUN2FIHAUHOAPPSR 2013-03-16T07:10:34Z 2013-03-16T08:41:17Z 377
Mar 16, 2013 8:41:32 AM net.blogracy.controller.DistributedHashTable$DownloadListener onMessage
INFO: download-ans GRRVNWRRA5YPOTR2NJTQK3RXPMJXGKYD PBXKBMG4ECZEAUGHKA6IN6CH36NYKEFJ 2013-03-16T08:41:59Z 2013-03-16T08:41:32Z 15692  -27000 551
Mar 16, 2013 8:41:56 AM net.blogracy.controller.DistributedHashTable$LookupListener <init>
INFO: lookup-req NUHK7LXC3JZZQ6EB2RKPAXMUYX7DF7UI
Mar 16, 2013 8:41:57 AM net.blogracy.controller.DistributedHashTable$LookupListener onMessage
INFO: lookup-ans NUHK7LXC3JZZQ6EB2RKPAXMUYX7DF7UI A7E2EIEKEB2STYRJHN4CUTE6LWPQWENZ 2013-03-16T08:41:05Z 2013-03-16T08:41:57Z 362
Mar 16, 2013 8:41:57 AM net.blogracy.controller.DistributedHashTable$DownloadListener <init>
INFO: download-req NUHK7LXC3JZZQ6EB2RKPAXMUYX7DF7UI A7E2EIEKEB2STYRJHN4CUTE6LWPQWENZ 2013-03-16T08:41:05Z
Mar 16, 2013 8:42:36 AM net.blogracy.controller.DistributedHashTable$LookupListener <init>
INFO: lookup-req H3WGV7IKX35FZNSFJYEZV4VCFQBSAKEL
Mar 16, 2013 8:42:37 AM net.blogracy.controller.DistributedHashTable$LookupListener onMessage
INFO: lookup-ans H3WGV7IKX35FZNSFJYEZV4VCFQBSAKEL AEQHFMSXG5EYFN5VBDT4HOTKZJCJOV4F 2013-03-16T08:41:26Z 2013-03-16T08:42:37Z 416
Mar 16, 2013 8:42:37 AM net.blogracy.controller.DistributedHashTable$DownloadListener <init>
INFO: download-req H3WGV7IKX35FZNSFJYEZV4VCFQBSAKEL AEQHFMSXG5EYFN5VBDT4HOTKZJCJOV4F 2013-03-16T08:41:26Z
Mar 16, 2013 8:42:37 AM net.blogracy.controller.DistributedHashTable$LookupListener onMessage
INFO: lookup-ans H3WGV7IKX35FZNSFJYEZV4VCFQBSAKEL ETHOZXD7CRMH7BT3XBBMZPS35Y5HXSBL 2013-03-16T00:08:40Z 2013-03-16T08:42:37Z 455
Mar 16, 2013 8:42:41 AM net.blogracy.controller.DistributedHashTable$DownloadListener onMessage
INFO: download-ans H3WGV7IKX35FZNSFJYEZV4VCFQBSAKEL AEQHFMSXG5EYFN5VBDT4HOTKZJCJOV4F 2013-03-16T08:41:26Z 2013-03-16T08:42:41Z 3903  75000 821
Mar 16, 2013 8:42:58 AM net.blogracy.controller.DistributedHashTable$DownloadListener onMessage
INFO: download-ans NUHK7LXC3JZZQ6EB2RKPAXMUYX7DF7UI A7E2EIEKEB2STYRJHN4CUTE6LWPQWENZ 2013-03-16T08:41:05Z 2013-03-16T08:42:58Z 60944  113000 821
Mar 16, 2013 8:43:16 AM net.blogracy.controller.DistributedHashTable$LookupListener <init>
INFO: lookup-req GRRVNWRRA5YPOTR2NJTQK3RXPMJXGKYD
Mar 16, 2013 8:43:17 AM net.blogracy.controller.DistributedHashTable$LookupListener onMessage
INFO: lookup-ans GRRVNWRRA5YPOTR2NJTQK3RXPMJXGKYD EK6FVP4VMGNY64OC3R4XP4Y355MV7GL3 2013-03-16T07:12:34Z 2013-03-16T08:43:17Z 577
Mar 16, 2013 8:43:17 AM net.blogracy.controller.DistributedHashTable$LookupListener onMessage
INFO: lookup-ans GRRVNWRRA5YPOTR2NJTQK3RXPMJXGKYD TCBYLMRJPON3FPC3MMEULB6DS535Q72N 2013-03-16T08:43:59Z 2013-03-16T08:43:17Z 594
Mar 16, 2013 8:43:17 AM net.blogracy.controller.DistributedHashTable$DownloadListener <init>
INFO: download-req GRRVNWRRA5YPOTR2NJTQK3RXPMJXGKYD TCBYLMRJPON3FPC3MMEULB6DS535Q72N 2013-03-16T08:43:59Z
Mar 16, 2013 8:43:22 AM net.blogracy.controller.DistributedHashTable$DownloadListener onMessage
INFO: download-ans GRRVNWRRA5YPOTR2NJTQK3RXPMJXGKYD TCBYLMRJPON3FPC3MMEULB6DS535Q72N 2013-03-16T08:43:59Z 2013-03-16T08:43:22Z 4855  -37000 821
Mar 16, 2013 8:43:57 AM net.blogracy.controller.DistributedHashTable$LookupListener <init>
INFO: lookup-req NUHK7LXC3JZZQ6EB2RKPAXMUYX7DF7UI
Mar 16, 2013 8:43:57 AM net.blogracy.controller.DistributedHashTable$LookupListener onMessage
INFO: lookup-ans NUHK7LXC3JZZQ6EB2RKPAXMUYX7DF7UI OLDA6HOM6PTNEQWONPPFYDLOOCDFG56C 2013-03-16T08:43:05Z 2013-03-16T08:43:57Z 345
Mar 16, 2013 8:43:57 AM net.blogracy.controller.DistributedHashTable$DownloadListener <init>
INFO: download-req NUHK7LXC3JZZQ6EB2RKPAXMUYX7DF7UI OLDA6HOM6PTNEQWONPPFYDLOOCDFG56C 2013-03-16T08:43:05Z
Mar 16, 2013 8:44:13 AM net.blogracy.controller.DistributedHashTable$DownloadListener onMessage
INFO: download-ans NUHK7LXC3JZZQ6EB2RKPAXMUYX7DF7UI OLDA6HOM6PTNEQWONPPFYDLOOCDFG56C 2013-03-16T08:43:05Z 2013-03-16T08:44:13Z 15911  68000 1091
Mar 16, 2013 8:44:37 AM net.blogracy.controller.DistributedHashTable$LookupListener <init>
INFO: lookup-req H3WGV7IKX35FZNSFJYEZV4VCFQBSAKEL
Mar 16, 2013 8:44:37 AM net.blogracy.controller.DistributedHashTable$LookupListener onMessage
INFO: lookup-ans H3WGV7IKX35FZNSFJYEZV4VCFQBSAKEL AEQHFMSXG5EYFN5VBDT4HOTKZJCJOV4F 2013-03-16T08:41:26Z 2013-03-16T08:44:37Z 469
Mar 16, 2013 8:44:37 AM net.blogracy.controller.DistributedHashTable$LookupListener onMessage
INFO: lookup-ans H3WGV7IKX35FZNSFJYEZV4VCFQBSAKEL ETHOZXD7CRMH7BT3XBBMZPS35Y5HXSBL 2013-03-16T00:08:40Z 2013-03-16T08:44:37Z 472
Mar 16, 2013 8:45:17 AM net.blogracy.controller.DistributedHashTable$LookupListener <init>
INFO: lookup-req GRRVNWRRA5YPOTR2NJTQK3RXPMJXGKYD
Mar 16, 2013 8:45:17 AM net.blogracy.controller.DistributedHashTable$LookupListener onMessage
INFO: lookup-ans GRRVNWRRA5YPOTR2NJTQK3RXPMJXGKYD SM7325OBAA2R6AS22KKXQSMGXKMT5NWW 2013-03-16T08:45:59Z 2013-03-16T08:45:17Z 231
Mar 16, 2013 8:45:17 AM net.blogracy.controller.DistributedHashTable$DownloadListener <init>
INFO: download-req GRRVNWRRA5YPOTR2NJTQK3RXPMJXGKYD SM7325OBAA2R6AS22KKXQSMGXKMT5NWW 2013-03-16T08:45:59Z
Mar 16, 2013 8:45:17 AM net.blogracy.controller.DistributedHashTable$LookupListener onMessage
INFO: lookup-ans GRRVNWRRA5YPOTR2NJTQK3RXPMJXGKYD EK6FVP4VMGNY64OC3R4XP4Y355MV7GL3 2013-03-16T07:12:34Z 2013-03-16T08:45:17Z 291
Mar 16, 2013 8:45:17 AM net.blogracy.controller.DistributedHashTable$LookupListener onMessage
INFO: lookup-ans GRRVNWRRA5YPOTR2NJTQK3RXPMJXGKYD Z2TMUNZGMMVDRK5O56CYGQ3W3LDJTG73 2013-03-16T08:39:59Z 2013-03-16T08:45:17Z 368
Mar 16, 2013 8:45:17 AM net.blogracy.controller.DistributedHashTable$LookupListener onMessage
INFO: lookup-ans GRRVNWRRA5YPOTR2NJTQK3RXPMJXGKYD JZKEFME7WRH7IPRWBUN2FIHAUHOAPPSR 2013-03-16T07:10:34Z 2013-03-16T08:45:17Z 369
Mar 16, 2013 8:45:22 AM net.blogracy.controller.DistributedHashTable$DownloadListener onMessage
INFO: download-ans GRRVNWRRA5YPOTR2NJTQK3RXPMJXGKYD SM7325OBAA2R6AS22KKXQSMGXKMT5NWW 2013-03-16T08:45:59Z 2013-03-16T08:45:22Z 4734  -37000 1091
Mar 16, 2013 8:45:57 AM net.blogracy.controller.DistributedHashTable$LookupListener <init>
INFO: lookup-req NUHK7LXC3JZZQ6EB2RKPAXMUYX7DF7UI
Mar 16, 2013 8:45:57 AM net.blogracy.controller.DistributedHashTable$LookupListener onMessage
INFO: lookup-ans NUHK7LXC3JZZQ6EB2RKPAXMUYX7DF7UI L6UFVH3EZ2NCNOTJRAEM7HHLXS4FDY6U 2013-03-16T08:45:06Z 2013-03-16T08:45:57Z 372
Mar 16, 2013 8:45:57 AM net.blogracy.controller.DistributedHashTable$DownloadListener <init>
INFO: download-req NUHK7LXC3JZZQ6EB2RKPAXMUYX7DF7UI L6UFVH3EZ2NCNOTJRAEM7HHLXS4FDY6U 2013-03-16T08:45:06Z
Mar 16, 2013 8:46:38 AM net.blogracy.controller.DistributedHashTable$LookupListener <init>
INFO: lookup-req H3WGV7IKX35FZNSFJYEZV4VCFQBSAKEL
Mar 16, 2013 8:46:39 AM net.blogracy.controller.DistributedHashTable$LookupListener onMessage
INFO: lookup-ans H3WGV7IKX35FZNSFJYEZV4VCFQBSAKEL GMFJRGOOODDV2INC6OJY2AXVWOZLOMSZ 2013-03-16T08:45:27Z 2013-03-16T08:46:39Z 404
Mar 16, 2013 8:46:39 AM net.blogracy.controller.DistributedHashTable$DownloadListener <init>
INFO: download-req H3WGV7IKX35FZNSFJYEZV4VCFQBSAKEL GMFJRGOOODDV2INC6OJY2AXVWOZLOMSZ 2013-03-16T08:45:27Z
Mar 16, 2013 8:46:39 AM net.blogracy.controller.DistributedHashTable$LookupListener onMessage
INFO: lookup-ans H3WGV7IKX35FZNSFJYEZV4VCFQBSAKEL ETHOZXD7CRMH7BT3XBBMZPS35Y5HXSBL 2013-03-16T00:08:40Z 2013-03-16T08:46:39Z 467
Mar 16, 2013 8:47:02 AM net.blogracy.controller.DistributedHashTable$DownloadListener onMessage
INFO: download-ans NUHK7LXC3JZZQ6EB2RKPAXMUYX7DF7UI L6UFVH3EZ2NCNOTJRAEM7HHLXS4FDY6U 2013-03-16T08:45:06Z 2013-03-16T08:47:02Z 64771  116000 1361
Mar 16, 2013 8:47:18 AM net.blogracy.controller.DistributedHashTable$LookupListener <init>
INFO: lookup-req GRRVNWRRA5YPOTR2NJTQK3RXPMJXGKYD
Mar 16, 2013 8:47:18 AM net.blogracy.controller.DistributedHashTable$LookupListener onMessage
INFO: lookup-ans GRRVNWRRA5YPOTR2NJTQK3RXPMJXGKYD EK6FVP4VMGNY64OC3R4XP4Y355MV7GL3 2013-03-16T07:12:34Z 2013-03-16T08:47:18Z 282
Mar 16, 2013 8:47:18 AM net.blogracy.controller.DistributedHashTable$LookupListener onMessage
INFO: lookup-ans GRRVNWRRA5YPOTR2NJTQK3RXPMJXGKYD N2XSHXTDPK7NMLMRJHM43RT2OYZP4SJI 2013-03-16T08:47:59Z 2013-03-16T08:47:18Z 286
Mar 16, 2013 8:47:18 AM net.blogracy.controller.DistributedHashTable$DownloadListener <init>
INFO: download-req GRRVNWRRA5YPOTR2NJTQK3RXPMJXGKYD N2XSHXTDPK7NMLMRJHM43RT2OYZP4SJI 2013-03-16T08:47:59Z
Mar 16, 2013 8:47:23 AM net.blogracy.controller.DistributedHashTable$DownloadListener onMessage
INFO: download-ans GRRVNWRRA5YPOTR2NJTQK3RXPMJXGKYD N2XSHXTDPK7NMLMRJHM43RT2OYZP4SJI 2013-03-16T08:47:59Z 2013-03-16T08:47:23Z 4811  -36000 1361
Mar 16, 2013 8:47:33 AM net.blogracy.controller.DistributedHashTable$DownloadListener onMessage
INFO: download-ans H3WGV7IKX35FZNSFJYEZV4VCFQBSAKEL GMFJRGOOODDV2INC6OJY2AXVWOZLOMSZ 2013-03-16T08:45:27Z 2013-03-16T08:47:33Z 54423  126000 1361
Mar 16, 2013 8:47:58 AM net.blogracy.controller.DistributedHashTable$LookupListener <init>
INFO: lookup-req NUHK7LXC3JZZQ6EB2RKPAXMUYX7DF7UI
Mar 16, 2013 8:47:59 AM net.blogracy.controller.DistributedHashTable$LookupListener onMessage
INFO: lookup-ans NUHK7LXC3JZZQ6EB2RKPAXMUYX7DF7UI Z3IP4D5THDHHRFZ3WQGUMDROHYI2GCQD 2013-03-16T08:47:06Z 2013-03-16T08:47:59Z 501
Mar 16, 2013 8:47:59 AM net.blogracy.controller.DistributedHashTable$DownloadListener <init>
INFO: download-req NUHK7LXC3JZZQ6EB2RKPAXMUYX7DF7UI Z3IP4D5THDHHRFZ3WQGUMDROHYI2GCQD 2013-03-16T08:47:06Z
Mar 16, 2013 8:48:03 AM net.blogracy.controller.DistributedHashTable$DownloadListener onMessage
INFO: download-ans NUHK7LXC3JZZQ6EB2RKPAXMUYX7DF7UI Z3IP4D5THDHHRFZ3WQGUMDROHYI2GCQD 2013-03-16T08:47:06Z 2013-03-16T08:48:03Z 3887  57000 1631
