Mar 16, 2013 6:00:58 PM net.blogracy.controller.DistributedHashTable$LookupListener <init>
INFO: lookup-req OL65LQYSH3BAO6TGPHZIFC72WVGFD6PR
Mar 16, 2013 6:00:58 PM net.blogracy.controller.DistributedHashTable$LookupListener onMessage
INFO: lookup-ans OL65LQYSH3BAO6TGPHZIFC72WVGFD6PR V3MKTEFOOOQ4NIY233IJAPIYXLZVWHJV 2013-03-16T13:06:44Z 2013-03-16T18:00:58Z 348
Mar 16, 2013 6:00:58 PM net.blogracy.controller.DistributedHashTable$DownloadListener <init>
INFO: download-req OL65LQYSH3BAO6TGPHZIFC72WVGFD6PR V3MKTEFOOOQ4NIY233IJAPIYXLZVWHJV 2013-03-16T13:06:44Z
Mar 16, 2013 6:01:21 PM net.blogracy.controller.DistributedHashTable$LookupListener <init>
INFO: lookup-req 734RO6HILBSFN7TZMLELFXELO3NKEQPG
Mar 16, 2013 6:01:22 PM net.blogracy.controller.DistributedHashTable$LookupListener onMessage
INFO: lookup-ans 734RO6HILBSFN7TZMLELFXELO3NKEQPG H5W3IGDGYP4J7UFEPAJXWRA7EK45QLF5 2013-03-16T13:09:16Z 2013-03-16T18:01:22Z 663
Mar 16, 2013 6:01:22 PM net.blogracy.controller.DistributedHashTable$DownloadListener <init>
INFO: download-req 734RO6HILBSFN7TZMLELFXELO3NKEQPG H5W3IGDGYP4J7UFEPAJXWRA7EK45QLF5 2013-03-16T13:09:16Z
Mar 16, 2013 6:01:45 PM net.blogracy.controller.DistributedHashTable$LookupListener <init>
INFO: lookup-req O2LNUOSQV6AMEJPEGJG7OVPK2XZQV3ZE
Mar 16, 2013 6:01:45 PM net.blogracy.controller.DistributedHashTable$LookupListener onMessage
INFO: lookup-ans O2LNUOSQV6AMEJPEGJG7OVPK2XZQV3ZE ZQRW3VIBF6SMJC65MYWEURNKZS2A4KLN 2013-03-16T13:09:00Z 2013-03-16T18:01:45Z 396
Mar 16, 2013 6:01:45 PM net.blogracy.controller.DistributedHashTable$DownloadListener <init>
INFO: download-req O2LNUOSQV6AMEJPEGJG7OVPK2XZQV3ZE ZQRW3VIBF6SMJC65MYWEURNKZS2A4KLN 2013-03-16T13:09:00Z
Mar 16, 2013 6:02:08 PM net.blogracy.controller.DistributedHashTable$LookupListener <init>
INFO: lookup-req QF57FG6NEFT7PHOEIFHV734DS7DAMSD2
Mar 16, 2013 6:02:09 PM net.blogracy.controller.DistributedHashTable$LookupListener onMessage
INFO: lookup-ans QF57FG6NEFT7PHOEIFHV734DS7DAMSD2 WGX4EU4SDFMQJHMGPZUUJPQGXZPNJH5O 2013-03-16T13:07:19Z 2013-03-16T18:02:09Z 325
Mar 16, 2013 6:02:09 PM net.blogracy.controller.DistributedHashTable$DownloadListener <init>
INFO: download-req QF57FG6NEFT7PHOEIFHV734DS7DAMSD2 WGX4EU4SDFMQJHMGPZUUJPQGXZPNJH5O 2013-03-16T13:07:19Z
Mar 16, 2013 6:02:32 PM net.blogracy.controller.DistributedHashTable$LookupListener <init>
INFO: lookup-req H3WGV7IKX35FZNSFJYEZV4VCFQBSAKEL
Mar 16, 2013 6:02:33 PM net.blogracy.controller.DistributedHashTable$LookupListener onMessage
INFO: lookup-ans H3WGV7IKX35FZNSFJYEZV4VCFQBSAKEL UPCMK534ZPTDLLBZVFHDFSGDWMZ3IQKE 2013-03-16T13:08:40Z 2013-03-16T18:02:33Z 982
Mar 16, 2013 6:02:33 PM net.blogracy.controller.DistributedHashTable$DownloadListener <init>
INFO: download-req H3WGV7IKX35FZNSFJYEZV4VCFQBSAKEL UPCMK534ZPTDLLBZVFHDFSGDWMZ3IQKE 2013-03-16T13:08:40Z
Mar 16, 2013 6:02:56 PM net.blogracy.controller.DistributedHashTable$LookupListener <init>
INFO: lookup-req IIFTPYF2OOSC7OUXFHS6JFLCSWAADAGJ
Mar 16, 2013 6:02:56 PM net.blogracy.controller.DistributedHashTable$LookupListener onMessage
INFO: lookup-ans IIFTPYF2OOSC7OUXFHS6JFLCSWAADAGJ PWYNKLEIYCS65O5M6BOZKGNAAMJYWESA 2013-03-16T17:59:11Z 2013-03-16T18:02:56Z 386
Mar 16, 2013 6:02:56 PM net.blogracy.controller.DistributedHashTable$DownloadListener <init>
INFO: download-req IIFTPYF2OOSC7OUXFHS6JFLCSWAADAGJ PWYNKLEIYCS65O5M6BOZKGNAAMJYWESA 2013-03-16T17:59:11Z
Mar 16, 2013 6:02:59 PM net.blogracy.controller.DistributedHashTable$DownloadListener onMessage
INFO: download-ans IIFTPYF2OOSC7OUXFHS6JFLCSWAADAGJ PWYNKLEIYCS65O5M6BOZKGNAAMJYWESA 2013-03-16T17:59:11Z 2013-03-16T18:02:59Z 2720  228000 281
Mar 16, 2013 6:03:19 PM net.blogracy.controller.DistributedHashTable$LookupListener <init>
INFO: lookup-req REHV2GKZR6BI6E66667LFTNPF42XF5QG
Mar 16, 2013 6:03:20 PM net.blogracy.controller.DistributedHashTable$LookupListener onMessage
INFO: lookup-ans REHV2GKZR6BI6E66667LFTNPF42XF5QG EJF6BA3UWLJTI2NFGYFJ4HVMZQDCBDQB 2013-03-16T13:07:27Z 2013-03-16T18:03:20Z 604
Mar 16, 2013 6:03:20 PM net.blogracy.controller.DistributedHashTable$DownloadListener <init>
INFO: download-req REHV2GKZR6BI6E66667LFTNPF42XF5QG EJF6BA3UWLJTI2NFGYFJ4HVMZQDCBDQB 2013-03-16T13:07:27Z
Mar 16, 2013 6:03:35 PM net.blogracy.controller.DistributedHashTable$LookupListener onMessage
INFO: lookup-ans REHV2GKZR6BI6E66667LFTNPF42XF5QG PKSWSUPCRYEXKTEXVT4WDN35RMVBKDIM 2013-03-16T18:01:48Z 2013-03-16T18:03:35Z 15564
Mar 16, 2013 6:03:35 PM net.blogracy.controller.DistributedHashTable$DownloadListener <init>
INFO: download-req REHV2GKZR6BI6E66667LFTNPF42XF5QG PKSWSUPCRYEXKTEXVT4WDN35RMVBKDIM 2013-03-16T18:01:48Z
Mar 16, 2013 6:03:43 PM net.blogracy.controller.DistributedHashTable$LookupListener <init>
INFO: lookup-req GRRVNWRRA5YPOTR2NJTQK3RXPMJXGKYD
Mar 16, 2013 6:03:43 PM net.blogracy.controller.DistributedHashTable$LookupListener onMessage
INFO: lookup-ans GRRVNWRRA5YPOTR2NJTQK3RXPMJXGKYD 4LW743KIE7EACNAUXDZQ37GY7JBFHCER 2013-03-16T18:04:08Z 2013-03-16T18:03:43Z 442
Mar 16, 2013 6:03:43 PM net.blogracy.controller.DistributedHashTable$DownloadListener <init>
INFO: download-req GRRVNWRRA5YPOTR2NJTQK3RXPMJXGKYD 4LW743KIE7EACNAUXDZQ37GY7JBFHCER 2013-03-16T18:04:08Z
Mar 16, 2013 6:03:53 PM net.blogracy.controller.DistributedHashTable$DownloadListener onMessage
INFO: download-ans REHV2GKZR6BI6E66667LFTNPF42XF5QG PKSWSUPCRYEXKTEXVT4WDN35RMVBKDIM 2013-03-16T18:01:48Z 2013-03-16T18:03:53Z 18339  125000 281
Mar 16, 2013 6:04:06 PM net.blogracy.controller.DistributedHashTable$LookupListener <init>
INFO: lookup-req NUHK7LXC3JZZQ6EB2RKPAXMUYX7DF7UI
Mar 16, 2013 6:04:07 PM net.blogracy.controller.DistributedHashTable$LookupListener onMessage
INFO: lookup-ans NUHK7LXC3JZZQ6EB2RKPAXMUYX7DF7UI P5VA5SAZ3HSWQYXMTWE7NLARIJ3EQK37 2013-03-16T18:01:20Z 2013-03-16T18:04:07Z 362
Mar 16, 2013 6:04:07 PM net.blogracy.controller.DistributedHashTable$DownloadListener <init>
INFO: download-req NUHK7LXC3JZZQ6EB2RKPAXMUYX7DF7UI P5VA5SAZ3HSWQYXMTWE7NLARIJ3EQK37 2013-03-16T18:01:20Z
Mar 16, 2013 6:04:30 PM net.blogracy.controller.DistributedHashTable$LookupListener <init>
INFO: lookup-req NZYND2IBFUU2CASIWQ2GFYLCZFN7LPE4
Mar 16, 2013 6:04:53 PM net.blogracy.controller.DistributedHashTable$LookupListener <init>
INFO: lookup-req 7ZTKP6766VUCR2ORJIRNLCHE3JZU7VVH
Mar 16, 2013 6:04:58 PM net.blogracy.controller.DistributedHashTable$DownloadListener onMessage
INFO: download-ans GRRVNWRRA5YPOTR2NJTQK3RXPMJXGKYD 4LW743KIE7EACNAUXDZQ37GY7JBFHCER 2013-03-16T18:04:08Z 2013-03-16T18:04:58Z 74536  50000 281
Mar 16, 2013 6:05:05 PM net.blogracy.controller.DistributedHashTable$LookupListener onMessage
INFO: lookup-ans 7ZTKP6766VUCR2ORJIRNLCHE3JZU7VVH 5EQSEDWJMSCQ4KMIL3GMZS2PCS6GPKXX 2013-03-16T17:59:27Z 2013-03-16T18:05:05Z 11676
Mar 16, 2013 6:05:05 PM net.blogracy.controller.DistributedHashTable$DownloadListener <init>
INFO: download-req 7ZTKP6766VUCR2ORJIRNLCHE3JZU7VVH 5EQSEDWJMSCQ4KMIL3GMZS2PCS6GPKXX 2013-03-16T17:59:27Z
Mar 16, 2013 6:05:08 PM net.blogracy.controller.DistributedHashTable$DownloadListener onMessage
INFO: download-ans 7ZTKP6766VUCR2ORJIRNLCHE3JZU7VVH 5EQSEDWJMSCQ4KMIL3GMZS2PCS6GPKXX 2013-03-16T17:59:27Z 2013-03-16T18:05:08Z 2708  341000 281
Mar 16, 2013 6:05:17 PM net.blogracy.controller.DistributedHashTable$LookupListener <init>
INFO: lookup-req OL65LQYSH3BAO6TGPHZIFC72WVGFD6PR
Mar 16, 2013 6:05:17 PM net.blogracy.controller.DistributedHashTable$LookupListener onMessage
INFO: lookup-ans OL65LQYSH3BAO6TGPHZIFC72WVGFD6PR ZHFAFQYE6GWAHRCSHOPMZ6OCM73S4KC7 2013-03-16T18:04:01Z 2013-03-16T18:05:17Z 227
Mar 16, 2013 6:05:17 PM net.blogracy.controller.DistributedHashTable$DownloadListener <init>
INFO: download-req OL65LQYSH3BAO6TGPHZIFC72WVGFD6PR ZHFAFQYE6GWAHRCSHOPMZ6OCM73S4KC7 2013-03-16T18:04:01Z
Mar 16, 2013 6:05:32 PM net.blogracy.controller.DistributedHashTable$DownloadListener onMessage
INFO: download-ans NUHK7LXC3JZZQ6EB2RKPAXMUYX7DF7UI P5VA5SAZ3HSWQYXMTWE7NLARIJ3EQK37 2013-03-16T18:01:20Z 2013-03-16T18:05:32Z 85840  252000 281
Mar 16, 2013 6:05:43 PM net.blogracy.controller.DistributedHashTable$LookupListener <init>
INFO: lookup-req 734RO6HILBSFN7TZMLELFXELO3NKEQPG
Mar 16, 2013 6:05:44 PM net.blogracy.controller.DistributedHashTable$LookupListener onMessage
INFO: lookup-ans 734RO6HILBSFN7TZMLELFXELO3NKEQPG 3CY6YVUAHLZ2WUCZTAD4MZJ3IJ5JRAC7 2013-03-16T18:00:41Z 2013-03-16T18:05:44Z 290
Mar 16, 2013 6:05:44 PM net.blogracy.controller.DistributedHashTable$DownloadListener <init>
INFO: download-req 734RO6HILBSFN7TZMLELFXELO3NKEQPG 3CY6YVUAHLZ2WUCZTAD4MZJ3IJ5JRAC7 2013-03-16T18:00:41Z
Mar 16, 2013 6:05:47 PM net.blogracy.controller.DistributedHashTable$DownloadListener onMessage
INFO: download-ans OL65LQYSH3BAO6TGPHZIFC72WVGFD6PR ZHFAFQYE6GWAHRCSHOPMZ6OCM73S4KC7 2013-03-16T18:04:01Z 2013-03-16T18:05:47Z 29856  106000 551
Mar 16, 2013 6:06:10 PM net.blogracy.controller.DistributedHashTable$LookupListener <init>
INFO: lookup-req O2LNUOSQV6AMEJPEGJG7OVPK2XZQV3ZE
Mar 16, 2013 6:06:10 PM net.blogracy.controller.DistributedHashTable$LookupListener onMessage
INFO: lookup-ans O2LNUOSQV6AMEJPEGJG7OVPK2XZQV3ZE LS6ZM3SXJ3ELKHJLBDRM53GKPSQXKUCZ 2013-03-16T18:02:13Z 2013-03-16T18:06:10Z 332
Mar 16, 2013 6:06:10 PM net.blogracy.controller.DistributedHashTable$DownloadListener <init>
INFO: download-req O2LNUOSQV6AMEJPEGJG7OVPK2XZQV3ZE LS6ZM3SXJ3ELKHJLBDRM53GKPSQXKUCZ 2013-03-16T18:02:13Z
Mar 16, 2013 6:06:16 PM net.blogracy.controller.DistributedHashTable$DownloadListener onMessage
INFO: download-ans O2LNUOSQV6AMEJPEGJG7OVPK2XZQV3ZE LS6ZM3SXJ3ELKHJLBDRM53GKPSQXKUCZ 2013-03-16T18:02:13Z 2013-03-16T18:06:16Z 5975  243000 281
Mar 16, 2013 6:06:36 PM net.blogracy.controller.DistributedHashTable$LookupListener <init>
INFO: lookup-req QF57FG6NEFT7PHOEIFHV734DS7DAMSD2
Mar 16, 2013 6:06:36 PM net.blogracy.controller.DistributedHashTable$LookupListener onMessage
INFO: lookup-ans QF57FG6NEFT7PHOEIFHV734DS7DAMSD2 OHTOIA27AINKRO6AR7SB3YPE42BNAWBA 2013-03-16T18:05:11Z 2013-03-16T18:06:36Z 281
Mar 16, 2013 6:06:36 PM net.blogracy.controller.DistributedHashTable$DownloadListener <init>
INFO: download-req QF57FG6NEFT7PHOEIFHV734DS7DAMSD2 OHTOIA27AINKRO6AR7SB3YPE42BNAWBA 2013-03-16T18:05:11Z
Mar 16, 2013 6:06:45 PM net.blogracy.controller.DistributedHashTable$DownloadListener onMessage
INFO: download-ans QF57FG6NEFT7PHOEIFHV734DS7DAMSD2 OHTOIA27AINKRO6AR7SB3YPE42BNAWBA 2013-03-16T18:05:11Z 2013-03-16T18:06:45Z 8657  94000 551
Mar 16, 2013 6:06:47 PM net.blogracy.controller.DistributedHashTable$DownloadListener onMessage
INFO: download-ans 734RO6HILBSFN7TZMLELFXELO3NKEQPG 3CY6YVUAHLZ2WUCZTAD4MZJ3IJ5JRAC7 2013-03-16T18:00:41Z 2013-03-16T18:06:47Z 63781  366000 281
Mar 16, 2013 6:07:03 PM net.blogracy.controller.DistributedHashTable$LookupListener <init>
INFO: lookup-req H3WGV7IKX35FZNSFJYEZV4VCFQBSAKEL
Mar 16, 2013 6:07:03 PM net.blogracy.controller.DistributedHashTable$LookupListener onMessage
INFO: lookup-ans H3WGV7IKX35FZNSFJYEZV4VCFQBSAKEL Z4FN4OO6WJKRGHFGSCWRPKP5Q553M2C3 2013-03-16T18:03:20Z 2013-03-16T18:07:03Z 57
Mar 16, 2013 6:07:03 PM net.blogracy.controller.DistributedHashTable$DownloadListener <init>
INFO: download-req H3WGV7IKX35FZNSFJYEZV4VCFQBSAKEL Z4FN4OO6WJKRGHFGSCWRPKP5Q553M2C3 2013-03-16T18:03:20Z
Mar 16, 2013 6:07:04 PM net.blogracy.controller.DistributedHashTable$DownloadListener onMessage
INFO: download-ans H3WGV7IKX35FZNSFJYEZV4VCFQBSAKEL Z4FN4OO6WJKRGHFGSCWRPKP5Q553M2C3 2013-03-16T18:03:20Z 2013-03-16T18:07:04Z 1655  224000 281
Mar 16, 2013 6:07:29 PM net.blogracy.controller.DistributedHashTable$LookupListener <init>
INFO: lookup-req IIFTPYF2OOSC7OUXFHS6JFLCSWAADAGJ
Mar 16, 2013 6:07:29 PM net.blogracy.controller.DistributedHashTable$LookupListener onMessage
INFO: lookup-ans IIFTPYF2OOSC7OUXFHS6JFLCSWAADAGJ TRPH22QLOQA5CACJICWAD6YFZWOXPZOZ 2013-03-16T18:04:27Z 2013-03-16T18:07:29Z 299
Mar 16, 2013 6:07:29 PM net.blogracy.controller.DistributedHashTable$DownloadListener <init>
INFO: download-req IIFTPYF2OOSC7OUXFHS6JFLCSWAADAGJ TRPH22QLOQA5CACJICWAD6YFZWOXPZOZ 2013-03-16T18:04:27Z
Mar 16, 2013 6:07:34 PM net.blogracy.controller.DistributedHashTable$DownloadListener onMessage
INFO: download-ans IIFTPYF2OOSC7OUXFHS6JFLCSWAADAGJ TRPH22QLOQA5CACJICWAD6YFZWOXPZOZ 2013-03-16T18:04:27Z 2013-03-16T18:07:34Z 4581  187000 551
Mar 16, 2013 6:07:55 PM net.blogracy.controller.DistributedHashTable$LookupListener <init>
INFO: lookup-req REHV2GKZR6BI6E66667LFTNPF42XF5QG
Mar 16, 2013 6:07:56 PM net.blogracy.controller.DistributedHashTable$LookupListener onMessage
INFO: lookup-ans REHV2GKZR6BI6E66667LFTNPF42XF5QG PKSWSUPCRYEXKTEXVT4WDN35RMVBKDIM 2013-03-16T18:01:48Z 2013-03-16T18:07:56Z 640
Mar 16, 2013 6:08:22 PM net.blogracy.controller.DistributedHashTable$LookupListener <init>
INFO: lookup-req GRRVNWRRA5YPOTR2NJTQK3RXPMJXGKYD
Mar 16, 2013 6:08:22 PM net.blogracy.controller.DistributedHashTable$LookupListener onMessage
INFO: lookup-ans GRRVNWRRA5YPOTR2NJTQK3RXPMJXGKYD 4LW743KIE7EACNAUXDZQ37GY7JBFHCER 2013-03-16T18:04:08Z 2013-03-16T18:08:22Z 559
Mar 16, 2013 6:08:48 PM net.blogracy.controller.DistributedHashTable$LookupListener <init>
INFO: lookup-req NUHK7LXC3JZZQ6EB2RKPAXMUYX7DF7UI
Mar 16, 2013 6:08:48 PM net.blogracy.controller.DistributedHashTable$LookupListener onMessage
INFO: lookup-ans NUHK7LXC3JZZQ6EB2RKPAXMUYX7DF7UI SFR77NEL4ITLLL2AIVGGW5MDIBDZNA3B 2013-03-16T18:05:52Z 2013-03-16T18:08:48Z 210
Mar 16, 2013 6:08:48 PM net.blogracy.controller.DistributedHashTable$DownloadListener <init>
INFO: download-req NUHK7LXC3JZZQ6EB2RKPAXMUYX7DF7UI SFR77NEL4ITLLL2AIVGGW5MDIBDZNA3B 2013-03-16T18:05:52Z
Mar 16, 2013 6:08:52 PM net.blogracy.controller.DistributedHashTable$DownloadListener onMessage
INFO: download-ans NUHK7LXC3JZZQ6EB2RKPAXMUYX7DF7UI SFR77NEL4ITLLL2AIVGGW5MDIBDZNA3B 2013-03-16T18:05:52Z 2013-03-16T18:08:52Z 3790  180000 551
Mar 16, 2013 6:09:14 PM net.blogracy.controller.DistributedHashTable$LookupListener <init>
INFO: lookup-req NZYND2IBFUU2CASIWQ2GFYLCZFN7LPE4
Mar 16, 2013 6:09:41 PM net.blogracy.controller.DistributedHashTable$LookupListener <init>
INFO: lookup-req 7ZTKP6766VUCR2ORJIRNLCHE3JZU7VVH
Mar 16, 2013 6:09:42 PM net.blogracy.controller.DistributedHashTable$LookupListener onMessage
INFO: lookup-ans 7ZTKP6766VUCR2ORJIRNLCHE3JZU7VVH AKFOUIDBUHYB3ISP7IVA226TI73VIR4B 2013-03-16T18:08:38Z 2013-03-16T18:09:42Z 980
Mar 16, 2013 6:09:42 PM net.blogracy.controller.DistributedHashTable$DownloadListener <init>
INFO: download-req 7ZTKP6766VUCR2ORJIRNLCHE3JZU7VVH AKFOUIDBUHYB3ISP7IVA226TI73VIR4B 2013-03-16T18:08:38Z
Mar 16, 2013 6:09:59 PM net.blogracy.controller.DistributedHashTable$DownloadListener onMessage
INFO: download-ans 7ZTKP6766VUCR2ORJIRNLCHE3JZU7VVH AKFOUIDBUHYB3ISP7IVA226TI73VIR4B 2013-03-16T18:08:38Z 2013-03-16T18:09:59Z 17533  81000 821
Mar 16, 2013 6:10:07 PM net.blogracy.controller.DistributedHashTable$LookupListener <init>
INFO: lookup-req OL65LQYSH3BAO6TGPHZIFC72WVGFD6PR
Mar 16, 2013 6:10:07 PM net.blogracy.controller.DistributedHashTable$LookupListener onMessage
INFO: lookup-ans OL65LQYSH3BAO6TGPHZIFC72WVGFD6PR YJ3REXKASLWN2DNYPMB55TTUZWVJ6LXO 2013-03-16T18:08:45Z 2013-03-16T18:10:07Z 313
Mar 16, 2013 6:10:07 PM net.blogracy.controller.DistributedHashTable$DownloadListener <init>
INFO: download-req OL65LQYSH3BAO6TGPHZIFC72WVGFD6PR YJ3REXKASLWN2DNYPMB55TTUZWVJ6LXO 2013-03-16T18:08:45Z
Mar 16, 2013 6:10:24 PM net.blogracy.controller.DistributedHashTable$DownloadListener onMessage
INFO: download-ans OL65LQYSH3BAO6TGPHZIFC72WVGFD6PR YJ3REXKASLWN2DNYPMB55TTUZWVJ6LXO 2013-03-16T18:08:45Z 2013-03-16T18:10:24Z 16618  99000 821
Mar 16, 2013 6:10:33 PM net.blogracy.controller.DistributedHashTable$LookupListener <init>
INFO: lookup-req 734RO6HILBSFN7TZMLELFXELO3NKEQPG
Mar 16, 2013 6:10:33 PM net.blogracy.controller.DistributedHashTable$LookupListener onMessage
INFO: lookup-ans 734RO6HILBSFN7TZMLELFXELO3NKEQPG 4JPEZTL4YTTYP4ELO35SZXCOSZA2FWF7 2013-03-16T18:05:15Z 2013-03-16T18:10:33Z 237
Mar 16, 2013 6:10:33 PM net.blogracy.controller.DistributedHashTable$DownloadListener <init>
INFO: download-req 734RO6HILBSFN7TZMLELFXELO3NKEQPG 4JPEZTL4YTTYP4ELO35SZXCOSZA2FWF7 2013-03-16T18:05:15Z
Mar 16, 2013 6:10:35 PM net.blogracy.controller.DistributedHashTable$DownloadListener onMessage
INFO: download-ans 734RO6HILBSFN7TZMLELFXELO3NKEQPG 4JPEZTL4YTTYP4ELO35SZXCOSZA2FWF7 2013-03-16T18:05:15Z 2013-03-16T18:10:35Z 2546  320000 551
Mar 16, 2013 6:10:58 PM net.blogracy.controller.DistributedHashTable$LookupListener <init>
INFO: lookup-req O2LNUOSQV6AMEJPEGJG7OVPK2XZQV3ZE
Mar 16, 2013 6:10:58 PM net.blogracy.controller.DistributedHashTable$LookupListener onMessage
INFO: lookup-ans O2LNUOSQV6AMEJPEGJG7OVPK2XZQV3ZE MMYEB4X5475J7DYMUD2N4UPKMJQGWB5G 2013-03-16T18:06:29Z 2013-03-16T18:10:58Z 326
Mar 16, 2013 6:10:58 PM net.blogracy.controller.DistributedHashTable$DownloadListener <init>
INFO: download-req O2LNUOSQV6AMEJPEGJG7OVPK2XZQV3ZE MMYEB4X5475J7DYMUD2N4UPKMJQGWB5G 2013-03-16T18:06:29Z
Mar 16, 2013 6:10:59 PM net.blogracy.controller.DistributedHashTable$LookupListener onMessage
INFO: lookup-ans O2LNUOSQV6AMEJPEGJG7OVPK2XZQV3ZE ZQRW3VIBF6SMJC65MYWEURNKZS2A4KLN 2013-03-16T13:09:00Z 2013-03-16T18:10:59Z 549
Mar 16, 2013 6:11:04 PM net.blogracy.controller.DistributedHashTable$DownloadListener onMessage
INFO: download-ans O2LNUOSQV6AMEJPEGJG7OVPK2XZQV3ZE MMYEB4X5475J7DYMUD2N4UPKMJQGWB5G 2013-03-16T18:06:29Z 2013-03-16T18:11:04Z 5598  275000 551
Mar 16, 2013 6:11:23 PM net.blogracy.controller.DistributedHashTable$LookupListener <init>
INFO: lookup-req QF57FG6NEFT7PHOEIFHV734DS7DAMSD2
Mar 16, 2013 6:11:24 PM net.blogracy.controller.DistributedHashTable$LookupListener onMessage
INFO: lookup-ans QF57FG6NEFT7PHOEIFHV734DS7DAMSD2 OHTOIA27AINKRO6AR7SB3YPE42BNAWBA 2013-03-16T18:05:11Z 2013-03-16T18:11:24Z 286
Mar 16, 2013 6:11:49 PM net.blogracy.controller.DistributedHashTable$LookupListener <init>
INFO: lookup-req H3WGV7IKX35FZNSFJYEZV4VCFQBSAKEL
Mar 16, 2013 6:11:49 PM net.blogracy.controller.DistributedHashTable$LookupListener onMessage
INFO: lookup-ans H3WGV7IKX35FZNSFJYEZV4VCFQBSAKEL BFSRSUU4VWN6CD3S6IRIIJ44MIYNIBXD 2013-03-16T18:08:25Z 2013-03-16T18:11:49Z 249
Mar 16, 2013 6:11:49 PM net.blogracy.controller.DistributedHashTable$DownloadListener <init>
INFO: download-req H3WGV7IKX35FZNSFJYEZV4VCFQBSAKEL BFSRSUU4VWN6CD3S6IRIIJ44MIYNIBXD 2013-03-16T18:08:25Z
Mar 16, 2013 6:11:59 PM net.blogracy.controller.DistributedHashTable$DownloadListener onMessage
INFO: download-ans H3WGV7IKX35FZNSFJYEZV4VCFQBSAKEL BFSRSUU4VWN6CD3S6IRIIJ44MIYNIBXD 2013-03-16T18:08:25Z 2013-03-16T18:11:59Z 9621  214000 551
Mar 16, 2013 6:12:14 PM net.blogracy.controller.DistributedHashTable$LookupListener <init>
INFO: lookup-req IIFTPYF2OOSC7OUXFHS6JFLCSWAADAGJ
Mar 16, 2013 6:12:14 PM net.blogracy.controller.DistributedHashTable$LookupListener onMessage
INFO: lookup-ans IIFTPYF2OOSC7OUXFHS6JFLCSWAADAGJ NQ5OQZBPOGPGGIKIOA6P3SAONI5KVIEU 2013-03-16T18:08:41Z 2013-03-16T18:12:14Z 197
Mar 16, 2013 6:12:14 PM net.blogracy.controller.DistributedHashTable$DownloadListener <init>
INFO: download-req IIFTPYF2OOSC7OUXFHS6JFLCSWAADAGJ NQ5OQZBPOGPGGIKIOA6P3SAONI5KVIEU 2013-03-16T18:08:41Z
Mar 16, 2013 6:12:15 PM net.blogracy.controller.DistributedHashTable$LookupListener onMessage
INFO: lookup-ans IIFTPYF2OOSC7OUXFHS6JFLCSWAADAGJ PWYNKLEIYCS65O5M6BOZKGNAAMJYWESA 2013-03-16T17:59:11Z 2013-03-16T18:12:15Z 365
Mar 16, 2013 6:12:16 PM net.blogracy.controller.DistributedHashTable$DownloadListener onMessage
INFO: download-ans IIFTPYF2OOSC7OUXFHS6JFLCSWAADAGJ NQ5OQZBPOGPGGIKIOA6P3SAONI5KVIEU 2013-03-16T18:08:41Z 2013-03-16T18:12:16Z 1769  215000 821
Mar 16, 2013 6:12:40 PM net.blogracy.controller.DistributedHashTable$LookupListener <init>
INFO: lookup-req REHV2GKZR6BI6E66667LFTNPF42XF5QG
Mar 16, 2013 6:12:41 PM net.blogracy.controller.DistributedHashTable$LookupListener onMessage
INFO: lookup-ans REHV2GKZR6BI6E66667LFTNPF42XF5QG PKSWSUPCRYEXKTEXVT4WDN35RMVBKDIM 2013-03-16T18:01:48Z 2013-03-16T18:12:41Z 1707
Mar 16, 2013 6:12:51 PM net.blogracy.controller.DistributedHashTable$LookupListener onMessage
INFO: lookup-ans REHV2GKZR6BI6E66667LFTNPF42XF5QG ENEB2UPXBYABLVUMAE2NDLQ7WZCLK46H 2013-03-16T18:11:23Z 2013-03-16T18:12:51Z 11807
Mar 16, 2013 6:12:51 PM net.blogracy.controller.DistributedHashTable$DownloadListener <init>
INFO: download-req REHV2GKZR6BI6E66667LFTNPF42XF5QG ENEB2UPXBYABLVUMAE2NDLQ7WZCLK46H 2013-03-16T18:11:23Z
Mar 16, 2013 6:13:03 PM net.blogracy.controller.DistributedHashTable$DownloadListener onMessage
INFO: download-ans REHV2GKZR6BI6E66667LFTNPF42XF5QG ENEB2UPXBYABLVUMAE2NDLQ7WZCLK46H 2013-03-16T18:11:23Z 2013-03-16T18:13:03Z 11718  100000 821
Mar 16, 2013 6:13:05 PM net.blogracy.controller.DistributedHashTable$LookupListener <init>
INFO: lookup-req GRRVNWRRA5YPOTR2NJTQK3RXPMJXGKYD
Mar 16, 2013 6:13:06 PM net.blogracy.controller.DistributedHashTable$LookupListener onMessage
INFO: lookup-ans GRRVNWRRA5YPOTR2NJTQK3RXPMJXGKYD ZA6C4BTV7RGFFYV5UGS7CDTWOB4K6VF7 2013-03-16T18:09:20Z 2013-03-16T18:13:06Z 478
Mar 16, 2013 6:13:06 PM net.blogracy.controller.DistributedHashTable$DownloadListener <init>
INFO: download-req GRRVNWRRA5YPOTR2NJTQK3RXPMJXGKYD ZA6C4BTV7RGFFYV5UGS7CDTWOB4K6VF7 2013-03-16T18:09:20Z
Mar 16, 2013 6:13:08 PM net.blogracy.controller.DistributedHashTable$DownloadListener onMessage
INFO: download-ans GRRVNWRRA5YPOTR2NJTQK3RXPMJXGKYD ZA6C4BTV7RGFFYV5UGS7CDTWOB4K6VF7 2013-03-16T18:09:20Z 2013-03-16T18:13:08Z 2553  228000 551
Mar 16, 2013 6:13:31 PM net.blogracy.controller.DistributedHashTable$LookupListener <init>
INFO: lookup-req NUHK7LXC3JZZQ6EB2RKPAXMUYX7DF7UI
Mar 16, 2013 6:13:31 PM net.blogracy.controller.DistributedHashTable$LookupListener onMessage
INFO: lookup-ans NUHK7LXC3JZZQ6EB2RKPAXMUYX7DF7UI GTAFVM3SRQXZPSJZYNYPDZQGVEOBC6VG 2013-03-16T18:10:38Z 2013-03-16T18:13:31Z 191
Mar 16, 2013 6:13:31 PM net.blogracy.controller.DistributedHashTable$DownloadListener <init>
INFO: download-req NUHK7LXC3JZZQ6EB2RKPAXMUYX7DF7UI GTAFVM3SRQXZPSJZYNYPDZQGVEOBC6VG 2013-03-16T18:10:38Z
Mar 16, 2013 6:13:43 PM net.blogracy.controller.DistributedHashTable$DownloadListener onMessage
INFO: download-ans NUHK7LXC3JZZQ6EB2RKPAXMUYX7DF7UI GTAFVM3SRQXZPSJZYNYPDZQGVEOBC6VG 2013-03-16T18:10:38Z 2013-03-16T18:13:43Z 12474  185000 821
Mar 16, 2013 6:13:56 PM net.blogracy.controller.DistributedHashTable$LookupListener <init>
INFO: lookup-req NZYND2IBFUU2CASIWQ2GFYLCZFN7LPE4
Mar 16, 2013 6:14:21 PM net.blogracy.controller.DistributedHashTable$LookupListener <init>
INFO: lookup-req 7ZTKP6766VUCR2ORJIRNLCHE3JZU7VVH
Mar 16, 2013 6:14:37 PM net.blogracy.controller.DistributedHashTable$LookupListener onMessage
INFO: lookup-ans 7ZTKP6766VUCR2ORJIRNLCHE3JZU7VVH AKFOUIDBUHYB3ISP7IVA226TI73VIR4B 2013-03-16T18:08:38Z 2013-03-16T18:14:37Z 15193
Mar 16, 2013 6:14:47 PM net.blogracy.controller.DistributedHashTable$LookupListener <init>
INFO: lookup-req OL65LQYSH3BAO6TGPHZIFC72WVGFD6PR
Mar 16, 2013 6:14:47 PM net.blogracy.controller.DistributedHashTable$LookupListener onMessage
INFO: lookup-ans OL65LQYSH3BAO6TGPHZIFC72WVGFD6PR YJ3REXKASLWN2DNYPMB55TTUZWVJ6LXO 2013-03-16T18:08:45Z 2013-03-16T18:14:47Z 385
Mar 16, 2013 6:15:12 PM net.blogracy.controller.DistributedHashTable$LookupListener <init>
INFO: lookup-req 734RO6HILBSFN7TZMLELFXELO3NKEQPG
Mar 16, 2013 6:15:13 PM net.blogracy.controller.DistributedHashTable$LookupListener onMessage
INFO: lookup-ans 734RO6HILBSFN7TZMLELFXELO3NKEQPG ML4BERGJXENOWV2YME6E7LIKUKRV3TIL 2013-03-16T18:09:51Z 2013-03-16T18:15:13Z 567
Mar 16, 2013 6:15:13 PM net.blogracy.controller.DistributedHashTable$DownloadListener <init>
INFO: download-req 734RO6HILBSFN7TZMLELFXELO3NKEQPG ML4BERGJXENOWV2YME6E7LIKUKRV3TIL 2013-03-16T18:09:51Z
Mar 16, 2013 6:15:31 PM net.blogracy.controller.DistributedHashTable$DownloadListener onMessage
INFO: download-ans 734RO6HILBSFN7TZMLELFXELO3NKEQPG ML4BERGJXENOWV2YME6E7LIKUKRV3TIL 2013-03-16T18:09:51Z 2013-03-16T18:15:31Z 18087  340000 821
Mar 16, 2013 6:15:37 PM net.blogracy.controller.DistributedHashTable$LookupListener <init>
INFO: lookup-req O2LNUOSQV6AMEJPEGJG7OVPK2XZQV3ZE
Mar 16, 2013 6:15:38 PM net.blogracy.controller.DistributedHashTable$LookupListener onMessage
INFO: lookup-ans O2LNUOSQV6AMEJPEGJG7OVPK2XZQV3ZE G4LVTULBHEKYGIZ2ZL3UVJBU3RN6YZIX 2013-03-16T18:11:56Z 2013-03-16T18:15:38Z 326
Mar 16, 2013 6:15:38 PM net.blogracy.controller.DistributedHashTable$DownloadListener <init>
INFO: download-req O2LNUOSQV6AMEJPEGJG7OVPK2XZQV3ZE G4LVTULBHEKYGIZ2ZL3UVJBU3RN6YZIX 2013-03-16T18:11:56Z
Mar 16, 2013 6:15:39 PM net.blogracy.controller.DistributedHashTable$DownloadListener onMessage
INFO: download-ans O2LNUOSQV6AMEJPEGJG7OVPK2XZQV3ZE G4LVTULBHEKYGIZ2ZL3UVJBU3RN6YZIX 2013-03-16T18:11:56Z 2013-03-16T18:15:39Z 1643  223000 821
Mar 16, 2013 6:16:03 PM net.blogracy.controller.DistributedHashTable$LookupListener <init>
INFO: lookup-req QF57FG6NEFT7PHOEIFHV734DS7DAMSD2
Mar 16, 2013 6:16:03 PM net.blogracy.controller.DistributedHashTable$LookupListener onMessage
INFO: lookup-ans QF57FG6NEFT7PHOEIFHV734DS7DAMSD2 OHTOIA27AINKRO6AR7SB3YPE42BNAWBA 2013-03-16T18:05:11Z 2013-03-16T18:16:03Z 310
Mar 16, 2013 6:16:03 PM net.blogracy.controller.DistributedHashTable$LookupListener onMessage
INFO: lookup-ans QF57FG6NEFT7PHOEIFHV734DS7DAMSD2 VW4FLZIVGRM5ZHKBYDTX6LNR2LEMLEDD 2013-03-16T18:11:03Z 2013-03-16T18:16:03Z 330
Mar 16, 2013 6:16:03 PM net.blogracy.controller.DistributedHashTable$DownloadListener <init>
INFO: download-req QF57FG6NEFT7PHOEIFHV734DS7DAMSD2 VW4FLZIVGRM5ZHKBYDTX6LNR2LEMLEDD 2013-03-16T18:11:03Z
Mar 16, 2013 6:16:07 PM net.blogracy.controller.DistributedHashTable$DownloadListener onMessage
INFO: download-ans QF57FG6NEFT7PHOEIFHV734DS7DAMSD2 VW4FLZIVGRM5ZHKBYDTX6LNR2LEMLEDD 2013-03-16T18:11:03Z 2013-03-16T18:16:07Z 3894  304000 821
Mar 16, 2013 6:16:28 PM net.blogracy.controller.DistributedHashTable$LookupListener <init>
INFO: lookup-req H3WGV7IKX35FZNSFJYEZV4VCFQBSAKEL
Mar 16, 2013 6:16:28 PM net.blogracy.controller.DistributedHashTable$LookupListener onMessage
INFO: lookup-ans H3WGV7IKX35FZNSFJYEZV4VCFQBSAKEL A54C3TZSW5AY253DL6BMHDBMQASN3QCC 2013-03-16T18:13:24Z 2013-03-16T18:16:28Z 317
Mar 16, 2013 6:16:28 PM net.blogracy.controller.DistributedHashTable$DownloadListener <init>
INFO: download-req H3WGV7IKX35FZNSFJYEZV4VCFQBSAKEL A54C3TZSW5AY253DL6BMHDBMQASN3QCC 2013-03-16T18:13:24Z
Mar 16, 2013 6:16:53 PM net.blogracy.controller.DistributedHashTable$LookupListener <init>
INFO: lookup-req IIFTPYF2OOSC7OUXFHS6JFLCSWAADAGJ
Mar 16, 2013 6:16:53 PM net.blogracy.controller.DistributedHashTable$LookupListener onMessage
INFO: lookup-ans IIFTPYF2OOSC7OUXFHS6JFLCSWAADAGJ ODQCAN2PVVC5CCM3G76G77P7IOLBGPCV 2013-03-16T18:12:58Z 2013-03-16T18:16:53Z 183
Mar 16, 2013 6:16:53 PM net.blogracy.controller.DistributedHashTable$DownloadListener <init>
INFO: download-req IIFTPYF2OOSC7OUXFHS6JFLCSWAADAGJ ODQCAN2PVVC5CCM3G76G77P7IOLBGPCV 2013-03-16T18:12:58Z
Mar 16, 2013 6:16:53 PM net.blogracy.controller.DistributedHashTable$LookupListener onMessage
INFO: lookup-ans IIFTPYF2OOSC7OUXFHS6JFLCSWAADAGJ NQ5OQZBPOGPGGIKIOA6P3SAONI5KVIEU 2013-03-16T18:08:41Z 2013-03-16T18:16:53Z 303
Mar 16, 2013 6:16:56 PM net.blogracy.controller.DistributedHashTable$DownloadListener onMessage
INFO: download-ans IIFTPYF2OOSC7OUXFHS6JFLCSWAADAGJ ODQCAN2PVVC5CCM3G76G77P7IOLBGPCV 2013-03-16T18:12:58Z 2013-03-16T18:16:56Z 2882  238000 1091
Mar 16, 2013 6:17:15 PM net.blogracy.controller.DistributedHashTable$DownloadListener onMessage
INFO: download-ans H3WGV7IKX35FZNSFJYEZV4VCFQBSAKEL A54C3TZSW5AY253DL6BMHDBMQASN3QCC 2013-03-16T18:13:24Z 2013-03-16T18:17:15Z 47208  231000 821
Mar 16, 2013 6:17:18 PM net.blogracy.controller.DistributedHashTable$LookupListener <init>
INFO: lookup-req REHV2GKZR6BI6E66667LFTNPF42XF5QG
Mar 16, 2013 6:17:32 PM net.blogracy.controller.DistributedHashTable$LookupListener onMessage
INFO: lookup-ans REHV2GKZR6BI6E66667LFTNPF42XF5QG ENEB2UPXBYABLVUMAE2NDLQ7WZCLK46H 2013-03-16T18:11:23Z 2013-03-16T18:17:32Z 13905
Mar 16, 2013 6:17:43 PM net.blogracy.controller.DistributedHashTable$LookupListener <init>
INFO: lookup-req GRRVNWRRA5YPOTR2NJTQK3RXPMJXGKYD
Mar 16, 2013 6:17:44 PM net.blogracy.controller.DistributedHashTable$LookupListener onMessage
INFO: lookup-ans GRRVNWRRA5YPOTR2NJTQK3RXPMJXGKYD CNLYUSNNLKPVTWGEH6CI27BQ63GCPE52 2013-03-16T18:14:27Z 2013-03-16T18:17:44Z 460
Mar 16, 2013 6:17:44 PM net.blogracy.controller.DistributedHashTable$DownloadListener <init>
INFO: download-req GRRVNWRRA5YPOTR2NJTQK3RXPMJXGKYD CNLYUSNNLKPVTWGEH6CI27BQ63GCPE52 2013-03-16T18:14:27Z
Mar 16, 2013 6:17:47 PM net.blogracy.controller.DistributedHashTable$DownloadListener onMessage
INFO: download-ans GRRVNWRRA5YPOTR2NJTQK3RXPMJXGKYD CNLYUSNNLKPVTWGEH6CI27BQ63GCPE52 2013-03-16T18:14:27Z 2013-03-16T18:17:47Z 2640  200000 821
Mar 16, 2013 6:18:09 PM net.blogracy.controller.DistributedHashTable$LookupListener <init>
INFO: lookup-req NUHK7LXC3JZZQ6EB2RKPAXMUYX7DF7UI
Mar 16, 2013 6:18:09 PM net.blogracy.controller.DistributedHashTable$LookupListener onMessage
INFO: lookup-ans NUHK7LXC3JZZQ6EB2RKPAXMUYX7DF7UI QHRRYB6OSJKNFQMGUUXKL4IZ4YB7ECOD 2013-03-16T18:14:39Z 2013-03-16T18:18:09Z 188
Mar 16, 2013 6:18:09 PM net.blogracy.controller.DistributedHashTable$DownloadListener <init>
INFO: download-req NUHK7LXC3JZZQ6EB2RKPAXMUYX7DF7UI QHRRYB6OSJKNFQMGUUXKL4IZ4YB7ECOD 2013-03-16T18:14:39Z
Mar 16, 2013 6:18:19 PM net.blogracy.controller.DistributedHashTable$DownloadListener onMessage
INFO: download-ans NUHK7LXC3JZZQ6EB2RKPAXMUYX7DF7UI QHRRYB6OSJKNFQMGUUXKL4IZ4YB7ECOD 2013-03-16T18:14:39Z 2013-03-16T18:18:19Z 10453  220000 1091
Mar 16, 2013 6:18:34 PM net.blogracy.controller.DistributedHashTable$LookupListener <init>
INFO: lookup-req NZYND2IBFUU2CASIWQ2GFYLCZFN7LPE4
Mar 16, 2013 6:18:59 PM net.blogracy.controller.DistributedHashTable$LookupListener <init>
INFO: lookup-req 7ZTKP6766VUCR2ORJIRNLCHE3JZU7VVH
Mar 16, 2013 6:19:00 PM net.blogracy.controller.DistributedHashTable$LookupListener onMessage
INFO: lookup-ans 7ZTKP6766VUCR2ORJIRNLCHE3JZU7VVH YXJVCVC4SLN2G7O44N4CS2KEFVUIB7VD 2013-03-16T18:13:57Z 2013-03-16T18:19:00Z 514
Mar 16, 2013 6:19:00 PM net.blogracy.controller.DistributedHashTable$DownloadListener <init>
INFO: download-req 7ZTKP6766VUCR2ORJIRNLCHE3JZU7VVH YXJVCVC4SLN2G7O44N4CS2KEFVUIB7VD 2013-03-16T18:13:57Z
Mar 16, 2013 6:19:03 PM net.blogracy.controller.DistributedHashTable$DownloadListener onMessage
INFO: download-ans 7ZTKP6766VUCR2ORJIRNLCHE3JZU7VVH YXJVCVC4SLN2G7O44N4CS2KEFVUIB7VD 2013-03-16T18:13:57Z 2013-03-16T18:19:03Z 3330  306000 1091
Mar 16, 2013 6:19:24 PM net.blogracy.controller.DistributedHashTable$LookupListener <init>
INFO: lookup-req OL65LQYSH3BAO6TGPHZIFC72WVGFD6PR
Mar 16, 2013 6:19:25 PM net.blogracy.controller.DistributedHashTable$LookupListener onMessage
INFO: lookup-ans OL65LQYSH3BAO6TGPHZIFC72WVGFD6PR SQGE2LV3AKJI4VAAFSSOQSDZ4TFZJVHH 2013-03-16T18:14:20Z 2013-03-16T18:19:25Z 334
Mar 16, 2013 6:19:25 PM net.blogracy.controller.DistributedHashTable$DownloadListener <init>
INFO: download-req OL65LQYSH3BAO6TGPHZIFC72WVGFD6PR SQGE2LV3AKJI4VAAFSSOQSDZ4TFZJVHH 2013-03-16T18:14:20Z
Mar 16, 2013 6:19:31 PM net.blogracy.controller.DistributedHashTable$DownloadListener onMessage
INFO: download-ans OL65LQYSH3BAO6TGPHZIFC72WVGFD6PR SQGE2LV3AKJI4VAAFSSOQSDZ4TFZJVHH 2013-03-16T18:14:20Z 2013-03-16T18:19:31Z 5760  311000 1091
Mar 16, 2013 6:19:47 PM net.blogracy.controller.DistributedHashTable$LookupListener <init>
INFO: lookup-req 734RO6HILBSFN7TZMLELFXELO3NKEQPG
Mar 16, 2013 6:19:47 PM net.blogracy.controller.DistributedHashTable$LookupListener onMessage
INFO: lookup-ans 734RO6HILBSFN7TZMLELFXELO3NKEQPG T5MSCK55JLVWNGYVS7IYCMNNL5THMVHS 2013-03-16T18:15:23Z 2013-03-16T18:19:47Z 200
Mar 16, 2013 6:19:47 PM net.blogracy.controller.DistributedHashTable$DownloadListener <init>
INFO: download-req 734RO6HILBSFN7TZMLELFXELO3NKEQPG T5MSCK55JLVWNGYVS7IYCMNNL5THMVHS 2013-03-16T18:15:23Z
Mar 16, 2013 6:19:52 PM net.blogracy.controller.DistributedHashTable$DownloadListener onMessage
INFO: download-ans 734RO6HILBSFN7TZMLELFXELO3NKEQPG T5MSCK55JLVWNGYVS7IYCMNNL5THMVHS 2013-03-16T18:15:23Z 2013-03-16T18:19:52Z 4732  269000 1091
Mar 16, 2013 6:20:10 PM net.blogracy.controller.DistributedHashTable$LookupListener <init>
INFO: lookup-req O2LNUOSQV6AMEJPEGJG7OVPK2XZQV3ZE
Mar 16, 2013 6:20:10 PM net.blogracy.controller.DistributedHashTable$LookupListener onMessage
INFO: lookup-ans O2LNUOSQV6AMEJPEGJG7OVPK2XZQV3ZE LEE5XPDF433NQW5HGTPKDVQKG6EEVEU6 2013-03-16T18:17:18Z 2013-03-16T18:20:10Z 316
Mar 16, 2013 6:20:10 PM net.blogracy.controller.DistributedHashTable$DownloadListener <init>
INFO: download-req O2LNUOSQV6AMEJPEGJG7OVPK2XZQV3ZE LEE5XPDF433NQW5HGTPKDVQKG6EEVEU6 2013-03-16T18:17:18Z
Mar 16, 2013 6:20:10 PM net.blogracy.controller.DistributedHashTable$LookupListener onMessage
INFO: lookup-ans O2LNUOSQV6AMEJPEGJG7OVPK2XZQV3ZE G4LVTULBHEKYGIZ2ZL3UVJBU3RN6YZIX 2013-03-16T18:11:56Z 2013-03-16T18:20:10Z 334
Mar 16, 2013 6:20:16 PM net.blogracy.controller.DistributedHashTable$DownloadListener onMessage
INFO: download-ans O2LNUOSQV6AMEJPEGJG7OVPK2XZQV3ZE LEE5XPDF433NQW5HGTPKDVQKG6EEVEU6 2013-03-16T18:17:18Z 2013-03-16T18:20:16Z 5680  178000 1091
Mar 16, 2013 6:20:33 PM net.blogracy.controller.DistributedHashTable$LookupListener <init>
INFO: lookup-req QF57FG6NEFT7PHOEIFHV734DS7DAMSD2
Mar 16, 2013 6:20:33 PM net.blogracy.controller.DistributedHashTable$LookupListener onMessage
INFO: lookup-ans QF57FG6NEFT7PHOEIFHV734DS7DAMSD2 5XBIHJBUFHU5EUACPFIP27EUNTXD4E6Y 2013-03-16T18:16:06Z 2013-03-16T18:20:33Z 394
Mar 16, 2013 6:20:33 PM net.blogracy.controller.DistributedHashTable$DownloadListener <init>
INFO: download-req QF57FG6NEFT7PHOEIFHV734DS7DAMSD2 5XBIHJBUFHU5EUACPFIP27EUNTXD4E6Y 2013-03-16T18:16:06Z
Mar 16, 2013 6:20:37 PM net.blogracy.controller.DistributedHashTable$DownloadListener onMessage
INFO: download-ans QF57FG6NEFT7PHOEIFHV734DS7DAMSD2 5XBIHJBUFHU5EUACPFIP27EUNTXD4E6Y 2013-03-16T18:16:06Z 2013-03-16T18:20:37Z 3652  271000 1091
Mar 16, 2013 6:20:55 PM net.blogracy.controller.DistributedHashTable$LookupListener <init>
INFO: lookup-req H3WGV7IKX35FZNSFJYEZV4VCFQBSAKEL
Mar 16, 2013 6:20:56 PM net.blogracy.controller.DistributedHashTable$LookupListener onMessage
INFO: lookup-ans H3WGV7IKX35FZNSFJYEZV4VCFQBSAKEL Z42CUAO34IOHGX5P6UBWFXB6PJ4LZYUU 2013-03-16T18:18:20Z 2013-03-16T18:20:56Z 255
Mar 16, 2013 6:20:56 PM net.blogracy.controller.DistributedHashTable$DownloadListener <init>
INFO: download-req H3WGV7IKX35FZNSFJYEZV4VCFQBSAKEL Z42CUAO34IOHGX5P6UBWFXB6PJ4LZYUU 2013-03-16T18:18:20Z
Mar 16, 2013 6:21:18 PM net.blogracy.controller.DistributedHashTable$LookupListener <init>
INFO: lookup-req IIFTPYF2OOSC7OUXFHS6JFLCSWAADAGJ
Mar 16, 2013 6:21:18 PM net.blogracy.controller.DistributedHashTable$LookupListener onMessage
INFO: lookup-ans IIFTPYF2OOSC7OUXFHS6JFLCSWAADAGJ 2ELXTI47ZKNNANQEFEDP5KSDQZCDUOCQ 2013-03-16T18:17:00Z 2013-03-16T18:21:18Z 228
Mar 16, 2013 6:21:18 PM net.blogracy.controller.DistributedHashTable$DownloadListener <init>
INFO: download-req IIFTPYF2OOSC7OUXFHS6JFLCSWAADAGJ 2ELXTI47ZKNNANQEFEDP5KSDQZCDUOCQ 2013-03-16T18:17:00Z
Mar 16, 2013 6:21:18 PM net.blogracy.controller.DistributedHashTable$LookupListener onMessage
INFO: lookup-ans IIFTPYF2OOSC7OUXFHS6JFLCSWAADAGJ NQ5OQZBPOGPGGIKIOA6P3SAONI5KVIEU 2013-03-16T18:08:41Z 2013-03-16T18:21:18Z 363
Mar 16, 2013 6:21:41 PM net.blogracy.controller.DistributedHashTable$LookupListener <init>
INFO: lookup-req REHV2GKZR6BI6E66667LFTNPF42XF5QG
Mar 16, 2013 6:21:42 PM net.blogracy.controller.DistributedHashTable$LookupListener onMessage
INFO: lookup-ans REHV2GKZR6BI6E66667LFTNPF42XF5QG 5BAQRY6XTYK5MWIBT5A2CGADAJ5JDELC 2013-03-16T18:17:19Z 2013-03-16T18:21:42Z 723
Mar 16, 2013 6:21:42 PM net.blogracy.controller.DistributedHashTable$DownloadListener <init>
INFO: download-req REHV2GKZR6BI6E66667LFTNPF42XF5QG 5BAQRY6XTYK5MWIBT5A2CGADAJ5JDELC 2013-03-16T18:17:19Z
Mar 16, 2013 6:21:42 PM net.blogracy.controller.DistributedHashTable$LookupListener onMessage
INFO: lookup-ans REHV2GKZR6BI6E66667LFTNPF42XF5QG ENEB2UPXBYABLVUMAE2NDLQ7WZCLK46H 2013-03-16T18:11:23Z 2013-03-16T18:21:42Z 1486
Mar 16, 2013 6:21:54 PM net.blogracy.controller.DistributedHashTable$DownloadListener onMessage
INFO: download-ans H3WGV7IKX35FZNSFJYEZV4VCFQBSAKEL Z42CUAO34IOHGX5P6UBWFXB6PJ4LZYUU 2013-03-16T18:18:20Z 2013-03-16T18:21:54Z 58269  214000 1091
Mar 16, 2013 6:22:04 PM net.blogracy.controller.DistributedHashTable$LookupListener <init>
INFO: lookup-req GRRVNWRRA5YPOTR2NJTQK3RXPMJXGKYD
Mar 16, 2013 6:22:04 PM net.blogracy.controller.DistributedHashTable$LookupListener onMessage
INFO: lookup-ans GRRVNWRRA5YPOTR2NJTQK3RXPMJXGKYD PRAS5NMZ2UJTBYJ54Q2VDY2AIRIQXG5F 2013-03-16T18:20:24Z 2013-03-16T18:22:04Z 255
Mar 16, 2013 6:22:04 PM net.blogracy.controller.DistributedHashTable$DownloadListener <init>
INFO: download-req GRRVNWRRA5YPOTR2NJTQK3RXPMJXGKYD PRAS5NMZ2UJTBYJ54Q2VDY2AIRIQXG5F 2013-03-16T18:20:24Z
Mar 16, 2013 6:22:05 PM net.blogracy.controller.DistributedHashTable$DownloadListener onMessage
INFO: download-ans GRRVNWRRA5YPOTR2NJTQK3RXPMJXGKYD PRAS5NMZ2UJTBYJ54Q2VDY2AIRIQXG5F 2013-03-16T18:20:24Z 2013-03-16T18:22:05Z 1495  101000 1091
Mar 16, 2013 6:22:14 PM net.blogracy.controller.DistributedHashTable$DownloadListener onMessage
INFO: download-ans IIFTPYF2OOSC7OUXFHS6JFLCSWAADAGJ 2ELXTI47ZKNNANQEFEDP5KSDQZCDUOCQ 2013-03-16T18:17:00Z 2013-03-16T18:22:14Z 55482  314000 1361
Mar 16, 2013 6:22:26 PM net.blogracy.controller.DistributedHashTable$LookupListener <init>
INFO: lookup-req NUHK7LXC3JZZQ6EB2RKPAXMUYX7DF7UI
Mar 16, 2013 6:22:27 PM net.blogracy.controller.DistributedHashTable$LookupListener onMessage
INFO: lookup-ans NUHK7LXC3JZZQ6EB2RKPAXMUYX7DF7UI VJJV3JCFR3FMFNTLQBK4M7TEKI7DJLVK 2013-03-16T18:18:42Z 2013-03-16T18:22:27Z 170
Mar 16, 2013 6:22:27 PM net.blogracy.controller.DistributedHashTable$DownloadListener <init>
INFO: download-req NUHK7LXC3JZZQ6EB2RKPAXMUYX7DF7UI VJJV3JCFR3FMFNTLQBK4M7TEKI7DJLVK 2013-03-16T18:18:42Z
Mar 16, 2013 6:22:32 PM net.blogracy.controller.DistributedHashTable$DownloadListener onMessage
INFO: download-ans NUHK7LXC3JZZQ6EB2RKPAXMUYX7DF7UI VJJV3JCFR3FMFNTLQBK4M7TEKI7DJLVK 2013-03-16T18:18:42Z 2013-03-16T18:22:32Z 5585  230000 1361
Mar 16, 2013 6:22:32 PM net.blogracy.controller.DistributedHashTable$DownloadListener onMessage
INFO: download-ans REHV2GKZR6BI6E66667LFTNPF42XF5QG 5BAQRY6XTYK5MWIBT5A2CGADAJ5JDELC 2013-03-16T18:17:19Z 2013-03-16T18:22:32Z 50584  313000 1091
Mar 16, 2013 6:22:49 PM net.blogracy.controller.DistributedHashTable$LookupListener <init>
INFO: lookup-req NZYND2IBFUU2CASIWQ2GFYLCZFN7LPE4
Mar 16, 2013 6:23:12 PM net.blogracy.controller.DistributedHashTable$LookupListener <init>
INFO: lookup-req 7ZTKP6766VUCR2ORJIRNLCHE3JZU7VVH
Mar 16, 2013 6:23:12 PM net.blogracy.controller.DistributedHashTable$LookupListener onMessage
INFO: lookup-ans 7ZTKP6766VUCR2ORJIRNLCHE3JZU7VVH 3VKZFONMBCZLNYG6KSR27LPC5FZO2OBM 2013-03-16T18:18:54Z 2013-03-16T18:23:12Z 472
Mar 16, 2013 6:23:12 PM net.blogracy.controller.DistributedHashTable$DownloadListener <init>
INFO: download-req 7ZTKP6766VUCR2ORJIRNLCHE3JZU7VVH 3VKZFONMBCZLNYG6KSR27LPC5FZO2OBM 2013-03-16T18:18:54Z
Mar 16, 2013 6:23:15 PM net.blogracy.controller.DistributedHashTable$DownloadListener onMessage
INFO: download-ans 7ZTKP6766VUCR2ORJIRNLCHE3JZU7VVH 3VKZFONMBCZLNYG6KSR27LPC5FZO2OBM 2013-03-16T18:18:54Z 2013-03-16T18:23:15Z 2749  261000 1361
Mar 16, 2013 6:23:35 PM net.blogracy.controller.DistributedHashTable$LookupListener <init>
INFO: lookup-req OL65LQYSH3BAO6TGPHZIFC72WVGFD6PR
Mar 16, 2013 6:23:35 PM net.blogracy.controller.DistributedHashTable$LookupListener onMessage
INFO: lookup-ans OL65LQYSH3BAO6TGPHZIFC72WVGFD6PR SIAUJGMAYMFMDMBLFWNXQHLTAXQJC7HK 2013-03-16T18:19:29Z 2013-03-16T18:23:35Z 293
Mar 16, 2013 6:23:35 PM net.blogracy.controller.DistributedHashTable$DownloadListener <init>
INFO: download-req OL65LQYSH3BAO6TGPHZIFC72WVGFD6PR SIAUJGMAYMFMDMBLFWNXQHLTAXQJC7HK 2013-03-16T18:19:29Z
Mar 16, 2013 6:23:38 PM net.blogracy.controller.DistributedHashTable$DownloadListener onMessage
INFO: download-ans OL65LQYSH3BAO6TGPHZIFC72WVGFD6PR SIAUJGMAYMFMDMBLFWNXQHLTAXQJC7HK 2013-03-16T18:19:29Z 2013-03-16T18:23:38Z 2693  249000 1361
Mar 16, 2013 6:24:00 PM net.blogracy.controller.DistributedHashTable$LookupListener <init>
INFO: lookup-req 734RO6HILBSFN7TZMLELFXELO3NKEQPG
Mar 16, 2013 6:24:00 PM net.blogracy.controller.DistributedHashTable$LookupListener onMessage
INFO: lookup-ans 734RO6HILBSFN7TZMLELFXELO3NKEQPG IBUPF3CDEFTHHGMVLX3L4VO4K75QW62O 2013-03-16T18:20:05Z 2013-03-16T18:24:00Z 128
Mar 16, 2013 6:24:00 PM net.blogracy.controller.DistributedHashTable$DownloadListener <init>
INFO: download-req 734RO6HILBSFN7TZMLELFXELO3NKEQPG IBUPF3CDEFTHHGMVLX3L4VO4K75QW62O 2013-03-16T18:20:05Z
Mar 16, 2013 6:24:03 PM net.blogracy.controller.DistributedHashTable$DownloadListener onMessage
INFO: download-ans 734RO6HILBSFN7TZMLELFXELO3NKEQPG IBUPF3CDEFTHHGMVLX3L4VO4K75QW62O 2013-03-16T18:20:05Z 2013-03-16T18:24:03Z 2326  238000 1361
Mar 16, 2013 6:24:26 PM net.blogracy.controller.DistributedHashTable$LookupListener <init>
INFO: lookup-req O2LNUOSQV6AMEJPEGJG7OVPK2XZQV3ZE
Mar 16, 2013 6:24:26 PM net.blogracy.controller.DistributedHashTable$LookupListener onMessage
INFO: lookup-ans O2LNUOSQV6AMEJPEGJG7OVPK2XZQV3ZE Y5IMI4QNI4QCWKIUGY2RUDJTTZKQOMHT 2013-03-16T18:22:57Z 2013-03-16T18:24:26Z 353
Mar 16, 2013 6:24:26 PM net.blogracy.controller.DistributedHashTable$DownloadListener <init>
INFO: download-req O2LNUOSQV6AMEJPEGJG7OVPK2XZQV3ZE Y5IMI4QNI4QCWKIUGY2RUDJTTZKQOMHT 2013-03-16T18:22:57Z
Mar 16, 2013 6:24:52 PM net.blogracy.controller.DistributedHashTable$LookupListener <init>
INFO: lookup-req QF57FG6NEFT7PHOEIFHV734DS7DAMSD2
Mar 16, 2013 6:24:52 PM net.blogracy.controller.DistributedHashTable$LookupListener onMessage
INFO: lookup-ans QF57FG6NEFT7PHOEIFHV734DS7DAMSD2 LIAORM2H74YTDRWL42XZ7WTG4MFOZAKW 2013-03-16T18:20:27Z 2013-03-16T18:24:52Z 415
Mar 16, 2013 6:24:52 PM net.blogracy.controller.DistributedHashTable$DownloadListener <init>
INFO: download-req QF57FG6NEFT7PHOEIFHV734DS7DAMSD2 LIAORM2H74YTDRWL42XZ7WTG4MFOZAKW 2013-03-16T18:20:27Z
Mar 16, 2013 6:24:57 PM net.blogracy.controller.DistributedHashTable$DownloadListener onMessage
INFO: download-ans QF57FG6NEFT7PHOEIFHV734DS7DAMSD2 LIAORM2H74YTDRWL42XZ7WTG4MFOZAKW 2013-03-16T18:20:27Z 2013-03-16T18:24:57Z 4569  270000 1361
Mar 16, 2013 6:25:17 PM net.blogracy.controller.DistributedHashTable$LookupListener <init>
INFO: lookup-req H3WGV7IKX35FZNSFJYEZV4VCFQBSAKEL
Mar 16, 2013 6:25:17 PM net.blogracy.controller.DistributedHashTable$LookupListener onMessage
INFO: lookup-ans H3WGV7IKX35FZNSFJYEZV4VCFQBSAKEL CKA3HRZIO2STBEOHJQC5YVMTIHWBDX72 2013-03-16T18:22:44Z 2013-03-16T18:25:17Z 80
Mar 16, 2013 6:25:17 PM net.blogracy.controller.DistributedHashTable$DownloadListener <init>
INFO: download-req H3WGV7IKX35FZNSFJYEZV4VCFQBSAKEL CKA3HRZIO2STBEOHJQC5YVMTIHWBDX72 2013-03-16T18:22:44Z
Mar 16, 2013 6:25:36 PM net.blogracy.controller.DistributedHashTable$DownloadListener onMessage
INFO: download-ans O2LNUOSQV6AMEJPEGJG7OVPK2XZQV3ZE Y5IMI4QNI4QCWKIUGY2RUDJTTZKQOMHT 2013-03-16T18:22:57Z 2013-03-16T18:25:36Z 69794  159000 1361
Mar 16, 2013 6:25:43 PM net.blogracy.controller.DistributedHashTable$LookupListener <init>
INFO: lookup-req IIFTPYF2OOSC7OUXFHS6JFLCSWAADAGJ
Mar 16, 2013 6:25:43 PM net.blogracy.controller.DistributedHashTable$LookupListener onMessage
INFO: lookup-ans IIFTPYF2OOSC7OUXFHS6JFLCSWAADAGJ 64HXMSLUGYFFR22DQVJDBVXNV2TPQWR7 2013-03-16T18:22:26Z 2013-03-16T18:25:43Z 449
Mar 16, 2013 6:25:43 PM net.blogracy.controller.DistributedHashTable$DownloadListener <init>
INFO: download-req IIFTPYF2OOSC7OUXFHS6JFLCSWAADAGJ 64HXMSLUGYFFR22DQVJDBVXNV2TPQWR7 2013-03-16T18:22:26Z
Mar 16, 2013 6:25:44 PM net.blogracy.controller.DistributedHashTable$LookupListener onMessage
INFO: lookup-ans IIFTPYF2OOSC7OUXFHS6JFLCSWAADAGJ NXWJNNEHHTXUXZQVJEEUYL23UC6DL2ED 2013-03-16T13:05:50Z 2013-03-16T18:25:44Z 568
Mar 16, 2013 6:25:44 PM net.blogracy.controller.DistributedHashTable$LookupListener onMessage
INFO: lookup-ans IIFTPYF2OOSC7OUXFHS6JFLCSWAADAGJ NQ5OQZBPOGPGGIKIOA6P3SAONI5KVIEU 2013-03-16T18:08:41Z 2013-03-16T18:25:44Z 595
Mar 16, 2013 6:25:47 PM net.blogracy.controller.DistributedHashTable$DownloadListener onMessage
INFO: download-ans IIFTPYF2OOSC7OUXFHS6JFLCSWAADAGJ 64HXMSLUGYFFR22DQVJDBVXNV2TPQWR7 2013-03-16T18:22:26Z 2013-03-16T18:25:47Z 3811  201000 1631
Mar 16, 2013 6:25:55 PM net.blogracy.controller.DistributedHashTable$DownloadListener onMessage
INFO: download-ans H3WGV7IKX35FZNSFJYEZV4VCFQBSAKEL CKA3HRZIO2STBEOHJQC5YVMTIHWBDX72 2013-03-16T18:22:44Z 2013-03-16T18:25:55Z 37704  191000 1361
Mar 16, 2013 6:26:09 PM net.blogracy.controller.DistributedHashTable$LookupListener <init>
INFO: lookup-req REHV2GKZR6BI6E66667LFTNPF42XF5QG
Mar 16, 2013 6:26:14 PM net.blogracy.controller.DistributedHashTable$LookupListener onMessage
INFO: lookup-ans REHV2GKZR6BI6E66667LFTNPF42XF5QG 5JIC7WA7SURC77MISKH4O5QE75JQCG2E 2013-03-16T18:21:58Z 2013-03-16T18:26:14Z 5334
Mar 16, 2013 6:26:14 PM net.blogracy.controller.DistributedHashTable$DownloadListener <init>
INFO: download-req REHV2GKZR6BI6E66667LFTNPF42XF5QG 5JIC7WA7SURC77MISKH4O5QE75JQCG2E 2013-03-16T18:21:58Z
Mar 16, 2013 6:26:34 PM net.blogracy.controller.DistributedHashTable$LookupListener <init>
INFO: lookup-req GRRVNWRRA5YPOTR2NJTQK3RXPMJXGKYD
Mar 16, 2013 6:26:35 PM net.blogracy.controller.DistributedHashTable$LookupListener onMessage
INFO: lookup-ans GRRVNWRRA5YPOTR2NJTQK3RXPMJXGKYD UWXNS4MJQ2ESD5OR5YJGS6CP7UEXSFJA 2013-03-16T18:25:15Z 2013-03-16T18:26:35Z 387
Mar 16, 2013 6:26:35 PM net.blogracy.controller.DistributedHashTable$DownloadListener <init>
INFO: download-req GRRVNWRRA5YPOTR2NJTQK3RXPMJXGKYD UWXNS4MJQ2ESD5OR5YJGS6CP7UEXSFJA 2013-03-16T18:25:15Z
Mar 16, 2013 6:27:00 PM net.blogracy.controller.DistributedHashTable$LookupListener <init>
INFO: lookup-req NUHK7LXC3JZZQ6EB2RKPAXMUYX7DF7UI
Mar 16, 2013 6:27:00 PM net.blogracy.controller.DistributedHashTable$LookupListener onMessage
INFO: lookup-ans NUHK7LXC3JZZQ6EB2RKPAXMUYX7DF7UI WDN6LOAJUXOEDFWKWQOIEY3U6EPXFH4Y 2013-03-16T18:24:10Z 2013-03-16T18:27:00Z 243
Mar 16, 2013 6:27:00 PM net.blogracy.controller.DistributedHashTable$DownloadListener <init>
INFO: download-req NUHK7LXC3JZZQ6EB2RKPAXMUYX7DF7UI WDN6LOAJUXOEDFWKWQOIEY3U6EPXFH4Y 2013-03-16T18:24:10Z
Mar 16, 2013 6:27:26 PM net.blogracy.controller.DistributedHashTable$LookupListener <init>
INFO: lookup-req NZYND2IBFUU2CASIWQ2GFYLCZFN7LPE4
Mar 16, 2013 6:27:28 PM net.blogracy.controller.DistributedHashTable$DownloadListener onMessage
INFO: download-ans REHV2GKZR6BI6E66667LFTNPF42XF5QG 5JIC7WA7SURC77MISKH4O5QE75JQCG2E 2013-03-16T18:21:58Z 2013-03-16T18:27:28Z 74277  330000 1361
Mar 16, 2013 6:27:30 PM net.blogracy.controller.DistributedHashTable$DownloadListener onMessage
INFO: download-ans GRRVNWRRA5YPOTR2NJTQK3RXPMJXGKYD UWXNS4MJQ2ESD5OR5YJGS6CP7UEXSFJA 2013-03-16T18:25:15Z 2013-03-16T18:27:30Z 55544  135000 1361
Mar 16, 2013 6:27:35 PM net.blogracy.controller.DistributedHashTable$DownloadListener onMessage
INFO: download-ans NUHK7LXC3JZZQ6EB2RKPAXMUYX7DF7UI WDN6LOAJUXOEDFWKWQOIEY3U6EPXFH4Y 2013-03-16T18:24:10Z 2013-03-16T18:27:35Z 34498  205000 1631
Mar 16, 2013 6:27:51 PM net.blogracy.controller.DistributedHashTable$LookupListener <init>
INFO: lookup-req 7ZTKP6766VUCR2ORJIRNLCHE3JZU7VVH
Mar 16, 2013 6:27:52 PM net.blogracy.controller.DistributedHashTable$LookupListener onMessage
INFO: lookup-ans 7ZTKP6766VUCR2ORJIRNLCHE3JZU7VVH JNWPNIEU7GWR7JSAVACGNGTGF2BL2FZ5 2013-03-16T18:23:16Z 2013-03-16T18:27:52Z 316
Mar 16, 2013 6:27:52 PM net.blogracy.controller.DistributedHashTable$DownloadListener <init>
INFO: download-req 7ZTKP6766VUCR2ORJIRNLCHE3JZU7VVH JNWPNIEU7GWR7JSAVACGNGTGF2BL2FZ5 2013-03-16T18:23:16Z
Mar 16, 2013 6:28:17 PM net.blogracy.controller.DistributedHashTable$LookupListener <init>
INFO: lookup-req OL65LQYSH3BAO6TGPHZIFC72WVGFD6PR
Mar 16, 2013 6:28:17 PM net.blogracy.controller.DistributedHashTable$LookupListener onMessage
INFO: lookup-ans OL65LQYSH3BAO6TGPHZIFC72WVGFD6PR 3IJHPEOHO3RFDV7JQBEBDZNXJGNP7YML 2013-03-16T18:24:53Z 2013-03-16T18:28:17Z 313
Mar 16, 2013 6:28:17 PM net.blogracy.controller.DistributedHashTable$DownloadListener <init>
INFO: download-req OL65LQYSH3BAO6TGPHZIFC72WVGFD6PR 3IJHPEOHO3RFDV7JQBEBDZNXJGNP7YML 2013-03-16T18:24:53Z
Mar 16, 2013 6:28:20 PM net.blogracy.controller.DistributedHashTable$DownloadListener onMessage
INFO: download-ans 7ZTKP6766VUCR2ORJIRNLCHE3JZU7VVH JNWPNIEU7GWR7JSAVACGNGTGF2BL2FZ5 2013-03-16T18:23:16Z 2013-03-16T18:28:20Z 28295  304000 1631
Mar 16, 2013 6:28:22 PM net.blogracy.controller.DistributedHashTable$DownloadListener onMessage
INFO: download-ans OL65LQYSH3BAO6TGPHZIFC72WVGFD6PR 3IJHPEOHO3RFDV7JQBEBDZNXJGNP7YML 2013-03-16T18:24:53Z 2013-03-16T18:28:22Z 4805  209000 1631
Mar 16, 2013 6:28:49 PM net.blogracy.controller.DistributedHashTable$LookupListener <init>
INFO: lookup-req 734RO6HILBSFN7TZMLELFXELO3NKEQPG
Mar 16, 2013 6:28:49 PM net.blogracy.controller.DistributedHashTable$LookupListener onMessage
INFO: lookup-ans 734RO6HILBSFN7TZMLELFXELO3NKEQPG MFWTDQXZBTFLUDHEKGVLUU5GFLLYI2TX 2013-03-16T18:24:58Z 2013-03-16T18:28:49Z 147
Mar 16, 2013 6:28:49 PM net.blogracy.controller.DistributedHashTable$DownloadListener <init>
INFO: download-req 734RO6HILBSFN7TZMLELFXELO3NKEQPG MFWTDQXZBTFLUDHEKGVLUU5GFLLYI2TX 2013-03-16T18:24:58Z
Mar 16, 2013 6:28:59 PM net.blogracy.controller.DistributedHashTable$DownloadListener onMessage
INFO: download-ans 734RO6HILBSFN7TZMLELFXELO3NKEQPG MFWTDQXZBTFLUDHEKGVLUU5GFLLYI2TX 2013-03-16T18:24:58Z 2013-03-16T18:28:59Z 10599  241000 1631
Mar 16, 2013 6:29:20 PM net.blogracy.controller.DistributedHashTable$LookupListener <init>
INFO: lookup-req O2LNUOSQV6AMEJPEGJG7OVPK2XZQV3ZE
Mar 16, 2013 6:29:21 PM net.blogracy.controller.DistributedHashTable$LookupListener onMessage
INFO: lookup-ans O2LNUOSQV6AMEJPEGJG7OVPK2XZQV3ZE Y5IMI4QNI4QCWKIUGY2RUDJTTZKQOMHT 2013-03-16T18:22:57Z 2013-03-16T18:29:21Z 492
Mar 16, 2013 6:29:21 PM net.blogracy.controller.DistributedHashTable$LookupListener onMessage
INFO: lookup-ans O2LNUOSQV6AMEJPEGJG7OVPK2XZQV3ZE LS6ZM3SXJ3ELKHJLBDRM53GKPSQXKUCZ 2013-03-16T18:02:13Z 2013-03-16T18:29:21Z 900
Mar 16, 2013 6:29:52 PM net.blogracy.controller.DistributedHashTable$LookupListener <init>
INFO: lookup-req QF57FG6NEFT7PHOEIFHV734DS7DAMSD2
Mar 16, 2013 6:29:52 PM net.blogracy.controller.DistributedHashTable$LookupListener onMessage
INFO: lookup-ans QF57FG6NEFT7PHOEIFHV734DS7DAMSD2 LIAORM2H74YTDRWL42XZ7WTG4MFOZAKW 2013-03-16T18:20:27Z 2013-03-16T18:29:52Z 243
Mar 16, 2013 6:29:52 PM net.blogracy.controller.DistributedHashTable$LookupListener onMessage
INFO: lookup-ans QF57FG6NEFT7PHOEIFHV734DS7DAMSD2 TTTEQRJNVIXKVCSKSTIGT7GVJMGWGG5C 2013-03-16T18:26:13Z 2013-03-16T18:29:52Z 282
Mar 16, 2013 6:29:52 PM net.blogracy.controller.DistributedHashTable$DownloadListener <init>
INFO: download-req QF57FG6NEFT7PHOEIFHV734DS7DAMSD2 TTTEQRJNVIXKVCSKSTIGT7GVJMGWGG5C 2013-03-16T18:26:13Z
Mar 16, 2013 6:29:56 PM net.blogracy.controller.DistributedHashTable$DownloadListener onMessage
INFO: download-ans QF57FG6NEFT7PHOEIFHV734DS7DAMSD2 TTTEQRJNVIXKVCSKSTIGT7GVJMGWGG5C 2013-03-16T18:26:13Z 2013-03-16T18:29:56Z 3531  223000 1631
Mar 16, 2013 6:30:24 PM net.blogracy.controller.DistributedHashTable$LookupListener <init>
INFO: lookup-req H3WGV7IKX35FZNSFJYEZV4VCFQBSAKEL
Mar 16, 2013 6:30:24 PM net.blogracy.controller.DistributedHashTable$LookupListener onMessage
INFO: lookup-ans H3WGV7IKX35FZNSFJYEZV4VCFQBSAKEL A4XV4RJMMAVFWUR6CYP6GFFGLOLVZV7H 2013-03-16T18:28:03Z 2013-03-16T18:30:24Z 173
Mar 16, 2013 6:30:24 PM net.blogracy.controller.DistributedHashTable$DownloadListener <init>
INFO: download-req H3WGV7IKX35FZNSFJYEZV4VCFQBSAKEL A4XV4RJMMAVFWUR6CYP6GFFGLOLVZV7H 2013-03-16T18:28:03Z
Mar 16, 2013 6:30:24 PM net.blogracy.controller.DistributedHashTable$LookupListener onMessage
INFO: lookup-ans H3WGV7IKX35FZNSFJYEZV4VCFQBSAKEL CKA3HRZIO2STBEOHJQC5YVMTIHWBDX72 2013-03-16T18:22:44Z 2013-03-16T18:30:24Z 283
Mar 16, 2013 6:30:55 PM net.blogracy.controller.DistributedHashTable$LookupListener <init>
INFO: lookup-req IIFTPYF2OOSC7OUXFHS6JFLCSWAADAGJ
Mar 16, 2013 6:30:56 PM net.blogracy.controller.DistributedHashTable$LookupListener onMessage
INFO: lookup-ans IIFTPYF2OOSC7OUXFHS6JFLCSWAADAGJ YFELIYZHWWL37KC2FBMZ5SEHF3WI5YHZ 2013-03-16T18:28:11Z 2013-03-16T18:30:56Z 269
Mar 16, 2013 6:30:56 PM net.blogracy.controller.DistributedHashTable$DownloadListener <init>
INFO: download-req IIFTPYF2OOSC7OUXFHS6JFLCSWAADAGJ YFELIYZHWWL37KC2FBMZ5SEHF3WI5YHZ 2013-03-16T18:28:11Z
Mar 16, 2013 6:30:58 PM net.blogracy.controller.DistributedHashTable$DownloadListener onMessage
INFO: download-ans IIFTPYF2OOSC7OUXFHS6JFLCSWAADAGJ YFELIYZHWWL37KC2FBMZ5SEHF3WI5YHZ 2013-03-16T18:28:11Z 2013-03-16T18:30:58Z 2718  167000 1901
Mar 16, 2013 6:31:25 PM net.blogracy.controller.DistributedHashTable$DownloadListener onMessage
INFO: download-ans H3WGV7IKX35FZNSFJYEZV4VCFQBSAKEL A4XV4RJMMAVFWUR6CYP6GFFGLOLVZV7H 2013-03-16T18:28:03Z 2013-03-16T18:31:25Z 61368  202000 1631
Mar 16, 2013 6:31:27 PM net.blogracy.controller.DistributedHashTable$LookupListener <init>
INFO: lookup-req REHV2GKZR6BI6E66667LFTNPF42XF5QG
Mar 16, 2013 6:31:27 PM net.blogracy.controller.DistributedHashTable$LookupListener onMessage
INFO: lookup-ans REHV2GKZR6BI6E66667LFTNPF42XF5QG K6DJDUOQKUCLVAX62GUUGGDC6IEKJTDV 2013-03-16T18:27:28Z 2013-03-16T18:31:27Z 586
Mar 16, 2013 6:31:27 PM net.blogracy.controller.DistributedHashTable$DownloadListener <init>
INFO: download-req REHV2GKZR6BI6E66667LFTNPF42XF5QG K6DJDUOQKUCLVAX62GUUGGDC6IEKJTDV 2013-03-16T18:27:28Z
Mar 16, 2013 6:31:32 PM net.blogracy.controller.DistributedHashTable$DownloadListener onMessage
INFO: download-ans REHV2GKZR6BI6E66667LFTNPF42XF5QG K6DJDUOQKUCLVAX62GUUGGDC6IEKJTDV 2013-03-16T18:27:28Z 2013-03-16T18:31:32Z 4196  244000 1631
Mar 16, 2013 6:31:59 PM net.blogracy.controller.DistributedHashTable$LookupListener <init>
INFO: lookup-req GRRVNWRRA5YPOTR2NJTQK3RXPMJXGKYD
Mar 16, 2013 6:31:59 PM net.blogracy.controller.DistributedHashTable$LookupListener onMessage
INFO: lookup-ans GRRVNWRRA5YPOTR2NJTQK3RXPMJXGKYD NSE4XINKRJVWGIDYXLCUKMCEBKYN37GL 2013-03-16T18:29:24Z 2013-03-16T18:31:59Z 391
Mar 16, 2013 6:31:59 PM net.blogracy.controller.DistributedHashTable$DownloadListener <init>
INFO: download-req GRRVNWRRA5YPOTR2NJTQK3RXPMJXGKYD NSE4XINKRJVWGIDYXLCUKMCEBKYN37GL 2013-03-16T18:29:24Z
Mar 16, 2013 6:32:17 PM net.blogracy.controller.DistributedHashTable$DownloadListener onMessage
INFO: download-ans GRRVNWRRA5YPOTR2NJTQK3RXPMJXGKYD NSE4XINKRJVWGIDYXLCUKMCEBKYN37GL 2013-03-16T18:29:24Z 2013-03-16T18:32:17Z 18544  173000 1631
Mar 16, 2013 6:32:30 PM net.blogracy.controller.DistributedHashTable$LookupListener <init>
INFO: lookup-req NUHK7LXC3JZZQ6EB2RKPAXMUYX7DF7UI
Mar 16, 2013 6:32:30 PM net.blogracy.controller.DistributedHashTable$LookupListener onMessage
INFO: lookup-ans NUHK7LXC3JZZQ6EB2RKPAXMUYX7DF7UI VBHBDUQPNFRUVTEEBYWML3Q5X5VOQXMP 2013-03-16T18:28:23Z 2013-03-16T18:32:30Z 217
Mar 16, 2013 6:32:30 PM net.blogracy.controller.DistributedHashTable$DownloadListener <init>
INFO: download-req NUHK7LXC3JZZQ6EB2RKPAXMUYX7DF7UI VBHBDUQPNFRUVTEEBYWML3Q5X5VOQXMP 2013-03-16T18:28:23Z
Mar 16, 2013 6:32:49 PM net.blogracy.controller.DistributedHashTable$DownloadListener onMessage
INFO: download-ans NUHK7LXC3JZZQ6EB2RKPAXMUYX7DF7UI VBHBDUQPNFRUVTEEBYWML3Q5X5VOQXMP 2013-03-16T18:28:23Z 2013-03-16T18:32:49Z 18505  266000 1901
Mar 16, 2013 6:33:02 PM net.blogracy.controller.DistributedHashTable$LookupListener <init>
INFO: lookup-req NZYND2IBFUU2CASIWQ2GFYLCZFN7LPE4
Mar 16, 2013 6:33:34 PM net.blogracy.controller.DistributedHashTable$LookupListener <init>
INFO: lookup-req 7ZTKP6766VUCR2ORJIRNLCHE3JZU7VVH
