Mar 16, 2013 5:59:38 PM net.blogracy.controller.DistributedHashTable$LookupListener <init>
INFO: lookup-req 734RO6HILBSFN7TZMLELFXELO3NKEQPG
Mar 16, 2013 5:59:38 PM net.blogracy.controller.DistributedHashTable$LookupListener onMessage
INFO: lookup-ans 734RO6HILBSFN7TZMLELFXELO3NKEQPG H5W3IGDGYP4J7UFEPAJXWRA7EK45QLF5 2013-03-16T13:09:16Z 2013-03-16T17:59:38Z 583
Mar 16, 2013 5:59:38 PM net.blogracy.controller.DistributedHashTable$DownloadListener <init>
INFO: download-req 734RO6HILBSFN7TZMLELFXELO3NKEQPG H5W3IGDGYP4J7UFEPAJXWRA7EK45QLF5 2013-03-16T13:09:16Z
Mar 16, 2013 6:00:01 PM net.blogracy.controller.DistributedHashTable$LookupListener <init>
INFO: lookup-req O2LNUOSQV6AMEJPEGJG7OVPK2XZQV3ZE
Mar 16, 2013 6:00:13 PM net.blogracy.controller.DistributedHashTable$LookupListener onMessage
INFO: lookup-ans O2LNUOSQV6AMEJPEGJG7OVPK2XZQV3ZE ZQRW3VIBF6SMJC65MYWEURNKZS2A4KLN 2013-03-16T13:09:00Z 2013-03-16T18:00:13Z 11524
Mar 16, 2013 6:00:13 PM net.blogracy.controller.DistributedHashTable$DownloadListener <init>
INFO: download-req O2LNUOSQV6AMEJPEGJG7OVPK2XZQV3ZE ZQRW3VIBF6SMJC65MYWEURNKZS2A4KLN 2013-03-16T13:09:00Z
Mar 16, 2013 6:00:25 PM net.blogracy.controller.DistributedHashTable$LookupListener <init>
INFO: lookup-req QF57FG6NEFT7PHOEIFHV734DS7DAMSD2
Mar 16, 2013 6:00:26 PM net.blogracy.controller.DistributedHashTable$LookupListener onMessage
INFO: lookup-ans QF57FG6NEFT7PHOEIFHV734DS7DAMSD2 WGX4EU4SDFMQJHMGPZUUJPQGXZPNJH5O 2013-03-16T13:07:19Z 2013-03-16T18:00:26Z 236
Mar 16, 2013 6:00:26 PM net.blogracy.controller.DistributedHashTable$DownloadListener <init>
INFO: download-req QF57FG6NEFT7PHOEIFHV734DS7DAMSD2 WGX4EU4SDFMQJHMGPZUUJPQGXZPNJH5O 2013-03-16T13:07:19Z
Mar 16, 2013 6:00:49 PM net.blogracy.controller.DistributedHashTable$LookupListener <init>
INFO: lookup-req H3WGV7IKX35FZNSFJYEZV4VCFQBSAKEL
Mar 16, 2013 6:00:50 PM net.blogracy.controller.DistributedHashTable$LookupListener onMessage
INFO: lookup-ans H3WGV7IKX35FZNSFJYEZV4VCFQBSAKEL UPCMK534ZPTDLLBZVFHDFSGDWMZ3IQKE 2013-03-16T13:08:40Z 2013-03-16T18:00:50Z 1014
Mar 16, 2013 6:00:50 PM net.blogracy.controller.DistributedHashTable$DownloadListener <init>
INFO: download-req H3WGV7IKX35FZNSFJYEZV4VCFQBSAKEL UPCMK534ZPTDLLBZVFHDFSGDWMZ3IQKE 2013-03-16T13:08:40Z
Mar 16, 2013 6:01:13 PM net.blogracy.controller.DistributedHashTable$LookupListener <init>
INFO: lookup-req JZY6QFFDO2J4RQXM6QEFAMCKPOBHYFWR
Mar 16, 2013 6:01:14 PM net.blogracy.controller.DistributedHashTable$LookupListener onMessage
INFO: lookup-ans JZY6QFFDO2J4RQXM6QEFAMCKPOBHYFWR LWA4L2JPSI3POJ5RBI3CWAV3MEJBFRZI 2013-03-16T13:09:05Z 2013-03-16T18:01:14Z 412
Mar 16, 2013 6:01:14 PM net.blogracy.controller.DistributedHashTable$DownloadListener <init>
INFO: download-req JZY6QFFDO2J4RQXM6QEFAMCKPOBHYFWR LWA4L2JPSI3POJ5RBI3CWAV3MEJBFRZI 2013-03-16T13:09:05Z
Mar 16, 2013 6:01:37 PM net.blogracy.controller.DistributedHashTable$LookupListener <init>
INFO: lookup-req IIFTPYF2OOSC7OUXFHS6JFLCSWAADAGJ
Mar 16, 2013 6:01:38 PM net.blogracy.controller.DistributedHashTable$LookupListener onMessage
INFO: lookup-ans IIFTPYF2OOSC7OUXFHS6JFLCSWAADAGJ PWYNKLEIYCS65O5M6BOZKGNAAMJYWESA 2013-03-16T17:59:11Z 2013-03-16T18:01:38Z 424
Mar 16, 2013 6:01:38 PM net.blogracy.controller.DistributedHashTable$DownloadListener <init>
INFO: download-req IIFTPYF2OOSC7OUXFHS6JFLCSWAADAGJ PWYNKLEIYCS65O5M6BOZKGNAAMJYWESA 2013-03-16T17:59:11Z
Mar 16, 2013 6:01:44 PM net.blogracy.controller.DistributedHashTable$DownloadListener onMessage
INFO: download-ans IIFTPYF2OOSC7OUXFHS6JFLCSWAADAGJ PWYNKLEIYCS65O5M6BOZKGNAAMJYWESA 2013-03-16T17:59:11Z 2013-03-16T18:01:44Z 6457  153000 281
Mar 16, 2013 6:02:01 PM net.blogracy.controller.DistributedHashTable$LookupListener <init>
INFO: lookup-req REHV2GKZR6BI6E66667LFTNPF42XF5QG
Mar 16, 2013 6:02:02 PM net.blogracy.controller.DistributedHashTable$LookupListener onMessage
INFO: lookup-ans REHV2GKZR6BI6E66667LFTNPF42XF5QG EJF6BA3UWLJTI2NFGYFJ4HVMZQDCBDQB 2013-03-16T13:07:27Z 2013-03-16T18:02:02Z 940
Mar 16, 2013 6:02:02 PM net.blogracy.controller.DistributedHashTable$DownloadListener <init>
INFO: download-req REHV2GKZR6BI6E66667LFTNPF42XF5QG EJF6BA3UWLJTI2NFGYFJ4HVMZQDCBDQB 2013-03-16T13:07:27Z
Mar 16, 2013 6:02:25 PM net.blogracy.controller.DistributedHashTable$LookupListener <init>
INFO: lookup-req GRRVNWRRA5YPOTR2NJTQK3RXPMJXGKYD
Mar 16, 2013 6:02:26 PM net.blogracy.controller.DistributedHashTable$LookupListener onMessage
INFO: lookup-ans GRRVNWRRA5YPOTR2NJTQK3RXPMJXGKYD NLYVHRLAH3RDL5ZKBUTHVLSB4ZDZSM7Z 2013-03-16T13:11:06Z 2013-03-16T18:02:26Z 407
Mar 16, 2013 6:02:26 PM net.blogracy.controller.DistributedHashTable$DownloadListener <init>
INFO: download-req GRRVNWRRA5YPOTR2NJTQK3RXPMJXGKYD NLYVHRLAH3RDL5ZKBUTHVLSB4ZDZSM7Z 2013-03-16T13:11:06Z
Mar 16, 2013 6:02:49 PM net.blogracy.controller.DistributedHashTable$LookupListener <init>
INFO: lookup-req NUHK7LXC3JZZQ6EB2RKPAXMUYX7DF7UI
Mar 16, 2013 6:02:50 PM net.blogracy.controller.DistributedHashTable$LookupListener onMessage
INFO: lookup-ans NUHK7LXC3JZZQ6EB2RKPAXMUYX7DF7UI P5VA5SAZ3HSWQYXMTWE7NLARIJ3EQK37 2013-03-16T18:01:20Z 2013-03-16T18:02:50Z 332
Mar 16, 2013 6:02:50 PM net.blogracy.controller.DistributedHashTable$DownloadListener <init>
INFO: download-req NUHK7LXC3JZZQ6EB2RKPAXMUYX7DF7UI P5VA5SAZ3HSWQYXMTWE7NLARIJ3EQK37 2013-03-16T18:01:20Z
Mar 16, 2013 6:03:13 PM net.blogracy.controller.DistributedHashTable$LookupListener <init>
INFO: lookup-req NZYND2IBFUU2CASIWQ2GFYLCZFN7LPE4
Mar 16, 2013 6:03:37 PM net.blogracy.controller.DistributedHashTable$LookupListener <init>
INFO: lookup-req 7ZTKP6766VUCR2ORJIRNLCHE3JZU7VVH
Mar 16, 2013 6:03:38 PM net.blogracy.controller.DistributedHashTable$LookupListener onMessage
INFO: lookup-ans 7ZTKP6766VUCR2ORJIRNLCHE3JZU7VVH 5EQSEDWJMSCQ4KMIL3GMZS2PCS6GPKXX 2013-03-16T17:59:27Z 2013-03-16T18:03:38Z 320
Mar 16, 2013 6:03:38 PM net.blogracy.controller.DistributedHashTable$DownloadListener <init>
INFO: download-req 7ZTKP6766VUCR2ORJIRNLCHE3JZU7VVH 5EQSEDWJMSCQ4KMIL3GMZS2PCS6GPKXX 2013-03-16T17:59:27Z
Mar 16, 2013 6:03:43 PM net.blogracy.controller.DistributedHashTable$DownloadListener onMessage
INFO: download-ans 7ZTKP6766VUCR2ORJIRNLCHE3JZU7VVH 5EQSEDWJMSCQ4KMIL3GMZS2PCS6GPKXX 2013-03-16T17:59:27Z 2013-03-16T18:03:43Z 5404  256000 281
Mar 16, 2013 6:03:44 PM net.blogracy.controller.DistributedHashTable$DownloadListener onMessage
INFO: download-ans NUHK7LXC3JZZQ6EB2RKPAXMUYX7DF7UI P5VA5SAZ3HSWQYXMTWE7NLARIJ3EQK37 2013-03-16T18:01:20Z 2013-03-16T18:03:44Z 54031  144000 281
Mar 16, 2013 6:04:01 PM net.blogracy.controller.DistributedHashTable$LookupListener <init>
INFO: lookup-req 734RO6HILBSFN7TZMLELFXELO3NKEQPG
Mar 16, 2013 6:04:02 PM net.blogracy.controller.DistributedHashTable$LookupListener onMessage
INFO: lookup-ans 734RO6HILBSFN7TZMLELFXELO3NKEQPG H5W3IGDGYP4J7UFEPAJXWRA7EK45QLF5 2013-03-16T13:09:16Z 2013-03-16T18:04:02Z 292
Mar 16, 2013 6:04:02 PM net.blogracy.controller.DistributedHashTable$DownloadListener <init>
INFO: download-req 734RO6HILBSFN7TZMLELFXELO3NKEQPG H5W3IGDGYP4J7UFEPAJXWRA7EK45QLF5 2013-03-16T13:09:16Z
Mar 16, 2013 6:04:02 PM net.blogracy.controller.DistributedHashTable$LookupListener onMessage
INFO: lookup-ans 734RO6HILBSFN7TZMLELFXELO3NKEQPG 3CY6YVUAHLZ2WUCZTAD4MZJ3IJ5JRAC7 2013-03-16T18:00:41Z 2013-03-16T18:04:02Z 340
Mar 16, 2013 6:04:02 PM net.blogracy.controller.DistributedHashTable$DownloadListener <init>
INFO: download-req 734RO6HILBSFN7TZMLELFXELO3NKEQPG 3CY6YVUAHLZ2WUCZTAD4MZJ3IJ5JRAC7 2013-03-16T18:00:41Z
Mar 16, 2013 6:04:27 PM net.blogracy.controller.DistributedHashTable$LookupListener <init>
INFO: lookup-req O2LNUOSQV6AMEJPEGJG7OVPK2XZQV3ZE
Mar 16, 2013 6:04:28 PM net.blogracy.controller.DistributedHashTable$LookupListener onMessage
INFO: lookup-ans O2LNUOSQV6AMEJPEGJG7OVPK2XZQV3ZE LS6ZM3SXJ3ELKHJLBDRM53GKPSQXKUCZ 2013-03-16T18:02:13Z 2013-03-16T18:04:28Z 421
Mar 16, 2013 6:04:28 PM net.blogracy.controller.DistributedHashTable$DownloadListener <init>
INFO: download-req O2LNUOSQV6AMEJPEGJG7OVPK2XZQV3ZE LS6ZM3SXJ3ELKHJLBDRM53GKPSQXKUCZ 2013-03-16T18:02:13Z
Mar 16, 2013 6:04:51 PM net.blogracy.controller.DistributedHashTable$DownloadListener onMessage
INFO: download-ans 734RO6HILBSFN7TZMLELFXELO3NKEQPG 3CY6YVUAHLZ2WUCZTAD4MZJ3IJ5JRAC7 2013-03-16T18:00:41Z 2013-03-16T18:04:51Z 49302  250000 281
Mar 16, 2013 6:04:53 PM net.blogracy.controller.DistributedHashTable$LookupListener <init>
INFO: lookup-req QF57FG6NEFT7PHOEIFHV734DS7DAMSD2
Mar 16, 2013 6:04:55 PM net.blogracy.controller.DistributedHashTable$LookupListener onMessage
INFO: lookup-ans QF57FG6NEFT7PHOEIFHV734DS7DAMSD2 DE77UM3LKAZHKUYYG6RY5KE4VOGRR5RD 2013-03-16T18:00:50Z 2013-03-16T18:04:55Z 1573
Mar 16, 2013 6:04:55 PM net.blogracy.controller.DistributedHashTable$DownloadListener <init>
INFO: download-req QF57FG6NEFT7PHOEIFHV734DS7DAMSD2 DE77UM3LKAZHKUYYG6RY5KE4VOGRR5RD 2013-03-16T18:00:50Z
Mar 16, 2013 6:04:55 PM net.blogracy.controller.DistributedHashTable$LookupListener onMessage
INFO: lookup-ans QF57FG6NEFT7PHOEIFHV734DS7DAMSD2 WGX4EU4SDFMQJHMGPZUUJPQGXZPNJH5O 2013-03-16T13:07:19Z 2013-03-16T18:04:55Z 2046
Mar 16, 2013 6:04:55 PM net.blogracy.controller.DistributedHashTable$DownloadListener <init>
INFO: download-req QF57FG6NEFT7PHOEIFHV734DS7DAMSD2 WGX4EU4SDFMQJHMGPZUUJPQGXZPNJH5O 2013-03-16T13:07:19Z
Mar 16, 2013 6:05:19 PM net.blogracy.controller.DistributedHashTable$LookupListener <init>
INFO: lookup-req H3WGV7IKX35FZNSFJYEZV4VCFQBSAKEL
Mar 16, 2013 6:05:19 PM net.blogracy.controller.DistributedHashTable$LookupListener onMessage
INFO: lookup-ans H3WGV7IKX35FZNSFJYEZV4VCFQBSAKEL Z4FN4OO6WJKRGHFGSCWRPKP5Q553M2C3 2013-03-16T18:03:20Z 2013-03-16T18:05:19Z 271
Mar 16, 2013 6:05:19 PM net.blogracy.controller.DistributedHashTable$DownloadListener <init>
INFO: download-req H3WGV7IKX35FZNSFJYEZV4VCFQBSAKEL Z4FN4OO6WJKRGHFGSCWRPKP5Q553M2C3 2013-03-16T18:03:20Z
Mar 16, 2013 6:05:26 PM net.blogracy.controller.DistributedHashTable$DownloadListener onMessage
INFO: download-ans H3WGV7IKX35FZNSFJYEZV4VCFQBSAKEL Z4FN4OO6WJKRGHFGSCWRPKP5Q553M2C3 2013-03-16T18:03:20Z 2013-03-16T18:05:26Z 6769  126000 281
Mar 16, 2013 6:05:45 PM net.blogracy.controller.DistributedHashTable$LookupListener <init>
INFO: lookup-req JZY6QFFDO2J4RQXM6QEFAMCKPOBHYFWR
Mar 16, 2013 6:05:45 PM net.blogracy.controller.DistributedHashTable$LookupListener onMessage
INFO: lookup-ans JZY6QFFDO2J4RQXM6QEFAMCKPOBHYFWR Y4WKERKNNF3Y64CIY63RLLXQCO2ST7CP 2013-03-16T18:00:58Z 2013-03-16T18:05:45Z 414
Mar 16, 2013 6:05:45 PM net.blogracy.controller.DistributedHashTable$DownloadListener <init>
INFO: download-req JZY6QFFDO2J4RQXM6QEFAMCKPOBHYFWR Y4WKERKNNF3Y64CIY63RLLXQCO2ST7CP 2013-03-16T18:00:58Z
Mar 16, 2013 6:05:50 PM net.blogracy.controller.DistributedHashTable$DownloadListener onMessage
INFO: download-ans QF57FG6NEFT7PHOEIFHV734DS7DAMSD2 DE77UM3LKAZHKUYYG6RY5KE4VOGRR5RD 2013-03-16T18:00:50Z 2013-03-16T18:05:50Z 55375  300000 281
Mar 16, 2013 6:06:10 PM net.blogracy.controller.DistributedHashTable$LookupListener <init>
INFO: lookup-req IIFTPYF2OOSC7OUXFHS6JFLCSWAADAGJ
Mar 16, 2013 6:06:11 PM net.blogracy.controller.DistributedHashTable$LookupListener onMessage
INFO: lookup-ans IIFTPYF2OOSC7OUXFHS6JFLCSWAADAGJ PWYNKLEIYCS65O5M6BOZKGNAAMJYWESA 2013-03-16T17:59:11Z 2013-03-16T18:06:11Z 1135
Mar 16, 2013 6:06:12 PM net.blogracy.controller.DistributedHashTable$LookupListener onMessage
INFO: lookup-ans IIFTPYF2OOSC7OUXFHS6JFLCSWAADAGJ TRPH22QLOQA5CACJICWAD6YFZWOXPZOZ 2013-03-16T18:04:27Z 2013-03-16T18:06:12Z 1351
Mar 16, 2013 6:06:12 PM net.blogracy.controller.DistributedHashTable$DownloadListener <init>
INFO: download-req IIFTPYF2OOSC7OUXFHS6JFLCSWAADAGJ TRPH22QLOQA5CACJICWAD6YFZWOXPZOZ 2013-03-16T18:04:27Z
Mar 16, 2013 6:06:14 PM net.blogracy.controller.DistributedHashTable$DownloadListener onMessage
INFO: download-ans IIFTPYF2OOSC7OUXFHS6JFLCSWAADAGJ TRPH22QLOQA5CACJICWAD6YFZWOXPZOZ 2013-03-16T18:04:27Z 2013-03-16T18:06:14Z 2740  107000 551
Mar 16, 2013 6:06:36 PM net.blogracy.controller.DistributedHashTable$LookupListener <init>
INFO: lookup-req REHV2GKZR6BI6E66667LFTNPF42XF5QG
Mar 16, 2013 6:06:37 PM net.blogracy.controller.DistributedHashTable$LookupListener onMessage
INFO: lookup-ans REHV2GKZR6BI6E66667LFTNPF42XF5QG PKSWSUPCRYEXKTEXVT4WDN35RMVBKDIM 2013-03-16T18:01:48Z 2013-03-16T18:06:37Z 1087
Mar 16, 2013 6:06:37 PM net.blogracy.controller.DistributedHashTable$DownloadListener <init>
INFO: download-req REHV2GKZR6BI6E66667LFTNPF42XF5QG PKSWSUPCRYEXKTEXVT4WDN35RMVBKDIM 2013-03-16T18:01:48Z
Mar 16, 2013 6:07:02 PM net.blogracy.controller.DistributedHashTable$LookupListener <init>
INFO: lookup-req GRRVNWRRA5YPOTR2NJTQK3RXPMJXGKYD
Mar 16, 2013 6:07:02 PM net.blogracy.controller.DistributedHashTable$LookupListener onMessage
INFO: lookup-ans GRRVNWRRA5YPOTR2NJTQK3RXPMJXGKYD NLYVHRLAH3RDL5ZKBUTHVLSB4ZDZSM7Z 2013-03-16T13:11:06Z 2013-03-16T18:07:02Z 255
Mar 16, 2013 6:07:02 PM net.blogracy.controller.DistributedHashTable$DownloadListener <init>
INFO: download-req GRRVNWRRA5YPOTR2NJTQK3RXPMJXGKYD NLYVHRLAH3RDL5ZKBUTHVLSB4ZDZSM7Z 2013-03-16T13:11:06Z
Mar 16, 2013 6:07:02 PM net.blogracy.controller.DistributedHashTable$LookupListener onMessage
INFO: lookup-ans GRRVNWRRA5YPOTR2NJTQK3RXPMJXGKYD 4LW743KIE7EACNAUXDZQ37GY7JBFHCER 2013-03-16T18:04:08Z 2013-03-16T18:07:02Z 310
Mar 16, 2013 6:07:02 PM net.blogracy.controller.DistributedHashTable$DownloadListener <init>
INFO: download-req GRRVNWRRA5YPOTR2NJTQK3RXPMJXGKYD 4LW743KIE7EACNAUXDZQ37GY7JBFHCER 2013-03-16T18:04:08Z
Mar 16, 2013 6:07:03 PM net.blogracy.controller.DistributedHashTable$DownloadListener onMessage
INFO: download-ans REHV2GKZR6BI6E66667LFTNPF42XF5QG PKSWSUPCRYEXKTEXVT4WDN35RMVBKDIM 2013-03-16T18:01:48Z 2013-03-16T18:07:03Z 25798  315000 281
Mar 16, 2013 6:07:06 PM net.blogracy.controller.DistributedHashTable$DownloadListener onMessage
INFO: download-ans JZY6QFFDO2J4RQXM6QEFAMCKPOBHYFWR Y4WKERKNNF3Y64CIY63RLLXQCO2ST7CP 2013-03-16T18:00:58Z 2013-03-16T18:07:06Z 80983  368000 281
Mar 16, 2013 6:07:12 PM net.blogracy.controller.DistributedHashTable$DownloadListener onMessage
INFO: download-ans GRRVNWRRA5YPOTR2NJTQK3RXPMJXGKYD 4LW743KIE7EACNAUXDZQ37GY7JBFHCER 2013-03-16T18:04:08Z 2013-03-16T18:07:12Z 9347  184000 281
Mar 16, 2013 6:07:28 PM net.blogracy.controller.DistributedHashTable$LookupListener <init>
INFO: lookup-req NUHK7LXC3JZZQ6EB2RKPAXMUYX7DF7UI
Mar 16, 2013 6:07:28 PM net.blogracy.controller.DistributedHashTable$LookupListener onMessage
INFO: lookup-ans NUHK7LXC3JZZQ6EB2RKPAXMUYX7DF7UI SFR77NEL4ITLLL2AIVGGW5MDIBDZNA3B 2013-03-16T18:05:52Z 2013-03-16T18:07:28Z 477
Mar 16, 2013 6:07:28 PM net.blogracy.controller.DistributedHashTable$DownloadListener <init>
INFO: download-req NUHK7LXC3JZZQ6EB2RKPAXMUYX7DF7UI SFR77NEL4ITLLL2AIVGGW5MDIBDZNA3B 2013-03-16T18:05:52Z
Mar 16, 2013 6:07:54 PM net.blogracy.controller.DistributedHashTable$LookupListener <init>
INFO: lookup-req NZYND2IBFUU2CASIWQ2GFYLCZFN7LPE4
Mar 16, 2013 6:07:59 PM net.blogracy.controller.DistributedHashTable$DownloadListener onMessage
INFO: download-ans NUHK7LXC3JZZQ6EB2RKPAXMUYX7DF7UI SFR77NEL4ITLLL2AIVGGW5MDIBDZNA3B 2013-03-16T18:05:52Z 2013-03-16T18:07:59Z 30878  127000 551
Mar 16, 2013 6:08:19 PM net.blogracy.controller.DistributedHashTable$LookupListener <init>
INFO: lookup-req 7ZTKP6766VUCR2ORJIRNLCHE3JZU7VVH
Mar 16, 2013 6:08:20 PM net.blogracy.controller.DistributedHashTable$LookupListener onMessage
INFO: lookup-ans 7ZTKP6766VUCR2ORJIRNLCHE3JZU7VVH UACQK6GQXR5XZVU3IMHWVR7MTEWSTDHT 2013-03-16T18:04:20Z 2013-03-16T18:08:20Z 264
Mar 16, 2013 6:08:20 PM net.blogracy.controller.DistributedHashTable$DownloadListener <init>
INFO: download-req 7ZTKP6766VUCR2ORJIRNLCHE3JZU7VVH UACQK6GQXR5XZVU3IMHWVR7MTEWSTDHT 2013-03-16T18:04:20Z
Mar 16, 2013 6:08:22 PM net.blogracy.controller.DistributedHashTable$DownloadListener onMessage
INFO: download-ans 7ZTKP6766VUCR2ORJIRNLCHE3JZU7VVH UACQK6GQXR5XZVU3IMHWVR7MTEWSTDHT 2013-03-16T18:04:20Z 2013-03-16T18:08:22Z 2579  242000 551
Mar 16, 2013 6:08:45 PM net.blogracy.controller.DistributedHashTable$LookupListener <init>
INFO: lookup-req 734RO6HILBSFN7TZMLELFXELO3NKEQPG
Mar 16, 2013 6:08:46 PM net.blogracy.controller.DistributedHashTable$LookupListener onMessage
INFO: lookup-ans 734RO6HILBSFN7TZMLELFXELO3NKEQPG 4JPEZTL4YTTYP4ELO35SZXCOSZA2FWF7 2013-03-16T18:05:15Z 2013-03-16T18:08:46Z 282
Mar 16, 2013 6:08:46 PM net.blogracy.controller.DistributedHashTable$DownloadListener <init>
INFO: download-req 734RO6HILBSFN7TZMLELFXELO3NKEQPG 4JPEZTL4YTTYP4ELO35SZXCOSZA2FWF7 2013-03-16T18:05:15Z
Mar 16, 2013 6:08:58 PM net.blogracy.controller.DistributedHashTable$DownloadListener onMessage
INFO: download-ans 734RO6HILBSFN7TZMLELFXELO3NKEQPG 4JPEZTL4YTTYP4ELO35SZXCOSZA2FWF7 2013-03-16T18:05:15Z 2013-03-16T18:08:58Z 12595  223000 551
Mar 16, 2013 6:09:16 PM net.blogracy.controller.DistributedHashTable$LookupListener <init>
INFO: lookup-req O2LNUOSQV6AMEJPEGJG7OVPK2XZQV3ZE
Mar 16, 2013 6:09:17 PM net.blogracy.controller.DistributedHashTable$LookupListener onMessage
INFO: lookup-ans O2LNUOSQV6AMEJPEGJG7OVPK2XZQV3ZE MMYEB4X5475J7DYMUD2N4UPKMJQGWB5G 2013-03-16T18:06:29Z 2013-03-16T18:09:17Z 723
Mar 16, 2013 6:09:17 PM net.blogracy.controller.DistributedHashTable$DownloadListener <init>
INFO: download-req O2LNUOSQV6AMEJPEGJG7OVPK2XZQV3ZE MMYEB4X5475J7DYMUD2N4UPKMJQGWB5G 2013-03-16T18:06:29Z
Mar 16, 2013 6:09:19 PM net.blogracy.controller.DistributedHashTable$DownloadListener onMessage
INFO: download-ans O2LNUOSQV6AMEJPEGJG7OVPK2XZQV3ZE MMYEB4X5475J7DYMUD2N4UPKMJQGWB5G 2013-03-16T18:06:29Z 2013-03-16T18:09:19Z 2745  170000 551
Mar 16, 2013 6:09:46 PM net.blogracy.controller.DistributedHashTable$LookupListener <init>
INFO: lookup-req QF57FG6NEFT7PHOEIFHV734DS7DAMSD2
Mar 16, 2013 6:09:47 PM net.blogracy.controller.DistributedHashTable$LookupListener onMessage
INFO: lookup-ans QF57FG6NEFT7PHOEIFHV734DS7DAMSD2 OHTOIA27AINKRO6AR7SB3YPE42BNAWBA 2013-03-16T18:05:11Z 2013-03-16T18:09:47Z 300
Mar 16, 2013 6:09:47 PM net.blogracy.controller.DistributedHashTable$DownloadListener <init>
INFO: download-req QF57FG6NEFT7PHOEIFHV734DS7DAMSD2 OHTOIA27AINKRO6AR7SB3YPE42BNAWBA 2013-03-16T18:05:11Z
Mar 16, 2013 6:09:54 PM net.blogracy.controller.DistributedHashTable$DownloadListener onMessage
INFO: download-ans QF57FG6NEFT7PHOEIFHV734DS7DAMSD2 OHTOIA27AINKRO6AR7SB3YPE42BNAWBA 2013-03-16T18:05:11Z 2013-03-16T18:09:54Z 7623  283000 551
Mar 16, 2013 6:10:17 PM net.blogracy.controller.DistributedHashTable$LookupListener <init>
INFO: lookup-req H3WGV7IKX35FZNSFJYEZV4VCFQBSAKEL
Mar 16, 2013 6:10:17 PM net.blogracy.controller.DistributedHashTable$LookupListener onMessage
INFO: lookup-ans H3WGV7IKX35FZNSFJYEZV4VCFQBSAKEL BFSRSUU4VWN6CD3S6IRIIJ44MIYNIBXD 2013-03-16T18:08:25Z 2013-03-16T18:10:17Z 271
Mar 16, 2013 6:10:17 PM net.blogracy.controller.DistributedHashTable$DownloadListener <init>
INFO: download-req H3WGV7IKX35FZNSFJYEZV4VCFQBSAKEL BFSRSUU4VWN6CD3S6IRIIJ44MIYNIBXD 2013-03-16T18:08:25Z
Mar 16, 2013 6:10:18 PM net.blogracy.controller.DistributedHashTable$LookupListener onMessage
INFO: lookup-ans H3WGV7IKX35FZNSFJYEZV4VCFQBSAKEL Z4FN4OO6WJKRGHFGSCWRPKP5Q553M2C3 2013-03-16T18:03:20Z 2013-03-16T18:10:18Z 1298
Mar 16, 2013 6:10:20 PM net.blogracy.controller.DistributedHashTable$DownloadListener onMessage
INFO: download-ans H3WGV7IKX35FZNSFJYEZV4VCFQBSAKEL BFSRSUU4VWN6CD3S6IRIIJ44MIYNIBXD 2013-03-16T18:08:25Z 2013-03-16T18:10:20Z 2576  115000 551
Mar 16, 2013 6:10:47 PM net.blogracy.controller.DistributedHashTable$LookupListener <init>
INFO: lookup-req JZY6QFFDO2J4RQXM6QEFAMCKPOBHYFWR
Mar 16, 2013 6:10:48 PM net.blogracy.controller.DistributedHashTable$LookupListener onMessage
INFO: lookup-ans JZY6QFFDO2J4RQXM6QEFAMCKPOBHYFWR KZ2C6SHTXJBUB7USHES4LSYPCS4R27RI 2013-03-16T18:05:17Z 2013-03-16T18:10:48Z 453
Mar 16, 2013 6:10:48 PM net.blogracy.controller.DistributedHashTable$DownloadListener <init>
INFO: download-req JZY6QFFDO2J4RQXM6QEFAMCKPOBHYFWR KZ2C6SHTXJBUB7USHES4LSYPCS4R27RI 2013-03-16T18:05:17Z
Mar 16, 2013 6:10:50 PM net.blogracy.controller.DistributedHashTable$DownloadListener onMessage
INFO: download-ans JZY6QFFDO2J4RQXM6QEFAMCKPOBHYFWR KZ2C6SHTXJBUB7USHES4LSYPCS4R27RI 2013-03-16T18:05:17Z 2013-03-16T18:10:50Z 2698  333000 551
Mar 16, 2013 6:11:18 PM net.blogracy.controller.DistributedHashTable$LookupListener <init>
INFO: lookup-req IIFTPYF2OOSC7OUXFHS6JFLCSWAADAGJ
Mar 16, 2013 6:11:18 PM net.blogracy.controller.DistributedHashTable$LookupListener onMessage
INFO: lookup-ans IIFTPYF2OOSC7OUXFHS6JFLCSWAADAGJ PWYNKLEIYCS65O5M6BOZKGNAAMJYWESA 2013-03-16T17:59:11Z 2013-03-16T18:11:18Z 401
Mar 16, 2013 6:11:30 PM net.blogracy.controller.DistributedHashTable$LookupListener onMessage
INFO: lookup-ans IIFTPYF2OOSC7OUXFHS6JFLCSWAADAGJ NQ5OQZBPOGPGGIKIOA6P3SAONI5KVIEU 2013-03-16T18:08:41Z 2013-03-16T18:11:30Z 11901
Mar 16, 2013 6:11:30 PM net.blogracy.controller.DistributedHashTable$DownloadListener <init>
INFO: download-req IIFTPYF2OOSC7OUXFHS6JFLCSWAADAGJ NQ5OQZBPOGPGGIKIOA6P3SAONI5KVIEU 2013-03-16T18:08:41Z
Mar 16, 2013 6:11:39 PM net.blogracy.controller.DistributedHashTable$DownloadListener onMessage
INFO: download-ans IIFTPYF2OOSC7OUXFHS6JFLCSWAADAGJ NQ5OQZBPOGPGGIKIOA6P3SAONI5KVIEU 2013-03-16T18:08:41Z 2013-03-16T18:11:39Z 9478  178000 821
Mar 16, 2013 6:11:48 PM net.blogracy.controller.DistributedHashTable$LookupListener <init>
INFO: lookup-req REHV2GKZR6BI6E66667LFTNPF42XF5QG
Mar 16, 2013 6:11:49 PM net.blogracy.controller.DistributedHashTable$LookupListener onMessage
INFO: lookup-ans REHV2GKZR6BI6E66667LFTNPF42XF5QG 655CA2N5YGIJJXBRY6QNKWPGYBCXZ74H 2013-03-16T18:07:11Z 2013-03-16T18:11:49Z 790
Mar 16, 2013 6:11:49 PM net.blogracy.controller.DistributedHashTable$DownloadListener <init>
INFO: download-req REHV2GKZR6BI6E66667LFTNPF42XF5QG 655CA2N5YGIJJXBRY6QNKWPGYBCXZ74H 2013-03-16T18:07:11Z
Mar 16, 2013 6:11:51 PM net.blogracy.controller.DistributedHashTable$DownloadListener onMessage
INFO: download-ans REHV2GKZR6BI6E66667LFTNPF42XF5QG 655CA2N5YGIJJXBRY6QNKWPGYBCXZ74H 2013-03-16T18:07:11Z 2013-03-16T18:11:51Z 2576  280000 551
Mar 16, 2013 6:12:19 PM net.blogracy.controller.DistributedHashTable$LookupListener <init>
INFO: lookup-req GRRVNWRRA5YPOTR2NJTQK3RXPMJXGKYD
Mar 16, 2013 6:12:19 PM net.blogracy.controller.DistributedHashTable$LookupListener onMessage
INFO: lookup-ans GRRVNWRRA5YPOTR2NJTQK3RXPMJXGKYD ZA6C4BTV7RGFFYV5UGS7CDTWOB4K6VF7 2013-03-16T18:09:20Z 2013-03-16T18:12:19Z 240
Mar 16, 2013 6:12:19 PM net.blogracy.controller.DistributedHashTable$DownloadListener <init>
INFO: download-req GRRVNWRRA5YPOTR2NJTQK3RXPMJXGKYD ZA6C4BTV7RGFFYV5UGS7CDTWOB4K6VF7 2013-03-16T18:09:20Z
Mar 16, 2013 6:12:25 PM net.blogracy.controller.DistributedHashTable$DownloadListener onMessage
INFO: download-ans GRRVNWRRA5YPOTR2NJTQK3RXPMJXGKYD ZA6C4BTV7RGFFYV5UGS7CDTWOB4K6VF7 2013-03-16T18:09:20Z 2013-03-16T18:12:25Z 6549  185000 551
Mar 16, 2013 6:12:49 PM net.blogracy.controller.DistributedHashTable$LookupListener <init>
INFO: lookup-req NUHK7LXC3JZZQ6EB2RKPAXMUYX7DF7UI
Mar 16, 2013 6:12:49 PM net.blogracy.controller.DistributedHashTable$LookupListener onMessage
INFO: lookup-ans NUHK7LXC3JZZQ6EB2RKPAXMUYX7DF7UI GTAFVM3SRQXZPSJZYNYPDZQGVEOBC6VG 2013-03-16T18:10:38Z 2013-03-16T18:12:49Z 396
Mar 16, 2013 6:12:49 PM net.blogracy.controller.DistributedHashTable$DownloadListener <init>
INFO: download-req NUHK7LXC3JZZQ6EB2RKPAXMUYX7DF7UI GTAFVM3SRQXZPSJZYNYPDZQGVEOBC6VG 2013-03-16T18:10:38Z
Mar 16, 2013 6:12:53 PM net.blogracy.controller.DistributedHashTable$DownloadListener onMessage
INFO: download-ans NUHK7LXC3JZZQ6EB2RKPAXMUYX7DF7UI GTAFVM3SRQXZPSJZYNYPDZQGVEOBC6VG 2013-03-16T18:10:38Z 2013-03-16T18:12:53Z 3709  135000 821
Mar 16, 2013 6:13:19 PM net.blogracy.controller.DistributedHashTable$LookupListener <init>
INFO: lookup-req NZYND2IBFUU2CASIWQ2GFYLCZFN7LPE4
Mar 16, 2013 6:13:50 PM net.blogracy.controller.DistributedHashTable$LookupListener <init>
INFO: lookup-req 7ZTKP6766VUCR2ORJIRNLCHE3JZU7VVH
Mar 16, 2013 6:13:50 PM net.blogracy.controller.DistributedHashTable$LookupListener onMessage
INFO: lookup-ans 7ZTKP6766VUCR2ORJIRNLCHE3JZU7VVH AKFOUIDBUHYB3ISP7IVA226TI73VIR4B 2013-03-16T18:08:38Z 2013-03-16T18:13:50Z 501
Mar 16, 2013 6:13:50 PM net.blogracy.controller.DistributedHashTable$DownloadListener <init>
INFO: download-req 7ZTKP6766VUCR2ORJIRNLCHE3JZU7VVH AKFOUIDBUHYB3ISP7IVA226TI73VIR4B 2013-03-16T18:08:38Z
Mar 16, 2013 6:13:54 PM net.blogracy.controller.DistributedHashTable$DownloadListener onMessage
INFO: download-ans 7ZTKP6766VUCR2ORJIRNLCHE3JZU7VVH AKFOUIDBUHYB3ISP7IVA226TI73VIR4B 2013-03-16T18:08:38Z 2013-03-16T18:13:54Z 3619  316000 821
Mar 16, 2013 6:14:20 PM net.blogracy.controller.DistributedHashTable$LookupListener <init>
INFO: lookup-req 734RO6HILBSFN7TZMLELFXELO3NKEQPG
Mar 16, 2013 6:14:21 PM net.blogracy.controller.DistributedHashTable$LookupListener onMessage
INFO: lookup-ans 734RO6HILBSFN7TZMLELFXELO3NKEQPG ML4BERGJXENOWV2YME6E7LIKUKRV3TIL 2013-03-16T18:09:51Z 2013-03-16T18:14:21Z 281
Mar 16, 2013 6:14:21 PM net.blogracy.controller.DistributedHashTable$DownloadListener <init>
INFO: download-req 734RO6HILBSFN7TZMLELFXELO3NKEQPG ML4BERGJXENOWV2YME6E7LIKUKRV3TIL 2013-03-16T18:09:51Z
Mar 16, 2013 6:14:24 PM net.blogracy.controller.DistributedHashTable$DownloadListener onMessage
INFO: download-ans 734RO6HILBSFN7TZMLELFXELO3NKEQPG ML4BERGJXENOWV2YME6E7LIKUKRV3TIL 2013-03-16T18:09:51Z 2013-03-16T18:14:24Z 2760  273000 821
Mar 16, 2013 6:14:48 PM net.blogracy.controller.DistributedHashTable$LookupListener <init>
INFO: lookup-req O2LNUOSQV6AMEJPEGJG7OVPK2XZQV3ZE
Mar 16, 2013 6:14:49 PM net.blogracy.controller.DistributedHashTable$LookupListener onMessage
INFO: lookup-ans O2LNUOSQV6AMEJPEGJG7OVPK2XZQV3ZE G4LVTULBHEKYGIZ2ZL3UVJBU3RN6YZIX 2013-03-16T18:11:56Z 2013-03-16T18:14:49Z 421
Mar 16, 2013 6:14:49 PM net.blogracy.controller.DistributedHashTable$DownloadListener <init>
INFO: download-req O2LNUOSQV6AMEJPEGJG7OVPK2XZQV3ZE G4LVTULBHEKYGIZ2ZL3UVJBU3RN6YZIX 2013-03-16T18:11:56Z
Mar 16, 2013 6:14:51 PM net.blogracy.controller.DistributedHashTable$DownloadListener onMessage
INFO: download-ans O2LNUOSQV6AMEJPEGJG7OVPK2XZQV3ZE G4LVTULBHEKYGIZ2ZL3UVJBU3RN6YZIX 2013-03-16T18:11:56Z 2013-03-16T18:14:51Z 2513  175000 821
Mar 16, 2013 6:15:16 PM net.blogracy.controller.DistributedHashTable$LookupListener <init>
INFO: lookup-req QF57FG6NEFT7PHOEIFHV734DS7DAMSD2
Mar 16, 2013 6:15:17 PM net.blogracy.controller.DistributedHashTable$LookupListener onMessage
INFO: lookup-ans QF57FG6NEFT7PHOEIFHV734DS7DAMSD2 OHTOIA27AINKRO6AR7SB3YPE42BNAWBA 2013-03-16T18:05:11Z 2013-03-16T18:15:17Z 371
Mar 16, 2013 6:15:17 PM net.blogracy.controller.DistributedHashTable$LookupListener onMessage
INFO: lookup-ans QF57FG6NEFT7PHOEIFHV734DS7DAMSD2 VW4FLZIVGRM5ZHKBYDTX6LNR2LEMLEDD 2013-03-16T18:11:03Z 2013-03-16T18:15:17Z 465
Mar 16, 2013 6:15:17 PM net.blogracy.controller.DistributedHashTable$DownloadListener <init>
INFO: download-req QF57FG6NEFT7PHOEIFHV734DS7DAMSD2 VW4FLZIVGRM5ZHKBYDTX6LNR2LEMLEDD 2013-03-16T18:11:03Z
Mar 16, 2013 6:15:21 PM net.blogracy.controller.DistributedHashTable$DownloadListener onMessage
INFO: download-ans QF57FG6NEFT7PHOEIFHV734DS7DAMSD2 VW4FLZIVGRM5ZHKBYDTX6LNR2LEMLEDD 2013-03-16T18:11:03Z 2013-03-16T18:15:21Z 3627  258000 821
Mar 16, 2013 6:15:44 PM net.blogracy.controller.DistributedHashTable$LookupListener <init>
INFO: lookup-req H3WGV7IKX35FZNSFJYEZV4VCFQBSAKEL
Mar 16, 2013 6:15:45 PM net.blogracy.controller.DistributedHashTable$LookupListener onMessage
INFO: lookup-ans H3WGV7IKX35FZNSFJYEZV4VCFQBSAKEL A54C3TZSW5AY253DL6BMHDBMQASN3QCC 2013-03-16T18:13:24Z 2013-03-16T18:15:45Z 266
Mar 16, 2013 6:15:45 PM net.blogracy.controller.DistributedHashTable$DownloadListener <init>
INFO: download-req H3WGV7IKX35FZNSFJYEZV4VCFQBSAKEL A54C3TZSW5AY253DL6BMHDBMQASN3QCC 2013-03-16T18:13:24Z
Mar 16, 2013 6:15:47 PM net.blogracy.controller.DistributedHashTable$DownloadListener onMessage
INFO: download-ans H3WGV7IKX35FZNSFJYEZV4VCFQBSAKEL A54C3TZSW5AY253DL6BMHDBMQASN3QCC 2013-03-16T18:13:24Z 2013-03-16T18:15:47Z 2478  143000 821
Mar 16, 2013 6:16:12 PM net.blogracy.controller.DistributedHashTable$LookupListener <init>
INFO: lookup-req JZY6QFFDO2J4RQXM6QEFAMCKPOBHYFWR
Mar 16, 2013 6:16:13 PM net.blogracy.controller.DistributedHashTable$LookupListener onMessage
INFO: lookup-ans JZY6QFFDO2J4RQXM6QEFAMCKPOBHYFWR 6YZXRGGAIG26LKSY2PYYV6NYINBHNZJR 2013-03-16T18:10:07Z 2013-03-16T18:16:13Z 384
Mar 16, 2013 6:16:13 PM net.blogracy.controller.DistributedHashTable$DownloadListener <init>
INFO: download-req JZY6QFFDO2J4RQXM6QEFAMCKPOBHYFWR 6YZXRGGAIG26LKSY2PYYV6NYINBHNZJR 2013-03-16T18:10:07Z
Mar 16, 2013 6:16:16 PM net.blogracy.controller.DistributedHashTable$DownloadListener onMessage
INFO: download-ans JZY6QFFDO2J4RQXM6QEFAMCKPOBHYFWR 6YZXRGGAIG26LKSY2PYYV6NYINBHNZJR 2013-03-16T18:10:07Z 2013-03-16T18:16:16Z 2826  369000 821
Mar 16, 2013 6:16:40 PM net.blogracy.controller.DistributedHashTable$LookupListener <init>
INFO: lookup-req IIFTPYF2OOSC7OUXFHS6JFLCSWAADAGJ
Mar 16, 2013 6:16:55 PM net.blogracy.controller.DistributedHashTable$LookupListener onMessage
INFO: lookup-ans IIFTPYF2OOSC7OUXFHS6JFLCSWAADAGJ ODQCAN2PVVC5CCM3G76G77P7IOLBGPCV 2013-03-16T18:12:58Z 2013-03-16T18:16:55Z 14868
Mar 16, 2013 6:16:55 PM net.blogracy.controller.DistributedHashTable$DownloadListener <init>
INFO: download-req IIFTPYF2OOSC7OUXFHS6JFLCSWAADAGJ ODQCAN2PVVC5CCM3G76G77P7IOLBGPCV 2013-03-16T18:12:58Z
Mar 16, 2013 6:17:08 PM net.blogracy.controller.DistributedHashTable$LookupListener <init>
INFO: lookup-req REHV2GKZR6BI6E66667LFTNPF42XF5QG
Mar 16, 2013 6:17:10 PM net.blogracy.controller.DistributedHashTable$LookupListener onMessage
INFO: lookup-ans REHV2GKZR6BI6E66667LFTNPF42XF5QG ENEB2UPXBYABLVUMAE2NDLQ7WZCLK46H 2013-03-16T18:11:23Z 2013-03-16T18:17:10Z 1642
Mar 16, 2013 6:17:10 PM net.blogracy.controller.DistributedHashTable$DownloadListener <init>
INFO: download-req REHV2GKZR6BI6E66667LFTNPF42XF5QG ENEB2UPXBYABLVUMAE2NDLQ7WZCLK46H 2013-03-16T18:11:23Z
Mar 16, 2013 6:17:12 PM net.blogracy.controller.DistributedHashTable$DownloadListener onMessage
INFO: download-ans IIFTPYF2OOSC7OUXFHS6JFLCSWAADAGJ ODQCAN2PVVC5CCM3G76G77P7IOLBGPCV 2013-03-16T18:12:58Z 2013-03-16T18:17:12Z 16597  254000 1091
Mar 16, 2013 6:17:18 PM net.blogracy.controller.DistributedHashTable$DownloadListener onMessage
INFO: download-ans REHV2GKZR6BI6E66667LFTNPF42XF5QG ENEB2UPXBYABLVUMAE2NDLQ7WZCLK46H 2013-03-16T18:11:23Z 2013-03-16T18:17:18Z 7788  355000 821
Mar 16, 2013 6:17:37 PM net.blogracy.controller.DistributedHashTable$LookupListener <init>
INFO: lookup-req GRRVNWRRA5YPOTR2NJTQK3RXPMJXGKYD
Mar 16, 2013 6:17:37 PM net.blogracy.controller.DistributedHashTable$LookupListener onMessage
INFO: lookup-ans GRRVNWRRA5YPOTR2NJTQK3RXPMJXGKYD CNLYUSNNLKPVTWGEH6CI27BQ63GCPE52 2013-03-16T18:14:27Z 2013-03-16T18:17:37Z 289
Mar 16, 2013 6:17:37 PM net.blogracy.controller.DistributedHashTable$DownloadListener <init>
INFO: download-req GRRVNWRRA5YPOTR2NJTQK3RXPMJXGKYD CNLYUSNNLKPVTWGEH6CI27BQ63GCPE52 2013-03-16T18:14:27Z
Mar 16, 2013 6:17:42 PM net.blogracy.controller.DistributedHashTable$DownloadListener onMessage
INFO: download-ans GRRVNWRRA5YPOTR2NJTQK3RXPMJXGKYD CNLYUSNNLKPVTWGEH6CI27BQ63GCPE52 2013-03-16T18:14:27Z 2013-03-16T18:17:42Z 4789  195000 821
Mar 16, 2013 6:18:05 PM net.blogracy.controller.DistributedHashTable$LookupListener <init>
INFO: lookup-req NUHK7LXC3JZZQ6EB2RKPAXMUYX7DF7UI
Mar 16, 2013 6:18:05 PM net.blogracy.controller.DistributedHashTable$LookupListener onMessage
INFO: lookup-ans NUHK7LXC3JZZQ6EB2RKPAXMUYX7DF7UI QHRRYB6OSJKNFQMGUUXKL4IZ4YB7ECOD 2013-03-16T18:14:39Z 2013-03-16T18:18:05Z 257
Mar 16, 2013 6:18:05 PM net.blogracy.controller.DistributedHashTable$DownloadListener <init>
INFO: download-req NUHK7LXC3JZZQ6EB2RKPAXMUYX7DF7UI QHRRYB6OSJKNFQMGUUXKL4IZ4YB7ECOD 2013-03-16T18:14:39Z
Mar 16, 2013 6:18:07 PM net.blogracy.controller.DistributedHashTable$DownloadListener onMessage
INFO: download-ans NUHK7LXC3JZZQ6EB2RKPAXMUYX7DF7UI QHRRYB6OSJKNFQMGUUXKL4IZ4YB7ECOD 2013-03-16T18:14:39Z 2013-03-16T18:18:07Z 2665  208000 1091
Mar 16, 2013 6:18:33 PM net.blogracy.controller.DistributedHashTable$LookupListener <init>
INFO: lookup-req NZYND2IBFUU2CASIWQ2GFYLCZFN7LPE4
Mar 16, 2013 6:19:01 PM net.blogracy.controller.DistributedHashTable$LookupListener <init>
INFO: lookup-req 7ZTKP6766VUCR2ORJIRNLCHE3JZU7VVH
Mar 16, 2013 6:19:01 PM net.blogracy.controller.DistributedHashTable$LookupListener onMessage
INFO: lookup-ans 7ZTKP6766VUCR2ORJIRNLCHE3JZU7VVH YXJVCVC4SLN2G7O44N4CS2KEFVUIB7VD 2013-03-16T18:13:57Z 2013-03-16T18:19:01Z 403
Mar 16, 2013 6:19:01 PM net.blogracy.controller.DistributedHashTable$DownloadListener <init>
INFO: download-req 7ZTKP6766VUCR2ORJIRNLCHE3JZU7VVH YXJVCVC4SLN2G7O44N4CS2KEFVUIB7VD 2013-03-16T18:13:57Z
Mar 16, 2013 6:19:06 PM net.blogracy.controller.DistributedHashTable$DownloadListener onMessage
INFO: download-ans 7ZTKP6766VUCR2ORJIRNLCHE3JZU7VVH YXJVCVC4SLN2G7O44N4CS2KEFVUIB7VD 2013-03-16T18:13:57Z 2013-03-16T18:19:06Z 4802  309000 1091
Mar 16, 2013 6:19:29 PM net.blogracy.controller.DistributedHashTable$LookupListener <init>
INFO: lookup-req 734RO6HILBSFN7TZMLELFXELO3NKEQPG
Mar 16, 2013 6:19:29 PM net.blogracy.controller.DistributedHashTable$LookupListener onMessage
INFO: lookup-ans 734RO6HILBSFN7TZMLELFXELO3NKEQPG T5MSCK55JLVWNGYVS7IYCMNNL5THMVHS 2013-03-16T18:15:23Z 2013-03-16T18:19:29Z 249
Mar 16, 2013 6:19:29 PM net.blogracy.controller.DistributedHashTable$DownloadListener <init>
INFO: download-req 734RO6HILBSFN7TZMLELFXELO3NKEQPG T5MSCK55JLVWNGYVS7IYCMNNL5THMVHS 2013-03-16T18:15:23Z
Mar 16, 2013 6:19:44 PM net.blogracy.controller.DistributedHashTable$DownloadListener onMessage
INFO: download-ans 734RO6HILBSFN7TZMLELFXELO3NKEQPG T5MSCK55JLVWNGYVS7IYCMNNL5THMVHS 2013-03-16T18:15:23Z 2013-03-16T18:19:44Z 14743  261000 1091
Mar 16, 2013 6:19:58 PM net.blogracy.controller.DistributedHashTable$LookupListener <init>
INFO: lookup-req O2LNUOSQV6AMEJPEGJG7OVPK2XZQV3ZE
Mar 16, 2013 6:19:59 PM net.blogracy.controller.DistributedHashTable$LookupListener onMessage
INFO: lookup-ans O2LNUOSQV6AMEJPEGJG7OVPK2XZQV3ZE G4LVTULBHEKYGIZ2ZL3UVJBU3RN6YZIX 2013-03-16T18:11:56Z 2013-03-16T18:19:59Z 441
Mar 16, 2013 6:19:59 PM net.blogracy.controller.DistributedHashTable$LookupListener onMessage
INFO: lookup-ans O2LNUOSQV6AMEJPEGJG7OVPK2XZQV3ZE LEE5XPDF433NQW5HGTPKDVQKG6EEVEU6 2013-03-16T18:17:18Z 2013-03-16T18:19:59Z 446
Mar 16, 2013 6:19:59 PM net.blogracy.controller.DistributedHashTable$DownloadListener <init>
INFO: download-req O2LNUOSQV6AMEJPEGJG7OVPK2XZQV3ZE LEE5XPDF433NQW5HGTPKDVQKG6EEVEU6 2013-03-16T18:17:18Z
Mar 16, 2013 6:20:20 PM net.blogracy.controller.DistributedHashTable$DownloadListener onMessage
INFO: download-ans O2LNUOSQV6AMEJPEGJG7OVPK2XZQV3ZE LEE5XPDF433NQW5HGTPKDVQKG6EEVEU6 2013-03-16T18:17:18Z 2013-03-16T18:20:20Z 21558  182000 1091
Mar 16, 2013 6:20:28 PM net.blogracy.controller.DistributedHashTable$LookupListener <init>
INFO: lookup-req QF57FG6NEFT7PHOEIFHV734DS7DAMSD2
Mar 16, 2013 6:20:28 PM net.blogracy.controller.DistributedHashTable$LookupListener onMessage
INFO: lookup-ans QF57FG6NEFT7PHOEIFHV734DS7DAMSD2 5XBIHJBUFHU5EUACPFIP27EUNTXD4E6Y 2013-03-16T18:16:06Z 2013-03-16T18:20:28Z 387
Mar 16, 2013 6:20:28 PM net.blogracy.controller.DistributedHashTable$DownloadListener <init>
INFO: download-req QF57FG6NEFT7PHOEIFHV734DS7DAMSD2 5XBIHJBUFHU5EUACPFIP27EUNTXD4E6Y 2013-03-16T18:16:06Z
Mar 16, 2013 6:20:28 PM net.blogracy.controller.DistributedHashTable$LookupListener onMessage
INFO: lookup-ans QF57FG6NEFT7PHOEIFHV734DS7DAMSD2 WGX4EU4SDFMQJHMGPZUUJPQGXZPNJH5O 2013-03-16T13:07:19Z 2013-03-16T18:20:28Z 675
Mar 16, 2013 6:20:32 PM net.blogracy.controller.DistributedHashTable$DownloadListener onMessage
INFO: download-ans QF57FG6NEFT7PHOEIFHV734DS7DAMSD2 5XBIHJBUFHU5EUACPFIP27EUNTXD4E6Y 2013-03-16T18:16:06Z 2013-03-16T18:20:32Z 3661  266000 1091
Mar 16, 2013 6:20:57 PM net.blogracy.controller.DistributedHashTable$LookupListener <init>
INFO: lookup-req H3WGV7IKX35FZNSFJYEZV4VCFQBSAKEL
Mar 16, 2013 6:20:57 PM net.blogracy.controller.DistributedHashTable$LookupListener onMessage
INFO: lookup-ans H3WGV7IKX35FZNSFJYEZV4VCFQBSAKEL A54C3TZSW5AY253DL6BMHDBMQASN3QCC 2013-03-16T18:13:24Z 2013-03-16T18:20:57Z 240
Mar 16, 2013 6:20:57 PM net.blogracy.controller.DistributedHashTable$LookupListener onMessage
INFO: lookup-ans H3WGV7IKX35FZNSFJYEZV4VCFQBSAKEL Z42CUAO34IOHGX5P6UBWFXB6PJ4LZYUU 2013-03-16T18:18:20Z 2013-03-16T18:20:57Z 275
Mar 16, 2013 6:20:57 PM net.blogracy.controller.DistributedHashTable$DownloadListener <init>
INFO: download-req H3WGV7IKX35FZNSFJYEZV4VCFQBSAKEL Z42CUAO34IOHGX5P6UBWFXB6PJ4LZYUU 2013-03-16T18:18:20Z
Mar 16, 2013 6:21:14 PM net.blogracy.controller.DistributedHashTable$DownloadListener onMessage
INFO: download-ans H3WGV7IKX35FZNSFJYEZV4VCFQBSAKEL Z42CUAO34IOHGX5P6UBWFXB6PJ4LZYUU 2013-03-16T18:18:20Z 2013-03-16T18:21:14Z 16582  174000 1091
Mar 16, 2013 6:21:27 PM net.blogracy.controller.DistributedHashTable$LookupListener <init>
INFO: lookup-req JZY6QFFDO2J4RQXM6QEFAMCKPOBHYFWR
Mar 16, 2013 6:21:27 PM net.blogracy.controller.DistributedHashTable$LookupListener onMessage
INFO: lookup-ans JZY6QFFDO2J4RQXM6QEFAMCKPOBHYFWR TFM5LVUYS52ZUYV5VL7GSZ4OZAQDHRBN 2013-03-16T18:19:24Z 2013-03-16T18:21:27Z 409
Mar 16, 2013 6:21:27 PM net.blogracy.controller.DistributedHashTable$DownloadListener <init>
INFO: download-req JZY6QFFDO2J4RQXM6QEFAMCKPOBHYFWR TFM5LVUYS52ZUYV5VL7GSZ4OZAQDHRBN 2013-03-16T18:19:24Z
Mar 16, 2013 6:21:56 PM net.blogracy.controller.DistributedHashTable$LookupListener <init>
INFO: lookup-req IIFTPYF2OOSC7OUXFHS6JFLCSWAADAGJ
Mar 16, 2013 6:21:56 PM net.blogracy.controller.DistributedHashTable$LookupListener onMessage
INFO: lookup-ans IIFTPYF2OOSC7OUXFHS6JFLCSWAADAGJ 2ELXTI47ZKNNANQEFEDP5KSDQZCDUOCQ 2013-03-16T18:17:00Z 2013-03-16T18:21:56Z 288
Mar 16, 2013 6:21:56 PM net.blogracy.controller.DistributedHashTable$DownloadListener <init>
INFO: download-req IIFTPYF2OOSC7OUXFHS6JFLCSWAADAGJ 2ELXTI47ZKNNANQEFEDP5KSDQZCDUOCQ 2013-03-16T18:17:00Z
Mar 16, 2013 6:22:05 PM net.blogracy.controller.DistributedHashTable$DownloadListener onMessage
INFO: download-ans IIFTPYF2OOSC7OUXFHS6JFLCSWAADAGJ 2ELXTI47ZKNNANQEFEDP5KSDQZCDUOCQ 2013-03-16T18:17:00Z 2013-03-16T18:22:05Z 8414  305000 1361
Mar 16, 2013 6:22:26 PM net.blogracy.controller.DistributedHashTable$LookupListener <init>
INFO: lookup-req REHV2GKZR6BI6E66667LFTNPF42XF5QG
Mar 16, 2013 6:22:26 PM net.blogracy.controller.DistributedHashTable$LookupListener onMessage
INFO: lookup-ans REHV2GKZR6BI6E66667LFTNPF42XF5QG 5BAQRY6XTYK5MWIBT5A2CGADAJ5JDELC 2013-03-16T18:17:19Z 2013-03-16T18:22:26Z 605
Mar 16, 2013 6:22:26 PM net.blogracy.controller.DistributedHashTable$DownloadListener <init>
INFO: download-req REHV2GKZR6BI6E66667LFTNPF42XF5QG 5BAQRY6XTYK5MWIBT5A2CGADAJ5JDELC 2013-03-16T18:17:19Z
Mar 16, 2013 6:22:30 PM net.blogracy.controller.DistributedHashTable$DownloadListener onMessage
INFO: download-ans REHV2GKZR6BI6E66667LFTNPF42XF5QG 5BAQRY6XTYK5MWIBT5A2CGADAJ5JDELC 2013-03-16T18:17:19Z 2013-03-16T18:22:30Z 3597  311000 1091
Mar 16, 2013 6:22:45 PM net.blogracy.controller.DistributedHashTable$DownloadListener onMessage
INFO: download-ans JZY6QFFDO2J4RQXM6QEFAMCKPOBHYFWR TFM5LVUYS52ZUYV5VL7GSZ4OZAQDHRBN 2013-03-16T18:19:24Z 2013-03-16T18:22:45Z 78350  201000 1361
Mar 16, 2013 6:22:55 PM net.blogracy.controller.DistributedHashTable$LookupListener <init>
INFO: lookup-req GRRVNWRRA5YPOTR2NJTQK3RXPMJXGKYD
Mar 16, 2013 6:22:55 PM net.blogracy.controller.DistributedHashTable$LookupListener onMessage
INFO: lookup-ans GRRVNWRRA5YPOTR2NJTQK3RXPMJXGKYD PRAS5NMZ2UJTBYJ54Q2VDY2AIRIQXG5F 2013-03-16T18:20:24Z 2013-03-16T18:22:55Z 295
Mar 16, 2013 6:22:55 PM net.blogracy.controller.DistributedHashTable$DownloadListener <init>
INFO: download-req GRRVNWRRA5YPOTR2NJTQK3RXPMJXGKYD PRAS5NMZ2UJTBYJ54Q2VDY2AIRIQXG5F 2013-03-16T18:20:24Z
Mar 16, 2013 6:23:12 PM net.blogracy.controller.DistributedHashTable$DownloadListener onMessage
INFO: download-ans GRRVNWRRA5YPOTR2NJTQK3RXPMJXGKYD PRAS5NMZ2UJTBYJ54Q2VDY2AIRIQXG5F 2013-03-16T18:20:24Z 2013-03-16T18:23:12Z 16519  168000 1091
Mar 16, 2013 6:23:25 PM net.blogracy.controller.DistributedHashTable$LookupListener <init>
INFO: lookup-req NUHK7LXC3JZZQ6EB2RKPAXMUYX7DF7UI
Mar 16, 2013 6:23:25 PM net.blogracy.controller.DistributedHashTable$LookupListener onMessage
INFO: lookup-ans NUHK7LXC3JZZQ6EB2RKPAXMUYX7DF7UI VJJV3JCFR3FMFNTLQBK4M7TEKI7DJLVK 2013-03-16T18:18:42Z 2013-03-16T18:23:25Z 525
Mar 16, 2013 6:23:25 PM net.blogracy.controller.DistributedHashTable$DownloadListener <init>
INFO: download-req NUHK7LXC3JZZQ6EB2RKPAXMUYX7DF7UI VJJV3JCFR3FMFNTLQBK4M7TEKI7DJLVK 2013-03-16T18:18:42Z
Mar 16, 2013 6:23:28 PM net.blogracy.controller.DistributedHashTable$DownloadListener onMessage
INFO: download-ans NUHK7LXC3JZZQ6EB2RKPAXMUYX7DF7UI VJJV3JCFR3FMFNTLQBK4M7TEKI7DJLVK 2013-03-16T18:18:42Z 2013-03-16T18:23:28Z 2755  286000 1361
Mar 16, 2013 6:23:54 PM net.blogracy.controller.DistributedHashTable$LookupListener <init>
INFO: lookup-req NZYND2IBFUU2CASIWQ2GFYLCZFN7LPE4
Mar 16, 2013 6:24:23 PM net.blogracy.controller.DistributedHashTable$LookupListener <init>
INFO: lookup-req 7ZTKP6766VUCR2ORJIRNLCHE3JZU7VVH
Mar 16, 2013 6:24:24 PM net.blogracy.controller.DistributedHashTable$LookupListener onMessage
INFO: lookup-ans 7ZTKP6766VUCR2ORJIRNLCHE3JZU7VVH JNWPNIEU7GWR7JSAVACGNGTGF2BL2FZ5 2013-03-16T18:23:16Z 2013-03-16T18:24:24Z 312
Mar 16, 2013 6:24:24 PM net.blogracy.controller.DistributedHashTable$DownloadListener <init>
INFO: download-req 7ZTKP6766VUCR2ORJIRNLCHE3JZU7VVH JNWPNIEU7GWR7JSAVACGNGTGF2BL2FZ5 2013-03-16T18:23:16Z
Mar 16, 2013 6:24:24 PM net.blogracy.controller.DistributedHashTable$LookupListener onMessage
INFO: lookup-ans 7ZTKP6766VUCR2ORJIRNLCHE3JZU7VVH 5EQSEDWJMSCQ4KMIL3GMZS2PCS6GPKXX 2013-03-16T17:59:27Z 2013-03-16T18:24:24Z 466
Mar 16, 2013 6:24:53 PM net.blogracy.controller.DistributedHashTable$LookupListener <init>
INFO: lookup-req 734RO6HILBSFN7TZMLELFXELO3NKEQPG
Mar 16, 2013 6:24:53 PM net.blogracy.controller.DistributedHashTable$LookupListener onMessage
INFO: lookup-ans 734RO6HILBSFN7TZMLELFXELO3NKEQPG IBUPF3CDEFTHHGMVLX3L4VO4K75QW62O 2013-03-16T18:20:05Z 2013-03-16T18:24:53Z 159
Mar 16, 2013 6:24:53 PM net.blogracy.controller.DistributedHashTable$DownloadListener <init>
INFO: download-req 734RO6HILBSFN7TZMLELFXELO3NKEQPG IBUPF3CDEFTHHGMVLX3L4VO4K75QW62O 2013-03-16T18:20:05Z
Mar 16, 2013 6:24:58 PM net.blogracy.controller.DistributedHashTable$DownloadListener onMessage
INFO: download-ans 734RO6HILBSFN7TZMLELFXELO3NKEQPG IBUPF3CDEFTHHGMVLX3L4VO4K75QW62O 2013-03-16T18:20:05Z 2013-03-16T18:24:58Z 4517  293000 1361
Mar 16, 2013 6:25:21 PM net.blogracy.controller.DistributedHashTable$LookupListener <init>
INFO: lookup-req O2LNUOSQV6AMEJPEGJG7OVPK2XZQV3ZE
Mar 16, 2013 6:25:21 PM net.blogracy.controller.DistributedHashTable$LookupListener onMessage
INFO: lookup-ans O2LNUOSQV6AMEJPEGJG7OVPK2XZQV3ZE Y5IMI4QNI4QCWKIUGY2RUDJTTZKQOMHT 2013-03-16T18:22:57Z 2013-03-16T18:25:21Z 373
Mar 16, 2013 6:25:21 PM net.blogracy.controller.DistributedHashTable$DownloadListener <init>
INFO: download-req O2LNUOSQV6AMEJPEGJG7OVPK2XZQV3ZE Y5IMI4QNI4QCWKIUGY2RUDJTTZKQOMHT 2013-03-16T18:22:57Z
Mar 16, 2013 6:25:26 PM net.blogracy.controller.DistributedHashTable$DownloadListener onMessage
INFO: download-ans O2LNUOSQV6AMEJPEGJG7OVPK2XZQV3ZE Y5IMI4QNI4QCWKIUGY2RUDJTTZKQOMHT 2013-03-16T18:22:57Z 2013-03-16T18:25:26Z 4815  149000 1361
Mar 16, 2013 6:25:31 PM net.blogracy.controller.DistributedHashTable$DownloadListener onMessage
INFO: download-ans 7ZTKP6766VUCR2ORJIRNLCHE3JZU7VVH JNWPNIEU7GWR7JSAVACGNGTGF2BL2FZ5 2013-03-16T18:23:16Z 2013-03-16T18:25:31Z 67205  135000 1631
Mar 16, 2013 6:25:49 PM net.blogracy.controller.DistributedHashTable$LookupListener <init>
INFO: lookup-req QF57FG6NEFT7PHOEIFHV734DS7DAMSD2
Mar 16, 2013 6:25:49 PM net.blogracy.controller.DistributedHashTable$LookupListener onMessage
INFO: lookup-ans QF57FG6NEFT7PHOEIFHV734DS7DAMSD2 LIAORM2H74YTDRWL42XZ7WTG4MFOZAKW 2013-03-16T18:20:27Z 2013-03-16T18:25:49Z 319
Mar 16, 2013 6:25:49 PM net.blogracy.controller.DistributedHashTable$DownloadListener <init>
INFO: download-req QF57FG6NEFT7PHOEIFHV734DS7DAMSD2 LIAORM2H74YTDRWL42XZ7WTG4MFOZAKW 2013-03-16T18:20:27Z
Mar 16, 2013 6:25:49 PM net.blogracy.controller.DistributedHashTable$LookupListener onMessage
INFO: lookup-ans QF57FG6NEFT7PHOEIFHV734DS7DAMSD2 5XBIHJBUFHU5EUACPFIP27EUNTXD4E6Y 2013-03-16T18:16:06Z 2013-03-16T18:25:49Z 392
Mar 16, 2013 6:25:52 PM net.blogracy.controller.DistributedHashTable$DownloadListener onMessage
INFO: download-ans QF57FG6NEFT7PHOEIFHV734DS7DAMSD2 LIAORM2H74YTDRWL42XZ7WTG4MFOZAKW 2013-03-16T18:20:27Z 2013-03-16T18:25:52Z 3570  325000 1361
Mar 16, 2013 6:26:16 PM net.blogracy.controller.DistributedHashTable$LookupListener <init>
INFO: lookup-req H3WGV7IKX35FZNSFJYEZV4VCFQBSAKEL
Mar 16, 2013 6:26:17 PM net.blogracy.controller.DistributedHashTable$LookupListener onMessage
INFO: lookup-ans H3WGV7IKX35FZNSFJYEZV4VCFQBSAKEL CKA3HRZIO2STBEOHJQC5YVMTIHWBDX72 2013-03-16T18:22:44Z 2013-03-16T18:26:17Z 162
Mar 16, 2013 6:26:17 PM net.blogracy.controller.DistributedHashTable$DownloadListener <init>
INFO: download-req H3WGV7IKX35FZNSFJYEZV4VCFQBSAKEL CKA3HRZIO2STBEOHJQC5YVMTIHWBDX72 2013-03-16T18:22:44Z
Mar 16, 2013 6:26:21 PM net.blogracy.controller.DistributedHashTable$LookupListener onMessage
INFO: lookup-ans H3WGV7IKX35FZNSFJYEZV4VCFQBSAKEL Z42CUAO34IOHGX5P6UBWFXB6PJ4LZYUU 2013-03-16T18:18:20Z 2013-03-16T18:26:21Z 5035
Mar 16, 2013 6:26:26 PM net.blogracy.controller.DistributedHashTable$DownloadListener onMessage
INFO: download-ans H3WGV7IKX35FZNSFJYEZV4VCFQBSAKEL CKA3HRZIO2STBEOHJQC5YVMTIHWBDX72 2013-03-16T18:22:44Z 2013-03-16T18:26:26Z 9966  222000 1361
Mar 16, 2013 6:26:44 PM net.blogracy.controller.DistributedHashTable$LookupListener <init>
INFO: lookup-req JZY6QFFDO2J4RQXM6QEFAMCKPOBHYFWR
Mar 16, 2013 6:26:44 PM net.blogracy.controller.DistributedHashTable$LookupListener onMessage
INFO: lookup-ans JZY6QFFDO2J4RQXM6QEFAMCKPOBHYFWR A3Y3FLZIOFELAHR3J7HO36PVBBTELFNO 2013-03-16T18:23:35Z 2013-03-16T18:26:44Z 371
Mar 16, 2013 6:26:44 PM net.blogracy.controller.DistributedHashTable$DownloadListener <init>
INFO: download-req JZY6QFFDO2J4RQXM6QEFAMCKPOBHYFWR A3Y3FLZIOFELAHR3J7HO36PVBBTELFNO 2013-03-16T18:23:35Z
Mar 16, 2013 6:26:48 PM net.blogracy.controller.DistributedHashTable$DownloadListener onMessage
INFO: download-ans JZY6QFFDO2J4RQXM6QEFAMCKPOBHYFWR A3Y3FLZIOFELAHR3J7HO36PVBBTELFNO 2013-03-16T18:23:35Z 2013-03-16T18:26:48Z 3684  193000 1631
Mar 16, 2013 6:27:12 PM net.blogracy.controller.DistributedHashTable$LookupListener <init>
INFO: lookup-req IIFTPYF2OOSC7OUXFHS6JFLCSWAADAGJ
Mar 16, 2013 6:27:27 PM net.blogracy.controller.DistributedHashTable$LookupListener onMessage
INFO: lookup-ans IIFTPYF2OOSC7OUXFHS6JFLCSWAADAGJ 64HXMSLUGYFFR22DQVJDBVXNV2TPQWR7 2013-03-16T18:22:26Z 2013-03-16T18:27:27Z 14923
Mar 16, 2013 6:27:27 PM net.blogracy.controller.DistributedHashTable$DownloadListener <init>
INFO: download-req IIFTPYF2OOSC7OUXFHS6JFLCSWAADAGJ 64HXMSLUGYFFR22DQVJDBVXNV2TPQWR7 2013-03-16T18:22:26Z
Mar 16, 2013 6:27:40 PM net.blogracy.controller.DistributedHashTable$LookupListener <init>
INFO: lookup-req REHV2GKZR6BI6E66667LFTNPF42XF5QG
Mar 16, 2013 6:27:41 PM net.blogracy.controller.DistributedHashTable$LookupListener onMessage
INFO: lookup-ans REHV2GKZR6BI6E66667LFTNPF42XF5QG 5JIC7WA7SURC77MISKH4O5QE75JQCG2E 2013-03-16T18:21:58Z 2013-03-16T18:27:41Z 1775
Mar 16, 2013 6:27:41 PM net.blogracy.controller.DistributedHashTable$DownloadListener <init>
INFO: download-req REHV2GKZR6BI6E66667LFTNPF42XF5QG 5JIC7WA7SURC77MISKH4O5QE75JQCG2E 2013-03-16T18:21:58Z
Mar 16, 2013 6:27:54 PM net.blogracy.controller.DistributedHashTable$DownloadListener onMessage
INFO: download-ans IIFTPYF2OOSC7OUXFHS6JFLCSWAADAGJ 64HXMSLUGYFFR22DQVJDBVXNV2TPQWR7 2013-03-16T18:22:26Z 2013-03-16T18:27:54Z 27741  328000 1631
Mar 16, 2013 6:28:02 PM net.blogracy.controller.DistributedHashTable$DownloadListener onMessage
INFO: download-ans REHV2GKZR6BI6E66667LFTNPF42XF5QG 5JIC7WA7SURC77MISKH4O5QE75JQCG2E 2013-03-16T18:21:58Z 2013-03-16T18:28:02Z 20701  364000 1361
Mar 16, 2013 6:28:07 PM net.blogracy.controller.DistributedHashTable$LookupListener <init>
INFO: lookup-req GRRVNWRRA5YPOTR2NJTQK3RXPMJXGKYD
Mar 16, 2013 6:28:08 PM net.blogracy.controller.DistributedHashTable$LookupListener onMessage
INFO: lookup-ans GRRVNWRRA5YPOTR2NJTQK3RXPMJXGKYD UWXNS4MJQ2ESD5OR5YJGS6CP7UEXSFJA 2013-03-16T18:25:15Z 2013-03-16T18:28:08Z 304
Mar 16, 2013 6:28:08 PM net.blogracy.controller.DistributedHashTable$DownloadListener <init>
INFO: download-req GRRVNWRRA5YPOTR2NJTQK3RXPMJXGKYD UWXNS4MJQ2ESD5OR5YJGS6CP7UEXSFJA 2013-03-16T18:25:15Z
Mar 16, 2013 6:28:10 PM net.blogracy.controller.DistributedHashTable$DownloadListener onMessage
INFO: download-ans GRRVNWRRA5YPOTR2NJTQK3RXPMJXGKYD UWXNS4MJQ2ESD5OR5YJGS6CP7UEXSFJA 2013-03-16T18:25:15Z 2013-03-16T18:28:10Z 2626  175000 1361
Mar 16, 2013 6:28:35 PM net.blogracy.controller.DistributedHashTable$LookupListener <init>
INFO: lookup-req NUHK7LXC3JZZQ6EB2RKPAXMUYX7DF7UI
Mar 16, 2013 6:28:35 PM net.blogracy.controller.DistributedHashTable$LookupListener onMessage
INFO: lookup-ans NUHK7LXC3JZZQ6EB2RKPAXMUYX7DF7UI WDN6LOAJUXOEDFWKWQOIEY3U6EPXFH4Y 2013-03-16T18:24:10Z 2013-03-16T18:28:35Z 404
Mar 16, 2013 6:28:35 PM net.blogracy.controller.DistributedHashTable$DownloadListener <init>
INFO: download-req NUHK7LXC3JZZQ6EB2RKPAXMUYX7DF7UI WDN6LOAJUXOEDFWKWQOIEY3U6EPXFH4Y 2013-03-16T18:24:10Z
Mar 16, 2013 6:28:42 PM net.blogracy.controller.DistributedHashTable$DownloadListener onMessage
INFO: download-ans NUHK7LXC3JZZQ6EB2RKPAXMUYX7DF7UI WDN6LOAJUXOEDFWKWQOIEY3U6EPXFH4Y 2013-03-16T18:24:10Z 2013-03-16T18:28:42Z 6354  272000 1631
Mar 16, 2013 6:29:03 PM net.blogracy.controller.DistributedHashTable$LookupListener <init>
INFO: lookup-req NZYND2IBFUU2CASIWQ2GFYLCZFN7LPE4
Mar 16, 2013 6:29:31 PM net.blogracy.controller.DistributedHashTable$LookupListener <init>
INFO: lookup-req 7ZTKP6766VUCR2ORJIRNLCHE3JZU7VVH
Mar 16, 2013 6:29:31 PM net.blogracy.controller.DistributedHashTable$LookupListener onMessage
INFO: lookup-ans 7ZTKP6766VUCR2ORJIRNLCHE3JZU7VVH JNWPNIEU7GWR7JSAVACGNGTGF2BL2FZ5 2013-03-16T18:23:16Z 2013-03-16T18:29:31Z 315
Mar 16, 2013 6:29:58 PM net.blogracy.controller.DistributedHashTable$LookupListener <init>
INFO: lookup-req 734RO6HILBSFN7TZMLELFXELO3NKEQPG
Mar 16, 2013 6:29:59 PM net.blogracy.controller.DistributedHashTable$LookupListener onMessage
INFO: lookup-ans 734RO6HILBSFN7TZMLELFXELO3NKEQPG MFWTDQXZBTFLUDHEKGVLUU5GFLLYI2TX 2013-03-16T18:24:58Z 2013-03-16T18:29:59Z 119
Mar 16, 2013 6:29:59 PM net.blogracy.controller.DistributedHashTable$DownloadListener <init>
INFO: download-req 734RO6HILBSFN7TZMLELFXELO3NKEQPG MFWTDQXZBTFLUDHEKGVLUU5GFLLYI2TX 2013-03-16T18:24:58Z
Mar 16, 2013 6:30:12 PM net.blogracy.controller.DistributedHashTable$DownloadListener onMessage
INFO: download-ans 734RO6HILBSFN7TZMLELFXELO3NKEQPG MFWTDQXZBTFLUDHEKGVLUU5GFLLYI2TX 2013-03-16T18:24:58Z 2013-03-16T18:30:12Z 13496  314000 1631
Mar 16, 2013 6:30:26 PM net.blogracy.controller.DistributedHashTable$LookupListener <init>
INFO: lookup-req O2LNUOSQV6AMEJPEGJG7OVPK2XZQV3ZE
Mar 16, 2013 6:30:26 PM net.blogracy.controller.DistributedHashTable$LookupListener onMessage
INFO: lookup-ans O2LNUOSQV6AMEJPEGJG7OVPK2XZQV3ZE 6LOIDD5NWHLIFNTDNMXQQWGLRHO62CYT 2013-03-16T18:28:32Z 2013-03-16T18:30:26Z 319
Mar 16, 2013 6:30:26 PM net.blogracy.controller.DistributedHashTable$DownloadListener <init>
INFO: download-req O2LNUOSQV6AMEJPEGJG7OVPK2XZQV3ZE 6LOIDD5NWHLIFNTDNMXQQWGLRHO62CYT 2013-03-16T18:28:32Z
Mar 16, 2013 6:30:53 PM net.blogracy.controller.DistributedHashTable$LookupListener <init>
INFO: lookup-req QF57FG6NEFT7PHOEIFHV734DS7DAMSD2
Mar 16, 2013 6:30:53 PM net.blogracy.controller.DistributedHashTable$LookupListener onMessage
INFO: lookup-ans QF57FG6NEFT7PHOEIFHV734DS7DAMSD2 5XBIHJBUFHU5EUACPFIP27EUNTXD4E6Y 2013-03-16T18:16:06Z 2013-03-16T18:30:53Z 486
Mar 16, 2013 6:30:53 PM net.blogracy.controller.DistributedHashTable$LookupListener onMessage
INFO: lookup-ans QF57FG6NEFT7PHOEIFHV734DS7DAMSD2 LIAORM2H74YTDRWL42XZ7WTG4MFOZAKW 2013-03-16T18:20:27Z 2013-03-16T18:30:53Z 487
Mar 16, 2013 6:30:53 PM net.blogracy.controller.DistributedHashTable$LookupListener onMessage
INFO: lookup-ans QF57FG6NEFT7PHOEIFHV734DS7DAMSD2 TTTEQRJNVIXKVCSKSTIGT7GVJMGWGG5C 2013-03-16T18:26:13Z 2013-03-16T18:30:53Z 540
Mar 16, 2013 6:30:53 PM net.blogracy.controller.DistributedHashTable$DownloadListener <init>
INFO: download-req QF57FG6NEFT7PHOEIFHV734DS7DAMSD2 TTTEQRJNVIXKVCSKSTIGT7GVJMGWGG5C 2013-03-16T18:26:13Z
Mar 16, 2013 6:30:57 PM net.blogracy.controller.DistributedHashTable$DownloadListener onMessage
INFO: download-ans QF57FG6NEFT7PHOEIFHV734DS7DAMSD2 TTTEQRJNVIXKVCSKSTIGT7GVJMGWGG5C 2013-03-16T18:26:13Z 2013-03-16T18:30:57Z 3713  284000 1631
Mar 16, 2013 6:31:20 PM net.blogracy.controller.DistributedHashTable$LookupListener <init>
INFO: lookup-req H3WGV7IKX35FZNSFJYEZV4VCFQBSAKEL
Mar 16, 2013 6:31:20 PM net.blogracy.controller.DistributedHashTable$LookupListener onMessage
INFO: lookup-ans H3WGV7IKX35FZNSFJYEZV4VCFQBSAKEL A4XV4RJMMAVFWUR6CYP6GFFGLOLVZV7H 2013-03-16T18:28:03Z 2013-03-16T18:31:20Z 185
Mar 16, 2013 6:31:20 PM net.blogracy.controller.DistributedHashTable$DownloadListener <init>
INFO: download-req H3WGV7IKX35FZNSFJYEZV4VCFQBSAKEL A4XV4RJMMAVFWUR6CYP6GFFGLOLVZV7H 2013-03-16T18:28:03Z
Mar 16, 2013 6:31:20 PM net.blogracy.controller.DistributedHashTable$LookupListener onMessage
INFO: lookup-ans H3WGV7IKX35FZNSFJYEZV4VCFQBSAKEL CKA3HRZIO2STBEOHJQC5YVMTIHWBDX72 2013-03-16T18:22:44Z 2013-03-16T18:31:20Z 290
Mar 16, 2013 6:31:23 PM net.blogracy.controller.DistributedHashTable$LookupListener onMessage
INFO: lookup-ans H3WGV7IKX35FZNSFJYEZV4VCFQBSAKEL Z42CUAO34IOHGX5P6UBWFXB6PJ4LZYUU 2013-03-16T18:18:20Z 2013-03-16T18:31:23Z 2942
Mar 16, 2013 6:31:27 PM net.blogracy.controller.DistributedHashTable$DownloadListener onMessage
INFO: download-ans H3WGV7IKX35FZNSFJYEZV4VCFQBSAKEL A4XV4RJMMAVFWUR6CYP6GFFGLOLVZV7H 2013-03-16T18:28:03Z 2013-03-16T18:31:27Z 6510  204000 1631
Mar 16, 2013 6:31:47 PM net.blogracy.controller.DistributedHashTable$LookupListener <init>
INFO: lookup-req JZY6QFFDO2J4RQXM6QEFAMCKPOBHYFWR
Mar 16, 2013 6:31:48 PM net.blogracy.controller.DistributedHashTable$LookupListener onMessage
INFO: lookup-ans JZY6QFFDO2J4RQXM6QEFAMCKPOBHYFWR MZ3EUVHUVYWGS6VKKOTXKJZTDZTQARNZ 2013-03-16T18:28:17Z 2013-03-16T18:31:48Z 455
Mar 16, 2013 6:31:48 PM net.blogracy.controller.DistributedHashTable$DownloadListener <init>
INFO: download-req JZY6QFFDO2J4RQXM6QEFAMCKPOBHYFWR MZ3EUVHUVYWGS6VKKOTXKJZTDZTQARNZ 2013-03-16T18:28:17Z
Mar 16, 2013 6:31:57 PM net.blogracy.controller.DistributedHashTable$DownloadListener onMessage
INFO: download-ans JZY6QFFDO2J4RQXM6QEFAMCKPOBHYFWR MZ3EUVHUVYWGS6VKKOTXKJZTDZTQARNZ 2013-03-16T18:28:17Z 2013-03-16T18:31:57Z 9603  220000 1901
Mar 16, 2013 6:32:15 PM net.blogracy.controller.DistributedHashTable$LookupListener <init>
INFO: lookup-req IIFTPYF2OOSC7OUXFHS6JFLCSWAADAGJ
Mar 16, 2013 6:32:15 PM net.blogracy.controller.DistributedHashTable$LookupListener onMessage
INFO: lookup-ans IIFTPYF2OOSC7OUXFHS6JFLCSWAADAGJ YFELIYZHWWL37KC2FBMZ5SEHF3WI5YHZ 2013-03-16T18:28:11Z 2013-03-16T18:32:15Z 239
Mar 16, 2013 6:32:15 PM net.blogracy.controller.DistributedHashTable$DownloadListener <init>
INFO: download-req IIFTPYF2OOSC7OUXFHS6JFLCSWAADAGJ YFELIYZHWWL37KC2FBMZ5SEHF3WI5YHZ 2013-03-16T18:28:11Z
Mar 16, 2013 6:32:41 PM net.blogracy.controller.DistributedHashTable$DownloadListener onMessage
INFO: download-ans IIFTPYF2OOSC7OUXFHS6JFLCSWAADAGJ YFELIYZHWWL37KC2FBMZ5SEHF3WI5YHZ 2013-03-16T18:28:11Z 2013-03-16T18:32:41Z 25690  270000 1901
Mar 16, 2013 6:32:42 PM net.blogracy.controller.DistributedHashTable$LookupListener <init>
INFO: lookup-req REHV2GKZR6BI6E66667LFTNPF42XF5QG
Mar 16, 2013 6:32:43 PM net.blogracy.controller.DistributedHashTable$LookupListener onMessage
INFO: lookup-ans REHV2GKZR6BI6E66667LFTNPF42XF5QG K6DJDUOQKUCLVAX62GUUGGDC6IEKJTDV 2013-03-16T18:27:28Z 2013-03-16T18:32:43Z 962
Mar 16, 2013 6:32:43 PM net.blogracy.controller.DistributedHashTable$DownloadListener <init>
INFO: download-req REHV2GKZR6BI6E66667LFTNPF42XF5QG K6DJDUOQKUCLVAX62GUUGGDC6IEKJTDV 2013-03-16T18:27:28Z
Mar 16, 2013 6:32:44 PM net.blogracy.controller.DistributedHashTable$DownloadListener onMessage
INFO: download-ans O2LNUOSQV6AMEJPEGJG7OVPK2XZQV3ZE 6LOIDD5NWHLIFNTDNMXQQWGLRHO62CYT 2013-03-16T18:28:32Z 2013-03-16T18:32:44Z 137660  252000 1631
Mar 16, 2013 6:32:58 PM net.blogracy.controller.DistributedHashTable$DownloadListener onMessage
INFO: download-ans REHV2GKZR6BI6E66667LFTNPF42XF5QG K6DJDUOQKUCLVAX62GUUGGDC6IEKJTDV 2013-03-16T18:27:28Z 2013-03-16T18:32:58Z 15637  330000 1631
Mar 16, 2013 6:33:09 PM net.blogracy.controller.DistributedHashTable$LookupListener <init>
INFO: lookup-req GRRVNWRRA5YPOTR2NJTQK3RXPMJXGKYD
Mar 16, 2013 6:33:10 PM net.blogracy.controller.DistributedHashTable$LookupListener onMessage
INFO: lookup-ans GRRVNWRRA5YPOTR2NJTQK3RXPMJXGKYD NSE4XINKRJVWGIDYXLCUKMCEBKYN37GL 2013-03-16T18:29:24Z 2013-03-16T18:33:10Z 476
Mar 16, 2013 6:33:10 PM net.blogracy.controller.DistributedHashTable$DownloadListener <init>
INFO: download-req GRRVNWRRA5YPOTR2NJTQK3RXPMJXGKYD NSE4XINKRJVWGIDYXLCUKMCEBKYN37GL 2013-03-16T18:29:24Z
Mar 16, 2013 6:33:14 PM net.blogracy.controller.DistributedHashTable$DownloadListener onMessage
INFO: download-ans GRRVNWRRA5YPOTR2NJTQK3RXPMJXGKYD NSE4XINKRJVWGIDYXLCUKMCEBKYN37GL 2013-03-16T18:29:24Z 2013-03-16T18:33:14Z 4499  230000 1631
Mar 16, 2013 6:33:36 PM net.blogracy.controller.DistributedHashTable$LookupListener <init>
INFO: lookup-req NUHK7LXC3JZZQ6EB2RKPAXMUYX7DF7UI
Mar 16, 2013 6:33:37 PM net.blogracy.controller.DistributedHashTable$LookupListener onMessage
INFO: lookup-ans NUHK7LXC3JZZQ6EB2RKPAXMUYX7DF7UI AEJRHRPY5FFPAW2YXY4QMAX4WSSIYG4C 2013-03-16T18:32:28Z 2013-03-16T18:33:37Z 491
Mar 16, 2013 6:33:37 PM net.blogracy.controller.DistributedHashTable$DownloadListener <init>
INFO: download-req NUHK7LXC3JZZQ6EB2RKPAXMUYX7DF7UI AEJRHRPY5FFPAW2YXY4QMAX4WSSIYG4C 2013-03-16T18:32:28Z
