Mar 16, 2013 6:01:20 PM net.blogracy.controller.DistributedHashTable$LookupListener <init>
INFO: lookup-req OL65LQYSH3BAO6TGPHZIFC72WVGFD6PR
Mar 16, 2013 6:01:21 PM net.blogracy.controller.DistributedHashTable$LookupListener onMessage
INFO: lookup-ans OL65LQYSH3BAO6TGPHZIFC72WVGFD6PR ULZX3XTL5LYOQUK3MYNM65OH6RU6PLT4 2013-03-16T17:59:37Z 2013-03-16T18:01:21Z 408
Mar 16, 2013 6:01:21 PM net.blogracy.controller.DistributedHashTable$DownloadListener <init>
INFO: download-req OL65LQYSH3BAO6TGPHZIFC72WVGFD6PR ULZX3XTL5LYOQUK3MYNM65OH6RU6PLT4 2013-03-16T17:59:37Z
Mar 16, 2013 6:01:42 PM net.blogracy.controller.DistributedHashTable$DownloadListener onMessage
INFO: download-ans OL65LQYSH3BAO6TGPHZIFC72WVGFD6PR ULZX3XTL5LYOQUK3MYNM65OH6RU6PLT4 2013-03-16T17:59:37Z 2013-03-16T18:01:42Z 21884  125000 281
Mar 16, 2013 6:01:45 PM net.blogracy.controller.DistributedHashTable$LookupListener <init>
INFO: lookup-req 734RO6HILBSFN7TZMLELFXELO3NKEQPG
Mar 16, 2013 6:01:45 PM net.blogracy.controller.DistributedHashTable$LookupListener onMessage
INFO: lookup-ans 734RO6HILBSFN7TZMLELFXELO3NKEQPG H5W3IGDGYP4J7UFEPAJXWRA7EK45QLF5 2013-03-16T13:09:16Z 2013-03-16T18:01:45Z 402
Mar 16, 2013 6:01:45 PM net.blogracy.controller.DistributedHashTable$DownloadListener <init>
INFO: download-req 734RO6HILBSFN7TZMLELFXELO3NKEQPG H5W3IGDGYP4J7UFEPAJXWRA7EK45QLF5 2013-03-16T13:09:16Z
Mar 16, 2013 6:02:10 PM net.blogracy.controller.DistributedHashTable$LookupListener <init>
INFO: lookup-req O2LNUOSQV6AMEJPEGJG7OVPK2XZQV3ZE
Mar 16, 2013 6:02:21 PM net.blogracy.controller.DistributedHashTable$LookupListener onMessage
INFO: lookup-ans O2LNUOSQV6AMEJPEGJG7OVPK2XZQV3ZE ZQRW3VIBF6SMJC65MYWEURNKZS2A4KLN 2013-03-16T13:09:00Z 2013-03-16T18:02:21Z 11510
Mar 16, 2013 6:02:21 PM net.blogracy.controller.DistributedHashTable$DownloadListener <init>
INFO: download-req O2LNUOSQV6AMEJPEGJG7OVPK2XZQV3ZE ZQRW3VIBF6SMJC65MYWEURNKZS2A4KLN 2013-03-16T13:09:00Z
Mar 16, 2013 6:02:34 PM net.blogracy.controller.DistributedHashTable$LookupListener <init>
INFO: lookup-req QF57FG6NEFT7PHOEIFHV734DS7DAMSD2
Mar 16, 2013 6:02:35 PM net.blogracy.controller.DistributedHashTable$LookupListener onMessage
INFO: lookup-ans QF57FG6NEFT7PHOEIFHV734DS7DAMSD2 DE77UM3LKAZHKUYYG6RY5KE4VOGRR5RD 2013-03-16T18:00:50Z 2013-03-16T18:02:35Z 613
Mar 16, 2013 6:02:35 PM net.blogracy.controller.DistributedHashTable$DownloadListener <init>
INFO: download-req QF57FG6NEFT7PHOEIFHV734DS7DAMSD2 DE77UM3LKAZHKUYYG6RY5KE4VOGRR5RD 2013-03-16T18:00:50Z
Mar 16, 2013 6:02:59 PM net.blogracy.controller.DistributedHashTable$LookupListener <init>
INFO: lookup-req H3WGV7IKX35FZNSFJYEZV4VCFQBSAKEL
Mar 16, 2013 6:03:00 PM net.blogracy.controller.DistributedHashTable$LookupListener onMessage
INFO: lookup-ans H3WGV7IKX35FZNSFJYEZV4VCFQBSAKEL UPCMK534ZPTDLLBZVFHDFSGDWMZ3IQKE 2013-03-16T13:08:40Z 2013-03-16T18:03:00Z 550
Mar 16, 2013 6:03:00 PM net.blogracy.controller.DistributedHashTable$DownloadListener <init>
INFO: download-req H3WGV7IKX35FZNSFJYEZV4VCFQBSAKEL UPCMK534ZPTDLLBZVFHDFSGDWMZ3IQKE 2013-03-16T13:08:40Z
Mar 16, 2013 6:03:24 PM net.blogracy.controller.DistributedHashTable$LookupListener <init>
INFO: lookup-req JZY6QFFDO2J4RQXM6QEFAMCKPOBHYFWR
Mar 16, 2013 6:03:36 PM net.blogracy.controller.DistributedHashTable$LookupListener onMessage
INFO: lookup-ans JZY6QFFDO2J4RQXM6QEFAMCKPOBHYFWR Y4WKERKNNF3Y64CIY63RLLXQCO2ST7CP 2013-03-16T18:00:58Z 2013-03-16T18:03:36Z 12606
Mar 16, 2013 6:03:36 PM net.blogracy.controller.DistributedHashTable$DownloadListener <init>
INFO: download-req JZY6QFFDO2J4RQXM6QEFAMCKPOBHYFWR Y4WKERKNNF3Y64CIY63RLLXQCO2ST7CP 2013-03-16T18:00:58Z
Mar 16, 2013 6:03:48 PM net.blogracy.controller.DistributedHashTable$LookupListener <init>
INFO: lookup-req IIFTPYF2OOSC7OUXFHS6JFLCSWAADAGJ
Mar 16, 2013 6:03:49 PM net.blogracy.controller.DistributedHashTable$LookupListener onMessage
INFO: lookup-ans IIFTPYF2OOSC7OUXFHS6JFLCSWAADAGJ PWYNKLEIYCS65O5M6BOZKGNAAMJYWESA 2013-03-16T17:59:11Z 2013-03-16T18:03:49Z 352
Mar 16, 2013 6:03:49 PM net.blogracy.controller.DistributedHashTable$DownloadListener <init>
INFO: download-req IIFTPYF2OOSC7OUXFHS6JFLCSWAADAGJ PWYNKLEIYCS65O5M6BOZKGNAAMJYWESA 2013-03-16T17:59:11Z
Mar 16, 2013 6:03:53 PM net.blogracy.controller.DistributedHashTable$DownloadListener onMessage
INFO: download-ans IIFTPYF2OOSC7OUXFHS6JFLCSWAADAGJ PWYNKLEIYCS65O5M6BOZKGNAAMJYWESA 2013-03-16T17:59:11Z 2013-03-16T18:03:53Z 4054  282000 281
Mar 16, 2013 6:04:01 PM net.blogracy.controller.DistributedHashTable$DownloadListener onMessage
INFO: download-ans JZY6QFFDO2J4RQXM6QEFAMCKPOBHYFWR Y4WKERKNNF3Y64CIY63RLLXQCO2ST7CP 2013-03-16T18:00:58Z 2013-03-16T18:04:01Z 24349  183000 281
Mar 16, 2013 6:04:13 PM net.blogracy.controller.DistributedHashTable$LookupListener <init>
INFO: lookup-req REHV2GKZR6BI6E66667LFTNPF42XF5QG
Mar 16, 2013 6:04:14 PM net.blogracy.controller.DistributedHashTable$LookupListener onMessage
INFO: lookup-ans REHV2GKZR6BI6E66667LFTNPF42XF5QG PKSWSUPCRYEXKTEXVT4WDN35RMVBKDIM 2013-03-16T18:01:48Z 2013-03-16T18:04:14Z 1039
Mar 16, 2013 6:04:14 PM net.blogracy.controller.DistributedHashTable$DownloadListener <init>
INFO: download-req REHV2GKZR6BI6E66667LFTNPF42XF5QG PKSWSUPCRYEXKTEXVT4WDN35RMVBKDIM 2013-03-16T18:01:48Z
Mar 16, 2013 6:04:19 PM net.blogracy.controller.DistributedHashTable$DownloadListener onMessage
INFO: download-ans REHV2GKZR6BI6E66667LFTNPF42XF5QG PKSWSUPCRYEXKTEXVT4WDN35RMVBKDIM 2013-03-16T18:01:48Z 2013-03-16T18:04:19Z 4991  151000 281
Mar 16, 2013 6:04:38 PM net.blogracy.controller.DistributedHashTable$LookupListener <init>
INFO: lookup-req GRRVNWRRA5YPOTR2NJTQK3RXPMJXGKYD
Mar 16, 2013 6:04:52 PM net.blogracy.controller.DistributedHashTable$LookupListener onMessage
INFO: lookup-ans GRRVNWRRA5YPOTR2NJTQK3RXPMJXGKYD 4LW743KIE7EACNAUXDZQ37GY7JBFHCER 2013-03-16T18:04:08Z 2013-03-16T18:04:52Z 13636
Mar 16, 2013 6:04:52 PM net.blogracy.controller.DistributedHashTable$DownloadListener <init>
INFO: download-req GRRVNWRRA5YPOTR2NJTQK3RXPMJXGKYD 4LW743KIE7EACNAUXDZQ37GY7JBFHCER 2013-03-16T18:04:08Z
Mar 16, 2013 6:05:03 PM net.blogracy.controller.DistributedHashTable$LookupListener <init>
INFO: lookup-req NZYND2IBFUU2CASIWQ2GFYLCZFN7LPE4
Mar 16, 2013 6:05:09 PM net.blogracy.controller.DistributedHashTable$DownloadListener onMessage
INFO: download-ans GRRVNWRRA5YPOTR2NJTQK3RXPMJXGKYD 4LW743KIE7EACNAUXDZQ37GY7JBFHCER 2013-03-16T18:04:08Z 2013-03-16T18:05:09Z 17441  61000 281
Mar 16, 2013 6:05:27 PM net.blogracy.controller.DistributedHashTable$LookupListener <init>
INFO: lookup-req 7ZTKP6766VUCR2ORJIRNLCHE3JZU7VVH
Mar 16, 2013 6:05:28 PM net.blogracy.controller.DistributedHashTable$LookupListener onMessage
INFO: lookup-ans 7ZTKP6766VUCR2ORJIRNLCHE3JZU7VVH 5EQSEDWJMSCQ4KMIL3GMZS2PCS6GPKXX 2013-03-16T17:59:27Z 2013-03-16T18:05:28Z 324
Mar 16, 2013 6:05:28 PM net.blogracy.controller.DistributedHashTable$DownloadListener <init>
INFO: download-req 7ZTKP6766VUCR2ORJIRNLCHE3JZU7VVH 5EQSEDWJMSCQ4KMIL3GMZS2PCS6GPKXX 2013-03-16T17:59:27Z
Mar 16, 2013 6:05:45 PM net.blogracy.controller.DistributedHashTable$DownloadListener onMessage
INFO: download-ans 7ZTKP6766VUCR2ORJIRNLCHE3JZU7VVH 5EQSEDWJMSCQ4KMIL3GMZS2PCS6GPKXX 2013-03-16T17:59:27Z 2013-03-16T18:05:45Z 16878  378000 281
Mar 16, 2013 6:05:52 PM net.blogracy.controller.DistributedHashTable$LookupListener <init>
INFO: lookup-req OL65LQYSH3BAO6TGPHZIFC72WVGFD6PR
Mar 16, 2013 6:05:53 PM net.blogracy.controller.DistributedHashTable$LookupListener onMessage
INFO: lookup-ans OL65LQYSH3BAO6TGPHZIFC72WVGFD6PR ZHFAFQYE6GWAHRCSHOPMZ6OCM73S4KC7 2013-03-16T18:04:01Z 2013-03-16T18:05:53Z 428
Mar 16, 2013 6:05:53 PM net.blogracy.controller.DistributedHashTable$DownloadListener <init>
INFO: download-req OL65LQYSH3BAO6TGPHZIFC72WVGFD6PR ZHFAFQYE6GWAHRCSHOPMZ6OCM73S4KC7 2013-03-16T18:04:01Z
Mar 16, 2013 6:05:53 PM net.blogracy.controller.DistributedHashTable$LookupListener onMessage
INFO: lookup-ans OL65LQYSH3BAO6TGPHZIFC72WVGFD6PR ULZX3XTL5LYOQUK3MYNM65OH6RU6PLT4 2013-03-16T17:59:37Z 2013-03-16T18:05:53Z 725
Mar 16, 2013 6:06:18 PM net.blogracy.controller.DistributedHashTable$LookupListener <init>
INFO: lookup-req 734RO6HILBSFN7TZMLELFXELO3NKEQPG
Mar 16, 2013 6:06:19 PM net.blogracy.controller.DistributedHashTable$LookupListener onMessage
INFO: lookup-ans 734RO6HILBSFN7TZMLELFXELO3NKEQPG 4JPEZTL4YTTYP4ELO35SZXCOSZA2FWF7 2013-03-16T18:05:15Z 2013-03-16T18:06:19Z 973
Mar 16, 2013 6:06:19 PM net.blogracy.controller.DistributedHashTable$DownloadListener <init>
INFO: download-req 734RO6HILBSFN7TZMLELFXELO3NKEQPG 4JPEZTL4YTTYP4ELO35SZXCOSZA2FWF7 2013-03-16T18:05:15Z
Mar 16, 2013 6:06:44 PM net.blogracy.controller.DistributedHashTable$LookupListener <init>
INFO: lookup-req O2LNUOSQV6AMEJPEGJG7OVPK2XZQV3ZE
Mar 16, 2013 6:06:52 PM net.blogracy.controller.DistributedHashTable$DownloadListener onMessage
INFO: download-ans OL65LQYSH3BAO6TGPHZIFC72WVGFD6PR ZHFAFQYE6GWAHRCSHOPMZ6OCM73S4KC7 2013-03-16T18:04:01Z 2013-03-16T18:06:52Z 58841  171000 551
Mar 16, 2013 6:06:58 PM net.blogracy.controller.DistributedHashTable$LookupListener onMessage
INFO: lookup-ans O2LNUOSQV6AMEJPEGJG7OVPK2XZQV3ZE LS6ZM3SXJ3ELKHJLBDRM53GKPSQXKUCZ 2013-03-16T18:02:13Z 2013-03-16T18:06:58Z 13229
Mar 16, 2013 6:06:58 PM net.blogracy.controller.DistributedHashTable$DownloadListener <init>
INFO: download-req O2LNUOSQV6AMEJPEGJG7OVPK2XZQV3ZE LS6ZM3SXJ3ELKHJLBDRM53GKPSQXKUCZ 2013-03-16T18:02:13Z
Mar 16, 2013 6:06:58 PM net.blogracy.controller.DistributedHashTable$LookupListener onMessage
INFO: lookup-ans O2LNUOSQV6AMEJPEGJG7OVPK2XZQV3ZE ZQRW3VIBF6SMJC65MYWEURNKZS2A4KLN 2013-03-16T13:09:00Z 2013-03-16T18:06:58Z 13389
Mar 16, 2013 6:06:58 PM net.blogracy.controller.DistributedHashTable$DownloadListener <init>
INFO: download-req O2LNUOSQV6AMEJPEGJG7OVPK2XZQV3ZE ZQRW3VIBF6SMJC65MYWEURNKZS2A4KLN 2013-03-16T13:09:00Z
Mar 16, 2013 6:07:02 PM net.blogracy.controller.DistributedHashTable$DownloadListener onMessage
INFO: download-ans O2LNUOSQV6AMEJPEGJG7OVPK2XZQV3ZE LS6ZM3SXJ3ELKHJLBDRM53GKPSQXKUCZ 2013-03-16T18:02:13Z 2013-03-16T18:07:02Z 4123  289000 281
Mar 16, 2013 6:07:10 PM net.blogracy.controller.DistributedHashTable$LookupListener <init>
INFO: lookup-req QF57FG6NEFT7PHOEIFHV734DS7DAMSD2
Mar 16, 2013 6:07:11 PM net.blogracy.controller.DistributedHashTable$LookupListener onMessage
INFO: lookup-ans QF57FG6NEFT7PHOEIFHV734DS7DAMSD2 OHTOIA27AINKRO6AR7SB3YPE42BNAWBA 2013-03-16T18:05:11Z 2013-03-16T18:07:11Z 382
Mar 16, 2013 6:07:11 PM net.blogracy.controller.DistributedHashTable$DownloadListener <init>
INFO: download-req QF57FG6NEFT7PHOEIFHV734DS7DAMSD2 OHTOIA27AINKRO6AR7SB3YPE42BNAWBA 2013-03-16T18:05:11Z
Mar 16, 2013 6:07:15 PM net.blogracy.controller.DistributedHashTable$DownloadListener onMessage
INFO: download-ans QF57FG6NEFT7PHOEIFHV734DS7DAMSD2 OHTOIA27AINKRO6AR7SB3YPE42BNAWBA 2013-03-16T18:05:11Z 2013-03-16T18:07:15Z 4786  124000 551
Mar 16, 2013 6:07:27 PM net.blogracy.controller.DistributedHashTable$DownloadListener onMessage
INFO: download-ans 734RO6HILBSFN7TZMLELFXELO3NKEQPG 4JPEZTL4YTTYP4ELO35SZXCOSZA2FWF7 2013-03-16T18:05:15Z 2013-03-16T18:07:27Z 67103  132000 551
Mar 16, 2013 6:07:36 PM net.blogracy.controller.DistributedHashTable$LookupListener <init>
INFO: lookup-req H3WGV7IKX35FZNSFJYEZV4VCFQBSAKEL
Mar 16, 2013 6:07:37 PM net.blogracy.controller.DistributedHashTable$LookupListener onMessage
INFO: lookup-ans H3WGV7IKX35FZNSFJYEZV4VCFQBSAKEL Z4FN4OO6WJKRGHFGSCWRPKP5Q553M2C3 2013-03-16T18:03:20Z 2013-03-16T18:07:37Z 522
Mar 16, 2013 6:07:37 PM net.blogracy.controller.DistributedHashTable$DownloadListener <init>
INFO: download-req H3WGV7IKX35FZNSFJYEZV4VCFQBSAKEL Z4FN4OO6WJKRGHFGSCWRPKP5Q553M2C3 2013-03-16T18:03:20Z
Mar 16, 2013 6:07:45 PM net.blogracy.controller.DistributedHashTable$DownloadListener onMessage
INFO: download-ans H3WGV7IKX35FZNSFJYEZV4VCFQBSAKEL Z4FN4OO6WJKRGHFGSCWRPKP5Q553M2C3 2013-03-16T18:03:20Z 2013-03-16T18:07:45Z 8357  265000 281
Mar 16, 2013 6:08:02 PM net.blogracy.controller.DistributedHashTable$LookupListener <init>
INFO: lookup-req JZY6QFFDO2J4RQXM6QEFAMCKPOBHYFWR
Mar 16, 2013 6:08:03 PM net.blogracy.controller.DistributedHashTable$LookupListener onMessage
INFO: lookup-ans JZY6QFFDO2J4RQXM6QEFAMCKPOBHYFWR KZ2C6SHTXJBUB7USHES4LSYPCS4R27RI 2013-03-16T18:05:17Z 2013-03-16T18:08:03Z 510
Mar 16, 2013 6:08:03 PM net.blogracy.controller.DistributedHashTable$DownloadListener <init>
INFO: download-req JZY6QFFDO2J4RQXM6QEFAMCKPOBHYFWR KZ2C6SHTXJBUB7USHES4LSYPCS4R27RI 2013-03-16T18:05:17Z
Mar 16, 2013 6:08:28 PM net.blogracy.controller.DistributedHashTable$LookupListener <init>
INFO: lookup-req IIFTPYF2OOSC7OUXFHS6JFLCSWAADAGJ
Mar 16, 2013 6:08:28 PM net.blogracy.controller.DistributedHashTable$LookupListener onMessage
INFO: lookup-ans IIFTPYF2OOSC7OUXFHS6JFLCSWAADAGJ PWYNKLEIYCS65O5M6BOZKGNAAMJYWESA 2013-03-16T17:59:11Z 2013-03-16T18:08:28Z 447
Mar 16, 2013 6:08:43 PM net.blogracy.controller.DistributedHashTable$LookupListener onMessage
INFO: lookup-ans IIFTPYF2OOSC7OUXFHS6JFLCSWAADAGJ TRPH22QLOQA5CACJICWAD6YFZWOXPZOZ 2013-03-16T18:04:27Z 2013-03-16T18:08:43Z 14562
Mar 16, 2013 6:08:43 PM net.blogracy.controller.DistributedHashTable$DownloadListener <init>
INFO: download-req IIFTPYF2OOSC7OUXFHS6JFLCSWAADAGJ TRPH22QLOQA5CACJICWAD6YFZWOXPZOZ 2013-03-16T18:04:27Z
Mar 16, 2013 6:08:46 PM net.blogracy.controller.DistributedHashTable$DownloadListener onMessage
INFO: download-ans JZY6QFFDO2J4RQXM6QEFAMCKPOBHYFWR KZ2C6SHTXJBUB7USHES4LSYPCS4R27RI 2013-03-16T18:05:17Z 2013-03-16T18:08:46Z 43855  209000 551
Mar 16, 2013 6:08:54 PM net.blogracy.controller.DistributedHashTable$LookupListener <init>
INFO: lookup-req REHV2GKZR6BI6E66667LFTNPF42XF5QG
Mar 16, 2013 6:08:54 PM net.blogracy.controller.DistributedHashTable$LookupListener onMessage
INFO: lookup-ans REHV2GKZR6BI6E66667LFTNPF42XF5QG 655CA2N5YGIJJXBRY6QNKWPGYBCXZ74H 2013-03-16T18:07:11Z 2013-03-16T18:08:54Z 424
Mar 16, 2013 6:08:54 PM net.blogracy.controller.DistributedHashTable$DownloadListener <init>
INFO: download-req REHV2GKZR6BI6E66667LFTNPF42XF5QG 655CA2N5YGIJJXBRY6QNKWPGYBCXZ74H 2013-03-16T18:07:11Z
Mar 16, 2013 6:08:59 PM net.blogracy.controller.DistributedHashTable$DownloadListener onMessage
INFO: download-ans REHV2GKZR6BI6E66667LFTNPF42XF5QG 655CA2N5YGIJJXBRY6QNKWPGYBCXZ74H 2013-03-16T18:07:11Z 2013-03-16T18:08:59Z 4825  108000 551
Mar 16, 2013 6:09:03 PM net.blogracy.controller.DistributedHashTable$DownloadListener onMessage
INFO: download-ans IIFTPYF2OOSC7OUXFHS6JFLCSWAADAGJ TRPH22QLOQA5CACJICWAD6YFZWOXPZOZ 2013-03-16T18:04:27Z 2013-03-16T18:09:03Z 20493  276000 551
Mar 16, 2013 6:09:20 PM net.blogracy.controller.DistributedHashTable$LookupListener <init>
INFO: lookup-req GRRVNWRRA5YPOTR2NJTQK3RXPMJXGKYD
Mar 16, 2013 6:09:33 PM net.blogracy.controller.DistributedHashTable$LookupListener onMessage
INFO: lookup-ans GRRVNWRRA5YPOTR2NJTQK3RXPMJXGKYD ZA6C4BTV7RGFFYV5UGS7CDTWOB4K6VF7 2013-03-16T18:09:20Z 2013-03-16T18:09:33Z 12977
Mar 16, 2013 6:09:33 PM net.blogracy.controller.DistributedHashTable$DownloadListener <init>
INFO: download-req GRRVNWRRA5YPOTR2NJTQK3RXPMJXGKYD ZA6C4BTV7RGFFYV5UGS7CDTWOB4K6VF7 2013-03-16T18:09:20Z
Mar 16, 2013 6:09:37 PM net.blogracy.controller.DistributedHashTable$DownloadListener onMessage
INFO: download-ans GRRVNWRRA5YPOTR2NJTQK3RXPMJXGKYD ZA6C4BTV7RGFFYV5UGS7CDTWOB4K6VF7 2013-03-16T18:09:20Z 2013-03-16T18:09:37Z 3742  17000 551
Mar 16, 2013 6:09:46 PM net.blogracy.controller.DistributedHashTable$LookupListener <init>
INFO: lookup-req NZYND2IBFUU2CASIWQ2GFYLCZFN7LPE4
Mar 16, 2013 6:10:12 PM net.blogracy.controller.DistributedHashTable$LookupListener <init>
INFO: lookup-req 7ZTKP6766VUCR2ORJIRNLCHE3JZU7VVH
Mar 16, 2013 6:10:12 PM net.blogracy.controller.DistributedHashTable$LookupListener onMessage
INFO: lookup-ans 7ZTKP6766VUCR2ORJIRNLCHE3JZU7VVH 5EQSEDWJMSCQ4KMIL3GMZS2PCS6GPKXX 2013-03-16T17:59:27Z 2013-03-16T18:10:12Z 294
Mar 16, 2013 6:10:13 PM net.blogracy.controller.DistributedHashTable$LookupListener onMessage
INFO: lookup-ans 7ZTKP6766VUCR2ORJIRNLCHE3JZU7VVH AKFOUIDBUHYB3ISP7IVA226TI73VIR4B 2013-03-16T18:08:38Z 2013-03-16T18:10:13Z 864
Mar 16, 2013 6:10:13 PM net.blogracy.controller.DistributedHashTable$DownloadListener <init>
INFO: download-req 7ZTKP6766VUCR2ORJIRNLCHE3JZU7VVH AKFOUIDBUHYB3ISP7IVA226TI73VIR4B 2013-03-16T18:08:38Z
Mar 16, 2013 6:10:28 PM net.blogracy.controller.DistributedHashTable$DownloadListener onMessage
INFO: download-ans 7ZTKP6766VUCR2ORJIRNLCHE3JZU7VVH AKFOUIDBUHYB3ISP7IVA226TI73VIR4B 2013-03-16T18:08:38Z 2013-03-16T18:10:28Z 14988  110000 821
Mar 16, 2013 6:10:38 PM net.blogracy.controller.DistributedHashTable$LookupListener <init>
INFO: lookup-req OL65LQYSH3BAO6TGPHZIFC72WVGFD6PR
Mar 16, 2013 6:10:38 PM net.blogracy.controller.DistributedHashTable$LookupListener onMessage
INFO: lookup-ans OL65LQYSH3BAO6TGPHZIFC72WVGFD6PR YJ3REXKASLWN2DNYPMB55TTUZWVJ6LXO 2013-03-16T18:08:45Z 2013-03-16T18:10:38Z 451
Mar 16, 2013 6:10:38 PM net.blogracy.controller.DistributedHashTable$DownloadListener <init>
INFO: download-req OL65LQYSH3BAO6TGPHZIFC72WVGFD6PR YJ3REXKASLWN2DNYPMB55TTUZWVJ6LXO 2013-03-16T18:08:45Z
Mar 16, 2013 6:11:00 PM net.blogracy.controller.DistributedHashTable$LookupListener <init>
INFO: lookup-req 734RO6HILBSFN7TZMLELFXELO3NKEQPG
Mar 16, 2013 6:11:00 PM net.blogracy.controller.DistributedHashTable$LookupListener onMessage
INFO: lookup-ans 734RO6HILBSFN7TZMLELFXELO3NKEQPG 3CY6YVUAHLZ2WUCZTAD4MZJ3IJ5JRAC7 2013-03-16T18:00:41Z 2013-03-16T18:11:00Z 465
Mar 16, 2013 6:11:01 PM net.blogracy.controller.DistributedHashTable$LookupListener onMessage
INFO: lookup-ans 734RO6HILBSFN7TZMLELFXELO3NKEQPG ML4BERGJXENOWV2YME6E7LIKUKRV3TIL 2013-03-16T18:09:51Z 2013-03-16T18:11:01Z 958
Mar 16, 2013 6:11:01 PM net.blogracy.controller.DistributedHashTable$DownloadListener <init>
INFO: download-req 734RO6HILBSFN7TZMLELFXELO3NKEQPG ML4BERGJXENOWV2YME6E7LIKUKRV3TIL 2013-03-16T18:09:51Z
Mar 16, 2013 6:11:01 PM net.blogracy.controller.DistributedHashTable$DownloadListener onMessage
INFO: download-ans OL65LQYSH3BAO6TGPHZIFC72WVGFD6PR YJ3REXKASLWN2DNYPMB55TTUZWVJ6LXO 2013-03-16T18:08:45Z 2013-03-16T18:11:01Z 22822  136000 821
Mar 16, 2013 6:11:15 PM net.blogracy.controller.DistributedHashTable$DownloadListener onMessage
INFO: download-ans 734RO6HILBSFN7TZMLELFXELO3NKEQPG ML4BERGJXENOWV2YME6E7LIKUKRV3TIL 2013-03-16T18:09:51Z 2013-03-16T18:11:15Z 14549  84000 821
Mar 16, 2013 6:11:21 PM net.blogracy.controller.DistributedHashTable$LookupListener <init>
INFO: lookup-req O2LNUOSQV6AMEJPEGJG7OVPK2XZQV3ZE
Mar 16, 2013 6:11:22 PM net.blogracy.controller.DistributedHashTable$LookupListener onMessage
INFO: lookup-ans O2LNUOSQV6AMEJPEGJG7OVPK2XZQV3ZE ZQRW3VIBF6SMJC65MYWEURNKZS2A4KLN 2013-03-16T13:09:00Z 2013-03-16T18:11:22Z 518
Mar 16, 2013 6:11:22 PM net.blogracy.controller.DistributedHashTable$LookupListener onMessage
INFO: lookup-ans O2LNUOSQV6AMEJPEGJG7OVPK2XZQV3ZE MMYEB4X5475J7DYMUD2N4UPKMJQGWB5G 2013-03-16T18:06:29Z 2013-03-16T18:11:22Z 606
Mar 16, 2013 6:11:22 PM net.blogracy.controller.DistributedHashTable$DownloadListener <init>
INFO: download-req O2LNUOSQV6AMEJPEGJG7OVPK2XZQV3ZE MMYEB4X5475J7DYMUD2N4UPKMJQGWB5G 2013-03-16T18:06:29Z
Mar 16, 2013 6:11:27 PM net.blogracy.controller.DistributedHashTable$DownloadListener onMessage
INFO: download-ans O2LNUOSQV6AMEJPEGJG7OVPK2XZQV3ZE MMYEB4X5475J7DYMUD2N4UPKMJQGWB5G 2013-03-16T18:06:29Z 2013-03-16T18:11:27Z 4473  298000 551
Mar 16, 2013 6:11:43 PM net.blogracy.controller.DistributedHashTable$LookupListener <init>
INFO: lookup-req QF57FG6NEFT7PHOEIFHV734DS7DAMSD2
Mar 16, 2013 6:11:44 PM net.blogracy.controller.DistributedHashTable$LookupListener onMessage
INFO: lookup-ans QF57FG6NEFT7PHOEIFHV734DS7DAMSD2 OHTOIA27AINKRO6AR7SB3YPE42BNAWBA 2013-03-16T18:05:11Z 2013-03-16T18:11:44Z 463
Mar 16, 2013 6:12:05 PM net.blogracy.controller.DistributedHashTable$LookupListener <init>
INFO: lookup-req H3WGV7IKX35FZNSFJYEZV4VCFQBSAKEL
Mar 16, 2013 6:12:06 PM net.blogracy.controller.DistributedHashTable$LookupListener onMessage
INFO: lookup-ans H3WGV7IKX35FZNSFJYEZV4VCFQBSAKEL BFSRSUU4VWN6CD3S6IRIIJ44MIYNIBXD 2013-03-16T18:08:25Z 2013-03-16T18:12:06Z 442
Mar 16, 2013 6:12:06 PM net.blogracy.controller.DistributedHashTable$DownloadListener <init>
INFO: download-req H3WGV7IKX35FZNSFJYEZV4VCFQBSAKEL BFSRSUU4VWN6CD3S6IRIIJ44MIYNIBXD 2013-03-16T18:08:25Z
Mar 16, 2013 6:12:10 PM net.blogracy.controller.DistributedHashTable$DownloadListener onMessage
INFO: download-ans H3WGV7IKX35FZNSFJYEZV4VCFQBSAKEL BFSRSUU4VWN6CD3S6IRIIJ44MIYNIBXD 2013-03-16T18:08:25Z 2013-03-16T18:12:10Z 3826  225000 551
Mar 16, 2013 6:12:27 PM net.blogracy.controller.DistributedHashTable$LookupListener <init>
INFO: lookup-req JZY6QFFDO2J4RQXM6QEFAMCKPOBHYFWR
Mar 16, 2013 6:12:38 PM net.blogracy.controller.DistributedHashTable$LookupListener onMessage
INFO: lookup-ans JZY6QFFDO2J4RQXM6QEFAMCKPOBHYFWR 6YZXRGGAIG26LKSY2PYYV6NYINBHNZJR 2013-03-16T18:10:07Z 2013-03-16T18:12:38Z 11120
Mar 16, 2013 6:12:38 PM net.blogracy.controller.DistributedHashTable$DownloadListener <init>
INFO: download-req JZY6QFFDO2J4RQXM6QEFAMCKPOBHYFWR 6YZXRGGAIG26LKSY2PYYV6NYINBHNZJR 2013-03-16T18:10:07Z
Mar 16, 2013 6:12:49 PM net.blogracy.controller.DistributedHashTable$LookupListener <init>
INFO: lookup-req IIFTPYF2OOSC7OUXFHS6JFLCSWAADAGJ
Mar 16, 2013 6:12:49 PM net.blogracy.controller.DistributedHashTable$LookupListener onMessage
INFO: lookup-ans IIFTPYF2OOSC7OUXFHS6JFLCSWAADAGJ PWYNKLEIYCS65O5M6BOZKGNAAMJYWESA 2013-03-16T17:59:11Z 2013-03-16T18:12:49Z 370
Mar 16, 2013 6:13:03 PM net.blogracy.controller.DistributedHashTable$LookupListener onMessage
INFO: lookup-ans IIFTPYF2OOSC7OUXFHS6JFLCSWAADAGJ NQ5OQZBPOGPGGIKIOA6P3SAONI5KVIEU 2013-03-16T18:08:41Z 2013-03-16T18:13:03Z 14297
Mar 16, 2013 6:13:03 PM net.blogracy.controller.DistributedHashTable$DownloadListener <init>
INFO: download-req IIFTPYF2OOSC7OUXFHS6JFLCSWAADAGJ NQ5OQZBPOGPGGIKIOA6P3SAONI5KVIEU 2013-03-16T18:08:41Z
Mar 16, 2013 6:13:11 PM net.blogracy.controller.DistributedHashTable$LookupListener <init>
INFO: lookup-req REHV2GKZR6BI6E66667LFTNPF42XF5QG
Mar 16, 2013 6:13:11 PM net.blogracy.controller.DistributedHashTable$LookupListener onMessage
INFO: lookup-ans REHV2GKZR6BI6E66667LFTNPF42XF5QG ENEB2UPXBYABLVUMAE2NDLQ7WZCLK46H 2013-03-16T18:11:23Z 2013-03-16T18:13:11Z 425
Mar 16, 2013 6:13:11 PM net.blogracy.controller.DistributedHashTable$DownloadListener <init>
INFO: download-req REHV2GKZR6BI6E66667LFTNPF42XF5QG ENEB2UPXBYABLVUMAE2NDLQ7WZCLK46H 2013-03-16T18:11:23Z
Mar 16, 2013 6:13:12 PM net.blogracy.controller.DistributedHashTable$DownloadListener onMessage
INFO: download-ans JZY6QFFDO2J4RQXM6QEFAMCKPOBHYFWR 6YZXRGGAIG26LKSY2PYYV6NYINBHNZJR 2013-03-16T18:10:07Z 2013-03-16T18:13:12Z 33477  185000 821
Mar 16, 2013 6:13:27 PM net.blogracy.controller.DistributedHashTable$DownloadListener onMessage
INFO: download-ans IIFTPYF2OOSC7OUXFHS6JFLCSWAADAGJ NQ5OQZBPOGPGGIKIOA6P3SAONI5KVIEU 2013-03-16T18:08:41Z 2013-03-16T18:13:27Z 23588  286000 821
Mar 16, 2013 6:13:33 PM net.blogracy.controller.DistributedHashTable$LookupListener <init>
INFO: lookup-req GRRVNWRRA5YPOTR2NJTQK3RXPMJXGKYD
Mar 16, 2013 6:13:43 PM net.blogracy.controller.DistributedHashTable$LookupListener onMessage
INFO: lookup-ans GRRVNWRRA5YPOTR2NJTQK3RXPMJXGKYD ZA6C4BTV7RGFFYV5UGS7CDTWOB4K6VF7 2013-03-16T18:09:20Z 2013-03-16T18:13:43Z 10603
Mar 16, 2013 6:13:51 PM net.blogracy.controller.DistributedHashTable$DownloadListener onMessage
INFO: download-ans REHV2GKZR6BI6E66667LFTNPF42XF5QG ENEB2UPXBYABLVUMAE2NDLQ7WZCLK46H 2013-03-16T18:11:23Z 2013-03-16T18:13:51Z 39379  148000 821
Mar 16, 2013 6:13:55 PM net.blogracy.controller.DistributedHashTable$LookupListener <init>
INFO: lookup-req NZYND2IBFUU2CASIWQ2GFYLCZFN7LPE4
Mar 16, 2013 6:14:17 PM net.blogracy.controller.DistributedHashTable$LookupListener <init>
INFO: lookup-req 7ZTKP6766VUCR2ORJIRNLCHE3JZU7VVH
Mar 16, 2013 6:14:17 PM net.blogracy.controller.DistributedHashTable$LookupListener onMessage
INFO: lookup-ans 7ZTKP6766VUCR2ORJIRNLCHE3JZU7VVH 5EQSEDWJMSCQ4KMIL3GMZS2PCS6GPKXX 2013-03-16T17:59:27Z 2013-03-16T18:14:17Z 377
Mar 16, 2013 6:14:17 PM net.blogracy.controller.DistributedHashTable$LookupListener onMessage
INFO: lookup-ans 7ZTKP6766VUCR2ORJIRNLCHE3JZU7VVH AKFOUIDBUHYB3ISP7IVA226TI73VIR4B 2013-03-16T18:08:38Z 2013-03-16T18:14:17Z 425
Mar 16, 2013 6:14:39 PM net.blogracy.controller.DistributedHashTable$LookupListener <init>
INFO: lookup-req OL65LQYSH3BAO6TGPHZIFC72WVGFD6PR
Mar 16, 2013 6:14:39 PM net.blogracy.controller.DistributedHashTable$LookupListener onMessage
INFO: lookup-ans OL65LQYSH3BAO6TGPHZIFC72WVGFD6PR YJ3REXKASLWN2DNYPMB55TTUZWVJ6LXO 2013-03-16T18:08:45Z 2013-03-16T18:14:39Z 641
Mar 16, 2013 6:15:01 PM net.blogracy.controller.DistributedHashTable$LookupListener <init>
INFO: lookup-req 734RO6HILBSFN7TZMLELFXELO3NKEQPG
Mar 16, 2013 6:15:01 PM net.blogracy.controller.DistributedHashTable$LookupListener onMessage
INFO: lookup-ans 734RO6HILBSFN7TZMLELFXELO3NKEQPG ML4BERGJXENOWV2YME6E7LIKUKRV3TIL 2013-03-16T18:09:51Z 2013-03-16T18:15:01Z 392
Mar 16, 2013 6:15:23 PM net.blogracy.controller.DistributedHashTable$LookupListener <init>
INFO: lookup-req O2LNUOSQV6AMEJPEGJG7OVPK2XZQV3ZE
Mar 16, 2013 6:15:23 PM net.blogracy.controller.DistributedHashTable$LookupListener onMessage
INFO: lookup-ans O2LNUOSQV6AMEJPEGJG7OVPK2XZQV3ZE G4LVTULBHEKYGIZ2ZL3UVJBU3RN6YZIX 2013-03-16T18:11:56Z 2013-03-16T18:15:23Z 506
Mar 16, 2013 6:15:23 PM net.blogracy.controller.DistributedHashTable$DownloadListener <init>
INFO: download-req O2LNUOSQV6AMEJPEGJG7OVPK2XZQV3ZE G4LVTULBHEKYGIZ2ZL3UVJBU3RN6YZIX 2013-03-16T18:11:56Z
Mar 16, 2013 6:15:28 PM net.blogracy.controller.DistributedHashTable$DownloadListener onMessage
INFO: download-ans O2LNUOSQV6AMEJPEGJG7OVPK2XZQV3ZE G4LVTULBHEKYGIZ2ZL3UVJBU3RN6YZIX 2013-03-16T18:11:56Z 2013-03-16T18:15:28Z 4250  212000 821
Mar 16, 2013 6:15:45 PM net.blogracy.controller.DistributedHashTable$LookupListener <init>
INFO: lookup-req QF57FG6NEFT7PHOEIFHV734DS7DAMSD2
Mar 16, 2013 6:15:46 PM net.blogracy.controller.DistributedHashTable$LookupListener onMessage
INFO: lookup-ans QF57FG6NEFT7PHOEIFHV734DS7DAMSD2 VW4FLZIVGRM5ZHKBYDTX6LNR2LEMLEDD 2013-03-16T18:11:03Z 2013-03-16T18:15:46Z 453
Mar 16, 2013 6:15:46 PM net.blogracy.controller.DistributedHashTable$DownloadListener <init>
INFO: download-req QF57FG6NEFT7PHOEIFHV734DS7DAMSD2 VW4FLZIVGRM5ZHKBYDTX6LNR2LEMLEDD 2013-03-16T18:11:03Z
Mar 16, 2013 6:15:46 PM net.blogracy.controller.DistributedHashTable$LookupListener onMessage
INFO: lookup-ans QF57FG6NEFT7PHOEIFHV734DS7DAMSD2 OHTOIA27AINKRO6AR7SB3YPE42BNAWBA 2013-03-16T18:05:11Z 2013-03-16T18:15:46Z 536
Mar 16, 2013 6:16:07 PM net.blogracy.controller.DistributedHashTable$LookupListener <init>
INFO: lookup-req H3WGV7IKX35FZNSFJYEZV4VCFQBSAKEL
Mar 16, 2013 6:16:08 PM net.blogracy.controller.DistributedHashTable$LookupListener onMessage
INFO: lookup-ans H3WGV7IKX35FZNSFJYEZV4VCFQBSAKEL A54C3TZSW5AY253DL6BMHDBMQASN3QCC 2013-03-16T18:13:24Z 2013-03-16T18:16:08Z 399
Mar 16, 2013 6:16:08 PM net.blogracy.controller.DistributedHashTable$DownloadListener <init>
INFO: download-req H3WGV7IKX35FZNSFJYEZV4VCFQBSAKEL A54C3TZSW5AY253DL6BMHDBMQASN3QCC 2013-03-16T18:13:24Z
Mar 16, 2013 6:16:17 PM net.blogracy.controller.DistributedHashTable$DownloadListener onMessage
INFO: download-ans H3WGV7IKX35FZNSFJYEZV4VCFQBSAKEL A54C3TZSW5AY253DL6BMHDBMQASN3QCC 2013-03-16T18:13:24Z 2013-03-16T18:16:17Z 9630  173000 821
Mar 16, 2013 6:16:26 PM net.blogracy.controller.DistributedHashTable$DownloadListener onMessage
INFO: download-ans QF57FG6NEFT7PHOEIFHV734DS7DAMSD2 VW4FLZIVGRM5ZHKBYDTX6LNR2LEMLEDD 2013-03-16T18:11:03Z 2013-03-16T18:16:26Z 40593  323000 821
Mar 16, 2013 6:16:29 PM net.blogracy.controller.DistributedHashTable$LookupListener <init>
INFO: lookup-req JZY6QFFDO2J4RQXM6QEFAMCKPOBHYFWR
Mar 16, 2013 6:16:30 PM net.blogracy.controller.DistributedHashTable$LookupListener onMessage
INFO: lookup-ans JZY6QFFDO2J4RQXM6QEFAMCKPOBHYFWR DUVTANWBY47BRMZ4QAUWXGLJLWIAPVXL 2013-03-16T18:14:47Z 2013-03-16T18:16:30Z 712
Mar 16, 2013 6:16:30 PM net.blogracy.controller.DistributedHashTable$DownloadListener <init>
INFO: download-req JZY6QFFDO2J4RQXM6QEFAMCKPOBHYFWR DUVTANWBY47BRMZ4QAUWXGLJLWIAPVXL 2013-03-16T18:14:47Z
Mar 16, 2013 6:16:51 PM net.blogracy.controller.DistributedHashTable$LookupListener <init>
INFO: lookup-req IIFTPYF2OOSC7OUXFHS6JFLCSWAADAGJ
Mar 16, 2013 6:16:52 PM net.blogracy.controller.DistributedHashTable$LookupListener onMessage
INFO: lookup-ans IIFTPYF2OOSC7OUXFHS6JFLCSWAADAGJ PWYNKLEIYCS65O5M6BOZKGNAAMJYWESA 2013-03-16T17:59:11Z 2013-03-16T18:16:52Z 329
Mar 16, 2013 6:17:04 PM net.blogracy.controller.DistributedHashTable$LookupListener onMessage
INFO: lookup-ans IIFTPYF2OOSC7OUXFHS6JFLCSWAADAGJ ODQCAN2PVVC5CCM3G76G77P7IOLBGPCV 2013-03-16T18:12:58Z 2013-03-16T18:17:04Z 12482
Mar 16, 2013 6:17:04 PM net.blogracy.controller.DistributedHashTable$DownloadListener <init>
INFO: download-req IIFTPYF2OOSC7OUXFHS6JFLCSWAADAGJ ODQCAN2PVVC5CCM3G76G77P7IOLBGPCV 2013-03-16T18:12:58Z
Mar 16, 2013 6:17:08 PM net.blogracy.controller.DistributedHashTable$DownloadListener onMessage
INFO: download-ans IIFTPYF2OOSC7OUXFHS6JFLCSWAADAGJ ODQCAN2PVVC5CCM3G76G77P7IOLBGPCV 2013-03-16T18:12:58Z 2013-03-16T18:17:08Z 4266  250000 1091
Mar 16, 2013 6:17:10 PM net.blogracy.controller.DistributedHashTable$DownloadListener onMessage
INFO: download-ans JZY6QFFDO2J4RQXM6QEFAMCKPOBHYFWR DUVTANWBY47BRMZ4QAUWXGLJLWIAPVXL 2013-03-16T18:14:47Z 2013-03-16T18:17:10Z 40233  143000 1091
Mar 16, 2013 6:17:14 PM net.blogracy.controller.DistributedHashTable$LookupListener <init>
INFO: lookup-req REHV2GKZR6BI6E66667LFTNPF42XF5QG
Mar 16, 2013 6:17:14 PM net.blogracy.controller.DistributedHashTable$LookupListener onMessage
INFO: lookup-ans REHV2GKZR6BI6E66667LFTNPF42XF5QG ENEB2UPXBYABLVUMAE2NDLQ7WZCLK46H 2013-03-16T18:11:23Z 2013-03-16T18:17:14Z 628
Mar 16, 2013 6:17:36 PM net.blogracy.controller.DistributedHashTable$LookupListener <init>
INFO: lookup-req GRRVNWRRA5YPOTR2NJTQK3RXPMJXGKYD
Mar 16, 2013 6:17:49 PM net.blogracy.controller.DistributedHashTable$LookupListener onMessage
INFO: lookup-ans GRRVNWRRA5YPOTR2NJTQK3RXPMJXGKYD CNLYUSNNLKPVTWGEH6CI27BQ63GCPE52 2013-03-16T18:14:27Z 2013-03-16T18:17:49Z 13394
Mar 16, 2013 6:17:49 PM net.blogracy.controller.DistributedHashTable$DownloadListener <init>
INFO: download-req GRRVNWRRA5YPOTR2NJTQK3RXPMJXGKYD CNLYUSNNLKPVTWGEH6CI27BQ63GCPE52 2013-03-16T18:14:27Z
Mar 16, 2013 6:17:52 PM net.blogracy.controller.DistributedHashTable$DownloadListener onMessage
INFO: download-ans GRRVNWRRA5YPOTR2NJTQK3RXPMJXGKYD CNLYUSNNLKPVTWGEH6CI27BQ63GCPE52 2013-03-16T18:14:27Z 2013-03-16T18:17:52Z 2643  205000 821
Mar 16, 2013 6:17:58 PM net.blogracy.controller.DistributedHashTable$LookupListener <init>
INFO: lookup-req NZYND2IBFUU2CASIWQ2GFYLCZFN7LPE4
Mar 16, 2013 6:18:20 PM net.blogracy.controller.DistributedHashTable$LookupListener <init>
INFO: lookup-req 7ZTKP6766VUCR2ORJIRNLCHE3JZU7VVH
Mar 16, 2013 6:18:20 PM net.blogracy.controller.DistributedHashTable$LookupListener onMessage
INFO: lookup-ans 7ZTKP6766VUCR2ORJIRNLCHE3JZU7VVH 5EQSEDWJMSCQ4KMIL3GMZS2PCS6GPKXX 2013-03-16T17:59:27Z 2013-03-16T18:18:20Z 242
Mar 16, 2013 6:18:20 PM net.blogracy.controller.DistributedHashTable$LookupListener onMessage
INFO: lookup-ans 7ZTKP6766VUCR2ORJIRNLCHE3JZU7VVH YXJVCVC4SLN2G7O44N4CS2KEFVUIB7VD 2013-03-16T18:13:57Z 2013-03-16T18:18:20Z 421
Mar 16, 2013 6:18:20 PM net.blogracy.controller.DistributedHashTable$DownloadListener <init>
INFO: download-req 7ZTKP6766VUCR2ORJIRNLCHE3JZU7VVH YXJVCVC4SLN2G7O44N4CS2KEFVUIB7VD 2013-03-16T18:13:57Z
Mar 16, 2013 6:18:27 PM net.blogracy.controller.DistributedHashTable$DownloadListener onMessage
INFO: download-ans 7ZTKP6766VUCR2ORJIRNLCHE3JZU7VVH YXJVCVC4SLN2G7O44N4CS2KEFVUIB7VD 2013-03-16T18:13:57Z 2013-03-16T18:18:27Z 6728  270000 1091
Mar 16, 2013 6:18:42 PM net.blogracy.controller.DistributedHashTable$LookupListener <init>
INFO: lookup-req OL65LQYSH3BAO6TGPHZIFC72WVGFD6PR
Mar 16, 2013 6:18:43 PM net.blogracy.controller.DistributedHashTable$LookupListener onMessage
INFO: lookup-ans OL65LQYSH3BAO6TGPHZIFC72WVGFD6PR SQGE2LV3AKJI4VAAFSSOQSDZ4TFZJVHH 2013-03-16T18:14:20Z 2013-03-16T18:18:43Z 845
Mar 16, 2013 6:18:43 PM net.blogracy.controller.DistributedHashTable$DownloadListener <init>
INFO: download-req OL65LQYSH3BAO6TGPHZIFC72WVGFD6PR SQGE2LV3AKJI4VAAFSSOQSDZ4TFZJVHH 2013-03-16T18:14:20Z
Mar 16, 2013 6:18:59 PM net.blogracy.controller.DistributedHashTable$DownloadListener onMessage
INFO: download-ans OL65LQYSH3BAO6TGPHZIFC72WVGFD6PR SQGE2LV3AKJI4VAAFSSOQSDZ4TFZJVHH 2013-03-16T18:14:20Z 2013-03-16T18:18:59Z 16054  279000 1091
Mar 16, 2013 6:19:12 PM net.blogracy.controller.DistributedHashTable$LookupListener <init>
INFO: lookup-req 734RO6HILBSFN7TZMLELFXELO3NKEQPG
Mar 16, 2013 6:19:13 PM net.blogracy.controller.DistributedHashTable$LookupListener onMessage
INFO: lookup-ans 734RO6HILBSFN7TZMLELFXELO3NKEQPG T5MSCK55JLVWNGYVS7IYCMNNL5THMVHS 2013-03-16T18:15:23Z 2013-03-16T18:19:13Z 957
Mar 16, 2013 6:19:13 PM net.blogracy.controller.DistributedHashTable$DownloadListener <init>
INFO: download-req 734RO6HILBSFN7TZMLELFXELO3NKEQPG T5MSCK55JLVWNGYVS7IYCMNNL5THMVHS 2013-03-16T18:15:23Z
Mar 16, 2013 6:19:18 PM net.blogracy.controller.DistributedHashTable$DownloadListener onMessage
INFO: download-ans 734RO6HILBSFN7TZMLELFXELO3NKEQPG T5MSCK55JLVWNGYVS7IYCMNNL5THMVHS 2013-03-16T18:15:23Z 2013-03-16T18:19:18Z 4874  235000 1091
Mar 16, 2013 6:19:42 PM net.blogracy.controller.DistributedHashTable$LookupListener <init>
INFO: lookup-req O2LNUOSQV6AMEJPEGJG7OVPK2XZQV3ZE
Mar 16, 2013 6:19:43 PM net.blogracy.controller.DistributedHashTable$LookupListener onMessage
INFO: lookup-ans O2LNUOSQV6AMEJPEGJG7OVPK2XZQV3ZE LEE5XPDF433NQW5HGTPKDVQKG6EEVEU6 2013-03-16T18:17:18Z 2013-03-16T18:19:43Z 1225
Mar 16, 2013 6:19:43 PM net.blogracy.controller.DistributedHashTable$DownloadListener <init>
INFO: download-req O2LNUOSQV6AMEJPEGJG7OVPK2XZQV3ZE LEE5XPDF433NQW5HGTPKDVQKG6EEVEU6 2013-03-16T18:17:18Z
Mar 16, 2013 6:19:49 PM net.blogracy.controller.DistributedHashTable$DownloadListener onMessage
INFO: download-ans O2LNUOSQV6AMEJPEGJG7OVPK2XZQV3ZE LEE5XPDF433NQW5HGTPKDVQKG6EEVEU6 2013-03-16T18:17:18Z 2013-03-16T18:19:49Z 5645  151000 1091
Mar 16, 2013 6:20:12 PM net.blogracy.controller.DistributedHashTable$LookupListener <init>
INFO: lookup-req QF57FG6NEFT7PHOEIFHV734DS7DAMSD2
Mar 16, 2013 6:20:12 PM net.blogracy.controller.DistributedHashTable$LookupListener onMessage
INFO: lookup-ans QF57FG6NEFT7PHOEIFHV734DS7DAMSD2 5XBIHJBUFHU5EUACPFIP27EUNTXD4E6Y 2013-03-16T18:16:06Z 2013-03-16T18:20:12Z 436
Mar 16, 2013 6:20:12 PM net.blogracy.controller.DistributedHashTable$DownloadListener <init>
INFO: download-req QF57FG6NEFT7PHOEIFHV734DS7DAMSD2 5XBIHJBUFHU5EUACPFIP27EUNTXD4E6Y 2013-03-16T18:16:06Z
Mar 16, 2013 6:20:12 PM net.blogracy.controller.DistributedHashTable$LookupListener onMessage
INFO: lookup-ans QF57FG6NEFT7PHOEIFHV734DS7DAMSD2 WGX4EU4SDFMQJHMGPZUUJPQGXZPNJH5O 2013-03-16T13:07:19Z 2013-03-16T18:20:12Z 527
Mar 16, 2013 6:20:31 PM net.blogracy.controller.DistributedHashTable$DownloadListener onMessage
INFO: download-ans QF57FG6NEFT7PHOEIFHV734DS7DAMSD2 5XBIHJBUFHU5EUACPFIP27EUNTXD4E6Y 2013-03-16T18:16:06Z 2013-03-16T18:20:31Z 19201  265000 1091
Mar 16, 2013 6:20:41 PM net.blogracy.controller.DistributedHashTable$LookupListener <init>
INFO: lookup-req H3WGV7IKX35FZNSFJYEZV4VCFQBSAKEL
Mar 16, 2013 6:20:42 PM net.blogracy.controller.DistributedHashTable$LookupListener onMessage
INFO: lookup-ans H3WGV7IKX35FZNSFJYEZV4VCFQBSAKEL Z42CUAO34IOHGX5P6UBWFXB6PJ4LZYUU 2013-03-16T18:18:20Z 2013-03-16T18:20:42Z 365
Mar 16, 2013 6:20:42 PM net.blogracy.controller.DistributedHashTable$DownloadListener <init>
INFO: download-req H3WGV7IKX35FZNSFJYEZV4VCFQBSAKEL Z42CUAO34IOHGX5P6UBWFXB6PJ4LZYUU 2013-03-16T18:18:20Z
Mar 16, 2013 6:20:58 PM net.blogracy.controller.DistributedHashTable$DownloadListener onMessage
INFO: download-ans H3WGV7IKX35FZNSFJYEZV4VCFQBSAKEL Z42CUAO34IOHGX5P6UBWFXB6PJ4LZYUU 2013-03-16T18:18:20Z 2013-03-16T18:20:58Z 16598  158000 1091
Mar 16, 2013 6:21:11 PM net.blogracy.controller.DistributedHashTable$LookupListener <init>
INFO: lookup-req JZY6QFFDO2J4RQXM6QEFAMCKPOBHYFWR
Mar 16, 2013 6:21:12 PM net.blogracy.controller.DistributedHashTable$LookupListener onMessage
INFO: lookup-ans JZY6QFFDO2J4RQXM6QEFAMCKPOBHYFWR DUVTANWBY47BRMZ4QAUWXGLJLWIAPVXL 2013-03-16T18:14:47Z 2013-03-16T18:21:12Z 682
Mar 16, 2013 6:21:12 PM net.blogracy.controller.DistributedHashTable$LookupListener onMessage
INFO: lookup-ans JZY6QFFDO2J4RQXM6QEFAMCKPOBHYFWR 6YZXRGGAIG26LKSY2PYYV6NYINBHNZJR 2013-03-16T18:10:07Z 2013-03-16T18:21:12Z 843
Mar 16, 2013 6:21:41 PM net.blogracy.controller.DistributedHashTable$LookupListener <init>
INFO: lookup-req IIFTPYF2OOSC7OUXFHS6JFLCSWAADAGJ
Mar 16, 2013 6:21:43 PM net.blogracy.controller.DistributedHashTable$LookupListener onMessage
INFO: lookup-ans IIFTPYF2OOSC7OUXFHS6JFLCSWAADAGJ 2ELXTI47ZKNNANQEFEDP5KSDQZCDUOCQ 2013-03-16T18:17:00Z 2013-03-16T18:21:43Z 1800
Mar 16, 2013 6:21:43 PM net.blogracy.controller.DistributedHashTable$DownloadListener <init>
INFO: download-req IIFTPYF2OOSC7OUXFHS6JFLCSWAADAGJ 2ELXTI47ZKNNANQEFEDP5KSDQZCDUOCQ 2013-03-16T18:17:00Z
Mar 16, 2013 6:22:11 PM net.blogracy.controller.DistributedHashTable$LookupListener <init>
INFO: lookup-req REHV2GKZR6BI6E66667LFTNPF42XF5QG
Mar 16, 2013 6:22:11 PM net.blogracy.controller.DistributedHashTable$LookupListener onMessage
INFO: lookup-ans REHV2GKZR6BI6E66667LFTNPF42XF5QG 5BAQRY6XTYK5MWIBT5A2CGADAJ5JDELC 2013-03-16T18:17:19Z 2013-03-16T18:22:11Z 920
Mar 16, 2013 6:22:11 PM net.blogracy.controller.DistributedHashTable$DownloadListener <init>
INFO: download-req REHV2GKZR6BI6E66667LFTNPF42XF5QG 5BAQRY6XTYK5MWIBT5A2CGADAJ5JDELC 2013-03-16T18:17:19Z
Mar 16, 2013 6:22:12 PM net.blogracy.controller.DistributedHashTable$LookupListener onMessage
INFO: lookup-ans REHV2GKZR6BI6E66667LFTNPF42XF5QG ENEB2UPXBYABLVUMAE2NDLQ7WZCLK46H 2013-03-16T18:11:23Z 2013-03-16T18:22:12Z 1119
Mar 16, 2013 6:22:13 PM net.blogracy.controller.DistributedHashTable$DownloadListener onMessage
INFO: download-ans IIFTPYF2OOSC7OUXFHS6JFLCSWAADAGJ 2ELXTI47ZKNNANQEFEDP5KSDQZCDUOCQ 2013-03-16T18:17:00Z 2013-03-16T18:22:13Z 30671  313000 1361
Mar 16, 2013 6:22:16 PM net.blogracy.controller.DistributedHashTable$DownloadListener onMessage
INFO: download-ans REHV2GKZR6BI6E66667LFTNPF42XF5QG 5BAQRY6XTYK5MWIBT5A2CGADAJ5JDELC 2013-03-16T18:17:19Z 2013-03-16T18:22:16Z 4603  297000 1091
Mar 16, 2013 6:22:40 PM net.blogracy.controller.DistributedHashTable$LookupListener <init>
INFO: lookup-req GRRVNWRRA5YPOTR2NJTQK3RXPMJXGKYD
Mar 16, 2013 6:22:55 PM net.blogracy.controller.DistributedHashTable$LookupListener onMessage
INFO: lookup-ans GRRVNWRRA5YPOTR2NJTQK3RXPMJXGKYD PRAS5NMZ2UJTBYJ54Q2VDY2AIRIQXG5F 2013-03-16T18:20:24Z 2013-03-16T18:22:55Z 14992
Mar 16, 2013 6:22:55 PM net.blogracy.controller.DistributedHashTable$DownloadListener <init>
INFO: download-req GRRVNWRRA5YPOTR2NJTQK3RXPMJXGKYD PRAS5NMZ2UJTBYJ54Q2VDY2AIRIQXG5F 2013-03-16T18:20:24Z
Mar 16, 2013 6:23:00 PM net.blogracy.controller.DistributedHashTable$DownloadListener onMessage
INFO: download-ans GRRVNWRRA5YPOTR2NJTQK3RXPMJXGKYD PRAS5NMZ2UJTBYJ54Q2VDY2AIRIQXG5F 2013-03-16T18:20:24Z 2013-03-16T18:23:00Z 4828  156000 1091
Mar 16, 2013 6:23:10 PM net.blogracy.controller.DistributedHashTable$LookupListener <init>
INFO: lookup-req NZYND2IBFUU2CASIWQ2GFYLCZFN7LPE4
Mar 16, 2013 6:23:40 PM net.blogracy.controller.DistributedHashTable$LookupListener <init>
INFO: lookup-req 7ZTKP6766VUCR2ORJIRNLCHE3JZU7VVH
Mar 16, 2013 6:23:40 PM net.blogracy.controller.DistributedHashTable$LookupListener onMessage
INFO: lookup-ans 7ZTKP6766VUCR2ORJIRNLCHE3JZU7VVH 5EQSEDWJMSCQ4KMIL3GMZS2PCS6GPKXX 2013-03-16T17:59:27Z 2013-03-16T18:23:40Z 324
Mar 16, 2013 6:23:40 PM net.blogracy.controller.DistributedHashTable$LookupListener onMessage
INFO: lookup-ans 7ZTKP6766VUCR2ORJIRNLCHE3JZU7VVH 3VKZFONMBCZLNYG6KSR27LPC5FZO2OBM 2013-03-16T18:18:54Z 2013-03-16T18:23:40Z 362
Mar 16, 2013 6:23:40 PM net.blogracy.controller.DistributedHashTable$DownloadListener <init>
INFO: download-req 7ZTKP6766VUCR2ORJIRNLCHE3JZU7VVH 3VKZFONMBCZLNYG6KSR27LPC5FZO2OBM 2013-03-16T18:18:54Z
Mar 16, 2013 6:23:45 PM net.blogracy.controller.DistributedHashTable$DownloadListener onMessage
INFO: download-ans 7ZTKP6766VUCR2ORJIRNLCHE3JZU7VVH 3VKZFONMBCZLNYG6KSR27LPC5FZO2OBM 2013-03-16T18:18:54Z 2013-03-16T18:23:45Z 4869  291000 1361
Mar 16, 2013 6:24:10 PM net.blogracy.controller.DistributedHashTable$LookupListener <init>
INFO: lookup-req OL65LQYSH3BAO6TGPHZIFC72WVGFD6PR
Mar 16, 2013 6:24:10 PM net.blogracy.controller.DistributedHashTable$LookupListener onMessage
INFO: lookup-ans OL65LQYSH3BAO6TGPHZIFC72WVGFD6PR SIAUJGMAYMFMDMBLFWNXQHLTAXQJC7HK 2013-03-16T18:19:29Z 2013-03-16T18:24:10Z 458
Mar 16, 2013 6:24:10 PM net.blogracy.controller.DistributedHashTable$DownloadListener <init>
INFO: download-req OL65LQYSH3BAO6TGPHZIFC72WVGFD6PR SIAUJGMAYMFMDMBLFWNXQHLTAXQJC7HK 2013-03-16T18:19:29Z
Mar 16, 2013 6:24:16 PM net.blogracy.controller.DistributedHashTable$DownloadListener onMessage
INFO: download-ans OL65LQYSH3BAO6TGPHZIFC72WVGFD6PR SIAUJGMAYMFMDMBLFWNXQHLTAXQJC7HK 2013-03-16T18:19:29Z 2013-03-16T18:24:16Z 5834  287000 1361
Mar 16, 2013 6:24:33 PM net.blogracy.controller.DistributedHashTable$LookupListener <init>
INFO: lookup-req 734RO6HILBSFN7TZMLELFXELO3NKEQPG
Mar 16, 2013 6:24:33 PM net.blogracy.controller.DistributedHashTable$LookupListener onMessage
INFO: lookup-ans 734RO6HILBSFN7TZMLELFXELO3NKEQPG IBUPF3CDEFTHHGMVLX3L4VO4K75QW62O 2013-03-16T18:20:05Z 2013-03-16T18:24:33Z 417
Mar 16, 2013 6:24:33 PM net.blogracy.controller.DistributedHashTable$DownloadListener <init>
INFO: download-req 734RO6HILBSFN7TZMLELFXELO3NKEQPG IBUPF3CDEFTHHGMVLX3L4VO4K75QW62O 2013-03-16T18:20:05Z
Mar 16, 2013 6:24:38 PM net.blogracy.controller.DistributedHashTable$DownloadListener onMessage
INFO: download-ans 734RO6HILBSFN7TZMLELFXELO3NKEQPG IBUPF3CDEFTHHGMVLX3L4VO4K75QW62O 2013-03-16T18:20:05Z 2013-03-16T18:24:38Z 5347  273000 1361
Mar 16, 2013 6:24:56 PM net.blogracy.controller.DistributedHashTable$LookupListener <init>
INFO: lookup-req O2LNUOSQV6AMEJPEGJG7OVPK2XZQV3ZE
Mar 16, 2013 6:25:11 PM net.blogracy.controller.DistributedHashTable$LookupListener onMessage
INFO: lookup-ans O2LNUOSQV6AMEJPEGJG7OVPK2XZQV3ZE Y5IMI4QNI4QCWKIUGY2RUDJTTZKQOMHT 2013-03-16T18:22:57Z 2013-03-16T18:25:11Z 14915
Mar 16, 2013 6:25:11 PM net.blogracy.controller.DistributedHashTable$DownloadListener <init>
INFO: download-req O2LNUOSQV6AMEJPEGJG7OVPK2XZQV3ZE Y5IMI4QNI4QCWKIUGY2RUDJTTZKQOMHT 2013-03-16T18:22:57Z
Mar 16, 2013 6:25:19 PM net.blogracy.controller.DistributedHashTable$LookupListener <init>
INFO: lookup-req QF57FG6NEFT7PHOEIFHV734DS7DAMSD2
Mar 16, 2013 6:25:19 PM net.blogracy.controller.DistributedHashTable$LookupListener onMessage
INFO: lookup-ans QF57FG6NEFT7PHOEIFHV734DS7DAMSD2 LIAORM2H74YTDRWL42XZ7WTG4MFOZAKW 2013-03-16T18:20:27Z 2013-03-16T18:25:19Z 361
Mar 16, 2013 6:25:19 PM net.blogracy.controller.DistributedHashTable$DownloadListener <init>
INFO: download-req QF57FG6NEFT7PHOEIFHV734DS7DAMSD2 LIAORM2H74YTDRWL42XZ7WTG4MFOZAKW 2013-03-16T18:20:27Z
Mar 16, 2013 6:25:24 PM net.blogracy.controller.DistributedHashTable$DownloadListener onMessage
INFO: download-ans QF57FG6NEFT7PHOEIFHV734DS7DAMSD2 LIAORM2H74YTDRWL42XZ7WTG4MFOZAKW 2013-03-16T18:20:27Z 2013-03-16T18:25:24Z 4677  297000 1361
Mar 16, 2013 6:25:30 PM net.blogracy.controller.DistributedHashTable$DownloadListener onMessage
INFO: download-ans O2LNUOSQV6AMEJPEGJG7OVPK2XZQV3ZE Y5IMI4QNI4QCWKIUGY2RUDJTTZKQOMHT 2013-03-16T18:22:57Z 2013-03-16T18:25:30Z 19191  153000 1361
Mar 16, 2013 6:25:42 PM net.blogracy.controller.DistributedHashTable$LookupListener <init>
INFO: lookup-req H3WGV7IKX35FZNSFJYEZV4VCFQBSAKEL
Mar 16, 2013 6:25:42 PM net.blogracy.controller.DistributedHashTable$LookupListener onMessage
INFO: lookup-ans H3WGV7IKX35FZNSFJYEZV4VCFQBSAKEL CKA3HRZIO2STBEOHJQC5YVMTIHWBDX72 2013-03-16T18:22:44Z 2013-03-16T18:25:42Z 593
Mar 16, 2013 6:25:42 PM net.blogracy.controller.DistributedHashTable$DownloadListener <init>
INFO: download-req H3WGV7IKX35FZNSFJYEZV4VCFQBSAKEL CKA3HRZIO2STBEOHJQC5YVMTIHWBDX72 2013-03-16T18:22:44Z
Mar 16, 2013 6:25:49 PM net.blogracy.controller.DistributedHashTable$DownloadListener onMessage
INFO: download-ans H3WGV7IKX35FZNSFJYEZV4VCFQBSAKEL CKA3HRZIO2STBEOHJQC5YVMTIHWBDX72 2013-03-16T18:22:44Z 2013-03-16T18:25:49Z 7055  185000 1361
Mar 16, 2013 6:26:05 PM net.blogracy.controller.DistributedHashTable$LookupListener <init>
INFO: lookup-req JZY6QFFDO2J4RQXM6QEFAMCKPOBHYFWR
Mar 16, 2013 6:26:16 PM net.blogracy.controller.DistributedHashTable$LookupListener onMessage
INFO: lookup-ans JZY6QFFDO2J4RQXM6QEFAMCKPOBHYFWR A3Y3FLZIOFELAHR3J7HO36PVBBTELFNO 2013-03-16T18:23:35Z 2013-03-16T18:26:16Z 11003
Mar 16, 2013 6:26:16 PM net.blogracy.controller.DistributedHashTable$DownloadListener <init>
INFO: download-req JZY6QFFDO2J4RQXM6QEFAMCKPOBHYFWR A3Y3FLZIOFELAHR3J7HO36PVBBTELFNO 2013-03-16T18:23:35Z
Mar 16, 2013 6:26:18 PM net.blogracy.controller.DistributedHashTable$DownloadListener onMessage
INFO: download-ans JZY6QFFDO2J4RQXM6QEFAMCKPOBHYFWR A3Y3FLZIOFELAHR3J7HO36PVBBTELFNO 2013-03-16T18:23:35Z 2013-03-16T18:26:18Z 2553  163000 1631
Mar 16, 2013 6:26:28 PM net.blogracy.controller.DistributedHashTable$LookupListener <init>
INFO: lookup-req IIFTPYF2OOSC7OUXFHS6JFLCSWAADAGJ
Mar 16, 2013 6:26:29 PM net.blogracy.controller.DistributedHashTable$LookupListener onMessage
INFO: lookup-ans IIFTPYF2OOSC7OUXFHS6JFLCSWAADAGJ 64HXMSLUGYFFR22DQVJDBVXNV2TPQWR7 2013-03-16T18:22:26Z 2013-03-16T18:26:29Z 1039
Mar 16, 2013 6:26:29 PM net.blogracy.controller.DistributedHashTable$DownloadListener <init>
INFO: download-req IIFTPYF2OOSC7OUXFHS6JFLCSWAADAGJ 64HXMSLUGYFFR22DQVJDBVXNV2TPQWR7 2013-03-16T18:22:26Z
Mar 16, 2013 6:26:33 PM net.blogracy.controller.DistributedHashTable$DownloadListener onMessage
INFO: download-ans IIFTPYF2OOSC7OUXFHS6JFLCSWAADAGJ 64HXMSLUGYFFR22DQVJDBVXNV2TPQWR7 2013-03-16T18:22:26Z 2013-03-16T18:26:33Z 3849  247000 1631
Mar 16, 2013 6:26:51 PM net.blogracy.controller.DistributedHashTable$LookupListener <init>
INFO: lookup-req REHV2GKZR6BI6E66667LFTNPF42XF5QG
Mar 16, 2013 6:26:52 PM net.blogracy.controller.DistributedHashTable$LookupListener onMessage
INFO: lookup-ans REHV2GKZR6BI6E66667LFTNPF42XF5QG 5JIC7WA7SURC77MISKH4O5QE75JQCG2E 2013-03-16T18:21:58Z 2013-03-16T18:26:52Z 1019
Mar 16, 2013 6:26:52 PM net.blogracy.controller.DistributedHashTable$DownloadListener <init>
INFO: download-req REHV2GKZR6BI6E66667LFTNPF42XF5QG 5JIC7WA7SURC77MISKH4O5QE75JQCG2E 2013-03-16T18:21:58Z
Mar 16, 2013 6:27:01 PM net.blogracy.controller.DistributedHashTable$DownloadListener onMessage
INFO: download-ans REHV2GKZR6BI6E66667LFTNPF42XF5QG 5JIC7WA7SURC77MISKH4O5QE75JQCG2E 2013-03-16T18:21:58Z 2013-03-16T18:27:01Z 9457  303000 1361
Mar 16, 2013 6:27:14 PM net.blogracy.controller.DistributedHashTable$LookupListener <init>
INFO: lookup-req GRRVNWRRA5YPOTR2NJTQK3RXPMJXGKYD
Mar 16, 2013 6:27:26 PM net.blogracy.controller.DistributedHashTable$LookupListener onMessage
INFO: lookup-ans GRRVNWRRA5YPOTR2NJTQK3RXPMJXGKYD UWXNS4MJQ2ESD5OR5YJGS6CP7UEXSFJA 2013-03-16T18:25:15Z 2013-03-16T18:27:26Z 12389
Mar 16, 2013 6:27:26 PM net.blogracy.controller.DistributedHashTable$DownloadListener <init>
INFO: download-req GRRVNWRRA5YPOTR2NJTQK3RXPMJXGKYD UWXNS4MJQ2ESD5OR5YJGS6CP7UEXSFJA 2013-03-16T18:25:15Z
Mar 16, 2013 6:27:30 PM net.blogracy.controller.DistributedHashTable$DownloadListener onMessage
INFO: download-ans GRRVNWRRA5YPOTR2NJTQK3RXPMJXGKYD UWXNS4MJQ2ESD5OR5YJGS6CP7UEXSFJA 2013-03-16T18:25:15Z 2013-03-16T18:27:30Z 3562  135000 1361
Mar 16, 2013 6:27:37 PM net.blogracy.controller.DistributedHashTable$LookupListener <init>
INFO: lookup-req NZYND2IBFUU2CASIWQ2GFYLCZFN7LPE4
Mar 16, 2013 6:28:00 PM net.blogracy.controller.DistributedHashTable$LookupListener <init>
INFO: lookup-req 7ZTKP6766VUCR2ORJIRNLCHE3JZU7VVH
Mar 16, 2013 6:28:00 PM net.blogracy.controller.DistributedHashTable$LookupListener onMessage
INFO: lookup-ans 7ZTKP6766VUCR2ORJIRNLCHE3JZU7VVH JNWPNIEU7GWR7JSAVACGNGTGF2BL2FZ5 2013-03-16T18:23:16Z 2013-03-16T18:28:00Z 489
Mar 16, 2013 6:28:00 PM net.blogracy.controller.DistributedHashTable$DownloadListener <init>
INFO: download-req 7ZTKP6766VUCR2ORJIRNLCHE3JZU7VVH JNWPNIEU7GWR7JSAVACGNGTGF2BL2FZ5 2013-03-16T18:23:16Z
Mar 16, 2013 6:28:00 PM net.blogracy.controller.DistributedHashTable$LookupListener onMessage
INFO: lookup-ans 7ZTKP6766VUCR2ORJIRNLCHE3JZU7VVH 5EQSEDWJMSCQ4KMIL3GMZS2PCS6GPKXX 2013-03-16T17:59:27Z 2013-03-16T18:28:00Z 524
Mar 16, 2013 6:28:08 PM net.blogracy.controller.DistributedHashTable$DownloadListener onMessage
INFO: download-ans 7ZTKP6766VUCR2ORJIRNLCHE3JZU7VVH JNWPNIEU7GWR7JSAVACGNGTGF2BL2FZ5 2013-03-16T18:23:16Z 2013-03-16T18:28:08Z 7817  292000 1631
Mar 16, 2013 6:28:23 PM net.blogracy.controller.DistributedHashTable$LookupListener <init>
INFO: lookup-req OL65LQYSH3BAO6TGPHZIFC72WVGFD6PR
Mar 16, 2013 6:28:23 PM net.blogracy.controller.DistributedHashTable$LookupListener onMessage
INFO: lookup-ans OL65LQYSH3BAO6TGPHZIFC72WVGFD6PR 3IJHPEOHO3RFDV7JQBEBDZNXJGNP7YML 2013-03-16T18:24:53Z 2013-03-16T18:28:23Z 435
Mar 16, 2013 6:28:23 PM net.blogracy.controller.DistributedHashTable$DownloadListener <init>
INFO: download-req OL65LQYSH3BAO6TGPHZIFC72WVGFD6PR 3IJHPEOHO3RFDV7JQBEBDZNXJGNP7YML 2013-03-16T18:24:53Z
Mar 16, 2013 6:28:33 PM net.blogracy.controller.DistributedHashTable$DownloadListener onMessage
INFO: download-ans OL65LQYSH3BAO6TGPHZIFC72WVGFD6PR 3IJHPEOHO3RFDV7JQBEBDZNXJGNP7YML 2013-03-16T18:24:53Z 2013-03-16T18:28:33Z 9837  220000 1631
Mar 16, 2013 6:28:45 PM net.blogracy.controller.DistributedHashTable$LookupListener <init>
INFO: lookup-req 734RO6HILBSFN7TZMLELFXELO3NKEQPG
Mar 16, 2013 6:28:45 PM net.blogracy.controller.DistributedHashTable$LookupListener onMessage
INFO: lookup-ans 734RO6HILBSFN7TZMLELFXELO3NKEQPG MFWTDQXZBTFLUDHEKGVLUU5GFLLYI2TX 2013-03-16T18:24:58Z 2013-03-16T18:28:45Z 362
Mar 16, 2013 6:28:45 PM net.blogracy.controller.DistributedHashTable$DownloadListener <init>
INFO: download-req 734RO6HILBSFN7TZMLELFXELO3NKEQPG MFWTDQXZBTFLUDHEKGVLUU5GFLLYI2TX 2013-03-16T18:24:58Z
Mar 16, 2013 6:28:46 PM net.blogracy.controller.DistributedHashTable$LookupListener onMessage
INFO: lookup-ans 734RO6HILBSFN7TZMLELFXELO3NKEQPG IBUPF3CDEFTHHGMVLX3L4VO4K75QW62O 2013-03-16T18:20:05Z 2013-03-16T18:28:46Z 449
Mar 16, 2013 6:29:07 PM net.blogracy.controller.DistributedHashTable$LookupListener <init>
INFO: lookup-req O2LNUOSQV6AMEJPEGJG7OVPK2XZQV3ZE
Mar 16, 2013 6:29:08 PM net.blogracy.controller.DistributedHashTable$LookupListener onMessage
INFO: lookup-ans O2LNUOSQV6AMEJPEGJG7OVPK2XZQV3ZE LS6ZM3SXJ3ELKHJLBDRM53GKPSQXKUCZ 2013-03-16T18:02:13Z 2013-03-16T18:29:08Z 466
Mar 16, 2013 6:29:08 PM net.blogracy.controller.DistributedHashTable$LookupListener onMessage
INFO: lookup-ans O2LNUOSQV6AMEJPEGJG7OVPK2XZQV3ZE Y5IMI4QNI4QCWKIUGY2RUDJTTZKQOMHT 2013-03-16T18:22:57Z 2013-03-16T18:29:08Z 565
Mar 16, 2013 6:29:30 PM net.blogracy.controller.DistributedHashTable$LookupListener <init>
INFO: lookup-req QF57FG6NEFT7PHOEIFHV734DS7DAMSD2
Mar 16, 2013 6:29:30 PM net.blogracy.controller.DistributedHashTable$LookupListener onMessage
INFO: lookup-ans QF57FG6NEFT7PHOEIFHV734DS7DAMSD2 TTTEQRJNVIXKVCSKSTIGT7GVJMGWGG5C 2013-03-16T18:26:13Z 2013-03-16T18:29:30Z 405
Mar 16, 2013 6:29:30 PM net.blogracy.controller.DistributedHashTable$DownloadListener <init>
INFO: download-req QF57FG6NEFT7PHOEIFHV734DS7DAMSD2 TTTEQRJNVIXKVCSKSTIGT7GVJMGWGG5C 2013-03-16T18:26:13Z
Mar 16, 2013 6:29:30 PM net.blogracy.controller.DistributedHashTable$LookupListener onMessage
INFO: lookup-ans QF57FG6NEFT7PHOEIFHV734DS7DAMSD2 LIAORM2H74YTDRWL42XZ7WTG4MFOZAKW 2013-03-16T18:20:27Z 2013-03-16T18:29:30Z 653
Mar 16, 2013 6:29:49 PM net.blogracy.controller.DistributedHashTable$DownloadListener onMessage
INFO: download-ans QF57FG6NEFT7PHOEIFHV734DS7DAMSD2 TTTEQRJNVIXKVCSKSTIGT7GVJMGWGG5C 2013-03-16T18:26:13Z 2013-03-16T18:29:49Z 19225  216000 1631
Mar 16, 2013 6:29:52 PM net.blogracy.controller.DistributedHashTable$LookupListener <init>
INFO: lookup-req H3WGV7IKX35FZNSFJYEZV4VCFQBSAKEL
Mar 16, 2013 6:29:52 PM net.blogracy.controller.DistributedHashTable$LookupListener onMessage
INFO: lookup-ans H3WGV7IKX35FZNSFJYEZV4VCFQBSAKEL A4XV4RJMMAVFWUR6CYP6GFFGLOLVZV7H 2013-03-16T18:28:03Z 2013-03-16T18:29:52Z 572
Mar 16, 2013 6:29:52 PM net.blogracy.controller.DistributedHashTable$DownloadListener <init>
INFO: download-req H3WGV7IKX35FZNSFJYEZV4VCFQBSAKEL A4XV4RJMMAVFWUR6CYP6GFFGLOLVZV7H 2013-03-16T18:28:03Z
Mar 16, 2013 6:29:56 PM net.blogracy.controller.DistributedHashTable$DownloadListener onMessage
INFO: download-ans H3WGV7IKX35FZNSFJYEZV4VCFQBSAKEL A4XV4RJMMAVFWUR6CYP6GFFGLOLVZV7H 2013-03-16T18:28:03Z 2013-03-16T18:29:56Z 3807  113000 1631
Mar 16, 2013 6:29:56 PM net.blogracy.controller.DistributedHashTable$DownloadListener onMessage
INFO: download-ans 734RO6HILBSFN7TZMLELFXELO3NKEQPG MFWTDQXZBTFLUDHEKGVLUU5GFLLYI2TX 2013-03-16T18:24:58Z 2013-03-16T18:29:56Z 70893  298000 1631
Mar 16, 2013 6:30:14 PM net.blogracy.controller.DistributedHashTable$LookupListener <init>
INFO: lookup-req JZY6QFFDO2J4RQXM6QEFAMCKPOBHYFWR
Mar 16, 2013 6:30:26 PM net.blogracy.controller.DistributedHashTable$LookupListener onMessage
INFO: lookup-ans JZY6QFFDO2J4RQXM6QEFAMCKPOBHYFWR MZ3EUVHUVYWGS6VKKOTXKJZTDZTQARNZ 2013-03-16T18:28:17Z 2013-03-16T18:30:26Z 12384
Mar 16, 2013 6:30:26 PM net.blogracy.controller.DistributedHashTable$DownloadListener <init>
INFO: download-req JZY6QFFDO2J4RQXM6QEFAMCKPOBHYFWR MZ3EUVHUVYWGS6VKKOTXKJZTDZTQARNZ 2013-03-16T18:28:17Z
Mar 16, 2013 6:30:32 PM net.blogracy.controller.DistributedHashTable$DownloadListener onMessage
INFO: download-ans JZY6QFFDO2J4RQXM6QEFAMCKPOBHYFWR MZ3EUVHUVYWGS6VKKOTXKJZTDZTQARNZ 2013-03-16T18:28:17Z 2013-03-16T18:30:32Z 5383  135000 1901
Mar 16, 2013 6:30:36 PM net.blogracy.controller.DistributedHashTable$LookupListener <init>
INFO: lookup-req IIFTPYF2OOSC7OUXFHS6JFLCSWAADAGJ
Mar 16, 2013 6:30:37 PM net.blogracy.controller.DistributedHashTable$LookupListener onMessage
INFO: lookup-ans IIFTPYF2OOSC7OUXFHS6JFLCSWAADAGJ YFELIYZHWWL37KC2FBMZ5SEHF3WI5YHZ 2013-03-16T18:28:11Z 2013-03-16T18:30:37Z 610
Mar 16, 2013 6:30:37 PM net.blogracy.controller.DistributedHashTable$DownloadListener <init>
INFO: download-req IIFTPYF2OOSC7OUXFHS6JFLCSWAADAGJ YFELIYZHWWL37KC2FBMZ5SEHF3WI5YHZ 2013-03-16T18:28:11Z
Mar 16, 2013 6:30:40 PM net.blogracy.controller.DistributedHashTable$DownloadListener onMessage
INFO: download-ans IIFTPYF2OOSC7OUXFHS6JFLCSWAADAGJ YFELIYZHWWL37KC2FBMZ5SEHF3WI5YHZ 2013-03-16T18:28:11Z 2013-03-16T18:30:40Z 3016  149000 1901
Mar 16, 2013 6:30:59 PM net.blogracy.controller.DistributedHashTable$LookupListener <init>
INFO: lookup-req REHV2GKZR6BI6E66667LFTNPF42XF5QG
Mar 16, 2013 6:30:59 PM net.blogracy.controller.DistributedHashTable$LookupListener onMessage
INFO: lookup-ans REHV2GKZR6BI6E66667LFTNPF42XF5QG K6DJDUOQKUCLVAX62GUUGGDC6IEKJTDV 2013-03-16T18:27:28Z 2013-03-16T18:30:59Z 808
Mar 16, 2013 6:30:59 PM net.blogracy.controller.DistributedHashTable$DownloadListener <init>
INFO: download-req REHV2GKZR6BI6E66667LFTNPF42XF5QG K6DJDUOQKUCLVAX62GUUGGDC6IEKJTDV 2013-03-16T18:27:28Z
Mar 16, 2013 6:31:15 PM net.blogracy.controller.DistributedHashTable$DownloadListener onMessage
INFO: download-ans REHV2GKZR6BI6E66667LFTNPF42XF5QG K6DJDUOQKUCLVAX62GUUGGDC6IEKJTDV 2013-03-16T18:27:28Z 2013-03-16T18:31:15Z 15792  227000 1631
Mar 16, 2013 6:31:21 PM net.blogracy.controller.DistributedHashTable$LookupListener <init>
INFO: lookup-req GRRVNWRRA5YPOTR2NJTQK3RXPMJXGKYD
Mar 16, 2013 6:31:21 PM net.blogracy.controller.DistributedHashTable$LookupListener onMessage
INFO: lookup-ans GRRVNWRRA5YPOTR2NJTQK3RXPMJXGKYD NSE4XINKRJVWGIDYXLCUKMCEBKYN37GL 2013-03-16T18:29:24Z 2013-03-16T18:31:21Z 551
Mar 16, 2013 6:31:21 PM net.blogracy.controller.DistributedHashTable$DownloadListener <init>
INFO: download-req GRRVNWRRA5YPOTR2NJTQK3RXPMJXGKYD NSE4XINKRJVWGIDYXLCUKMCEBKYN37GL 2013-03-16T18:29:24Z
Mar 16, 2013 6:31:31 PM net.blogracy.controller.DistributedHashTable$DownloadListener onMessage
INFO: download-ans GRRVNWRRA5YPOTR2NJTQK3RXPMJXGKYD NSE4XINKRJVWGIDYXLCUKMCEBKYN37GL 2013-03-16T18:29:24Z 2013-03-16T18:31:31Z 9735  127000 1631
Mar 16, 2013 6:31:43 PM net.blogracy.controller.DistributedHashTable$LookupListener <init>
INFO: lookup-req NZYND2IBFUU2CASIWQ2GFYLCZFN7LPE4
Mar 16, 2013 6:32:05 PM net.blogracy.controller.DistributedHashTable$LookupListener <init>
INFO: lookup-req 7ZTKP6766VUCR2ORJIRNLCHE3JZU7VVH
Mar 16, 2013 6:32:06 PM net.blogracy.controller.DistributedHashTable$LookupListener onMessage
INFO: lookup-ans 7ZTKP6766VUCR2ORJIRNLCHE3JZU7VVH 5EQSEDWJMSCQ4KMIL3GMZS2PCS6GPKXX 2013-03-16T17:59:27Z 2013-03-16T18:32:06Z 366
Mar 16, 2013 6:32:06 PM net.blogracy.controller.DistributedHashTable$LookupListener onMessage
INFO: lookup-ans 7ZTKP6766VUCR2ORJIRNLCHE3JZU7VVH HJ2TOB7RGTX55SVCHJ3NHFMV3AM2IGOZ 2013-03-16T18:28:50Z 2013-03-16T18:32:06Z 424
Mar 16, 2013 6:32:06 PM net.blogracy.controller.DistributedHashTable$DownloadListener <init>
INFO: download-req 7ZTKP6766VUCR2ORJIRNLCHE3JZU7VVH HJ2TOB7RGTX55SVCHJ3NHFMV3AM2IGOZ 2013-03-16T18:28:50Z
Mar 16, 2013 6:32:10 PM net.blogracy.controller.DistributedHashTable$DownloadListener onMessage
INFO: download-ans 7ZTKP6766VUCR2ORJIRNLCHE3JZU7VVH HJ2TOB7RGTX55SVCHJ3NHFMV3AM2IGOZ 2013-03-16T18:28:50Z 2013-03-16T18:32:10Z 4769  200000 1901
Mar 16, 2013 6:32:28 PM net.blogracy.controller.DistributedHashTable$LookupListener <init>
INFO: lookup-req OL65LQYSH3BAO6TGPHZIFC72WVGFD6PR
Mar 16, 2013 6:32:29 PM net.blogracy.controller.DistributedHashTable$LookupListener onMessage
INFO: lookup-ans OL65LQYSH3BAO6TGPHZIFC72WVGFD6PR XXKZVY7X2LCZ54K7A2LJZ3QX3B5MOFV7 2013-03-16T18:29:58Z 2013-03-16T18:32:29Z 945
Mar 16, 2013 6:32:29 PM net.blogracy.controller.DistributedHashTable$DownloadListener <init>
INFO: download-req OL65LQYSH3BAO6TGPHZIFC72WVGFD6PR XXKZVY7X2LCZ54K7A2LJZ3QX3B5MOFV7 2013-03-16T18:29:58Z
Mar 16, 2013 6:32:57 PM net.blogracy.controller.DistributedHashTable$LookupListener <init>
INFO: lookup-req 734RO6HILBSFN7TZMLELFXELO3NKEQPG
Mar 16, 2013 6:32:57 PM net.blogracy.controller.DistributedHashTable$LookupListener onMessage
INFO: lookup-ans 734RO6HILBSFN7TZMLELFXELO3NKEQPG CPWBN3GFDJF3CCPEP4DBWJP72PXTDIZG 2013-03-16T18:29:13Z 2013-03-16T18:32:57Z 800
Mar 16, 2013 6:32:57 PM net.blogracy.controller.DistributedHashTable$DownloadListener <init>
INFO: download-req 734RO6HILBSFN7TZMLELFXELO3NKEQPG CPWBN3GFDJF3CCPEP4DBWJP72PXTDIZG 2013-03-16T18:29:13Z
Mar 16, 2013 6:33:02 PM net.blogracy.controller.DistributedHashTable$DownloadListener onMessage
INFO: download-ans 734RO6HILBSFN7TZMLELFXELO3NKEQPG CPWBN3GFDJF3CCPEP4DBWJP72PXTDIZG 2013-03-16T18:29:13Z 2013-03-16T18:33:02Z 4895  229000 1901
Mar 16, 2013 6:33:15 PM net.blogracy.controller.DistributedHashTable$DownloadListener onMessage
INFO: download-ans OL65LQYSH3BAO6TGPHZIFC72WVGFD6PR XXKZVY7X2LCZ54K7A2LJZ3QX3B5MOFV7 2013-03-16T18:29:58Z 2013-03-16T18:33:15Z 46703  197000 1901
Mar 16, 2013 6:33:26 PM net.blogracy.controller.DistributedHashTable$LookupListener <init>
INFO: lookup-req O2LNUOSQV6AMEJPEGJG7OVPK2XZQV3ZE
Mar 16, 2013 6:33:26 PM net.blogracy.controller.DistributedHashTable$LookupListener onMessage
INFO: lookup-ans O2LNUOSQV6AMEJPEGJG7OVPK2XZQV3ZE 6LOIDD5NWHLIFNTDNMXQQWGLRHO62CYT 2013-03-16T18:28:32Z 2013-03-16T18:33:26Z 553
Mar 16, 2013 6:33:26 PM net.blogracy.controller.DistributedHashTable$DownloadListener <init>
INFO: download-req O2LNUOSQV6AMEJPEGJG7OVPK2XZQV3ZE 6LOIDD5NWHLIFNTDNMXQQWGLRHO62CYT 2013-03-16T18:28:32Z
Mar 16, 2013 6:33:44 PM net.blogracy.controller.DistributedHashTable$DownloadListener onMessage
INFO: download-ans O2LNUOSQV6AMEJPEGJG7OVPK2XZQV3ZE 6LOIDD5NWHLIFNTDNMXQQWGLRHO62CYT 2013-03-16T18:28:32Z 2013-03-16T18:33:44Z 17785  312000 1631
