Mar 16, 2013 6:00:42 PM net.blogracy.controller.DistributedHashTable$LookupListener <init>
INFO: lookup-req OL65LQYSH3BAO6TGPHZIFC72WVGFD6PR
Mar 16, 2013 6:00:43 PM net.blogracy.controller.DistributedHashTable$LookupListener onMessage
INFO: lookup-ans OL65LQYSH3BAO6TGPHZIFC72WVGFD6PR V3MKTEFOOOQ4NIY233IJAPIYXLZVWHJV 2013-03-16T13:06:44Z 2013-03-16T18:00:43Z 749
Mar 16, 2013 6:00:43 PM net.blogracy.controller.DistributedHashTable$DownloadListener <init>
INFO: download-req OL65LQYSH3BAO6TGPHZIFC72WVGFD6PR V3MKTEFOOOQ4NIY233IJAPIYXLZVWHJV 2013-03-16T13:06:44Z
Mar 16, 2013 6:01:07 PM net.blogracy.controller.DistributedHashTable$LookupListener <init>
INFO: lookup-req O2LNUOSQV6AMEJPEGJG7OVPK2XZQV3ZE
Mar 16, 2013 6:01:07 PM net.blogracy.controller.DistributedHashTable$LookupListener onMessage
INFO: lookup-ans O2LNUOSQV6AMEJPEGJG7OVPK2XZQV3ZE ZQRW3VIBF6SMJC65MYWEURNKZS2A4KLN 2013-03-16T13:09:00Z 2013-03-16T18:01:07Z 513
Mar 16, 2013 6:01:07 PM net.blogracy.controller.DistributedHashTable$DownloadListener <init>
INFO: download-req O2LNUOSQV6AMEJPEGJG7OVPK2XZQV3ZE ZQRW3VIBF6SMJC65MYWEURNKZS2A4KLN 2013-03-16T13:09:00Z
Mar 16, 2013 6:01:32 PM net.blogracy.controller.DistributedHashTable$LookupListener <init>
INFO: lookup-req QF57FG6NEFT7PHOEIFHV734DS7DAMSD2
Mar 16, 2013 6:01:32 PM net.blogracy.controller.DistributedHashTable$LookupListener onMessage
INFO: lookup-ans QF57FG6NEFT7PHOEIFHV734DS7DAMSD2 WGX4EU4SDFMQJHMGPZUUJPQGXZPNJH5O 2013-03-16T13:07:19Z 2013-03-16T18:01:32Z 505
Mar 16, 2013 6:01:32 PM net.blogracy.controller.DistributedHashTable$DownloadListener <init>
INFO: download-req QF57FG6NEFT7PHOEIFHV734DS7DAMSD2 WGX4EU4SDFMQJHMGPZUUJPQGXZPNJH5O 2013-03-16T13:07:19Z
Mar 16, 2013 6:01:56 PM net.blogracy.controller.DistributedHashTable$LookupListener <init>
INFO: lookup-req H3WGV7IKX35FZNSFJYEZV4VCFQBSAKEL
Mar 16, 2013 6:01:57 PM net.blogracy.controller.DistributedHashTable$LookupListener onMessage
INFO: lookup-ans H3WGV7IKX35FZNSFJYEZV4VCFQBSAKEL UPCMK534ZPTDLLBZVFHDFSGDWMZ3IQKE 2013-03-16T13:08:40Z 2013-03-16T18:01:57Z 651
Mar 16, 2013 6:01:57 PM net.blogracy.controller.DistributedHashTable$DownloadListener <init>
INFO: download-req H3WGV7IKX35FZNSFJYEZV4VCFQBSAKEL UPCMK534ZPTDLLBZVFHDFSGDWMZ3IQKE 2013-03-16T13:08:40Z
Mar 16, 2013 6:02:21 PM net.blogracy.controller.DistributedHashTable$LookupListener <init>
INFO: lookup-req JZY6QFFDO2J4RQXM6QEFAMCKPOBHYFWR
Mar 16, 2013 6:02:22 PM net.blogracy.controller.DistributedHashTable$LookupListener onMessage
INFO: lookup-ans JZY6QFFDO2J4RQXM6QEFAMCKPOBHYFWR LWA4L2JPSI3POJ5RBI3CWAV3MEJBFRZI 2013-03-16T13:09:05Z 2013-03-16T18:02:22Z 519
Mar 16, 2013 6:02:22 PM net.blogracy.controller.DistributedHashTable$DownloadListener <init>
INFO: download-req JZY6QFFDO2J4RQXM6QEFAMCKPOBHYFWR LWA4L2JPSI3POJ5RBI3CWAV3MEJBFRZI 2013-03-16T13:09:05Z
Mar 16, 2013 6:02:37 PM net.blogracy.controller.DistributedHashTable$LookupListener onMessage
INFO: lookup-ans JZY6QFFDO2J4RQXM6QEFAMCKPOBHYFWR Y4WKERKNNF3Y64CIY63RLLXQCO2ST7CP 2013-03-16T18:00:58Z 2013-03-16T18:02:37Z 15425
Mar 16, 2013 6:02:37 PM net.blogracy.controller.DistributedHashTable$DownloadListener <init>
INFO: download-req JZY6QFFDO2J4RQXM6QEFAMCKPOBHYFWR Y4WKERKNNF3Y64CIY63RLLXQCO2ST7CP 2013-03-16T18:00:58Z
Mar 16, 2013 6:02:46 PM net.blogracy.controller.DistributedHashTable$LookupListener <init>
INFO: lookup-req IIFTPYF2OOSC7OUXFHS6JFLCSWAADAGJ
Mar 16, 2013 6:02:46 PM net.blogracy.controller.DistributedHashTable$LookupListener onMessage
INFO: lookup-ans IIFTPYF2OOSC7OUXFHS6JFLCSWAADAGJ PWYNKLEIYCS65O5M6BOZKGNAAMJYWESA 2013-03-16T17:59:11Z 2013-03-16T18:02:46Z 321
Mar 16, 2013 6:02:46 PM net.blogracy.controller.DistributedHashTable$DownloadListener <init>
INFO: download-req IIFTPYF2OOSC7OUXFHS6JFLCSWAADAGJ PWYNKLEIYCS65O5M6BOZKGNAAMJYWESA 2013-03-16T17:59:11Z
Mar 16, 2013 6:02:52 PM net.blogracy.controller.DistributedHashTable$DownloadListener onMessage
INFO: download-ans IIFTPYF2OOSC7OUXFHS6JFLCSWAADAGJ PWYNKLEIYCS65O5M6BOZKGNAAMJYWESA 2013-03-16T17:59:11Z 2013-03-16T18:02:52Z 5509  221000 281
Mar 16, 2013 6:03:11 PM net.blogracy.controller.DistributedHashTable$LookupListener <init>
INFO: lookup-req REHV2GKZR6BI6E66667LFTNPF42XF5QG
Mar 16, 2013 6:03:11 PM net.blogracy.controller.DistributedHashTable$LookupListener onMessage
INFO: lookup-ans REHV2GKZR6BI6E66667LFTNPF42XF5QG EJF6BA3UWLJTI2NFGYFJ4HVMZQDCBDQB 2013-03-16T13:07:27Z 2013-03-16T18:03:11Z 779
Mar 16, 2013 6:03:11 PM net.blogracy.controller.DistributedHashTable$DownloadListener <init>
INFO: download-req REHV2GKZR6BI6E66667LFTNPF42XF5QG EJF6BA3UWLJTI2NFGYFJ4HVMZQDCBDQB 2013-03-16T13:07:27Z
Mar 16, 2013 6:03:35 PM net.blogracy.controller.DistributedHashTable$LookupListener <init>
INFO: lookup-req GRRVNWRRA5YPOTR2NJTQK3RXPMJXGKYD
Mar 16, 2013 6:03:36 PM net.blogracy.controller.DistributedHashTable$LookupListener onMessage
INFO: lookup-ans GRRVNWRRA5YPOTR2NJTQK3RXPMJXGKYD 4LW743KIE7EACNAUXDZQ37GY7JBFHCER 2013-03-16T18:04:08Z 2013-03-16T18:03:36Z 628
Mar 16, 2013 6:03:36 PM net.blogracy.controller.DistributedHashTable$DownloadListener <init>
INFO: download-req GRRVNWRRA5YPOTR2NJTQK3RXPMJXGKYD 4LW743KIE7EACNAUXDZQ37GY7JBFHCER 2013-03-16T18:04:08Z
Mar 16, 2013 6:04:00 PM net.blogracy.controller.DistributedHashTable$LookupListener <init>
INFO: lookup-req NUHK7LXC3JZZQ6EB2RKPAXMUYX7DF7UI
Mar 16, 2013 6:04:01 PM net.blogracy.controller.DistributedHashTable$LookupListener onMessage
INFO: lookup-ans NUHK7LXC3JZZQ6EB2RKPAXMUYX7DF7UI P5VA5SAZ3HSWQYXMTWE7NLARIJ3EQK37 2013-03-16T18:01:20Z 2013-03-16T18:04:01Z 562
Mar 16, 2013 6:04:01 PM net.blogracy.controller.DistributedHashTable$DownloadListener <init>
INFO: download-req NUHK7LXC3JZZQ6EB2RKPAXMUYX7DF7UI P5VA5SAZ3HSWQYXMTWE7NLARIJ3EQK37 2013-03-16T18:01:20Z
Mar 16, 2013 6:04:06 PM net.blogracy.controller.DistributedHashTable$DownloadListener onMessage
INFO: download-ans JZY6QFFDO2J4RQXM6QEFAMCKPOBHYFWR Y4WKERKNNF3Y64CIY63RLLXQCO2ST7CP 2013-03-16T18:00:58Z 2013-03-16T18:04:06Z 88954  188000 281
Mar 16, 2013 6:04:24 PM net.blogracy.controller.DistributedHashTable$DownloadListener onMessage
INFO: download-ans NUHK7LXC3JZZQ6EB2RKPAXMUYX7DF7UI P5VA5SAZ3HSWQYXMTWE7NLARIJ3EQK37 2013-03-16T18:01:20Z 2013-03-16T18:04:24Z 23228  184000 281
Mar 16, 2013 6:04:25 PM net.blogracy.controller.DistributedHashTable$LookupListener <init>
INFO: lookup-req NZYND2IBFUU2CASIWQ2GFYLCZFN7LPE4
Mar 16, 2013 6:04:50 PM net.blogracy.controller.DistributedHashTable$LookupListener <init>
INFO: lookup-req 7ZTKP6766VUCR2ORJIRNLCHE3JZU7VVH
Mar 16, 2013 6:04:50 PM net.blogracy.controller.DistributedHashTable$LookupListener onMessage
INFO: lookup-ans 7ZTKP6766VUCR2ORJIRNLCHE3JZU7VVH 5EQSEDWJMSCQ4KMIL3GMZS2PCS6GPKXX 2013-03-16T17:59:27Z 2013-03-16T18:04:50Z 514
Mar 16, 2013 6:04:50 PM net.blogracy.controller.DistributedHashTable$DownloadListener <init>
INFO: download-req 7ZTKP6766VUCR2ORJIRNLCHE3JZU7VVH 5EQSEDWJMSCQ4KMIL3GMZS2PCS6GPKXX 2013-03-16T17:59:27Z
Mar 16, 2013 6:04:52 PM net.blogracy.controller.DistributedHashTable$DownloadListener onMessage
INFO: download-ans 7ZTKP6766VUCR2ORJIRNLCHE3JZU7VVH 5EQSEDWJMSCQ4KMIL3GMZS2PCS6GPKXX 2013-03-16T17:59:27Z 2013-03-16T18:04:52Z 1998  325000 281
Mar 16, 2013 6:05:01 PM net.blogracy.controller.DistributedHashTable$DownloadListener onMessage
INFO: download-ans GRRVNWRRA5YPOTR2NJTQK3RXPMJXGKYD 4LW743KIE7EACNAUXDZQ37GY7JBFHCER 2013-03-16T18:04:08Z 2013-03-16T18:05:01Z 84397  53000 281
Mar 16, 2013 6:05:16 PM net.blogracy.controller.DistributedHashTable$LookupListener <init>
INFO: lookup-req OL65LQYSH3BAO6TGPHZIFC72WVGFD6PR
Mar 16, 2013 6:05:16 PM net.blogracy.controller.DistributedHashTable$LookupListener onMessage
INFO: lookup-ans OL65LQYSH3BAO6TGPHZIFC72WVGFD6PR ZHFAFQYE6GWAHRCSHOPMZ6OCM73S4KC7 2013-03-16T18:04:01Z 2013-03-16T18:05:16Z 601
Mar 16, 2013 6:05:16 PM net.blogracy.controller.DistributedHashTable$DownloadListener <init>
INFO: download-req OL65LQYSH3BAO6TGPHZIFC72WVGFD6PR ZHFAFQYE6GWAHRCSHOPMZ6OCM73S4KC7 2013-03-16T18:04:01Z
Mar 16, 2013 6:05:17 PM net.blogracy.controller.DistributedHashTable$LookupListener onMessage
INFO: lookup-ans OL65LQYSH3BAO6TGPHZIFC72WVGFD6PR ULZX3XTL5LYOQUK3MYNM65OH6RU6PLT4 2013-03-16T17:59:37Z 2013-03-16T18:05:17Z 1172
Mar 16, 2013 6:05:17 PM net.blogracy.controller.DistributedHashTable$DownloadListener <init>
INFO: download-req OL65LQYSH3BAO6TGPHZIFC72WVGFD6PR ULZX3XTL5LYOQUK3MYNM65OH6RU6PLT4 2013-03-16T17:59:37Z
Mar 16, 2013 6:05:35 PM net.blogracy.controller.DistributedHashTable$DownloadListener onMessage
INFO: download-ans OL65LQYSH3BAO6TGPHZIFC72WVGFD6PR ULZX3XTL5LYOQUK3MYNM65OH6RU6PLT4 2013-03-16T17:59:37Z 2013-03-16T18:05:35Z 18237  358000 281
Mar 16, 2013 6:05:41 PM net.blogracy.controller.DistributedHashTable$LookupListener <init>
INFO: lookup-req O2LNUOSQV6AMEJPEGJG7OVPK2XZQV3ZE
Mar 16, 2013 6:05:41 PM net.blogracy.controller.DistributedHashTable$LookupListener onMessage
INFO: lookup-ans O2LNUOSQV6AMEJPEGJG7OVPK2XZQV3ZE LS6ZM3SXJ3ELKHJLBDRM53GKPSQXKUCZ 2013-03-16T18:02:13Z 2013-03-16T18:05:41Z 272
Mar 16, 2013 6:05:41 PM net.blogracy.controller.DistributedHashTable$DownloadListener <init>
INFO: download-req O2LNUOSQV6AMEJPEGJG7OVPK2XZQV3ZE LS6ZM3SXJ3ELKHJLBDRM53GKPSQXKUCZ 2013-03-16T18:02:13Z
Mar 16, 2013 6:05:44 PM net.blogracy.controller.DistributedHashTable$DownloadListener onMessage
INFO: download-ans O2LNUOSQV6AMEJPEGJG7OVPK2XZQV3ZE LS6ZM3SXJ3ELKHJLBDRM53GKPSQXKUCZ 2013-03-16T18:02:13Z 2013-03-16T18:05:44Z 2852  211000 281
Mar 16, 2013 6:05:44 PM net.blogracy.controller.DistributedHashTable$DownloadListener onMessage
INFO: download-ans OL65LQYSH3BAO6TGPHZIFC72WVGFD6PR ZHFAFQYE6GWAHRCSHOPMZ6OCM73S4KC7 2013-03-16T18:04:01Z 2013-03-16T18:05:44Z 27725  103000 551
Mar 16, 2013 6:06:06 PM net.blogracy.controller.DistributedHashTable$LookupListener <init>
INFO: lookup-req QF57FG6NEFT7PHOEIFHV734DS7DAMSD2
Mar 16, 2013 6:06:06 PM net.blogracy.controller.DistributedHashTable$LookupListener onMessage
INFO: lookup-ans QF57FG6NEFT7PHOEIFHV734DS7DAMSD2 DE77UM3LKAZHKUYYG6RY5KE4VOGRR5RD 2013-03-16T18:00:50Z 2013-03-16T18:06:06Z 557
Mar 16, 2013 6:06:06 PM net.blogracy.controller.DistributedHashTable$DownloadListener <init>
INFO: download-req QF57FG6NEFT7PHOEIFHV734DS7DAMSD2 DE77UM3LKAZHKUYYG6RY5KE4VOGRR5RD 2013-03-16T18:00:50Z
Mar 16, 2013 6:06:06 PM net.blogracy.controller.DistributedHashTable$LookupListener onMessage
INFO: lookup-ans QF57FG6NEFT7PHOEIFHV734DS7DAMSD2 WGX4EU4SDFMQJHMGPZUUJPQGXZPNJH5O 2013-03-16T13:07:19Z 2013-03-16T18:06:06Z 749
Mar 16, 2013 6:06:06 PM net.blogracy.controller.DistributedHashTable$DownloadListener <init>
INFO: download-req QF57FG6NEFT7PHOEIFHV734DS7DAMSD2 WGX4EU4SDFMQJHMGPZUUJPQGXZPNJH5O 2013-03-16T13:07:19Z
Mar 16, 2013 6:06:10 PM net.blogracy.controller.DistributedHashTable$DownloadListener onMessage
INFO: download-ans QF57FG6NEFT7PHOEIFHV734DS7DAMSD2 DE77UM3LKAZHKUYYG6RY5KE4VOGRR5RD 2013-03-16T18:00:50Z 2013-03-16T18:06:10Z 3736  320000 281
Mar 16, 2013 6:06:31 PM net.blogracy.controller.DistributedHashTable$LookupListener <init>
INFO: lookup-req H3WGV7IKX35FZNSFJYEZV4VCFQBSAKEL
Mar 16, 2013 6:06:31 PM net.blogracy.controller.DistributedHashTable$LookupListener onMessage
INFO: lookup-ans H3WGV7IKX35FZNSFJYEZV4VCFQBSAKEL Z4FN4OO6WJKRGHFGSCWRPKP5Q553M2C3 2013-03-16T18:03:20Z 2013-03-16T18:06:31Z 402
Mar 16, 2013 6:06:31 PM net.blogracy.controller.DistributedHashTable$DownloadListener <init>
INFO: download-req H3WGV7IKX35FZNSFJYEZV4VCFQBSAKEL Z4FN4OO6WJKRGHFGSCWRPKP5Q553M2C3 2013-03-16T18:03:20Z
Mar 16, 2013 6:06:55 PM net.blogracy.controller.DistributedHashTable$DownloadListener onMessage
INFO: download-ans H3WGV7IKX35FZNSFJYEZV4VCFQBSAKEL Z4FN4OO6WJKRGHFGSCWRPKP5Q553M2C3 2013-03-16T18:03:20Z 2013-03-16T18:06:55Z 23920  215000 281
Mar 16, 2013 6:06:56 PM net.blogracy.controller.DistributedHashTable$LookupListener <init>
INFO: lookup-req JZY6QFFDO2J4RQXM6QEFAMCKPOBHYFWR
Mar 16, 2013 6:06:56 PM net.blogracy.controller.DistributedHashTable$LookupListener onMessage
INFO: lookup-ans JZY6QFFDO2J4RQXM6QEFAMCKPOBHYFWR KZ2C6SHTXJBUB7USHES4LSYPCS4R27RI 2013-03-16T18:05:17Z 2013-03-16T18:06:56Z 429
Mar 16, 2013 6:06:56 PM net.blogracy.controller.DistributedHashTable$DownloadListener <init>
INFO: download-req JZY6QFFDO2J4RQXM6QEFAMCKPOBHYFWR KZ2C6SHTXJBUB7USHES4LSYPCS4R27RI 2013-03-16T18:05:17Z
Mar 16, 2013 6:07:08 PM net.blogracy.controller.DistributedHashTable$DownloadListener onMessage
INFO: download-ans JZY6QFFDO2J4RQXM6QEFAMCKPOBHYFWR KZ2C6SHTXJBUB7USHES4LSYPCS4R27RI 2013-03-16T18:05:17Z 2013-03-16T18:07:08Z 11718  111000 551
Mar 16, 2013 6:07:21 PM net.blogracy.controller.DistributedHashTable$LookupListener <init>
INFO: lookup-req IIFTPYF2OOSC7OUXFHS6JFLCSWAADAGJ
Mar 16, 2013 6:07:21 PM net.blogracy.controller.DistributedHashTable$LookupListener onMessage
INFO: lookup-ans IIFTPYF2OOSC7OUXFHS6JFLCSWAADAGJ TRPH22QLOQA5CACJICWAD6YFZWOXPZOZ 2013-03-16T18:04:27Z 2013-03-16T18:07:21Z 350
Mar 16, 2013 6:07:21 PM net.blogracy.controller.DistributedHashTable$DownloadListener <init>
INFO: download-req IIFTPYF2OOSC7OUXFHS6JFLCSWAADAGJ TRPH22QLOQA5CACJICWAD6YFZWOXPZOZ 2013-03-16T18:04:27Z
Mar 16, 2013 6:07:21 PM net.blogracy.controller.DistributedHashTable$LookupListener onMessage
INFO: lookup-ans IIFTPYF2OOSC7OUXFHS6JFLCSWAADAGJ PWYNKLEIYCS65O5M6BOZKGNAAMJYWESA 2013-03-16T17:59:11Z 2013-03-16T18:07:21Z 493
Mar 16, 2013 6:07:36 PM net.blogracy.controller.DistributedHashTable$DownloadListener onMessage
INFO: download-ans IIFTPYF2OOSC7OUXFHS6JFLCSWAADAGJ TRPH22QLOQA5CACJICWAD6YFZWOXPZOZ 2013-03-16T18:04:27Z 2013-03-16T18:07:36Z 14971  189000 551
Mar 16, 2013 6:07:46 PM net.blogracy.controller.DistributedHashTable$LookupListener <init>
INFO: lookup-req REHV2GKZR6BI6E66667LFTNPF42XF5QG
Mar 16, 2013 6:07:47 PM net.blogracy.controller.DistributedHashTable$LookupListener onMessage
INFO: lookup-ans REHV2GKZR6BI6E66667LFTNPF42XF5QG PKSWSUPCRYEXKTEXVT4WDN35RMVBKDIM 2013-03-16T18:01:48Z 2013-03-16T18:07:47Z 1259
Mar 16, 2013 6:07:47 PM net.blogracy.controller.DistributedHashTable$DownloadListener <init>
INFO: download-req REHV2GKZR6BI6E66667LFTNPF42XF5QG PKSWSUPCRYEXKTEXVT4WDN35RMVBKDIM 2013-03-16T18:01:48Z
Mar 16, 2013 6:08:04 PM net.blogracy.controller.DistributedHashTable$DownloadListener onMessage
INFO: download-ans REHV2GKZR6BI6E66667LFTNPF42XF5QG PKSWSUPCRYEXKTEXVT4WDN35RMVBKDIM 2013-03-16T18:01:48Z 2013-03-16T18:08:04Z 17269  376000 281
Mar 16, 2013 6:08:11 PM net.blogracy.controller.DistributedHashTable$LookupListener <init>
INFO: lookup-req GRRVNWRRA5YPOTR2NJTQK3RXPMJXGKYD
Mar 16, 2013 6:08:11 PM net.blogracy.controller.DistributedHashTable$LookupListener onMessage
INFO: lookup-ans GRRVNWRRA5YPOTR2NJTQK3RXPMJXGKYD 4LW743KIE7EACNAUXDZQ37GY7JBFHCER 2013-03-16T18:04:08Z 2013-03-16T18:08:11Z 736
Mar 16, 2013 6:08:36 PM net.blogracy.controller.DistributedHashTable$LookupListener <init>
INFO: lookup-req NUHK7LXC3JZZQ6EB2RKPAXMUYX7DF7UI
Mar 16, 2013 6:08:36 PM net.blogracy.controller.DistributedHashTable$LookupListener onMessage
INFO: lookup-ans NUHK7LXC3JZZQ6EB2RKPAXMUYX7DF7UI SFR77NEL4ITLLL2AIVGGW5MDIBDZNA3B 2013-03-16T18:05:52Z 2013-03-16T18:08:36Z 551
Mar 16, 2013 6:08:36 PM net.blogracy.controller.DistributedHashTable$DownloadListener <init>
INFO: download-req NUHK7LXC3JZZQ6EB2RKPAXMUYX7DF7UI SFR77NEL4ITLLL2AIVGGW5MDIBDZNA3B 2013-03-16T18:05:52Z
Mar 16, 2013 6:08:40 PM net.blogracy.controller.DistributedHashTable$DownloadListener onMessage
INFO: download-ans NUHK7LXC3JZZQ6EB2RKPAXMUYX7DF7UI SFR77NEL4ITLLL2AIVGGW5MDIBDZNA3B 2013-03-16T18:05:52Z 2013-03-16T18:08:40Z 4045  168000 551
Mar 16, 2013 6:09:01 PM net.blogracy.controller.DistributedHashTable$LookupListener <init>
INFO: lookup-req NZYND2IBFUU2CASIWQ2GFYLCZFN7LPE4
Mar 16, 2013 6:09:26 PM net.blogracy.controller.DistributedHashTable$LookupListener <init>
INFO: lookup-req 7ZTKP6766VUCR2ORJIRNLCHE3JZU7VVH
Mar 16, 2013 6:09:26 PM net.blogracy.controller.DistributedHashTable$LookupListener onMessage
INFO: lookup-ans 7ZTKP6766VUCR2ORJIRNLCHE3JZU7VVH UACQK6GQXR5XZVU3IMHWVR7MTEWSTDHT 2013-03-16T18:04:20Z 2013-03-16T18:09:26Z 452
Mar 16, 2013 6:09:26 PM net.blogracy.controller.DistributedHashTable$DownloadListener <init>
INFO: download-req 7ZTKP6766VUCR2ORJIRNLCHE3JZU7VVH UACQK6GQXR5XZVU3IMHWVR7MTEWSTDHT 2013-03-16T18:04:20Z
Mar 16, 2013 6:09:30 PM net.blogracy.controller.DistributedHashTable$DownloadListener onMessage
INFO: download-ans 7ZTKP6766VUCR2ORJIRNLCHE3JZU7VVH UACQK6GQXR5XZVU3IMHWVR7MTEWSTDHT 2013-03-16T18:04:20Z 2013-03-16T18:09:30Z 3631  310000 551
Mar 16, 2013 6:09:51 PM net.blogracy.controller.DistributedHashTable$LookupListener <init>
INFO: lookup-req OL65LQYSH3BAO6TGPHZIFC72WVGFD6PR
Mar 16, 2013 6:09:52 PM net.blogracy.controller.DistributedHashTable$LookupListener onMessage
INFO: lookup-ans OL65LQYSH3BAO6TGPHZIFC72WVGFD6PR YJ3REXKASLWN2DNYPMB55TTUZWVJ6LXO 2013-03-16T18:08:45Z 2013-03-16T18:09:52Z 600
Mar 16, 2013 6:09:52 PM net.blogracy.controller.DistributedHashTable$DownloadListener <init>
INFO: download-req OL65LQYSH3BAO6TGPHZIFC72WVGFD6PR YJ3REXKASLWN2DNYPMB55TTUZWVJ6LXO 2013-03-16T18:08:45Z
Mar 16, 2013 6:10:21 PM net.blogracy.controller.DistributedHashTable$DownloadListener onMessage
INFO: download-ans OL65LQYSH3BAO6TGPHZIFC72WVGFD6PR YJ3REXKASLWN2DNYPMB55TTUZWVJ6LXO 2013-03-16T18:08:45Z 2013-03-16T18:10:21Z 29600  96000 821
Mar 16, 2013 6:10:21 PM net.blogracy.controller.DistributedHashTable$LookupListener <init>
INFO: lookup-req O2LNUOSQV6AMEJPEGJG7OVPK2XZQV3ZE
Mar 16, 2013 6:10:22 PM net.blogracy.controller.DistributedHashTable$LookupListener onMessage
INFO: lookup-ans O2LNUOSQV6AMEJPEGJG7OVPK2XZQV3ZE MMYEB4X5475J7DYMUD2N4UPKMJQGWB5G 2013-03-16T18:06:29Z 2013-03-16T18:10:22Z 293
Mar 16, 2013 6:10:22 PM net.blogracy.controller.DistributedHashTable$DownloadListener <init>
INFO: download-req O2LNUOSQV6AMEJPEGJG7OVPK2XZQV3ZE MMYEB4X5475J7DYMUD2N4UPKMJQGWB5G 2013-03-16T18:06:29Z
Mar 16, 2013 6:10:22 PM net.blogracy.controller.DistributedHashTable$LookupListener onMessage
INFO: lookup-ans O2LNUOSQV6AMEJPEGJG7OVPK2XZQV3ZE ZQRW3VIBF6SMJC65MYWEURNKZS2A4KLN 2013-03-16T13:09:00Z 2013-03-16T18:10:22Z 407
Mar 16, 2013 6:10:26 PM net.blogracy.controller.DistributedHashTable$DownloadListener onMessage
INFO: download-ans O2LNUOSQV6AMEJPEGJG7OVPK2XZQV3ZE MMYEB4X5475J7DYMUD2N4UPKMJQGWB5G 2013-03-16T18:06:29Z 2013-03-16T18:10:26Z 3977  237000 551
Mar 16, 2013 6:10:52 PM net.blogracy.controller.DistributedHashTable$LookupListener <init>
INFO: lookup-req QF57FG6NEFT7PHOEIFHV734DS7DAMSD2
Mar 16, 2013 6:10:52 PM net.blogracy.controller.DistributedHashTable$LookupListener onMessage
INFO: lookup-ans QF57FG6NEFT7PHOEIFHV734DS7DAMSD2 OHTOIA27AINKRO6AR7SB3YPE42BNAWBA 2013-03-16T18:05:11Z 2013-03-16T18:10:52Z 443
Mar 16, 2013 6:10:52 PM net.blogracy.controller.DistributedHashTable$DownloadListener <init>
INFO: download-req QF57FG6NEFT7PHOEIFHV734DS7DAMSD2 OHTOIA27AINKRO6AR7SB3YPE42BNAWBA 2013-03-16T18:05:11Z
Mar 16, 2013 6:11:17 PM net.blogracy.controller.DistributedHashTable$DownloadListener onMessage
INFO: download-ans QF57FG6NEFT7PHOEIFHV734DS7DAMSD2 OHTOIA27AINKRO6AR7SB3YPE42BNAWBA 2013-03-16T18:05:11Z 2013-03-16T18:11:17Z 25057  366000 551
Mar 16, 2013 6:11:22 PM net.blogracy.controller.DistributedHashTable$LookupListener <init>
INFO: lookup-req H3WGV7IKX35FZNSFJYEZV4VCFQBSAKEL
Mar 16, 2013 6:11:22 PM net.blogracy.controller.DistributedHashTable$LookupListener onMessage
INFO: lookup-ans H3WGV7IKX35FZNSFJYEZV4VCFQBSAKEL BFSRSUU4VWN6CD3S6IRIIJ44MIYNIBXD 2013-03-16T18:08:25Z 2013-03-16T18:11:22Z 442
Mar 16, 2013 6:11:22 PM net.blogracy.controller.DistributedHashTable$DownloadListener <init>
INFO: download-req H3WGV7IKX35FZNSFJYEZV4VCFQBSAKEL BFSRSUU4VWN6CD3S6IRIIJ44MIYNIBXD 2013-03-16T18:08:25Z
Mar 16, 2013 6:11:25 PM net.blogracy.controller.DistributedHashTable$DownloadListener onMessage
INFO: download-ans H3WGV7IKX35FZNSFJYEZV4VCFQBSAKEL BFSRSUU4VWN6CD3S6IRIIJ44MIYNIBXD 2013-03-16T18:08:25Z 2013-03-16T18:11:25Z 2770  180000 551
Mar 16, 2013 6:11:52 PM net.blogracy.controller.DistributedHashTable$LookupListener <init>
INFO: lookup-req JZY6QFFDO2J4RQXM6QEFAMCKPOBHYFWR
Mar 16, 2013 6:11:52 PM net.blogracy.controller.DistributedHashTable$LookupListener onMessage
INFO: lookup-ans JZY6QFFDO2J4RQXM6QEFAMCKPOBHYFWR 6YZXRGGAIG26LKSY2PYYV6NYINBHNZJR 2013-03-16T18:10:07Z 2013-03-16T18:11:52Z 520
Mar 16, 2013 6:11:52 PM net.blogracy.controller.DistributedHashTable$DownloadListener <init>
INFO: download-req JZY6QFFDO2J4RQXM6QEFAMCKPOBHYFWR 6YZXRGGAIG26LKSY2PYYV6NYINBHNZJR 2013-03-16T18:10:07Z
Mar 16, 2013 6:12:22 PM net.blogracy.controller.DistributedHashTable$LookupListener <init>
INFO: lookup-req IIFTPYF2OOSC7OUXFHS6JFLCSWAADAGJ
Mar 16, 2013 6:12:23 PM net.blogracy.controller.DistributedHashTable$LookupListener onMessage
INFO: lookup-ans IIFTPYF2OOSC7OUXFHS6JFLCSWAADAGJ NQ5OQZBPOGPGGIKIOA6P3SAONI5KVIEU 2013-03-16T18:08:41Z 2013-03-16T18:12:23Z 357
Mar 16, 2013 6:12:23 PM net.blogracy.controller.DistributedHashTable$DownloadListener <init>
INFO: download-req IIFTPYF2OOSC7OUXFHS6JFLCSWAADAGJ NQ5OQZBPOGPGGIKIOA6P3SAONI5KVIEU 2013-03-16T18:08:41Z
Mar 16, 2013 6:12:23 PM net.blogracy.controller.DistributedHashTable$LookupListener onMessage
INFO: lookup-ans IIFTPYF2OOSC7OUXFHS6JFLCSWAADAGJ PWYNKLEIYCS65O5M6BOZKGNAAMJYWESA 2013-03-16T17:59:11Z 2013-03-16T18:12:23Z 463
Mar 16, 2013 6:12:23 PM net.blogracy.controller.DistributedHashTable$LookupListener onMessage
INFO: lookup-ans IIFTPYF2OOSC7OUXFHS6JFLCSWAADAGJ TRPH22QLOQA5CACJICWAD6YFZWOXPZOZ 2013-03-16T18:04:27Z 2013-03-16T18:12:23Z 574
Mar 16, 2013 6:12:52 PM net.blogracy.controller.DistributedHashTable$LookupListener <init>
INFO: lookup-req REHV2GKZR6BI6E66667LFTNPF42XF5QG
Mar 16, 2013 6:12:53 PM net.blogracy.controller.DistributedHashTable$LookupListener onMessage
INFO: lookup-ans REHV2GKZR6BI6E66667LFTNPF42XF5QG ENEB2UPXBYABLVUMAE2NDLQ7WZCLK46H 2013-03-16T18:11:23Z 2013-03-16T18:12:53Z 707
Mar 16, 2013 6:12:53 PM net.blogracy.controller.DistributedHashTable$DownloadListener <init>
INFO: download-req REHV2GKZR6BI6E66667LFTNPF42XF5QG ENEB2UPXBYABLVUMAE2NDLQ7WZCLK46H 2013-03-16T18:11:23Z
Mar 16, 2013 6:13:08 PM net.blogracy.controller.DistributedHashTable$DownloadListener onMessage
INFO: download-ans REHV2GKZR6BI6E66667LFTNPF42XF5QG ENEB2UPXBYABLVUMAE2NDLQ7WZCLK46H 2013-03-16T18:11:23Z 2013-03-16T18:13:08Z 15295  105000 821
Mar 16, 2013 6:13:17 PM net.blogracy.controller.DistributedHashTable$DownloadListener onMessage
INFO: download-ans JZY6QFFDO2J4RQXM6QEFAMCKPOBHYFWR 6YZXRGGAIG26LKSY2PYYV6NYINBHNZJR 2013-03-16T18:10:07Z 2013-03-16T18:13:17Z 84117  190000 821
Mar 16, 2013 6:13:19 PM net.blogracy.controller.DistributedHashTable$DownloadListener onMessage
INFO: download-ans IIFTPYF2OOSC7OUXFHS6JFLCSWAADAGJ NQ5OQZBPOGPGGIKIOA6P3SAONI5KVIEU 2013-03-16T18:08:41Z 2013-03-16T18:13:19Z 56066  278000 821
Mar 16, 2013 6:13:23 PM net.blogracy.controller.DistributedHashTable$LookupListener <init>
INFO: lookup-req GRRVNWRRA5YPOTR2NJTQK3RXPMJXGKYD
Mar 16, 2013 6:13:23 PM net.blogracy.controller.DistributedHashTable$LookupListener onMessage
INFO: lookup-ans GRRVNWRRA5YPOTR2NJTQK3RXPMJXGKYD ZA6C4BTV7RGFFYV5UGS7CDTWOB4K6VF7 2013-03-16T18:09:20Z 2013-03-16T18:13:23Z 542
Mar 16, 2013 6:13:23 PM net.blogracy.controller.DistributedHashTable$DownloadListener <init>
INFO: download-req GRRVNWRRA5YPOTR2NJTQK3RXPMJXGKYD ZA6C4BTV7RGFFYV5UGS7CDTWOB4K6VF7 2013-03-16T18:09:20Z
Mar 16, 2013 6:13:26 PM net.blogracy.controller.DistributedHashTable$DownloadListener onMessage
INFO: download-ans GRRVNWRRA5YPOTR2NJTQK3RXPMJXGKYD ZA6C4BTV7RGFFYV5UGS7CDTWOB4K6VF7 2013-03-16T18:09:20Z 2013-03-16T18:13:26Z 3012  246000 551
Mar 16, 2013 6:13:53 PM net.blogracy.controller.DistributedHashTable$LookupListener <init>
INFO: lookup-req NUHK7LXC3JZZQ6EB2RKPAXMUYX7DF7UI
Mar 16, 2013 6:13:53 PM net.blogracy.controller.DistributedHashTable$LookupListener onMessage
INFO: lookup-ans NUHK7LXC3JZZQ6EB2RKPAXMUYX7DF7UI GTAFVM3SRQXZPSJZYNYPDZQGVEOBC6VG 2013-03-16T18:10:38Z 2013-03-16T18:13:53Z 436
Mar 16, 2013 6:13:53 PM net.blogracy.controller.DistributedHashTable$DownloadListener <init>
INFO: download-req NUHK7LXC3JZZQ6EB2RKPAXMUYX7DF7UI GTAFVM3SRQXZPSJZYNYPDZQGVEOBC6VG 2013-03-16T18:10:38Z
Mar 16, 2013 6:14:06 PM net.blogracy.controller.DistributedHashTable$DownloadListener onMessage
INFO: download-ans NUHK7LXC3JZZQ6EB2RKPAXMUYX7DF7UI GTAFVM3SRQXZPSJZYNYPDZQGVEOBC6VG 2013-03-16T18:10:38Z 2013-03-16T18:14:06Z 12977  208000 821
Mar 16, 2013 6:14:23 PM net.blogracy.controller.DistributedHashTable$LookupListener <init>
INFO: lookup-req NZYND2IBFUU2CASIWQ2GFYLCZFN7LPE4
Mar 16, 2013 6:14:53 PM net.blogracy.controller.DistributedHashTable$LookupListener <init>
INFO: lookup-req 7ZTKP6766VUCR2ORJIRNLCHE3JZU7VVH
Mar 16, 2013 6:14:55 PM net.blogracy.controller.DistributedHashTable$LookupListener onMessage
INFO: lookup-ans 7ZTKP6766VUCR2ORJIRNLCHE3JZU7VVH AKFOUIDBUHYB3ISP7IVA226TI73VIR4B 2013-03-16T18:08:38Z 2013-03-16T18:14:55Z 1537
Mar 16, 2013 6:14:55 PM net.blogracy.controller.DistributedHashTable$DownloadListener <init>
INFO: download-req 7ZTKP6766VUCR2ORJIRNLCHE3JZU7VVH AKFOUIDBUHYB3ISP7IVA226TI73VIR4B 2013-03-16T18:08:38Z
Mar 16, 2013 6:15:01 PM net.blogracy.controller.DistributedHashTable$DownloadListener onMessage
INFO: download-ans 7ZTKP6766VUCR2ORJIRNLCHE3JZU7VVH AKFOUIDBUHYB3ISP7IVA226TI73VIR4B 2013-03-16T18:08:38Z 2013-03-16T18:15:01Z 5991  383000 821
Mar 16, 2013 6:15:24 PM net.blogracy.controller.DistributedHashTable$LookupListener <init>
INFO: lookup-req OL65LQYSH3BAO6TGPHZIFC72WVGFD6PR
Mar 16, 2013 6:15:25 PM net.blogracy.controller.DistributedHashTable$LookupListener onMessage
INFO: lookup-ans OL65LQYSH3BAO6TGPHZIFC72WVGFD6PR YJ3REXKASLWN2DNYPMB55TTUZWVJ6LXO 2013-03-16T18:08:45Z 2013-03-16T18:15:25Z 1476
Mar 16, 2013 6:15:49 PM net.blogracy.controller.DistributedHashTable$LookupListener <init>
INFO: lookup-req O2LNUOSQV6AMEJPEGJG7OVPK2XZQV3ZE
Mar 16, 2013 6:15:50 PM net.blogracy.controller.DistributedHashTable$LookupListener onMessage
INFO: lookup-ans O2LNUOSQV6AMEJPEGJG7OVPK2XZQV3ZE G4LVTULBHEKYGIZ2ZL3UVJBU3RN6YZIX 2013-03-16T18:11:56Z 2013-03-16T18:15:50Z 158
Mar 16, 2013 6:15:50 PM net.blogracy.controller.DistributedHashTable$DownloadListener <init>
INFO: download-req O2LNUOSQV6AMEJPEGJG7OVPK2XZQV3ZE G4LVTULBHEKYGIZ2ZL3UVJBU3RN6YZIX 2013-03-16T18:11:56Z
Mar 16, 2013 6:15:53 PM net.blogracy.controller.DistributedHashTable$DownloadListener onMessage
INFO: download-ans O2LNUOSQV6AMEJPEGJG7OVPK2XZQV3ZE G4LVTULBHEKYGIZ2ZL3UVJBU3RN6YZIX 2013-03-16T18:11:56Z 2013-03-16T18:15:53Z 3093  237000 821
Mar 16, 2013 6:16:15 PM net.blogracy.controller.DistributedHashTable$LookupListener <init>
INFO: lookup-req QF57FG6NEFT7PHOEIFHV734DS7DAMSD2
Mar 16, 2013 6:16:15 PM net.blogracy.controller.DistributedHashTable$LookupListener onMessage
INFO: lookup-ans QF57FG6NEFT7PHOEIFHV734DS7DAMSD2 OHTOIA27AINKRO6AR7SB3YPE42BNAWBA 2013-03-16T18:05:11Z 2013-03-16T18:16:15Z 387
Mar 16, 2013 6:16:15 PM net.blogracy.controller.DistributedHashTable$LookupListener onMessage
INFO: lookup-ans QF57FG6NEFT7PHOEIFHV734DS7DAMSD2 VW4FLZIVGRM5ZHKBYDTX6LNR2LEMLEDD 2013-03-16T18:11:03Z 2013-03-16T18:16:15Z 433
Mar 16, 2013 6:16:15 PM net.blogracy.controller.DistributedHashTable$DownloadListener <init>
INFO: download-req QF57FG6NEFT7PHOEIFHV734DS7DAMSD2 VW4FLZIVGRM5ZHKBYDTX6LNR2LEMLEDD 2013-03-16T18:11:03Z
Mar 16, 2013 6:16:20 PM net.blogracy.controller.DistributedHashTable$DownloadListener onMessage
INFO: download-ans QF57FG6NEFT7PHOEIFHV734DS7DAMSD2 VW4FLZIVGRM5ZHKBYDTX6LNR2LEMLEDD 2013-03-16T18:11:03Z 2013-03-16T18:16:20Z 4720  317000 821
Mar 16, 2013 6:16:40 PM net.blogracy.controller.DistributedHashTable$LookupListener <init>
INFO: lookup-req H3WGV7IKX35FZNSFJYEZV4VCFQBSAKEL
Mar 16, 2013 6:16:41 PM net.blogracy.controller.DistributedHashTable$LookupListener onMessage
INFO: lookup-ans H3WGV7IKX35FZNSFJYEZV4VCFQBSAKEL A54C3TZSW5AY253DL6BMHDBMQASN3QCC 2013-03-16T18:13:24Z 2013-03-16T18:16:41Z 115
Mar 16, 2013 6:16:41 PM net.blogracy.controller.DistributedHashTable$DownloadListener <init>
INFO: download-req H3WGV7IKX35FZNSFJYEZV4VCFQBSAKEL A54C3TZSW5AY253DL6BMHDBMQASN3QCC 2013-03-16T18:13:24Z
Mar 16, 2013 6:17:00 PM net.blogracy.controller.DistributedHashTable$DownloadListener onMessage
INFO: download-ans H3WGV7IKX35FZNSFJYEZV4VCFQBSAKEL A54C3TZSW5AY253DL6BMHDBMQASN3QCC 2013-03-16T18:13:24Z 2013-03-16T18:17:00Z 19209  216000 821
Mar 16, 2013 6:17:06 PM net.blogracy.controller.DistributedHashTable$LookupListener <init>
INFO: lookup-req JZY6QFFDO2J4RQXM6QEFAMCKPOBHYFWR
Mar 16, 2013 6:17:06 PM net.blogracy.controller.DistributedHashTable$LookupListener onMessage
INFO: lookup-ans JZY6QFFDO2J4RQXM6QEFAMCKPOBHYFWR DUVTANWBY47BRMZ4QAUWXGLJLWIAPVXL 2013-03-16T18:14:47Z 2013-03-16T18:17:06Z 320
Mar 16, 2013 6:17:06 PM net.blogracy.controller.DistributedHashTable$DownloadListener <init>
INFO: download-req JZY6QFFDO2J4RQXM6QEFAMCKPOBHYFWR DUVTANWBY47BRMZ4QAUWXGLJLWIAPVXL 2013-03-16T18:14:47Z
Mar 16, 2013 6:17:10 PM net.blogracy.controller.DistributedHashTable$DownloadListener onMessage
INFO: download-ans JZY6QFFDO2J4RQXM6QEFAMCKPOBHYFWR DUVTANWBY47BRMZ4QAUWXGLJLWIAPVXL 2013-03-16T18:14:47Z 2013-03-16T18:17:10Z 3992  143000 1091
Mar 16, 2013 6:17:31 PM net.blogracy.controller.DistributedHashTable$LookupListener <init>
INFO: lookup-req IIFTPYF2OOSC7OUXFHS6JFLCSWAADAGJ
Mar 16, 2013 6:17:32 PM net.blogracy.controller.DistributedHashTable$LookupListener onMessage
INFO: lookup-ans IIFTPYF2OOSC7OUXFHS6JFLCSWAADAGJ ODQCAN2PVVC5CCM3G76G77P7IOLBGPCV 2013-03-16T18:12:58Z 2013-03-16T18:17:32Z 409
Mar 16, 2013 6:17:32 PM net.blogracy.controller.DistributedHashTable$DownloadListener <init>
INFO: download-req IIFTPYF2OOSC7OUXFHS6JFLCSWAADAGJ ODQCAN2PVVC5CCM3G76G77P7IOLBGPCV 2013-03-16T18:12:58Z
Mar 16, 2013 6:17:36 PM net.blogracy.controller.DistributedHashTable$DownloadListener onMessage
INFO: download-ans IIFTPYF2OOSC7OUXFHS6JFLCSWAADAGJ ODQCAN2PVVC5CCM3G76G77P7IOLBGPCV 2013-03-16T18:12:58Z 2013-03-16T18:17:36Z 4338  278000 1091
Mar 16, 2013 6:17:57 PM net.blogracy.controller.DistributedHashTable$LookupListener <init>
INFO: lookup-req REHV2GKZR6BI6E66667LFTNPF42XF5QG
Mar 16, 2013 6:17:58 PM net.blogracy.controller.DistributedHashTable$LookupListener onMessage
INFO: lookup-ans REHV2GKZR6BI6E66667LFTNPF42XF5QG ENEB2UPXBYABLVUMAE2NDLQ7WZCLK46H 2013-03-16T18:11:23Z 2013-03-16T18:17:58Z 1234
Mar 16, 2013 6:18:22 PM net.blogracy.controller.DistributedHashTable$LookupListener <init>
INFO: lookup-req GRRVNWRRA5YPOTR2NJTQK3RXPMJXGKYD
Mar 16, 2013 6:18:23 PM net.blogracy.controller.DistributedHashTable$LookupListener onMessage
INFO: lookup-ans GRRVNWRRA5YPOTR2NJTQK3RXPMJXGKYD CNLYUSNNLKPVTWGEH6CI27BQ63GCPE52 2013-03-16T18:14:27Z 2013-03-16T18:18:23Z 351
Mar 16, 2013 6:18:23 PM net.blogracy.controller.DistributedHashTable$DownloadListener <init>
INFO: download-req GRRVNWRRA5YPOTR2NJTQK3RXPMJXGKYD CNLYUSNNLKPVTWGEH6CI27BQ63GCPE52 2013-03-16T18:14:27Z
Mar 16, 2013 6:18:27 PM net.blogracy.controller.DistributedHashTable$DownloadListener onMessage
INFO: download-ans GRRVNWRRA5YPOTR2NJTQK3RXPMJXGKYD CNLYUSNNLKPVTWGEH6CI27BQ63GCPE52 2013-03-16T18:14:27Z 2013-03-16T18:18:27Z 4100  240000 821
Mar 16, 2013 6:18:48 PM net.blogracy.controller.DistributedHashTable$LookupListener <init>
INFO: lookup-req NUHK7LXC3JZZQ6EB2RKPAXMUYX7DF7UI
Mar 16, 2013 6:18:49 PM net.blogracy.controller.DistributedHashTable$LookupListener onMessage
INFO: lookup-ans NUHK7LXC3JZZQ6EB2RKPAXMUYX7DF7UI QHRRYB6OSJKNFQMGUUXKL4IZ4YB7ECOD 2013-03-16T18:14:39Z 2013-03-16T18:18:49Z 1298
Mar 16, 2013 6:18:49 PM net.blogracy.controller.DistributedHashTable$DownloadListener <init>
INFO: download-req NUHK7LXC3JZZQ6EB2RKPAXMUYX7DF7UI QHRRYB6OSJKNFQMGUUXKL4IZ4YB7ECOD 2013-03-16T18:14:39Z
Mar 16, 2013 6:18:52 PM net.blogracy.controller.DistributedHashTable$DownloadListener onMessage
INFO: download-ans NUHK7LXC3JZZQ6EB2RKPAXMUYX7DF7UI QHRRYB6OSJKNFQMGUUXKL4IZ4YB7ECOD 2013-03-16T18:14:39Z 2013-03-16T18:18:52Z 2539  253000 1091
Mar 16, 2013 6:19:14 PM net.blogracy.controller.DistributedHashTable$LookupListener <init>
INFO: lookup-req NZYND2IBFUU2CASIWQ2GFYLCZFN7LPE4
Mar 16, 2013 6:19:39 PM net.blogracy.controller.DistributedHashTable$LookupListener <init>
INFO: lookup-req 7ZTKP6766VUCR2ORJIRNLCHE3JZU7VVH
Mar 16, 2013 6:19:53 PM net.blogracy.controller.DistributedHashTable$LookupListener onMessage
INFO: lookup-ans 7ZTKP6766VUCR2ORJIRNLCHE3JZU7VVH YXJVCVC4SLN2G7O44N4CS2KEFVUIB7VD 2013-03-16T18:13:57Z 2013-03-16T18:19:53Z 13592
Mar 16, 2013 6:19:53 PM net.blogracy.controller.DistributedHashTable$DownloadListener <init>
INFO: download-req 7ZTKP6766VUCR2ORJIRNLCHE3JZU7VVH YXJVCVC4SLN2G7O44N4CS2KEFVUIB7VD 2013-03-16T18:13:57Z
Mar 16, 2013 6:19:56 PM net.blogracy.controller.DistributedHashTable$DownloadListener onMessage
INFO: download-ans 7ZTKP6766VUCR2ORJIRNLCHE3JZU7VVH YXJVCVC4SLN2G7O44N4CS2KEFVUIB7VD 2013-03-16T18:13:57Z 2013-03-16T18:19:56Z 3848  359000 1091
Mar 16, 2013 6:20:05 PM net.blogracy.controller.DistributedHashTable$LookupListener <init>
INFO: lookup-req OL65LQYSH3BAO6TGPHZIFC72WVGFD6PR
Mar 16, 2013 6:20:06 PM net.blogracy.controller.DistributedHashTable$LookupListener onMessage
INFO: lookup-ans OL65LQYSH3BAO6TGPHZIFC72WVGFD6PR SQGE2LV3AKJI4VAAFSSOQSDZ4TFZJVHH 2013-03-16T18:14:20Z 2013-03-16T18:20:06Z 906
Mar 16, 2013 6:20:06 PM net.blogracy.controller.DistributedHashTable$DownloadListener <init>
INFO: download-req OL65LQYSH3BAO6TGPHZIFC72WVGFD6PR SQGE2LV3AKJI4VAAFSSOQSDZ4TFZJVHH 2013-03-16T18:14:20Z
Mar 16, 2013 6:20:09 PM net.blogracy.controller.DistributedHashTable$DownloadListener onMessage
INFO: download-ans OL65LQYSH3BAO6TGPHZIFC72WVGFD6PR SQGE2LV3AKJI4VAAFSSOQSDZ4TFZJVHH 2013-03-16T18:14:20Z 2013-03-16T18:20:09Z 2872  349000 1091
Mar 16, 2013 6:20:32 PM net.blogracy.controller.DistributedHashTable$LookupListener <init>
INFO: lookup-req O2LNUOSQV6AMEJPEGJG7OVPK2XZQV3ZE
Mar 16, 2013 6:20:32 PM net.blogracy.controller.DistributedHashTable$LookupListener onMessage
INFO: lookup-ans O2LNUOSQV6AMEJPEGJG7OVPK2XZQV3ZE LEE5XPDF433NQW5HGTPKDVQKG6EEVEU6 2013-03-16T18:17:18Z 2013-03-16T18:20:32Z 248
Mar 16, 2013 6:20:32 PM net.blogracy.controller.DistributedHashTable$DownloadListener <init>
INFO: download-req O2LNUOSQV6AMEJPEGJG7OVPK2XZQV3ZE LEE5XPDF433NQW5HGTPKDVQKG6EEVEU6 2013-03-16T18:17:18Z
Mar 16, 2013 6:20:32 PM net.blogracy.controller.DistributedHashTable$LookupListener onMessage
INFO: lookup-ans O2LNUOSQV6AMEJPEGJG7OVPK2XZQV3ZE G4LVTULBHEKYGIZ2ZL3UVJBU3RN6YZIX 2013-03-16T18:11:56Z 2013-03-16T18:20:32Z 429
Mar 16, 2013 6:20:37 PM net.blogracy.controller.DistributedHashTable$DownloadListener onMessage
INFO: download-ans O2LNUOSQV6AMEJPEGJG7OVPK2XZQV3ZE LEE5XPDF433NQW5HGTPKDVQKG6EEVEU6 2013-03-16T18:17:18Z 2013-03-16T18:20:37Z 5076  199000 1091
Mar 16, 2013 6:20:58 PM net.blogracy.controller.DistributedHashTable$LookupListener <init>
INFO: lookup-req QF57FG6NEFT7PHOEIFHV734DS7DAMSD2
Mar 16, 2013 6:20:59 PM net.blogracy.controller.DistributedHashTable$LookupListener onMessage
INFO: lookup-ans QF57FG6NEFT7PHOEIFHV734DS7DAMSD2 5XBIHJBUFHU5EUACPFIP27EUNTXD4E6Y 2013-03-16T18:16:06Z 2013-03-16T18:20:59Z 376
Mar 16, 2013 6:20:59 PM net.blogracy.controller.DistributedHashTable$DownloadListener <init>
INFO: download-req QF57FG6NEFT7PHOEIFHV734DS7DAMSD2 5XBIHJBUFHU5EUACPFIP27EUNTXD4E6Y 2013-03-16T18:16:06Z
Mar 16, 2013 6:20:59 PM net.blogracy.controller.DistributedHashTable$LookupListener onMessage
INFO: lookup-ans QF57FG6NEFT7PHOEIFHV734DS7DAMSD2 WGX4EU4SDFMQJHMGPZUUJPQGXZPNJH5O 2013-03-16T13:07:19Z 2013-03-16T18:20:59Z 547
Mar 16, 2013 6:21:07 PM net.blogracy.controller.DistributedHashTable$DownloadListener onMessage
INFO: download-ans QF57FG6NEFT7PHOEIFHV734DS7DAMSD2 5XBIHJBUFHU5EUACPFIP27EUNTXD4E6Y 2013-03-16T18:16:06Z 2013-03-16T18:21:07Z 7951  301000 1091
Mar 16, 2013 6:21:25 PM net.blogracy.controller.DistributedHashTable$LookupListener <init>
INFO: lookup-req H3WGV7IKX35FZNSFJYEZV4VCFQBSAKEL
Mar 16, 2013 6:21:25 PM net.blogracy.controller.DistributedHashTable$LookupListener onMessage
INFO: lookup-ans H3WGV7IKX35FZNSFJYEZV4VCFQBSAKEL Z42CUAO34IOHGX5P6UBWFXB6PJ4LZYUU 2013-03-16T18:18:20Z 2013-03-16T18:21:25Z 157
Mar 16, 2013 6:21:25 PM net.blogracy.controller.DistributedHashTable$DownloadListener <init>
INFO: download-req H3WGV7IKX35FZNSFJYEZV4VCFQBSAKEL Z42CUAO34IOHGX5P6UBWFXB6PJ4LZYUU 2013-03-16T18:18:20Z
Mar 16, 2013 6:21:31 PM net.blogracy.controller.DistributedHashTable$DownloadListener onMessage
INFO: download-ans H3WGV7IKX35FZNSFJYEZV4VCFQBSAKEL Z42CUAO34IOHGX5P6UBWFXB6PJ4LZYUU 2013-03-16T18:18:20Z 2013-03-16T18:21:31Z 5586  191000 1091
Mar 16, 2013 6:21:52 PM net.blogracy.controller.DistributedHashTable$LookupListener <init>
INFO: lookup-req JZY6QFFDO2J4RQXM6QEFAMCKPOBHYFWR
Mar 16, 2013 6:21:52 PM net.blogracy.controller.DistributedHashTable$LookupListener onMessage
INFO: lookup-ans JZY6QFFDO2J4RQXM6QEFAMCKPOBHYFWR TFM5LVUYS52ZUYV5VL7GSZ4OZAQDHRBN 2013-03-16T18:19:24Z 2013-03-16T18:21:52Z 406
Mar 16, 2013 6:21:52 PM net.blogracy.controller.DistributedHashTable$DownloadListener <init>
INFO: download-req JZY6QFFDO2J4RQXM6QEFAMCKPOBHYFWR TFM5LVUYS52ZUYV5VL7GSZ4OZAQDHRBN 2013-03-16T18:19:24Z
Mar 16, 2013 6:22:18 PM net.blogracy.controller.DistributedHashTable$LookupListener <init>
INFO: lookup-req IIFTPYF2OOSC7OUXFHS6JFLCSWAADAGJ
Mar 16, 2013 6:22:19 PM net.blogracy.controller.DistributedHashTable$LookupListener onMessage
INFO: lookup-ans IIFTPYF2OOSC7OUXFHS6JFLCSWAADAGJ 2ELXTI47ZKNNANQEFEDP5KSDQZCDUOCQ 2013-03-16T18:17:00Z 2013-03-16T18:22:19Z 346
Mar 16, 2013 6:22:19 PM net.blogracy.controller.DistributedHashTable$DownloadListener <init>
INFO: download-req IIFTPYF2OOSC7OUXFHS6JFLCSWAADAGJ 2ELXTI47ZKNNANQEFEDP5KSDQZCDUOCQ 2013-03-16T18:17:00Z
Mar 16, 2013 6:22:43 PM net.blogracy.controller.DistributedHashTable$DownloadListener onMessage
INFO: download-ans JZY6QFFDO2J4RQXM6QEFAMCKPOBHYFWR TFM5LVUYS52ZUYV5VL7GSZ4OZAQDHRBN 2013-03-16T18:19:24Z 2013-03-16T18:22:43Z 51211  199000 1361
Mar 16, 2013 6:22:45 PM net.blogracy.controller.DistributedHashTable$LookupListener <init>
INFO: lookup-req REHV2GKZR6BI6E66667LFTNPF42XF5QG
Mar 16, 2013 6:22:46 PM net.blogracy.controller.DistributedHashTable$LookupListener onMessage
INFO: lookup-ans REHV2GKZR6BI6E66667LFTNPF42XF5QG ENEB2UPXBYABLVUMAE2NDLQ7WZCLK46H 2013-03-16T18:11:23Z 2013-03-16T18:22:46Z 967
Mar 16, 2013 6:22:46 PM net.blogracy.controller.DistributedHashTable$LookupListener onMessage
INFO: lookup-ans REHV2GKZR6BI6E66667LFTNPF42XF5QG 5BAQRY6XTYK5MWIBT5A2CGADAJ5JDELC 2013-03-16T18:17:19Z 2013-03-16T18:22:46Z 1320
Mar 16, 2013 6:22:46 PM net.blogracy.controller.DistributedHashTable$DownloadListener <init>
INFO: download-req REHV2GKZR6BI6E66667LFTNPF42XF5QG 5BAQRY6XTYK5MWIBT5A2CGADAJ5JDELC 2013-03-16T18:17:19Z
Mar 16, 2013 6:22:48 PM net.blogracy.controller.DistributedHashTable$DownloadListener onMessage
INFO: download-ans REHV2GKZR6BI6E66667LFTNPF42XF5QG 5BAQRY6XTYK5MWIBT5A2CGADAJ5JDELC 2013-03-16T18:17:19Z 2013-03-16T18:22:48Z 1631  329000 1091
Mar 16, 2013 6:23:12 PM net.blogracy.controller.DistributedHashTable$LookupListener <init>
INFO: lookup-req GRRVNWRRA5YPOTR2NJTQK3RXPMJXGKYD
Mar 16, 2013 6:23:12 PM net.blogracy.controller.DistributedHashTable$LookupListener onMessage
INFO: lookup-ans GRRVNWRRA5YPOTR2NJTQK3RXPMJXGKYD PRAS5NMZ2UJTBYJ54Q2VDY2AIRIQXG5F 2013-03-16T18:20:24Z 2013-03-16T18:23:12Z 360
Mar 16, 2013 6:23:12 PM net.blogracy.controller.DistributedHashTable$DownloadListener <init>
INFO: download-req GRRVNWRRA5YPOTR2NJTQK3RXPMJXGKYD PRAS5NMZ2UJTBYJ54Q2VDY2AIRIQXG5F 2013-03-16T18:20:24Z
Mar 16, 2013 6:23:15 PM net.blogracy.controller.DistributedHashTable$DownloadListener onMessage
INFO: download-ans GRRVNWRRA5YPOTR2NJTQK3RXPMJXGKYD PRAS5NMZ2UJTBYJ54Q2VDY2AIRIQXG5F 2013-03-16T18:20:24Z 2013-03-16T18:23:15Z 2754  171000 1091
Mar 16, 2013 6:23:16 PM net.blogracy.controller.DistributedHashTable$DownloadListener onMessage
INFO: download-ans IIFTPYF2OOSC7OUXFHS6JFLCSWAADAGJ 2ELXTI47ZKNNANQEFEDP5KSDQZCDUOCQ 2013-03-16T18:17:00Z 2013-03-16T18:23:16Z 57527  376000 1361
Mar 16, 2013 6:23:38 PM net.blogracy.controller.DistributedHashTable$LookupListener <init>
INFO: lookup-req NUHK7LXC3JZZQ6EB2RKPAXMUYX7DF7UI
Mar 16, 2013 6:23:39 PM net.blogracy.controller.DistributedHashTable$LookupListener onMessage
INFO: lookup-ans NUHK7LXC3JZZQ6EB2RKPAXMUYX7DF7UI VJJV3JCFR3FMFNTLQBK4M7TEKI7DJLVK 2013-03-16T18:18:42Z 2013-03-16T18:23:39Z 400
Mar 16, 2013 6:23:39 PM net.blogracy.controller.DistributedHashTable$DownloadListener <init>
INFO: download-req NUHK7LXC3JZZQ6EB2RKPAXMUYX7DF7UI VJJV3JCFR3FMFNTLQBK4M7TEKI7DJLVK 2013-03-16T18:18:42Z
Mar 16, 2013 6:23:58 PM net.blogracy.controller.DistributedHashTable$DownloadListener onMessage
INFO: download-ans NUHK7LXC3JZZQ6EB2RKPAXMUYX7DF7UI VJJV3JCFR3FMFNTLQBK4M7TEKI7DJLVK 2013-03-16T18:18:42Z 2013-03-16T18:23:58Z 18748  316000 1361
Mar 16, 2013 6:24:05 PM net.blogracy.controller.DistributedHashTable$LookupListener <init>
INFO: lookup-req NZYND2IBFUU2CASIWQ2GFYLCZFN7LPE4
Mar 16, 2013 6:24:32 PM net.blogracy.controller.DistributedHashTable$LookupListener <init>
INFO: lookup-req 7ZTKP6766VUCR2ORJIRNLCHE3JZU7VVH
Mar 16, 2013 6:24:45 PM net.blogracy.controller.DistributedHashTable$LookupListener onMessage
INFO: lookup-ans 7ZTKP6766VUCR2ORJIRNLCHE3JZU7VVH JNWPNIEU7GWR7JSAVACGNGTGF2BL2FZ5 2013-03-16T18:23:16Z 2013-03-16T18:24:45Z 12858
Mar 16, 2013 6:24:45 PM net.blogracy.controller.DistributedHashTable$DownloadListener <init>
INFO: download-req 7ZTKP6766VUCR2ORJIRNLCHE3JZU7VVH JNWPNIEU7GWR7JSAVACGNGTGF2BL2FZ5 2013-03-16T18:23:16Z
Mar 16, 2013 6:24:59 PM net.blogracy.controller.DistributedHashTable$LookupListener <init>
INFO: lookup-req OL65LQYSH3BAO6TGPHZIFC72WVGFD6PR
Mar 16, 2013 6:25:00 PM net.blogracy.controller.DistributedHashTable$LookupListener onMessage
INFO: lookup-ans OL65LQYSH3BAO6TGPHZIFC72WVGFD6PR SIAUJGMAYMFMDMBLFWNXQHLTAXQJC7HK 2013-03-16T18:19:29Z 2013-03-16T18:25:00Z 917
Mar 16, 2013 6:25:00 PM net.blogracy.controller.DistributedHashTable$DownloadListener <init>
INFO: download-req OL65LQYSH3BAO6TGPHZIFC72WVGFD6PR SIAUJGMAYMFMDMBLFWNXQHLTAXQJC7HK 2013-03-16T18:19:29Z
Mar 16, 2013 6:25:07 PM net.blogracy.controller.DistributedHashTable$DownloadListener onMessage
INFO: download-ans OL65LQYSH3BAO6TGPHZIFC72WVGFD6PR SIAUJGMAYMFMDMBLFWNXQHLTAXQJC7HK 2013-03-16T18:19:29Z 2013-03-16T18:25:07Z 6768  338000 1361
Mar 16, 2013 6:25:22 PM net.blogracy.controller.DistributedHashTable$LookupListener <init>
INFO: lookup-req O2LNUOSQV6AMEJPEGJG7OVPK2XZQV3ZE
Mar 16, 2013 6:25:22 PM net.blogracy.controller.DistributedHashTable$LookupListener onMessage
INFO: lookup-ans O2LNUOSQV6AMEJPEGJG7OVPK2XZQV3ZE Y5IMI4QNI4QCWKIUGY2RUDJTTZKQOMHT 2013-03-16T18:22:57Z 2013-03-16T18:25:22Z 282
Mar 16, 2013 6:25:22 PM net.blogracy.controller.DistributedHashTable$DownloadListener <init>
INFO: download-req O2LNUOSQV6AMEJPEGJG7OVPK2XZQV3ZE Y5IMI4QNI4QCWKIUGY2RUDJTTZKQOMHT 2013-03-16T18:22:57Z
Mar 16, 2013 6:25:22 PM net.blogracy.controller.DistributedHashTable$LookupListener onMessage
INFO: lookup-ans O2LNUOSQV6AMEJPEGJG7OVPK2XZQV3ZE G4LVTULBHEKYGIZ2ZL3UVJBU3RN6YZIX 2013-03-16T18:11:56Z 2013-03-16T18:25:22Z 398
Mar 16, 2013 6:25:29 PM net.blogracy.controller.DistributedHashTable$DownloadListener onMessage
INFO: download-ans O2LNUOSQV6AMEJPEGJG7OVPK2XZQV3ZE Y5IMI4QNI4QCWKIUGY2RUDJTTZKQOMHT 2013-03-16T18:22:57Z 2013-03-16T18:25:29Z 6926  152000 1361
Mar 16, 2013 6:25:33 PM net.blogracy.controller.DistributedHashTable$DownloadListener onMessage
INFO: download-ans 7ZTKP6766VUCR2ORJIRNLCHE3JZU7VVH JNWPNIEU7GWR7JSAVACGNGTGF2BL2FZ5 2013-03-16T18:23:16Z 2013-03-16T18:25:33Z 48923  137000 1631
Mar 16, 2013 6:25:45 PM net.blogracy.controller.DistributedHashTable$LookupListener <init>
INFO: lookup-req QF57FG6NEFT7PHOEIFHV734DS7DAMSD2
Mar 16, 2013 6:25:46 PM net.blogracy.controller.DistributedHashTable$LookupListener onMessage
INFO: lookup-ans QF57FG6NEFT7PHOEIFHV734DS7DAMSD2 LIAORM2H74YTDRWL42XZ7WTG4MFOZAKW 2013-03-16T18:20:27Z 2013-03-16T18:25:46Z 574
Mar 16, 2013 6:25:46 PM net.blogracy.controller.DistributedHashTable$DownloadListener <init>
INFO: download-req QF57FG6NEFT7PHOEIFHV734DS7DAMSD2 LIAORM2H74YTDRWL42XZ7WTG4MFOZAKW 2013-03-16T18:20:27Z
Mar 16, 2013 6:25:48 PM net.blogracy.controller.DistributedHashTable$DownloadListener onMessage
INFO: download-ans QF57FG6NEFT7PHOEIFHV734DS7DAMSD2 LIAORM2H74YTDRWL42XZ7WTG4MFOZAKW 2013-03-16T18:20:27Z 2013-03-16T18:25:48Z 2841  321000 1361
Mar 16, 2013 6:26:08 PM net.blogracy.controller.DistributedHashTable$LookupListener <init>
INFO: lookup-req H3WGV7IKX35FZNSFJYEZV4VCFQBSAKEL
Mar 16, 2013 6:26:08 PM net.blogracy.controller.DistributedHashTable$LookupListener onMessage
INFO: lookup-ans H3WGV7IKX35FZNSFJYEZV4VCFQBSAKEL Z42CUAO34IOHGX5P6UBWFXB6PJ4LZYUU 2013-03-16T18:18:20Z 2013-03-16T18:26:08Z 222
Mar 16, 2013 6:26:09 PM net.blogracy.controller.DistributedHashTable$LookupListener onMessage
INFO: lookup-ans H3WGV7IKX35FZNSFJYEZV4VCFQBSAKEL CKA3HRZIO2STBEOHJQC5YVMTIHWBDX72 2013-03-16T18:22:44Z 2013-03-16T18:26:09Z 456
Mar 16, 2013 6:26:09 PM net.blogracy.controller.DistributedHashTable$DownloadListener <init>
INFO: download-req H3WGV7IKX35FZNSFJYEZV4VCFQBSAKEL CKA3HRZIO2STBEOHJQC5YVMTIHWBDX72 2013-03-16T18:22:44Z
Mar 16, 2013 6:26:31 PM net.blogracy.controller.DistributedHashTable$LookupListener <init>
INFO: lookup-req JZY6QFFDO2J4RQXM6QEFAMCKPOBHYFWR
Mar 16, 2013 6:26:32 PM net.blogracy.controller.DistributedHashTable$LookupListener onMessage
INFO: lookup-ans JZY6QFFDO2J4RQXM6QEFAMCKPOBHYFWR A3Y3FLZIOFELAHR3J7HO36PVBBTELFNO 2013-03-16T18:23:35Z 2013-03-16T18:26:32Z 351
Mar 16, 2013 6:26:32 PM net.blogracy.controller.DistributedHashTable$DownloadListener <init>
INFO: download-req JZY6QFFDO2J4RQXM6QEFAMCKPOBHYFWR A3Y3FLZIOFELAHR3J7HO36PVBBTELFNO 2013-03-16T18:23:35Z
Mar 16, 2013 6:26:33 PM net.blogracy.controller.DistributedHashTable$DownloadListener onMessage
INFO: download-ans H3WGV7IKX35FZNSFJYEZV4VCFQBSAKEL CKA3HRZIO2STBEOHJQC5YVMTIHWBDX72 2013-03-16T18:22:44Z 2013-03-16T18:26:33Z 24492  229000 1361
Mar 16, 2013 6:26:38 PM net.blogracy.controller.DistributedHashTable$DownloadListener onMessage
INFO: download-ans JZY6QFFDO2J4RQXM6QEFAMCKPOBHYFWR A3Y3FLZIOFELAHR3J7HO36PVBBTELFNO 2013-03-16T18:23:35Z 2013-03-16T18:26:38Z 6745  183000 1631
Mar 16, 2013 6:26:54 PM net.blogracy.controller.DistributedHashTable$LookupListener <init>
INFO: lookup-req IIFTPYF2OOSC7OUXFHS6JFLCSWAADAGJ
Mar 16, 2013 6:26:55 PM net.blogracy.controller.DistributedHashTable$LookupListener onMessage
INFO: lookup-ans IIFTPYF2OOSC7OUXFHS6JFLCSWAADAGJ 64HXMSLUGYFFR22DQVJDBVXNV2TPQWR7 2013-03-16T18:22:26Z 2013-03-16T18:26:55Z 329
Mar 16, 2013 6:26:55 PM net.blogracy.controller.DistributedHashTable$DownloadListener <init>
INFO: download-req IIFTPYF2OOSC7OUXFHS6JFLCSWAADAGJ 64HXMSLUGYFFR22DQVJDBVXNV2TPQWR7 2013-03-16T18:22:26Z
Mar 16, 2013 6:26:55 PM net.blogracy.controller.DistributedHashTable$LookupListener onMessage
INFO: lookup-ans IIFTPYF2OOSC7OUXFHS6JFLCSWAADAGJ NQ5OQZBPOGPGGIKIOA6P3SAONI5KVIEU 2013-03-16T18:08:41Z 2013-03-16T18:26:55Z 480
Mar 16, 2013 6:26:56 PM net.blogracy.controller.DistributedHashTable$DownloadListener onMessage
INFO: download-ans IIFTPYF2OOSC7OUXFHS6JFLCSWAADAGJ 64HXMSLUGYFFR22DQVJDBVXNV2TPQWR7 2013-03-16T18:22:26Z 2013-03-16T18:26:56Z 1691  270000 1631
Mar 16, 2013 6:27:17 PM net.blogracy.controller.DistributedHashTable$LookupListener <init>
INFO: lookup-req REHV2GKZR6BI6E66667LFTNPF42XF5QG
Mar 16, 2013 6:27:18 PM net.blogracy.controller.DistributedHashTable$LookupListener onMessage
INFO: lookup-ans REHV2GKZR6BI6E66667LFTNPF42XF5QG 5JIC7WA7SURC77MISKH4O5QE75JQCG2E 2013-03-16T18:21:58Z 2013-03-16T18:27:18Z 614
Mar 16, 2013 6:27:18 PM net.blogracy.controller.DistributedHashTable$DownloadListener <init>
INFO: download-req REHV2GKZR6BI6E66667LFTNPF42XF5QG 5JIC7WA7SURC77MISKH4O5QE75JQCG2E 2013-03-16T18:21:58Z
Mar 16, 2013 6:27:21 PM net.blogracy.controller.DistributedHashTable$DownloadListener onMessage
INFO: download-ans REHV2GKZR6BI6E66667LFTNPF42XF5QG 5JIC7WA7SURC77MISKH4O5QE75JQCG2E 2013-03-16T18:21:58Z 2013-03-16T18:27:21Z 2700  323000 1361
Mar 16, 2013 6:27:40 PM net.blogracy.controller.DistributedHashTable$LookupListener <init>
INFO: lookup-req GRRVNWRRA5YPOTR2NJTQK3RXPMJXGKYD
Mar 16, 2013 6:27:41 PM net.blogracy.controller.DistributedHashTable$LookupListener onMessage
INFO: lookup-ans GRRVNWRRA5YPOTR2NJTQK3RXPMJXGKYD UWXNS4MJQ2ESD5OR5YJGS6CP7UEXSFJA 2013-03-16T18:25:15Z 2013-03-16T18:27:41Z 292
Mar 16, 2013 6:27:41 PM net.blogracy.controller.DistributedHashTable$DownloadListener <init>
INFO: download-req GRRVNWRRA5YPOTR2NJTQK3RXPMJXGKYD UWXNS4MJQ2ESD5OR5YJGS6CP7UEXSFJA 2013-03-16T18:25:15Z
Mar 16, 2013 6:27:53 PM net.blogracy.controller.DistributedHashTable$DownloadListener onMessage
INFO: download-ans GRRVNWRRA5YPOTR2NJTQK3RXPMJXGKYD UWXNS4MJQ2ESD5OR5YJGS6CP7UEXSFJA 2013-03-16T18:25:15Z 2013-03-16T18:27:53Z 12117  158000 1361
Mar 16, 2013 6:28:03 PM net.blogracy.controller.DistributedHashTable$LookupListener <init>
INFO: lookup-req NUHK7LXC3JZZQ6EB2RKPAXMUYX7DF7UI
Mar 16, 2013 6:28:04 PM net.blogracy.controller.DistributedHashTable$LookupListener onMessage
INFO: lookup-ans NUHK7LXC3JZZQ6EB2RKPAXMUYX7DF7UI WDN6LOAJUXOEDFWKWQOIEY3U6EPXFH4Y 2013-03-16T18:24:10Z 2013-03-16T18:28:04Z 798
Mar 16, 2013 6:28:04 PM net.blogracy.controller.DistributedHashTable$DownloadListener <init>
INFO: download-req NUHK7LXC3JZZQ6EB2RKPAXMUYX7DF7UI WDN6LOAJUXOEDFWKWQOIEY3U6EPXFH4Y 2013-03-16T18:24:10Z
Mar 16, 2013 6:28:27 PM net.blogracy.controller.DistributedHashTable$LookupListener <init>
INFO: lookup-req NZYND2IBFUU2CASIWQ2GFYLCZFN7LPE4
Mar 16, 2013 6:28:50 PM net.blogracy.controller.DistributedHashTable$LookupListener <init>
INFO: lookup-req 7ZTKP6766VUCR2ORJIRNLCHE3JZU7VVH
Mar 16, 2013 6:28:50 PM net.blogracy.controller.DistributedHashTable$LookupListener onMessage
INFO: lookup-ans 7ZTKP6766VUCR2ORJIRNLCHE3JZU7VVH 5EQSEDWJMSCQ4KMIL3GMZS2PCS6GPKXX 2013-03-16T17:59:27Z 2013-03-16T18:28:50Z 463
Mar 16, 2013 6:29:01 PM net.blogracy.controller.DistributedHashTable$LookupListener onMessage
INFO: lookup-ans 7ZTKP6766VUCR2ORJIRNLCHE3JZU7VVH JNWPNIEU7GWR7JSAVACGNGTGF2BL2FZ5 2013-03-16T18:23:16Z 2013-03-16T18:29:01Z 11326
Mar 16, 2013 6:29:13 PM net.blogracy.controller.DistributedHashTable$LookupListener <init>
INFO: lookup-req OL65LQYSH3BAO6TGPHZIFC72WVGFD6PR
Mar 16, 2013 6:29:14 PM net.blogracy.controller.DistributedHashTable$LookupListener onMessage
INFO: lookup-ans OL65LQYSH3BAO6TGPHZIFC72WVGFD6PR 3IJHPEOHO3RFDV7JQBEBDZNXJGNP7YML 2013-03-16T18:24:53Z 2013-03-16T18:29:14Z 804
Mar 16, 2013 6:29:14 PM net.blogracy.controller.DistributedHashTable$DownloadListener <init>
INFO: download-req OL65LQYSH3BAO6TGPHZIFC72WVGFD6PR 3IJHPEOHO3RFDV7JQBEBDZNXJGNP7YML 2013-03-16T18:24:53Z
Mar 16, 2013 6:29:17 PM net.blogracy.controller.DistributedHashTable$DownloadListener onMessage
INFO: download-ans OL65LQYSH3BAO6TGPHZIFC72WVGFD6PR 3IJHPEOHO3RFDV7JQBEBDZNXJGNP7YML 2013-03-16T18:24:53Z 2013-03-16T18:29:17Z 2869  264000 1631
Mar 16, 2013 6:29:44 PM net.blogracy.controller.DistributedHashTable$LookupListener <init>
INFO: lookup-req O2LNUOSQV6AMEJPEGJG7OVPK2XZQV3ZE
Mar 16, 2013 6:29:45 PM net.blogracy.controller.DistributedHashTable$LookupListener onMessage
INFO: lookup-ans O2LNUOSQV6AMEJPEGJG7OVPK2XZQV3ZE 6LOIDD5NWHLIFNTDNMXQQWGLRHO62CYT 2013-03-16T18:28:32Z 2013-03-16T18:29:45Z 178
Mar 16, 2013 6:29:45 PM net.blogracy.controller.DistributedHashTable$DownloadListener <init>
INFO: download-req O2LNUOSQV6AMEJPEGJG7OVPK2XZQV3ZE 6LOIDD5NWHLIFNTDNMXQQWGLRHO62CYT 2013-03-16T18:28:32Z
Mar 16, 2013 6:29:45 PM net.blogracy.controller.DistributedHashTable$LookupListener onMessage
INFO: lookup-ans O2LNUOSQV6AMEJPEGJG7OVPK2XZQV3ZE G4LVTULBHEKYGIZ2ZL3UVJBU3RN6YZIX 2013-03-16T18:11:56Z 2013-03-16T18:29:45Z 310
Mar 16, 2013 6:30:16 PM net.blogracy.controller.DistributedHashTable$LookupListener <init>
INFO: lookup-req QF57FG6NEFT7PHOEIFHV734DS7DAMSD2
Mar 16, 2013 6:30:16 PM net.blogracy.controller.DistributedHashTable$LookupListener onMessage
INFO: lookup-ans QF57FG6NEFT7PHOEIFHV734DS7DAMSD2 TTTEQRJNVIXKVCSKSTIGT7GVJMGWGG5C 2013-03-16T18:26:13Z 2013-03-16T18:30:16Z 358
Mar 16, 2013 6:30:16 PM net.blogracy.controller.DistributedHashTable$DownloadListener <init>
INFO: download-req QF57FG6NEFT7PHOEIFHV734DS7DAMSD2 TTTEQRJNVIXKVCSKSTIGT7GVJMGWGG5C 2013-03-16T18:26:13Z
Mar 16, 2013 6:30:16 PM net.blogracy.controller.DistributedHashTable$LookupListener onMessage
INFO: lookup-ans QF57FG6NEFT7PHOEIFHV734DS7DAMSD2 LIAORM2H74YTDRWL42XZ7WTG4MFOZAKW 2013-03-16T18:20:27Z 2013-03-16T18:30:16Z 478
Mar 16, 2013 6:30:20 PM net.blogracy.controller.DistributedHashTable$DownloadListener onMessage
INFO: download-ans QF57FG6NEFT7PHOEIFHV734DS7DAMSD2 TTTEQRJNVIXKVCSKSTIGT7GVJMGWGG5C 2013-03-16T18:26:13Z 2013-03-16T18:30:20Z 4129  247000 1631
Mar 16, 2013 6:30:47 PM net.blogracy.controller.DistributedHashTable$LookupListener <init>
INFO: lookup-req H3WGV7IKX35FZNSFJYEZV4VCFQBSAKEL
Mar 16, 2013 6:30:47 PM net.blogracy.controller.DistributedHashTable$LookupListener onMessage
INFO: lookup-ans H3WGV7IKX35FZNSFJYEZV4VCFQBSAKEL Z42CUAO34IOHGX5P6UBWFXB6PJ4LZYUU 2013-03-16T18:18:20Z 2013-03-16T18:30:47Z 286
Mar 16, 2013 6:30:47 PM net.blogracy.controller.DistributedHashTable$LookupListener onMessage
INFO: lookup-ans H3WGV7IKX35FZNSFJYEZV4VCFQBSAKEL A4XV4RJMMAVFWUR6CYP6GFFGLOLVZV7H 2013-03-16T18:28:03Z 2013-03-16T18:30:47Z 563
Mar 16, 2013 6:30:47 PM net.blogracy.controller.DistributedHashTable$DownloadListener <init>
INFO: download-req H3WGV7IKX35FZNSFJYEZV4VCFQBSAKEL A4XV4RJMMAVFWUR6CYP6GFFGLOLVZV7H 2013-03-16T18:28:03Z
Mar 16, 2013 6:30:50 PM net.blogracy.controller.DistributedHashTable$DownloadListener onMessage
INFO: download-ans H3WGV7IKX35FZNSFJYEZV4VCFQBSAKEL A4XV4RJMMAVFWUR6CYP6GFFGLOLVZV7H 2013-03-16T18:28:03Z 2013-03-16T18:30:50Z 2755  167000 1631
Mar 16, 2013 6:30:57 PM net.blogracy.controller.DistributedHashTable$DownloadListener onMessage
INFO: download-ans NUHK7LXC3JZZQ6EB2RKPAXMUYX7DF7UI WDN6LOAJUXOEDFWKWQOIEY3U6EPXFH4Y 2013-03-16T18:24:10Z 2013-03-16T18:30:57Z 172744  407000 1631
Mar 16, 2013 6:30:58 PM net.blogracy.controller.DistributedHashTable$DownloadListener onMessage
INFO: download-ans O2LNUOSQV6AMEJPEGJG7OVPK2XZQV3ZE 6LOIDD5NWHLIFNTDNMXQQWGLRHO62CYT 2013-03-16T18:28:32Z 2013-03-16T18:30:58Z 73432  146000 1631
Mar 16, 2013 6:31:18 PM net.blogracy.controller.DistributedHashTable$LookupListener <init>
INFO: lookup-req JZY6QFFDO2J4RQXM6QEFAMCKPOBHYFWR
Mar 16, 2013 6:31:18 PM net.blogracy.controller.DistributedHashTable$LookupListener onMessage
INFO: lookup-ans JZY6QFFDO2J4RQXM6QEFAMCKPOBHYFWR MZ3EUVHUVYWGS6VKKOTXKJZTDZTQARNZ 2013-03-16T18:28:17Z 2013-03-16T18:31:18Z 440
Mar 16, 2013 6:31:18 PM net.blogracy.controller.DistributedHashTable$DownloadListener <init>
INFO: download-req JZY6QFFDO2J4RQXM6QEFAMCKPOBHYFWR MZ3EUVHUVYWGS6VKKOTXKJZTDZTQARNZ 2013-03-16T18:28:17Z
Mar 16, 2013 6:31:38 PM net.blogracy.controller.DistributedHashTable$DownloadListener onMessage
INFO: download-ans JZY6QFFDO2J4RQXM6QEFAMCKPOBHYFWR MZ3EUVHUVYWGS6VKKOTXKJZTDZTQARNZ 2013-03-16T18:28:17Z 2013-03-16T18:31:38Z 19247  201000 1901
Mar 16, 2013 6:31:49 PM net.blogracy.controller.DistributedHashTable$LookupListener <init>
INFO: lookup-req IIFTPYF2OOSC7OUXFHS6JFLCSWAADAGJ
Mar 16, 2013 6:31:51 PM net.blogracy.controller.DistributedHashTable$LookupListener onMessage
INFO: lookup-ans IIFTPYF2OOSC7OUXFHS6JFLCSWAADAGJ YFELIYZHWWL37KC2FBMZ5SEHF3WI5YHZ 2013-03-16T18:28:11Z 2013-03-16T18:31:51Z 1601
Mar 16, 2013 6:31:51 PM net.blogracy.controller.DistributedHashTable$DownloadListener <init>
INFO: download-req IIFTPYF2OOSC7OUXFHS6JFLCSWAADAGJ YFELIYZHWWL37KC2FBMZ5SEHF3WI5YHZ 2013-03-16T18:28:11Z
Mar 16, 2013 6:31:55 PM net.blogracy.controller.DistributedHashTable$DownloadListener onMessage
INFO: download-ans IIFTPYF2OOSC7OUXFHS6JFLCSWAADAGJ YFELIYZHWWL37KC2FBMZ5SEHF3WI5YHZ 2013-03-16T18:28:11Z 2013-03-16T18:31:55Z 4275  224000 1901
Mar 16, 2013 6:32:20 PM net.blogracy.controller.DistributedHashTable$LookupListener <init>
INFO: lookup-req REHV2GKZR6BI6E66667LFTNPF42XF5QG
Mar 16, 2013 6:32:21 PM net.blogracy.controller.DistributedHashTable$LookupListener onMessage
INFO: lookup-ans REHV2GKZR6BI6E66667LFTNPF42XF5QG K6DJDUOQKUCLVAX62GUUGGDC6IEKJTDV 2013-03-16T18:27:28Z 2013-03-16T18:32:21Z 711
Mar 16, 2013 6:32:21 PM net.blogracy.controller.DistributedHashTable$DownloadListener <init>
INFO: download-req REHV2GKZR6BI6E66667LFTNPF42XF5QG K6DJDUOQKUCLVAX62GUUGGDC6IEKJTDV 2013-03-16T18:27:28Z
Mar 16, 2013 6:32:25 PM net.blogracy.controller.DistributedHashTable$DownloadListener onMessage
INFO: download-ans REHV2GKZR6BI6E66667LFTNPF42XF5QG K6DJDUOQKUCLVAX62GUUGGDC6IEKJTDV 2013-03-16T18:27:28Z 2013-03-16T18:32:25Z 3951  297000 1631
Mar 16, 2013 6:32:52 PM net.blogracy.controller.DistributedHashTable$LookupListener <init>
INFO: lookup-req GRRVNWRRA5YPOTR2NJTQK3RXPMJXGKYD
Mar 16, 2013 6:32:52 PM net.blogracy.controller.DistributedHashTable$LookupListener onMessage
INFO: lookup-ans GRRVNWRRA5YPOTR2NJTQK3RXPMJXGKYD NSE4XINKRJVWGIDYXLCUKMCEBKYN37GL 2013-03-16T18:29:24Z 2013-03-16T18:32:52Z 386
Mar 16, 2013 6:32:52 PM net.blogracy.controller.DistributedHashTable$DownloadListener <init>
INFO: download-req GRRVNWRRA5YPOTR2NJTQK3RXPMJXGKYD NSE4XINKRJVWGIDYXLCUKMCEBKYN37GL 2013-03-16T18:29:24Z
Mar 16, 2013 6:33:09 PM net.blogracy.controller.DistributedHashTable$DownloadListener onMessage
INFO: download-ans GRRVNWRRA5YPOTR2NJTQK3RXPMJXGKYD NSE4XINKRJVWGIDYXLCUKMCEBKYN37GL 2013-03-16T18:29:24Z 2013-03-16T18:33:09Z 17246  225000 1631
Mar 16, 2013 6:33:23 PM net.blogracy.controller.DistributedHashTable$LookupListener <init>
INFO: lookup-req NUHK7LXC3JZZQ6EB2RKPAXMUYX7DF7UI
Mar 16, 2013 6:33:23 PM net.blogracy.controller.DistributedHashTable$LookupListener onMessage
INFO: lookup-ans NUHK7LXC3JZZQ6EB2RKPAXMUYX7DF7UI VBHBDUQPNFRUVTEEBYWML3Q5X5VOQXMP 2013-03-16T18:28:23Z 2013-03-16T18:33:23Z 324
Mar 16, 2013 6:33:23 PM net.blogracy.controller.DistributedHashTable$DownloadListener <init>
INFO: download-req NUHK7LXC3JZZQ6EB2RKPAXMUYX7DF7UI VBHBDUQPNFRUVTEEBYWML3Q5X5VOQXMP 2013-03-16T18:28:23Z
Mar 16, 2013 6:33:38 PM net.blogracy.controller.DistributedHashTable$DownloadListener onMessage
INFO: download-ans NUHK7LXC3JZZQ6EB2RKPAXMUYX7DF7UI VBHBDUQPNFRUVTEEBYWML3Q5X5VOQXMP 2013-03-16T18:28:23Z 2013-03-16T18:33:38Z 14731  315000 1901
