Mar 16, 2013 6:00:50 PM net.blogracy.controller.DistributedHashTable$LookupListener <init>
INFO: lookup-req OL65LQYSH3BAO6TGPHZIFC72WVGFD6PR
Mar 16, 2013 6:00:51 PM net.blogracy.controller.DistributedHashTable$LookupListener onMessage
INFO: lookup-ans OL65LQYSH3BAO6TGPHZIFC72WVGFD6PR V3MKTEFOOOQ4NIY233IJAPIYXLZVWHJV 2013-03-16T13:06:44Z 2013-03-16T18:00:51Z 633
Mar 16, 2013 6:00:51 PM net.blogracy.controller.DistributedHashTable$DownloadListener <init>
INFO: download-req OL65LQYSH3BAO6TGPHZIFC72WVGFD6PR V3MKTEFOOOQ4NIY233IJAPIYXLZVWHJV 2013-03-16T13:06:44Z
Mar 16, 2013 6:01:13 PM net.blogracy.controller.DistributedHashTable$LookupListener <init>
INFO: lookup-req 734RO6HILBSFN7TZMLELFXELO3NKEQPG
Mar 16, 2013 6:01:14 PM net.blogracy.controller.DistributedHashTable$LookupListener onMessage
INFO: lookup-ans 734RO6HILBSFN7TZMLELFXELO3NKEQPG H5W3IGDGYP4J7UFEPAJXWRA7EK45QLF5 2013-03-16T13:09:16Z 2013-03-16T18:01:14Z 506
Mar 16, 2013 6:01:14 PM net.blogracy.controller.DistributedHashTable$DownloadListener <init>
INFO: download-req 734RO6HILBSFN7TZMLELFXELO3NKEQPG H5W3IGDGYP4J7UFEPAJXWRA7EK45QLF5 2013-03-16T13:09:16Z
Mar 16, 2013 6:01:37 PM net.blogracy.controller.DistributedHashTable$LookupListener <init>
INFO: lookup-req O2LNUOSQV6AMEJPEGJG7OVPK2XZQV3ZE
Mar 16, 2013 6:01:37 PM net.blogracy.controller.DistributedHashTable$LookupListener onMessage
INFO: lookup-ans O2LNUOSQV6AMEJPEGJG7OVPK2XZQV3ZE ZQRW3VIBF6SMJC65MYWEURNKZS2A4KLN 2013-03-16T13:09:00Z 2013-03-16T18:01:37Z 531
Mar 16, 2013 6:01:37 PM net.blogracy.controller.DistributedHashTable$DownloadListener <init>
INFO: download-req O2LNUOSQV6AMEJPEGJG7OVPK2XZQV3ZE ZQRW3VIBF6SMJC65MYWEURNKZS2A4KLN 2013-03-16T13:09:00Z
Mar 16, 2013 6:02:00 PM net.blogracy.controller.DistributedHashTable$LookupListener <init>
INFO: lookup-req H3WGV7IKX35FZNSFJYEZV4VCFQBSAKEL
Mar 16, 2013 6:02:00 PM net.blogracy.controller.DistributedHashTable$LookupListener onMessage
INFO: lookup-ans H3WGV7IKX35FZNSFJYEZV4VCFQBSAKEL UPCMK534ZPTDLLBZVFHDFSGDWMZ3IQKE 2013-03-16T13:08:40Z 2013-03-16T18:02:00Z 752
Mar 16, 2013 6:02:00 PM net.blogracy.controller.DistributedHashTable$DownloadListener <init>
INFO: download-req H3WGV7IKX35FZNSFJYEZV4VCFQBSAKEL UPCMK534ZPTDLLBZVFHDFSGDWMZ3IQKE 2013-03-16T13:08:40Z
Mar 16, 2013 6:02:23 PM net.blogracy.controller.DistributedHashTable$LookupListener <init>
INFO: lookup-req JZY6QFFDO2J4RQXM6QEFAMCKPOBHYFWR
Mar 16, 2013 6:02:23 PM net.blogracy.controller.DistributedHashTable$LookupListener onMessage
INFO: lookup-ans JZY6QFFDO2J4RQXM6QEFAMCKPOBHYFWR LWA4L2JPSI3POJ5RBI3CWAV3MEJBFRZI 2013-03-16T13:09:05Z 2013-03-16T18:02:23Z 434
Mar 16, 2013 6:02:23 PM net.blogracy.controller.DistributedHashTable$DownloadListener <init>
INFO: download-req JZY6QFFDO2J4RQXM6QEFAMCKPOBHYFWR LWA4L2JPSI3POJ5RBI3CWAV3MEJBFRZI 2013-03-16T13:09:05Z
Mar 16, 2013 6:02:46 PM net.blogracy.controller.DistributedHashTable$LookupListener <init>
INFO: lookup-req IIFTPYF2OOSC7OUXFHS6JFLCSWAADAGJ
Mar 16, 2013 6:02:46 PM net.blogracy.controller.DistributedHashTable$LookupListener onMessage
INFO: lookup-ans IIFTPYF2OOSC7OUXFHS6JFLCSWAADAGJ PWYNKLEIYCS65O5M6BOZKGNAAMJYWESA 2013-03-16T17:59:11Z 2013-03-16T18:02:46Z 367
Mar 16, 2013 6:02:46 PM net.blogracy.controller.DistributedHashTable$DownloadListener <init>
INFO: download-req IIFTPYF2OOSC7OUXFHS6JFLCSWAADAGJ PWYNKLEIYCS65O5M6BOZKGNAAMJYWESA 2013-03-16T17:59:11Z
Mar 16, 2013 6:02:52 PM net.blogracy.controller.DistributedHashTable$DownloadListener onMessage
INFO: download-ans IIFTPYF2OOSC7OUXFHS6JFLCSWAADAGJ PWYNKLEIYCS65O5M6BOZKGNAAMJYWESA 2013-03-16T17:59:11Z 2013-03-16T18:02:52Z 5688  221000 281
Mar 16, 2013 6:03:09 PM net.blogracy.controller.DistributedHashTable$LookupListener <init>
INFO: lookup-req REHV2GKZR6BI6E66667LFTNPF42XF5QG
Mar 16, 2013 6:03:10 PM net.blogracy.controller.DistributedHashTable$LookupListener onMessage
INFO: lookup-ans REHV2GKZR6BI6E66667LFTNPF42XF5QG EJF6BA3UWLJTI2NFGYFJ4HVMZQDCBDQB 2013-03-16T13:07:27Z 2013-03-16T18:03:10Z 683
Mar 16, 2013 6:03:10 PM net.blogracy.controller.DistributedHashTable$DownloadListener <init>
INFO: download-req REHV2GKZR6BI6E66667LFTNPF42XF5QG EJF6BA3UWLJTI2NFGYFJ4HVMZQDCBDQB 2013-03-16T13:07:27Z
Mar 16, 2013 6:03:32 PM net.blogracy.controller.DistributedHashTable$LookupListener <init>
INFO: lookup-req GRRVNWRRA5YPOTR2NJTQK3RXPMJXGKYD
Mar 16, 2013 6:03:47 PM net.blogracy.controller.DistributedHashTable$LookupListener onMessage
INFO: lookup-ans GRRVNWRRA5YPOTR2NJTQK3RXPMJXGKYD 4LW743KIE7EACNAUXDZQ37GY7JBFHCER 2013-03-16T18:04:08Z 2013-03-16T18:03:47Z 14785
Mar 16, 2013 6:03:47 PM net.blogracy.controller.DistributedHashTable$DownloadListener <init>
INFO: download-req GRRVNWRRA5YPOTR2NJTQK3RXPMJXGKYD 4LW743KIE7EACNAUXDZQ37GY7JBFHCER 2013-03-16T18:04:08Z
Mar 16, 2013 6:03:55 PM net.blogracy.controller.DistributedHashTable$LookupListener <init>
INFO: lookup-req NUHK7LXC3JZZQ6EB2RKPAXMUYX7DF7UI
Mar 16, 2013 6:03:56 PM net.blogracy.controller.DistributedHashTable$LookupListener onMessage
INFO: lookup-ans NUHK7LXC3JZZQ6EB2RKPAXMUYX7DF7UI P5VA5SAZ3HSWQYXMTWE7NLARIJ3EQK37 2013-03-16T18:01:20Z 2013-03-16T18:03:56Z 618
Mar 16, 2013 6:03:56 PM net.blogracy.controller.DistributedHashTable$DownloadListener <init>
INFO: download-req NUHK7LXC3JZZQ6EB2RKPAXMUYX7DF7UI P5VA5SAZ3HSWQYXMTWE7NLARIJ3EQK37 2013-03-16T18:01:20Z
Mar 16, 2013 6:04:19 PM net.blogracy.controller.DistributedHashTable$LookupListener <init>
INFO: lookup-req NZYND2IBFUU2CASIWQ2GFYLCZFN7LPE4
Mar 16, 2013 6:04:42 PM net.blogracy.controller.DistributedHashTable$LookupListener <init>
INFO: lookup-req 7ZTKP6766VUCR2ORJIRNLCHE3JZU7VVH
Mar 16, 2013 6:04:42 PM net.blogracy.controller.DistributedHashTable$LookupListener onMessage
INFO: lookup-ans 7ZTKP6766VUCR2ORJIRNLCHE3JZU7VVH 5EQSEDWJMSCQ4KMIL3GMZS2PCS6GPKXX 2013-03-16T17:59:27Z 2013-03-16T18:04:42Z 580
Mar 16, 2013 6:04:42 PM net.blogracy.controller.DistributedHashTable$DownloadListener <init>
INFO: download-req 7ZTKP6766VUCR2ORJIRNLCHE3JZU7VVH 5EQSEDWJMSCQ4KMIL3GMZS2PCS6GPKXX 2013-03-16T17:59:27Z
Mar 16, 2013 6:04:45 PM net.blogracy.controller.DistributedHashTable$DownloadListener onMessage
INFO: download-ans 7ZTKP6766VUCR2ORJIRNLCHE3JZU7VVH 5EQSEDWJMSCQ4KMIL3GMZS2PCS6GPKXX 2013-03-16T17:59:27Z 2013-03-16T18:04:45Z 2801  318000 281
Mar 16, 2013 6:05:11 PM net.blogracy.controller.DistributedHashTable$LookupListener <init>
INFO: lookup-req OL65LQYSH3BAO6TGPHZIFC72WVGFD6PR
Mar 16, 2013 6:05:12 PM net.blogracy.controller.DistributedHashTable$LookupListener onMessage
INFO: lookup-ans OL65LQYSH3BAO6TGPHZIFC72WVGFD6PR ZHFAFQYE6GWAHRCSHOPMZ6OCM73S4KC7 2013-03-16T18:04:01Z 2013-03-16T18:05:12Z 821
Mar 16, 2013 6:05:12 PM net.blogracy.controller.DistributedHashTable$DownloadListener <init>
INFO: download-req OL65LQYSH3BAO6TGPHZIFC72WVGFD6PR ZHFAFQYE6GWAHRCSHOPMZ6OCM73S4KC7 2013-03-16T18:04:01Z
Mar 16, 2013 6:05:14 PM net.blogracy.controller.DistributedHashTable$DownloadListener onMessage
INFO: download-ans GRRVNWRRA5YPOTR2NJTQK3RXPMJXGKYD 4LW743KIE7EACNAUXDZQ37GY7JBFHCER 2013-03-16T18:04:08Z 2013-03-16T18:05:14Z 86689  66000 281
Mar 16, 2013 6:05:41 PM net.blogracy.controller.DistributedHashTable$DownloadListener onMessage
INFO: download-ans OL65LQYSH3BAO6TGPHZIFC72WVGFD6PR ZHFAFQYE6GWAHRCSHOPMZ6OCM73S4KC7 2013-03-16T18:04:01Z 2013-03-16T18:05:41Z 28639  100000 551
Mar 16, 2013 6:05:43 PM net.blogracy.controller.DistributedHashTable$LookupListener <init>
INFO: lookup-req 734RO6HILBSFN7TZMLELFXELO3NKEQPG
Mar 16, 2013 6:05:44 PM net.blogracy.controller.DistributedHashTable$LookupListener onMessage
INFO: lookup-ans 734RO6HILBSFN7TZMLELFXELO3NKEQPG H5W3IGDGYP4J7UFEPAJXWRA7EK45QLF5 2013-03-16T13:09:16Z 2013-03-16T18:05:44Z 347
Mar 16, 2013 6:05:44 PM net.blogracy.controller.DistributedHashTable$DownloadListener <init>
INFO: download-req 734RO6HILBSFN7TZMLELFXELO3NKEQPG H5W3IGDGYP4J7UFEPAJXWRA7EK45QLF5 2013-03-16T13:09:16Z
Mar 16, 2013 6:05:44 PM net.blogracy.controller.DistributedHashTable$LookupListener onMessage
INFO: lookup-ans 734RO6HILBSFN7TZMLELFXELO3NKEQPG 3CY6YVUAHLZ2WUCZTAD4MZJ3IJ5JRAC7 2013-03-16T18:00:41Z 2013-03-16T18:05:44Z 423
Mar 16, 2013 6:05:44 PM net.blogracy.controller.DistributedHashTable$DownloadListener <init>
INFO: download-req 734RO6HILBSFN7TZMLELFXELO3NKEQPG 3CY6YVUAHLZ2WUCZTAD4MZJ3IJ5JRAC7 2013-03-16T18:00:41Z
Mar 16, 2013 6:05:55 PM net.blogracy.controller.DistributedHashTable$DownloadListener onMessage
INFO: download-ans NUHK7LXC3JZZQ6EB2RKPAXMUYX7DF7UI P5VA5SAZ3HSWQYXMTWE7NLARIJ3EQK37 2013-03-16T18:01:20Z 2013-03-16T18:05:55Z 118647  275000 281
Mar 16, 2013 6:06:12 PM net.blogracy.controller.DistributedHashTable$DownloadListener onMessage
INFO: download-ans 734RO6HILBSFN7TZMLELFXELO3NKEQPG 3CY6YVUAHLZ2WUCZTAD4MZJ3IJ5JRAC7 2013-03-16T18:00:41Z 2013-03-16T18:06:12Z 28765  331000 281
Mar 16, 2013 6:06:15 PM net.blogracy.controller.DistributedHashTable$LookupListener <init>
INFO: lookup-req O2LNUOSQV6AMEJPEGJG7OVPK2XZQV3ZE
Mar 16, 2013 6:06:16 PM net.blogracy.controller.DistributedHashTable$LookupListener onMessage
INFO: lookup-ans O2LNUOSQV6AMEJPEGJG7OVPK2XZQV3ZE LS6ZM3SXJ3ELKHJLBDRM53GKPSQXKUCZ 2013-03-16T18:02:13Z 2013-03-16T18:06:16Z 304
Mar 16, 2013 6:06:16 PM net.blogracy.controller.DistributedHashTable$DownloadListener <init>
INFO: download-req O2LNUOSQV6AMEJPEGJG7OVPK2XZQV3ZE LS6ZM3SXJ3ELKHJLBDRM53GKPSQXKUCZ 2013-03-16T18:02:13Z
Mar 16, 2013 6:06:18 PM net.blogracy.controller.DistributedHashTable$DownloadListener onMessage
INFO: download-ans O2LNUOSQV6AMEJPEGJG7OVPK2XZQV3ZE LS6ZM3SXJ3ELKHJLBDRM53GKPSQXKUCZ 2013-03-16T18:02:13Z 2013-03-16T18:06:18Z 2491  245000 281
Mar 16, 2013 6:06:47 PM net.blogracy.controller.DistributedHashTable$LookupListener <init>
INFO: lookup-req H3WGV7IKX35FZNSFJYEZV4VCFQBSAKEL
Mar 16, 2013 6:06:48 PM net.blogracy.controller.DistributedHashTable$LookupListener onMessage
INFO: lookup-ans H3WGV7IKX35FZNSFJYEZV4VCFQBSAKEL Z4FN4OO6WJKRGHFGSCWRPKP5Q553M2C3 2013-03-16T18:03:20Z 2013-03-16T18:06:48Z 491
Mar 16, 2013 6:06:48 PM net.blogracy.controller.DistributedHashTable$DownloadListener <init>
INFO: download-req H3WGV7IKX35FZNSFJYEZV4VCFQBSAKEL Z4FN4OO6WJKRGHFGSCWRPKP5Q553M2C3 2013-03-16T18:03:20Z
Mar 16, 2013 6:06:51 PM net.blogracy.controller.DistributedHashTable$DownloadListener onMessage
INFO: download-ans H3WGV7IKX35FZNSFJYEZV4VCFQBSAKEL Z4FN4OO6WJKRGHFGSCWRPKP5Q553M2C3 2013-03-16T18:03:20Z 2013-03-16T18:06:51Z 3756  211000 281
Mar 16, 2013 6:07:19 PM net.blogracy.controller.DistributedHashTable$LookupListener <init>
INFO: lookup-req JZY6QFFDO2J4RQXM6QEFAMCKPOBHYFWR
Mar 16, 2013 6:07:19 PM net.blogracy.controller.DistributedHashTable$LookupListener onMessage
INFO: lookup-ans JZY6QFFDO2J4RQXM6QEFAMCKPOBHYFWR KZ2C6SHTXJBUB7USHES4LSYPCS4R27RI 2013-03-16T18:05:17Z 2013-03-16T18:07:19Z 309
Mar 16, 2013 6:07:19 PM net.blogracy.controller.DistributedHashTable$DownloadListener <init>
INFO: download-req JZY6QFFDO2J4RQXM6QEFAMCKPOBHYFWR KZ2C6SHTXJBUB7USHES4LSYPCS4R27RI 2013-03-16T18:05:17Z
Mar 16, 2013 6:07:43 PM net.blogracy.controller.DistributedHashTable$DownloadListener onMessage
INFO: download-ans JZY6QFFDO2J4RQXM6QEFAMCKPOBHYFWR KZ2C6SHTXJBUB7USHES4LSYPCS4R27RI 2013-03-16T18:05:17Z 2013-03-16T18:07:43Z 23598  146000 551
Mar 16, 2013 6:07:51 PM net.blogracy.controller.DistributedHashTable$LookupListener <init>
INFO: lookup-req IIFTPYF2OOSC7OUXFHS6JFLCSWAADAGJ
Mar 16, 2013 6:07:51 PM net.blogracy.controller.DistributedHashTable$LookupListener onMessage
INFO: lookup-ans IIFTPYF2OOSC7OUXFHS6JFLCSWAADAGJ TRPH22QLOQA5CACJICWAD6YFZWOXPZOZ 2013-03-16T18:04:27Z 2013-03-16T18:07:51Z 249
Mar 16, 2013 6:07:51 PM net.blogracy.controller.DistributedHashTable$DownloadListener <init>
INFO: download-req IIFTPYF2OOSC7OUXFHS6JFLCSWAADAGJ TRPH22QLOQA5CACJICWAD6YFZWOXPZOZ 2013-03-16T18:04:27Z
Mar 16, 2013 6:07:52 PM net.blogracy.controller.DistributedHashTable$LookupListener onMessage
INFO: lookup-ans IIFTPYF2OOSC7OUXFHS6JFLCSWAADAGJ PWYNKLEIYCS65O5M6BOZKGNAAMJYWESA 2013-03-16T17:59:11Z 2013-03-16T18:07:52Z 437
Mar 16, 2013 6:07:54 PM net.blogracy.controller.DistributedHashTable$DownloadListener onMessage
INFO: download-ans IIFTPYF2OOSC7OUXFHS6JFLCSWAADAGJ TRPH22QLOQA5CACJICWAD6YFZWOXPZOZ 2013-03-16T18:04:27Z 2013-03-16T18:07:54Z 2688  207000 551
Mar 16, 2013 6:08:23 PM net.blogracy.controller.DistributedHashTable$LookupListener <init>
INFO: lookup-req REHV2GKZR6BI6E66667LFTNPF42XF5QG
Mar 16, 2013 6:08:24 PM net.blogracy.controller.DistributedHashTable$LookupListener onMessage
INFO: lookup-ans REHV2GKZR6BI6E66667LFTNPF42XF5QG PKSWSUPCRYEXKTEXVT4WDN35RMVBKDIM 2013-03-16T18:01:48Z 2013-03-16T18:08:24Z 474
Mar 16, 2013 6:08:24 PM net.blogracy.controller.DistributedHashTable$DownloadListener <init>
INFO: download-req REHV2GKZR6BI6E66667LFTNPF42XF5QG PKSWSUPCRYEXKTEXVT4WDN35RMVBKDIM 2013-03-16T18:01:48Z
Mar 16, 2013 6:08:26 PM net.blogracy.controller.DistributedHashTable$DownloadListener onMessage
INFO: download-ans REHV2GKZR6BI6E66667LFTNPF42XF5QG PKSWSUPCRYEXKTEXVT4WDN35RMVBKDIM 2013-03-16T18:01:48Z 2013-03-16T18:08:26Z 2577  398000 281
Mar 16, 2013 6:08:55 PM net.blogracy.controller.DistributedHashTable$LookupListener <init>
INFO: lookup-req GRRVNWRRA5YPOTR2NJTQK3RXPMJXGKYD
Mar 16, 2013 6:08:55 PM net.blogracy.controller.DistributedHashTable$LookupListener onMessage
INFO: lookup-ans GRRVNWRRA5YPOTR2NJTQK3RXPMJXGKYD ZA6C4BTV7RGFFYV5UGS7CDTWOB4K6VF7 2013-03-16T18:09:20Z 2013-03-16T18:08:55Z 216
Mar 16, 2013 6:08:55 PM net.blogracy.controller.DistributedHashTable$DownloadListener <init>
INFO: download-req GRRVNWRRA5YPOTR2NJTQK3RXPMJXGKYD ZA6C4BTV7RGFFYV5UGS7CDTWOB4K6VF7 2013-03-16T18:09:20Z
Mar 16, 2013 6:08:58 PM net.blogracy.controller.DistributedHashTable$DownloadListener onMessage
INFO: download-ans GRRVNWRRA5YPOTR2NJTQK3RXPMJXGKYD ZA6C4BTV7RGFFYV5UGS7CDTWOB4K6VF7 2013-03-16T18:09:20Z 2013-03-16T18:08:58Z 2581  -22000 551
Mar 16, 2013 6:09:27 PM net.blogracy.controller.DistributedHashTable$LookupListener <init>
INFO: lookup-req NUHK7LXC3JZZQ6EB2RKPAXMUYX7DF7UI
Mar 16, 2013 6:09:28 PM net.blogracy.controller.DistributedHashTable$LookupListener onMessage
INFO: lookup-ans NUHK7LXC3JZZQ6EB2RKPAXMUYX7DF7UI SFR77NEL4ITLLL2AIVGGW5MDIBDZNA3B 2013-03-16T18:05:52Z 2013-03-16T18:09:28Z 665
Mar 16, 2013 6:09:28 PM net.blogracy.controller.DistributedHashTable$DownloadListener <init>
INFO: download-req NUHK7LXC3JZZQ6EB2RKPAXMUYX7DF7UI SFR77NEL4ITLLL2AIVGGW5MDIBDZNA3B 2013-03-16T18:05:52Z
Mar 16, 2013 6:09:30 PM net.blogracy.controller.DistributedHashTable$DownloadListener onMessage
INFO: download-ans NUHK7LXC3JZZQ6EB2RKPAXMUYX7DF7UI SFR77NEL4ITLLL2AIVGGW5MDIBDZNA3B 2013-03-16T18:05:52Z 2013-03-16T18:09:30Z 2681  218000 551
Mar 16, 2013 6:09:59 PM net.blogracy.controller.DistributedHashTable$LookupListener <init>
INFO: lookup-req NZYND2IBFUU2CASIWQ2GFYLCZFN7LPE4
Mar 16, 2013 6:10:31 PM net.blogracy.controller.DistributedHashTable$LookupListener <init>
INFO: lookup-req 7ZTKP6766VUCR2ORJIRNLCHE3JZU7VVH
Mar 16, 2013 6:10:32 PM net.blogracy.controller.DistributedHashTable$LookupListener onMessage
INFO: lookup-ans 7ZTKP6766VUCR2ORJIRNLCHE3JZU7VVH AKFOUIDBUHYB3ISP7IVA226TI73VIR4B 2013-03-16T18:08:38Z 2013-03-16T18:10:32Z 470
Mar 16, 2013 6:10:32 PM net.blogracy.controller.DistributedHashTable$DownloadListener <init>
INFO: download-req 7ZTKP6766VUCR2ORJIRNLCHE3JZU7VVH AKFOUIDBUHYB3ISP7IVA226TI73VIR4B 2013-03-16T18:08:38Z
Mar 16, 2013 6:10:35 PM net.blogracy.controller.DistributedHashTable$DownloadListener onMessage
INFO: download-ans 7ZTKP6766VUCR2ORJIRNLCHE3JZU7VVH AKFOUIDBUHYB3ISP7IVA226TI73VIR4B 2013-03-16T18:08:38Z 2013-03-16T18:10:35Z 3511  117000 821
Mar 16, 2013 6:11:03 PM net.blogracy.controller.DistributedHashTable$LookupListener <init>
INFO: lookup-req OL65LQYSH3BAO6TGPHZIFC72WVGFD6PR
Mar 16, 2013 6:11:04 PM net.blogracy.controller.DistributedHashTable$LookupListener onMessage
INFO: lookup-ans OL65LQYSH3BAO6TGPHZIFC72WVGFD6PR YJ3REXKASLWN2DNYPMB55TTUZWVJ6LXO 2013-03-16T18:08:45Z 2013-03-16T18:11:04Z 342
Mar 16, 2013 6:11:04 PM net.blogracy.controller.DistributedHashTable$DownloadListener <init>
INFO: download-req OL65LQYSH3BAO6TGPHZIFC72WVGFD6PR YJ3REXKASLWN2DNYPMB55TTUZWVJ6LXO 2013-03-16T18:08:45Z
Mar 16, 2013 6:11:31 PM net.blogracy.controller.DistributedHashTable$LookupListener <init>
INFO: lookup-req 734RO6HILBSFN7TZMLELFXELO3NKEQPG
Mar 16, 2013 6:11:31 PM net.blogracy.controller.DistributedHashTable$LookupListener onMessage
INFO: lookup-ans 734RO6HILBSFN7TZMLELFXELO3NKEQPG 3CY6YVUAHLZ2WUCZTAD4MZJ3IJ5JRAC7 2013-03-16T18:00:41Z 2013-03-16T18:11:31Z 322
Mar 16, 2013 6:11:31 PM net.blogracy.controller.DistributedHashTable$LookupListener onMessage
INFO: lookup-ans 734RO6HILBSFN7TZMLELFXELO3NKEQPG ML4BERGJXENOWV2YME6E7LIKUKRV3TIL 2013-03-16T18:09:51Z 2013-03-16T18:11:31Z 342
Mar 16, 2013 6:11:31 PM net.blogracy.controller.DistributedHashTable$DownloadListener <init>
INFO: download-req 734RO6HILBSFN7TZMLELFXELO3NKEQPG ML4BERGJXENOWV2YME6E7LIKUKRV3TIL 2013-03-16T18:09:51Z
Mar 16, 2013 6:11:35 PM net.blogracy.controller.DistributedHashTable$DownloadListener onMessage
INFO: download-ans 734RO6HILBSFN7TZMLELFXELO3NKEQPG ML4BERGJXENOWV2YME6E7LIKUKRV3TIL 2013-03-16T18:09:51Z 2013-03-16T18:11:35Z 3587  104000 821
Mar 16, 2013 6:11:40 PM net.blogracy.controller.DistributedHashTable$DownloadListener onMessage
INFO: download-ans OL65LQYSH3BAO6TGPHZIFC72WVGFD6PR YJ3REXKASLWN2DNYPMB55TTUZWVJ6LXO 2013-03-16T18:08:45Z 2013-03-16T18:11:40Z 36763  175000 821
Mar 16, 2013 6:11:58 PM net.blogracy.controller.DistributedHashTable$LookupListener <init>
INFO: lookup-req O2LNUOSQV6AMEJPEGJG7OVPK2XZQV3ZE
Mar 16, 2013 6:11:59 PM net.blogracy.controller.DistributedHashTable$LookupListener onMessage
INFO: lookup-ans O2LNUOSQV6AMEJPEGJG7OVPK2XZQV3ZE MMYEB4X5475J7DYMUD2N4UPKMJQGWB5G 2013-03-16T18:06:29Z 2013-03-16T18:11:59Z 368
Mar 16, 2013 6:11:59 PM net.blogracy.controller.DistributedHashTable$DownloadListener <init>
INFO: download-req O2LNUOSQV6AMEJPEGJG7OVPK2XZQV3ZE MMYEB4X5475J7DYMUD2N4UPKMJQGWB5G 2013-03-16T18:06:29Z
Mar 16, 2013 6:11:59 PM net.blogracy.controller.DistributedHashTable$LookupListener onMessage
INFO: lookup-ans O2LNUOSQV6AMEJPEGJG7OVPK2XZQV3ZE ZQRW3VIBF6SMJC65MYWEURNKZS2A4KLN 2013-03-16T13:09:00Z 2013-03-16T18:11:59Z 693
Mar 16, 2013 6:12:09 PM net.blogracy.controller.DistributedHashTable$DownloadListener onMessage
INFO: download-ans O2LNUOSQV6AMEJPEGJG7OVPK2XZQV3ZE MMYEB4X5475J7DYMUD2N4UPKMJQGWB5G 2013-03-16T18:06:29Z 2013-03-16T18:12:09Z 10690  340000 551
Mar 16, 2013 6:12:26 PM net.blogracy.controller.DistributedHashTable$LookupListener <init>
INFO: lookup-req H3WGV7IKX35FZNSFJYEZV4VCFQBSAKEL
Mar 16, 2013 6:12:26 PM net.blogracy.controller.DistributedHashTable$LookupListener onMessage
INFO: lookup-ans H3WGV7IKX35FZNSFJYEZV4VCFQBSAKEL BFSRSUU4VWN6CD3S6IRIIJ44MIYNIBXD 2013-03-16T18:08:25Z 2013-03-16T18:12:26Z 679
Mar 16, 2013 6:12:26 PM net.blogracy.controller.DistributedHashTable$DownloadListener <init>
INFO: download-req H3WGV7IKX35FZNSFJYEZV4VCFQBSAKEL BFSRSUU4VWN6CD3S6IRIIJ44MIYNIBXD 2013-03-16T18:08:25Z
Mar 16, 2013 6:12:29 PM net.blogracy.controller.DistributedHashTable$DownloadListener onMessage
INFO: download-ans H3WGV7IKX35FZNSFJYEZV4VCFQBSAKEL BFSRSUU4VWN6CD3S6IRIIJ44MIYNIBXD 2013-03-16T18:08:25Z 2013-03-16T18:12:29Z 2800  244000 551
Mar 16, 2013 6:12:53 PM net.blogracy.controller.DistributedHashTable$LookupListener <init>
INFO: lookup-req JZY6QFFDO2J4RQXM6QEFAMCKPOBHYFWR
Mar 16, 2013 6:12:54 PM net.blogracy.controller.DistributedHashTable$LookupListener onMessage
INFO: lookup-ans JZY6QFFDO2J4RQXM6QEFAMCKPOBHYFWR 6YZXRGGAIG26LKSY2PYYV6NYINBHNZJR 2013-03-16T18:10:07Z 2013-03-16T18:12:54Z 666
Mar 16, 2013 6:12:54 PM net.blogracy.controller.DistributedHashTable$DownloadListener <init>
INFO: download-req JZY6QFFDO2J4RQXM6QEFAMCKPOBHYFWR 6YZXRGGAIG26LKSY2PYYV6NYINBHNZJR 2013-03-16T18:10:07Z
Mar 16, 2013 6:13:11 PM net.blogracy.controller.DistributedHashTable$DownloadListener onMessage
INFO: download-ans JZY6QFFDO2J4RQXM6QEFAMCKPOBHYFWR 6YZXRGGAIG26LKSY2PYYV6NYINBHNZJR 2013-03-16T18:10:07Z 2013-03-16T18:13:11Z 16688  184000 821
Mar 16, 2013 6:13:21 PM net.blogracy.controller.DistributedHashTable$LookupListener <init>
INFO: lookup-req IIFTPYF2OOSC7OUXFHS6JFLCSWAADAGJ
Mar 16, 2013 6:13:21 PM net.blogracy.controller.DistributedHashTable$LookupListener onMessage
INFO: lookup-ans IIFTPYF2OOSC7OUXFHS6JFLCSWAADAGJ NQ5OQZBPOGPGGIKIOA6P3SAONI5KVIEU 2013-03-16T18:08:41Z 2013-03-16T18:13:21Z 242
Mar 16, 2013 6:13:21 PM net.blogracy.controller.DistributedHashTable$DownloadListener <init>
INFO: download-req IIFTPYF2OOSC7OUXFHS6JFLCSWAADAGJ NQ5OQZBPOGPGGIKIOA6P3SAONI5KVIEU 2013-03-16T18:08:41Z
Mar 16, 2013 6:13:21 PM net.blogracy.controller.DistributedHashTable$LookupListener onMessage
INFO: lookup-ans IIFTPYF2OOSC7OUXFHS6JFLCSWAADAGJ PWYNKLEIYCS65O5M6BOZKGNAAMJYWESA 2013-03-16T17:59:11Z 2013-03-16T18:13:21Z 372
Mar 16, 2013 6:13:24 PM net.blogracy.controller.DistributedHashTable$DownloadListener onMessage
INFO: download-ans IIFTPYF2OOSC7OUXFHS6JFLCSWAADAGJ NQ5OQZBPOGPGGIKIOA6P3SAONI5KVIEU 2013-03-16T18:08:41Z 2013-03-16T18:13:24Z 2952  283000 821
Mar 16, 2013 6:13:48 PM net.blogracy.controller.DistributedHashTable$LookupListener <init>
INFO: lookup-req REHV2GKZR6BI6E66667LFTNPF42XF5QG
Mar 16, 2013 6:13:49 PM net.blogracy.controller.DistributedHashTable$LookupListener onMessage
INFO: lookup-ans REHV2GKZR6BI6E66667LFTNPF42XF5QG ENEB2UPXBYABLVUMAE2NDLQ7WZCLK46H 2013-03-16T18:11:23Z 2013-03-16T18:13:49Z 477
Mar 16, 2013 6:13:49 PM net.blogracy.controller.DistributedHashTable$DownloadListener <init>
INFO: download-req REHV2GKZR6BI6E66667LFTNPF42XF5QG ENEB2UPXBYABLVUMAE2NDLQ7WZCLK46H 2013-03-16T18:11:23Z
Mar 16, 2013 6:13:57 PM net.blogracy.controller.DistributedHashTable$DownloadListener onMessage
INFO: download-ans REHV2GKZR6BI6E66667LFTNPF42XF5QG ENEB2UPXBYABLVUMAE2NDLQ7WZCLK46H 2013-03-16T18:11:23Z 2013-03-16T18:13:57Z 7867  154000 821
Mar 16, 2013 6:14:16 PM net.blogracy.controller.DistributedHashTable$LookupListener <init>
INFO: lookup-req GRRVNWRRA5YPOTR2NJTQK3RXPMJXGKYD
Mar 16, 2013 6:14:16 PM net.blogracy.controller.DistributedHashTable$LookupListener onMessage
INFO: lookup-ans GRRVNWRRA5YPOTR2NJTQK3RXPMJXGKYD CNLYUSNNLKPVTWGEH6CI27BQ63GCPE52 2013-03-16T18:14:27Z 2013-03-16T18:14:16Z 181
Mar 16, 2013 6:14:16 PM net.blogracy.controller.DistributedHashTable$DownloadListener <init>
INFO: download-req GRRVNWRRA5YPOTR2NJTQK3RXPMJXGKYD CNLYUSNNLKPVTWGEH6CI27BQ63GCPE52 2013-03-16T18:14:27Z
Mar 16, 2013 6:14:17 PM net.blogracy.controller.DistributedHashTable$DownloadListener onMessage
INFO: download-ans GRRVNWRRA5YPOTR2NJTQK3RXPMJXGKYD CNLYUSNNLKPVTWGEH6CI27BQ63GCPE52 2013-03-16T18:14:27Z 2013-03-16T18:14:17Z 1484  -10000 821
Mar 16, 2013 6:14:43 PM net.blogracy.controller.DistributedHashTable$LookupListener <init>
INFO: lookup-req NUHK7LXC3JZZQ6EB2RKPAXMUYX7DF7UI
Mar 16, 2013 6:14:44 PM net.blogracy.controller.DistributedHashTable$LookupListener onMessage
INFO: lookup-ans NUHK7LXC3JZZQ6EB2RKPAXMUYX7DF7UI GTAFVM3SRQXZPSJZYNYPDZQGVEOBC6VG 2013-03-16T18:10:38Z 2013-03-16T18:14:44Z 628
Mar 16, 2013 6:14:44 PM net.blogracy.controller.DistributedHashTable$DownloadListener <init>
INFO: download-req NUHK7LXC3JZZQ6EB2RKPAXMUYX7DF7UI GTAFVM3SRQXZPSJZYNYPDZQGVEOBC6VG 2013-03-16T18:10:38Z
Mar 16, 2013 6:14:56 PM net.blogracy.controller.DistributedHashTable$DownloadListener onMessage
INFO: download-ans NUHK7LXC3JZZQ6EB2RKPAXMUYX7DF7UI GTAFVM3SRQXZPSJZYNYPDZQGVEOBC6VG 2013-03-16T18:10:38Z 2013-03-16T18:14:56Z 12606  258000 821
Mar 16, 2013 6:15:11 PM net.blogracy.controller.DistributedHashTable$LookupListener <init>
INFO: lookup-req NZYND2IBFUU2CASIWQ2GFYLCZFN7LPE4
Mar 16, 2013 6:15:38 PM net.blogracy.controller.DistributedHashTable$LookupListener <init>
INFO: lookup-req 7ZTKP6766VUCR2ORJIRNLCHE3JZU7VVH
Mar 16, 2013 6:15:39 PM net.blogracy.controller.DistributedHashTable$LookupListener onMessage
INFO: lookup-ans 7ZTKP6766VUCR2ORJIRNLCHE3JZU7VVH YXJVCVC4SLN2G7O44N4CS2KEFVUIB7VD 2013-03-16T18:13:57Z 2013-03-16T18:15:39Z 417
Mar 16, 2013 6:15:39 PM net.blogracy.controller.DistributedHashTable$DownloadListener <init>
INFO: download-req 7ZTKP6766VUCR2ORJIRNLCHE3JZU7VVH YXJVCVC4SLN2G7O44N4CS2KEFVUIB7VD 2013-03-16T18:13:57Z
Mar 16, 2013 6:15:43 PM net.blogracy.controller.DistributedHashTable$DownloadListener onMessage
INFO: download-ans 7ZTKP6766VUCR2ORJIRNLCHE3JZU7VVH YXJVCVC4SLN2G7O44N4CS2KEFVUIB7VD 2013-03-16T18:13:57Z 2013-03-16T18:15:43Z 3895  106000 1091
Mar 16, 2013 6:16:06 PM net.blogracy.controller.DistributedHashTable$LookupListener <init>
INFO: lookup-req OL65LQYSH3BAO6TGPHZIFC72WVGFD6PR
Mar 16, 2013 6:16:06 PM net.blogracy.controller.DistributedHashTable$LookupListener onMessage
INFO: lookup-ans OL65LQYSH3BAO6TGPHZIFC72WVGFD6PR SQGE2LV3AKJI4VAAFSSOQSDZ4TFZJVHH 2013-03-16T18:14:20Z 2013-03-16T18:16:06Z 381
Mar 16, 2013 6:16:06 PM net.blogracy.controller.DistributedHashTable$DownloadListener <init>
INFO: download-req OL65LQYSH3BAO6TGPHZIFC72WVGFD6PR SQGE2LV3AKJI4VAAFSSOQSDZ4TFZJVHH 2013-03-16T18:14:20Z
Mar 16, 2013 6:16:26 PM net.blogracy.controller.DistributedHashTable$DownloadListener onMessage
INFO: download-ans OL65LQYSH3BAO6TGPHZIFC72WVGFD6PR SQGE2LV3AKJI4VAAFSSOQSDZ4TFZJVHH 2013-03-16T18:14:20Z 2013-03-16T18:16:26Z 19701  126000 1091
Mar 16, 2013 6:16:30 PM net.blogracy.controller.DistributedHashTable$LookupListener <init>
INFO: lookup-req 734RO6HILBSFN7TZMLELFXELO3NKEQPG
Mar 16, 2013 6:16:30 PM net.blogracy.controller.DistributedHashTable$LookupListener onMessage
INFO: lookup-ans 734RO6HILBSFN7TZMLELFXELO3NKEQPG T5MSCK55JLVWNGYVS7IYCMNNL5THMVHS 2013-03-16T18:15:23Z 2013-03-16T18:16:30Z 453
Mar 16, 2013 6:16:30 PM net.blogracy.controller.DistributedHashTable$DownloadListener <init>
INFO: download-req 734RO6HILBSFN7TZMLELFXELO3NKEQPG T5MSCK55JLVWNGYVS7IYCMNNL5THMVHS 2013-03-16T18:15:23Z
Mar 16, 2013 6:16:42 PM net.blogracy.controller.DistributedHashTable$DownloadListener onMessage
INFO: download-ans 734RO6HILBSFN7TZMLELFXELO3NKEQPG T5MSCK55JLVWNGYVS7IYCMNNL5THMVHS 2013-03-16T18:15:23Z 2013-03-16T18:16:42Z 11770  79000 1091
Mar 16, 2013 6:16:53 PM net.blogracy.controller.DistributedHashTable$LookupListener <init>
INFO: lookup-req O2LNUOSQV6AMEJPEGJG7OVPK2XZQV3ZE
Mar 16, 2013 6:16:55 PM net.blogracy.controller.DistributedHashTable$LookupListener onMessage
INFO: lookup-ans O2LNUOSQV6AMEJPEGJG7OVPK2XZQV3ZE G4LVTULBHEKYGIZ2ZL3UVJBU3RN6YZIX 2013-03-16T18:11:56Z 2013-03-16T18:16:55Z 1315
Mar 16, 2013 6:16:55 PM net.blogracy.controller.DistributedHashTable$DownloadListener <init>
INFO: download-req O2LNUOSQV6AMEJPEGJG7OVPK2XZQV3ZE G4LVTULBHEKYGIZ2ZL3UVJBU3RN6YZIX 2013-03-16T18:11:56Z
Mar 16, 2013 6:16:55 PM net.blogracy.controller.DistributedHashTable$LookupListener onMessage
INFO: lookup-ans O2LNUOSQV6AMEJPEGJG7OVPK2XZQV3ZE LS6ZM3SXJ3ELKHJLBDRM53GKPSQXKUCZ 2013-03-16T18:02:13Z 2013-03-16T18:16:55Z 1947
Mar 16, 2013 6:17:00 PM net.blogracy.controller.DistributedHashTable$DownloadListener onMessage
INFO: download-ans O2LNUOSQV6AMEJPEGJG7OVPK2XZQV3ZE G4LVTULBHEKYGIZ2ZL3UVJBU3RN6YZIX 2013-03-16T18:11:56Z 2013-03-16T18:17:00Z 4918  304000 821
Mar 16, 2013 6:17:17 PM net.blogracy.controller.DistributedHashTable$LookupListener <init>
INFO: lookup-req H3WGV7IKX35FZNSFJYEZV4VCFQBSAKEL
Mar 16, 2013 6:17:18 PM net.blogracy.controller.DistributedHashTable$LookupListener onMessage
INFO: lookup-ans H3WGV7IKX35FZNSFJYEZV4VCFQBSAKEL A54C3TZSW5AY253DL6BMHDBMQASN3QCC 2013-03-16T18:13:24Z 2013-03-16T18:17:18Z 435
Mar 16, 2013 6:17:18 PM net.blogracy.controller.DistributedHashTable$DownloadListener <init>
INFO: download-req H3WGV7IKX35FZNSFJYEZV4VCFQBSAKEL A54C3TZSW5AY253DL6BMHDBMQASN3QCC 2013-03-16T18:13:24Z
Mar 16, 2013 6:17:20 PM net.blogracy.controller.DistributedHashTable$DownloadListener onMessage
INFO: download-ans H3WGV7IKX35FZNSFJYEZV4VCFQBSAKEL A54C3TZSW5AY253DL6BMHDBMQASN3QCC 2013-03-16T18:13:24Z 2013-03-16T18:17:20Z 2688  236000 821
Mar 16, 2013 6:17:41 PM net.blogracy.controller.DistributedHashTable$LookupListener <init>
INFO: lookup-req JZY6QFFDO2J4RQXM6QEFAMCKPOBHYFWR
Mar 16, 2013 6:17:41 PM net.blogracy.controller.DistributedHashTable$LookupListener onMessage
INFO: lookup-ans JZY6QFFDO2J4RQXM6QEFAMCKPOBHYFWR DUVTANWBY47BRMZ4QAUWXGLJLWIAPVXL 2013-03-16T18:14:47Z 2013-03-16T18:17:41Z 503
Mar 16, 2013 6:17:41 PM net.blogracy.controller.DistributedHashTable$DownloadListener <init>
INFO: download-req JZY6QFFDO2J4RQXM6QEFAMCKPOBHYFWR DUVTANWBY47BRMZ4QAUWXGLJLWIAPVXL 2013-03-16T18:14:47Z
Mar 16, 2013 6:17:43 PM net.blogracy.controller.DistributedHashTable$DownloadListener onMessage
INFO: download-ans JZY6QFFDO2J4RQXM6QEFAMCKPOBHYFWR DUVTANWBY47BRMZ4QAUWXGLJLWIAPVXL 2013-03-16T18:14:47Z 2013-03-16T18:17:43Z 1865  176000 1091
Mar 16, 2013 6:18:05 PM net.blogracy.controller.DistributedHashTable$LookupListener <init>
INFO: lookup-req IIFTPYF2OOSC7OUXFHS6JFLCSWAADAGJ
Mar 16, 2013 6:18:05 PM net.blogracy.controller.DistributedHashTable$LookupListener onMessage
INFO: lookup-ans IIFTPYF2OOSC7OUXFHS6JFLCSWAADAGJ 2ELXTI47ZKNNANQEFEDP5KSDQZCDUOCQ 2013-03-16T18:17:00Z 2013-03-16T18:18:05Z 295
Mar 16, 2013 6:18:05 PM net.blogracy.controller.DistributedHashTable$DownloadListener <init>
INFO: download-req IIFTPYF2OOSC7OUXFHS6JFLCSWAADAGJ 2ELXTI47ZKNNANQEFEDP5KSDQZCDUOCQ 2013-03-16T18:17:00Z
Mar 16, 2013 6:18:05 PM net.blogracy.controller.DistributedHashTable$LookupListener onMessage
INFO: lookup-ans IIFTPYF2OOSC7OUXFHS6JFLCSWAADAGJ NQ5OQZBPOGPGGIKIOA6P3SAONI5KVIEU 2013-03-16T18:08:41Z 2013-03-16T18:18:05Z 441
Mar 16, 2013 6:18:28 PM net.blogracy.controller.DistributedHashTable$LookupListener <init>
INFO: lookup-req REHV2GKZR6BI6E66667LFTNPF42XF5QG
Mar 16, 2013 6:18:29 PM net.blogracy.controller.DistributedHashTable$LookupListener onMessage
INFO: lookup-ans REHV2GKZR6BI6E66667LFTNPF42XF5QG ENEB2UPXBYABLVUMAE2NDLQ7WZCLK46H 2013-03-16T18:11:23Z 2013-03-16T18:18:29Z 510
Mar 16, 2013 6:18:52 PM net.blogracy.controller.DistributedHashTable$LookupListener <init>
INFO: lookup-req GRRVNWRRA5YPOTR2NJTQK3RXPMJXGKYD
Mar 16, 2013 6:18:52 PM net.blogracy.controller.DistributedHashTable$LookupListener onMessage
INFO: lookup-ans GRRVNWRRA5YPOTR2NJTQK3RXPMJXGKYD CNLYUSNNLKPVTWGEH6CI27BQ63GCPE52 2013-03-16T18:14:27Z 2013-03-16T18:18:52Z 179
Mar 16, 2013 6:19:16 PM net.blogracy.controller.DistributedHashTable$LookupListener <init>
INFO: lookup-req NUHK7LXC3JZZQ6EB2RKPAXMUYX7DF7UI
Mar 16, 2013 6:19:17 PM net.blogracy.controller.DistributedHashTable$LookupListener onMessage
INFO: lookup-ans NUHK7LXC3JZZQ6EB2RKPAXMUYX7DF7UI QHRRYB6OSJKNFQMGUUXKL4IZ4YB7ECOD 2013-03-16T18:14:39Z 2013-03-16T18:19:17Z 613
Mar 16, 2013 6:19:17 PM net.blogracy.controller.DistributedHashTable$DownloadListener <init>
INFO: download-req NUHK7LXC3JZZQ6EB2RKPAXMUYX7DF7UI QHRRYB6OSJKNFQMGUUXKL4IZ4YB7ECOD 2013-03-16T18:14:39Z
Mar 16, 2013 6:19:18 PM net.blogracy.controller.DistributedHashTable$DownloadListener onMessage
INFO: download-ans NUHK7LXC3JZZQ6EB2RKPAXMUYX7DF7UI QHRRYB6OSJKNFQMGUUXKL4IZ4YB7ECOD 2013-03-16T18:14:39Z 2013-03-16T18:19:18Z 1535  279000 1091
Mar 16, 2013 6:19:30 PM net.blogracy.controller.DistributedHashTable$LookupListener onMessage
INFO: lookup-ans NUHK7LXC3JZZQ6EB2RKPAXMUYX7DF7UI VJJV3JCFR3FMFNTLQBK4M7TEKI7DJLVK 2013-03-16T18:18:42Z 2013-03-16T18:19:30Z 13630
Mar 16, 2013 6:19:30 PM net.blogracy.controller.DistributedHashTable$DownloadListener <init>
INFO: download-req NUHK7LXC3JZZQ6EB2RKPAXMUYX7DF7UI VJJV3JCFR3FMFNTLQBK4M7TEKI7DJLVK 2013-03-16T18:18:42Z
Mar 16, 2013 6:19:40 PM net.blogracy.controller.DistributedHashTable$LookupListener <init>
INFO: lookup-req NZYND2IBFUU2CASIWQ2GFYLCZFN7LPE4
Mar 16, 2013 6:19:43 PM net.blogracy.controller.DistributedHashTable$DownloadListener onMessage
INFO: download-ans IIFTPYF2OOSC7OUXFHS6JFLCSWAADAGJ 2ELXTI47ZKNNANQEFEDP5KSDQZCDUOCQ 2013-03-16T18:17:00Z 2013-03-16T18:19:43Z 98222  163000 1361
Mar 16, 2013 6:20:03 PM net.blogracy.controller.DistributedHashTable$LookupListener <init>
INFO: lookup-req 7ZTKP6766VUCR2ORJIRNLCHE3JZU7VVH
Mar 16, 2013 6:20:04 PM net.blogracy.controller.DistributedHashTable$LookupListener onMessage
INFO: lookup-ans 7ZTKP6766VUCR2ORJIRNLCHE3JZU7VVH YXJVCVC4SLN2G7O44N4CS2KEFVUIB7VD 2013-03-16T18:13:57Z 2013-03-16T18:20:04Z 529
Mar 16, 2013 6:20:23 PM net.blogracy.controller.DistributedHashTable$DownloadListener onMessage
INFO: download-ans NUHK7LXC3JZZQ6EB2RKPAXMUYX7DF7UI VJJV3JCFR3FMFNTLQBK4M7TEKI7DJLVK 2013-03-16T18:18:42Z 2013-03-16T18:20:23Z 53054  101000 1361
Mar 16, 2013 6:20:27 PM net.blogracy.controller.DistributedHashTable$LookupListener <init>
INFO: lookup-req OL65LQYSH3BAO6TGPHZIFC72WVGFD6PR
Mar 16, 2013 6:20:28 PM net.blogracy.controller.DistributedHashTable$LookupListener onMessage
INFO: lookup-ans OL65LQYSH3BAO6TGPHZIFC72WVGFD6PR SQGE2LV3AKJI4VAAFSSOQSDZ4TFZJVHH 2013-03-16T18:14:20Z 2013-03-16T18:20:28Z 501
Mar 16, 2013 6:20:28 PM net.blogracy.controller.DistributedHashTable$LookupListener onMessage
INFO: lookup-ans OL65LQYSH3BAO6TGPHZIFC72WVGFD6PR ZHFAFQYE6GWAHRCSHOPMZ6OCM73S4KC7 2013-03-16T18:04:01Z 2013-03-16T18:20:28Z 654
Mar 16, 2013 6:20:59 PM net.blogracy.controller.DistributedHashTable$LookupListener <init>
INFO: lookup-req 734RO6HILBSFN7TZMLELFXELO3NKEQPG
Mar 16, 2013 6:20:59 PM net.blogracy.controller.DistributedHashTable$LookupListener onMessage
INFO: lookup-ans 734RO6HILBSFN7TZMLELFXELO3NKEQPG T5MSCK55JLVWNGYVS7IYCMNNL5THMVHS 2013-03-16T18:15:23Z 2013-03-16T18:20:59Z 344
Mar 16, 2013 6:21:30 PM net.blogracy.controller.DistributedHashTable$LookupListener <init>
INFO: lookup-req O2LNUOSQV6AMEJPEGJG7OVPK2XZQV3ZE
Mar 16, 2013 6:21:31 PM net.blogracy.controller.DistributedHashTable$LookupListener onMessage
INFO: lookup-ans O2LNUOSQV6AMEJPEGJG7OVPK2XZQV3ZE LEE5XPDF433NQW5HGTPKDVQKG6EEVEU6 2013-03-16T18:17:18Z 2013-03-16T18:21:31Z 321
Mar 16, 2013 6:21:31 PM net.blogracy.controller.DistributedHashTable$DownloadListener <init>
INFO: download-req O2LNUOSQV6AMEJPEGJG7OVPK2XZQV3ZE LEE5XPDF433NQW5HGTPKDVQKG6EEVEU6 2013-03-16T18:17:18Z
Mar 16, 2013 6:21:52 PM net.blogracy.controller.DistributedHashTable$DownloadListener onMessage
INFO: download-ans O2LNUOSQV6AMEJPEGJG7OVPK2XZQV3ZE LEE5XPDF433NQW5HGTPKDVQKG6EEVEU6 2013-03-16T18:17:18Z 2013-03-16T18:21:52Z 21686  274000 1091
Mar 16, 2013 6:22:02 PM net.blogracy.controller.DistributedHashTable$LookupListener <init>
INFO: lookup-req H3WGV7IKX35FZNSFJYEZV4VCFQBSAKEL
Mar 16, 2013 6:22:02 PM net.blogracy.controller.DistributedHashTable$LookupListener onMessage
INFO: lookup-ans H3WGV7IKX35FZNSFJYEZV4VCFQBSAKEL Z42CUAO34IOHGX5P6UBWFXB6PJ4LZYUU 2013-03-16T18:18:20Z 2013-03-16T18:22:02Z 390
Mar 16, 2013 6:22:02 PM net.blogracy.controller.DistributedHashTable$DownloadListener <init>
INFO: download-req H3WGV7IKX35FZNSFJYEZV4VCFQBSAKEL Z42CUAO34IOHGX5P6UBWFXB6PJ4LZYUU 2013-03-16T18:18:20Z
Mar 16, 2013 6:22:17 PM net.blogracy.controller.DistributedHashTable$DownloadListener onMessage
INFO: download-ans H3WGV7IKX35FZNSFJYEZV4VCFQBSAKEL Z42CUAO34IOHGX5P6UBWFXB6PJ4LZYUU 2013-03-16T18:18:20Z 2013-03-16T18:22:17Z 15089  237000 1091
Mar 16, 2013 6:22:33 PM net.blogracy.controller.DistributedHashTable$LookupListener <init>
INFO: lookup-req JZY6QFFDO2J4RQXM6QEFAMCKPOBHYFWR
Mar 16, 2013 6:22:33 PM net.blogracy.controller.DistributedHashTable$LookupListener onMessage
INFO: lookup-ans JZY6QFFDO2J4RQXM6QEFAMCKPOBHYFWR TFM5LVUYS52ZUYV5VL7GSZ4OZAQDHRBN 2013-03-16T18:19:24Z 2013-03-16T18:22:33Z 439
Mar 16, 2013 6:22:33 PM net.blogracy.controller.DistributedHashTable$DownloadListener <init>
INFO: download-req JZY6QFFDO2J4RQXM6QEFAMCKPOBHYFWR TFM5LVUYS52ZUYV5VL7GSZ4OZAQDHRBN 2013-03-16T18:19:24Z
Mar 16, 2013 6:22:41 PM net.blogracy.controller.DistributedHashTable$DownloadListener onMessage
INFO: download-ans JZY6QFFDO2J4RQXM6QEFAMCKPOBHYFWR TFM5LVUYS52ZUYV5VL7GSZ4OZAQDHRBN 2013-03-16T18:19:24Z 2013-03-16T18:22:41Z 7638  197000 1361
Mar 16, 2013 6:23:04 PM net.blogracy.controller.DistributedHashTable$LookupListener <init>
INFO: lookup-req IIFTPYF2OOSC7OUXFHS6JFLCSWAADAGJ
Mar 16, 2013 6:23:05 PM net.blogracy.controller.DistributedHashTable$LookupListener onMessage
INFO: lookup-ans IIFTPYF2OOSC7OUXFHS6JFLCSWAADAGJ 2ELXTI47ZKNNANQEFEDP5KSDQZCDUOCQ 2013-03-16T18:17:00Z 2013-03-16T18:23:05Z 318
Mar 16, 2013 6:23:05 PM net.blogracy.controller.DistributedHashTable$LookupListener onMessage
INFO: lookup-ans IIFTPYF2OOSC7OUXFHS6JFLCSWAADAGJ NQ5OQZBPOGPGGIKIOA6P3SAONI5KVIEU 2013-03-16T18:08:41Z 2013-03-16T18:23:05Z 436
Mar 16, 2013 6:23:36 PM net.blogracy.controller.DistributedHashTable$LookupListener <init>
INFO: lookup-req REHV2GKZR6BI6E66667LFTNPF42XF5QG
Mar 16, 2013 6:23:36 PM net.blogracy.controller.DistributedHashTable$LookupListener onMessage
INFO: lookup-ans REHV2GKZR6BI6E66667LFTNPF42XF5QG 5JIC7WA7SURC77MISKH4O5QE75JQCG2E 2013-03-16T18:21:58Z 2013-03-16T18:23:36Z 805
Mar 16, 2013 6:23:36 PM net.blogracy.controller.DistributedHashTable$DownloadListener <init>
INFO: download-req REHV2GKZR6BI6E66667LFTNPF42XF5QG 5JIC7WA7SURC77MISKH4O5QE75JQCG2E 2013-03-16T18:21:58Z
Mar 16, 2013 6:24:07 PM net.blogracy.controller.DistributedHashTable$LookupListener <init>
INFO: lookup-req GRRVNWRRA5YPOTR2NJTQK3RXPMJXGKYD
Mar 16, 2013 6:24:07 PM net.blogracy.controller.DistributedHashTable$LookupListener onMessage
INFO: lookup-ans GRRVNWRRA5YPOTR2NJTQK3RXPMJXGKYD PRAS5NMZ2UJTBYJ54Q2VDY2AIRIQXG5F 2013-03-16T18:20:24Z 2013-03-16T18:24:07Z 221
Mar 16, 2013 6:24:07 PM net.blogracy.controller.DistributedHashTable$DownloadListener <init>
INFO: download-req GRRVNWRRA5YPOTR2NJTQK3RXPMJXGKYD PRAS5NMZ2UJTBYJ54Q2VDY2AIRIQXG5F 2013-03-16T18:20:24Z
Mar 16, 2013 6:24:23 PM net.blogracy.controller.DistributedHashTable$DownloadListener onMessage
INFO: download-ans GRRVNWRRA5YPOTR2NJTQK3RXPMJXGKYD PRAS5NMZ2UJTBYJ54Q2VDY2AIRIQXG5F 2013-03-16T18:20:24Z 2013-03-16T18:24:23Z 16128  239000 1091
Mar 16, 2013 6:24:38 PM net.blogracy.controller.DistributedHashTable$LookupListener <init>
INFO: lookup-req NUHK7LXC3JZZQ6EB2RKPAXMUYX7DF7UI
Mar 16, 2013 6:24:39 PM net.blogracy.controller.DistributedHashTable$LookupListener onMessage
INFO: lookup-ans NUHK7LXC3JZZQ6EB2RKPAXMUYX7DF7UI VJJV3JCFR3FMFNTLQBK4M7TEKI7DJLVK 2013-03-16T18:18:42Z 2013-03-16T18:24:39Z 655
Mar 16, 2013 6:25:10 PM net.blogracy.controller.DistributedHashTable$LookupListener <init>
INFO: lookup-req NZYND2IBFUU2CASIWQ2GFYLCZFN7LPE4
Mar 16, 2013 6:25:41 PM net.blogracy.controller.DistributedHashTable$LookupListener <init>
INFO: lookup-req 7ZTKP6766VUCR2ORJIRNLCHE3JZU7VVH
Mar 16, 2013 6:25:42 PM net.blogracy.controller.DistributedHashTable$LookupListener onMessage
INFO: lookup-ans 7ZTKP6766VUCR2ORJIRNLCHE3JZU7VVH JNWPNIEU7GWR7JSAVACGNGTGF2BL2FZ5 2013-03-16T18:23:16Z 2013-03-16T18:25:42Z 387
Mar 16, 2013 6:25:42 PM net.blogracy.controller.DistributedHashTable$DownloadListener <init>
INFO: download-req 7ZTKP6766VUCR2ORJIRNLCHE3JZU7VVH JNWPNIEU7GWR7JSAVACGNGTGF2BL2FZ5 2013-03-16T18:23:16Z
Mar 16, 2013 6:25:46 PM net.blogracy.controller.DistributedHashTable$DownloadListener onMessage
INFO: download-ans REHV2GKZR6BI6E66667LFTNPF42XF5QG 5JIC7WA7SURC77MISKH4O5QE75JQCG2E 2013-03-16T18:21:58Z 2013-03-16T18:25:46Z 129353  228000 1361
Mar 16, 2013 6:26:07 PM net.blogracy.controller.DistributedHashTable$DownloadListener onMessage
INFO: download-ans 7ZTKP6766VUCR2ORJIRNLCHE3JZU7VVH JNWPNIEU7GWR7JSAVACGNGTGF2BL2FZ5 2013-03-16T18:23:16Z 2013-03-16T18:26:07Z 25716  171000 1631
Mar 16, 2013 6:26:13 PM net.blogracy.controller.DistributedHashTable$LookupListener <init>
INFO: lookup-req OL65LQYSH3BAO6TGPHZIFC72WVGFD6PR
Mar 16, 2013 6:26:13 PM net.blogracy.controller.DistributedHashTable$LookupListener onMessage
INFO: lookup-ans OL65LQYSH3BAO6TGPHZIFC72WVGFD6PR 3IJHPEOHO3RFDV7JQBEBDZNXJGNP7YML 2013-03-16T18:24:53Z 2013-03-16T18:26:13Z 432
Mar 16, 2013 6:26:13 PM net.blogracy.controller.DistributedHashTable$DownloadListener <init>
INFO: download-req OL65LQYSH3BAO6TGPHZIFC72WVGFD6PR 3IJHPEOHO3RFDV7JQBEBDZNXJGNP7YML 2013-03-16T18:24:53Z
Mar 16, 2013 6:26:36 PM net.blogracy.controller.DistributedHashTable$LookupListener <init>
INFO: lookup-req 734RO6HILBSFN7TZMLELFXELO3NKEQPG
Mar 16, 2013 6:26:36 PM net.blogracy.controller.DistributedHashTable$LookupListener onMessage
INFO: lookup-ans 734RO6HILBSFN7TZMLELFXELO3NKEQPG T5MSCK55JLVWNGYVS7IYCMNNL5THMVHS 2013-03-16T18:15:23Z 2013-03-16T18:26:36Z 414
Mar 16, 2013 6:26:36 PM net.blogracy.controller.DistributedHashTable$LookupListener onMessage
INFO: lookup-ans 734RO6HILBSFN7TZMLELFXELO3NKEQPG MFWTDQXZBTFLUDHEKGVLUU5GFLLYI2TX 2013-03-16T18:24:58Z 2013-03-16T18:26:36Z 456
Mar 16, 2013 6:26:36 PM net.blogracy.controller.DistributedHashTable$DownloadListener <init>
INFO: download-req 734RO6HILBSFN7TZMLELFXELO3NKEQPG MFWTDQXZBTFLUDHEKGVLUU5GFLLYI2TX 2013-03-16T18:24:58Z
Mar 16, 2013 6:26:53 PM net.blogracy.controller.DistributedHashTable$DownloadListener onMessage
INFO: download-ans 734RO6HILBSFN7TZMLELFXELO3NKEQPG MFWTDQXZBTFLUDHEKGVLUU5GFLLYI2TX 2013-03-16T18:24:58Z 2013-03-16T18:26:53Z 16606  115000 1631
Mar 16, 2013 6:26:59 PM net.blogracy.controller.DistributedHashTable$LookupListener <init>
INFO: lookup-req O2LNUOSQV6AMEJPEGJG7OVPK2XZQV3ZE
Mar 16, 2013 6:26:59 PM net.blogracy.controller.DistributedHashTable$LookupListener onMessage
INFO: lookup-ans O2LNUOSQV6AMEJPEGJG7OVPK2XZQV3ZE Y5IMI4QNI4QCWKIUGY2RUDJTTZKQOMHT 2013-03-16T18:22:57Z 2013-03-16T18:26:59Z 737
Mar 16, 2013 6:26:59 PM net.blogracy.controller.DistributedHashTable$DownloadListener <init>
INFO: download-req O2LNUOSQV6AMEJPEGJG7OVPK2XZQV3ZE Y5IMI4QNI4QCWKIUGY2RUDJTTZKQOMHT 2013-03-16T18:22:57Z
Mar 16, 2013 6:27:11 PM net.blogracy.controller.DistributedHashTable$DownloadListener onMessage
INFO: download-ans O2LNUOSQV6AMEJPEGJG7OVPK2XZQV3ZE Y5IMI4QNI4QCWKIUGY2RUDJTTZKQOMHT 2013-03-16T18:22:57Z 2013-03-16T18:27:11Z 11614  254000 1361
Mar 16, 2013 6:27:22 PM net.blogracy.controller.DistributedHashTable$LookupListener <init>
INFO: lookup-req H3WGV7IKX35FZNSFJYEZV4VCFQBSAKEL
Mar 16, 2013 6:27:22 PM net.blogracy.controller.DistributedHashTable$LookupListener onMessage
INFO: lookup-ans H3WGV7IKX35FZNSFJYEZV4VCFQBSAKEL CKA3HRZIO2STBEOHJQC5YVMTIHWBDX72 2013-03-16T18:22:44Z 2013-03-16T18:27:22Z 515
Mar 16, 2013 6:27:22 PM net.blogracy.controller.DistributedHashTable$DownloadListener <init>
INFO: download-req H3WGV7IKX35FZNSFJYEZV4VCFQBSAKEL CKA3HRZIO2STBEOHJQC5YVMTIHWBDX72 2013-03-16T18:22:44Z
Mar 16, 2013 6:27:26 PM net.blogracy.controller.DistributedHashTable$DownloadListener onMessage
INFO: download-ans H3WGV7IKX35FZNSFJYEZV4VCFQBSAKEL CKA3HRZIO2STBEOHJQC5YVMTIHWBDX72 2013-03-16T18:22:44Z 2013-03-16T18:27:26Z 3600  282000 1361
Mar 16, 2013 6:27:28 PM net.blogracy.controller.DistributedHashTable$DownloadListener onMessage
INFO: download-ans OL65LQYSH3BAO6TGPHZIFC72WVGFD6PR 3IJHPEOHO3RFDV7JQBEBDZNXJGNP7YML 2013-03-16T18:24:53Z 2013-03-16T18:27:28Z 74615  155000 1631
Mar 16, 2013 6:27:45 PM net.blogracy.controller.DistributedHashTable$LookupListener <init>
INFO: lookup-req JZY6QFFDO2J4RQXM6QEFAMCKPOBHYFWR
Mar 16, 2013 6:27:45 PM net.blogracy.controller.DistributedHashTable$LookupListener onMessage
INFO: lookup-ans JZY6QFFDO2J4RQXM6QEFAMCKPOBHYFWR A3Y3FLZIOFELAHR3J7HO36PVBBTELFNO 2013-03-16T18:23:35Z 2013-03-16T18:27:45Z 327
Mar 16, 2013 6:27:45 PM net.blogracy.controller.DistributedHashTable$DownloadListener <init>
INFO: download-req JZY6QFFDO2J4RQXM6QEFAMCKPOBHYFWR A3Y3FLZIOFELAHR3J7HO36PVBBTELFNO 2013-03-16T18:23:35Z
Mar 16, 2013 6:28:07 PM net.blogracy.controller.DistributedHashTable$LookupListener <init>
INFO: lookup-req IIFTPYF2OOSC7OUXFHS6JFLCSWAADAGJ
Mar 16, 2013 6:28:08 PM net.blogracy.controller.DistributedHashTable$LookupListener onMessage
INFO: lookup-ans IIFTPYF2OOSC7OUXFHS6JFLCSWAADAGJ 64HXMSLUGYFFR22DQVJDBVXNV2TPQWR7 2013-03-16T18:22:26Z 2013-03-16T18:28:08Z 331
Mar 16, 2013 6:28:08 PM net.blogracy.controller.DistributedHashTable$DownloadListener <init>
INFO: download-req IIFTPYF2OOSC7OUXFHS6JFLCSWAADAGJ 64HXMSLUGYFFR22DQVJDBVXNV2TPQWR7 2013-03-16T18:22:26Z
Mar 16, 2013 6:28:08 PM net.blogracy.controller.DistributedHashTable$LookupListener onMessage
INFO: lookup-ans IIFTPYF2OOSC7OUXFHS6JFLCSWAADAGJ NQ5OQZBPOGPGGIKIOA6P3SAONI5KVIEU 2013-03-16T18:08:41Z 2013-03-16T18:28:08Z 468
Mar 16, 2013 6:28:23 PM net.blogracy.controller.DistributedHashTable$DownloadListener onMessage
INFO: download-ans JZY6QFFDO2J4RQXM6QEFAMCKPOBHYFWR A3Y3FLZIOFELAHR3J7HO36PVBBTELFNO 2013-03-16T18:23:35Z 2013-03-16T18:28:23Z 38026  288000 1631
Mar 16, 2013 6:28:30 PM net.blogracy.controller.DistributedHashTable$LookupListener <init>
INFO: lookup-req REHV2GKZR6BI6E66667LFTNPF42XF5QG
Mar 16, 2013 6:28:31 PM net.blogracy.controller.DistributedHashTable$LookupListener onMessage
INFO: lookup-ans REHV2GKZR6BI6E66667LFTNPF42XF5QG 5JIC7WA7SURC77MISKH4O5QE75JQCG2E 2013-03-16T18:21:58Z 2013-03-16T18:28:31Z 752
Mar 16, 2013 6:28:39 PM net.blogracy.controller.DistributedHashTable$DownloadListener onMessage
INFO: download-ans IIFTPYF2OOSC7OUXFHS6JFLCSWAADAGJ 64HXMSLUGYFFR22DQVJDBVXNV2TPQWR7 2013-03-16T18:22:26Z 2013-03-16T18:28:39Z 31152  373000 1631
Mar 16, 2013 6:28:53 PM net.blogracy.controller.DistributedHashTable$LookupListener <init>
INFO: lookup-req GRRVNWRRA5YPOTR2NJTQK3RXPMJXGKYD
Mar 16, 2013 6:28:54 PM net.blogracy.controller.DistributedHashTable$LookupListener onMessage
INFO: lookup-ans GRRVNWRRA5YPOTR2NJTQK3RXPMJXGKYD NSE4XINKRJVWGIDYXLCUKMCEBKYN37GL 2013-03-16T18:29:24Z 2013-03-16T18:28:54Z 206
Mar 16, 2013 6:28:54 PM net.blogracy.controller.DistributedHashTable$DownloadListener <init>
INFO: download-req GRRVNWRRA5YPOTR2NJTQK3RXPMJXGKYD NSE4XINKRJVWGIDYXLCUKMCEBKYN37GL 2013-03-16T18:29:24Z
Mar 16, 2013 6:28:58 PM net.blogracy.controller.DistributedHashTable$DownloadListener onMessage
INFO: download-ans GRRVNWRRA5YPOTR2NJTQK3RXPMJXGKYD NSE4XINKRJVWGIDYXLCUKMCEBKYN37GL 2013-03-16T18:29:24Z 2013-03-16T18:28:58Z 4736  -26000 1631
Mar 16, 2013 6:29:16 PM net.blogracy.controller.DistributedHashTable$LookupListener <init>
INFO: lookup-req NUHK7LXC3JZZQ6EB2RKPAXMUYX7DF7UI
Mar 16, 2013 6:29:17 PM net.blogracy.controller.DistributedHashTable$LookupListener onMessage
INFO: lookup-ans NUHK7LXC3JZZQ6EB2RKPAXMUYX7DF7UI VBHBDUQPNFRUVTEEBYWML3Q5X5VOQXMP 2013-03-16T18:28:23Z 2013-03-16T18:29:17Z 905
Mar 16, 2013 6:29:17 PM net.blogracy.controller.DistributedHashTable$DownloadListener <init>
INFO: download-req NUHK7LXC3JZZQ6EB2RKPAXMUYX7DF7UI VBHBDUQPNFRUVTEEBYWML3Q5X5VOQXMP 2013-03-16T18:28:23Z
Mar 16, 2013 6:29:39 PM net.blogracy.controller.DistributedHashTable$LookupListener <init>
INFO: lookup-req NZYND2IBFUU2CASIWQ2GFYLCZFN7LPE4
Mar 16, 2013 6:30:02 PM net.blogracy.controller.DistributedHashTable$LookupListener <init>
INFO: lookup-req 7ZTKP6766VUCR2ORJIRNLCHE3JZU7VVH
Mar 16, 2013 6:30:03 PM net.blogracy.controller.DistributedHashTable$LookupListener onMessage
INFO: lookup-ans 7ZTKP6766VUCR2ORJIRNLCHE3JZU7VVH HJ2TOB7RGTX55SVCHJ3NHFMV3AM2IGOZ 2013-03-16T18:28:50Z 2013-03-16T18:30:03Z 584
Mar 16, 2013 6:30:03 PM net.blogracy.controller.DistributedHashTable$DownloadListener <init>
INFO: download-req 7ZTKP6766VUCR2ORJIRNLCHE3JZU7VVH HJ2TOB7RGTX55SVCHJ3NHFMV3AM2IGOZ 2013-03-16T18:28:50Z
Mar 16, 2013 6:30:04 PM net.blogracy.controller.DistributedHashTable$LookupListener onMessage
INFO: lookup-ans 7ZTKP6766VUCR2ORJIRNLCHE3JZU7VVH JNWPNIEU7GWR7JSAVACGNGTGF2BL2FZ5 2013-03-16T18:23:16Z 2013-03-16T18:30:04Z 1736
Mar 16, 2013 6:30:10 PM net.blogracy.controller.DistributedHashTable$DownloadListener onMessage
INFO: download-ans NUHK7LXC3JZZQ6EB2RKPAXMUYX7DF7UI VBHBDUQPNFRUVTEEBYWML3Q5X5VOQXMP 2013-03-16T18:28:23Z 2013-03-16T18:30:10Z 52383  107000 1901
Mar 16, 2013 6:30:26 PM net.blogracy.controller.DistributedHashTable$LookupListener <init>
INFO: lookup-req OL65LQYSH3BAO6TGPHZIFC72WVGFD6PR
Mar 16, 2013 6:30:26 PM net.blogracy.controller.DistributedHashTable$LookupListener onMessage
INFO: lookup-ans OL65LQYSH3BAO6TGPHZIFC72WVGFD6PR 3IJHPEOHO3RFDV7JQBEBDZNXJGNP7YML 2013-03-16T18:24:53Z 2013-03-16T18:30:26Z 386
Mar 16, 2013 6:30:52 PM net.blogracy.controller.DistributedHashTable$LookupListener <init>
INFO: lookup-req 734RO6HILBSFN7TZMLELFXELO3NKEQPG
Mar 16, 2013 6:30:53 PM net.blogracy.controller.DistributedHashTable$LookupListener onMessage
INFO: lookup-ans 734RO6HILBSFN7TZMLELFXELO3NKEQPG MFWTDQXZBTFLUDHEKGVLUU5GFLLYI2TX 2013-03-16T18:24:58Z 2013-03-16T18:30:53Z 421
Mar 16, 2013 6:30:53 PM net.blogracy.controller.DistributedHashTable$LookupListener onMessage
INFO: lookup-ans 734RO6HILBSFN7TZMLELFXELO3NKEQPG T5MSCK55JLVWNGYVS7IYCMNNL5THMVHS 2013-03-16T18:15:23Z 2013-03-16T18:30:53Z 441
Mar 16, 2013 6:30:53 PM net.blogracy.controller.DistributedHashTable$LookupListener onMessage
INFO: lookup-ans 734RO6HILBSFN7TZMLELFXELO3NKEQPG CPWBN3GFDJF3CCPEP4DBWJP72PXTDIZG 2013-03-16T18:29:13Z 2013-03-16T18:30:53Z 455
Mar 16, 2013 6:30:53 PM net.blogracy.controller.DistributedHashTable$DownloadListener <init>
INFO: download-req 734RO6HILBSFN7TZMLELFXELO3NKEQPG CPWBN3GFDJF3CCPEP4DBWJP72PXTDIZG 2013-03-16T18:29:13Z
Mar 16, 2013 6:31:09 PM net.blogracy.controller.DistributedHashTable$DownloadListener onMessage
INFO: download-ans 734RO6HILBSFN7TZMLELFXELO3NKEQPG CPWBN3GFDJF3CCPEP4DBWJP72PXTDIZG 2013-03-16T18:29:13Z 2013-03-16T18:31:09Z 15841  116000 1901
Mar 16, 2013 6:31:19 PM net.blogracy.controller.DistributedHashTable$LookupListener <init>
INFO: lookup-req O2LNUOSQV6AMEJPEGJG7OVPK2XZQV3ZE
Mar 16, 2013 6:31:19 PM net.blogracy.controller.DistributedHashTable$LookupListener onMessage
INFO: lookup-ans O2LNUOSQV6AMEJPEGJG7OVPK2XZQV3ZE 6LOIDD5NWHLIFNTDNMXQQWGLRHO62CYT 2013-03-16T18:28:32Z 2013-03-16T18:31:19Z 306
Mar 16, 2013 6:31:19 PM net.blogracy.controller.DistributedHashTable$DownloadListener <init>
INFO: download-req O2LNUOSQV6AMEJPEGJG7OVPK2XZQV3ZE 6LOIDD5NWHLIFNTDNMXQQWGLRHO62CYT 2013-03-16T18:28:32Z
Mar 16, 2013 6:31:35 PM net.blogracy.controller.DistributedHashTable$DownloadListener onMessage
INFO: download-ans 7ZTKP6766VUCR2ORJIRNLCHE3JZU7VVH HJ2TOB7RGTX55SVCHJ3NHFMV3AM2IGOZ 2013-03-16T18:28:50Z 2013-03-16T18:31:35Z 92013  165000 1901
Mar 16, 2013 6:31:45 PM net.blogracy.controller.DistributedHashTable$LookupListener <init>
INFO: lookup-req H3WGV7IKX35FZNSFJYEZV4VCFQBSAKEL
Mar 16, 2013 6:31:45 PM net.blogracy.controller.DistributedHashTable$LookupListener onMessage
INFO: lookup-ans H3WGV7IKX35FZNSFJYEZV4VCFQBSAKEL A4XV4RJMMAVFWUR6CYP6GFFGLOLVZV7H 2013-03-16T18:28:03Z 2013-03-16T18:31:45Z 434
Mar 16, 2013 6:31:45 PM net.blogracy.controller.DistributedHashTable$DownloadListener <init>
INFO: download-req H3WGV7IKX35FZNSFJYEZV4VCFQBSAKEL A4XV4RJMMAVFWUR6CYP6GFFGLOLVZV7H 2013-03-16T18:28:03Z
Mar 16, 2013 6:31:49 PM net.blogracy.controller.DistributedHashTable$DownloadListener onMessage
INFO: download-ans H3WGV7IKX35FZNSFJYEZV4VCFQBSAKEL A4XV4RJMMAVFWUR6CYP6GFFGLOLVZV7H 2013-03-16T18:28:03Z 2013-03-16T18:31:49Z 3137  226000 1631
Mar 16, 2013 6:32:11 PM net.blogracy.controller.DistributedHashTable$LookupListener <init>
INFO: lookup-req JZY6QFFDO2J4RQXM6QEFAMCKPOBHYFWR
Mar 16, 2013 6:32:12 PM net.blogracy.controller.DistributedHashTable$LookupListener onMessage
INFO: lookup-ans JZY6QFFDO2J4RQXM6QEFAMCKPOBHYFWR MZ3EUVHUVYWGS6VKKOTXKJZTDZTQARNZ 2013-03-16T18:28:17Z 2013-03-16T18:32:12Z 616
Mar 16, 2013 6:32:12 PM net.blogracy.controller.DistributedHashTable$DownloadListener <init>
INFO: download-req JZY6QFFDO2J4RQXM6QEFAMCKPOBHYFWR MZ3EUVHUVYWGS6VKKOTXKJZTDZTQARNZ 2013-03-16T18:28:17Z
Mar 16, 2013 6:32:27 PM net.blogracy.controller.DistributedHashTable$DownloadListener onMessage
INFO: download-ans JZY6QFFDO2J4RQXM6QEFAMCKPOBHYFWR MZ3EUVHUVYWGS6VKKOTXKJZTDZTQARNZ 2013-03-16T18:28:17Z 2013-03-16T18:32:27Z 14883  250000 1901
Mar 16, 2013 6:32:30 PM net.blogracy.controller.DistributedHashTable$DownloadListener onMessage
INFO: download-ans O2LNUOSQV6AMEJPEGJG7OVPK2XZQV3ZE 6LOIDD5NWHLIFNTDNMXQQWGLRHO62CYT 2013-03-16T18:28:32Z 2013-03-16T18:32:30Z 70692  238000 1631
Mar 16, 2013 6:32:38 PM net.blogracy.controller.DistributedHashTable$LookupListener <init>
INFO: lookup-req IIFTPYF2OOSC7OUXFHS6JFLCSWAADAGJ
Mar 16, 2013 6:32:38 PM net.blogracy.controller.DistributedHashTable$LookupListener onMessage
INFO: lookup-ans IIFTPYF2OOSC7OUXFHS6JFLCSWAADAGJ YFELIYZHWWL37KC2FBMZ5SEHF3WI5YHZ 2013-03-16T18:28:11Z 2013-03-16T18:32:38Z 313
Mar 16, 2013 6:32:38 PM net.blogracy.controller.DistributedHashTable$DownloadListener <init>
INFO: download-req IIFTPYF2OOSC7OUXFHS6JFLCSWAADAGJ YFELIYZHWWL37KC2FBMZ5SEHF3WI5YHZ 2013-03-16T18:28:11Z
Mar 16, 2013 6:32:42 PM net.blogracy.controller.DistributedHashTable$DownloadListener onMessage
INFO: download-ans IIFTPYF2OOSC7OUXFHS6JFLCSWAADAGJ YFELIYZHWWL37KC2FBMZ5SEHF3WI5YHZ 2013-03-16T18:28:11Z 2013-03-16T18:32:42Z 3947  271000 1901
Mar 16, 2013 6:33:04 PM net.blogracy.controller.DistributedHashTable$LookupListener <init>
INFO: lookup-req REHV2GKZR6BI6E66667LFTNPF42XF5QG
Mar 16, 2013 6:33:05 PM net.blogracy.controller.DistributedHashTable$LookupListener onMessage
INFO: lookup-ans REHV2GKZR6BI6E66667LFTNPF42XF5QG K6DJDUOQKUCLVAX62GUUGGDC6IEKJTDV 2013-03-16T18:27:28Z 2013-03-16T18:33:05Z 425
Mar 16, 2013 6:33:05 PM net.blogracy.controller.DistributedHashTable$DownloadListener <init>
INFO: download-req REHV2GKZR6BI6E66667LFTNPF42XF5QG K6DJDUOQKUCLVAX62GUUGGDC6IEKJTDV 2013-03-16T18:27:28Z
Mar 16, 2013 6:33:06 PM net.blogracy.controller.DistributedHashTable$DownloadListener onMessage
INFO: download-ans REHV2GKZR6BI6E66667LFTNPF42XF5QG K6DJDUOQKUCLVAX62GUUGGDC6IEKJTDV 2013-03-16T18:27:28Z 2013-03-16T18:33:06Z 1512  338000 1631
Mar 16, 2013 6:33:31 PM net.blogracy.controller.DistributedHashTable$LookupListener <init>
INFO: lookup-req GRRVNWRRA5YPOTR2NJTQK3RXPMJXGKYD
Mar 16, 2013 6:33:31 PM net.blogracy.controller.DistributedHashTable$LookupListener onMessage
INFO: lookup-ans GRRVNWRRA5YPOTR2NJTQK3RXPMJXGKYD NSE4XINKRJVWGIDYXLCUKMCEBKYN37GL 2013-03-16T18:29:24Z 2013-03-16T18:33:31Z 198
