Mar 16, 2013 6:04:08 PM net.blogracy.controller.DistributedHashTable$LookupListener <init>
INFO: lookup-req OL65LQYSH3BAO6TGPHZIFC72WVGFD6PR
Mar 16, 2013 6:04:08 PM net.blogracy.controller.DistributedHashTable$LookupListener onMessage
INFO: lookup-ans OL65LQYSH3BAO6TGPHZIFC72WVGFD6PR ULZX3XTL5LYOQUK3MYNM65OH6RU6PLT4 2013-03-16T17:59:37Z 2013-03-16T18:04:08Z 461
Mar 16, 2013 6:04:08 PM net.blogracy.controller.DistributedHashTable$DownloadListener <init>
INFO: download-req OL65LQYSH3BAO6TGPHZIFC72WVGFD6PR ULZX3XTL5LYOQUK3MYNM65OH6RU6PLT4 2013-03-16T17:59:37Z
Mar 16, 2013 6:04:36 PM net.blogracy.controller.DistributedHashTable$LookupListener <init>
INFO: lookup-req 734RO6HILBSFN7TZMLELFXELO3NKEQPG
Mar 16, 2013 6:04:37 PM net.blogracy.controller.DistributedHashTable$DownloadListener onMessage
INFO: download-ans OL65LQYSH3BAO6TGPHZIFC72WVGFD6PR ULZX3XTL5LYOQUK3MYNM65OH6RU6PLT4 2013-03-16T17:59:37Z 2013-03-16T18:04:37Z 28020  300000 281
Mar 16, 2013 6:04:49 PM net.blogracy.controller.DistributedHashTable$LookupListener onMessage
INFO: lookup-ans 734RO6HILBSFN7TZMLELFXELO3NKEQPG 3CY6YVUAHLZ2WUCZTAD4MZJ3IJ5JRAC7 2013-03-16T18:00:41Z 2013-03-16T18:04:49Z 12979
Mar 16, 2013 6:04:49 PM net.blogracy.controller.DistributedHashTable$DownloadListener <init>
INFO: download-req 734RO6HILBSFN7TZMLELFXELO3NKEQPG 3CY6YVUAHLZ2WUCZTAD4MZJ3IJ5JRAC7 2013-03-16T18:00:41Z
Mar 16, 2013 6:05:05 PM net.blogracy.controller.DistributedHashTable$LookupListener <init>
INFO: lookup-req O2LNUOSQV6AMEJPEGJG7OVPK2XZQV3ZE
Mar 16, 2013 6:05:05 PM net.blogracy.controller.DistributedHashTable$LookupListener onMessage
INFO: lookup-ans O2LNUOSQV6AMEJPEGJG7OVPK2XZQV3ZE ZQRW3VIBF6SMJC65MYWEURNKZS2A4KLN 2013-03-16T13:09:00Z 2013-03-16T18:05:05Z 363
Mar 16, 2013 6:05:05 PM net.blogracy.controller.DistributedHashTable$DownloadListener <init>
INFO: download-req O2LNUOSQV6AMEJPEGJG7OVPK2XZQV3ZE ZQRW3VIBF6SMJC65MYWEURNKZS2A4KLN 2013-03-16T13:09:00Z
Mar 16, 2013 6:05:33 PM net.blogracy.controller.DistributedHashTable$LookupListener <init>
INFO: lookup-req QF57FG6NEFT7PHOEIFHV734DS7DAMSD2
Mar 16, 2013 6:05:33 PM net.blogracy.controller.DistributedHashTable$LookupListener onMessage
INFO: lookup-ans QF57FG6NEFT7PHOEIFHV734DS7DAMSD2 DE77UM3LKAZHKUYYG6RY5KE4VOGRR5RD 2013-03-16T18:00:50Z 2013-03-16T18:05:33Z 384
Mar 16, 2013 6:05:33 PM net.blogracy.controller.DistributedHashTable$DownloadListener <init>
INFO: download-req QF57FG6NEFT7PHOEIFHV734DS7DAMSD2 DE77UM3LKAZHKUYYG6RY5KE4VOGRR5RD 2013-03-16T18:00:50Z
Mar 16, 2013 6:06:01 PM net.blogracy.controller.DistributedHashTable$LookupListener <init>
INFO: lookup-req H3WGV7IKX35FZNSFJYEZV4VCFQBSAKEL
Mar 16, 2013 6:06:02 PM net.blogracy.controller.DistributedHashTable$LookupListener onMessage
INFO: lookup-ans H3WGV7IKX35FZNSFJYEZV4VCFQBSAKEL UPCMK534ZPTDLLBZVFHDFSGDWMZ3IQKE 2013-03-16T13:08:40Z 2013-03-16T18:06:02Z 375
Mar 16, 2013 6:06:02 PM net.blogracy.controller.DistributedHashTable$DownloadListener <init>
INFO: download-req H3WGV7IKX35FZNSFJYEZV4VCFQBSAKEL UPCMK534ZPTDLLBZVFHDFSGDWMZ3IQKE 2013-03-16T13:08:40Z
Mar 16, 2013 6:06:03 PM net.blogracy.controller.DistributedHashTable$DownloadListener onMessage
INFO: download-ans QF57FG6NEFT7PHOEIFHV734DS7DAMSD2 DE77UM3LKAZHKUYYG6RY5KE4VOGRR5RD 2013-03-16T18:00:50Z 2013-03-16T18:06:03Z 29996  313000 281
Mar 16, 2013 6:06:20 PM net.blogracy.controller.DistributedHashTable$DownloadListener onMessage
INFO: download-ans 734RO6HILBSFN7TZMLELFXELO3NKEQPG 3CY6YVUAHLZ2WUCZTAD4MZJ3IJ5JRAC7 2013-03-16T18:00:41Z 2013-03-16T18:06:20Z 90445  339000 281
Mar 16, 2013 6:06:30 PM net.blogracy.controller.DistributedHashTable$LookupListener <init>
INFO: lookup-req JZY6QFFDO2J4RQXM6QEFAMCKPOBHYFWR
Mar 16, 2013 6:06:30 PM net.blogracy.controller.DistributedHashTable$LookupListener onMessage
INFO: lookup-ans JZY6QFFDO2J4RQXM6QEFAMCKPOBHYFWR Y4WKERKNNF3Y64CIY63RLLXQCO2ST7CP 2013-03-16T18:00:58Z 2013-03-16T18:06:30Z 548
Mar 16, 2013 6:06:30 PM net.blogracy.controller.DistributedHashTable$DownloadListener <init>
INFO: download-req JZY6QFFDO2J4RQXM6QEFAMCKPOBHYFWR Y4WKERKNNF3Y64CIY63RLLXQCO2ST7CP 2013-03-16T18:00:58Z
Mar 16, 2013 6:06:34 PM net.blogracy.controller.DistributedHashTable$DownloadListener onMessage
INFO: download-ans JZY6QFFDO2J4RQXM6QEFAMCKPOBHYFWR Y4WKERKNNF3Y64CIY63RLLXQCO2ST7CP 2013-03-16T18:00:58Z 2013-03-16T18:06:34Z 3377  336000 281
Mar 16, 2013 6:06:58 PM net.blogracy.controller.DistributedHashTable$LookupListener <init>
INFO: lookup-req IIFTPYF2OOSC7OUXFHS6JFLCSWAADAGJ
Mar 16, 2013 6:06:58 PM net.blogracy.controller.DistributedHashTable$LookupListener onMessage
INFO: lookup-ans IIFTPYF2OOSC7OUXFHS6JFLCSWAADAGJ PWYNKLEIYCS65O5M6BOZKGNAAMJYWESA 2013-03-16T17:59:11Z 2013-03-16T18:06:58Z 222
Mar 16, 2013 6:06:58 PM net.blogracy.controller.DistributedHashTable$DownloadListener <init>
INFO: download-req IIFTPYF2OOSC7OUXFHS6JFLCSWAADAGJ PWYNKLEIYCS65O5M6BOZKGNAAMJYWESA 2013-03-16T17:59:11Z
Mar 16, 2013 6:07:01 PM net.blogracy.controller.DistributedHashTable$DownloadListener onMessage
INFO: download-ans IIFTPYF2OOSC7OUXFHS6JFLCSWAADAGJ PWYNKLEIYCS65O5M6BOZKGNAAMJYWESA 2013-03-16T17:59:11Z 2013-03-16T18:07:01Z 2516  470000 281
Mar 16, 2013 6:07:26 PM net.blogracy.controller.DistributedHashTable$LookupListener <init>
INFO: lookup-req REHV2GKZR6BI6E66667LFTNPF42XF5QG
Mar 16, 2013 6:07:27 PM net.blogracy.controller.DistributedHashTable$LookupListener onMessage
INFO: lookup-ans REHV2GKZR6BI6E66667LFTNPF42XF5QG PKSWSUPCRYEXKTEXVT4WDN35RMVBKDIM 2013-03-16T18:01:48Z 2013-03-16T18:07:27Z 276
Mar 16, 2013 6:07:27 PM net.blogracy.controller.DistributedHashTable$DownloadListener <init>
INFO: download-req REHV2GKZR6BI6E66667LFTNPF42XF5QG PKSWSUPCRYEXKTEXVT4WDN35RMVBKDIM 2013-03-16T18:01:48Z
Mar 16, 2013 6:07:55 PM net.blogracy.controller.DistributedHashTable$LookupListener <init>
INFO: lookup-req NUHK7LXC3JZZQ6EB2RKPAXMUYX7DF7UI
Mar 16, 2013 6:07:55 PM net.blogracy.controller.DistributedHashTable$LookupListener onMessage
INFO: lookup-ans NUHK7LXC3JZZQ6EB2RKPAXMUYX7DF7UI P5VA5SAZ3HSWQYXMTWE7NLARIJ3EQK37 2013-03-16T18:01:20Z 2013-03-16T18:07:55Z 305
Mar 16, 2013 6:07:55 PM net.blogracy.controller.DistributedHashTable$DownloadListener <init>
INFO: download-req NUHK7LXC3JZZQ6EB2RKPAXMUYX7DF7UI P5VA5SAZ3HSWQYXMTWE7NLARIJ3EQK37 2013-03-16T18:01:20Z
Mar 16, 2013 6:08:08 PM net.blogracy.controller.DistributedHashTable$DownloadListener onMessage
INFO: download-ans NUHK7LXC3JZZQ6EB2RKPAXMUYX7DF7UI P5VA5SAZ3HSWQYXMTWE7NLARIJ3EQK37 2013-03-16T18:01:20Z 2013-03-16T18:08:08Z 12640  408000 281
Mar 16, 2013 6:08:23 PM net.blogracy.controller.DistributedHashTable$LookupListener <init>
INFO: lookup-req NZYND2IBFUU2CASIWQ2GFYLCZFN7LPE4
Mar 16, 2013 6:08:28 PM net.blogracy.controller.DistributedHashTable$DownloadListener onMessage
INFO: download-ans REHV2GKZR6BI6E66667LFTNPF42XF5QG PKSWSUPCRYEXKTEXVT4WDN35RMVBKDIM 2013-03-16T18:01:48Z 2013-03-16T18:08:28Z 61612  400000 281
Mar 16, 2013 6:08:52 PM net.blogracy.controller.DistributedHashTable$LookupListener <init>
INFO: lookup-req 7ZTKP6766VUCR2ORJIRNLCHE3JZU7VVH
Mar 16, 2013 6:08:52 PM net.blogracy.controller.DistributedHashTable$LookupListener onMessage
INFO: lookup-ans 7ZTKP6766VUCR2ORJIRNLCHE3JZU7VVH UACQK6GQXR5XZVU3IMHWVR7MTEWSTDHT 2013-03-16T18:04:20Z 2013-03-16T18:08:52Z 412
Mar 16, 2013 6:08:52 PM net.blogracy.controller.DistributedHashTable$DownloadListener <init>
INFO: download-req 7ZTKP6766VUCR2ORJIRNLCHE3JZU7VVH UACQK6GQXR5XZVU3IMHWVR7MTEWSTDHT 2013-03-16T18:04:20Z
Mar 16, 2013 6:08:58 PM net.blogracy.controller.DistributedHashTable$DownloadListener onMessage
INFO: download-ans 7ZTKP6766VUCR2ORJIRNLCHE3JZU7VVH UACQK6GQXR5XZVU3IMHWVR7MTEWSTDHT 2013-03-16T18:04:20Z 2013-03-16T18:08:58Z 6408  278000 551
Mar 16, 2013 6:09:20 PM net.blogracy.controller.DistributedHashTable$LookupListener <init>
INFO: lookup-req OL65LQYSH3BAO6TGPHZIFC72WVGFD6PR
Mar 16, 2013 6:09:20 PM net.blogracy.controller.DistributedHashTable$LookupListener onMessage
INFO: lookup-ans OL65LQYSH3BAO6TGPHZIFC72WVGFD6PR ZHFAFQYE6GWAHRCSHOPMZ6OCM73S4KC7 2013-03-16T18:04:01Z 2013-03-16T18:09:20Z 369
Mar 16, 2013 6:09:20 PM net.blogracy.controller.DistributedHashTable$DownloadListener <init>
INFO: download-req OL65LQYSH3BAO6TGPHZIFC72WVGFD6PR ZHFAFQYE6GWAHRCSHOPMZ6OCM73S4KC7 2013-03-16T18:04:01Z
Mar 16, 2013 6:09:26 PM net.blogracy.controller.DistributedHashTable$DownloadListener onMessage
INFO: download-ans OL65LQYSH3BAO6TGPHZIFC72WVGFD6PR ZHFAFQYE6GWAHRCSHOPMZ6OCM73S4KC7 2013-03-16T18:04:01Z 2013-03-16T18:09:26Z 5637  325000 551
Mar 16, 2013 6:09:48 PM net.blogracy.controller.DistributedHashTable$LookupListener <init>
INFO: lookup-req 734RO6HILBSFN7TZMLELFXELO3NKEQPG
Mar 16, 2013 6:09:48 PM net.blogracy.controller.DistributedHashTable$LookupListener onMessage
INFO: lookup-ans 734RO6HILBSFN7TZMLELFXELO3NKEQPG H5W3IGDGYP4J7UFEPAJXWRA7EK45QLF5 2013-03-16T13:09:16Z 2013-03-16T18:09:48Z 252
Mar 16, 2013 6:09:48 PM net.blogracy.controller.DistributedHashTable$LookupListener onMessage
INFO: lookup-ans 734RO6HILBSFN7TZMLELFXELO3NKEQPG 4JPEZTL4YTTYP4ELO35SZXCOSZA2FWF7 2013-03-16T18:05:15Z 2013-03-16T18:09:48Z 257
Mar 16, 2013 6:09:48 PM net.blogracy.controller.DistributedHashTable$DownloadListener <init>
INFO: download-req 734RO6HILBSFN7TZMLELFXELO3NKEQPG 4JPEZTL4YTTYP4ELO35SZXCOSZA2FWF7 2013-03-16T18:05:15Z
Mar 16, 2013 6:10:03 PM net.blogracy.controller.DistributedHashTable$DownloadListener onMessage
INFO: download-ans 734RO6HILBSFN7TZMLELFXELO3NKEQPG 4JPEZTL4YTTYP4ELO35SZXCOSZA2FWF7 2013-03-16T18:05:15Z 2013-03-16T18:10:03Z 15097  288000 551
Mar 16, 2013 6:10:16 PM net.blogracy.controller.DistributedHashTable$LookupListener <init>
INFO: lookup-req O2LNUOSQV6AMEJPEGJG7OVPK2XZQV3ZE
Mar 16, 2013 6:10:17 PM net.blogracy.controller.DistributedHashTable$LookupListener onMessage
INFO: lookup-ans O2LNUOSQV6AMEJPEGJG7OVPK2XZQV3ZE LS6ZM3SXJ3ELKHJLBDRM53GKPSQXKUCZ 2013-03-16T18:02:13Z 2013-03-16T18:10:17Z 1030
Mar 16, 2013 6:10:17 PM net.blogracy.controller.DistributedHashTable$DownloadListener <init>
INFO: download-req O2LNUOSQV6AMEJPEGJG7OVPK2XZQV3ZE LS6ZM3SXJ3ELKHJLBDRM53GKPSQXKUCZ 2013-03-16T18:02:13Z
Mar 16, 2013 6:10:18 PM net.blogracy.controller.DistributedHashTable$DownloadListener onMessage
INFO: download-ans O2LNUOSQV6AMEJPEGJG7OVPK2XZQV3ZE LS6ZM3SXJ3ELKHJLBDRM53GKPSQXKUCZ 2013-03-16T18:02:13Z 2013-03-16T18:10:18Z 1590  485000 281
Mar 16, 2013 6:10:30 PM net.blogracy.controller.DistributedHashTable$LookupListener onMessage
INFO: lookup-ans O2LNUOSQV6AMEJPEGJG7OVPK2XZQV3ZE MMYEB4X5475J7DYMUD2N4UPKMJQGWB5G 2013-03-16T18:06:29Z 2013-03-16T18:10:30Z 14273
Mar 16, 2013 6:10:30 PM net.blogracy.controller.DistributedHashTable$DownloadListener <init>
INFO: download-req O2LNUOSQV6AMEJPEGJG7OVPK2XZQV3ZE MMYEB4X5475J7DYMUD2N4UPKMJQGWB5G 2013-03-16T18:06:29Z
Mar 16, 2013 6:10:37 PM net.blogracy.controller.DistributedHashTable$DownloadListener onMessage
INFO: download-ans O2LNUOSQV6AMEJPEGJG7OVPK2XZQV3ZE MMYEB4X5475J7DYMUD2N4UPKMJQGWB5G 2013-03-16T18:06:29Z 2013-03-16T18:10:37Z 6650  248000 551
Mar 16, 2013 6:10:44 PM net.blogracy.controller.DistributedHashTable$LookupListener <init>
INFO: lookup-req QF57FG6NEFT7PHOEIFHV734DS7DAMSD2
Mar 16, 2013 6:10:44 PM net.blogracy.controller.DistributedHashTable$LookupListener onMessage
INFO: lookup-ans QF57FG6NEFT7PHOEIFHV734DS7DAMSD2 OHTOIA27AINKRO6AR7SB3YPE42BNAWBA 2013-03-16T18:05:11Z 2013-03-16T18:10:44Z 416
Mar 16, 2013 6:10:44 PM net.blogracy.controller.DistributedHashTable$DownloadListener <init>
INFO: download-req QF57FG6NEFT7PHOEIFHV734DS7DAMSD2 OHTOIA27AINKRO6AR7SB3YPE42BNAWBA 2013-03-16T18:05:11Z
Mar 16, 2013 6:10:53 PM net.blogracy.controller.DistributedHashTable$DownloadListener onMessage
INFO: download-ans QF57FG6NEFT7PHOEIFHV734DS7DAMSD2 OHTOIA27AINKRO6AR7SB3YPE42BNAWBA 2013-03-16T18:05:11Z 2013-03-16T18:10:53Z 8668  342000 551
Mar 16, 2013 6:11:12 PM net.blogracy.controller.DistributedHashTable$LookupListener <init>
INFO: lookup-req H3WGV7IKX35FZNSFJYEZV4VCFQBSAKEL
Mar 16, 2013 6:11:12 PM net.blogracy.controller.DistributedHashTable$LookupListener onMessage
INFO: lookup-ans H3WGV7IKX35FZNSFJYEZV4VCFQBSAKEL Z4FN4OO6WJKRGHFGSCWRPKP5Q553M2C3 2013-03-16T18:03:20Z 2013-03-16T18:11:12Z 344
Mar 16, 2013 6:11:12 PM net.blogracy.controller.DistributedHashTable$DownloadListener <init>
INFO: download-req H3WGV7IKX35FZNSFJYEZV4VCFQBSAKEL Z4FN4OO6WJKRGHFGSCWRPKP5Q553M2C3 2013-03-16T18:03:20Z
Mar 16, 2013 6:11:12 PM net.blogracy.controller.DistributedHashTable$LookupListener onMessage
INFO: lookup-ans H3WGV7IKX35FZNSFJYEZV4VCFQBSAKEL UPCMK534ZPTDLLBZVFHDFSGDWMZ3IQKE 2013-03-16T13:08:40Z 2013-03-16T18:11:12Z 440
Mar 16, 2013 6:11:12 PM net.blogracy.controller.DistributedHashTable$DownloadListener <init>
INFO: download-req H3WGV7IKX35FZNSFJYEZV4VCFQBSAKEL UPCMK534ZPTDLLBZVFHDFSGDWMZ3IQKE 2013-03-16T13:08:40Z
Mar 16, 2013 6:11:14 PM net.blogracy.controller.DistributedHashTable$DownloadListener onMessage
INFO: download-ans H3WGV7IKX35FZNSFJYEZV4VCFQBSAKEL Z4FN4OO6WJKRGHFGSCWRPKP5Q553M2C3 2013-03-16T18:03:20Z 2013-03-16T18:11:14Z 1736  474000 281
Mar 16, 2013 6:11:39 PM net.blogracy.controller.DistributedHashTable$LookupListener <init>
INFO: lookup-req JZY6QFFDO2J4RQXM6QEFAMCKPOBHYFWR
Mar 16, 2013 6:11:40 PM net.blogracy.controller.DistributedHashTable$LookupListener onMessage
INFO: lookup-ans JZY6QFFDO2J4RQXM6QEFAMCKPOBHYFWR KZ2C6SHTXJBUB7USHES4LSYPCS4R27RI 2013-03-16T18:05:17Z 2013-03-16T18:11:40Z 448
Mar 16, 2013 6:11:40 PM net.blogracy.controller.DistributedHashTable$DownloadListener <init>
INFO: download-req JZY6QFFDO2J4RQXM6QEFAMCKPOBHYFWR KZ2C6SHTXJBUB7USHES4LSYPCS4R27RI 2013-03-16T18:05:17Z
Mar 16, 2013 6:11:42 PM net.blogracy.controller.DistributedHashTable$DownloadListener onMessage
INFO: download-ans JZY6QFFDO2J4RQXM6QEFAMCKPOBHYFWR KZ2C6SHTXJBUB7USHES4LSYPCS4R27RI 2013-03-16T18:05:17Z 2013-03-16T18:11:42Z 2631  385000 551
Mar 16, 2013 6:12:07 PM net.blogracy.controller.DistributedHashTable$LookupListener <init>
INFO: lookup-req IIFTPYF2OOSC7OUXFHS6JFLCSWAADAGJ
Mar 16, 2013 6:12:07 PM net.blogracy.controller.DistributedHashTable$LookupListener onMessage
INFO: lookup-ans IIFTPYF2OOSC7OUXFHS6JFLCSWAADAGJ NQ5OQZBPOGPGGIKIOA6P3SAONI5KVIEU 2013-03-16T18:08:41Z 2013-03-16T18:12:07Z 190
Mar 16, 2013 6:12:07 PM net.blogracy.controller.DistributedHashTable$DownloadListener <init>
INFO: download-req IIFTPYF2OOSC7OUXFHS6JFLCSWAADAGJ NQ5OQZBPOGPGGIKIOA6P3SAONI5KVIEU 2013-03-16T18:08:41Z
Mar 16, 2013 6:12:08 PM net.blogracy.controller.DistributedHashTable$LookupListener onMessage
INFO: lookup-ans IIFTPYF2OOSC7OUXFHS6JFLCSWAADAGJ PWYNKLEIYCS65O5M6BOZKGNAAMJYWESA 2013-03-16T17:59:11Z 2013-03-16T18:12:08Z 303
Mar 16, 2013 6:12:35 PM net.blogracy.controller.DistributedHashTable$LookupListener <init>
INFO: lookup-req REHV2GKZR6BI6E66667LFTNPF42XF5QG
Mar 16, 2013 6:12:36 PM net.blogracy.controller.DistributedHashTable$LookupListener onMessage
INFO: lookup-ans REHV2GKZR6BI6E66667LFTNPF42XF5QG 655CA2N5YGIJJXBRY6QNKWPGYBCXZ74H 2013-03-16T18:07:11Z 2013-03-16T18:12:36Z 372
Mar 16, 2013 6:12:36 PM net.blogracy.controller.DistributedHashTable$DownloadListener <init>
INFO: download-req REHV2GKZR6BI6E66667LFTNPF42XF5QG 655CA2N5YGIJJXBRY6QNKWPGYBCXZ74H 2013-03-16T18:07:11Z
Mar 16, 2013 6:12:53 PM net.blogracy.controller.DistributedHashTable$DownloadListener onMessage
INFO: download-ans REHV2GKZR6BI6E66667LFTNPF42XF5QG 655CA2N5YGIJJXBRY6QNKWPGYBCXZ74H 2013-03-16T18:07:11Z 2013-03-16T18:12:53Z 17684  342000 551
Mar 16, 2013 6:13:03 PM net.blogracy.controller.DistributedHashTable$LookupListener <init>
INFO: lookup-req NUHK7LXC3JZZQ6EB2RKPAXMUYX7DF7UI
Mar 16, 2013 6:13:03 PM net.blogracy.controller.DistributedHashTable$LookupListener onMessage
INFO: lookup-ans NUHK7LXC3JZZQ6EB2RKPAXMUYX7DF7UI SFR77NEL4ITLLL2AIVGGW5MDIBDZNA3B 2013-03-16T18:05:52Z 2013-03-16T18:13:03Z 285
Mar 16, 2013 6:13:03 PM net.blogracy.controller.DistributedHashTable$DownloadListener <init>
INFO: download-req NUHK7LXC3JZZQ6EB2RKPAXMUYX7DF7UI SFR77NEL4ITLLL2AIVGGW5MDIBDZNA3B 2013-03-16T18:05:52Z
Mar 16, 2013 6:13:07 PM net.blogracy.controller.DistributedHashTable$DownloadListener onMessage
INFO: download-ans NUHK7LXC3JZZQ6EB2RKPAXMUYX7DF7UI SFR77NEL4ITLLL2AIVGGW5MDIBDZNA3B 2013-03-16T18:05:52Z 2013-03-16T18:13:07Z 3331  435000 551
Mar 16, 2013 6:13:12 PM net.blogracy.controller.DistributedHashTable$DownloadListener onMessage
INFO: download-ans IIFTPYF2OOSC7OUXFHS6JFLCSWAADAGJ NQ5OQZBPOGPGGIKIOA6P3SAONI5KVIEU 2013-03-16T18:08:41Z 2013-03-16T18:13:12Z 64140  271000 821
Mar 16, 2013 6:13:31 PM net.blogracy.controller.DistributedHashTable$LookupListener <init>
INFO: lookup-req NZYND2IBFUU2CASIWQ2GFYLCZFN7LPE4
Mar 16, 2013 6:13:59 PM net.blogracy.controller.DistributedHashTable$LookupListener <init>
INFO: lookup-req 7ZTKP6766VUCR2ORJIRNLCHE3JZU7VVH
Mar 16, 2013 6:14:11 PM net.blogracy.controller.DistributedHashTable$LookupListener onMessage
INFO: lookup-ans 7ZTKP6766VUCR2ORJIRNLCHE3JZU7VVH AKFOUIDBUHYB3ISP7IVA226TI73VIR4B 2013-03-16T18:08:38Z 2013-03-16T18:14:11Z 11920
Mar 16, 2013 6:14:11 PM net.blogracy.controller.DistributedHashTable$DownloadListener <init>
INFO: download-req 7ZTKP6766VUCR2ORJIRNLCHE3JZU7VVH AKFOUIDBUHYB3ISP7IVA226TI73VIR4B 2013-03-16T18:08:38Z
Mar 16, 2013 6:14:13 PM net.blogracy.controller.DistributedHashTable$DownloadListener onMessage
INFO: download-ans 7ZTKP6766VUCR2ORJIRNLCHE3JZU7VVH AKFOUIDBUHYB3ISP7IVA226TI73VIR4B 2013-03-16T18:08:38Z 2013-03-16T18:14:13Z 2764  335000 821
Mar 16, 2013 6:14:27 PM net.blogracy.controller.DistributedHashTable$LookupListener <init>
INFO: lookup-req OL65LQYSH3BAO6TGPHZIFC72WVGFD6PR
Mar 16, 2013 6:14:27 PM net.blogracy.controller.DistributedHashTable$LookupListener onMessage
INFO: lookup-ans OL65LQYSH3BAO6TGPHZIFC72WVGFD6PR YJ3REXKASLWN2DNYPMB55TTUZWVJ6LXO 2013-03-16T18:08:45Z 2013-03-16T18:14:27Z 381
Mar 16, 2013 6:14:27 PM net.blogracy.controller.DistributedHashTable$DownloadListener <init>
INFO: download-req OL65LQYSH3BAO6TGPHZIFC72WVGFD6PR YJ3REXKASLWN2DNYPMB55TTUZWVJ6LXO 2013-03-16T18:08:45Z
Mar 16, 2013 6:14:31 PM net.blogracy.controller.DistributedHashTable$DownloadListener onMessage
INFO: download-ans OL65LQYSH3BAO6TGPHZIFC72WVGFD6PR YJ3REXKASLWN2DNYPMB55TTUZWVJ6LXO 2013-03-16T18:08:45Z 2013-03-16T18:14:31Z 3637  346000 821
Mar 16, 2013 6:14:59 PM net.blogracy.controller.DistributedHashTable$LookupListener <init>
INFO: lookup-req 734RO6HILBSFN7TZMLELFXELO3NKEQPG
Mar 16, 2013 6:14:59 PM net.blogracy.controller.DistributedHashTable$LookupListener onMessage
INFO: lookup-ans 734RO6HILBSFN7TZMLELFXELO3NKEQPG ML4BERGJXENOWV2YME6E7LIKUKRV3TIL 2013-03-16T18:09:51Z 2013-03-16T18:14:59Z 269
Mar 16, 2013 6:14:59 PM net.blogracy.controller.DistributedHashTable$DownloadListener <init>
INFO: download-req 734RO6HILBSFN7TZMLELFXELO3NKEQPG ML4BERGJXENOWV2YME6E7LIKUKRV3TIL 2013-03-16T18:09:51Z
Mar 16, 2013 6:15:02 PM net.blogracy.controller.DistributedHashTable$DownloadListener onMessage
INFO: download-ans 734RO6HILBSFN7TZMLELFXELO3NKEQPG ML4BERGJXENOWV2YME6E7LIKUKRV3TIL 2013-03-16T18:09:51Z 2013-03-16T18:15:02Z 2718  311000 821
Mar 16, 2013 6:15:32 PM net.blogracy.controller.DistributedHashTable$LookupListener <init>
INFO: lookup-req O2LNUOSQV6AMEJPEGJG7OVPK2XZQV3ZE
Mar 16, 2013 6:15:32 PM net.blogracy.controller.DistributedHashTable$LookupListener onMessage
INFO: lookup-ans O2LNUOSQV6AMEJPEGJG7OVPK2XZQV3ZE G4LVTULBHEKYGIZ2ZL3UVJBU3RN6YZIX 2013-03-16T18:11:56Z 2013-03-16T18:15:32Z 426
Mar 16, 2013 6:15:32 PM net.blogracy.controller.DistributedHashTable$DownloadListener <init>
INFO: download-req O2LNUOSQV6AMEJPEGJG7OVPK2XZQV3ZE G4LVTULBHEKYGIZ2ZL3UVJBU3RN6YZIX 2013-03-16T18:11:56Z
Mar 16, 2013 6:16:04 PM net.blogracy.controller.DistributedHashTable$LookupListener <init>
INFO: lookup-req QF57FG6NEFT7PHOEIFHV734DS7DAMSD2
Mar 16, 2013 6:16:05 PM net.blogracy.controller.DistributedHashTable$LookupListener onMessage
INFO: lookup-ans QF57FG6NEFT7PHOEIFHV734DS7DAMSD2 OHTOIA27AINKRO6AR7SB3YPE42BNAWBA 2013-03-16T18:05:11Z 2013-03-16T18:16:05Z 990
Mar 16, 2013 6:16:05 PM net.blogracy.controller.DistributedHashTable$LookupListener onMessage
INFO: lookup-ans QF57FG6NEFT7PHOEIFHV734DS7DAMSD2 VW4FLZIVGRM5ZHKBYDTX6LNR2LEMLEDD 2013-03-16T18:11:03Z 2013-03-16T18:16:05Z 1360
Mar 16, 2013 6:16:05 PM net.blogracy.controller.DistributedHashTable$DownloadListener <init>
INFO: download-req QF57FG6NEFT7PHOEIFHV734DS7DAMSD2 VW4FLZIVGRM5ZHKBYDTX6LNR2LEMLEDD 2013-03-16T18:11:03Z
Mar 16, 2013 6:16:19 PM net.blogracy.controller.DistributedHashTable$DownloadListener onMessage
INFO: download-ans QF57FG6NEFT7PHOEIFHV734DS7DAMSD2 VW4FLZIVGRM5ZHKBYDTX6LNR2LEMLEDD 2013-03-16T18:11:03Z 2013-03-16T18:16:19Z 13232  316000 821
Mar 16, 2013 6:16:27 PM net.blogracy.controller.DistributedHashTable$DownloadListener onMessage
INFO: download-ans O2LNUOSQV6AMEJPEGJG7OVPK2XZQV3ZE G4LVTULBHEKYGIZ2ZL3UVJBU3RN6YZIX 2013-03-16T18:11:56Z 2013-03-16T18:16:27Z 54889  271000 821
Mar 16, 2013 6:16:37 PM net.blogracy.controller.DistributedHashTable$LookupListener <init>
INFO: lookup-req H3WGV7IKX35FZNSFJYEZV4VCFQBSAKEL
Mar 16, 2013 6:16:37 PM net.blogracy.controller.DistributedHashTable$LookupListener onMessage
INFO: lookup-ans H3WGV7IKX35FZNSFJYEZV4VCFQBSAKEL BFSRSUU4VWN6CD3S6IRIIJ44MIYNIBXD 2013-03-16T18:08:25Z 2013-03-16T18:16:37Z 220
Mar 16, 2013 6:16:37 PM net.blogracy.controller.DistributedHashTable$DownloadListener <init>
INFO: download-req H3WGV7IKX35FZNSFJYEZV4VCFQBSAKEL BFSRSUU4VWN6CD3S6IRIIJ44MIYNIBXD 2013-03-16T18:08:25Z
Mar 16, 2013 6:16:37 PM net.blogracy.controller.DistributedHashTable$LookupListener onMessage
INFO: lookup-ans H3WGV7IKX35FZNSFJYEZV4VCFQBSAKEL UPCMK534ZPTDLLBZVFHDFSGDWMZ3IQKE 2013-03-16T13:08:40Z 2013-03-16T18:16:37Z 336
Mar 16, 2013 6:17:09 PM net.blogracy.controller.DistributedHashTable$LookupListener <init>
INFO: lookup-req JZY6QFFDO2J4RQXM6QEFAMCKPOBHYFWR
Mar 16, 2013 6:17:09 PM net.blogracy.controller.DistributedHashTable$LookupListener onMessage
INFO: lookup-ans JZY6QFFDO2J4RQXM6QEFAMCKPOBHYFWR 6YZXRGGAIG26LKSY2PYYV6NYINBHNZJR 2013-03-16T18:10:07Z 2013-03-16T18:17:09Z 509
Mar 16, 2013 6:17:09 PM net.blogracy.controller.DistributedHashTable$DownloadListener <init>
INFO: download-req JZY6QFFDO2J4RQXM6QEFAMCKPOBHYFWR 6YZXRGGAIG26LKSY2PYYV6NYINBHNZJR 2013-03-16T18:10:07Z
Mar 16, 2013 6:17:23 PM net.blogracy.controller.DistributedHashTable$DownloadListener onMessage
INFO: download-ans JZY6QFFDO2J4RQXM6QEFAMCKPOBHYFWR 6YZXRGGAIG26LKSY2PYYV6NYINBHNZJR 2013-03-16T18:10:07Z 2013-03-16T18:17:23Z 13044  436000 821
Mar 16, 2013 6:17:41 PM net.blogracy.controller.DistributedHashTable$LookupListener <init>
INFO: lookup-req IIFTPYF2OOSC7OUXFHS6JFLCSWAADAGJ
Mar 16, 2013 6:17:42 PM net.blogracy.controller.DistributedHashTable$LookupListener onMessage
INFO: lookup-ans IIFTPYF2OOSC7OUXFHS6JFLCSWAADAGJ ODQCAN2PVVC5CCM3G76G77P7IOLBGPCV 2013-03-16T18:12:58Z 2013-03-16T18:17:42Z 211
Mar 16, 2013 6:17:42 PM net.blogracy.controller.DistributedHashTable$DownloadListener <init>
INFO: download-req IIFTPYF2OOSC7OUXFHS6JFLCSWAADAGJ ODQCAN2PVVC5CCM3G76G77P7IOLBGPCV 2013-03-16T18:12:58Z
Mar 16, 2013 6:17:42 PM net.blogracy.controller.DistributedHashTable$LookupListener onMessage
INFO: lookup-ans IIFTPYF2OOSC7OUXFHS6JFLCSWAADAGJ NQ5OQZBPOGPGGIKIOA6P3SAONI5KVIEU 2013-03-16T18:08:41Z 2013-03-16T18:17:42Z 354
Mar 16, 2013 6:18:14 PM net.blogracy.controller.DistributedHashTable$LookupListener <init>
INFO: lookup-req REHV2GKZR6BI6E66667LFTNPF42XF5QG
Mar 16, 2013 6:18:14 PM net.blogracy.controller.DistributedHashTable$LookupListener onMessage
INFO: lookup-ans REHV2GKZR6BI6E66667LFTNPF42XF5QG ENEB2UPXBYABLVUMAE2NDLQ7WZCLK46H 2013-03-16T18:11:23Z 2013-03-16T18:18:14Z 266
Mar 16, 2013 6:18:14 PM net.blogracy.controller.DistributedHashTable$DownloadListener <init>
INFO: download-req REHV2GKZR6BI6E66667LFTNPF42XF5QG ENEB2UPXBYABLVUMAE2NDLQ7WZCLK46H 2013-03-16T18:11:23Z
Mar 16, 2013 6:18:25 PM net.blogracy.controller.DistributedHashTable$DownloadListener onMessage
INFO: download-ans REHV2GKZR6BI6E66667LFTNPF42XF5QG ENEB2UPXBYABLVUMAE2NDLQ7WZCLK46H 2013-03-16T18:11:23Z 2013-03-16T18:18:25Z 10818  422000 821
Mar 16, 2013 6:18:46 PM net.blogracy.controller.DistributedHashTable$LookupListener <init>
INFO: lookup-req NUHK7LXC3JZZQ6EB2RKPAXMUYX7DF7UI
Mar 16, 2013 6:18:47 PM net.blogracy.controller.DistributedHashTable$LookupListener onMessage
INFO: lookup-ans NUHK7LXC3JZZQ6EB2RKPAXMUYX7DF7UI QHRRYB6OSJKNFQMGUUXKL4IZ4YB7ECOD 2013-03-16T18:14:39Z 2013-03-16T18:18:47Z 433
Mar 16, 2013 6:18:47 PM net.blogracy.controller.DistributedHashTable$DownloadListener <init>
INFO: download-req NUHK7LXC3JZZQ6EB2RKPAXMUYX7DF7UI QHRRYB6OSJKNFQMGUUXKL4IZ4YB7ECOD 2013-03-16T18:14:39Z
Mar 16, 2013 6:18:53 PM net.blogracy.controller.DistributedHashTable$DownloadListener onMessage
INFO: download-ans NUHK7LXC3JZZQ6EB2RKPAXMUYX7DF7UI QHRRYB6OSJKNFQMGUUXKL4IZ4YB7ECOD 2013-03-16T18:14:39Z 2013-03-16T18:18:53Z 5905  254000 1091
Mar 16, 2013 6:18:55 PM net.blogracy.controller.DistributedHashTable$DownloadListener onMessage
INFO: download-ans IIFTPYF2OOSC7OUXFHS6JFLCSWAADAGJ ODQCAN2PVVC5CCM3G76G77P7IOLBGPCV 2013-03-16T18:12:58Z 2013-03-16T18:18:55Z 73738  357000 1091
Mar 16, 2013 6:18:55 PM net.blogracy.controller.DistributedHashTable$DownloadListener onMessage
INFO: download-ans H3WGV7IKX35FZNSFJYEZV4VCFQBSAKEL BFSRSUU4VWN6CD3S6IRIIJ44MIYNIBXD 2013-03-16T18:08:25Z 2013-03-16T18:18:55Z 138717  630000 551
Mar 16, 2013 6:19:19 PM net.blogracy.controller.DistributedHashTable$LookupListener <init>
INFO: lookup-req NZYND2IBFUU2CASIWQ2GFYLCZFN7LPE4
Mar 16, 2013 6:19:51 PM net.blogracy.controller.DistributedHashTable$LookupListener <init>
INFO: lookup-req 7ZTKP6766VUCR2ORJIRNLCHE3JZU7VVH
Mar 16, 2013 6:19:52 PM net.blogracy.controller.DistributedHashTable$LookupListener onMessage
INFO: lookup-ans 7ZTKP6766VUCR2ORJIRNLCHE3JZU7VVH YXJVCVC4SLN2G7O44N4CS2KEFVUIB7VD 2013-03-16T18:13:57Z 2013-03-16T18:19:52Z 377
Mar 16, 2013 6:19:52 PM net.blogracy.controller.DistributedHashTable$DownloadListener <init>
INFO: download-req 7ZTKP6766VUCR2ORJIRNLCHE3JZU7VVH YXJVCVC4SLN2G7O44N4CS2KEFVUIB7VD 2013-03-16T18:13:57Z
Mar 16, 2013 6:19:55 PM net.blogracy.controller.DistributedHashTable$DownloadListener onMessage
INFO: download-ans 7ZTKP6766VUCR2ORJIRNLCHE3JZU7VVH YXJVCVC4SLN2G7O44N4CS2KEFVUIB7VD 2013-03-16T18:13:57Z 2013-03-16T18:19:55Z 3675  358000 1091
Mar 16, 2013 6:20:24 PM net.blogracy.controller.DistributedHashTable$LookupListener <init>
INFO: lookup-req OL65LQYSH3BAO6TGPHZIFC72WVGFD6PR
Mar 16, 2013 6:20:24 PM net.blogracy.controller.DistributedHashTable$LookupListener onMessage
INFO: lookup-ans OL65LQYSH3BAO6TGPHZIFC72WVGFD6PR SQGE2LV3AKJI4VAAFSSOQSDZ4TFZJVHH 2013-03-16T18:14:20Z 2013-03-16T18:20:24Z 437
Mar 16, 2013 6:20:24 PM net.blogracy.controller.DistributedHashTable$DownloadListener <init>
INFO: download-req OL65LQYSH3BAO6TGPHZIFC72WVGFD6PR SQGE2LV3AKJI4VAAFSSOQSDZ4TFZJVHH 2013-03-16T18:14:20Z
Mar 16, 2013 6:20:38 PM net.blogracy.controller.DistributedHashTable$DownloadListener onMessage
INFO: download-ans OL65LQYSH3BAO6TGPHZIFC72WVGFD6PR SQGE2LV3AKJI4VAAFSSOQSDZ4TFZJVHH 2013-03-16T18:14:20Z 2013-03-16T18:20:38Z 13639  378000 1091
Mar 16, 2013 6:20:50 PM net.blogracy.controller.DistributedHashTable$LookupListener <init>
INFO: lookup-req 734RO6HILBSFN7TZMLELFXELO3NKEQPG
Mar 16, 2013 6:20:51 PM net.blogracy.controller.DistributedHashTable$LookupListener onMessage
INFO: lookup-ans 734RO6HILBSFN7TZMLELFXELO3NKEQPG T5MSCK55JLVWNGYVS7IYCMNNL5THMVHS 2013-03-16T18:15:23Z 2013-03-16T18:20:51Z 1011
Mar 16, 2013 6:20:51 PM net.blogracy.controller.DistributedHashTable$DownloadListener <init>
INFO: download-req 734RO6HILBSFN7TZMLELFXELO3NKEQPG T5MSCK55JLVWNGYVS7IYCMNNL5THMVHS 2013-03-16T18:15:23Z
Mar 16, 2013 6:20:51 PM net.blogracy.controller.DistributedHashTable$LookupListener onMessage
INFO: lookup-ans 734RO6HILBSFN7TZMLELFXELO3NKEQPG ML4BERGJXENOWV2YME6E7LIKUKRV3TIL 2013-03-16T18:09:51Z 2013-03-16T18:20:51Z 1099
Mar 16, 2013 6:21:17 PM net.blogracy.controller.DistributedHashTable$LookupListener <init>
INFO: lookup-req O2LNUOSQV6AMEJPEGJG7OVPK2XZQV3ZE
Mar 16, 2013 6:21:17 PM net.blogracy.controller.DistributedHashTable$LookupListener onMessage
INFO: lookup-ans O2LNUOSQV6AMEJPEGJG7OVPK2XZQV3ZE G4LVTULBHEKYGIZ2ZL3UVJBU3RN6YZIX 2013-03-16T18:11:56Z 2013-03-16T18:21:17Z 671
Mar 16, 2013 6:21:17 PM net.blogracy.controller.DistributedHashTable$LookupListener onMessage
INFO: lookup-ans O2LNUOSQV6AMEJPEGJG7OVPK2XZQV3ZE LEE5XPDF433NQW5HGTPKDVQKG6EEVEU6 2013-03-16T18:17:18Z 2013-03-16T18:21:17Z 712
Mar 16, 2013 6:21:17 PM net.blogracy.controller.DistributedHashTable$DownloadListener <init>
INFO: download-req O2LNUOSQV6AMEJPEGJG7OVPK2XZQV3ZE LEE5XPDF433NQW5HGTPKDVQKG6EEVEU6 2013-03-16T18:17:18Z
Mar 16, 2013 6:21:34 PM net.blogracy.controller.DistributedHashTable$DownloadListener onMessage
INFO: download-ans O2LNUOSQV6AMEJPEGJG7OVPK2XZQV3ZE LEE5XPDF433NQW5HGTPKDVQKG6EEVEU6 2013-03-16T18:17:18Z 2013-03-16T18:21:34Z 16881  256000 1091
Mar 16, 2013 6:21:37 PM net.blogracy.controller.DistributedHashTable$DownloadListener onMessage
INFO: download-ans 734RO6HILBSFN7TZMLELFXELO3NKEQPG T5MSCK55JLVWNGYVS7IYCMNNL5THMVHS 2013-03-16T18:15:23Z 2013-03-16T18:21:37Z 45903  374000 1091
Mar 16, 2013 6:21:43 PM net.blogracy.controller.DistributedHashTable$LookupListener <init>
INFO: lookup-req QF57FG6NEFT7PHOEIFHV734DS7DAMSD2
Mar 16, 2013 6:21:43 PM net.blogracy.controller.DistributedHashTable$LookupListener onMessage
INFO: lookup-ans QF57FG6NEFT7PHOEIFHV734DS7DAMSD2 WGX4EU4SDFMQJHMGPZUUJPQGXZPNJH5O 2013-03-16T13:07:19Z 2013-03-16T18:21:43Z 244
Mar 16, 2013 6:21:43 PM net.blogracy.controller.DistributedHashTable$LookupListener onMessage
INFO: lookup-ans QF57FG6NEFT7PHOEIFHV734DS7DAMSD2 5XBIHJBUFHU5EUACPFIP27EUNTXD4E6Y 2013-03-16T18:16:06Z 2013-03-16T18:21:43Z 263
Mar 16, 2013 6:21:43 PM net.blogracy.controller.DistributedHashTable$DownloadListener <init>
INFO: download-req QF57FG6NEFT7PHOEIFHV734DS7DAMSD2 5XBIHJBUFHU5EUACPFIP27EUNTXD4E6Y 2013-03-16T18:16:06Z
Mar 16, 2013 6:21:50 PM net.blogracy.controller.DistributedHashTable$DownloadListener onMessage
INFO: download-ans QF57FG6NEFT7PHOEIFHV734DS7DAMSD2 5XBIHJBUFHU5EUACPFIP27EUNTXD4E6Y 2013-03-16T18:16:06Z 2013-03-16T18:21:50Z 6944  344000 1091
Mar 16, 2013 6:22:10 PM net.blogracy.controller.DistributedHashTable$LookupListener <init>
INFO: lookup-req H3WGV7IKX35FZNSFJYEZV4VCFQBSAKEL
Mar 16, 2013 6:22:10 PM net.blogracy.controller.DistributedHashTable$LookupListener onMessage
INFO: lookup-ans H3WGV7IKX35FZNSFJYEZV4VCFQBSAKEL Z42CUAO34IOHGX5P6UBWFXB6PJ4LZYUU 2013-03-16T18:18:20Z 2013-03-16T18:22:10Z 208
Mar 16, 2013 6:22:10 PM net.blogracy.controller.DistributedHashTable$DownloadListener <init>
INFO: download-req H3WGV7IKX35FZNSFJYEZV4VCFQBSAKEL Z42CUAO34IOHGX5P6UBWFXB6PJ4LZYUU 2013-03-16T18:18:20Z
Mar 16, 2013 6:22:10 PM net.blogracy.controller.DistributedHashTable$LookupListener onMessage
INFO: lookup-ans H3WGV7IKX35FZNSFJYEZV4VCFQBSAKEL A54C3TZSW5AY253DL6BMHDBMQASN3QCC 2013-03-16T18:13:24Z 2013-03-16T18:22:10Z 247
Mar 16, 2013 6:22:10 PM net.blogracy.controller.DistributedHashTable$DownloadListener <init>
INFO: download-req H3WGV7IKX35FZNSFJYEZV4VCFQBSAKEL A54C3TZSW5AY253DL6BMHDBMQASN3QCC 2013-03-16T18:13:24Z
Mar 16, 2013 6:22:14 PM net.blogracy.controller.DistributedHashTable$DownloadListener onMessage
INFO: download-ans H3WGV7IKX35FZNSFJYEZV4VCFQBSAKEL Z42CUAO34IOHGX5P6UBWFXB6PJ4LZYUU 2013-03-16T18:18:20Z 2013-03-16T18:22:14Z 4642  234000 1091
Mar 16, 2013 6:22:22 PM net.blogracy.controller.DistributedHashTable$DownloadListener onMessage
INFO: download-ans H3WGV7IKX35FZNSFJYEZV4VCFQBSAKEL A54C3TZSW5AY253DL6BMHDBMQASN3QCC 2013-03-16T18:13:24Z 2013-03-16T18:22:22Z 11788  538000 821
Mar 16, 2013 6:22:36 PM net.blogracy.controller.DistributedHashTable$LookupListener <init>
INFO: lookup-req JZY6QFFDO2J4RQXM6QEFAMCKPOBHYFWR
Mar 16, 2013 6:22:37 PM net.blogracy.controller.DistributedHashTable$LookupListener onMessage
INFO: lookup-ans JZY6QFFDO2J4RQXM6QEFAMCKPOBHYFWR DUVTANWBY47BRMZ4QAUWXGLJLWIAPVXL 2013-03-16T18:14:47Z 2013-03-16T18:22:37Z 483
Mar 16, 2013 6:22:37 PM net.blogracy.controller.DistributedHashTable$DownloadListener <init>
INFO: download-req JZY6QFFDO2J4RQXM6QEFAMCKPOBHYFWR DUVTANWBY47BRMZ4QAUWXGLJLWIAPVXL 2013-03-16T18:14:47Z
Mar 16, 2013 6:22:40 PM net.blogracy.controller.DistributedHashTable$DownloadListener onMessage
INFO: download-ans JZY6QFFDO2J4RQXM6QEFAMCKPOBHYFWR DUVTANWBY47BRMZ4QAUWXGLJLWIAPVXL 2013-03-16T18:14:47Z 2013-03-16T18:22:40Z 3724  473000 1091
Mar 16, 2013 6:23:03 PM net.blogracy.controller.DistributedHashTable$LookupListener <init>
INFO: lookup-req IIFTPYF2OOSC7OUXFHS6JFLCSWAADAGJ
Mar 16, 2013 6:23:03 PM net.blogracy.controller.DistributedHashTable$LookupListener onMessage
INFO: lookup-ans IIFTPYF2OOSC7OUXFHS6JFLCSWAADAGJ 2ELXTI47ZKNNANQEFEDP5KSDQZCDUOCQ 2013-03-16T18:17:00Z 2013-03-16T18:23:03Z 263
Mar 16, 2013 6:23:03 PM net.blogracy.controller.DistributedHashTable$DownloadListener <init>
INFO: download-req IIFTPYF2OOSC7OUXFHS6JFLCSWAADAGJ 2ELXTI47ZKNNANQEFEDP5KSDQZCDUOCQ 2013-03-16T18:17:00Z
Mar 16, 2013 6:23:03 PM net.blogracy.controller.DistributedHashTable$LookupListener onMessage
INFO: lookup-ans IIFTPYF2OOSC7OUXFHS6JFLCSWAADAGJ PWYNKLEIYCS65O5M6BOZKGNAAMJYWESA 2013-03-16T17:59:11Z 2013-03-16T18:23:03Z 286
Mar 16, 2013 6:23:03 PM net.blogracy.controller.DistributedHashTable$LookupListener onMessage
INFO: lookup-ans IIFTPYF2OOSC7OUXFHS6JFLCSWAADAGJ NQ5OQZBPOGPGGIKIOA6P3SAONI5KVIEU 2013-03-16T18:08:41Z 2013-03-16T18:23:03Z 407
Mar 16, 2013 6:23:29 PM net.blogracy.controller.DistributedHashTable$LookupListener <init>
INFO: lookup-req REHV2GKZR6BI6E66667LFTNPF42XF5QG
Mar 16, 2013 6:23:30 PM net.blogracy.controller.DistributedHashTable$LookupListener onMessage
INFO: lookup-ans REHV2GKZR6BI6E66667LFTNPF42XF5QG 5BAQRY6XTYK5MWIBT5A2CGADAJ5JDELC 2013-03-16T18:17:19Z 2013-03-16T18:23:30Z 578
Mar 16, 2013 6:23:30 PM net.blogracy.controller.DistributedHashTable$DownloadListener <init>
INFO: download-req REHV2GKZR6BI6E66667LFTNPF42XF5QG 5BAQRY6XTYK5MWIBT5A2CGADAJ5JDELC 2013-03-16T18:17:19Z
Mar 16, 2013 6:23:30 PM net.blogracy.controller.DistributedHashTable$LookupListener onMessage
INFO: lookup-ans REHV2GKZR6BI6E66667LFTNPF42XF5QG ENEB2UPXBYABLVUMAE2NDLQ7WZCLK46H 2013-03-16T18:11:23Z 2013-03-16T18:23:30Z 857
Mar 16, 2013 6:23:35 PM net.blogracy.controller.DistributedHashTable$DownloadListener onMessage
INFO: download-ans IIFTPYF2OOSC7OUXFHS6JFLCSWAADAGJ 2ELXTI47ZKNNANQEFEDP5KSDQZCDUOCQ 2013-03-16T18:17:00Z 2013-03-16T18:23:35Z 32682  395000 1361
Mar 16, 2013 6:23:38 PM net.blogracy.controller.DistributedHashTable$DownloadListener onMessage
INFO: download-ans REHV2GKZR6BI6E66667LFTNPF42XF5QG 5BAQRY6XTYK5MWIBT5A2CGADAJ5JDELC 2013-03-16T18:17:19Z 2013-03-16T18:23:38Z 8485  379000 1091
Mar 16, 2013 6:23:55 PM net.blogracy.controller.DistributedHashTable$LookupListener <init>
INFO: lookup-req NUHK7LXC3JZZQ6EB2RKPAXMUYX7DF7UI
Mar 16, 2013 6:23:56 PM net.blogracy.controller.DistributedHashTable$LookupListener onMessage
INFO: lookup-ans NUHK7LXC3JZZQ6EB2RKPAXMUYX7DF7UI VJJV3JCFR3FMFNTLQBK4M7TEKI7DJLVK 2013-03-16T18:18:42Z 2013-03-16T18:23:56Z 183
Mar 16, 2013 6:23:56 PM net.blogracy.controller.DistributedHashTable$DownloadListener <init>
INFO: download-req NUHK7LXC3JZZQ6EB2RKPAXMUYX7DF7UI VJJV3JCFR3FMFNTLQBK4M7TEKI7DJLVK 2013-03-16T18:18:42Z
Mar 16, 2013 6:24:19 PM net.blogracy.controller.DistributedHashTable$DownloadListener onMessage
INFO: download-ans NUHK7LXC3JZZQ6EB2RKPAXMUYX7DF7UI VJJV3JCFR3FMFNTLQBK4M7TEKI7DJLVK 2013-03-16T18:18:42Z 2013-03-16T18:24:19Z 23655  337000 1361
Mar 16, 2013 6:24:22 PM net.blogracy.controller.DistributedHashTable$LookupListener <init>
INFO: lookup-req NZYND2IBFUU2CASIWQ2GFYLCZFN7LPE4
Mar 16, 2013 6:24:48 PM net.blogracy.controller.DistributedHashTable$LookupListener <init>
INFO: lookup-req 7ZTKP6766VUCR2ORJIRNLCHE3JZU7VVH
Mar 16, 2013 6:24:49 PM net.blogracy.controller.DistributedHashTable$LookupListener onMessage
INFO: lookup-ans 7ZTKP6766VUCR2ORJIRNLCHE3JZU7VVH 3VKZFONMBCZLNYG6KSR27LPC5FZO2OBM 2013-03-16T18:18:54Z 2013-03-16T18:24:49Z 478
Mar 16, 2013 6:24:49 PM net.blogracy.controller.DistributedHashTable$DownloadListener <init>
INFO: download-req 7ZTKP6766VUCR2ORJIRNLCHE3JZU7VVH 3VKZFONMBCZLNYG6KSR27LPC5FZO2OBM 2013-03-16T18:18:54Z
Mar 16, 2013 6:24:49 PM net.blogracy.controller.DistributedHashTable$LookupListener onMessage
INFO: lookup-ans 7ZTKP6766VUCR2ORJIRNLCHE3JZU7VVH YXJVCVC4SLN2G7O44N4CS2KEFVUIB7VD 2013-03-16T18:13:57Z 2013-03-16T18:24:49Z 847
Mar 16, 2013 6:24:53 PM net.blogracy.controller.DistributedHashTable$DownloadListener onMessage
INFO: download-ans 7ZTKP6766VUCR2ORJIRNLCHE3JZU7VVH 3VKZFONMBCZLNYG6KSR27LPC5FZO2OBM 2013-03-16T18:18:54Z 2013-03-16T18:24:53Z 4592  359000 1361
Mar 16, 2013 6:25:15 PM net.blogracy.controller.DistributedHashTable$LookupListener <init>
INFO: lookup-req OL65LQYSH3BAO6TGPHZIFC72WVGFD6PR
Mar 16, 2013 6:25:15 PM net.blogracy.controller.DistributedHashTable$LookupListener onMessage
INFO: lookup-ans OL65LQYSH3BAO6TGPHZIFC72WVGFD6PR SIAUJGMAYMFMDMBLFWNXQHLTAXQJC7HK 2013-03-16T18:19:29Z 2013-03-16T18:25:15Z 385
Mar 16, 2013 6:25:15 PM net.blogracy.controller.DistributedHashTable$DownloadListener <init>
INFO: download-req OL65LQYSH3BAO6TGPHZIFC72WVGFD6PR SIAUJGMAYMFMDMBLFWNXQHLTAXQJC7HK 2013-03-16T18:19:29Z
Mar 16, 2013 6:25:19 PM net.blogracy.controller.DistributedHashTable$DownloadListener onMessage
INFO: download-ans OL65LQYSH3BAO6TGPHZIFC72WVGFD6PR SIAUJGMAYMFMDMBLFWNXQHLTAXQJC7HK 2013-03-16T18:19:29Z 2013-03-16T18:25:19Z 3692  350000 1361
Mar 16, 2013 6:25:38 PM net.blogracy.controller.DistributedHashTable$LookupListener <init>
INFO: lookup-req 734RO6HILBSFN7TZMLELFXELO3NKEQPG
Mar 16, 2013 6:25:38 PM net.blogracy.controller.DistributedHashTable$LookupListener onMessage
INFO: lookup-ans 734RO6HILBSFN7TZMLELFXELO3NKEQPG IBUPF3CDEFTHHGMVLX3L4VO4K75QW62O 2013-03-16T18:20:05Z 2013-03-16T18:25:38Z 277
Mar 16, 2013 6:25:38 PM net.blogracy.controller.DistributedHashTable$DownloadListener <init>
INFO: download-req 734RO6HILBSFN7TZMLELFXELO3NKEQPG IBUPF3CDEFTHHGMVLX3L4VO4K75QW62O 2013-03-16T18:20:05Z
Mar 16, 2013 6:25:41 PM net.blogracy.controller.DistributedHashTable$DownloadListener onMessage
INFO: download-ans 734RO6HILBSFN7TZMLELFXELO3NKEQPG IBUPF3CDEFTHHGMVLX3L4VO4K75QW62O 2013-03-16T18:20:05Z 2013-03-16T18:25:41Z 3606  336000 1361
Mar 16, 2013 6:26:00 PM net.blogracy.controller.DistributedHashTable$LookupListener <init>
INFO: lookup-req O2LNUOSQV6AMEJPEGJG7OVPK2XZQV3ZE
Mar 16, 2013 6:26:01 PM net.blogracy.controller.DistributedHashTable$LookupListener onMessage
INFO: lookup-ans O2LNUOSQV6AMEJPEGJG7OVPK2XZQV3ZE LEE5XPDF433NQW5HGTPKDVQKG6EEVEU6 2013-03-16T18:17:18Z 2013-03-16T18:26:01Z 349
Mar 16, 2013 6:26:23 PM net.blogracy.controller.DistributedHashTable$LookupListener <init>
INFO: lookup-req QF57FG6NEFT7PHOEIFHV734DS7DAMSD2
Mar 16, 2013 6:26:23 PM net.blogracy.controller.DistributedHashTable$LookupListener onMessage
INFO: lookup-ans QF57FG6NEFT7PHOEIFHV734DS7DAMSD2 LIAORM2H74YTDRWL42XZ7WTG4MFOZAKW 2013-03-16T18:20:27Z 2013-03-16T18:26:23Z 417
Mar 16, 2013 6:26:23 PM net.blogracy.controller.DistributedHashTable$DownloadListener <init>
INFO: download-req QF57FG6NEFT7PHOEIFHV734DS7DAMSD2 LIAORM2H74YTDRWL42XZ7WTG4MFOZAKW 2013-03-16T18:20:27Z
Mar 16, 2013 6:26:46 PM net.blogracy.controller.DistributedHashTable$LookupListener <init>
INFO: lookup-req H3WGV7IKX35FZNSFJYEZV4VCFQBSAKEL
Mar 16, 2013 6:26:46 PM net.blogracy.controller.DistributedHashTable$LookupListener onMessage
INFO: lookup-ans H3WGV7IKX35FZNSFJYEZV4VCFQBSAKEL A54C3TZSW5AY253DL6BMHDBMQASN3QCC 2013-03-16T18:13:24Z 2013-03-16T18:26:46Z 245
Mar 16, 2013 6:26:46 PM net.blogracy.controller.DistributedHashTable$LookupListener onMessage
INFO: lookup-ans H3WGV7IKX35FZNSFJYEZV4VCFQBSAKEL CKA3HRZIO2STBEOHJQC5YVMTIHWBDX72 2013-03-16T18:22:44Z 2013-03-16T18:26:46Z 253
Mar 16, 2013 6:26:46 PM net.blogracy.controller.DistributedHashTable$DownloadListener <init>
INFO: download-req H3WGV7IKX35FZNSFJYEZV4VCFQBSAKEL CKA3HRZIO2STBEOHJQC5YVMTIHWBDX72 2013-03-16T18:22:44Z
Mar 16, 2013 6:27:05 PM net.blogracy.controller.DistributedHashTable$DownloadListener onMessage
INFO: download-ans QF57FG6NEFT7PHOEIFHV734DS7DAMSD2 LIAORM2H74YTDRWL42XZ7WTG4MFOZAKW 2013-03-16T18:20:27Z 2013-03-16T18:27:05Z 41687  398000 1361
Mar 16, 2013 6:27:08 PM net.blogracy.controller.DistributedHashTable$LookupListener <init>
INFO: lookup-req JZY6QFFDO2J4RQXM6QEFAMCKPOBHYFWR
Mar 16, 2013 6:27:09 PM net.blogracy.controller.DistributedHashTable$LookupListener onMessage
INFO: lookup-ans JZY6QFFDO2J4RQXM6QEFAMCKPOBHYFWR TFM5LVUYS52ZUYV5VL7GSZ4OZAQDHRBN 2013-03-16T18:19:24Z 2013-03-16T18:27:09Z 496
Mar 16, 2013 6:27:09 PM net.blogracy.controller.DistributedHashTable$DownloadListener <init>
INFO: download-req JZY6QFFDO2J4RQXM6QEFAMCKPOBHYFWR TFM5LVUYS52ZUYV5VL7GSZ4OZAQDHRBN 2013-03-16T18:19:24Z
Mar 16, 2013 6:27:22 PM net.blogracy.controller.DistributedHashTable$DownloadListener onMessage
INFO: download-ans H3WGV7IKX35FZNSFJYEZV4VCFQBSAKEL CKA3HRZIO2STBEOHJQC5YVMTIHWBDX72 2013-03-16T18:22:44Z 2013-03-16T18:27:22Z 35723  278000 1361
Mar 16, 2013 6:27:31 PM net.blogracy.controller.DistributedHashTable$LookupListener <init>
INFO: lookup-req IIFTPYF2OOSC7OUXFHS6JFLCSWAADAGJ
Mar 16, 2013 6:27:31 PM net.blogracy.controller.DistributedHashTable$LookupListener onMessage
INFO: lookup-ans IIFTPYF2OOSC7OUXFHS6JFLCSWAADAGJ 64HXMSLUGYFFR22DQVJDBVXNV2TPQWR7 2013-03-16T18:22:26Z 2013-03-16T18:27:31Z 227
Mar 16, 2013 6:27:31 PM net.blogracy.controller.DistributedHashTable$DownloadListener <init>
INFO: download-req IIFTPYF2OOSC7OUXFHS6JFLCSWAADAGJ 64HXMSLUGYFFR22DQVJDBVXNV2TPQWR7 2013-03-16T18:22:26Z
Mar 16, 2013 6:27:31 PM net.blogracy.controller.DistributedHashTable$LookupListener onMessage
INFO: lookup-ans IIFTPYF2OOSC7OUXFHS6JFLCSWAADAGJ PWYNKLEIYCS65O5M6BOZKGNAAMJYWESA 2013-03-16T17:59:11Z 2013-03-16T18:27:31Z 240
Mar 16, 2013 6:27:31 PM net.blogracy.controller.DistributedHashTable$LookupListener onMessage
INFO: lookup-ans IIFTPYF2OOSC7OUXFHS6JFLCSWAADAGJ NQ5OQZBPOGPGGIKIOA6P3SAONI5KVIEU 2013-03-16T18:08:41Z 2013-03-16T18:27:31Z 359
Mar 16, 2013 6:27:35 PM net.blogracy.controller.DistributedHashTable$DownloadListener onMessage
INFO: download-ans JZY6QFFDO2J4RQXM6QEFAMCKPOBHYFWR TFM5LVUYS52ZUYV5VL7GSZ4OZAQDHRBN 2013-03-16T18:19:24Z 2013-03-16T18:27:35Z 26453  491000 1361
Mar 16, 2013 6:27:40 PM net.blogracy.controller.DistributedHashTable$DownloadListener onMessage
INFO: download-ans IIFTPYF2OOSC7OUXFHS6JFLCSWAADAGJ 64HXMSLUGYFFR22DQVJDBVXNV2TPQWR7 2013-03-16T18:22:26Z 2013-03-16T18:27:40Z 8907  314000 1631
Mar 16, 2013 6:27:54 PM net.blogracy.controller.DistributedHashTable$LookupListener <init>
INFO: lookup-req REHV2GKZR6BI6E66667LFTNPF42XF5QG
Mar 16, 2013 6:27:54 PM net.blogracy.controller.DistributedHashTable$LookupListener onMessage
INFO: lookup-ans REHV2GKZR6BI6E66667LFTNPF42XF5QG 5JIC7WA7SURC77MISKH4O5QE75JQCG2E 2013-03-16T18:21:58Z 2013-03-16T18:27:54Z 305
Mar 16, 2013 6:27:54 PM net.blogracy.controller.DistributedHashTable$DownloadListener <init>
INFO: download-req REHV2GKZR6BI6E66667LFTNPF42XF5QG 5JIC7WA7SURC77MISKH4O5QE75JQCG2E 2013-03-16T18:21:58Z
Mar 16, 2013 6:28:00 PM net.blogracy.controller.DistributedHashTable$DownloadListener onMessage
INFO: download-ans REHV2GKZR6BI6E66667LFTNPF42XF5QG 5JIC7WA7SURC77MISKH4O5QE75JQCG2E 2013-03-16T18:21:58Z 2013-03-16T18:28:00Z 5778  362000 1361
Mar 16, 2013 6:28:16 PM net.blogracy.controller.DistributedHashTable$LookupListener <init>
INFO: lookup-req NUHK7LXC3JZZQ6EB2RKPAXMUYX7DF7UI
Mar 16, 2013 6:28:17 PM net.blogracy.controller.DistributedHashTable$LookupListener onMessage
INFO: lookup-ans NUHK7LXC3JZZQ6EB2RKPAXMUYX7DF7UI WDN6LOAJUXOEDFWKWQOIEY3U6EPXFH4Y 2013-03-16T18:24:10Z 2013-03-16T18:28:17Z 223
Mar 16, 2013 6:28:17 PM net.blogracy.controller.DistributedHashTable$DownloadListener <init>
INFO: download-req NUHK7LXC3JZZQ6EB2RKPAXMUYX7DF7UI WDN6LOAJUXOEDFWKWQOIEY3U6EPXFH4Y 2013-03-16T18:24:10Z
Mar 16, 2013 6:28:30 PM net.blogracy.controller.DistributedHashTable$DownloadListener onMessage
INFO: download-ans NUHK7LXC3JZZQ6EB2RKPAXMUYX7DF7UI WDN6LOAJUXOEDFWKWQOIEY3U6EPXFH4Y 2013-03-16T18:24:10Z 2013-03-16T18:28:30Z 13088  260000 1631
Mar 16, 2013 6:28:39 PM net.blogracy.controller.DistributedHashTable$LookupListener <init>
INFO: lookup-req NZYND2IBFUU2CASIWQ2GFYLCZFN7LPE4
Mar 16, 2013 6:29:02 PM net.blogracy.controller.DistributedHashTable$LookupListener <init>
INFO: lookup-req 7ZTKP6766VUCR2ORJIRNLCHE3JZU7VVH
Mar 16, 2013 6:29:02 PM net.blogracy.controller.DistributedHashTable$LookupListener onMessage
INFO: lookup-ans 7ZTKP6766VUCR2ORJIRNLCHE3JZU7VVH JNWPNIEU7GWR7JSAVACGNGTGF2BL2FZ5 2013-03-16T18:23:16Z 2013-03-16T18:29:02Z 380
Mar 16, 2013 6:29:02 PM net.blogracy.controller.DistributedHashTable$DownloadListener <init>
INFO: download-req 7ZTKP6766VUCR2ORJIRNLCHE3JZU7VVH JNWPNIEU7GWR7JSAVACGNGTGF2BL2FZ5 2013-03-16T18:23:16Z
Mar 16, 2013 6:29:06 PM net.blogracy.controller.DistributedHashTable$DownloadListener onMessage
INFO: download-ans 7ZTKP6766VUCR2ORJIRNLCHE3JZU7VVH JNWPNIEU7GWR7JSAVACGNGTGF2BL2FZ5 2013-03-16T18:23:16Z 2013-03-16T18:29:06Z 4288  350000 1631
Mar 16, 2013 6:29:25 PM net.blogracy.controller.DistributedHashTable$LookupListener <init>
INFO: lookup-req OL65LQYSH3BAO6TGPHZIFC72WVGFD6PR
Mar 16, 2013 6:29:25 PM net.blogracy.controller.DistributedHashTable$LookupListener onMessage
INFO: lookup-ans OL65LQYSH3BAO6TGPHZIFC72WVGFD6PR 3IJHPEOHO3RFDV7JQBEBDZNXJGNP7YML 2013-03-16T18:24:53Z 2013-03-16T18:29:25Z 376
Mar 16, 2013 6:29:25 PM net.blogracy.controller.DistributedHashTable$DownloadListener <init>
INFO: download-req OL65LQYSH3BAO6TGPHZIFC72WVGFD6PR 3IJHPEOHO3RFDV7JQBEBDZNXJGNP7YML 2013-03-16T18:24:53Z
Mar 16, 2013 6:29:44 PM net.blogracy.controller.DistributedHashTable$DownloadListener onMessage
INFO: download-ans OL65LQYSH3BAO6TGPHZIFC72WVGFD6PR 3IJHPEOHO3RFDV7JQBEBDZNXJGNP7YML 2013-03-16T18:24:53Z 2013-03-16T18:29:44Z 18647  291000 1631
Mar 16, 2013 6:29:50 PM net.blogracy.controller.DistributedHashTable$LookupListener <init>
INFO: lookup-req 734RO6HILBSFN7TZMLELFXELO3NKEQPG
Mar 16, 2013 6:29:51 PM net.blogracy.controller.DistributedHashTable$LookupListener onMessage
INFO: lookup-ans 734RO6HILBSFN7TZMLELFXELO3NKEQPG MFWTDQXZBTFLUDHEKGVLUU5GFLLYI2TX 2013-03-16T18:24:58Z 2013-03-16T18:29:51Z 738
Mar 16, 2013 6:29:51 PM net.blogracy.controller.DistributedHashTable$DownloadListener <init>
INFO: download-req 734RO6HILBSFN7TZMLELFXELO3NKEQPG MFWTDQXZBTFLUDHEKGVLUU5GFLLYI2TX 2013-03-16T18:24:58Z
Mar 16, 2013 6:29:51 PM net.blogracy.controller.DistributedHashTable$LookupListener onMessage
INFO: lookup-ans 734RO6HILBSFN7TZMLELFXELO3NKEQPG T5MSCK55JLVWNGYVS7IYCMNNL5THMVHS 2013-03-16T18:15:23Z 2013-03-16T18:29:51Z 836
Mar 16, 2013 6:29:51 PM net.blogracy.controller.DistributedHashTable$LookupListener onMessage
INFO: lookup-ans 734RO6HILBSFN7TZMLELFXELO3NKEQPG IBUPF3CDEFTHHGMVLX3L4VO4K75QW62O 2013-03-16T18:20:05Z 2013-03-16T18:29:51Z 864
Mar 16, 2013 6:29:55 PM net.blogracy.controller.DistributedHashTable$DownloadListener onMessage
INFO: download-ans 734RO6HILBSFN7TZMLELFXELO3NKEQPG MFWTDQXZBTFLUDHEKGVLUU5GFLLYI2TX 2013-03-16T18:24:58Z 2013-03-16T18:29:55Z 3493  297000 1631
Mar 16, 2013 6:30:16 PM net.blogracy.controller.DistributedHashTable$LookupListener <init>
INFO: lookup-req O2LNUOSQV6AMEJPEGJG7OVPK2XZQV3ZE
Mar 16, 2013 6:30:16 PM net.blogracy.controller.DistributedHashTable$LookupListener onMessage
INFO: lookup-ans O2LNUOSQV6AMEJPEGJG7OVPK2XZQV3ZE LS6ZM3SXJ3ELKHJLBDRM53GKPSQXKUCZ 2013-03-16T18:02:13Z 2013-03-16T18:30:16Z 378
Mar 16, 2013 6:30:16 PM net.blogracy.controller.DistributedHashTable$LookupListener onMessage
INFO: lookup-ans O2LNUOSQV6AMEJPEGJG7OVPK2XZQV3ZE Y5IMI4QNI4QCWKIUGY2RUDJTTZKQOMHT 2013-03-16T18:22:57Z 2013-03-16T18:30:16Z 389
Mar 16, 2013 6:30:16 PM net.blogracy.controller.DistributedHashTable$DownloadListener <init>
INFO: download-req O2LNUOSQV6AMEJPEGJG7OVPK2XZQV3ZE Y5IMI4QNI4QCWKIUGY2RUDJTTZKQOMHT 2013-03-16T18:22:57Z
Mar 16, 2013 6:30:35 PM net.blogracy.controller.DistributedHashTable$DownloadListener onMessage
INFO: download-ans O2LNUOSQV6AMEJPEGJG7OVPK2XZQV3ZE Y5IMI4QNI4QCWKIUGY2RUDJTTZKQOMHT 2013-03-16T18:22:57Z 2013-03-16T18:30:35Z 18458  458000 1361
Mar 16, 2013 6:30:42 PM net.blogracy.controller.DistributedHashTable$LookupListener <init>
INFO: lookup-req QF57FG6NEFT7PHOEIFHV734DS7DAMSD2
Mar 16, 2013 6:30:42 PM net.blogracy.controller.DistributedHashTable$LookupListener onMessage
INFO: lookup-ans QF57FG6NEFT7PHOEIFHV734DS7DAMSD2 LIAORM2H74YTDRWL42XZ7WTG4MFOZAKW 2013-03-16T18:20:27Z 2013-03-16T18:30:42Z 335
Mar 16, 2013 6:30:42 PM net.blogracy.controller.DistributedHashTable$LookupListener onMessage
INFO: lookup-ans QF57FG6NEFT7PHOEIFHV734DS7DAMSD2 TTTEQRJNVIXKVCSKSTIGT7GVJMGWGG5C 2013-03-16T18:26:13Z 2013-03-16T18:30:42Z 361
Mar 16, 2013 6:30:42 PM net.blogracy.controller.DistributedHashTable$DownloadListener <init>
INFO: download-req QF57FG6NEFT7PHOEIFHV734DS7DAMSD2 TTTEQRJNVIXKVCSKSTIGT7GVJMGWGG5C 2013-03-16T18:26:13Z
Mar 16, 2013 6:31:08 PM net.blogracy.controller.DistributedHashTable$LookupListener <init>
INFO: lookup-req H3WGV7IKX35FZNSFJYEZV4VCFQBSAKEL
Mar 16, 2013 6:31:08 PM net.blogracy.controller.DistributedHashTable$LookupListener onMessage
INFO: lookup-ans H3WGV7IKX35FZNSFJYEZV4VCFQBSAKEL A54C3TZSW5AY253DL6BMHDBMQASN3QCC 2013-03-16T18:13:24Z 2013-03-16T18:31:08Z 244
Mar 16, 2013 6:31:08 PM net.blogracy.controller.DistributedHashTable$LookupListener onMessage
INFO: lookup-ans H3WGV7IKX35FZNSFJYEZV4VCFQBSAKEL CKA3HRZIO2STBEOHJQC5YVMTIHWBDX72 2013-03-16T18:22:44Z 2013-03-16T18:31:08Z 324
Mar 16, 2013 6:31:08 PM net.blogracy.controller.DistributedHashTable$DownloadListener onMessage
INFO: download-ans QF57FG6NEFT7PHOEIFHV734DS7DAMSD2 TTTEQRJNVIXKVCSKSTIGT7GVJMGWGG5C 2013-03-16T18:26:13Z 2013-03-16T18:31:08Z 26163  295000 1631
Mar 16, 2013 6:31:33 PM net.blogracy.controller.DistributedHashTable$LookupListener <init>
INFO: lookup-req JZY6QFFDO2J4RQXM6QEFAMCKPOBHYFWR
Mar 16, 2013 6:31:34 PM net.blogracy.controller.DistributedHashTable$LookupListener onMessage
INFO: lookup-ans JZY6QFFDO2J4RQXM6QEFAMCKPOBHYFWR A3Y3FLZIOFELAHR3J7HO36PVBBTELFNO 2013-03-16T18:23:35Z 2013-03-16T18:31:34Z 662
Mar 16, 2013 6:31:34 PM net.blogracy.controller.DistributedHashTable$DownloadListener <init>
INFO: download-req JZY6QFFDO2J4RQXM6QEFAMCKPOBHYFWR A3Y3FLZIOFELAHR3J7HO36PVBBTELFNO 2013-03-16T18:23:35Z
Mar 16, 2013 6:31:39 PM net.blogracy.controller.DistributedHashTable$DownloadListener onMessage
INFO: download-ans JZY6QFFDO2J4RQXM6QEFAMCKPOBHYFWR A3Y3FLZIOFELAHR3J7HO36PVBBTELFNO 2013-03-16T18:23:35Z 2013-03-16T18:31:39Z 4878  484000 1631
Mar 16, 2013 6:31:59 PM net.blogracy.controller.DistributedHashTable$LookupListener <init>
INFO: lookup-req IIFTPYF2OOSC7OUXFHS6JFLCSWAADAGJ
Mar 16, 2013 6:32:00 PM net.blogracy.controller.DistributedHashTable$LookupListener onMessage
INFO: lookup-ans IIFTPYF2OOSC7OUXFHS6JFLCSWAADAGJ PWYNKLEIYCS65O5M6BOZKGNAAMJYWESA 2013-03-16T17:59:11Z 2013-03-16T18:32:00Z 292
Mar 16, 2013 6:32:00 PM net.blogracy.controller.DistributedHashTable$LookupListener onMessage
INFO: lookup-ans IIFTPYF2OOSC7OUXFHS6JFLCSWAADAGJ YFELIYZHWWL37KC2FBMZ5SEHF3WI5YHZ 2013-03-16T18:28:11Z 2013-03-16T18:32:00Z 307
Mar 16, 2013 6:32:00 PM net.blogracy.controller.DistributedHashTable$DownloadListener <init>
INFO: download-req IIFTPYF2OOSC7OUXFHS6JFLCSWAADAGJ YFELIYZHWWL37KC2FBMZ5SEHF3WI5YHZ 2013-03-16T18:28:11Z
Mar 16, 2013 6:32:09 PM net.blogracy.controller.DistributedHashTable$DownloadListener onMessage
INFO: download-ans IIFTPYF2OOSC7OUXFHS6JFLCSWAADAGJ YFELIYZHWWL37KC2FBMZ5SEHF3WI5YHZ 2013-03-16T18:28:11Z 2013-03-16T18:32:09Z 9682  238000 1901
Mar 16, 2013 6:32:25 PM net.blogracy.controller.DistributedHashTable$LookupListener <init>
INFO: lookup-req REHV2GKZR6BI6E66667LFTNPF42XF5QG
Mar 16, 2013 6:32:26 PM net.blogracy.controller.DistributedHashTable$LookupListener onMessage
INFO: lookup-ans REHV2GKZR6BI6E66667LFTNPF42XF5QG K6DJDUOQKUCLVAX62GUUGGDC6IEKJTDV 2013-03-16T18:27:28Z 2013-03-16T18:32:26Z 763
Mar 16, 2013 6:32:26 PM net.blogracy.controller.DistributedHashTable$DownloadListener <init>
INFO: download-req REHV2GKZR6BI6E66667LFTNPF42XF5QG K6DJDUOQKUCLVAX62GUUGGDC6IEKJTDV 2013-03-16T18:27:28Z
Mar 16, 2013 6:32:51 PM net.blogracy.controller.DistributedHashTable$LookupListener <init>
INFO: lookup-req NUHK7LXC3JZZQ6EB2RKPAXMUYX7DF7UI
Mar 16, 2013 6:32:51 PM net.blogracy.controller.DistributedHashTable$LookupListener onMessage
INFO: lookup-ans NUHK7LXC3JZZQ6EB2RKPAXMUYX7DF7UI VBHBDUQPNFRUVTEEBYWML3Q5X5VOQXMP 2013-03-16T18:28:23Z 2013-03-16T18:32:51Z 455
Mar 16, 2013 6:32:51 PM net.blogracy.controller.DistributedHashTable$DownloadListener <init>
INFO: download-req NUHK7LXC3JZZQ6EB2RKPAXMUYX7DF7UI VBHBDUQPNFRUVTEEBYWML3Q5X5VOQXMP 2013-03-16T18:28:23Z
Mar 16, 2013 6:32:54 PM net.blogracy.controller.DistributedHashTable$DownloadListener onMessage
INFO: download-ans NUHK7LXC3JZZQ6EB2RKPAXMUYX7DF7UI VBHBDUQPNFRUVTEEBYWML3Q5X5VOQXMP 2013-03-16T18:28:23Z 2013-03-16T18:32:54Z 2881  271000 1901
Mar 16, 2013 6:33:17 PM net.blogracy.controller.DistributedHashTable$LookupListener <init>
INFO: lookup-req NZYND2IBFUU2CASIWQ2GFYLCZFN7LPE4
Mar 16, 2013 6:33:21 PM net.blogracy.controller.DistributedHashTable$DownloadListener onMessage
INFO: download-ans REHV2GKZR6BI6E66667LFTNPF42XF5QG K6DJDUOQKUCLVAX62GUUGGDC6IEKJTDV 2013-03-16T18:27:28Z 2013-03-16T18:33:21Z 55513  353000 1631
Mar 16, 2013 6:33:42 PM net.blogracy.controller.DistributedHashTable$LookupListener <init>
INFO: lookup-req 7ZTKP6766VUCR2ORJIRNLCHE3JZU7VVH
Mar 16, 2013 6:33:43 PM net.blogracy.controller.DistributedHashTable$LookupListener onMessage
INFO: lookup-ans 7ZTKP6766VUCR2ORJIRNLCHE3JZU7VVH HJ2TOB7RGTX55SVCHJ3NHFMV3AM2IGOZ 2013-03-16T18:28:50Z 2013-03-16T18:33:43Z 322
Mar 16, 2013 6:33:43 PM net.blogracy.controller.DistributedHashTable$DownloadListener <init>
INFO: download-req 7ZTKP6766VUCR2ORJIRNLCHE3JZU7VVH HJ2TOB7RGTX55SVCHJ3NHFMV3AM2IGOZ 2013-03-16T18:28:50Z
Mar 16, 2013 6:33:44 PM net.blogracy.controller.DistributedHashTable$LookupListener onMessage
INFO: lookup-ans 7ZTKP6766VUCR2ORJIRNLCHE3JZU7VVH JNWPNIEU7GWR7JSAVACGNGTGF2BL2FZ5 2013-03-16T18:23:16Z 2013-03-16T18:33:44Z 1243
Mar 16, 2013 6:34:06 PM net.blogracy.controller.DistributedHashTable$DownloadListener onMessage
INFO: download-ans 7ZTKP6766VUCR2ORJIRNLCHE3JZU7VVH HJ2TOB7RGTX55SVCHJ3NHFMV3AM2IGOZ 2013-03-16T18:28:50Z 2013-03-16T18:34:06Z 23668  316000 1901
Mar 16, 2013 6:34:08 PM net.blogracy.controller.DistributedHashTable$LookupListener <init>
INFO: lookup-req OL65LQYSH3BAO6TGPHZIFC72WVGFD6PR
Mar 16, 2013 6:34:09 PM net.blogracy.controller.DistributedHashTable$LookupListener onMessage
INFO: lookup-ans OL65LQYSH3BAO6TGPHZIFC72WVGFD6PR XXKZVY7X2LCZ54K7A2LJZ3QX3B5MOFV7 2013-03-16T18:29:58Z 2013-03-16T18:34:09Z 302
Mar 16, 2013 6:34:09 PM net.blogracy.controller.DistributedHashTable$DownloadListener <init>
INFO: download-req OL65LQYSH3BAO6TGPHZIFC72WVGFD6PR XXKZVY7X2LCZ54K7A2LJZ3QX3B5MOFV7 2013-03-16T18:29:58Z
Mar 16, 2013 6:34:25 PM net.blogracy.controller.DistributedHashTable$DownloadListener onMessage
INFO: download-ans OL65LQYSH3BAO6TGPHZIFC72WVGFD6PR XXKZVY7X2LCZ54K7A2LJZ3QX3B5MOFV7 2013-03-16T18:29:58Z 2013-03-16T18:34:25Z 16641  267000 1901
Mar 16, 2013 6:34:40 PM net.blogracy.controller.DistributedHashTable$LookupListener <init>
INFO: lookup-req 734RO6HILBSFN7TZMLELFXELO3NKEQPG
Mar 16, 2013 6:34:40 PM net.blogracy.controller.DistributedHashTable$LookupListener onMessage
INFO: lookup-ans 734RO6HILBSFN7TZMLELFXELO3NKEQPG MFWTDQXZBTFLUDHEKGVLUU5GFLLYI2TX 2013-03-16T18:24:58Z 2013-03-16T18:34:40Z 330
Mar 16, 2013 6:34:40 PM net.blogracy.controller.DistributedHashTable$LookupListener onMessage
INFO: lookup-ans 734RO6HILBSFN7TZMLELFXELO3NKEQPG CPWBN3GFDJF3CCPEP4DBWJP72PXTDIZG 2013-03-16T18:29:13Z 2013-03-16T18:34:40Z 406
Mar 16, 2013 6:34:40 PM net.blogracy.controller.DistributedHashTable$DownloadListener <init>
INFO: download-req 734RO6HILBSFN7TZMLELFXELO3NKEQPG CPWBN3GFDJF3CCPEP4DBWJP72PXTDIZG 2013-03-16T18:29:13Z
Mar 16, 2013 6:34:55 PM net.blogracy.controller.DistributedHashTable$DownloadListener onMessage
INFO: download-ans 734RO6HILBSFN7TZMLELFXELO3NKEQPG CPWBN3GFDJF3CCPEP4DBWJP72PXTDIZG 2013-03-16T18:29:13Z 2013-03-16T18:34:55Z 14916  342000 1901
Mar 16, 2013 6:35:11 PM net.blogracy.controller.DistributedHashTable$LookupListener <init>
INFO: lookup-req O2LNUOSQV6AMEJPEGJG7OVPK2XZQV3ZE
Mar 16, 2013 6:35:11 PM net.blogracy.controller.DistributedHashTable$LookupListener onMessage
INFO: lookup-ans O2LNUOSQV6AMEJPEGJG7OVPK2XZQV3ZE 6LOIDD5NWHLIFNTDNMXQQWGLRHO62CYT 2013-03-16T18:28:32Z 2013-03-16T18:35:11Z 354
Mar 16, 2013 6:35:11 PM net.blogracy.controller.DistributedHashTable$DownloadListener <init>
INFO: download-req O2LNUOSQV6AMEJPEGJG7OVPK2XZQV3ZE 6LOIDD5NWHLIFNTDNMXQQWGLRHO62CYT 2013-03-16T18:28:32Z
Mar 16, 2013 6:35:36 PM net.blogracy.controller.DistributedHashTable$DownloadListener onMessage
INFO: download-ans O2LNUOSQV6AMEJPEGJG7OVPK2XZQV3ZE 6LOIDD5NWHLIFNTDNMXQQWGLRHO62CYT 2013-03-16T18:28:32Z 2013-03-16T18:35:36Z 24592  424000 1631
Mar 16, 2013 6:35:42 PM net.blogracy.controller.DistributedHashTable$LookupListener <init>
INFO: lookup-req QF57FG6NEFT7PHOEIFHV734DS7DAMSD2
Mar 16, 2013 6:35:42 PM net.blogracy.controller.DistributedHashTable$LookupListener onMessage
INFO: lookup-ans QF57FG6NEFT7PHOEIFHV734DS7DAMSD2 VDSCJZRFAAVZ5CNXLKKI7EM2HDTGEARS 2013-03-16T18:30:25Z 2013-03-16T18:35:42Z 394
Mar 16, 2013 6:35:42 PM net.blogracy.controller.DistributedHashTable$DownloadListener <init>
INFO: download-req QF57FG6NEFT7PHOEIFHV734DS7DAMSD2 VDSCJZRFAAVZ5CNXLKKI7EM2HDTGEARS 2013-03-16T18:30:25Z
