Mar 15, 2013 8:23:15 AM net.blogracy.controller.DistributedHashTable$LookupListener <init>
INFO: lookup-req 734RO6HILBSFN7TZMLELFXELO3NKEQPG
Mar 15, 2013 8:24:55 AM net.blogracy.controller.DistributedHashTable$LookupListener <init>
INFO: lookup-req ZFV32TGQMAYUCBI6TNT6NDNVK3OCV3E4
Mar 15, 2013 8:26:35 AM net.blogracy.controller.DistributedHashTable$LookupListener <init>
INFO: lookup-req O2LNUOSQV6AMEJPEGJG7OVPK2XZQV3ZE
Mar 15, 2013 8:26:36 AM net.blogracy.controller.DistributedHashTable$LookupListener onMessage
INFO: lookup-ans O2LNUOSQV6AMEJPEGJG7OVPK2XZQV3ZE 2013-03-15T08:24:30Z 445
Mar 15, 2013 8:26:36 AM net.blogracy.controller.DistributedHashTable$DownloadListener <init>
INFO: download-req O2LNUOSQV6AMEJPEGJG7OVPK2XZQV3ZE 2013-03-15T08:24:30Z
Mar 15, 2013 8:26:41 AM net.blogracy.controller.DistributedHashTable$DownloadListener onMessage
INFO: download-ans O2LNUOSQV6AMEJPEGJG7OVPK2XZQV3ZE 2013-03-15T08:24:30Z 2013-03-15T08:26:41Z 4999  131000 281
Mar 15, 2013 8:28:16 AM net.blogracy.controller.DistributedHashTable$LookupListener <init>
INFO: lookup-req 734RO6HILBSFN7TZMLELFXELO3NKEQPG
Mar 15, 2013 8:28:16 AM net.blogracy.controller.DistributedHashTable$LookupListener onMessage
INFO: lookup-ans 734RO6HILBSFN7TZMLELFXELO3NKEQPG 2013-03-15T08:23:22Z 272
Mar 15, 2013 8:28:16 AM net.blogracy.controller.DistributedHashTable$DownloadListener <init>
INFO: download-req 734RO6HILBSFN7TZMLELFXELO3NKEQPG 2013-03-15T08:23:22Z
Mar 15, 2013 8:28:22 AM net.blogracy.controller.DistributedHashTable$DownloadListener onMessage
INFO: download-ans 734RO6HILBSFN7TZMLELFXELO3NKEQPG 2013-03-15T08:23:22Z 2013-03-15T08:28:22Z 6089  300000 281
Mar 15, 2013 8:29:56 AM net.blogracy.controller.DistributedHashTable$LookupListener <init>
INFO: lookup-req ZFV32TGQMAYUCBI6TNT6NDNVK3OCV3E4
Mar 15, 2013 8:29:56 AM net.blogracy.controller.DistributedHashTable$LookupListener onMessage
INFO: lookup-ans ZFV32TGQMAYUCBI6TNT6NDNVK3OCV3E4 2013-03-15T08:25:18Z 579
Mar 15, 2013 8:29:56 AM net.blogracy.controller.DistributedHashTable$DownloadListener <init>
INFO: download-req ZFV32TGQMAYUCBI6TNT6NDNVK3OCV3E4 2013-03-15T08:25:18Z
Mar 15, 2013 8:30:02 AM net.blogracy.controller.DistributedHashTable$DownloadListener onMessage
INFO: download-ans ZFV32TGQMAYUCBI6TNT6NDNVK3OCV3E4 2013-03-15T08:25:18Z 2013-03-15T08:30:02Z 5507  284000 281
Mar 15, 2013 8:31:36 AM net.blogracy.controller.DistributedHashTable$LookupListener <init>
INFO: lookup-req O2LNUOSQV6AMEJPEGJG7OVPK2XZQV3ZE
Mar 15, 2013 8:31:36 AM net.blogracy.controller.DistributedHashTable$LookupListener onMessage
INFO: lookup-ans O2LNUOSQV6AMEJPEGJG7OVPK2XZQV3ZE 2013-03-15T08:29:30Z 465
Mar 15, 2013 8:31:36 AM net.blogracy.controller.DistributedHashTable$DownloadListener <init>
INFO: download-req O2LNUOSQV6AMEJPEGJG7OVPK2XZQV3ZE 2013-03-15T08:29:30Z
Mar 15, 2013 8:31:40 AM net.blogracy.controller.DistributedHashTable$DownloadListener onMessage
INFO: download-ans O2LNUOSQV6AMEJPEGJG7OVPK2XZQV3ZE 2013-03-15T08:29:30Z 2013-03-15T08:31:40Z 4236  130000 551
Mar 15, 2013 8:33:16 AM net.blogracy.controller.DistributedHashTable$LookupListener <init>
INFO: lookup-req 734RO6HILBSFN7TZMLELFXELO3NKEQPG
Mar 15, 2013 8:33:16 AM net.blogracy.controller.DistributedHashTable$LookupListener onMessage
INFO: lookup-ans 734RO6HILBSFN7TZMLELFXELO3NKEQPG 2013-03-15T08:28:23Z 395
Mar 15, 2013 8:33:16 AM net.blogracy.controller.DistributedHashTable$DownloadListener <init>
INFO: download-req 734RO6HILBSFN7TZMLELFXELO3NKEQPG 2013-03-15T08:28:23Z
Mar 15, 2013 8:33:17 AM net.blogracy.controller.DistributedHashTable$LookupListener onMessage
INFO: lookup-ans 734RO6HILBSFN7TZMLELFXELO3NKEQPG 2013-03-15T08:23:22Z 759
Mar 15, 2013 8:33:20 AM net.blogracy.controller.DistributedHashTable$DownloadListener onMessage
INFO: download-ans 734RO6HILBSFN7TZMLELFXELO3NKEQPG 2013-03-15T08:28:23Z 2013-03-15T08:33:20Z 3365  297000 551
Mar 15, 2013 8:34:56 AM net.blogracy.controller.DistributedHashTable$LookupListener <init>
INFO: lookup-req ZFV32TGQMAYUCBI6TNT6NDNVK3OCV3E4
Mar 15, 2013 8:34:56 AM net.blogracy.controller.DistributedHashTable$LookupListener onMessage
INFO: lookup-ans ZFV32TGQMAYUCBI6TNT6NDNVK3OCV3E4 2013-03-15T08:30:18Z 394
Mar 15, 2013 8:34:56 AM net.blogracy.controller.DistributedHashTable$DownloadListener <init>
INFO: download-req ZFV32TGQMAYUCBI6TNT6NDNVK3OCV3E4 2013-03-15T08:30:18Z
Mar 15, 2013 8:35:00 AM net.blogracy.controller.DistributedHashTable$DownloadListener onMessage
INFO: download-ans ZFV32TGQMAYUCBI6TNT6NDNVK3OCV3E4 2013-03-15T08:30:18Z 2013-03-15T08:35:00Z 3879  282000 551
Mar 15, 2013 8:36:36 AM net.blogracy.controller.DistributedHashTable$LookupListener <init>
INFO: lookup-req O2LNUOSQV6AMEJPEGJG7OVPK2XZQV3ZE
Mar 15, 2013 8:36:36 AM net.blogracy.controller.DistributedHashTable$LookupListener onMessage
INFO: lookup-ans O2LNUOSQV6AMEJPEGJG7OVPK2XZQV3ZE 2013-03-15T08:34:30Z 398
Mar 15, 2013 8:36:36 AM net.blogracy.controller.DistributedHashTable$DownloadListener <init>
INFO: download-req O2LNUOSQV6AMEJPEGJG7OVPK2XZQV3ZE 2013-03-15T08:34:30Z
Mar 15, 2013 8:36:40 AM net.blogracy.controller.DistributedHashTable$DownloadListener onMessage
INFO: download-ans O2LNUOSQV6AMEJPEGJG7OVPK2XZQV3ZE 2013-03-15T08:34:30Z 2013-03-15T08:36:40Z 3453  130000 821
Mar 15, 2013 8:38:16 AM net.blogracy.controller.DistributedHashTable$LookupListener <init>
INFO: lookup-req 734RO6HILBSFN7TZMLELFXELO3NKEQPG
Mar 15, 2013 8:38:16 AM net.blogracy.controller.DistributedHashTable$LookupListener onMessage
INFO: lookup-ans 734RO6HILBSFN7TZMLELFXELO3NKEQPG 2013-03-15T08:33:24Z 273
Mar 15, 2013 8:38:16 AM net.blogracy.controller.DistributedHashTable$DownloadListener <init>
INFO: download-req 734RO6HILBSFN7TZMLELFXELO3NKEQPG 2013-03-15T08:33:24Z
Mar 15, 2013 8:38:19 AM net.blogracy.controller.DistributedHashTable$DownloadListener onMessage
INFO: download-ans 734RO6HILBSFN7TZMLELFXELO3NKEQPG 2013-03-15T08:33:24Z 2013-03-15T08:38:19Z 3076  295000 821
Mar 15, 2013 8:39:56 AM net.blogracy.controller.DistributedHashTable$LookupListener <init>
INFO: lookup-req ZFV32TGQMAYUCBI6TNT6NDNVK3OCV3E4
Mar 15, 2013 8:39:57 AM net.blogracy.controller.DistributedHashTable$LookupListener onMessage
INFO: lookup-ans ZFV32TGQMAYUCBI6TNT6NDNVK3OCV3E4 2013-03-15T08:35:18Z 610
Mar 15, 2013 8:39:57 AM net.blogracy.controller.DistributedHashTable$DownloadListener <init>
INFO: download-req ZFV32TGQMAYUCBI6TNT6NDNVK3OCV3E4 2013-03-15T08:35:18Z
Mar 15, 2013 8:40:00 AM net.blogracy.controller.DistributedHashTable$DownloadListener onMessage
INFO: download-ans ZFV32TGQMAYUCBI6TNT6NDNVK3OCV3E4 2013-03-15T08:35:18Z 2013-03-15T08:40:00Z 3861  282000 821
Mar 15, 2013 8:41:36 AM net.blogracy.controller.DistributedHashTable$LookupListener <init>
INFO: lookup-req O2LNUOSQV6AMEJPEGJG7OVPK2XZQV3ZE
Mar 15, 2013 8:41:36 AM net.blogracy.controller.DistributedHashTable$LookupListener onMessage
INFO: lookup-ans O2LNUOSQV6AMEJPEGJG7OVPK2XZQV3ZE 2013-03-15T08:39:30Z 177
Mar 15, 2013 8:41:36 AM net.blogracy.controller.DistributedHashTable$DownloadListener <init>
INFO: download-req O2LNUOSQV6AMEJPEGJG7OVPK2XZQV3ZE 2013-03-15T08:39:30Z
Mar 15, 2013 8:41:39 AM net.blogracy.controller.DistributedHashTable$DownloadListener onMessage
INFO: download-ans O2LNUOSQV6AMEJPEGJG7OVPK2XZQV3ZE 2013-03-15T08:39:30Z 2013-03-15T08:41:39Z 2886  129000 1091
Mar 15, 2013 8:43:16 AM net.blogracy.controller.DistributedHashTable$LookupListener <init>
INFO: lookup-req 734RO6HILBSFN7TZMLELFXELO3NKEQPG
Mar 15, 2013 8:43:16 AM net.blogracy.controller.DistributedHashTable$LookupListener onMessage
INFO: lookup-ans 734RO6HILBSFN7TZMLELFXELO3NKEQPG 2013-03-15T08:38:24Z 329
Mar 15, 2013 8:43:16 AM net.blogracy.controller.DistributedHashTable$DownloadListener <init>
INFO: download-req 734RO6HILBSFN7TZMLELFXELO3NKEQPG 2013-03-15T08:38:24Z
Mar 15, 2013 8:43:20 AM net.blogracy.controller.DistributedHashTable$DownloadListener onMessage
INFO: download-ans 734RO6HILBSFN7TZMLELFXELO3NKEQPG 2013-03-15T08:38:24Z 2013-03-15T08:43:20Z 3771  296000 1091
Mar 15, 2013 8:44:56 AM net.blogracy.controller.DistributedHashTable$LookupListener <init>
INFO: lookup-req ZFV32TGQMAYUCBI6TNT6NDNVK3OCV3E4
Mar 15, 2013 8:44:56 AM net.blogracy.controller.DistributedHashTable$LookupListener onMessage
INFO: lookup-ans ZFV32TGQMAYUCBI6TNT6NDNVK3OCV3E4 2013-03-15T08:40:18Z 384
Mar 15, 2013 8:44:56 AM net.blogracy.controller.DistributedHashTable$DownloadListener <init>
INFO: download-req ZFV32TGQMAYUCBI6TNT6NDNVK3OCV3E4 2013-03-15T08:40:18Z
Mar 15, 2013 8:45:01 AM net.blogracy.controller.DistributedHashTable$DownloadListener onMessage
INFO: download-ans ZFV32TGQMAYUCBI6TNT6NDNVK3OCV3E4 2013-03-15T08:40:18Z 2013-03-15T08:45:01Z 4312  283000 1091
Mar 15, 2013 8:46:36 AM net.blogracy.controller.DistributedHashTable$LookupListener <init>
INFO: lookup-req O2LNUOSQV6AMEJPEGJG7OVPK2XZQV3ZE
Mar 15, 2013 8:46:36 AM net.blogracy.controller.DistributedHashTable$LookupListener onMessage
INFO: lookup-ans O2LNUOSQV6AMEJPEGJG7OVPK2XZQV3ZE 2013-03-15T08:44:30Z 335
Mar 15, 2013 8:46:36 AM net.blogracy.controller.DistributedHashTable$DownloadListener <init>
INFO: download-req O2LNUOSQV6AMEJPEGJG7OVPK2XZQV3ZE 2013-03-15T08:44:30Z
Mar 15, 2013 8:46:41 AM net.blogracy.controller.DistributedHashTable$DownloadListener onMessage
INFO: download-ans O2LNUOSQV6AMEJPEGJG7OVPK2XZQV3ZE 2013-03-15T08:44:30Z 2013-03-15T08:46:41Z 4506  131000 1361
Mar 15, 2013 8:48:16 AM net.blogracy.controller.DistributedHashTable$LookupListener <init>
INFO: lookup-req 734RO6HILBSFN7TZMLELFXELO3NKEQPG
Mar 15, 2013 8:48:17 AM net.blogracy.controller.DistributedHashTable$LookupListener onMessage
INFO: lookup-ans 734RO6HILBSFN7TZMLELFXELO3NKEQPG 2013-03-15T08:43:25Z 374
Mar 15, 2013 8:48:17 AM net.blogracy.controller.DistributedHashTable$DownloadListener <init>
INFO: download-req 734RO6HILBSFN7TZMLELFXELO3NKEQPG 2013-03-15T08:43:25Z
Mar 15, 2013 8:48:22 AM net.blogracy.controller.DistributedHashTable$DownloadListener onMessage
INFO: download-ans 734RO6HILBSFN7TZMLELFXELO3NKEQPG 2013-03-15T08:43:25Z 2013-03-15T08:48:22Z 5048  297000 1361
Mar 15, 2013 8:49:56 AM net.blogracy.controller.DistributedHashTable$LookupListener <init>
INFO: lookup-req ZFV32TGQMAYUCBI6TNT6NDNVK3OCV3E4
Mar 15, 2013 8:49:57 AM net.blogracy.controller.DistributedHashTable$LookupListener onMessage
INFO: lookup-ans ZFV32TGQMAYUCBI6TNT6NDNVK3OCV3E4 2013-03-15T08:45:18Z 637
Mar 15, 2013 8:49:57 AM net.blogracy.controller.DistributedHashTable$DownloadListener <init>
INFO: download-req ZFV32TGQMAYUCBI6TNT6NDNVK3OCV3E4 2013-03-15T08:45:18Z
Mar 15, 2013 8:50:01 AM net.blogracy.controller.DistributedHashTable$DownloadListener onMessage
INFO: download-ans ZFV32TGQMAYUCBI6TNT6NDNVK3OCV3E4 2013-03-15T08:45:18Z 2013-03-15T08:50:01Z 4410  283000 1361
Mar 15, 2013 8:51:36 AM net.blogracy.controller.DistributedHashTable$LookupListener <init>
INFO: lookup-req O2LNUOSQV6AMEJPEGJG7OVPK2XZQV3ZE
Mar 15, 2013 8:51:36 AM net.blogracy.controller.DistributedHashTable$LookupListener onMessage
INFO: lookup-ans O2LNUOSQV6AMEJPEGJG7OVPK2XZQV3ZE 2013-03-15T08:49:30Z 157
Mar 15, 2013 8:51:36 AM net.blogracy.controller.DistributedHashTable$DownloadListener <init>
INFO: download-req O2LNUOSQV6AMEJPEGJG7OVPK2XZQV3ZE 2013-03-15T08:49:30Z
Mar 15, 2013 8:51:40 AM net.blogracy.controller.DistributedHashTable$DownloadListener onMessage
INFO: download-ans O2LNUOSQV6AMEJPEGJG7OVPK2XZQV3ZE 2013-03-15T08:49:30Z 2013-03-15T08:51:40Z 3449  130000 1631
Mar 15, 2013 8:53:16 AM net.blogracy.controller.DistributedHashTable$LookupListener <init>
INFO: lookup-req 734RO6HILBSFN7TZMLELFXELO3NKEQPG
Mar 15, 2013 8:53:17 AM net.blogracy.controller.DistributedHashTable$LookupListener onMessage
INFO: lookup-ans 734RO6HILBSFN7TZMLELFXELO3NKEQPG 2013-03-15T08:48:26Z 340
Mar 15, 2013 8:53:17 AM net.blogracy.controller.DistributedHashTable$DownloadListener <init>
INFO: download-req 734RO6HILBSFN7TZMLELFXELO3NKEQPG 2013-03-15T08:48:26Z
Mar 15, 2013 8:53:19 AM net.blogracy.controller.DistributedHashTable$DownloadListener onMessage
INFO: download-ans 734RO6HILBSFN7TZMLELFXELO3NKEQPG 2013-03-15T08:48:26Z 2013-03-15T08:53:19Z 2751  293000 1631
Mar 15, 2013 8:54:56 AM net.blogracy.controller.DistributedHashTable$LookupListener <init>
INFO: lookup-req ZFV32TGQMAYUCBI6TNT6NDNVK3OCV3E4
Mar 15, 2013 8:54:57 AM net.blogracy.controller.DistributedHashTable$LookupListener onMessage
INFO: lookup-ans ZFV32TGQMAYUCBI6TNT6NDNVK3OCV3E4 2013-03-15T08:50:19Z 644
Mar 15, 2013 8:54:57 AM net.blogracy.controller.DistributedHashTable$DownloadListener <init>
INFO: download-req ZFV32TGQMAYUCBI6TNT6NDNVK3OCV3E4 2013-03-15T08:50:19Z
Mar 15, 2013 8:55:00 AM net.blogracy.controller.DistributedHashTable$DownloadListener onMessage
INFO: download-ans ZFV32TGQMAYUCBI6TNT6NDNVK3OCV3E4 2013-03-15T08:50:19Z 2013-03-15T08:55:00Z 3479  281000 1631
Mar 15, 2013 8:56:36 AM net.blogracy.controller.DistributedHashTable$LookupListener <init>
INFO: lookup-req O2LNUOSQV6AMEJPEGJG7OVPK2XZQV3ZE
Mar 15, 2013 8:56:37 AM net.blogracy.controller.DistributedHashTable$LookupListener onMessage
INFO: lookup-ans O2LNUOSQV6AMEJPEGJG7OVPK2XZQV3ZE 2013-03-15T08:54:31Z 332
Mar 15, 2013 8:56:37 AM net.blogracy.controller.DistributedHashTable$DownloadListener <init>
INFO: download-req O2LNUOSQV6AMEJPEGJG7OVPK2XZQV3ZE 2013-03-15T08:54:31Z
Mar 15, 2013 8:56:40 AM net.blogracy.controller.DistributedHashTable$DownloadListener onMessage
INFO: download-ans O2LNUOSQV6AMEJPEGJG7OVPK2XZQV3ZE 2013-03-15T08:54:31Z 2013-03-15T08:56:40Z 3384  129000 1901
Mar 15, 2013 8:58:16 AM net.blogracy.controller.DistributedHashTable$LookupListener <init>
INFO: lookup-req 734RO6HILBSFN7TZMLELFXELO3NKEQPG
Mar 15, 2013 8:58:17 AM net.blogracy.controller.DistributedHashTable$LookupListener onMessage
INFO: lookup-ans 734RO6HILBSFN7TZMLELFXELO3NKEQPG 2013-03-15T08:53:26Z 368
Mar 15, 2013 8:58:17 AM net.blogracy.controller.DistributedHashTable$DownloadListener <init>
INFO: download-req 734RO6HILBSFN7TZMLELFXELO3NKEQPG 2013-03-15T08:53:26Z
Mar 15, 2013 8:58:20 AM net.blogracy.controller.DistributedHashTable$DownloadListener onMessage
INFO: download-ans 734RO6HILBSFN7TZMLELFXELO3NKEQPG 2013-03-15T08:53:26Z 2013-03-15T08:58:20Z 2829  294000 1901
Mar 15, 2013 8:59:56 AM net.blogracy.controller.DistributedHashTable$LookupListener <init>
INFO: lookup-req ZFV32TGQMAYUCBI6TNT6NDNVK3OCV3E4
Mar 15, 2013 8:59:57 AM net.blogracy.controller.DistributedHashTable$LookupListener onMessage
INFO: lookup-ans ZFV32TGQMAYUCBI6TNT6NDNVK3OCV3E4 2013-03-15T08:55:19Z 430
Mar 15, 2013 8:59:57 AM net.blogracy.controller.DistributedHashTable$DownloadListener <init>
INFO: download-req ZFV32TGQMAYUCBI6TNT6NDNVK3OCV3E4 2013-03-15T08:55:19Z
Mar 15, 2013 8:59:57 AM net.blogracy.controller.DistributedHashTable$LookupListener onMessage
INFO: lookup-ans ZFV32TGQMAYUCBI6TNT6NDNVK3OCV3E4 2013-03-15T08:30:18Z 571
Mar 15, 2013 9:00:01 AM net.blogracy.controller.DistributedHashTable$DownloadListener onMessage
INFO: download-ans ZFV32TGQMAYUCBI6TNT6NDNVK3OCV3E4 2013-03-15T08:55:19Z 2013-03-15T09:00:01Z 3809  282000 1901
Mar 15, 2013 9:01:36 AM net.blogracy.controller.DistributedHashTable$LookupListener <init>
INFO: lookup-req O2LNUOSQV6AMEJPEGJG7OVPK2XZQV3ZE
Mar 15, 2013 9:01:37 AM net.blogracy.controller.DistributedHashTable$LookupListener onMessage
INFO: lookup-ans O2LNUOSQV6AMEJPEGJG7OVPK2XZQV3ZE 2013-03-15T08:59:31Z 265
Mar 15, 2013 9:01:37 AM net.blogracy.controller.DistributedHashTable$DownloadListener <init>
INFO: download-req O2LNUOSQV6AMEJPEGJG7OVPK2XZQV3ZE 2013-03-15T08:59:31Z
Mar 15, 2013 9:01:54 AM net.blogracy.controller.DistributedHashTable$DownloadListener onMessage
INFO: download-ans O2LNUOSQV6AMEJPEGJG7OVPK2XZQV3ZE 2013-03-15T08:59:31Z 2013-03-15T09:01:54Z 17083  143000 2171
Mar 15, 2013 9:03:17 AM net.blogracy.controller.DistributedHashTable$LookupListener <init>
INFO: lookup-req 734RO6HILBSFN7TZMLELFXELO3NKEQPG
Mar 15, 2013 9:03:17 AM net.blogracy.controller.DistributedHashTable$LookupListener onMessage
INFO: lookup-ans 734RO6HILBSFN7TZMLELFXELO3NKEQPG 2013-03-15T08:58:27Z 361
Mar 15, 2013 9:03:17 AM net.blogracy.controller.DistributedHashTable$DownloadListener <init>
INFO: download-req 734RO6HILBSFN7TZMLELFXELO3NKEQPG 2013-03-15T08:58:27Z
Mar 15, 2013 9:03:20 AM net.blogracy.controller.DistributedHashTable$DownloadListener onMessage
INFO: download-ans 734RO6HILBSFN7TZMLELFXELO3NKEQPG 2013-03-15T08:58:27Z 2013-03-15T09:03:20Z 3498  293000 2171
Mar 15, 2013 9:04:57 AM net.blogracy.controller.DistributedHashTable$LookupListener <init>
INFO: lookup-req ZFV32TGQMAYUCBI6TNT6NDNVK3OCV3E4
Mar 15, 2013 9:04:57 AM net.blogracy.controller.DistributedHashTable$LookupListener onMessage
INFO: lookup-ans ZFV32TGQMAYUCBI6TNT6NDNVK3OCV3E4 2013-03-15T09:00:19Z 734
Mar 15, 2013 9:04:57 AM net.blogracy.controller.DistributedHashTable$DownloadListener <init>
INFO: download-req ZFV32TGQMAYUCBI6TNT6NDNVK3OCV3E4 2013-03-15T09:00:19Z
Mar 15, 2013 9:04:57 AM net.blogracy.controller.DistributedHashTable$LookupListener onMessage
INFO: lookup-ans ZFV32TGQMAYUCBI6TNT6NDNVK3OCV3E4 2013-03-15T08:30:18Z 835
Mar 15, 2013 9:05:00 AM net.blogracy.controller.DistributedHashTable$DownloadListener onMessage
INFO: download-ans ZFV32TGQMAYUCBI6TNT6NDNVK3OCV3E4 2013-03-15T09:00:19Z 2013-03-15T09:05:00Z 2760  281000 2171
Mar 15, 2013 9:06:37 AM net.blogracy.controller.DistributedHashTable$LookupListener <init>
INFO: lookup-req O2LNUOSQV6AMEJPEGJG7OVPK2XZQV3ZE
Mar 15, 2013 9:06:37 AM net.blogracy.controller.DistributedHashTable$LookupListener onMessage
INFO: lookup-ans O2LNUOSQV6AMEJPEGJG7OVPK2XZQV3ZE 2013-03-15T09:04:31Z 205
Mar 15, 2013 9:06:37 AM net.blogracy.controller.DistributedHashTable$DownloadListener <init>
INFO: download-req O2LNUOSQV6AMEJPEGJG7OVPK2XZQV3ZE 2013-03-15T09:04:31Z
Mar 15, 2013 9:06:41 AM net.blogracy.controller.DistributedHashTable$DownloadListener onMessage
INFO: download-ans O2LNUOSQV6AMEJPEGJG7OVPK2XZQV3ZE 2013-03-15T09:04:31Z 2013-03-15T09:06:41Z 3803  130000 2441
Mar 15, 2013 9:08:17 AM net.blogracy.controller.DistributedHashTable$LookupListener <init>
INFO: lookup-req 734RO6HILBSFN7TZMLELFXELO3NKEQPG
Mar 15, 2013 9:08:17 AM net.blogracy.controller.DistributedHashTable$LookupListener onMessage
INFO: lookup-ans 734RO6HILBSFN7TZMLELFXELO3NKEQPG 2013-03-15T09:03:27Z 367
Mar 15, 2013 9:08:17 AM net.blogracy.controller.DistributedHashTable$DownloadListener <init>
INFO: download-req 734RO6HILBSFN7TZMLELFXELO3NKEQPG 2013-03-15T09:03:27Z
Mar 15, 2013 9:08:23 AM net.blogracy.controller.DistributedHashTable$DownloadListener onMessage
INFO: download-ans 734RO6HILBSFN7TZMLELFXELO3NKEQPG 2013-03-15T09:03:27Z 2013-03-15T09:08:23Z 5537  296000 2441
Mar 15, 2013 9:09:57 AM net.blogracy.controller.DistributedHashTable$LookupListener <init>
INFO: lookup-req ZFV32TGQMAYUCBI6TNT6NDNVK3OCV3E4
Mar 15, 2013 9:09:57 AM net.blogracy.controller.DistributedHashTable$LookupListener onMessage
INFO: lookup-ans ZFV32TGQMAYUCBI6TNT6NDNVK3OCV3E4 2013-03-15T09:05:19Z 270
Mar 15, 2013 9:09:57 AM net.blogracy.controller.DistributedHashTable$DownloadListener <init>
INFO: download-req ZFV32TGQMAYUCBI6TNT6NDNVK3OCV3E4 2013-03-15T09:05:19Z
Mar 15, 2013 9:10:00 AM net.blogracy.controller.DistributedHashTable$DownloadListener onMessage
INFO: download-ans ZFV32TGQMAYUCBI6TNT6NDNVK3OCV3E4 2013-03-15T09:05:19Z 2013-03-15T09:10:00Z 3432  281000 2441
Mar 15, 2013 9:11:37 AM net.blogracy.controller.DistributedHashTable$LookupListener <init>
INFO: lookup-req O2LNUOSQV6AMEJPEGJG7OVPK2XZQV3ZE
Mar 15, 2013 9:11:37 AM net.blogracy.controller.DistributedHashTable$LookupListener onMessage
INFO: lookup-ans O2LNUOSQV6AMEJPEGJG7OVPK2XZQV3ZE 2013-03-15T09:09:31Z 269
Mar 15, 2013 9:11:37 AM net.blogracy.controller.DistributedHashTable$DownloadListener <init>
INFO: download-req O2LNUOSQV6AMEJPEGJG7OVPK2XZQV3ZE 2013-03-15T09:09:31Z
Mar 15, 2013 9:11:41 AM net.blogracy.controller.DistributedHashTable$DownloadListener onMessage
INFO: download-ans O2LNUOSQV6AMEJPEGJG7OVPK2XZQV3ZE 2013-03-15T09:09:31Z 2013-03-15T09:11:41Z 3958  130000 2711
Mar 15, 2013 9:13:17 AM net.blogracy.controller.DistributedHashTable$LookupListener <init>
INFO: lookup-req 734RO6HILBSFN7TZMLELFXELO3NKEQPG
Mar 15, 2013 9:13:17 AM net.blogracy.controller.DistributedHashTable$LookupListener onMessage
INFO: lookup-ans 734RO6HILBSFN7TZMLELFXELO3NKEQPG 2013-03-15T09:08:28Z 274
Mar 15, 2013 9:13:17 AM net.blogracy.controller.DistributedHashTable$DownloadListener <init>
INFO: download-req 734RO6HILBSFN7TZMLELFXELO3NKEQPG 2013-03-15T09:08:28Z
Mar 15, 2013 9:13:20 AM net.blogracy.controller.DistributedHashTable$DownloadListener onMessage
INFO: download-ans 734RO6HILBSFN7TZMLELFXELO3NKEQPG 2013-03-15T09:08:28Z 2013-03-15T09:13:20Z 2563  292000 2711
Mar 15, 2013 9:14:57 AM net.blogracy.controller.DistributedHashTable$LookupListener <init>
INFO: lookup-req ZFV32TGQMAYUCBI6TNT6NDNVK3OCV3E4
Mar 15, 2013 9:14:57 AM net.blogracy.controller.DistributedHashTable$LookupListener onMessage
INFO: lookup-ans ZFV32TGQMAYUCBI6TNT6NDNVK3OCV3E4 2013-03-15T09:10:19Z 329
Mar 15, 2013 9:14:57 AM net.blogracy.controller.DistributedHashTable$DownloadListener <init>
INFO: download-req ZFV32TGQMAYUCBI6TNT6NDNVK3OCV3E4 2013-03-15T09:10:19Z
Mar 15, 2013 9:15:01 AM net.blogracy.controller.DistributedHashTable$DownloadListener onMessage
INFO: download-ans ZFV32TGQMAYUCBI6TNT6NDNVK3OCV3E4 2013-03-15T09:10:19Z 2013-03-15T09:15:01Z 3572  282000 2711
Mar 15, 2013 9:16:37 AM net.blogracy.controller.DistributedHashTable$LookupListener <init>
INFO: lookup-req O2LNUOSQV6AMEJPEGJG7OVPK2XZQV3ZE
Mar 15, 2013 9:16:37 AM net.blogracy.controller.DistributedHashTable$LookupListener onMessage
INFO: lookup-ans O2LNUOSQV6AMEJPEGJG7OVPK2XZQV3ZE 2013-03-15T09:14:31Z 241
Mar 15, 2013 9:16:37 AM net.blogracy.controller.DistributedHashTable$DownloadListener <init>
INFO: download-req O2LNUOSQV6AMEJPEGJG7OVPK2XZQV3ZE 2013-03-15T09:14:31Z
Mar 15, 2013 9:16:40 AM net.blogracy.controller.DistributedHashTable$DownloadListener onMessage
INFO: download-ans O2LNUOSQV6AMEJPEGJG7OVPK2XZQV3ZE 2013-03-15T09:14:31Z 2013-03-15T09:16:40Z 3193  129000 2981
Mar 15, 2013 9:18:17 AM net.blogracy.controller.DistributedHashTable$LookupListener <init>
INFO: lookup-req 734RO6HILBSFN7TZMLELFXELO3NKEQPG
Mar 15, 2013 9:18:17 AM net.blogracy.controller.DistributedHashTable$LookupListener onMessage
INFO: lookup-ans 734RO6HILBSFN7TZMLELFXELO3NKEQPG 2013-03-15T09:13:29Z 380
Mar 15, 2013 9:18:17 AM net.blogracy.controller.DistributedHashTable$DownloadListener <init>
INFO: download-req 734RO6HILBSFN7TZMLELFXELO3NKEQPG 2013-03-15T09:13:29Z
Mar 15, 2013 9:18:22 AM net.blogracy.controller.DistributedHashTable$DownloadListener onMessage
INFO: download-ans 734RO6HILBSFN7TZMLELFXELO3NKEQPG 2013-03-15T09:13:29Z 2013-03-15T09:18:22Z 4980  293000 2981
Mar 15, 2013 9:19:57 AM net.blogracy.controller.DistributedHashTable$LookupListener <init>
INFO: lookup-req ZFV32TGQMAYUCBI6TNT6NDNVK3OCV3E4
Mar 15, 2013 9:19:57 AM net.blogracy.controller.DistributedHashTable$LookupListener onMessage
INFO: lookup-ans ZFV32TGQMAYUCBI6TNT6NDNVK3OCV3E4 2013-03-15T09:15:19Z 287
Mar 15, 2013 9:19:57 AM net.blogracy.controller.DistributedHashTable$DownloadListener <init>
INFO: download-req ZFV32TGQMAYUCBI6TNT6NDNVK3OCV3E4 2013-03-15T09:15:19Z
Mar 15, 2013 9:20:01 AM net.blogracy.controller.DistributedHashTable$DownloadListener onMessage
INFO: download-ans ZFV32TGQMAYUCBI6TNT6NDNVK3OCV3E4 2013-03-15T09:15:19Z 2013-03-15T09:20:01Z 3707  282000 2981
Mar 15, 2013 9:21:37 AM net.blogracy.controller.DistributedHashTable$LookupListener <init>
INFO: lookup-req O2LNUOSQV6AMEJPEGJG7OVPK2XZQV3ZE
Mar 15, 2013 9:21:37 AM net.blogracy.controller.DistributedHashTable$LookupListener onMessage
INFO: lookup-ans O2LNUOSQV6AMEJPEGJG7OVPK2XZQV3ZE 2013-03-15T09:19:31Z 182
Mar 15, 2013 9:21:37 AM net.blogracy.controller.DistributedHashTable$DownloadListener <init>
INFO: download-req O2LNUOSQV6AMEJPEGJG7OVPK2XZQV3ZE 2013-03-15T09:19:31Z
Mar 15, 2013 9:21:40 AM net.blogracy.controller.DistributedHashTable$DownloadListener onMessage
INFO: download-ans O2LNUOSQV6AMEJPEGJG7OVPK2XZQV3ZE 2013-03-15T09:19:31Z 2013-03-15T09:21:40Z 3397  129000 3251
Mar 15, 2013 9:23:17 AM net.blogracy.controller.DistributedHashTable$LookupListener <init>
INFO: lookup-req 734RO6HILBSFN7TZMLELFXELO3NKEQPG
Mar 15, 2013 9:23:17 AM net.blogracy.controller.DistributedHashTable$LookupListener onMessage
INFO: lookup-ans 734RO6HILBSFN7TZMLELFXELO3NKEQPG 2013-03-15T09:18:29Z 293
Mar 15, 2013 9:23:17 AM net.blogracy.controller.DistributedHashTable$DownloadListener <init>
INFO: download-req 734RO6HILBSFN7TZMLELFXELO3NKEQPG 2013-03-15T09:18:29Z
Mar 15, 2013 9:23:24 AM net.blogracy.controller.DistributedHashTable$DownloadListener onMessage
INFO: download-ans 734RO6HILBSFN7TZMLELFXELO3NKEQPG 2013-03-15T09:18:29Z 2013-03-15T09:23:24Z 6088  295000 3251
Mar 15, 2013 9:24:57 AM net.blogracy.controller.DistributedHashTable$LookupListener <init>
INFO: lookup-req ZFV32TGQMAYUCBI6TNT6NDNVK3OCV3E4
Mar 15, 2013 9:24:57 AM net.blogracy.controller.DistributedHashTable$LookupListener onMessage
INFO: lookup-ans ZFV32TGQMAYUCBI6TNT6NDNVK3OCV3E4 2013-03-15T09:20:19Z 315
Mar 15, 2013 9:24:57 AM net.blogracy.controller.DistributedHashTable$DownloadListener <init>
INFO: download-req ZFV32TGQMAYUCBI6TNT6NDNVK3OCV3E4 2013-03-15T09:20:19Z
Mar 15, 2013 9:25:02 AM net.blogracy.controller.DistributedHashTable$DownloadListener onMessage
INFO: download-ans ZFV32TGQMAYUCBI6TNT6NDNVK3OCV3E4 2013-03-15T09:20:19Z 2013-03-15T09:25:02Z 4669  283000 3251
Mar 15, 2013 9:26:37 AM net.blogracy.controller.DistributedHashTable$LookupListener <init>
INFO: lookup-req O2LNUOSQV6AMEJPEGJG7OVPK2XZQV3ZE
Mar 15, 2013 9:26:37 AM net.blogracy.controller.DistributedHashTable$LookupListener onMessage
INFO: lookup-ans O2LNUOSQV6AMEJPEGJG7OVPK2XZQV3ZE 2013-03-15T09:24:31Z 143
Mar 15, 2013 9:26:37 AM net.blogracy.controller.DistributedHashTable$DownloadListener <init>
INFO: download-req O2LNUOSQV6AMEJPEGJG7OVPK2XZQV3ZE 2013-03-15T09:24:31Z
Mar 15, 2013 9:26:43 AM net.blogracy.controller.DistributedHashTable$DownloadListener onMessage
INFO: download-ans O2LNUOSQV6AMEJPEGJG7OVPK2XZQV3ZE 2013-03-15T09:24:31Z 2013-03-15T09:26:43Z 5331  132000 3521
Mar 15, 2013 9:28:17 AM net.blogracy.controller.DistributedHashTable$LookupListener <init>
INFO: lookup-req 734RO6HILBSFN7TZMLELFXELO3NKEQPG
Mar 15, 2013 9:28:18 AM net.blogracy.controller.DistributedHashTable$LookupListener onMessage
INFO: lookup-ans 734RO6HILBSFN7TZMLELFXELO3NKEQPG 2013-03-15T09:23:30Z 275
Mar 15, 2013 9:28:18 AM net.blogracy.controller.DistributedHashTable$DownloadListener <init>
INFO: download-req 734RO6HILBSFN7TZMLELFXELO3NKEQPG 2013-03-15T09:23:30Z
Mar 15, 2013 9:28:22 AM net.blogracy.controller.DistributedHashTable$DownloadListener onMessage
INFO: download-ans 734RO6HILBSFN7TZMLELFXELO3NKEQPG 2013-03-15T09:23:30Z 2013-03-15T09:28:22Z 4198  292000 3521
Mar 15, 2013 9:29:57 AM net.blogracy.controller.DistributedHashTable$LookupListener <init>
INFO: lookup-req ZFV32TGQMAYUCBI6TNT6NDNVK3OCV3E4
Mar 15, 2013 9:29:58 AM net.blogracy.controller.DistributedHashTable$LookupListener onMessage
INFO: lookup-ans ZFV32TGQMAYUCBI6TNT6NDNVK3OCV3E4 2013-03-15T09:25:19Z 320
Mar 15, 2013 9:29:58 AM net.blogracy.controller.DistributedHashTable$DownloadListener <init>
INFO: download-req ZFV32TGQMAYUCBI6TNT6NDNVK3OCV3E4 2013-03-15T09:25:19Z
Mar 15, 2013 9:30:02 AM net.blogracy.controller.DistributedHashTable$DownloadListener onMessage
INFO: download-ans ZFV32TGQMAYUCBI6TNT6NDNVK3OCV3E4 2013-03-15T09:25:19Z 2013-03-15T09:30:02Z 4649  283000 3521
Mar 15, 2013 9:31:37 AM net.blogracy.controller.DistributedHashTable$LookupListener <init>
INFO: lookup-req O2LNUOSQV6AMEJPEGJG7OVPK2XZQV3ZE
Mar 15, 2013 9:31:38 AM net.blogracy.controller.DistributedHashTable$LookupListener onMessage
INFO: lookup-ans O2LNUOSQV6AMEJPEGJG7OVPK2XZQV3ZE 2013-03-15T09:29:31Z 333
Mar 15, 2013 9:31:38 AM net.blogracy.controller.DistributedHashTable$DownloadListener <init>
INFO: download-req O2LNUOSQV6AMEJPEGJG7OVPK2XZQV3ZE 2013-03-15T09:29:31Z
Mar 15, 2013 9:31:38 AM net.blogracy.controller.DistributedHashTable$LookupListener onMessage
INFO: lookup-ans O2LNUOSQV6AMEJPEGJG7OVPK2XZQV3ZE 2013-03-15T09:24:31Z 445
Mar 15, 2013 9:31:42 AM net.blogracy.controller.DistributedHashTable$DownloadListener onMessage
INFO: download-ans O2LNUOSQV6AMEJPEGJG7OVPK2XZQV3ZE 2013-03-15T09:29:31Z 2013-03-15T09:31:42Z 4250  131000 3791
Mar 15, 2013 9:33:17 AM net.blogracy.controller.DistributedHashTable$LookupListener <init>
INFO: lookup-req 734RO6HILBSFN7TZMLELFXELO3NKEQPG
Mar 15, 2013 9:33:18 AM net.blogracy.controller.DistributedHashTable$LookupListener onMessage
INFO: lookup-ans 734RO6HILBSFN7TZMLELFXELO3NKEQPG 2013-03-15T09:28:31Z 391
Mar 15, 2013 9:33:18 AM net.blogracy.controller.DistributedHashTable$DownloadListener <init>
INFO: download-req 734RO6HILBSFN7TZMLELFXELO3NKEQPG 2013-03-15T09:28:31Z
Mar 15, 2013 9:33:22 AM net.blogracy.controller.DistributedHashTable$DownloadListener onMessage
INFO: download-ans 734RO6HILBSFN7TZMLELFXELO3NKEQPG 2013-03-15T09:28:31Z 2013-03-15T09:33:22Z 4181  291000 3791
Mar 15, 2013 9:34:57 AM net.blogracy.controller.DistributedHashTable$LookupListener <init>
INFO: lookup-req ZFV32TGQMAYUCBI6TNT6NDNVK3OCV3E4
Mar 15, 2013 9:34:58 AM net.blogracy.controller.DistributedHashTable$LookupListener onMessage
INFO: lookup-ans ZFV32TGQMAYUCBI6TNT6NDNVK3OCV3E4 2013-03-15T09:30:20Z 329
Mar 15, 2013 9:34:58 AM net.blogracy.controller.DistributedHashTable$DownloadListener <init>
INFO: download-req ZFV32TGQMAYUCBI6TNT6NDNVK3OCV3E4 2013-03-15T09:30:20Z
Mar 15, 2013 9:35:03 AM net.blogracy.controller.DistributedHashTable$DownloadListener onMessage
INFO: download-ans ZFV32TGQMAYUCBI6TNT6NDNVK3OCV3E4 2013-03-15T09:30:20Z 2013-03-15T09:35:03Z 4819  283000 3791
Mar 15, 2013 9:36:37 AM net.blogracy.controller.DistributedHashTable$LookupListener <init>
INFO: lookup-req O2LNUOSQV6AMEJPEGJG7OVPK2XZQV3ZE
Mar 15, 2013 9:36:38 AM net.blogracy.controller.DistributedHashTable$LookupListener onMessage
INFO: lookup-ans O2LNUOSQV6AMEJPEGJG7OVPK2XZQV3ZE 2013-03-15T09:34:31Z 449
Mar 15, 2013 9:36:38 AM net.blogracy.controller.DistributedHashTable$DownloadListener <init>
INFO: download-req O2LNUOSQV6AMEJPEGJG7OVPK2XZQV3ZE 2013-03-15T09:34:31Z
Mar 15, 2013 9:36:44 AM net.blogracy.controller.DistributedHashTable$DownloadListener onMessage
INFO: download-ans O2LNUOSQV6AMEJPEGJG7OVPK2XZQV3ZE 2013-03-15T09:34:31Z 2013-03-15T09:36:44Z 5729  133000 4061
Mar 15, 2013 9:38:18 AM net.blogracy.controller.DistributedHashTable$LookupListener <init>
INFO: lookup-req 734RO6HILBSFN7TZMLELFXELO3NKEQPG
Mar 15, 2013 9:38:18 AM net.blogracy.controller.DistributedHashTable$LookupListener onMessage
INFO: lookup-ans 734RO6HILBSFN7TZMLELFXELO3NKEQPG 2013-03-15T09:33:31Z 396
Mar 15, 2013 9:38:18 AM net.blogracy.controller.DistributedHashTable$DownloadListener <init>
INFO: download-req 734RO6HILBSFN7TZMLELFXELO3NKEQPG 2013-03-15T09:33:31Z
Mar 15, 2013 9:38:22 AM net.blogracy.controller.DistributedHashTable$DownloadListener onMessage
INFO: download-ans 734RO6HILBSFN7TZMLELFXELO3NKEQPG 2013-03-15T09:33:31Z 2013-03-15T09:38:22Z 4100  291000 4061
Mar 15, 2013 9:39:58 AM net.blogracy.controller.DistributedHashTable$LookupListener <init>
INFO: lookup-req ZFV32TGQMAYUCBI6TNT6NDNVK3OCV3E4
Mar 15, 2013 9:39:58 AM net.blogracy.controller.DistributedHashTable$LookupListener onMessage
INFO: lookup-ans ZFV32TGQMAYUCBI6TNT6NDNVK3OCV3E4 2013-03-15T09:35:20Z 367
Mar 15, 2013 9:39:58 AM net.blogracy.controller.DistributedHashTable$DownloadListener <init>
INFO: download-req ZFV32TGQMAYUCBI6TNT6NDNVK3OCV3E4 2013-03-15T09:35:20Z
Mar 15, 2013 9:40:02 AM net.blogracy.controller.DistributedHashTable$DownloadListener onMessage
INFO: download-ans ZFV32TGQMAYUCBI6TNT6NDNVK3OCV3E4 2013-03-15T09:35:20Z 2013-03-15T09:40:02Z 3901  282000 4061
Mar 15, 2013 9:41:38 AM net.blogracy.controller.DistributedHashTable$LookupListener <init>
INFO: lookup-req O2LNUOSQV6AMEJPEGJG7OVPK2XZQV3ZE
Mar 15, 2013 9:41:38 AM net.blogracy.controller.DistributedHashTable$LookupListener onMessage
INFO: lookup-ans O2LNUOSQV6AMEJPEGJG7OVPK2XZQV3ZE 2013-03-15T09:39:31Z 282
Mar 15, 2013 9:41:38 AM net.blogracy.controller.DistributedHashTable$DownloadListener <init>
INFO: download-req O2LNUOSQV6AMEJPEGJG7OVPK2XZQV3ZE 2013-03-15T09:39:31Z
Mar 15, 2013 9:41:42 AM net.blogracy.controller.DistributedHashTable$DownloadListener onMessage
INFO: download-ans O2LNUOSQV6AMEJPEGJG7OVPK2XZQV3ZE 2013-03-15T09:39:31Z 2013-03-15T09:41:42Z 4540  131000 4331
Mar 15, 2013 9:43:18 AM net.blogracy.controller.DistributedHashTable$LookupListener <init>
INFO: lookup-req 734RO6HILBSFN7TZMLELFXELO3NKEQPG
Mar 15, 2013 9:43:18 AM net.blogracy.controller.DistributedHashTable$LookupListener onMessage
INFO: lookup-ans 734RO6HILBSFN7TZMLELFXELO3NKEQPG 2013-03-15T09:38:32Z 363
Mar 15, 2013 9:43:18 AM net.blogracy.controller.DistributedHashTable$DownloadListener <init>
INFO: download-req 734RO6HILBSFN7TZMLELFXELO3NKEQPG 2013-03-15T09:38:32Z
Mar 15, 2013 9:43:21 AM net.blogracy.controller.DistributedHashTable$DownloadListener onMessage
INFO: download-ans 734RO6HILBSFN7TZMLELFXELO3NKEQPG 2013-03-15T09:38:32Z 2013-03-15T09:43:21Z 2984  289000 4331
Mar 15, 2013 9:44:58 AM net.blogracy.controller.DistributedHashTable$LookupListener <init>
INFO: lookup-req ZFV32TGQMAYUCBI6TNT6NDNVK3OCV3E4
Mar 15, 2013 9:44:58 AM net.blogracy.controller.DistributedHashTable$LookupListener onMessage
INFO: lookup-ans ZFV32TGQMAYUCBI6TNT6NDNVK3OCV3E4 2013-03-15T09:40:20Z 292
Mar 15, 2013 9:44:58 AM net.blogracy.controller.DistributedHashTable$DownloadListener <init>
INFO: download-req ZFV32TGQMAYUCBI6TNT6NDNVK3OCV3E4 2013-03-15T09:40:20Z
Mar 15, 2013 9:45:02 AM net.blogracy.controller.DistributedHashTable$DownloadListener onMessage
INFO: download-ans ZFV32TGQMAYUCBI6TNT6NDNVK3OCV3E4 2013-03-15T09:40:20Z 2013-03-15T09:45:02Z 3628  282000 4331
Mar 15, 2013 9:46:38 AM net.blogracy.controller.DistributedHashTable$LookupListener <init>
INFO: lookup-req O2LNUOSQV6AMEJPEGJG7OVPK2XZQV3ZE
Mar 15, 2013 9:46:38 AM net.blogracy.controller.DistributedHashTable$LookupListener onMessage
INFO: lookup-ans O2LNUOSQV6AMEJPEGJG7OVPK2XZQV3ZE 2013-03-15T09:44:31Z 221
Mar 15, 2013 9:46:38 AM net.blogracy.controller.DistributedHashTable$DownloadListener <init>
INFO: download-req O2LNUOSQV6AMEJPEGJG7OVPK2XZQV3ZE 2013-03-15T09:44:31Z
Mar 15, 2013 9:46:43 AM net.blogracy.controller.DistributedHashTable$DownloadListener onMessage
INFO: download-ans O2LNUOSQV6AMEJPEGJG7OVPK2XZQV3ZE 2013-03-15T09:44:31Z 2013-03-15T09:46:43Z 4705  132000 4601
Mar 15, 2013 9:48:18 AM net.blogracy.controller.DistributedHashTable$LookupListener <init>
INFO: lookup-req 734RO6HILBSFN7TZMLELFXELO3NKEQPG
Mar 15, 2013 9:48:18 AM net.blogracy.controller.DistributedHashTable$LookupListener onMessage
INFO: lookup-ans 734RO6HILBSFN7TZMLELFXELO3NKEQPG 2013-03-15T09:43:33Z 276
Mar 15, 2013 9:48:18 AM net.blogracy.controller.DistributedHashTable$DownloadListener <init>
INFO: download-req 734RO6HILBSFN7TZMLELFXELO3NKEQPG 2013-03-15T09:43:33Z
Mar 15, 2013 9:48:21 AM net.blogracy.controller.DistributedHashTable$DownloadListener onMessage
INFO: download-ans 734RO6HILBSFN7TZMLELFXELO3NKEQPG 2013-03-15T09:43:33Z 2013-03-15T09:48:21Z 3159  288000 4601
Mar 15, 2013 9:49:58 AM net.blogracy.controller.DistributedHashTable$LookupListener <init>
INFO: lookup-req ZFV32TGQMAYUCBI6TNT6NDNVK3OCV3E4
Mar 15, 2013 9:49:58 AM net.blogracy.controller.DistributedHashTable$LookupListener onMessage
INFO: lookup-ans ZFV32TGQMAYUCBI6TNT6NDNVK3OCV3E4 2013-03-15T09:45:20Z 314
Mar 15, 2013 9:49:58 AM net.blogracy.controller.DistributedHashTable$DownloadListener <init>
INFO: download-req ZFV32TGQMAYUCBI6TNT6NDNVK3OCV3E4 2013-03-15T09:45:20Z
Mar 15, 2013 9:50:02 AM net.blogracy.controller.DistributedHashTable$DownloadListener onMessage
INFO: download-ans ZFV32TGQMAYUCBI6TNT6NDNVK3OCV3E4 2013-03-15T09:45:20Z 2013-03-15T09:50:02Z 3745  282000 4601
Mar 15, 2013 9:51:38 AM net.blogracy.controller.DistributedHashTable$LookupListener <init>
INFO: lookup-req O2LNUOSQV6AMEJPEGJG7OVPK2XZQV3ZE
Mar 15, 2013 9:51:38 AM net.blogracy.controller.DistributedHashTable$LookupListener onMessage
INFO: lookup-ans O2LNUOSQV6AMEJPEGJG7OVPK2XZQV3ZE 2013-03-15T09:49:32Z 351
Mar 15, 2013 9:51:38 AM net.blogracy.controller.DistributedHashTable$DownloadListener <init>
INFO: download-req O2LNUOSQV6AMEJPEGJG7OVPK2XZQV3ZE 2013-03-15T09:49:32Z
Mar 15, 2013 9:51:57 AM net.blogracy.controller.DistributedHashTable$DownloadListener onMessage
INFO: download-ans O2LNUOSQV6AMEJPEGJG7OVPK2XZQV3ZE 2013-03-15T09:49:32Z 2013-03-15T09:51:57Z 18390  145000 4871
Mar 15, 2013 9:53:18 AM net.blogracy.controller.DistributedHashTable$LookupListener <init>
INFO: lookup-req 734RO6HILBSFN7TZMLELFXELO3NKEQPG
Mar 15, 2013 9:53:18 AM net.blogracy.controller.DistributedHashTable$LookupListener onMessage
INFO: lookup-ans 734RO6HILBSFN7TZMLELFXELO3NKEQPG 2013-03-15T09:48:33Z 349
Mar 15, 2013 9:53:18 AM net.blogracy.controller.DistributedHashTable$DownloadListener <init>
INFO: download-req 734RO6HILBSFN7TZMLELFXELO3NKEQPG 2013-03-15T09:48:33Z
Mar 15, 2013 9:53:23 AM net.blogracy.controller.DistributedHashTable$DownloadListener onMessage
INFO: download-ans 734RO6HILBSFN7TZMLELFXELO3NKEQPG 2013-03-15T09:48:33Z 2013-03-15T09:53:23Z 5044  290000 4871
Mar 15, 2013 9:54:58 AM net.blogracy.controller.DistributedHashTable$LookupListener <init>
INFO: lookup-req ZFV32TGQMAYUCBI6TNT6NDNVK3OCV3E4
Mar 15, 2013 9:54:58 AM net.blogracy.controller.DistributedHashTable$LookupListener onMessage
INFO: lookup-ans ZFV32TGQMAYUCBI6TNT6NDNVK3OCV3E4 2013-03-15T09:50:20Z 302
Mar 15, 2013 9:54:58 AM net.blogracy.controller.DistributedHashTable$DownloadListener <init>
INFO: download-req ZFV32TGQMAYUCBI6TNT6NDNVK3OCV3E4 2013-03-15T09:50:20Z
Mar 15, 2013 9:55:02 AM net.blogracy.controller.DistributedHashTable$DownloadListener onMessage
INFO: download-ans ZFV32TGQMAYUCBI6TNT6NDNVK3OCV3E4 2013-03-15T09:50:20Z 2013-03-15T09:55:02Z 4036  282000 4871
Mar 15, 2013 9:56:38 AM net.blogracy.controller.DistributedHashTable$LookupListener <init>
INFO: lookup-req O2LNUOSQV6AMEJPEGJG7OVPK2XZQV3ZE
Mar 15, 2013 9:56:38 AM net.blogracy.controller.DistributedHashTable$LookupListener onMessage
INFO: lookup-ans O2LNUOSQV6AMEJPEGJG7OVPK2XZQV3ZE 2013-03-15T09:54:32Z 274
Mar 15, 2013 9:56:38 AM net.blogracy.controller.DistributedHashTable$DownloadListener <init>
INFO: download-req O2LNUOSQV6AMEJPEGJG7OVPK2XZQV3ZE 2013-03-15T09:54:32Z
Mar 15, 2013 9:56:42 AM net.blogracy.controller.DistributedHashTable$DownloadListener onMessage
INFO: download-ans O2LNUOSQV6AMEJPEGJG7OVPK2XZQV3ZE 2013-03-15T09:54:32Z 2013-03-15T09:56:42Z 3656  130000 5141
Mar 15, 2013 9:58:18 AM net.blogracy.controller.DistributedHashTable$LookupListener <init>
INFO: lookup-req 734RO6HILBSFN7TZMLELFXELO3NKEQPG
Mar 15, 2013 9:58:18 AM net.blogracy.controller.DistributedHashTable$LookupListener onMessage
INFO: lookup-ans 734RO6HILBSFN7TZMLELFXELO3NKEQPG 2013-03-15T09:53:34Z 279
Mar 15, 2013 9:58:18 AM net.blogracy.controller.DistributedHashTable$DownloadListener <init>
INFO: download-req 734RO6HILBSFN7TZMLELFXELO3NKEQPG 2013-03-15T09:53:34Z
Mar 15, 2013 9:58:23 AM net.blogracy.controller.DistributedHashTable$DownloadListener onMessage
INFO: download-ans 734RO6HILBSFN7TZMLELFXELO3NKEQPG 2013-03-15T09:53:34Z 2013-03-15T09:58:23Z 4610  289000 5141
Mar 15, 2013 9:59:58 AM net.blogracy.controller.DistributedHashTable$LookupListener <init>
INFO: lookup-req ZFV32TGQMAYUCBI6TNT6NDNVK3OCV3E4
Mar 15, 2013 9:59:58 AM net.blogracy.controller.DistributedHashTable$LookupListener onMessage
INFO: lookup-ans ZFV32TGQMAYUCBI6TNT6NDNVK3OCV3E4 2013-03-15T09:55:20Z 380
Mar 15, 2013 9:59:58 AM net.blogracy.controller.DistributedHashTable$DownloadListener <init>
INFO: download-req ZFV32TGQMAYUCBI6TNT6NDNVK3OCV3E4 2013-03-15T09:55:20Z
Mar 15, 2013 10:00:02 AM net.blogracy.controller.DistributedHashTable$DownloadListener onMessage
INFO: download-ans ZFV32TGQMAYUCBI6TNT6NDNVK3OCV3E4 2013-03-15T09:55:20Z 2013-03-15T10:00:02Z 3085  282000 5141
Mar 15, 2013 10:01:38 AM net.blogracy.controller.DistributedHashTable$LookupListener <init>
INFO: lookup-req O2LNUOSQV6AMEJPEGJG7OVPK2XZQV3ZE
Mar 15, 2013 10:01:38 AM net.blogracy.controller.DistributedHashTable$LookupListener onMessage
INFO: lookup-ans O2LNUOSQV6AMEJPEGJG7OVPK2XZQV3ZE 2013-03-15T09:59:32Z 115
Mar 15, 2013 10:01:38 AM net.blogracy.controller.DistributedHashTable$DownloadListener <init>
INFO: download-req O2LNUOSQV6AMEJPEGJG7OVPK2XZQV3ZE 2013-03-15T09:59:32Z
Mar 15, 2013 10:01:41 AM net.blogracy.controller.DistributedHashTable$DownloadListener onMessage
INFO: download-ans O2LNUOSQV6AMEJPEGJG7OVPK2XZQV3ZE 2013-03-15T09:59:32Z 2013-03-15T10:01:41Z 2894  129000 5411
Mar 15, 2013 10:03:18 AM net.blogracy.controller.DistributedHashTable$LookupListener <init>
INFO: lookup-req 734RO6HILBSFN7TZMLELFXELO3NKEQPG
Mar 15, 2013 10:03:18 AM net.blogracy.controller.DistributedHashTable$LookupListener onMessage
INFO: lookup-ans 734RO6HILBSFN7TZMLELFXELO3NKEQPG 2013-03-15T09:58:34Z 275
Mar 15, 2013 10:03:18 AM net.blogracy.controller.DistributedHashTable$DownloadListener <init>
INFO: download-req 734RO6HILBSFN7TZMLELFXELO3NKEQPG 2013-03-15T09:58:34Z
Mar 15, 2013 10:03:19 AM net.blogracy.controller.DistributedHashTable$LookupListener onMessage
INFO: lookup-ans 734RO6HILBSFN7TZMLELFXELO3NKEQPG 2013-03-15T09:53:34Z 563
Mar 15, 2013 10:03:23 AM net.blogracy.controller.DistributedHashTable$DownloadListener onMessage
INFO: download-ans 734RO6HILBSFN7TZMLELFXELO3NKEQPG 2013-03-15T09:58:34Z 2013-03-15T10:03:23Z 4934  289000 5411
Mar 15, 2013 10:04:58 AM net.blogracy.controller.DistributedHashTable$LookupListener <init>
INFO: lookup-req ZFV32TGQMAYUCBI6TNT6NDNVK3OCV3E4
Mar 15, 2013 10:04:58 AM net.blogracy.controller.DistributedHashTable$LookupListener onMessage
INFO: lookup-ans ZFV32TGQMAYUCBI6TNT6NDNVK3OCV3E4 2013-03-15T10:00:20Z 333
Mar 15, 2013 10:04:58 AM net.blogracy.controller.DistributedHashTable$DownloadListener <init>
INFO: download-req ZFV32TGQMAYUCBI6TNT6NDNVK3OCV3E4 2013-03-15T10:00:20Z
Mar 15, 2013 10:05:02 AM net.blogracy.controller.DistributedHashTable$DownloadListener onMessage
INFO: download-ans ZFV32TGQMAYUCBI6TNT6NDNVK3OCV3E4 2013-03-15T10:00:20Z 2013-03-15T10:05:02Z 3322  282000 5411
Mar 15, 2013 10:06:38 AM net.blogracy.controller.DistributedHashTable$LookupListener <init>
INFO: lookup-req O2LNUOSQV6AMEJPEGJG7OVPK2XZQV3ZE
Mar 15, 2013 10:06:38 AM net.blogracy.controller.DistributedHashTable$LookupListener onMessage
INFO: lookup-ans O2LNUOSQV6AMEJPEGJG7OVPK2XZQV3ZE 2013-03-15T10:04:32Z 138
Mar 15, 2013 10:06:38 AM net.blogracy.controller.DistributedHashTable$DownloadListener <init>
INFO: download-req O2LNUOSQV6AMEJPEGJG7OVPK2XZQV3ZE 2013-03-15T10:04:32Z
Mar 15, 2013 10:06:41 AM net.blogracy.controller.DistributedHashTable$DownloadListener onMessage
INFO: download-ans O2LNUOSQV6AMEJPEGJG7OVPK2XZQV3ZE 2013-03-15T10:04:32Z 2013-03-15T10:06:41Z 3152  129000 5681
Mar 15, 2013 10:08:18 AM net.blogracy.controller.DistributedHashTable$LookupListener <init>
INFO: lookup-req 734RO6HILBSFN7TZMLELFXELO3NKEQPG
Mar 15, 2013 10:08:19 AM net.blogracy.controller.DistributedHashTable$LookupListener onMessage
INFO: lookup-ans 734RO6HILBSFN7TZMLELFXELO3NKEQPG 2013-03-15T10:03:35Z 299
Mar 15, 2013 10:08:19 AM net.blogracy.controller.DistributedHashTable$DownloadListener <init>
INFO: download-req 734RO6HILBSFN7TZMLELFXELO3NKEQPG 2013-03-15T10:03:35Z
Mar 15, 2013 10:08:19 AM net.blogracy.controller.DistributedHashTable$LookupListener onMessage
INFO: lookup-ans 734RO6HILBSFN7TZMLELFXELO3NKEQPG 2013-03-15T09:53:34Z 399
Mar 15, 2013 10:08:23 AM net.blogracy.controller.DistributedHashTable$DownloadListener onMessage
INFO: download-ans 734RO6HILBSFN7TZMLELFXELO3NKEQPG 2013-03-15T10:03:35Z 2013-03-15T10:08:23Z 4025  288000 5681
Mar 15, 2013 10:09:58 AM net.blogracy.controller.DistributedHashTable$LookupListener <init>
INFO: lookup-req ZFV32TGQMAYUCBI6TNT6NDNVK3OCV3E4
Mar 15, 2013 10:09:59 AM net.blogracy.controller.DistributedHashTable$LookupListener onMessage
INFO: lookup-ans ZFV32TGQMAYUCBI6TNT6NDNVK3OCV3E4 2013-03-15T10:05:21Z 872
Mar 15, 2013 10:09:59 AM net.blogracy.controller.DistributedHashTable$DownloadListener <init>
INFO: download-req ZFV32TGQMAYUCBI6TNT6NDNVK3OCV3E4 2013-03-15T10:05:21Z
Mar 15, 2013 10:10:03 AM net.blogracy.controller.DistributedHashTable$DownloadListener onMessage
INFO: download-ans ZFV32TGQMAYUCBI6TNT6NDNVK3OCV3E4 2013-03-15T10:05:21Z 2013-03-15T10:10:03Z 3988  282000 5681
Mar 15, 2013 10:11:38 AM net.blogracy.controller.DistributedHashTable$LookupListener <init>
INFO: lookup-req O2LNUOSQV6AMEJPEGJG7OVPK2XZQV3ZE
Mar 15, 2013 10:11:39 AM net.blogracy.controller.DistributedHashTable$LookupListener onMessage
INFO: lookup-ans O2LNUOSQV6AMEJPEGJG7OVPK2XZQV3ZE 2013-03-15T10:09:32Z 278
Mar 15, 2013 10:11:39 AM net.blogracy.controller.DistributedHashTable$DownloadListener <init>
INFO: download-req O2LNUOSQV6AMEJPEGJG7OVPK2XZQV3ZE 2013-03-15T10:09:32Z
Mar 15, 2013 10:11:43 AM net.blogracy.controller.DistributedHashTable$DownloadListener onMessage
INFO: download-ans O2LNUOSQV6AMEJPEGJG7OVPK2XZQV3ZE 2013-03-15T10:09:32Z 2013-03-15T10:11:43Z 4136  131000 5951
Mar 15, 2013 10:13:18 AM net.blogracy.controller.DistributedHashTable$LookupListener <init>
INFO: lookup-req 734RO6HILBSFN7TZMLELFXELO3NKEQPG
Mar 15, 2013 10:13:19 AM net.blogracy.controller.DistributedHashTable$LookupListener onMessage
INFO: lookup-ans 734RO6HILBSFN7TZMLELFXELO3NKEQPG 2013-03-15T10:08:36Z 339
Mar 15, 2013 10:13:19 AM net.blogracy.controller.DistributedHashTable$DownloadListener <init>
INFO: download-req 734RO6HILBSFN7TZMLELFXELO3NKEQPG 2013-03-15T10:08:36Z
Mar 15, 2013 10:13:23 AM net.blogracy.controller.DistributedHashTable$DownloadListener onMessage
INFO: download-ans 734RO6HILBSFN7TZMLELFXELO3NKEQPG 2013-03-15T10:08:36Z 2013-03-15T10:13:23Z 4161  287000 5951
Mar 15, 2013 10:14:58 AM net.blogracy.controller.DistributedHashTable$LookupListener <init>
INFO: lookup-req ZFV32TGQMAYUCBI6TNT6NDNVK3OCV3E4
Mar 15, 2013 10:14:59 AM net.blogracy.controller.DistributedHashTable$LookupListener onMessage
INFO: lookup-ans ZFV32TGQMAYUCBI6TNT6NDNVK3OCV3E4 2013-03-15T10:10:21Z 400
Mar 15, 2013 10:14:59 AM net.blogracy.controller.DistributedHashTable$DownloadListener <init>
INFO: download-req ZFV32TGQMAYUCBI6TNT6NDNVK3OCV3E4 2013-03-15T10:10:21Z
Mar 15, 2013 10:15:04 AM net.blogracy.controller.DistributedHashTable$DownloadListener onMessage
INFO: download-ans ZFV32TGQMAYUCBI6TNT6NDNVK3OCV3E4 2013-03-15T10:10:21Z 2013-03-15T10:15:04Z 4733  283000 5951
Mar 15, 2013 10:16:38 AM net.blogracy.controller.DistributedHashTable$LookupListener <init>
INFO: lookup-req O2LNUOSQV6AMEJPEGJG7OVPK2XZQV3ZE
Mar 15, 2013 10:16:38 AM net.blogracy.controller.DistributedHashTable$LookupListener onMessage
INFO: lookup-ans O2LNUOSQV6AMEJPEGJG7OVPK2XZQV3ZE 2013-03-15T10:14:32Z 101
Mar 15, 2013 10:16:38 AM net.blogracy.controller.DistributedHashTable$DownloadListener <init>
INFO: download-req O2LNUOSQV6AMEJPEGJG7OVPK2XZQV3ZE 2013-03-15T10:14:32Z
Mar 15, 2013 10:16:42 AM net.blogracy.controller.DistributedHashTable$DownloadListener onMessage
INFO: download-ans O2LNUOSQV6AMEJPEGJG7OVPK2XZQV3ZE 2013-03-15T10:14:32Z 2013-03-15T10:16:42Z 3629  130000 6221
Mar 15, 2013 10:18:18 AM net.blogracy.controller.DistributedHashTable$LookupListener <init>
INFO: lookup-req 734RO6HILBSFN7TZMLELFXELO3NKEQPG
Mar 15, 2013 10:18:19 AM net.blogracy.controller.DistributedHashTable$LookupListener onMessage
INFO: lookup-ans 734RO6HILBSFN7TZMLELFXELO3NKEQPG 2013-03-15T10:13:37Z 339
Mar 15, 2013 10:18:19 AM net.blogracy.controller.DistributedHashTable$DownloadListener <init>
INFO: download-req 734RO6HILBSFN7TZMLELFXELO3NKEQPG 2013-03-15T10:13:37Z
Mar 15, 2013 10:18:23 AM net.blogracy.controller.DistributedHashTable$DownloadListener onMessage
INFO: download-ans 734RO6HILBSFN7TZMLELFXELO3NKEQPG 2013-03-15T10:13:37Z 2013-03-15T10:18:23Z 4119  286000 6221
Mar 15, 2013 10:19:59 AM net.blogracy.controller.DistributedHashTable$LookupListener <init>
INFO: lookup-req ZFV32TGQMAYUCBI6TNT6NDNVK3OCV3E4
Mar 15, 2013 10:19:59 AM net.blogracy.controller.DistributedHashTable$LookupListener onMessage
INFO: lookup-ans ZFV32TGQMAYUCBI6TNT6NDNVK3OCV3E4 2013-03-15T10:15:21Z 410
Mar 15, 2013 10:19:59 AM net.blogracy.controller.DistributedHashTable$DownloadListener <init>
INFO: download-req ZFV32TGQMAYUCBI6TNT6NDNVK3OCV3E4 2013-03-15T10:15:21Z
Mar 15, 2013 10:20:15 AM net.blogracy.controller.DistributedHashTable$DownloadListener onMessage
INFO: download-ans ZFV32TGQMAYUCBI6TNT6NDNVK3OCV3E4 2013-03-15T10:15:21Z 2013-03-15T10:20:15Z 15907  294000 6221
Mar 15, 2013 10:21:39 AM net.blogracy.controller.DistributedHashTable$LookupListener <init>
INFO: lookup-req O2LNUOSQV6AMEJPEGJG7OVPK2XZQV3ZE
Mar 15, 2013 10:21:39 AM net.blogracy.controller.DistributedHashTable$LookupListener onMessage
INFO: lookup-ans O2LNUOSQV6AMEJPEGJG7OVPK2XZQV3ZE 2013-03-15T10:19:32Z 108
Mar 15, 2013 10:21:39 AM net.blogracy.controller.DistributedHashTable$DownloadListener <init>
INFO: download-req O2LNUOSQV6AMEJPEGJG7OVPK2XZQV3ZE 2013-03-15T10:19:32Z
Mar 15, 2013 10:21:43 AM net.blogracy.controller.DistributedHashTable$DownloadListener onMessage
INFO: download-ans O2LNUOSQV6AMEJPEGJG7OVPK2XZQV3ZE 2013-03-15T10:19:32Z 2013-03-15T10:21:43Z 4672  131000 6491
Mar 15, 2013 10:23:19 AM net.blogracy.controller.DistributedHashTable$LookupListener <init>
INFO: lookup-req 734RO6HILBSFN7TZMLELFXELO3NKEQPG
Mar 15, 2013 10:23:19 AM net.blogracy.controller.DistributedHashTable$LookupListener onMessage
INFO: lookup-ans 734RO6HILBSFN7TZMLELFXELO3NKEQPG 2013-03-15T10:18:38Z 431
Mar 15, 2013 10:23:19 AM net.blogracy.controller.DistributedHashTable$DownloadListener <init>
INFO: download-req 734RO6HILBSFN7TZMLELFXELO3NKEQPG 2013-03-15T10:18:38Z
Mar 15, 2013 10:23:22 AM net.blogracy.controller.DistributedHashTable$DownloadListener onMessage
INFO: download-ans 734RO6HILBSFN7TZMLELFXELO3NKEQPG 2013-03-15T10:18:38Z 2013-03-15T10:23:22Z 2832  284000 6491
Mar 15, 2013 10:24:59 AM net.blogracy.controller.DistributedHashTable$LookupListener <init>
INFO: lookup-req ZFV32TGQMAYUCBI6TNT6NDNVK3OCV3E4
Mar 15, 2013 10:24:59 AM net.blogracy.controller.DistributedHashTable$LookupListener onMessage
INFO: lookup-ans ZFV32TGQMAYUCBI6TNT6NDNVK3OCV3E4 2013-03-15T10:20:21Z 409
Mar 15, 2013 10:24:59 AM net.blogracy.controller.DistributedHashTable$DownloadListener <init>
INFO: download-req ZFV32TGQMAYUCBI6TNT6NDNVK3OCV3E4 2013-03-15T10:20:21Z
Mar 15, 2013 10:25:04 AM net.blogracy.controller.DistributedHashTable$DownloadListener onMessage
INFO: download-ans ZFV32TGQMAYUCBI6TNT6NDNVK3OCV3E4 2013-03-15T10:20:21Z 2013-03-15T10:25:04Z 4870  283000 6491
Mar 15, 2013 10:26:39 AM net.blogracy.controller.DistributedHashTable$LookupListener <init>
INFO: lookup-req O2LNUOSQV6AMEJPEGJG7OVPK2XZQV3ZE
Mar 15, 2013 10:26:39 AM net.blogracy.controller.DistributedHashTable$LookupListener onMessage
INFO: lookup-ans O2LNUOSQV6AMEJPEGJG7OVPK2XZQV3ZE 2013-03-15T10:24:32Z 141
Mar 15, 2013 10:26:39 AM net.blogracy.controller.DistributedHashTable$DownloadListener <init>
INFO: download-req O2LNUOSQV6AMEJPEGJG7OVPK2XZQV3ZE 2013-03-15T10:24:32Z
Mar 15, 2013 10:26:42 AM net.blogracy.controller.DistributedHashTable$DownloadListener onMessage
INFO: download-ans O2LNUOSQV6AMEJPEGJG7OVPK2XZQV3ZE 2013-03-15T10:24:32Z 2013-03-15T10:26:42Z 3706  130000 6761
Mar 15, 2013 10:28:19 AM net.blogracy.controller.DistributedHashTable$LookupListener <init>
INFO: lookup-req 734RO6HILBSFN7TZMLELFXELO3NKEQPG
Mar 15, 2013 10:28:19 AM net.blogracy.controller.DistributedHashTable$LookupListener onMessage
INFO: lookup-ans 734RO6HILBSFN7TZMLELFXELO3NKEQPG 2013-03-15T10:23:38Z 285
Mar 15, 2013 10:28:19 AM net.blogracy.controller.DistributedHashTable$DownloadListener <init>
INFO: download-req 734RO6HILBSFN7TZMLELFXELO3NKEQPG 2013-03-15T10:23:38Z
Mar 15, 2013 10:28:23 AM net.blogracy.controller.DistributedHashTable$DownloadListener onMessage
INFO: download-ans 734RO6HILBSFN7TZMLELFXELO3NKEQPG 2013-03-15T10:23:38Z 2013-03-15T10:28:23Z 4116  285000 6761
Mar 15, 2013 10:29:59 AM net.blogracy.controller.DistributedHashTable$LookupListener <init>
INFO: lookup-req ZFV32TGQMAYUCBI6TNT6NDNVK3OCV3E4
Mar 15, 2013 10:29:59 AM net.blogracy.controller.DistributedHashTable$LookupListener onMessage
INFO: lookup-ans ZFV32TGQMAYUCBI6TNT6NDNVK3OCV3E4 2013-03-15T10:25:21Z 606
Mar 15, 2013 10:29:59 AM net.blogracy.controller.DistributedHashTable$DownloadListener <init>
INFO: download-req ZFV32TGQMAYUCBI6TNT6NDNVK3OCV3E4 2013-03-15T10:25:21Z
Mar 15, 2013 10:29:59 AM net.blogracy.controller.DistributedHashTable$LookupListener onMessage
INFO: lookup-ans ZFV32TGQMAYUCBI6TNT6NDNVK3OCV3E4 2013-03-15T09:50:20Z 700
Mar 15, 2013 10:30:03 AM net.blogracy.controller.DistributedHashTable$DownloadListener onMessage
INFO: download-ans ZFV32TGQMAYUCBI6TNT6NDNVK3OCV3E4 2013-03-15T10:25:21Z 2013-03-15T10:30:03Z 3888  282000 6761
Mar 15, 2013 10:31:39 AM net.blogracy.controller.DistributedHashTable$LookupListener <init>
INFO: lookup-req O2LNUOSQV6AMEJPEGJG7OVPK2XZQV3ZE
Mar 15, 2013 10:31:39 AM net.blogracy.controller.DistributedHashTable$LookupListener onMessage
INFO: lookup-ans O2LNUOSQV6AMEJPEGJG7OVPK2XZQV3ZE 2013-03-15T10:29:32Z 173
Mar 15, 2013 10:31:39 AM net.blogracy.controller.DistributedHashTable$DownloadListener <init>
INFO: download-req O2LNUOSQV6AMEJPEGJG7OVPK2XZQV3ZE 2013-03-15T10:29:32Z
Mar 15, 2013 10:31:43 AM net.blogracy.controller.DistributedHashTable$DownloadListener onMessage
INFO: download-ans O2LNUOSQV6AMEJPEGJG7OVPK2XZQV3ZE 2013-03-15T10:29:32Z 2013-03-15T10:31:43Z 3920  131000 7031
Mar 15, 2013 10:33:19 AM net.blogracy.controller.DistributedHashTable$LookupListener <init>
INFO: lookup-req 734RO6HILBSFN7TZMLELFXELO3NKEQPG
Mar 15, 2013 10:33:19 AM net.blogracy.controller.DistributedHashTable$LookupListener onMessage
INFO: lookup-ans 734RO6HILBSFN7TZMLELFXELO3NKEQPG 2013-03-15T10:28:39Z 271
Mar 15, 2013 10:33:19 AM net.blogracy.controller.DistributedHashTable$DownloadListener <init>
INFO: download-req 734RO6HILBSFN7TZMLELFXELO3NKEQPG 2013-03-15T10:28:39Z
Mar 15, 2013 10:33:20 AM net.blogracy.controller.DistributedHashTable$LookupListener onMessage
INFO: lookup-ans 734RO6HILBSFN7TZMLELFXELO3NKEQPG 2013-03-15T10:23:38Z 953
Mar 15, 2013 10:33:25 AM net.blogracy.controller.DistributedHashTable$DownloadListener onMessage
INFO: download-ans 734RO6HILBSFN7TZMLELFXELO3NKEQPG 2013-03-15T10:28:39Z 2013-03-15T10:33:25Z 5715  286000 7031
Mar 15, 2013 10:34:59 AM net.blogracy.controller.DistributedHashTable$LookupListener <init>
INFO: lookup-req ZFV32TGQMAYUCBI6TNT6NDNVK3OCV3E4
Mar 15, 2013 10:34:59 AM net.blogracy.controller.DistributedHashTable$LookupListener onMessage
INFO: lookup-ans ZFV32TGQMAYUCBI6TNT6NDNVK3OCV3E4 2013-03-15T10:30:21Z 364
Mar 15, 2013 10:34:59 AM net.blogracy.controller.DistributedHashTable$DownloadListener <init>
INFO: download-req ZFV32TGQMAYUCBI6TNT6NDNVK3OCV3E4 2013-03-15T10:30:21Z
Mar 15, 2013 10:35:02 AM net.blogracy.controller.DistributedHashTable$DownloadListener onMessage
INFO: download-ans ZFV32TGQMAYUCBI6TNT6NDNVK3OCV3E4 2013-03-15T10:30:21Z 2013-03-15T10:35:02Z 2933  281000 7031
Mar 15, 2013 10:35:10 AM net.blogracy.controller.DistributedHashTable$LookupListener onMessage
INFO: lookup-ans ZFV32TGQMAYUCBI6TNT6NDNVK3OCV3E4 2013-03-15T10:25:21Z 10666
Mar 15, 2013 10:36:39 AM net.blogracy.controller.DistributedHashTable$LookupListener <init>
INFO: lookup-req O2LNUOSQV6AMEJPEGJG7OVPK2XZQV3ZE
Mar 15, 2013 10:36:39 AM net.blogracy.controller.DistributedHashTable$LookupListener onMessage
INFO: lookup-ans O2LNUOSQV6AMEJPEGJG7OVPK2XZQV3ZE 2013-03-15T10:34:32Z 99
Mar 15, 2013 10:36:39 AM net.blogracy.controller.DistributedHashTable$DownloadListener <init>
INFO: download-req O2LNUOSQV6AMEJPEGJG7OVPK2XZQV3ZE 2013-03-15T10:34:32Z
Mar 15, 2013 10:36:43 AM net.blogracy.controller.DistributedHashTable$DownloadListener onMessage
INFO: download-ans O2LNUOSQV6AMEJPEGJG7OVPK2XZQV3ZE 2013-03-15T10:34:32Z 2013-03-15T10:36:43Z 3762  131000 7301
Mar 15, 2013 10:38:19 AM net.blogracy.controller.DistributedHashTable$LookupListener <init>
INFO: lookup-req 734RO6HILBSFN7TZMLELFXELO3NKEQPG
Mar 15, 2013 10:38:19 AM net.blogracy.controller.DistributedHashTable$LookupListener onMessage
INFO: lookup-ans 734RO6HILBSFN7TZMLELFXELO3NKEQPG 2013-03-15T10:33:40Z 314
Mar 15, 2013 10:38:19 AM net.blogracy.controller.DistributedHashTable$DownloadListener <init>
INFO: download-req 734RO6HILBSFN7TZMLELFXELO3NKEQPG 2013-03-15T10:33:40Z
Mar 15, 2013 10:38:25 AM net.blogracy.controller.DistributedHashTable$DownloadListener onMessage
INFO: download-ans 734RO6HILBSFN7TZMLELFXELO3NKEQPG 2013-03-15T10:33:40Z 2013-03-15T10:38:25Z 6100  285000 7301
Mar 15, 2013 10:39:59 AM net.blogracy.controller.DistributedHashTable$LookupListener <init>
INFO: lookup-req ZFV32TGQMAYUCBI6TNT6NDNVK3OCV3E4
Mar 15, 2013 10:39:59 AM net.blogracy.controller.DistributedHashTable$LookupListener onMessage
INFO: lookup-ans ZFV32TGQMAYUCBI6TNT6NDNVK3OCV3E4 2013-03-15T10:35:21Z 380
Mar 15, 2013 10:39:59 AM net.blogracy.controller.DistributedHashTable$DownloadListener <init>
INFO: download-req ZFV32TGQMAYUCBI6TNT6NDNVK3OCV3E4 2013-03-15T10:35:21Z
Mar 15, 2013 10:40:02 AM net.blogracy.controller.DistributedHashTable$DownloadListener onMessage
INFO: download-ans ZFV32TGQMAYUCBI6TNT6NDNVK3OCV3E4 2013-03-15T10:35:21Z 2013-03-15T10:40:02Z 3061  281000 7301
Mar 15, 2013 10:41:39 AM net.blogracy.controller.DistributedHashTable$LookupListener <init>
INFO: lookup-req O2LNUOSQV6AMEJPEGJG7OVPK2XZQV3ZE
Mar 15, 2013 10:41:39 AM net.blogracy.controller.DistributedHashTable$LookupListener onMessage
INFO: lookup-ans O2LNUOSQV6AMEJPEGJG7OVPK2XZQV3ZE 2013-03-15T10:39:33Z 141
Mar 15, 2013 10:41:39 AM net.blogracy.controller.DistributedHashTable$DownloadListener <init>
INFO: download-req O2LNUOSQV6AMEJPEGJG7OVPK2XZQV3ZE 2013-03-15T10:39:33Z
Mar 15, 2013 10:41:43 AM net.blogracy.controller.DistributedHashTable$DownloadListener onMessage
INFO: download-ans O2LNUOSQV6AMEJPEGJG7OVPK2XZQV3ZE 2013-03-15T10:39:33Z 2013-03-15T10:41:43Z 3820  130000 7571
Mar 15, 2013 10:43:19 AM net.blogracy.controller.DistributedHashTable$LookupListener <init>
INFO: lookup-req 734RO6HILBSFN7TZMLELFXELO3NKEQPG
Mar 15, 2013 10:43:19 AM net.blogracy.controller.DistributedHashTable$LookupListener onMessage
INFO: lookup-ans 734RO6HILBSFN7TZMLELFXELO3NKEQPG 2013-03-15T10:38:40Z 280
Mar 15, 2013 10:43:19 AM net.blogracy.controller.DistributedHashTable$DownloadListener <init>
INFO: download-req 734RO6HILBSFN7TZMLELFXELO3NKEQPG 2013-03-15T10:38:40Z
Mar 15, 2013 10:43:23 AM net.blogracy.controller.DistributedHashTable$DownloadListener onMessage
INFO: download-ans 734RO6HILBSFN7TZMLELFXELO3NKEQPG 2013-03-15T10:38:40Z 2013-03-15T10:43:23Z 3899  283000 7571
Mar 15, 2013 10:44:59 AM net.blogracy.controller.DistributedHashTable$LookupListener <init>
INFO: lookup-req ZFV32TGQMAYUCBI6TNT6NDNVK3OCV3E4
Mar 15, 2013 10:44:59 AM net.blogracy.controller.DistributedHashTable$LookupListener onMessage
INFO: lookup-ans ZFV32TGQMAYUCBI6TNT6NDNVK3OCV3E4 2013-03-15T10:40:21Z 342
Mar 15, 2013 10:44:59 AM net.blogracy.controller.DistributedHashTable$DownloadListener <init>
INFO: download-req ZFV32TGQMAYUCBI6TNT6NDNVK3OCV3E4 2013-03-15T10:40:21Z
Mar 15, 2013 10:45:00 AM net.blogracy.controller.DistributedHashTable$LookupListener onMessage
INFO: lookup-ans ZFV32TGQMAYUCBI6TNT6NDNVK3OCV3E4 2013-03-15T10:30:21Z 457
Mar 15, 2013 10:45:03 AM net.blogracy.controller.DistributedHashTable$DownloadListener onMessage
INFO: download-ans ZFV32TGQMAYUCBI6TNT6NDNVK3OCV3E4 2013-03-15T10:40:21Z 2013-03-15T10:45:03Z 3445  282000 7571
Mar 15, 2013 10:46:39 AM net.blogracy.controller.DistributedHashTable$LookupListener <init>
INFO: lookup-req O2LNUOSQV6AMEJPEGJG7OVPK2XZQV3ZE
Mar 15, 2013 10:46:39 AM net.blogracy.controller.DistributedHashTable$LookupListener onMessage
INFO: lookup-ans O2LNUOSQV6AMEJPEGJG7OVPK2XZQV3ZE 2013-03-15T10:44:33Z 314
Mar 15, 2013 10:46:39 AM net.blogracy.controller.DistributedHashTable$DownloadListener <init>
INFO: download-req O2LNUOSQV6AMEJPEGJG7OVPK2XZQV3ZE 2013-03-15T10:44:33Z
Mar 15, 2013 10:46:43 AM net.blogracy.controller.DistributedHashTable$DownloadListener onMessage
INFO: download-ans O2LNUOSQV6AMEJPEGJG7OVPK2XZQV3ZE 2013-03-15T10:44:33Z 2013-03-15T10:46:43Z 4026  130000 7841
Mar 15, 2013 10:48:19 AM net.blogracy.controller.DistributedHashTable$LookupListener <init>
INFO: lookup-req 734RO6HILBSFN7TZMLELFXELO3NKEQPG
Mar 15, 2013 10:48:20 AM net.blogracy.controller.DistributedHashTable$LookupListener onMessage
INFO: lookup-ans 734RO6HILBSFN7TZMLELFXELO3NKEQPG 2013-03-15T10:43:41Z 369
Mar 15, 2013 10:48:20 AM net.blogracy.controller.DistributedHashTable$DownloadListener <init>
INFO: download-req 734RO6HILBSFN7TZMLELFXELO3NKEQPG 2013-03-15T10:43:41Z
Mar 15, 2013 10:48:25 AM net.blogracy.controller.DistributedHashTable$DownloadListener onMessage
INFO: download-ans 734RO6HILBSFN7TZMLELFXELO3NKEQPG 2013-03-15T10:43:41Z 2013-03-15T10:48:25Z 5055  284000 7841
Mar 15, 2013 10:49:59 AM net.blogracy.controller.DistributedHashTable$LookupListener <init>
INFO: lookup-req ZFV32TGQMAYUCBI6TNT6NDNVK3OCV3E4
Mar 15, 2013 10:50:00 AM net.blogracy.controller.DistributedHashTable$LookupListener onMessage
INFO: lookup-ans ZFV32TGQMAYUCBI6TNT6NDNVK3OCV3E4 2013-03-15T10:45:22Z 743
Mar 15, 2013 10:50:00 AM net.blogracy.controller.DistributedHashTable$DownloadListener <init>
INFO: download-req ZFV32TGQMAYUCBI6TNT6NDNVK3OCV3E4 2013-03-15T10:45:22Z
Mar 15, 2013 10:50:00 AM net.blogracy.controller.DistributedHashTable$LookupListener onMessage
INFO: lookup-ans ZFV32TGQMAYUCBI6TNT6NDNVK3OCV3E4 2013-03-15T10:30:21Z 859
Mar 15, 2013 10:50:04 AM net.blogracy.controller.DistributedHashTable$DownloadListener onMessage
INFO: download-ans ZFV32TGQMAYUCBI6TNT6NDNVK3OCV3E4 2013-03-15T10:45:22Z 2013-03-15T10:50:04Z 4286  282000 7841
Mar 15, 2013 10:51:39 AM net.blogracy.controller.DistributedHashTable$LookupListener <init>
INFO: lookup-req O2LNUOSQV6AMEJPEGJG7OVPK2XZQV3ZE
Mar 15, 2013 10:51:39 AM net.blogracy.controller.DistributedHashTable$LookupListener onMessage
INFO: lookup-ans O2LNUOSQV6AMEJPEGJG7OVPK2XZQV3ZE 2013-03-15T10:49:33Z 148
Mar 15, 2013 10:51:39 AM net.blogracy.controller.DistributedHashTable$DownloadListener <init>
INFO: download-req O2LNUOSQV6AMEJPEGJG7OVPK2XZQV3ZE 2013-03-15T10:49:33Z
Mar 15, 2013 10:51:43 AM net.blogracy.controller.DistributedHashTable$DownloadListener onMessage
INFO: download-ans O2LNUOSQV6AMEJPEGJG7OVPK2XZQV3ZE 2013-03-15T10:49:33Z 2013-03-15T10:51:43Z 3966  130000 8111
Mar 15, 2013 10:53:19 AM net.blogracy.controller.DistributedHashTable$LookupListener <init>
INFO: lookup-req 734RO6HILBSFN7TZMLELFXELO3NKEQPG
Mar 15, 2013 10:53:20 AM net.blogracy.controller.DistributedHashTable$LookupListener onMessage
INFO: lookup-ans 734RO6HILBSFN7TZMLELFXELO3NKEQPG 2013-03-15T10:48:42Z 348
Mar 15, 2013 10:53:20 AM net.blogracy.controller.DistributedHashTable$DownloadListener <init>
INFO: download-req 734RO6HILBSFN7TZMLELFXELO3NKEQPG 2013-03-15T10:48:42Z
Mar 15, 2013 10:53:36 AM net.blogracy.controller.DistributedHashTable$DownloadListener onMessage
INFO: download-ans 734RO6HILBSFN7TZMLELFXELO3NKEQPG 2013-03-15T10:48:42Z 2013-03-15T10:53:36Z 16635  294000 8111
Mar 15, 2013 10:54:59 AM net.blogracy.controller.DistributedHashTable$LookupListener <init>
INFO: lookup-req ZFV32TGQMAYUCBI6TNT6NDNVK3OCV3E4
Mar 15, 2013 10:55:00 AM net.blogracy.controller.DistributedHashTable$LookupListener onMessage
INFO: lookup-ans ZFV32TGQMAYUCBI6TNT6NDNVK3OCV3E4 2013-03-15T10:50:22Z 406
Mar 15, 2013 10:55:00 AM net.blogracy.controller.DistributedHashTable$DownloadListener <init>
INFO: download-req ZFV32TGQMAYUCBI6TNT6NDNVK3OCV3E4 2013-03-15T10:50:22Z
Mar 15, 2013 10:55:00 AM net.blogracy.controller.DistributedHashTable$LookupListener onMessage
INFO: lookup-ans ZFV32TGQMAYUCBI6TNT6NDNVK3OCV3E4 2013-03-15T10:30:21Z 519
Mar 15, 2013 10:55:04 AM net.blogracy.controller.DistributedHashTable$DownloadListener onMessage
INFO: download-ans ZFV32TGQMAYUCBI6TNT6NDNVK3OCV3E4 2013-03-15T10:50:22Z 2013-03-15T10:55:04Z 3986  282000 8111
