Mar 16, 2013 12:42:20 PM net.blogracy.controller.DistributedHashTable$LookupListener <init>
INFO: lookup-req OL65LQYSH3BAO6TGPHZIFC72WVGFD6PR
Mar 16, 2013 12:42:47 PM net.blogracy.controller.DistributedHashTable$LookupListener <init>
INFO: lookup-req 734RO6HILBSFN7TZMLELFXELO3NKEQPG
Mar 16, 2013 12:42:48 PM net.blogracy.controller.DistributedHashTable$LookupListener onMessage
INFO: lookup-ans 734RO6HILBSFN7TZMLELFXELO3NKEQPG 6BV7OFSFQQW44YSJHTNGTPVS5G6GYD63 2013-03-16T12:39:06Z 2013-03-16T12:42:48Z 425
Mar 16, 2013 12:42:48 PM net.blogracy.controller.DistributedHashTable$DownloadListener <init>
INFO: download-req 734RO6HILBSFN7TZMLELFXELO3NKEQPG 6BV7OFSFQQW44YSJHTNGTPVS5G6GYD63 2013-03-16T12:39:06Z
Mar 16, 2013 12:42:53 PM net.blogracy.controller.DistributedHashTable$DownloadListener onMessage
INFO: download-ans 734RO6HILBSFN7TZMLELFXELO3NKEQPG 6BV7OFSFQQW44YSJHTNGTPVS5G6GYD63 2013-03-16T12:39:06Z 2013-03-16T12:42:53Z 5461  227000 281
Mar 16, 2013 12:43:13 PM net.blogracy.controller.DistributedHashTable$LookupListener onMessage
INFO: lookup-ans OL65LQYSH3BAO6TGPHZIFC72WVGFD6PR D5L6TOXH7RK7NER76GKYWSC2BXJJX3YC 2013-03-16T12:41:42Z 2013-03-16T12:43:13Z 53820
Mar 16, 2013 12:43:13 PM net.blogracy.controller.DistributedHashTable$DownloadListener <init>
INFO: download-req OL65LQYSH3BAO6TGPHZIFC72WVGFD6PR D5L6TOXH7RK7NER76GKYWSC2BXJJX3YC 2013-03-16T12:41:42Z
Mar 16, 2013 12:43:15 PM net.blogracy.controller.DistributedHashTable$LookupListener <init>
INFO: lookup-req O2LNUOSQV6AMEJPEGJG7OVPK2XZQV3ZE
Mar 16, 2013 12:43:15 PM net.blogracy.controller.DistributedHashTable$LookupListener onMessage
INFO: lookup-ans O2LNUOSQV6AMEJPEGJG7OVPK2XZQV3ZE M44FCC4H62ZWD2XBJJBHDFJIWYYACBGP 2013-03-16T12:38:58Z 2013-03-16T12:43:15Z 467
Mar 16, 2013 12:43:15 PM net.blogracy.controller.DistributedHashTable$DownloadListener <init>
INFO: download-req O2LNUOSQV6AMEJPEGJG7OVPK2XZQV3ZE M44FCC4H62ZWD2XBJJBHDFJIWYYACBGP 2013-03-16T12:38:58Z
Mar 16, 2013 12:43:18 PM net.blogracy.controller.DistributedHashTable$DownloadListener onMessage
INFO: download-ans OL65LQYSH3BAO6TGPHZIFC72WVGFD6PR D5L6TOXH7RK7NER76GKYWSC2BXJJX3YC 2013-03-16T12:41:42Z 2013-03-16T12:43:18Z 4745  96000 281
Mar 16, 2013 12:43:19 PM net.blogracy.controller.DistributedHashTable$DownloadListener onMessage
INFO: download-ans O2LNUOSQV6AMEJPEGJG7OVPK2XZQV3ZE M44FCC4H62ZWD2XBJJBHDFJIWYYACBGP 2013-03-16T12:38:58Z 2013-03-16T12:43:19Z 4306  261000 281
Mar 16, 2013 12:43:42 PM net.blogracy.controller.DistributedHashTable$LookupListener <init>
INFO: lookup-req RPVEPPTQV6G357V6OCZ4RSFBRAFAP3HM
Mar 16, 2013 12:44:09 PM net.blogracy.controller.DistributedHashTable$LookupListener <init>
INFO: lookup-req 3B73BAT64GOB5DR7NXD7IRSR4Z7GIK4E
Mar 16, 2013 12:44:37 PM net.blogracy.controller.DistributedHashTable$LookupListener <init>
INFO: lookup-req QF57FG6NEFT7PHOEIFHV734DS7DAMSD2
Mar 16, 2013 12:44:37 PM net.blogracy.controller.DistributedHashTable$LookupListener onMessage
INFO: lookup-ans QF57FG6NEFT7PHOEIFHV734DS7DAMSD2 OTDE4B5JCPFI4JLMI7BPAU636DG6NBJL 2013-03-16T12:42:14Z 2013-03-16T12:44:37Z 477
Mar 16, 2013 12:44:37 PM net.blogracy.controller.DistributedHashTable$DownloadListener <init>
INFO: download-req QF57FG6NEFT7PHOEIFHV734DS7DAMSD2 OTDE4B5JCPFI4JLMI7BPAU636DG6NBJL 2013-03-16T12:42:14Z
Mar 16, 2013 12:44:41 PM net.blogracy.controller.DistributedHashTable$DownloadListener onMessage
INFO: download-ans QF57FG6NEFT7PHOEIFHV734DS7DAMSD2 OTDE4B5JCPFI4JLMI7BPAU636DG6NBJL 2013-03-16T12:42:14Z 2013-03-16T12:44:41Z 3776  147000 281
Mar 16, 2013 12:44:54 PM net.blogracy.controller.DistributedHashTable$LookupListener onMessage
INFO: lookup-ans 3B73BAT64GOB5DR7NXD7IRSR4Z7GIK4E KWK52YX3XWPNOTXG6OOAHXG4BE7EAQS6 2013-03-16T12:43:32Z 2013-03-16T12:44:54Z 44705
Mar 16, 2013 12:44:54 PM net.blogracy.controller.DistributedHashTable$DownloadListener <init>
INFO: download-req 3B73BAT64GOB5DR7NXD7IRSR4Z7GIK4E KWK52YX3XWPNOTXG6OOAHXG4BE7EAQS6 2013-03-16T12:43:32Z
Mar 16, 2013 12:45:04 PM net.blogracy.controller.DistributedHashTable$LookupListener <init>
INFO: lookup-req H3WGV7IKX35FZNSFJYEZV4VCFQBSAKEL
Mar 16, 2013 12:45:04 PM net.blogracy.controller.DistributedHashTable$LookupListener onMessage
INFO: lookup-ans H3WGV7IKX35FZNSFJYEZV4VCFQBSAKEL GMFJRGOOODDV2INC6OJY2AXVWOZLOMSZ 2013-03-16T08:45:27Z 2013-03-16T12:45:04Z 559
Mar 16, 2013 12:45:04 PM net.blogracy.controller.DistributedHashTable$DownloadListener <init>
INFO: download-req H3WGV7IKX35FZNSFJYEZV4VCFQBSAKEL GMFJRGOOODDV2INC6OJY2AXVWOZLOMSZ 2013-03-16T08:45:27Z
Mar 16, 2013 12:45:05 PM net.blogracy.controller.DistributedHashTable$LookupListener onMessage
INFO: lookup-ans H3WGV7IKX35FZNSFJYEZV4VCFQBSAKEL MSO4VCJRASIEB4JNIUFSZTLG5CGI7MJ2 2013-03-16T12:43:39Z 2013-03-16T12:45:05Z 709
Mar 16, 2013 12:45:05 PM net.blogracy.controller.DistributedHashTable$DownloadListener <init>
INFO: download-req H3WGV7IKX35FZNSFJYEZV4VCFQBSAKEL MSO4VCJRASIEB4JNIUFSZTLG5CGI7MJ2 2013-03-16T12:43:39Z
Mar 16, 2013 12:45:08 PM net.blogracy.controller.DistributedHashTable$DownloadListener onMessage
INFO: download-ans H3WGV7IKX35FZNSFJYEZV4VCFQBSAKEL MSO4VCJRASIEB4JNIUFSZTLG5CGI7MJ2 2013-03-16T12:43:39Z 2013-03-16T12:45:08Z 3121  89000 551
Mar 16, 2013 12:45:29 PM net.blogracy.controller.DistributedHashTable$DownloadListener onMessage
INFO: download-ans 3B73BAT64GOB5DR7NXD7IRSR4Z7GIK4E KWK52YX3XWPNOTXG6OOAHXG4BE7EAQS6 2013-03-16T12:43:32Z 2013-03-16T12:45:29Z 35061  117000 281
Mar 16, 2013 12:45:31 PM net.blogracy.controller.DistributedHashTable$LookupListener <init>
INFO: lookup-req JZY6QFFDO2J4RQXM6QEFAMCKPOBHYFWR
Mar 16, 2013 12:45:32 PM net.blogracy.controller.DistributedHashTable$LookupListener onMessage
INFO: lookup-ans JZY6QFFDO2J4RQXM6QEFAMCKPOBHYFWR FQCSK64CVW67M3M6MDJEGH5CKFZJWDF4 2013-03-16T12:44:04Z 2013-03-16T12:45:32Z 370
Mar 16, 2013 12:45:32 PM net.blogracy.controller.DistributedHashTable$DownloadListener <init>
INFO: download-req JZY6QFFDO2J4RQXM6QEFAMCKPOBHYFWR FQCSK64CVW67M3M6MDJEGH5CKFZJWDF4 2013-03-16T12:44:04Z
Mar 16, 2013 12:45:35 PM net.blogracy.controller.DistributedHashTable$DownloadListener onMessage
INFO: download-ans JZY6QFFDO2J4RQXM6QEFAMCKPOBHYFWR FQCSK64CVW67M3M6MDJEGH5CKFZJWDF4 2013-03-16T12:44:04Z 2013-03-16T12:45:35Z 2849  91000 551
Mar 16, 2013 12:45:59 PM net.blogracy.controller.DistributedHashTable$LookupListener <init>
INFO: lookup-req IIFTPYF2OOSC7OUXFHS6JFLCSWAADAGJ
Mar 16, 2013 12:45:59 PM net.blogracy.controller.DistributedHashTable$LookupListener onMessage
INFO: lookup-ans IIFTPYF2OOSC7OUXFHS6JFLCSWAADAGJ FEIKW62LTXSU56HOSFWSCRDQLXRJAGS7 2013-03-16T12:40:48Z 2013-03-16T12:45:59Z 496
Mar 16, 2013 12:45:59 PM net.blogracy.controller.DistributedHashTable$DownloadListener <init>
INFO: download-req IIFTPYF2OOSC7OUXFHS6JFLCSWAADAGJ FEIKW62LTXSU56HOSFWSCRDQLXRJAGS7 2013-03-16T12:40:48Z
Mar 16, 2013 12:46:02 PM net.blogracy.controller.DistributedHashTable$DownloadListener onMessage
INFO: download-ans IIFTPYF2OOSC7OUXFHS6JFLCSWAADAGJ FEIKW62LTXSU56HOSFWSCRDQLXRJAGS7 2013-03-16T12:40:48Z 2013-03-16T12:46:02Z 2996  314000 281
Mar 16, 2013 12:46:26 PM net.blogracy.controller.DistributedHashTable$LookupListener <init>
INFO: lookup-req GRRVNWRRA5YPOTR2NJTQK3RXPMJXGKYD
Mar 16, 2013 12:46:26 PM net.blogracy.controller.DistributedHashTable$LookupListener onMessage
INFO: lookup-ans GRRVNWRRA5YPOTR2NJTQK3RXPMJXGKYD VHUVNEG5HES4TMXLOBDJLH46GGO7MUKX 2013-03-16T12:46:05Z 2013-03-16T12:46:26Z 370
Mar 16, 2013 12:46:26 PM net.blogracy.controller.DistributedHashTable$DownloadListener <init>
INFO: download-req GRRVNWRRA5YPOTR2NJTQK3RXPMJXGKYD VHUVNEG5HES4TMXLOBDJLH46GGO7MUKX 2013-03-16T12:46:05Z
Mar 16, 2013 12:46:27 PM net.blogracy.controller.DistributedHashTable$LookupListener onMessage
INFO: lookup-ans GRRVNWRRA5YPOTR2NJTQK3RXPMJXGKYD N2XSHXTDPK7NMLMRJHM43RT2OYZP4SJI 2013-03-16T08:47:59Z 2013-03-16T12:46:27Z 458
Mar 16, 2013 12:46:27 PM net.blogracy.controller.DistributedHashTable$DownloadListener <init>
INFO: download-req GRRVNWRRA5YPOTR2NJTQK3RXPMJXGKYD N2XSHXTDPK7NMLMRJHM43RT2OYZP4SJI 2013-03-16T08:47:59Z
Mar 16, 2013 12:46:27 PM net.blogracy.controller.DistributedHashTable$LookupListener onMessage
INFO: lookup-ans GRRVNWRRA5YPOTR2NJTQK3RXPMJXGKYD EK6FVP4VMGNY64OC3R4XP4Y355MV7GL3 2013-03-16T07:12:34Z 2013-03-16T12:46:27Z 573
Mar 16, 2013 12:46:27 PM net.blogracy.controller.DistributedHashTable$DownloadListener <init>
INFO: download-req GRRVNWRRA5YPOTR2NJTQK3RXPMJXGKYD EK6FVP4VMGNY64OC3R4XP4Y355MV7GL3 2013-03-16T07:12:34Z
Mar 16, 2013 12:46:27 PM net.blogracy.controller.DistributedHashTable$LookupListener onMessage
INFO: lookup-ans GRRVNWRRA5YPOTR2NJTQK3RXPMJXGKYD XZVZOJMPYL5O7GEYK2F6XCWDSLCKY6XY 2013-03-16T12:41:04Z 2013-03-16T12:46:27Z 709
Mar 16, 2013 12:46:27 PM net.blogracy.controller.DistributedHashTable$DownloadListener <init>
INFO: download-req GRRVNWRRA5YPOTR2NJTQK3RXPMJXGKYD XZVZOJMPYL5O7GEYK2F6XCWDSLCKY6XY 2013-03-16T12:41:04Z
Mar 16, 2013 12:46:27 PM net.blogracy.controller.DistributedHashTable$LookupListener onMessage
INFO: lookup-ans GRRVNWRRA5YPOTR2NJTQK3RXPMJXGKYD Z2TMUNZGMMVDRK5O56CYGQ3W3LDJTG73 2013-03-16T08:39:59Z 2013-03-16T12:46:27Z 847
Mar 16, 2013 12:46:27 PM net.blogracy.controller.DistributedHashTable$DownloadListener <init>
INFO: download-req GRRVNWRRA5YPOTR2NJTQK3RXPMJXGKYD Z2TMUNZGMMVDRK5O56CYGQ3W3LDJTG73 2013-03-16T08:39:59Z
Mar 16, 2013 12:46:27 PM net.blogracy.controller.DistributedHashTable$LookupListener onMessage
INFO: lookup-ans GRRVNWRRA5YPOTR2NJTQK3RXPMJXGKYD JZKEFME7WRH7IPRWBUN2FIHAUHOAPPSR 2013-03-16T07:10:34Z 2013-03-16T12:46:27Z 967
Mar 16, 2013 12:46:27 PM net.blogracy.controller.DistributedHashTable$DownloadListener <init>
INFO: download-req GRRVNWRRA5YPOTR2NJTQK3RXPMJXGKYD JZKEFME7WRH7IPRWBUN2FIHAUHOAPPSR 2013-03-16T07:10:34Z
Mar 16, 2013 12:46:32 PM net.blogracy.controller.DistributedHashTable$DownloadListener onMessage
INFO: download-ans GRRVNWRRA5YPOTR2NJTQK3RXPMJXGKYD VHUVNEG5HES4TMXLOBDJLH46GGO7MUKX 2013-03-16T12:46:05Z 2013-03-16T12:46:32Z 5311  27000 551
Mar 16, 2013 12:46:33 PM net.blogracy.controller.DistributedHashTable$DownloadListener onMessage
INFO: download-ans GRRVNWRRA5YPOTR2NJTQK3RXPMJXGKYD XZVZOJMPYL5O7GEYK2F6XCWDSLCKY6XY 2013-03-16T12:41:04Z 2013-03-16T12:46:33Z 5724  329000 281
Mar 16, 2013 12:46:54 PM net.blogracy.controller.DistributedHashTable$LookupListener <init>
INFO: lookup-req HPQLSAFOTHT5XCF6AXRN65UWQXL75VUB
Mar 16, 2013 12:47:22 PM net.blogracy.controller.DistributedHashTable$LookupListener <init>
INFO: lookup-req OL65LQYSH3BAO6TGPHZIFC72WVGFD6PR
Mar 16, 2013 12:47:22 PM net.blogracy.controller.DistributedHashTable$LookupListener onMessage
INFO: lookup-ans OL65LQYSH3BAO6TGPHZIFC72WVGFD6PR D5L6TOXH7RK7NER76GKYWSC2BXJJX3YC 2013-03-16T12:41:42Z 2013-03-16T12:47:22Z 313
Mar 16, 2013 12:47:49 PM net.blogracy.controller.DistributedHashTable$LookupListener <init>
INFO: lookup-req 734RO6HILBSFN7TZMLELFXELO3NKEQPG
Mar 16, 2013 12:47:50 PM net.blogracy.controller.DistributedHashTable$LookupListener onMessage
INFO: lookup-ans 734RO6HILBSFN7TZMLELFXELO3NKEQPG REDKGZWLAXLVR5XNU4TQEZNLN6RZG5SC 2013-03-16T12:44:08Z 2013-03-16T12:47:50Z 203
Mar 16, 2013 12:47:50 PM net.blogracy.controller.DistributedHashTable$DownloadListener <init>
INFO: download-req 734RO6HILBSFN7TZMLELFXELO3NKEQPG REDKGZWLAXLVR5XNU4TQEZNLN6RZG5SC 2013-03-16T12:44:08Z
Mar 16, 2013 12:47:53 PM net.blogracy.controller.DistributedHashTable$DownloadListener onMessage
INFO: download-ans 734RO6HILBSFN7TZMLELFXELO3NKEQPG REDKGZWLAXLVR5XNU4TQEZNLN6RZG5SC 2013-03-16T12:44:08Z 2013-03-16T12:47:53Z 3058  225000 551
Mar 16, 2013 12:48:17 PM net.blogracy.controller.DistributedHashTable$LookupListener <init>
INFO: lookup-req O2LNUOSQV6AMEJPEGJG7OVPK2XZQV3ZE
Mar 16, 2013 12:48:17 PM net.blogracy.controller.DistributedHashTable$LookupListener onMessage
INFO: lookup-ans O2LNUOSQV6AMEJPEGJG7OVPK2XZQV3ZE LOJOAPIJFU3OXC72F47QOJ2NXEABN3QN 2013-03-16T12:43:59Z 2013-03-16T12:48:17Z 274
Mar 16, 2013 12:48:17 PM net.blogracy.controller.DistributedHashTable$DownloadListener <init>
INFO: download-req O2LNUOSQV6AMEJPEGJG7OVPK2XZQV3ZE LOJOAPIJFU3OXC72F47QOJ2NXEABN3QN 2013-03-16T12:43:59Z
Mar 16, 2013 12:48:20 PM net.blogracy.controller.DistributedHashTable$DownloadListener onMessage
INFO: download-ans O2LNUOSQV6AMEJPEGJG7OVPK2XZQV3ZE LOJOAPIJFU3OXC72F47QOJ2NXEABN3QN 2013-03-16T12:43:59Z 2013-03-16T12:48:20Z 2755  261000 551
Mar 16, 2013 12:48:44 PM net.blogracy.controller.DistributedHashTable$LookupListener <init>
INFO: lookup-req RPVEPPTQV6G357V6OCZ4RSFBRAFAP3HM
Mar 16, 2013 12:49:11 PM net.blogracy.controller.DistributedHashTable$LookupListener <init>
INFO: lookup-req 3B73BAT64GOB5DR7NXD7IRSR4Z7GIK4E
Mar 16, 2013 12:49:12 PM net.blogracy.controller.DistributedHashTable$LookupListener onMessage
INFO: lookup-ans 3B73BAT64GOB5DR7NXD7IRSR4Z7GIK4E KWK52YX3XWPNOTXG6OOAHXG4BE7EAQS6 2013-03-16T12:43:32Z 2013-03-16T12:49:12Z 324
Mar 16, 2013 12:49:39 PM net.blogracy.controller.DistributedHashTable$LookupListener <init>
INFO: lookup-req QF57FG6NEFT7PHOEIFHV734DS7DAMSD2
Mar 16, 2013 12:49:39 PM net.blogracy.controller.DistributedHashTable$LookupListener onMessage
INFO: lookup-ans QF57FG6NEFT7PHOEIFHV734DS7DAMSD2 SHJVQMVUEYWHTHKJ4NC7NRNVIYHAEEJH 2013-03-16T12:47:16Z 2013-03-16T12:49:39Z 555
Mar 16, 2013 12:49:39 PM net.blogracy.controller.DistributedHashTable$DownloadListener <init>
INFO: download-req QF57FG6NEFT7PHOEIFHV734DS7DAMSD2 SHJVQMVUEYWHTHKJ4NC7NRNVIYHAEEJH 2013-03-16T12:47:16Z
Mar 16, 2013 12:49:43 PM net.blogracy.controller.DistributedHashTable$DownloadListener onMessage
INFO: download-ans QF57FG6NEFT7PHOEIFHV734DS7DAMSD2 SHJVQMVUEYWHTHKJ4NC7NRNVIYHAEEJH 2013-03-16T12:47:16Z 2013-03-16T12:49:43Z 3412  147000 551
Mar 16, 2013 12:50:06 PM net.blogracy.controller.DistributedHashTable$LookupListener <init>
INFO: lookup-req H3WGV7IKX35FZNSFJYEZV4VCFQBSAKEL
Mar 16, 2013 12:50:07 PM net.blogracy.controller.DistributedHashTable$LookupListener onMessage
INFO: lookup-ans H3WGV7IKX35FZNSFJYEZV4VCFQBSAKEL UCE3YWQLKORHVB2DWDIBFUYYSIIOB43N 2013-03-16T12:48:39Z 2013-03-16T12:50:07Z 392
Mar 16, 2013 12:50:07 PM net.blogracy.controller.DistributedHashTable$DownloadListener <init>
INFO: download-req H3WGV7IKX35FZNSFJYEZV4VCFQBSAKEL UCE3YWQLKORHVB2DWDIBFUYYSIIOB43N 2013-03-16T12:48:39Z
Mar 16, 2013 12:50:07 PM net.blogracy.controller.DistributedHashTable$LookupListener onMessage
INFO: lookup-ans H3WGV7IKX35FZNSFJYEZV4VCFQBSAKEL GMFJRGOOODDV2INC6OJY2AXVWOZLOMSZ 2013-03-16T08:45:27Z 2013-03-16T12:50:07Z 516
Mar 16, 2013 12:50:24 PM net.blogracy.controller.DistributedHashTable$DownloadListener onMessage
INFO: download-ans H3WGV7IKX35FZNSFJYEZV4VCFQBSAKEL UCE3YWQLKORHVB2DWDIBFUYYSIIOB43N 2013-03-16T12:48:39Z 2013-03-16T12:50:24Z 16940  105000 821
Mar 16, 2013 12:50:34 PM net.blogracy.controller.DistributedHashTable$LookupListener <init>
INFO: lookup-req JZY6QFFDO2J4RQXM6QEFAMCKPOBHYFWR
Mar 16, 2013 12:50:34 PM net.blogracy.controller.DistributedHashTable$LookupListener onMessage
INFO: lookup-ans JZY6QFFDO2J4RQXM6QEFAMCKPOBHYFWR MROA3APTFPEXROW3KGKHNFR4LPG3YBJY 2013-03-16T12:49:04Z 2013-03-16T12:50:34Z 369
Mar 16, 2013 12:50:34 PM net.blogracy.controller.DistributedHashTable$DownloadListener <init>
INFO: download-req JZY6QFFDO2J4RQXM6QEFAMCKPOBHYFWR MROA3APTFPEXROW3KGKHNFR4LPG3YBJY 2013-03-16T12:49:04Z
Mar 16, 2013 12:50:37 PM net.blogracy.controller.DistributedHashTable$DownloadListener onMessage
INFO: download-ans JZY6QFFDO2J4RQXM6QEFAMCKPOBHYFWR MROA3APTFPEXROW3KGKHNFR4LPG3YBJY 2013-03-16T12:49:04Z 2013-03-16T12:50:37Z 2805  93000 821
Mar 16, 2013 12:51:01 PM net.blogracy.controller.DistributedHashTable$LookupListener <init>
INFO: lookup-req IIFTPYF2OOSC7OUXFHS6JFLCSWAADAGJ
Mar 16, 2013 12:51:01 PM net.blogracy.controller.DistributedHashTable$LookupListener onMessage
INFO: lookup-ans IIFTPYF2OOSC7OUXFHS6JFLCSWAADAGJ YT7F3574X3ZZGG5PAAHAMFJVBVWJRCHQ 2013-03-16T12:45:49Z 2013-03-16T12:51:01Z 377
Mar 16, 2013 12:51:01 PM net.blogracy.controller.DistributedHashTable$DownloadListener <init>
INFO: download-req IIFTPYF2OOSC7OUXFHS6JFLCSWAADAGJ YT7F3574X3ZZGG5PAAHAMFJVBVWJRCHQ 2013-03-16T12:45:49Z
Mar 16, 2013 12:51:13 PM net.blogracy.controller.DistributedHashTable$DownloadListener onMessage
INFO: download-ans IIFTPYF2OOSC7OUXFHS6JFLCSWAADAGJ YT7F3574X3ZZGG5PAAHAMFJVBVWJRCHQ 2013-03-16T12:45:49Z 2013-03-16T12:51:13Z 11558  324000 551
Mar 16, 2013 12:51:28 PM net.blogracy.controller.DistributedHashTable$LookupListener <init>
INFO: lookup-req GRRVNWRRA5YPOTR2NJTQK3RXPMJXGKYD
Mar 16, 2013 12:51:29 PM net.blogracy.controller.DistributedHashTable$LookupListener onMessage
INFO: lookup-ans GRRVNWRRA5YPOTR2NJTQK3RXPMJXGKYD TXMZYC7QVYLM7ESUQZU5KUWKAHU2BZYG 2013-03-16T12:51:05Z 2013-03-16T12:51:29Z 335
Mar 16, 2013 12:51:29 PM net.blogracy.controller.DistributedHashTable$DownloadListener <init>
INFO: download-req GRRVNWRRA5YPOTR2NJTQK3RXPMJXGKYD TXMZYC7QVYLM7ESUQZU5KUWKAHU2BZYG 2013-03-16T12:51:05Z
Mar 16, 2013 12:51:29 PM net.blogracy.controller.DistributedHashTable$LookupListener onMessage
INFO: lookup-ans GRRVNWRRA5YPOTR2NJTQK3RXPMJXGKYD N2XSHXTDPK7NMLMRJHM43RT2OYZP4SJI 2013-03-16T08:47:59Z 2013-03-16T12:51:29Z 426
Mar 16, 2013 12:51:29 PM net.blogracy.controller.DistributedHashTable$LookupListener onMessage
INFO: lookup-ans GRRVNWRRA5YPOTR2NJTQK3RXPMJXGKYD EK6FVP4VMGNY64OC3R4XP4Y355MV7GL3 2013-03-16T07:12:34Z 2013-03-16T12:51:29Z 453
Mar 16, 2013 12:51:32 PM net.blogracy.controller.DistributedHashTable$DownloadListener onMessage
INFO: download-ans GRRVNWRRA5YPOTR2NJTQK3RXPMJXGKYD TXMZYC7QVYLM7ESUQZU5KUWKAHU2BZYG 2013-03-16T12:51:05Z 2013-03-16T12:51:32Z 3683  27000 821
Mar 16, 2013 12:51:56 PM net.blogracy.controller.DistributedHashTable$LookupListener <init>
INFO: lookup-req HPQLSAFOTHT5XCF6AXRN65UWQXL75VUB
Mar 16, 2013 12:52:23 PM net.blogracy.controller.DistributedHashTable$LookupListener <init>
INFO: lookup-req OL65LQYSH3BAO6TGPHZIFC72WVGFD6PR
Mar 16, 2013 12:52:24 PM net.blogracy.controller.DistributedHashTable$LookupListener onMessage
INFO: lookup-ans OL65LQYSH3BAO6TGPHZIFC72WVGFD6PR BNPNNJWZIQ4TCYF6QDJISNEXXZEPLMCH 2013-03-16T12:46:43Z 2013-03-16T12:52:24Z 236
Mar 16, 2013 12:52:24 PM net.blogracy.controller.DistributedHashTable$DownloadListener <init>
INFO: download-req OL65LQYSH3BAO6TGPHZIFC72WVGFD6PR BNPNNJWZIQ4TCYF6QDJISNEXXZEPLMCH 2013-03-16T12:46:43Z
Mar 16, 2013 12:52:30 PM net.blogracy.controller.DistributedHashTable$DownloadListener onMessage
INFO: download-ans OL65LQYSH3BAO6TGPHZIFC72WVGFD6PR BNPNNJWZIQ4TCYF6QDJISNEXXZEPLMCH 2013-03-16T12:46:43Z 2013-03-16T12:52:30Z 6285  347000 551
Mar 16, 2013 12:52:51 PM net.blogracy.controller.DistributedHashTable$LookupListener <init>
INFO: lookup-req 734RO6HILBSFN7TZMLELFXELO3NKEQPG
Mar 16, 2013 12:52:51 PM net.blogracy.controller.DistributedHashTable$LookupListener onMessage
INFO: lookup-ans 734RO6HILBSFN7TZMLELFXELO3NKEQPG OVW54PPXL6KIHO2TVPB7FXZVPJBQR5M3 2013-03-16T12:49:10Z 2013-03-16T12:52:51Z 344
Mar 16, 2013 12:52:51 PM net.blogracy.controller.DistributedHashTable$DownloadListener <init>
INFO: download-req 734RO6HILBSFN7TZMLELFXELO3NKEQPG OVW54PPXL6KIHO2TVPB7FXZVPJBQR5M3 2013-03-16T12:49:10Z
Mar 16, 2013 12:52:55 PM net.blogracy.controller.DistributedHashTable$DownloadListener onMessage
INFO: download-ans 734RO6HILBSFN7TZMLELFXELO3NKEQPG OVW54PPXL6KIHO2TVPB7FXZVPJBQR5M3 2013-03-16T12:49:10Z 2013-03-16T12:52:55Z 4264  225000 821
Mar 16, 2013 12:53:18 PM net.blogracy.controller.DistributedHashTable$LookupListener <init>
INFO: lookup-req O2LNUOSQV6AMEJPEGJG7OVPK2XZQV3ZE
Mar 16, 2013 12:53:18 PM net.blogracy.controller.DistributedHashTable$LookupListener onMessage
INFO: lookup-ans O2LNUOSQV6AMEJPEGJG7OVPK2XZQV3ZE QGUEMQ4ET6NNDRUBYXF3S62I4FFU2GWS 2013-03-16T12:48:59Z 2013-03-16T12:53:18Z 196
Mar 16, 2013 12:53:18 PM net.blogracy.controller.DistributedHashTable$DownloadListener <init>
INFO: download-req O2LNUOSQV6AMEJPEGJG7OVPK2XZQV3ZE QGUEMQ4ET6NNDRUBYXF3S62I4FFU2GWS 2013-03-16T12:48:59Z
Mar 16, 2013 12:53:22 PM net.blogracy.controller.DistributedHashTable$DownloadListener onMessage
INFO: download-ans O2LNUOSQV6AMEJPEGJG7OVPK2XZQV3ZE QGUEMQ4ET6NNDRUBYXF3S62I4FFU2GWS 2013-03-16T12:48:59Z 2013-03-16T12:53:22Z 3919  263000 821
Mar 16, 2013 12:53:45 PM net.blogracy.controller.DistributedHashTable$LookupListener <init>
INFO: lookup-req RPVEPPTQV6G357V6OCZ4RSFBRAFAP3HM
Mar 16, 2013 12:54:13 PM net.blogracy.controller.DistributedHashTable$LookupListener <init>
INFO: lookup-req 3B73BAT64GOB5DR7NXD7IRSR4Z7GIK4E
Mar 16, 2013 12:54:13 PM net.blogracy.controller.DistributedHashTable$LookupListener onMessage
INFO: lookup-ans 3B73BAT64GOB5DR7NXD7IRSR4Z7GIK4E KWK52YX3XWPNOTXG6OOAHXG4BE7EAQS6 2013-03-16T12:43:32Z 2013-03-16T12:54:13Z 350
Mar 16, 2013 12:54:40 PM net.blogracy.controller.DistributedHashTable$LookupListener <init>
INFO: lookup-req QF57FG6NEFT7PHOEIFHV734DS7DAMSD2
Mar 16, 2013 12:54:41 PM net.blogracy.controller.DistributedHashTable$LookupListener onMessage
INFO: lookup-ans QF57FG6NEFT7PHOEIFHV734DS7DAMSD2 F3SODVX4GVPA22MFJU4A77RYK3SUO6ZT 2013-03-16T12:52:17Z 2013-03-16T12:54:41Z 447
Mar 16, 2013 12:54:41 PM net.blogracy.controller.DistributedHashTable$DownloadListener <init>
INFO: download-req QF57FG6NEFT7PHOEIFHV734DS7DAMSD2 F3SODVX4GVPA22MFJU4A77RYK3SUO6ZT 2013-03-16T12:52:17Z
Mar 16, 2013 12:54:45 PM net.blogracy.controller.DistributedHashTable$DownloadListener onMessage
INFO: download-ans QF57FG6NEFT7PHOEIFHV734DS7DAMSD2 F3SODVX4GVPA22MFJU4A77RYK3SUO6ZT 2013-03-16T12:52:17Z 2013-03-16T12:54:45Z 4131  148000 821
Mar 16, 2013 12:55:08 PM net.blogracy.controller.DistributedHashTable$LookupListener <init>
INFO: lookup-req H3WGV7IKX35FZNSFJYEZV4VCFQBSAKEL
Mar 16, 2013 12:55:08 PM net.blogracy.controller.DistributedHashTable$LookupListener onMessage
INFO: lookup-ans H3WGV7IKX35FZNSFJYEZV4VCFQBSAKEL HTJGSE25GJ63UBLNXUQKLQSDIPUZJF6U 2013-03-16T12:53:39Z 2013-03-16T12:55:08Z 463
Mar 16, 2013 12:55:08 PM net.blogracy.controller.DistributedHashTable$DownloadListener <init>
INFO: download-req H3WGV7IKX35FZNSFJYEZV4VCFQBSAKEL HTJGSE25GJ63UBLNXUQKLQSDIPUZJF6U 2013-03-16T12:53:39Z
Mar 16, 2013 12:55:08 PM net.blogracy.controller.DistributedHashTable$LookupListener onMessage
INFO: lookup-ans H3WGV7IKX35FZNSFJYEZV4VCFQBSAKEL GMFJRGOOODDV2INC6OJY2AXVWOZLOMSZ 2013-03-16T08:45:27Z 2013-03-16T12:55:08Z 592
Mar 16, 2013 12:55:12 PM net.blogracy.controller.DistributedHashTable$DownloadListener onMessage
INFO: download-ans H3WGV7IKX35FZNSFJYEZV4VCFQBSAKEL HTJGSE25GJ63UBLNXUQKLQSDIPUZJF6U 2013-03-16T12:53:39Z 2013-03-16T12:55:12Z 3897  93000 1091
Mar 16, 2013 12:55:35 PM net.blogracy.controller.DistributedHashTable$LookupListener <init>
INFO: lookup-req JZY6QFFDO2J4RQXM6QEFAMCKPOBHYFWR
Mar 16, 2013 12:55:35 PM net.blogracy.controller.DistributedHashTable$LookupListener onMessage
INFO: lookup-ans JZY6QFFDO2J4RQXM6QEFAMCKPOBHYFWR EKKTYD6DISZMDFMLFXQKFG3UF5OOO57G 2013-03-16T12:54:04Z 2013-03-16T12:55:35Z 360
Mar 16, 2013 12:55:35 PM net.blogracy.controller.DistributedHashTable$DownloadListener <init>
INFO: download-req JZY6QFFDO2J4RQXM6QEFAMCKPOBHYFWR EKKTYD6DISZMDFMLFXQKFG3UF5OOO57G 2013-03-16T12:54:04Z
Mar 16, 2013 12:55:39 PM net.blogracy.controller.DistributedHashTable$DownloadListener onMessage
INFO: download-ans JZY6QFFDO2J4RQXM6QEFAMCKPOBHYFWR EKKTYD6DISZMDFMLFXQKFG3UF5OOO57G 2013-03-16T12:54:04Z 2013-03-16T12:55:39Z 4038  95000 1091
Mar 16, 2013 12:56:02 PM net.blogracy.controller.DistributedHashTable$LookupListener <init>
INFO: lookup-req IIFTPYF2OOSC7OUXFHS6JFLCSWAADAGJ
Mar 16, 2013 12:56:03 PM net.blogracy.controller.DistributedHashTable$LookupListener onMessage
INFO: lookup-ans IIFTPYF2OOSC7OUXFHS6JFLCSWAADAGJ GXQQW6SX73DWIM4XQAS2VJAKOEVC44QI 2013-03-16T12:50:49Z 2013-03-16T12:56:03Z 459
Mar 16, 2013 12:56:03 PM net.blogracy.controller.DistributedHashTable$DownloadListener <init>
INFO: download-req IIFTPYF2OOSC7OUXFHS6JFLCSWAADAGJ GXQQW6SX73DWIM4XQAS2VJAKOEVC44QI 2013-03-16T12:50:49Z
Mar 16, 2013 12:56:08 PM net.blogracy.controller.DistributedHashTable$DownloadListener onMessage
INFO: download-ans IIFTPYF2OOSC7OUXFHS6JFLCSWAADAGJ GXQQW6SX73DWIM4XQAS2VJAKOEVC44QI 2013-03-16T12:50:49Z 2013-03-16T12:56:08Z 5300  319000 821
Mar 16, 2013 12:56:30 PM net.blogracy.controller.DistributedHashTable$LookupListener <init>
INFO: lookup-req GRRVNWRRA5YPOTR2NJTQK3RXPMJXGKYD
Mar 16, 2013 12:56:30 PM net.blogracy.controller.DistributedHashTable$LookupListener onMessage
INFO: lookup-ans GRRVNWRRA5YPOTR2NJTQK3RXPMJXGKYD Z44I3UIP7BP7RYUFEGSHKY46BWP34TNN 2013-03-16T12:56:05Z 2013-03-16T12:56:30Z 241
Mar 16, 2013 12:56:30 PM net.blogracy.controller.DistributedHashTable$DownloadListener <init>
INFO: download-req GRRVNWRRA5YPOTR2NJTQK3RXPMJXGKYD Z44I3UIP7BP7RYUFEGSHKY46BWP34TNN 2013-03-16T12:56:05Z
Mar 16, 2013 12:56:30 PM net.blogracy.controller.DistributedHashTable$LookupListener onMessage
INFO: lookup-ans GRRVNWRRA5YPOTR2NJTQK3RXPMJXGKYD EK6FVP4VMGNY64OC3R4XP4Y355MV7GL3 2013-03-16T07:12:34Z 2013-03-16T12:56:30Z 444
Mar 16, 2013 12:56:30 PM net.blogracy.controller.DistributedHashTable$LookupListener onMessage
INFO: lookup-ans GRRVNWRRA5YPOTR2NJTQK3RXPMJXGKYD N2XSHXTDPK7NMLMRJHM43RT2OYZP4SJI 2013-03-16T08:47:59Z 2013-03-16T12:56:30Z 476
Mar 16, 2013 12:56:33 PM net.blogracy.controller.DistributedHashTable$DownloadListener onMessage
INFO: download-ans GRRVNWRRA5YPOTR2NJTQK3RXPMJXGKYD Z44I3UIP7BP7RYUFEGSHKY46BWP34TNN 2013-03-16T12:56:05Z 2013-03-16T12:56:33Z 3241  28000 1091
Mar 16, 2013 12:56:57 PM net.blogracy.controller.DistributedHashTable$LookupListener <init>
INFO: lookup-req HPQLSAFOTHT5XCF6AXRN65UWQXL75VUB
Mar 16, 2013 12:57:25 PM net.blogracy.controller.DistributedHashTable$LookupListener <init>
INFO: lookup-req OL65LQYSH3BAO6TGPHZIFC72WVGFD6PR
Mar 16, 2013 12:57:25 PM net.blogracy.controller.DistributedHashTable$LookupListener onMessage
INFO: lookup-ans OL65LQYSH3BAO6TGPHZIFC72WVGFD6PR ETGBEVBUBPJJMEJAPDWXU2YBLI2WNNAN 2013-03-16T12:51:43Z 2013-03-16T12:57:25Z 202
Mar 16, 2013 12:57:25 PM net.blogracy.controller.DistributedHashTable$DownloadListener <init>
INFO: download-req OL65LQYSH3BAO6TGPHZIFC72WVGFD6PR ETGBEVBUBPJJMEJAPDWXU2YBLI2WNNAN 2013-03-16T12:51:43Z
Mar 16, 2013 12:57:28 PM net.blogracy.controller.DistributedHashTable$DownloadListener onMessage
INFO: download-ans OL65LQYSH3BAO6TGPHZIFC72WVGFD6PR ETGBEVBUBPJJMEJAPDWXU2YBLI2WNNAN 2013-03-16T12:51:43Z 2013-03-16T12:57:28Z 2739  345000 821
Mar 16, 2013 12:57:52 PM net.blogracy.controller.DistributedHashTable$LookupListener <init>
INFO: lookup-req 734RO6HILBSFN7TZMLELFXELO3NKEQPG
Mar 16, 2013 12:57:52 PM net.blogracy.controller.DistributedHashTable$LookupListener onMessage
INFO: lookup-ans 734RO6HILBSFN7TZMLELFXELO3NKEQPG EFDVO5TD2YABIOTGLJBZ2JROF272IHQ7 2013-03-16T12:54:11Z 2013-03-16T12:57:52Z 126
Mar 16, 2013 12:57:52 PM net.blogracy.controller.DistributedHashTable$DownloadListener <init>
INFO: download-req 734RO6HILBSFN7TZMLELFXELO3NKEQPG EFDVO5TD2YABIOTGLJBZ2JROF272IHQ7 2013-03-16T12:54:11Z
Mar 16, 2013 12:57:59 PM net.blogracy.controller.DistributedHashTable$DownloadListener onMessage
INFO: download-ans 734RO6HILBSFN7TZMLELFXELO3NKEQPG EFDVO5TD2YABIOTGLJBZ2JROF272IHQ7 2013-03-16T12:54:11Z 2013-03-16T12:57:59Z 6223  228000 1091
Mar 16, 2013 12:58:20 PM net.blogracy.controller.DistributedHashTable$LookupListener <init>
INFO: lookup-req O2LNUOSQV6AMEJPEGJG7OVPK2XZQV3ZE
Mar 16, 2013 12:58:20 PM net.blogracy.controller.DistributedHashTable$LookupListener onMessage
INFO: lookup-ans O2LNUOSQV6AMEJPEGJG7OVPK2XZQV3ZE QUZBYT5YJG7KLLPC2XN2IFORTUYYYU55 2013-03-16T12:53:59Z 2013-03-16T12:58:20Z 215
Mar 16, 2013 12:58:20 PM net.blogracy.controller.DistributedHashTable$DownloadListener <init>
INFO: download-req O2LNUOSQV6AMEJPEGJG7OVPK2XZQV3ZE QUZBYT5YJG7KLLPC2XN2IFORTUYYYU55 2013-03-16T12:53:59Z
Mar 16, 2013 12:58:23 PM net.blogracy.controller.DistributedHashTable$DownloadListener onMessage
INFO: download-ans O2LNUOSQV6AMEJPEGJG7OVPK2XZQV3ZE QUZBYT5YJG7KLLPC2XN2IFORTUYYYU55 2013-03-16T12:53:59Z 2013-03-16T12:58:23Z 2808  264000 1091
Mar 16, 2013 12:58:47 PM net.blogracy.controller.DistributedHashTable$LookupListener <init>
INFO: lookup-req RPVEPPTQV6G357V6OCZ4RSFBRAFAP3HM
Mar 16, 2013 12:59:14 PM net.blogracy.controller.DistributedHashTable$LookupListener <init>
INFO: lookup-req 3B73BAT64GOB5DR7NXD7IRSR4Z7GIK4E
Mar 16, 2013 12:59:15 PM net.blogracy.controller.DistributedHashTable$LookupListener onMessage
INFO: lookup-ans 3B73BAT64GOB5DR7NXD7IRSR4Z7GIK4E KWK52YX3XWPNOTXG6OOAHXG4BE7EAQS6 2013-03-16T12:43:32Z 2013-03-16T12:59:15Z 352
Mar 16, 2013 12:59:42 PM net.blogracy.controller.DistributedHashTable$LookupListener <init>
INFO: lookup-req QF57FG6NEFT7PHOEIFHV734DS7DAMSD2
Mar 16, 2013 12:59:42 PM net.blogracy.controller.DistributedHashTable$LookupListener onMessage
INFO: lookup-ans QF57FG6NEFT7PHOEIFHV734DS7DAMSD2 XXSWWQJVZ6SDEQ37TXFPKEGJNQLBKXM6 2013-03-16T12:57:17Z 2013-03-16T12:59:42Z 442
Mar 16, 2013 12:59:42 PM net.blogracy.controller.DistributedHashTable$DownloadListener <init>
INFO: download-req QF57FG6NEFT7PHOEIFHV734DS7DAMSD2 XXSWWQJVZ6SDEQ37TXFPKEGJNQLBKXM6 2013-03-16T12:57:17Z
Mar 16, 2013 12:59:46 PM net.blogracy.controller.DistributedHashTable$DownloadListener onMessage
INFO: download-ans QF57FG6NEFT7PHOEIFHV734DS7DAMSD2 XXSWWQJVZ6SDEQ37TXFPKEGJNQLBKXM6 2013-03-16T12:57:17Z 2013-03-16T12:59:46Z 3814  149000 1091
Mar 16, 2013 1:00:09 PM net.blogracy.controller.DistributedHashTable$LookupListener <init>
INFO: lookup-req H3WGV7IKX35FZNSFJYEZV4VCFQBSAKEL
Mar 16, 2013 1:00:09 PM net.blogracy.controller.DistributedHashTable$LookupListener onMessage
INFO: lookup-ans H3WGV7IKX35FZNSFJYEZV4VCFQBSAKEL 6ESLHHXTVUFHMEJBCWMI7Z7SP6RCLKPO 2013-03-16T12:58:39Z 2013-03-16T13:00:09Z 388
Mar 16, 2013 1:00:10 PM net.blogracy.controller.DistributedHashTable$DownloadListener <init>
INFO: download-req H3WGV7IKX35FZNSFJYEZV4VCFQBSAKEL 6ESLHHXTVUFHMEJBCWMI7Z7SP6RCLKPO 2013-03-16T12:58:39Z
Mar 16, 2013 1:00:10 PM net.blogracy.controller.DistributedHashTable$LookupListener onMessage
INFO: lookup-ans H3WGV7IKX35FZNSFJYEZV4VCFQBSAKEL GMFJRGOOODDV2INC6OJY2AXVWOZLOMSZ 2013-03-16T08:45:27Z 2013-03-16T13:00:10Z 558
Mar 16, 2013 1:00:36 PM net.blogracy.controller.DistributedHashTable$LookupListener <init>
INFO: lookup-req JZY6QFFDO2J4RQXM6QEFAMCKPOBHYFWR
Mar 16, 2013 1:00:37 PM net.blogracy.controller.DistributedHashTable$LookupListener onMessage
INFO: lookup-ans JZY6QFFDO2J4RQXM6QEFAMCKPOBHYFWR OMLFIXNEJKBFCJ4OKJ4IPJMWF2ZGU5IX 2013-03-16T12:59:05Z 2013-03-16T13:00:37Z 407
Mar 16, 2013 1:00:37 PM net.blogracy.controller.DistributedHashTable$DownloadListener <init>
INFO: download-req JZY6QFFDO2J4RQXM6QEFAMCKPOBHYFWR OMLFIXNEJKBFCJ4OKJ4IPJMWF2ZGU5IX 2013-03-16T12:59:05Z
Mar 16, 2013 1:00:41 PM net.blogracy.controller.DistributedHashTable$DownloadListener onMessage
INFO: download-ans JZY6QFFDO2J4RQXM6QEFAMCKPOBHYFWR OMLFIXNEJKBFCJ4OKJ4IPJMWF2ZGU5IX 2013-03-16T12:59:05Z 2013-03-16T13:00:41Z 3739  96000 1361
Mar 16, 2013 1:00:42 PM net.blogracy.controller.DistributedHashTable$DownloadListener onMessage
INFO: download-ans H3WGV7IKX35FZNSFJYEZV4VCFQBSAKEL 6ESLHHXTVUFHMEJBCWMI7Z7SP6RCLKPO 2013-03-16T12:58:39Z 2013-03-16T13:00:42Z 32629  123000 1361
Mar 16, 2013 1:01:04 PM net.blogracy.controller.DistributedHashTable$LookupListener <init>
INFO: lookup-req IIFTPYF2OOSC7OUXFHS6JFLCSWAADAGJ
Mar 16, 2013 1:01:05 PM net.blogracy.controller.DistributedHashTable$LookupListener onMessage
INFO: lookup-ans IIFTPYF2OOSC7OUXFHS6JFLCSWAADAGJ 65ZUSJNPT7YUS7DIHJXD2Q3OAVDMEPS7 2013-03-16T12:55:49Z 2013-03-16T13:01:05Z 699
Mar 16, 2013 1:01:05 PM net.blogracy.controller.DistributedHashTable$DownloadListener <init>
INFO: download-req IIFTPYF2OOSC7OUXFHS6JFLCSWAADAGJ 65ZUSJNPT7YUS7DIHJXD2Q3OAVDMEPS7 2013-03-16T12:55:49Z
Mar 16, 2013 1:01:08 PM net.blogracy.controller.DistributedHashTable$DownloadListener onMessage
INFO: download-ans IIFTPYF2OOSC7OUXFHS6JFLCSWAADAGJ 65ZUSJNPT7YUS7DIHJXD2Q3OAVDMEPS7 2013-03-16T12:55:49Z 2013-03-16T13:01:08Z 3816  319000 1091
Mar 16, 2013 1:01:31 PM net.blogracy.controller.DistributedHashTable$LookupListener <init>
INFO: lookup-req GRRVNWRRA5YPOTR2NJTQK3RXPMJXGKYD
Mar 16, 2013 1:01:31 PM net.blogracy.controller.DistributedHashTable$LookupListener onMessage
INFO: lookup-ans GRRVNWRRA5YPOTR2NJTQK3RXPMJXGKYD B37QGCMVYVOJXEAHQMUEMFWV7ISVVI4Y 2013-03-16T13:01:05Z 2013-03-16T13:01:31Z 206
Mar 16, 2013 1:01:31 PM net.blogracy.controller.DistributedHashTable$DownloadListener <init>
INFO: download-req GRRVNWRRA5YPOTR2NJTQK3RXPMJXGKYD B37QGCMVYVOJXEAHQMUEMFWV7ISVVI4Y 2013-03-16T13:01:05Z
Mar 16, 2013 1:01:32 PM net.blogracy.controller.DistributedHashTable$LookupListener onMessage
INFO: lookup-ans GRRVNWRRA5YPOTR2NJTQK3RXPMJXGKYD EK6FVP4VMGNY64OC3R4XP4Y355MV7GL3 2013-03-16T07:12:34Z 2013-03-16T13:01:32Z 311
Mar 16, 2013 1:01:32 PM net.blogracy.controller.DistributedHashTable$LookupListener onMessage
INFO: lookup-ans GRRVNWRRA5YPOTR2NJTQK3RXPMJXGKYD N2XSHXTDPK7NMLMRJHM43RT2OYZP4SJI 2013-03-16T08:47:59Z 2013-03-16T13:01:32Z 335
Mar 16, 2013 1:01:35 PM net.blogracy.controller.DistributedHashTable$DownloadListener onMessage
INFO: download-ans GRRVNWRRA5YPOTR2NJTQK3RXPMJXGKYD B37QGCMVYVOJXEAHQMUEMFWV7ISVVI4Y 2013-03-16T13:01:05Z 2013-03-16T13:01:35Z 3678  30000 1361
Mar 16, 2013 1:01:59 PM net.blogracy.controller.DistributedHashTable$LookupListener <init>
INFO: lookup-req HPQLSAFOTHT5XCF6AXRN65UWQXL75VUB
Mar 16, 2013 1:02:26 PM net.blogracy.controller.DistributedHashTable$LookupListener <init>
INFO: lookup-req OL65LQYSH3BAO6TGPHZIFC72WVGFD6PR
Mar 16, 2013 1:02:27 PM net.blogracy.controller.DistributedHashTable$LookupListener onMessage
INFO: lookup-ans OL65LQYSH3BAO6TGPHZIFC72WVGFD6PR 7GYRXTKOGIANBZDQ6E7ROQ43EZTLKLMN 2013-03-16T12:56:43Z 2013-03-16T13:02:27Z 195
Mar 16, 2013 1:02:27 PM net.blogracy.controller.DistributedHashTable$DownloadListener <init>
INFO: download-req OL65LQYSH3BAO6TGPHZIFC72WVGFD6PR 7GYRXTKOGIANBZDQ6E7ROQ43EZTLKLMN 2013-03-16T12:56:43Z
Mar 16, 2013 1:02:30 PM net.blogracy.controller.DistributedHashTable$DownloadListener onMessage
INFO: download-ans OL65LQYSH3BAO6TGPHZIFC72WVGFD6PR 7GYRXTKOGIANBZDQ6E7ROQ43EZTLKLMN 2013-03-16T12:56:43Z 2013-03-16T13:02:30Z 3713  347000 1091
Mar 16, 2013 1:02:54 PM net.blogracy.controller.DistributedHashTable$LookupListener <init>
INFO: lookup-req 734RO6HILBSFN7TZMLELFXELO3NKEQPG
Mar 16, 2013 1:02:54 PM net.blogracy.controller.DistributedHashTable$LookupListener onMessage
INFO: lookup-ans 734RO6HILBSFN7TZMLELFXELO3NKEQPG C2ZACL56SSWD26O7IBWW7SUAWH2YYYGK 2013-03-16T12:59:13Z 2013-03-16T13:02:54Z 202
Mar 16, 2013 1:02:54 PM net.blogracy.controller.DistributedHashTable$DownloadListener <init>
INFO: download-req 734RO6HILBSFN7TZMLELFXELO3NKEQPG C2ZACL56SSWD26O7IBWW7SUAWH2YYYGK 2013-03-16T12:59:13Z
Mar 16, 2013 1:02:59 PM net.blogracy.controller.DistributedHashTable$DownloadListener onMessage
INFO: download-ans 734RO6HILBSFN7TZMLELFXELO3NKEQPG C2ZACL56SSWD26O7IBWW7SUAWH2YYYGK 2013-03-16T12:59:13Z 2013-03-16T13:02:59Z 4582  226000 1361
Mar 16, 2013 1:03:21 PM net.blogracy.controller.DistributedHashTable$LookupListener <init>
INFO: lookup-req O2LNUOSQV6AMEJPEGJG7OVPK2XZQV3ZE
Mar 16, 2013 1:03:21 PM net.blogracy.controller.DistributedHashTable$LookupListener onMessage
INFO: lookup-ans O2LNUOSQV6AMEJPEGJG7OVPK2XZQV3ZE PBGHS7D7DMRZ6EXSCVZ6TI67NXMEZWWL 2013-03-16T12:58:59Z 2013-03-16T13:03:21Z 252
Mar 16, 2013 1:03:21 PM net.blogracy.controller.DistributedHashTable$DownloadListener <init>
INFO: download-req O2LNUOSQV6AMEJPEGJG7OVPK2XZQV3ZE PBGHS7D7DMRZ6EXSCVZ6TI67NXMEZWWL 2013-03-16T12:58:59Z
Mar 16, 2013 1:03:21 PM net.blogracy.controller.DistributedHashTable$LookupListener onMessage
INFO: lookup-ans O2LNUOSQV6AMEJPEGJG7OVPK2XZQV3ZE QUZBYT5YJG7KLLPC2XN2IFORTUYYYU55 2013-03-16T12:53:59Z 2013-03-16T13:03:21Z 338
Mar 16, 2013 1:03:26 PM net.blogracy.controller.DistributedHashTable$DownloadListener onMessage
INFO: download-ans O2LNUOSQV6AMEJPEGJG7OVPK2XZQV3ZE PBGHS7D7DMRZ6EXSCVZ6TI67NXMEZWWL 2013-03-16T12:58:59Z 2013-03-16T13:03:26Z 4242  267000 1361
Mar 16, 2013 1:03:48 PM net.blogracy.controller.DistributedHashTable$LookupListener <init>
INFO: lookup-req RPVEPPTQV6G357V6OCZ4RSFBRAFAP3HM
Mar 16, 2013 1:04:16 PM net.blogracy.controller.DistributedHashTable$LookupListener <init>
INFO: lookup-req 3B73BAT64GOB5DR7NXD7IRSR4Z7GIK4E
Mar 16, 2013 1:04:16 PM net.blogracy.controller.DistributedHashTable$LookupListener onMessage
INFO: lookup-ans 3B73BAT64GOB5DR7NXD7IRSR4Z7GIK4E KWK52YX3XWPNOTXG6OOAHXG4BE7EAQS6 2013-03-16T12:43:32Z 2013-03-16T13:04:16Z 336
Mar 16, 2013 1:04:43 PM net.blogracy.controller.DistributedHashTable$LookupListener <init>
INFO: lookup-req QF57FG6NEFT7PHOEIFHV734DS7DAMSD2
Mar 16, 2013 1:04:44 PM net.blogracy.controller.DistributedHashTable$LookupListener onMessage
INFO: lookup-ans QF57FG6NEFT7PHOEIFHV734DS7DAMSD2 L4V4UOY3TF65L653RN75TWH7QPY7FWPJ 2013-03-16T13:02:18Z 2013-03-16T13:04:44Z 461
Mar 16, 2013 1:04:44 PM net.blogracy.controller.DistributedHashTable$DownloadListener <init>
INFO: download-req QF57FG6NEFT7PHOEIFHV734DS7DAMSD2 L4V4UOY3TF65L653RN75TWH7QPY7FWPJ 2013-03-16T13:02:18Z
Mar 16, 2013 1:04:47 PM net.blogracy.controller.DistributedHashTable$DownloadListener onMessage
INFO: download-ans QF57FG6NEFT7PHOEIFHV734DS7DAMSD2 L4V4UOY3TF65L653RN75TWH7QPY7FWPJ 2013-03-16T13:02:18Z 2013-03-16T13:04:47Z 3833  149000 1361
Mar 16, 2013 1:05:11 PM net.blogracy.controller.DistributedHashTable$LookupListener <init>
INFO: lookup-req H3WGV7IKX35FZNSFJYEZV4VCFQBSAKEL
Mar 16, 2013 1:05:11 PM net.blogracy.controller.DistributedHashTable$LookupListener onMessage
INFO: lookup-ans H3WGV7IKX35FZNSFJYEZV4VCFQBSAKEL I4OVH2FGOCRLKMACVT3VI6USHH7LYD32 2013-03-16T13:03:40Z 2013-03-16T13:05:11Z 314
Mar 16, 2013 1:05:11 PM net.blogracy.controller.DistributedHashTable$DownloadListener <init>
INFO: download-req H3WGV7IKX35FZNSFJYEZV4VCFQBSAKEL I4OVH2FGOCRLKMACVT3VI6USHH7LYD32 2013-03-16T13:03:40Z
Mar 16, 2013 1:05:11 PM net.blogracy.controller.DistributedHashTable$LookupListener onMessage
INFO: lookup-ans H3WGV7IKX35FZNSFJYEZV4VCFQBSAKEL GMFJRGOOODDV2INC6OJY2AXVWOZLOMSZ 2013-03-16T08:45:27Z 2013-03-16T13:05:11Z 471
Mar 16, 2013 1:05:15 PM net.blogracy.controller.DistributedHashTable$DownloadListener onMessage
INFO: download-ans H3WGV7IKX35FZNSFJYEZV4VCFQBSAKEL I4OVH2FGOCRLKMACVT3VI6USHH7LYD32 2013-03-16T13:03:40Z 2013-03-16T13:05:15Z 3725  95000 1631
Mar 16, 2013 1:05:38 PM net.blogracy.controller.DistributedHashTable$LookupListener <init>
INFO: lookup-req JZY6QFFDO2J4RQXM6QEFAMCKPOBHYFWR
Mar 16, 2013 1:05:38 PM net.blogracy.controller.DistributedHashTable$LookupListener onMessage
INFO: lookup-ans JZY6QFFDO2J4RQXM6QEFAMCKPOBHYFWR VNST4I72EXSOD3NFU52ZVKDOBURZUXX3 2013-03-16T13:04:05Z 2013-03-16T13:05:38Z 389
Mar 16, 2013 1:05:38 PM net.blogracy.controller.DistributedHashTable$DownloadListener <init>
INFO: download-req JZY6QFFDO2J4RQXM6QEFAMCKPOBHYFWR VNST4I72EXSOD3NFU52ZVKDOBURZUXX3 2013-03-16T13:04:05Z
Mar 16, 2013 1:05:43 PM net.blogracy.controller.DistributedHashTable$DownloadListener onMessage
INFO: download-ans JZY6QFFDO2J4RQXM6QEFAMCKPOBHYFWR VNST4I72EXSOD3NFU52ZVKDOBURZUXX3 2013-03-16T13:04:05Z 2013-03-16T13:05:43Z 4214  98000 1631
Mar 16, 2013 1:06:05 PM net.blogracy.controller.DistributedHashTable$LookupListener <init>
INFO: lookup-req IIFTPYF2OOSC7OUXFHS6JFLCSWAADAGJ
Mar 16, 2013 1:06:06 PM net.blogracy.controller.DistributedHashTable$LookupListener onMessage
INFO: lookup-ans IIFTPYF2OOSC7OUXFHS6JFLCSWAADAGJ WYDLOE3ZKV5AFJDWVCWDHGS2GJFOFV7S 2013-03-16T13:00:50Z 2013-03-16T13:06:06Z 517
Mar 16, 2013 1:06:06 PM net.blogracy.controller.DistributedHashTable$DownloadListener <init>
INFO: download-req IIFTPYF2OOSC7OUXFHS6JFLCSWAADAGJ WYDLOE3ZKV5AFJDWVCWDHGS2GJFOFV7S 2013-03-16T13:00:50Z
Mar 16, 2013 1:06:09 PM net.blogracy.controller.DistributedHashTable$DownloadListener onMessage
INFO: download-ans IIFTPYF2OOSC7OUXFHS6JFLCSWAADAGJ WYDLOE3ZKV5AFJDWVCWDHGS2GJFOFV7S 2013-03-16T13:00:50Z 2013-03-16T13:06:09Z 2654  319000 1361
Mar 16, 2013 1:06:33 PM net.blogracy.controller.DistributedHashTable$LookupListener <init>
INFO: lookup-req GRRVNWRRA5YPOTR2NJTQK3RXPMJXGKYD
Mar 16, 2013 1:06:33 PM net.blogracy.controller.DistributedHashTable$LookupListener onMessage
INFO: lookup-ans GRRVNWRRA5YPOTR2NJTQK3RXPMJXGKYD AP3TWOFWAUPWSONBIMLOCLGAPCJMKGME 2013-03-16T13:06:06Z 2013-03-16T13:06:33Z 218
Mar 16, 2013 1:06:33 PM net.blogracy.controller.DistributedHashTable$DownloadListener <init>
INFO: download-req GRRVNWRRA5YPOTR2NJTQK3RXPMJXGKYD AP3TWOFWAUPWSONBIMLOCLGAPCJMKGME 2013-03-16T13:06:06Z
Mar 16, 2013 1:06:33 PM net.blogracy.controller.DistributedHashTable$LookupListener onMessage
INFO: lookup-ans GRRVNWRRA5YPOTR2NJTQK3RXPMJXGKYD N2XSHXTDPK7NMLMRJHM43RT2OYZP4SJI 2013-03-16T08:47:59Z 2013-03-16T13:06:33Z 308
Mar 16, 2013 1:06:33 PM net.blogracy.controller.DistributedHashTable$LookupListener onMessage
INFO: lookup-ans GRRVNWRRA5YPOTR2NJTQK3RXPMJXGKYD EK6FVP4VMGNY64OC3R4XP4Y355MV7GL3 2013-03-16T07:12:34Z 2013-03-16T13:06:33Z 356
Mar 16, 2013 1:06:37 PM net.blogracy.controller.DistributedHashTable$DownloadListener onMessage
INFO: download-ans GRRVNWRRA5YPOTR2NJTQK3RXPMJXGKYD AP3TWOFWAUPWSONBIMLOCLGAPCJMKGME 2013-03-16T13:06:06Z 2013-03-16T13:06:37Z 3746  31000 1631
Mar 16, 2013 1:07:00 PM net.blogracy.controller.DistributedHashTable$LookupListener <init>
INFO: lookup-req HPQLSAFOTHT5XCF6AXRN65UWQXL75VUB
Mar 16, 2013 1:07:28 PM net.blogracy.controller.DistributedHashTable$LookupListener <init>
INFO: lookup-req OL65LQYSH3BAO6TGPHZIFC72WVGFD6PR
Mar 16, 2013 1:07:28 PM net.blogracy.controller.DistributedHashTable$LookupListener onMessage
INFO: lookup-ans OL65LQYSH3BAO6TGPHZIFC72WVGFD6PR KLVEV7NKNYHFZSVBAILR3AVLRRY7MGEP 2013-03-16T13:01:43Z 2013-03-16T13:07:28Z 224
Mar 16, 2013 1:07:28 PM net.blogracy.controller.DistributedHashTable$DownloadListener <init>
INFO: download-req OL65LQYSH3BAO6TGPHZIFC72WVGFD6PR KLVEV7NKNYHFZSVBAILR3AVLRRY7MGEP 2013-03-16T13:01:43Z
Mar 16, 2013 1:07:32 PM net.blogracy.controller.DistributedHashTable$DownloadListener onMessage
INFO: download-ans OL65LQYSH3BAO6TGPHZIFC72WVGFD6PR KLVEV7NKNYHFZSVBAILR3AVLRRY7MGEP 2013-03-16T13:01:43Z 2013-03-16T13:07:32Z 3852  349000 1361
Mar 16, 2013 1:07:55 PM net.blogracy.controller.DistributedHashTable$LookupListener <init>
INFO: lookup-req 734RO6HILBSFN7TZMLELFXELO3NKEQPG
Mar 16, 2013 1:07:56 PM net.blogracy.controller.DistributedHashTable$LookupListener onMessage
INFO: lookup-ans 734RO6HILBSFN7TZMLELFXELO3NKEQPG 25CEZFYB22MMMSXYA7ID7CJUKAFHNWWW 2013-03-16T13:04:14Z 2013-03-16T13:07:56Z 270
Mar 16, 2013 1:07:56 PM net.blogracy.controller.DistributedHashTable$DownloadListener <init>
INFO: download-req 734RO6HILBSFN7TZMLELFXELO3NKEQPG 25CEZFYB22MMMSXYA7ID7CJUKAFHNWWW 2013-03-16T13:04:14Z
Mar 16, 2013 1:08:00 PM net.blogracy.controller.DistributedHashTable$DownloadListener onMessage
INFO: download-ans 734RO6HILBSFN7TZMLELFXELO3NKEQPG 25CEZFYB22MMMSXYA7ID7CJUKAFHNWWW 2013-03-16T13:04:14Z 2013-03-16T13:08:00Z 4037  226000 1631
Mar 16, 2013 1:08:23 PM net.blogracy.controller.DistributedHashTable$LookupListener <init>
INFO: lookup-req O2LNUOSQV6AMEJPEGJG7OVPK2XZQV3ZE
Mar 16, 2013 1:08:23 PM net.blogracy.controller.DistributedHashTable$LookupListener onMessage
INFO: lookup-ans O2LNUOSQV6AMEJPEGJG7OVPK2XZQV3ZE VYJAO4TNRAZKXFQABL5METAHRAGRZOWE 2013-03-16T13:04:00Z 2013-03-16T13:08:23Z 226
Mar 16, 2013 1:08:23 PM net.blogracy.controller.DistributedHashTable$DownloadListener <init>
INFO: download-req O2LNUOSQV6AMEJPEGJG7OVPK2XZQV3ZE VYJAO4TNRAZKXFQABL5METAHRAGRZOWE 2013-03-16T13:04:00Z
Mar 16, 2013 1:08:24 PM net.blogracy.controller.DistributedHashTable$LookupListener onMessage
INFO: lookup-ans O2LNUOSQV6AMEJPEGJG7OVPK2XZQV3ZE QUZBYT5YJG7KLLPC2XN2IFORTUYYYU55 2013-03-16T12:53:59Z 2013-03-16T13:08:24Z 1110
Mar 16, 2013 1:08:27 PM net.blogracy.controller.DistributedHashTable$DownloadListener onMessage
INFO: download-ans O2LNUOSQV6AMEJPEGJG7OVPK2XZQV3ZE VYJAO4TNRAZKXFQABL5METAHRAGRZOWE 2013-03-16T13:04:00Z 2013-03-16T13:08:27Z 3628  267000 1631
Mar 16, 2013 1:08:50 PM net.blogracy.controller.DistributedHashTable$LookupListener <init>
INFO: lookup-req RPVEPPTQV6G357V6OCZ4RSFBRAFAP3HM
Mar 16, 2013 1:09:17 PM net.blogracy.controller.DistributedHashTable$LookupListener <init>
INFO: lookup-req 3B73BAT64GOB5DR7NXD7IRSR4Z7GIK4E
Mar 16, 2013 1:09:18 PM net.blogracy.controller.DistributedHashTable$LookupListener onMessage
INFO: lookup-ans 3B73BAT64GOB5DR7NXD7IRSR4Z7GIK4E KWK52YX3XWPNOTXG6OOAHXG4BE7EAQS6 2013-03-16T12:43:32Z 2013-03-16T13:09:18Z 366
Mar 16, 2013 1:09:45 PM net.blogracy.controller.DistributedHashTable$LookupListener <init>
INFO: lookup-req QF57FG6NEFT7PHOEIFHV734DS7DAMSD2
Mar 16, 2013 1:09:45 PM net.blogracy.controller.DistributedHashTable$LookupListener onMessage
INFO: lookup-ans QF57FG6NEFT7PHOEIFHV734DS7DAMSD2 WGX4EU4SDFMQJHMGPZUUJPQGXZPNJH5O 2013-03-16T13:07:19Z 2013-03-16T13:09:45Z 413
Mar 16, 2013 1:09:45 PM net.blogracy.controller.DistributedHashTable$DownloadListener <init>
INFO: download-req QF57FG6NEFT7PHOEIFHV734DS7DAMSD2 WGX4EU4SDFMQJHMGPZUUJPQGXZPNJH5O 2013-03-16T13:07:19Z
Mar 16, 2013 1:09:45 PM net.blogracy.controller.DistributedHashTable$LookupListener onMessage
INFO: lookup-ans QF57FG6NEFT7PHOEIFHV734DS7DAMSD2 L4V4UOY3TF65L653RN75TWH7QPY7FWPJ 2013-03-16T13:02:18Z 2013-03-16T13:09:45Z 784
Mar 16, 2013 1:09:49 PM net.blogracy.controller.DistributedHashTable$DownloadListener onMessage
INFO: download-ans QF57FG6NEFT7PHOEIFHV734DS7DAMSD2 WGX4EU4SDFMQJHMGPZUUJPQGXZPNJH5O 2013-03-16T13:07:19Z 2013-03-16T13:09:49Z 3825  150000 1631
Mar 16, 2013 1:10:12 PM net.blogracy.controller.DistributedHashTable$LookupListener <init>
INFO: lookup-req H3WGV7IKX35FZNSFJYEZV4VCFQBSAKEL
Mar 16, 2013 1:10:12 PM net.blogracy.controller.DistributedHashTable$LookupListener onMessage
INFO: lookup-ans H3WGV7IKX35FZNSFJYEZV4VCFQBSAKEL UPCMK534ZPTDLLBZVFHDFSGDWMZ3IQKE 2013-03-16T13:08:40Z 2013-03-16T13:10:12Z 396
Mar 16, 2013 1:10:13 PM net.blogracy.controller.DistributedHashTable$DownloadListener <init>
INFO: download-req H3WGV7IKX35FZNSFJYEZV4VCFQBSAKEL UPCMK534ZPTDLLBZVFHDFSGDWMZ3IQKE 2013-03-16T13:08:40Z
Mar 16, 2013 1:10:13 PM net.blogracy.controller.DistributedHashTable$LookupListener onMessage
INFO: lookup-ans H3WGV7IKX35FZNSFJYEZV4VCFQBSAKEL GMFJRGOOODDV2INC6OJY2AXVWOZLOMSZ 2013-03-16T08:45:27Z 2013-03-16T13:10:13Z 750
