Mar 16, 2013 12:38:38 PM net.blogracy.controller.DistributedHashTable$LookupListener <init>
INFO: lookup-req OL65LQYSH3BAO6TGPHZIFC72WVGFD6PR
Mar 16, 2013 12:39:06 PM net.blogracy.controller.DistributedHashTable$LookupListener <init>
INFO: lookup-req 734RO6HILBSFN7TZMLELFXELO3NKEQPG
Mar 16, 2013 12:39:33 PM net.blogracy.controller.DistributedHashTable$LookupListener <init>
INFO: lookup-req O2LNUOSQV6AMEJPEGJG7OVPK2XZQV3ZE
Mar 16, 2013 12:40:00 PM net.blogracy.controller.DistributedHashTable$LookupListener <init>
INFO: lookup-req RPVEPPTQV6G357V6OCZ4RSFBRAFAP3HM
Mar 16, 2013 12:40:24 PM net.blogracy.controller.DistributedHashTable$LookupListener onMessage
INFO: lookup-ans O2LNUOSQV6AMEJPEGJG7OVPK2XZQV3ZE M44FCC4H62ZWD2XBJJBHDFJIWYYACBGP 2013-03-16T12:38:58Z 2013-03-16T12:40:24Z 51200
Mar 16, 2013 12:40:24 PM net.blogracy.controller.DistributedHashTable$DownloadListener <init>
INFO: download-req O2LNUOSQV6AMEJPEGJG7OVPK2XZQV3ZE M44FCC4H62ZWD2XBJJBHDFJIWYYACBGP 2013-03-16T12:38:58Z
Mar 16, 2013 12:40:27 PM net.blogracy.controller.DistributedHashTable$DownloadListener onMessage
INFO: download-ans O2LNUOSQV6AMEJPEGJG7OVPK2XZQV3ZE M44FCC4H62ZWD2XBJJBHDFJIWYYACBGP 2013-03-16T12:38:58Z 2013-03-16T12:40:27Z 3028  89000 281
Mar 16, 2013 12:40:27 PM net.blogracy.controller.DistributedHashTable$LookupListener <init>
INFO: lookup-req 3B73BAT64GOB5DR7NXD7IRSR4Z7GIK4E
Mar 16, 2013 12:40:55 PM net.blogracy.controller.DistributedHashTable$LookupListener <init>
INFO: lookup-req QF57FG6NEFT7PHOEIFHV734DS7DAMSD2
Mar 16, 2013 12:41:22 PM net.blogracy.controller.DistributedHashTable$LookupListener <init>
INFO: lookup-req JZY6QFFDO2J4RQXM6QEFAMCKPOBHYFWR
Mar 16, 2013 12:41:22 PM net.blogracy.controller.DistributedHashTable$LookupListener onMessage
INFO: lookup-ans JZY6QFFDO2J4RQXM6QEFAMCKPOBHYFWR GYSSPZJMGWITREPXIAU66CRZHRT64FC3 2013-03-16T12:39:03Z 2013-03-16T12:41:22Z 283
Mar 16, 2013 12:41:22 PM net.blogracy.controller.DistributedHashTable$DownloadListener <init>
INFO: download-req JZY6QFFDO2J4RQXM6QEFAMCKPOBHYFWR GYSSPZJMGWITREPXIAU66CRZHRT64FC3 2013-03-16T12:39:03Z
Mar 16, 2013 12:41:49 PM net.blogracy.controller.DistributedHashTable$LookupListener <init>
INFO: lookup-req IIFTPYF2OOSC7OUXFHS6JFLCSWAADAGJ
Mar 16, 2013 12:42:04 PM net.blogracy.controller.DistributedHashTable$LookupListener onMessage
INFO: lookup-ans IIFTPYF2OOSC7OUXFHS6JFLCSWAADAGJ FEIKW62LTXSU56HOSFWSCRDQLXRJAGS7 2013-03-16T12:40:48Z 2013-03-16T12:42:04Z 14851
Mar 16, 2013 12:42:04 PM net.blogracy.controller.DistributedHashTable$DownloadListener <init>
INFO: download-req IIFTPYF2OOSC7OUXFHS6JFLCSWAADAGJ FEIKW62LTXSU56HOSFWSCRDQLXRJAGS7 2013-03-16T12:40:48Z
Mar 16, 2013 12:42:12 PM net.blogracy.controller.DistributedHashTable$DownloadListener onMessage
INFO: download-ans JZY6QFFDO2J4RQXM6QEFAMCKPOBHYFWR GYSSPZJMGWITREPXIAU66CRZHRT64FC3 2013-03-16T12:39:03Z 2013-03-16T12:42:12Z 49686  189000 281
Mar 16, 2013 12:42:17 PM net.blogracy.controller.DistributedHashTable$LookupListener <init>
INFO: lookup-req REHV2GKZR6BI6E66667LFTNPF42XF5QG
Mar 16, 2013 12:42:22 PM net.blogracy.controller.DistributedHashTable$DownloadListener onMessage
INFO: download-ans IIFTPYF2OOSC7OUXFHS6JFLCSWAADAGJ FEIKW62LTXSU56HOSFWSCRDQLXRJAGS7 2013-03-16T12:40:48Z 2013-03-16T12:42:22Z 18197  94000 281
Mar 16, 2013 12:42:44 PM net.blogracy.controller.DistributedHashTable$LookupListener <init>
INFO: lookup-req GRRVNWRRA5YPOTR2NJTQK3RXPMJXGKYD
Mar 16, 2013 12:42:44 PM net.blogracy.controller.DistributedHashTable$LookupListener onMessage
INFO: lookup-ans GRRVNWRRA5YPOTR2NJTQK3RXPMJXGKYD EK6FVP4VMGNY64OC3R4XP4Y355MV7GL3 2013-03-16T07:12:34Z 2013-03-16T12:42:44Z 277
Mar 16, 2013 12:42:44 PM net.blogracy.controller.DistributedHashTable$DownloadListener <init>
INFO: download-req GRRVNWRRA5YPOTR2NJTQK3RXPMJXGKYD EK6FVP4VMGNY64OC3R4XP4Y355MV7GL3 2013-03-16T07:12:34Z
Mar 16, 2013 12:42:44 PM net.blogracy.controller.DistributedHashTable$LookupListener onMessage
INFO: lookup-ans GRRVNWRRA5YPOTR2NJTQK3RXPMJXGKYD XZVZOJMPYL5O7GEYK2F6XCWDSLCKY6XY 2013-03-16T12:41:04Z 2013-03-16T12:42:44Z 301
Mar 16, 2013 12:42:44 PM net.blogracy.controller.DistributedHashTable$DownloadListener <init>
INFO: download-req GRRVNWRRA5YPOTR2NJTQK3RXPMJXGKYD XZVZOJMPYL5O7GEYK2F6XCWDSLCKY6XY 2013-03-16T12:41:04Z
Mar 16, 2013 12:42:44 PM net.blogracy.controller.DistributedHashTable$LookupListener onMessage
INFO: lookup-ans GRRVNWRRA5YPOTR2NJTQK3RXPMJXGKYD N2XSHXTDPK7NMLMRJHM43RT2OYZP4SJI 2013-03-16T08:47:59Z 2013-03-16T12:42:44Z 325
Mar 16, 2013 12:42:44 PM net.blogracy.controller.DistributedHashTable$DownloadListener <init>
INFO: download-req GRRVNWRRA5YPOTR2NJTQK3RXPMJXGKYD N2XSHXTDPK7NMLMRJHM43RT2OYZP4SJI 2013-03-16T08:47:59Z
Mar 16, 2013 12:42:49 PM net.blogracy.controller.DistributedHashTable$DownloadListener onMessage
INFO: download-ans GRRVNWRRA5YPOTR2NJTQK3RXPMJXGKYD XZVZOJMPYL5O7GEYK2F6XCWDSLCKY6XY 2013-03-16T12:41:04Z 2013-03-16T12:42:49Z 4415  105000 281
Mar 16, 2013 12:43:11 PM net.blogracy.controller.DistributedHashTable$LookupListener <init>
INFO: lookup-req HPQLSAFOTHT5XCF6AXRN65UWQXL75VUB
Mar 16, 2013 12:43:39 PM net.blogracy.controller.DistributedHashTable$LookupListener <init>
INFO: lookup-req OL65LQYSH3BAO6TGPHZIFC72WVGFD6PR
Mar 16, 2013 12:43:39 PM net.blogracy.controller.DistributedHashTable$LookupListener onMessage
INFO: lookup-ans OL65LQYSH3BAO6TGPHZIFC72WVGFD6PR D5L6TOXH7RK7NER76GKYWSC2BXJJX3YC 2013-03-16T12:41:42Z 2013-03-16T12:43:39Z 762
Mar 16, 2013 12:43:39 PM net.blogracy.controller.DistributedHashTable$DownloadListener <init>
INFO: download-req OL65LQYSH3BAO6TGPHZIFC72WVGFD6PR D5L6TOXH7RK7NER76GKYWSC2BXJJX3YC 2013-03-16T12:41:42Z
Mar 16, 2013 12:43:47 PM net.blogracy.controller.DistributedHashTable$DownloadListener onMessage
INFO: download-ans OL65LQYSH3BAO6TGPHZIFC72WVGFD6PR D5L6TOXH7RK7NER76GKYWSC2BXJJX3YC 2013-03-16T12:41:42Z 2013-03-16T12:43:47Z 7156  125000 281
Mar 16, 2013 12:44:06 PM net.blogracy.controller.DistributedHashTable$LookupListener <init>
INFO: lookup-req 734RO6HILBSFN7TZMLELFXELO3NKEQPG
Mar 16, 2013 12:44:06 PM net.blogracy.controller.DistributedHashTable$LookupListener onMessage
INFO: lookup-ans 734RO6HILBSFN7TZMLELFXELO3NKEQPG 6BV7OFSFQQW44YSJHTNGTPVS5G6GYD63 2013-03-16T12:39:06Z 2013-03-16T12:44:06Z 286
Mar 16, 2013 12:44:06 PM net.blogracy.controller.DistributedHashTable$DownloadListener <init>
INFO: download-req 734RO6HILBSFN7TZMLELFXELO3NKEQPG 6BV7OFSFQQW44YSJHTNGTPVS5G6GYD63 2013-03-16T12:39:06Z
Mar 16, 2013 12:44:10 PM net.blogracy.controller.DistributedHashTable$DownloadListener onMessage
INFO: download-ans 734RO6HILBSFN7TZMLELFXELO3NKEQPG 6BV7OFSFQQW44YSJHTNGTPVS5G6GYD63 2013-03-16T12:39:06Z 2013-03-16T12:44:10Z 3875  304000 281
Mar 16, 2013 12:44:33 PM net.blogracy.controller.DistributedHashTable$LookupListener <init>
INFO: lookup-req O2LNUOSQV6AMEJPEGJG7OVPK2XZQV3ZE
Mar 16, 2013 12:44:34 PM net.blogracy.controller.DistributedHashTable$LookupListener onMessage
INFO: lookup-ans O2LNUOSQV6AMEJPEGJG7OVPK2XZQV3ZE M44FCC4H62ZWD2XBJJBHDFJIWYYACBGP 2013-03-16T12:38:58Z 2013-03-16T12:44:34Z 280
Mar 16, 2013 12:45:01 PM net.blogracy.controller.DistributedHashTable$LookupListener <init>
INFO: lookup-req RPVEPPTQV6G357V6OCZ4RSFBRAFAP3HM
Mar 16, 2013 12:45:28 PM net.blogracy.controller.DistributedHashTable$LookupListener <init>
INFO: lookup-req 3B73BAT64GOB5DR7NXD7IRSR4Z7GIK4E
Mar 16, 2013 12:45:28 PM net.blogracy.controller.DistributedHashTable$LookupListener onMessage
INFO: lookup-ans 3B73BAT64GOB5DR7NXD7IRSR4Z7GIK4E KWK52YX3XWPNOTXG6OOAHXG4BE7EAQS6 2013-03-16T12:43:32Z 2013-03-16T12:45:28Z 142
Mar 16, 2013 12:45:28 PM net.blogracy.controller.DistributedHashTable$DownloadListener <init>
INFO: download-req 3B73BAT64GOB5DR7NXD7IRSR4Z7GIK4E KWK52YX3XWPNOTXG6OOAHXG4BE7EAQS6 2013-03-16T12:43:32Z
Mar 16, 2013 12:45:43 PM net.blogracy.controller.DistributedHashTable$DownloadListener onMessage
INFO: download-ans 3B73BAT64GOB5DR7NXD7IRSR4Z7GIK4E KWK52YX3XWPNOTXG6OOAHXG4BE7EAQS6 2013-03-16T12:43:32Z 2013-03-16T12:45:43Z 15217  131000 281
Mar 16, 2013 12:45:55 PM net.blogracy.controller.DistributedHashTable$LookupListener <init>
INFO: lookup-req QF57FG6NEFT7PHOEIFHV734DS7DAMSD2
Mar 16, 2013 12:45:56 PM net.blogracy.controller.DistributedHashTable$LookupListener onMessage
INFO: lookup-ans QF57FG6NEFT7PHOEIFHV734DS7DAMSD2 OTDE4B5JCPFI4JLMI7BPAU636DG6NBJL 2013-03-16T12:42:14Z 2013-03-16T12:45:56Z 426
Mar 16, 2013 12:45:56 PM net.blogracy.controller.DistributedHashTable$DownloadListener <init>
INFO: download-req QF57FG6NEFT7PHOEIFHV734DS7DAMSD2 OTDE4B5JCPFI4JLMI7BPAU636DG6NBJL 2013-03-16T12:42:14Z
Mar 16, 2013 12:45:59 PM net.blogracy.controller.DistributedHashTable$DownloadListener onMessage
INFO: download-ans QF57FG6NEFT7PHOEIFHV734DS7DAMSD2 OTDE4B5JCPFI4JLMI7BPAU636DG6NBJL 2013-03-16T12:42:14Z 2013-03-16T12:45:59Z 3500  225000 281
Mar 16, 2013 12:46:22 PM net.blogracy.controller.DistributedHashTable$LookupListener <init>
INFO: lookup-req JZY6QFFDO2J4RQXM6QEFAMCKPOBHYFWR
Mar 16, 2013 12:46:23 PM net.blogracy.controller.DistributedHashTable$LookupListener onMessage
INFO: lookup-ans JZY6QFFDO2J4RQXM6QEFAMCKPOBHYFWR FQCSK64CVW67M3M6MDJEGH5CKFZJWDF4 2013-03-16T12:44:04Z 2013-03-16T12:46:23Z 263
Mar 16, 2013 12:46:23 PM net.blogracy.controller.DistributedHashTable$DownloadListener <init>
INFO: download-req JZY6QFFDO2J4RQXM6QEFAMCKPOBHYFWR FQCSK64CVW67M3M6MDJEGH5CKFZJWDF4 2013-03-16T12:44:04Z
Mar 16, 2013 12:46:26 PM net.blogracy.controller.DistributedHashTable$DownloadListener onMessage
INFO: download-ans JZY6QFFDO2J4RQXM6QEFAMCKPOBHYFWR FQCSK64CVW67M3M6MDJEGH5CKFZJWDF4 2013-03-16T12:44:04Z 2013-03-16T12:46:26Z 3352  142000 551
Mar 16, 2013 12:46:50 PM net.blogracy.controller.DistributedHashTable$LookupListener <init>
INFO: lookup-req IIFTPYF2OOSC7OUXFHS6JFLCSWAADAGJ
Mar 16, 2013 12:46:50 PM net.blogracy.controller.DistributedHashTable$LookupListener onMessage
INFO: lookup-ans IIFTPYF2OOSC7OUXFHS6JFLCSWAADAGJ YT7F3574X3ZZGG5PAAHAMFJVBVWJRCHQ 2013-03-16T12:45:49Z 2013-03-16T12:46:50Z 472
Mar 16, 2013 12:46:50 PM net.blogracy.controller.DistributedHashTable$DownloadListener <init>
INFO: download-req IIFTPYF2OOSC7OUXFHS6JFLCSWAADAGJ YT7F3574X3ZZGG5PAAHAMFJVBVWJRCHQ 2013-03-16T12:45:49Z
Mar 16, 2013 12:46:54 PM net.blogracy.controller.DistributedHashTable$DownloadListener onMessage
INFO: download-ans IIFTPYF2OOSC7OUXFHS6JFLCSWAADAGJ YT7F3574X3ZZGG5PAAHAMFJVBVWJRCHQ 2013-03-16T12:45:49Z 2013-03-16T12:46:54Z 3809  65000 551
Mar 16, 2013 12:47:17 PM net.blogracy.controller.DistributedHashTable$LookupListener <init>
INFO: lookup-req REHV2GKZR6BI6E66667LFTNPF42XF5QG
Mar 16, 2013 12:47:17 PM net.blogracy.controller.DistributedHashTable$LookupListener onMessage
INFO: lookup-ans REHV2GKZR6BI6E66667LFTNPF42XF5QG RU66HG5JTXCOVJMY444QKH2GGMC6UCY2 2013-03-16T12:42:18Z 2013-03-16T12:47:17Z 288
Mar 16, 2013 12:47:17 PM net.blogracy.controller.DistributedHashTable$DownloadListener <init>
INFO: download-req REHV2GKZR6BI6E66667LFTNPF42XF5QG RU66HG5JTXCOVJMY444QKH2GGMC6UCY2 2013-03-16T12:42:18Z
Mar 16, 2013 12:47:20 PM net.blogracy.controller.DistributedHashTable$DownloadListener onMessage
INFO: download-ans REHV2GKZR6BI6E66667LFTNPF42XF5QG RU66HG5JTXCOVJMY444QKH2GGMC6UCY2 2013-03-16T12:42:18Z 2013-03-16T12:47:20Z 2823  302000 281
Mar 16, 2013 12:47:44 PM net.blogracy.controller.DistributedHashTable$LookupListener <init>
INFO: lookup-req GRRVNWRRA5YPOTR2NJTQK3RXPMJXGKYD
Mar 16, 2013 12:47:45 PM net.blogracy.controller.DistributedHashTable$LookupListener onMessage
INFO: lookup-ans GRRVNWRRA5YPOTR2NJTQK3RXPMJXGKYD VHUVNEG5HES4TMXLOBDJLH46GGO7MUKX 2013-03-16T12:46:05Z 2013-03-16T12:47:45Z 283
Mar 16, 2013 12:47:45 PM net.blogracy.controller.DistributedHashTable$DownloadListener <init>
INFO: download-req GRRVNWRRA5YPOTR2NJTQK3RXPMJXGKYD VHUVNEG5HES4TMXLOBDJLH46GGO7MUKX 2013-03-16T12:46:05Z
Mar 16, 2013 12:47:45 PM net.blogracy.controller.DistributedHashTable$LookupListener onMessage
INFO: lookup-ans GRRVNWRRA5YPOTR2NJTQK3RXPMJXGKYD EK6FVP4VMGNY64OC3R4XP4Y355MV7GL3 2013-03-16T07:12:34Z 2013-03-16T12:47:45Z 305
Mar 16, 2013 12:47:45 PM net.blogracy.controller.DistributedHashTable$LookupListener onMessage
INFO: lookup-ans GRRVNWRRA5YPOTR2NJTQK3RXPMJXGKYD N2XSHXTDPK7NMLMRJHM43RT2OYZP4SJI 2013-03-16T08:47:59Z 2013-03-16T12:47:45Z 307
Mar 16, 2013 12:47:48 PM net.blogracy.controller.DistributedHashTable$DownloadListener onMessage
INFO: download-ans GRRVNWRRA5YPOTR2NJTQK3RXPMJXGKYD VHUVNEG5HES4TMXLOBDJLH46GGO7MUKX 2013-03-16T12:46:05Z 2013-03-16T12:47:48Z 3765  103000 551
Mar 16, 2013 12:48:12 PM net.blogracy.controller.DistributedHashTable$LookupListener <init>
INFO: lookup-req HPQLSAFOTHT5XCF6AXRN65UWQXL75VUB
Mar 16, 2013 12:48:39 PM net.blogracy.controller.DistributedHashTable$LookupListener <init>
INFO: lookup-req OL65LQYSH3BAO6TGPHZIFC72WVGFD6PR
Mar 16, 2013 12:48:40 PM net.blogracy.controller.DistributedHashTable$LookupListener onMessage
INFO: lookup-ans OL65LQYSH3BAO6TGPHZIFC72WVGFD6PR BNPNNJWZIQ4TCYF6QDJISNEXXZEPLMCH 2013-03-16T12:46:43Z 2013-03-16T12:48:40Z 717
Mar 16, 2013 12:48:40 PM net.blogracy.controller.DistributedHashTable$DownloadListener <init>
INFO: download-req OL65LQYSH3BAO6TGPHZIFC72WVGFD6PR BNPNNJWZIQ4TCYF6QDJISNEXXZEPLMCH 2013-03-16T12:46:43Z
Mar 16, 2013 12:48:45 PM net.blogracy.controller.DistributedHashTable$DownloadListener onMessage
INFO: download-ans OL65LQYSH3BAO6TGPHZIFC72WVGFD6PR BNPNNJWZIQ4TCYF6QDJISNEXXZEPLMCH 2013-03-16T12:46:43Z 2013-03-16T12:48:45Z 5416  122000 551
Mar 16, 2013 12:49:06 PM net.blogracy.controller.DistributedHashTable$LookupListener <init>
INFO: lookup-req 734RO6HILBSFN7TZMLELFXELO3NKEQPG
Mar 16, 2013 12:49:07 PM net.blogracy.controller.DistributedHashTable$LookupListener onMessage
INFO: lookup-ans 734RO6HILBSFN7TZMLELFXELO3NKEQPG 6BV7OFSFQQW44YSJHTNGTPVS5G6GYD63 2013-03-16T12:39:06Z 2013-03-16T12:49:07Z 244
Mar 16, 2013 12:49:07 PM net.blogracy.controller.DistributedHashTable$LookupListener onMessage
INFO: lookup-ans 734RO6HILBSFN7TZMLELFXELO3NKEQPG REDKGZWLAXLVR5XNU4TQEZNLN6RZG5SC 2013-03-16T12:44:08Z 2013-03-16T12:49:07Z 336
Mar 16, 2013 12:49:07 PM net.blogracy.controller.DistributedHashTable$DownloadListener <init>
INFO: download-req 734RO6HILBSFN7TZMLELFXELO3NKEQPG REDKGZWLAXLVR5XNU4TQEZNLN6RZG5SC 2013-03-16T12:44:08Z
Mar 16, 2013 12:49:09 PM net.blogracy.controller.DistributedHashTable$DownloadListener onMessage
INFO: download-ans 734RO6HILBSFN7TZMLELFXELO3NKEQPG REDKGZWLAXLVR5XNU4TQEZNLN6RZG5SC 2013-03-16T12:44:08Z 2013-03-16T12:49:09Z 2342  301000 551
Mar 16, 2013 12:49:34 PM net.blogracy.controller.DistributedHashTable$LookupListener <init>
INFO: lookup-req O2LNUOSQV6AMEJPEGJG7OVPK2XZQV3ZE
Mar 16, 2013 12:49:34 PM net.blogracy.controller.DistributedHashTable$LookupListener onMessage
INFO: lookup-ans O2LNUOSQV6AMEJPEGJG7OVPK2XZQV3ZE LOJOAPIJFU3OXC72F47QOJ2NXEABN3QN 2013-03-16T12:43:59Z 2013-03-16T12:49:34Z 271
Mar 16, 2013 12:49:34 PM net.blogracy.controller.DistributedHashTable$DownloadListener <init>
INFO: download-req O2LNUOSQV6AMEJPEGJG7OVPK2XZQV3ZE LOJOAPIJFU3OXC72F47QOJ2NXEABN3QN 2013-03-16T12:43:59Z
Mar 16, 2013 12:49:36 PM net.blogracy.controller.DistributedHashTable$DownloadListener onMessage
INFO: download-ans O2LNUOSQV6AMEJPEGJG7OVPK2XZQV3ZE LOJOAPIJFU3OXC72F47QOJ2NXEABN3QN 2013-03-16T12:43:59Z 2013-03-16T12:49:36Z 2459  337000 551
Mar 16, 2013 12:50:01 PM net.blogracy.controller.DistributedHashTable$LookupListener <init>
INFO: lookup-req RPVEPPTQV6G357V6OCZ4RSFBRAFAP3HM
Mar 16, 2013 12:50:28 PM net.blogracy.controller.DistributedHashTable$LookupListener <init>
INFO: lookup-req 3B73BAT64GOB5DR7NXD7IRSR4Z7GIK4E
Mar 16, 2013 12:50:28 PM net.blogracy.controller.DistributedHashTable$LookupListener onMessage
INFO: lookup-ans 3B73BAT64GOB5DR7NXD7IRSR4Z7GIK4E KWK52YX3XWPNOTXG6OOAHXG4BE7EAQS6 2013-03-16T12:43:32Z 2013-03-16T12:50:28Z 152
Mar 16, 2013 12:50:55 PM net.blogracy.controller.DistributedHashTable$LookupListener <init>
INFO: lookup-req QF57FG6NEFT7PHOEIFHV734DS7DAMSD2
Mar 16, 2013 12:50:56 PM net.blogracy.controller.DistributedHashTable$LookupListener onMessage
INFO: lookup-ans QF57FG6NEFT7PHOEIFHV734DS7DAMSD2 SHJVQMVUEYWHTHKJ4NC7NRNVIYHAEEJH 2013-03-16T12:47:16Z 2013-03-16T12:50:56Z 351
Mar 16, 2013 12:50:56 PM net.blogracy.controller.DistributedHashTable$DownloadListener <init>
INFO: download-req QF57FG6NEFT7PHOEIFHV734DS7DAMSD2 SHJVQMVUEYWHTHKJ4NC7NRNVIYHAEEJH 2013-03-16T12:47:16Z
Mar 16, 2013 12:50:58 PM net.blogracy.controller.DistributedHashTable$DownloadListener onMessage
INFO: download-ans QF57FG6NEFT7PHOEIFHV734DS7DAMSD2 SHJVQMVUEYWHTHKJ4NC7NRNVIYHAEEJH 2013-03-16T12:47:16Z 2013-03-16T12:50:58Z 2533  222000 551
Mar 16, 2013 12:51:23 PM net.blogracy.controller.DistributedHashTable$LookupListener <init>
INFO: lookup-req JZY6QFFDO2J4RQXM6QEFAMCKPOBHYFWR
Mar 16, 2013 12:51:23 PM net.blogracy.controller.DistributedHashTable$LookupListener onMessage
INFO: lookup-ans JZY6QFFDO2J4RQXM6QEFAMCKPOBHYFWR MROA3APTFPEXROW3KGKHNFR4LPG3YBJY 2013-03-16T12:49:04Z 2013-03-16T12:51:23Z 359
Mar 16, 2013 12:51:23 PM net.blogracy.controller.DistributedHashTable$DownloadListener <init>
INFO: download-req JZY6QFFDO2J4RQXM6QEFAMCKPOBHYFWR MROA3APTFPEXROW3KGKHNFR4LPG3YBJY 2013-03-16T12:49:04Z
Mar 16, 2013 12:51:50 PM net.blogracy.controller.DistributedHashTable$LookupListener <init>
INFO: lookup-req IIFTPYF2OOSC7OUXFHS6JFLCSWAADAGJ
Mar 16, 2013 12:51:50 PM net.blogracy.controller.DistributedHashTable$LookupListener onMessage
INFO: lookup-ans IIFTPYF2OOSC7OUXFHS6JFLCSWAADAGJ GXQQW6SX73DWIM4XQAS2VJAKOEVC44QI 2013-03-16T12:50:49Z 2013-03-16T12:51:50Z 366
Mar 16, 2013 12:51:50 PM net.blogracy.controller.DistributedHashTable$DownloadListener <init>
INFO: download-req IIFTPYF2OOSC7OUXFHS6JFLCSWAADAGJ GXQQW6SX73DWIM4XQAS2VJAKOEVC44QI 2013-03-16T12:50:49Z
Mar 16, 2013 12:51:59 PM net.blogracy.controller.DistributedHashTable$DownloadListener onMessage
INFO: download-ans JZY6QFFDO2J4RQXM6QEFAMCKPOBHYFWR MROA3APTFPEXROW3KGKHNFR4LPG3YBJY 2013-03-16T12:49:04Z 2013-03-16T12:51:59Z 35958  175000 821
Mar 16, 2013 12:52:17 PM net.blogracy.controller.DistributedHashTable$LookupListener <init>
INFO: lookup-req REHV2GKZR6BI6E66667LFTNPF42XF5QG
Mar 16, 2013 12:52:18 PM net.blogracy.controller.DistributedHashTable$LookupListener onMessage
INFO: lookup-ans REHV2GKZR6BI6E66667LFTNPF42XF5QG IJNHIEWNDDJYHOETGGC3IGR4NRDJVL3Z 2013-03-16T12:47:22Z 2013-03-16T12:52:18Z 377
Mar 16, 2013 12:52:18 PM net.blogracy.controller.DistributedHashTable$DownloadListener <init>
INFO: download-req REHV2GKZR6BI6E66667LFTNPF42XF5QG IJNHIEWNDDJYHOETGGC3IGR4NRDJVL3Z 2013-03-16T12:47:22Z
Mar 16, 2013 12:52:20 PM net.blogracy.controller.DistributedHashTable$DownloadListener onMessage
INFO: download-ans REHV2GKZR6BI6E66667LFTNPF42XF5QG IJNHIEWNDDJYHOETGGC3IGR4NRDJVL3Z 2013-03-16T12:47:22Z 2013-03-16T12:52:20Z 2372  298000 551
Mar 16, 2013 12:52:33 PM net.blogracy.controller.DistributedHashTable$DownloadListener onMessage
INFO: download-ans IIFTPYF2OOSC7OUXFHS6JFLCSWAADAGJ GXQQW6SX73DWIM4XQAS2VJAKOEVC44QI 2013-03-16T12:50:49Z 2013-03-16T12:52:33Z 43060  104000 821
Mar 16, 2013 12:52:45 PM net.blogracy.controller.DistributedHashTable$LookupListener <init>
INFO: lookup-req GRRVNWRRA5YPOTR2NJTQK3RXPMJXGKYD
Mar 16, 2013 12:52:45 PM net.blogracy.controller.DistributedHashTable$LookupListener onMessage
INFO: lookup-ans GRRVNWRRA5YPOTR2NJTQK3RXPMJXGKYD TXMZYC7QVYLM7ESUQZU5KUWKAHU2BZYG 2013-03-16T12:51:05Z 2013-03-16T12:52:45Z 235
Mar 16, 2013 12:52:45 PM net.blogracy.controller.DistributedHashTable$DownloadListener <init>
INFO: download-req GRRVNWRRA5YPOTR2NJTQK3RXPMJXGKYD TXMZYC7QVYLM7ESUQZU5KUWKAHU2BZYG 2013-03-16T12:51:05Z
Mar 16, 2013 12:52:45 PM net.blogracy.controller.DistributedHashTable$LookupListener onMessage
INFO: lookup-ans GRRVNWRRA5YPOTR2NJTQK3RXPMJXGKYD EK6FVP4VMGNY64OC3R4XP4Y355MV7GL3 2013-03-16T07:12:34Z 2013-03-16T12:52:45Z 253
Mar 16, 2013 12:52:45 PM net.blogracy.controller.DistributedHashTable$LookupListener onMessage
INFO: lookup-ans GRRVNWRRA5YPOTR2NJTQK3RXPMJXGKYD N2XSHXTDPK7NMLMRJHM43RT2OYZP4SJI 2013-03-16T08:47:59Z 2013-03-16T12:52:45Z 254
Mar 16, 2013 12:52:48 PM net.blogracy.controller.DistributedHashTable$DownloadListener onMessage
INFO: download-ans GRRVNWRRA5YPOTR2NJTQK3RXPMJXGKYD TXMZYC7QVYLM7ESUQZU5KUWKAHU2BZYG 2013-03-16T12:51:05Z 2013-03-16T12:52:48Z 2924  103000 821
Mar 16, 2013 12:53:12 PM net.blogracy.controller.DistributedHashTable$LookupListener <init>
INFO: lookup-req HPQLSAFOTHT5XCF6AXRN65UWQXL75VUB
Mar 16, 2013 12:53:39 PM net.blogracy.controller.DistributedHashTable$LookupListener <init>
INFO: lookup-req OL65LQYSH3BAO6TGPHZIFC72WVGFD6PR
Mar 16, 2013 12:53:40 PM net.blogracy.controller.DistributedHashTable$LookupListener onMessage
INFO: lookup-ans OL65LQYSH3BAO6TGPHZIFC72WVGFD6PR ETGBEVBUBPJJMEJAPDWXU2YBLI2WNNAN 2013-03-16T12:51:43Z 2013-03-16T12:53:40Z 324
Mar 16, 2013 12:53:40 PM net.blogracy.controller.DistributedHashTable$DownloadListener <init>
INFO: download-req OL65LQYSH3BAO6TGPHZIFC72WVGFD6PR ETGBEVBUBPJJMEJAPDWXU2YBLI2WNNAN 2013-03-16T12:51:43Z
Mar 16, 2013 12:53:40 PM net.blogracy.controller.DistributedHashTable$LookupListener onMessage
INFO: lookup-ans OL65LQYSH3BAO6TGPHZIFC72WVGFD6PR BNPNNJWZIQ4TCYF6QDJISNEXXZEPLMCH 2013-03-16T12:46:43Z 2013-03-16T12:53:40Z 828
Mar 16, 2013 12:53:46 PM net.blogracy.controller.DistributedHashTable$DownloadListener onMessage
INFO: download-ans OL65LQYSH3BAO6TGPHZIFC72WVGFD6PR ETGBEVBUBPJJMEJAPDWXU2YBLI2WNNAN 2013-03-16T12:51:43Z 2013-03-16T12:53:46Z 6426  123000 821
Mar 16, 2013 12:54:07 PM net.blogracy.controller.DistributedHashTable$LookupListener <init>
INFO: lookup-req 734RO6HILBSFN7TZMLELFXELO3NKEQPG
Mar 16, 2013 12:54:07 PM net.blogracy.controller.DistributedHashTable$LookupListener onMessage
INFO: lookup-ans 734RO6HILBSFN7TZMLELFXELO3NKEQPG OVW54PPXL6KIHO2TVPB7FXZVPJBQR5M3 2013-03-16T12:49:10Z 2013-03-16T12:54:07Z 585
Mar 16, 2013 12:54:07 PM net.blogracy.controller.DistributedHashTable$DownloadListener <init>
INFO: download-req 734RO6HILBSFN7TZMLELFXELO3NKEQPG OVW54PPXL6KIHO2TVPB7FXZVPJBQR5M3 2013-03-16T12:49:10Z
Mar 16, 2013 12:54:09 PM net.blogracy.controller.DistributedHashTable$LookupListener onMessage
INFO: lookup-ans 734RO6HILBSFN7TZMLELFXELO3NKEQPG REDKGZWLAXLVR5XNU4TQEZNLN6RZG5SC 2013-03-16T12:44:08Z 2013-03-16T12:54:09Z 2172
Mar 16, 2013 12:54:10 PM net.blogracy.controller.DistributedHashTable$DownloadListener onMessage
INFO: download-ans 734RO6HILBSFN7TZMLELFXELO3NKEQPG OVW54PPXL6KIHO2TVPB7FXZVPJBQR5M3 2013-03-16T12:49:10Z 2013-03-16T12:54:10Z 3137  300000 821
Mar 16, 2013 12:54:34 PM net.blogracy.controller.DistributedHashTable$LookupListener <init>
INFO: lookup-req O2LNUOSQV6AMEJPEGJG7OVPK2XZQV3ZE
Mar 16, 2013 12:54:34 PM net.blogracy.controller.DistributedHashTable$LookupListener onMessage
INFO: lookup-ans O2LNUOSQV6AMEJPEGJG7OVPK2XZQV3ZE QGUEMQ4ET6NNDRUBYXF3S62I4FFU2GWS 2013-03-16T12:48:59Z 2013-03-16T12:54:34Z 280
Mar 16, 2013 12:54:34 PM net.blogracy.controller.DistributedHashTable$DownloadListener <init>
INFO: download-req O2LNUOSQV6AMEJPEGJG7OVPK2XZQV3ZE QGUEMQ4ET6NNDRUBYXF3S62I4FFU2GWS 2013-03-16T12:48:59Z
Mar 16, 2013 12:54:37 PM net.blogracy.controller.DistributedHashTable$DownloadListener onMessage
INFO: download-ans O2LNUOSQV6AMEJPEGJG7OVPK2XZQV3ZE QGUEMQ4ET6NNDRUBYXF3S62I4FFU2GWS 2013-03-16T12:48:59Z 2013-03-16T12:54:37Z 2672  338000 821
Mar 16, 2013 12:55:01 PM net.blogracy.controller.DistributedHashTable$LookupListener <init>
INFO: lookup-req RPVEPPTQV6G357V6OCZ4RSFBRAFAP3HM
Mar 16, 2013 12:55:28 PM net.blogracy.controller.DistributedHashTable$LookupListener <init>
INFO: lookup-req 3B73BAT64GOB5DR7NXD7IRSR4Z7GIK4E
Mar 16, 2013 12:55:29 PM net.blogracy.controller.DistributedHashTable$LookupListener onMessage
INFO: lookup-ans 3B73BAT64GOB5DR7NXD7IRSR4Z7GIK4E KWK52YX3XWPNOTXG6OOAHXG4BE7EAQS6 2013-03-16T12:43:32Z 2013-03-16T12:55:29Z 192
Mar 16, 2013 12:55:56 PM net.blogracy.controller.DistributedHashTable$LookupListener <init>
INFO: lookup-req QF57FG6NEFT7PHOEIFHV734DS7DAMSD2
Mar 16, 2013 12:55:56 PM net.blogracy.controller.DistributedHashTable$LookupListener onMessage
INFO: lookup-ans QF57FG6NEFT7PHOEIFHV734DS7DAMSD2 F3SODVX4GVPA22MFJU4A77RYK3SUO6ZT 2013-03-16T12:52:17Z 2013-03-16T12:55:56Z 394
Mar 16, 2013 12:55:56 PM net.blogracy.controller.DistributedHashTable$DownloadListener <init>
INFO: download-req QF57FG6NEFT7PHOEIFHV734DS7DAMSD2 F3SODVX4GVPA22MFJU4A77RYK3SUO6ZT 2013-03-16T12:52:17Z
Mar 16, 2013 12:55:59 PM net.blogracy.controller.DistributedHashTable$DownloadListener onMessage
INFO: download-ans QF57FG6NEFT7PHOEIFHV734DS7DAMSD2 F3SODVX4GVPA22MFJU4A77RYK3SUO6ZT 2013-03-16T12:52:17Z 2013-03-16T12:55:59Z 2780  222000 821
Mar 16, 2013 12:56:23 PM net.blogracy.controller.DistributedHashTable$LookupListener <init>
INFO: lookup-req JZY6QFFDO2J4RQXM6QEFAMCKPOBHYFWR
Mar 16, 2013 12:56:23 PM net.blogracy.controller.DistributedHashTable$LookupListener onMessage
INFO: lookup-ans JZY6QFFDO2J4RQXM6QEFAMCKPOBHYFWR EKKTYD6DISZMDFMLFXQKFG3UF5OOO57G 2013-03-16T12:54:04Z 2013-03-16T12:56:23Z 249
Mar 16, 2013 12:56:23 PM net.blogracy.controller.DistributedHashTable$DownloadListener <init>
INFO: download-req JZY6QFFDO2J4RQXM6QEFAMCKPOBHYFWR EKKTYD6DISZMDFMLFXQKFG3UF5OOO57G 2013-03-16T12:54:04Z
Mar 16, 2013 12:56:27 PM net.blogracy.controller.DistributedHashTable$DownloadListener onMessage
INFO: download-ans JZY6QFFDO2J4RQXM6QEFAMCKPOBHYFWR EKKTYD6DISZMDFMLFXQKFG3UF5OOO57G 2013-03-16T12:54:04Z 2013-03-16T12:56:27Z 3578  143000 1091
Mar 16, 2013 12:56:50 PM net.blogracy.controller.DistributedHashTable$LookupListener <init>
INFO: lookup-req IIFTPYF2OOSC7OUXFHS6JFLCSWAADAGJ
Mar 16, 2013 12:57:02 PM net.blogracy.controller.DistributedHashTable$LookupListener onMessage
INFO: lookup-ans IIFTPYF2OOSC7OUXFHS6JFLCSWAADAGJ 65ZUSJNPT7YUS7DIHJXD2Q3OAVDMEPS7 2013-03-16T12:55:49Z 2013-03-16T12:57:02Z 11909
Mar 16, 2013 12:57:02 PM net.blogracy.controller.DistributedHashTable$DownloadListener <init>
INFO: download-req IIFTPYF2OOSC7OUXFHS6JFLCSWAADAGJ 65ZUSJNPT7YUS7DIHJXD2Q3OAVDMEPS7 2013-03-16T12:55:49Z
Mar 16, 2013 12:57:05 PM net.blogracy.controller.DistributedHashTable$DownloadListener onMessage
INFO: download-ans IIFTPYF2OOSC7OUXFHS6JFLCSWAADAGJ 65ZUSJNPT7YUS7DIHJXD2Q3OAVDMEPS7 2013-03-16T12:55:49Z 2013-03-16T12:57:05Z 2525  76000 1091
Mar 16, 2013 12:57:18 PM net.blogracy.controller.DistributedHashTable$LookupListener <init>
INFO: lookup-req REHV2GKZR6BI6E66667LFTNPF42XF5QG
Mar 16, 2013 12:57:18 PM net.blogracy.controller.DistributedHashTable$LookupListener onMessage
INFO: lookup-ans REHV2GKZR6BI6E66667LFTNPF42XF5QG HU5J2AOJ6ZWOXOXW4JWGL37FIGWIOOFZ 2013-03-16T12:52:23Z 2013-03-16T12:57:18Z 382
Mar 16, 2013 12:57:18 PM net.blogracy.controller.DistributedHashTable$DownloadListener <init>
INFO: download-req REHV2GKZR6BI6E66667LFTNPF42XF5QG HU5J2AOJ6ZWOXOXW4JWGL37FIGWIOOFZ 2013-03-16T12:52:23Z
Mar 16, 2013 12:57:22 PM net.blogracy.controller.DistributedHashTable$DownloadListener onMessage
INFO: download-ans REHV2GKZR6BI6E66667LFTNPF42XF5QG HU5J2AOJ6ZWOXOXW4JWGL37FIGWIOOFZ 2013-03-16T12:52:23Z 2013-03-16T12:57:22Z 3934  299000 821
Mar 16, 2013 12:57:45 PM net.blogracy.controller.DistributedHashTable$LookupListener <init>
INFO: lookup-req GRRVNWRRA5YPOTR2NJTQK3RXPMJXGKYD
Mar 16, 2013 12:57:45 PM net.blogracy.controller.DistributedHashTable$LookupListener onMessage
INFO: lookup-ans GRRVNWRRA5YPOTR2NJTQK3RXPMJXGKYD EK6FVP4VMGNY64OC3R4XP4Y355MV7GL3 2013-03-16T07:12:34Z 2013-03-16T12:57:45Z 227
Mar 16, 2013 12:57:45 PM net.blogracy.controller.DistributedHashTable$LookupListener onMessage
INFO: lookup-ans GRRVNWRRA5YPOTR2NJTQK3RXPMJXGKYD Z44I3UIP7BP7RYUFEGSHKY46BWP34TNN 2013-03-16T12:56:05Z 2013-03-16T12:57:45Z 228
Mar 16, 2013 12:57:45 PM net.blogracy.controller.DistributedHashTable$DownloadListener <init>
INFO: download-req GRRVNWRRA5YPOTR2NJTQK3RXPMJXGKYD Z44I3UIP7BP7RYUFEGSHKY46BWP34TNN 2013-03-16T12:56:05Z
Mar 16, 2013 12:57:45 PM net.blogracy.controller.DistributedHashTable$LookupListener onMessage
INFO: lookup-ans GRRVNWRRA5YPOTR2NJTQK3RXPMJXGKYD N2XSHXTDPK7NMLMRJHM43RT2OYZP4SJI 2013-03-16T08:47:59Z 2013-03-16T12:57:45Z 242
Mar 16, 2013 12:57:45 PM net.blogracy.controller.DistributedHashTable$LookupListener onMessage
INFO: lookup-ans GRRVNWRRA5YPOTR2NJTQK3RXPMJXGKYD TXMZYC7QVYLM7ESUQZU5KUWKAHU2BZYG 2013-03-16T12:51:05Z 2013-03-16T12:57:45Z 305
Mar 16, 2013 12:58:00 PM net.blogracy.controller.DistributedHashTable$DownloadListener onMessage
INFO: download-ans GRRVNWRRA5YPOTR2NJTQK3RXPMJXGKYD Z44I3UIP7BP7RYUFEGSHKY46BWP34TNN 2013-03-16T12:56:05Z 2013-03-16T12:58:00Z 14517  115000 1091
Mar 16, 2013 12:58:12 PM net.blogracy.controller.DistributedHashTable$LookupListener <init>
INFO: lookup-req HPQLSAFOTHT5XCF6AXRN65UWQXL75VUB
Mar 16, 2013 12:58:39 PM net.blogracy.controller.DistributedHashTable$LookupListener <init>
INFO: lookup-req OL65LQYSH3BAO6TGPHZIFC72WVGFD6PR
Mar 16, 2013 12:58:40 PM net.blogracy.controller.DistributedHashTable$LookupListener onMessage
INFO: lookup-ans OL65LQYSH3BAO6TGPHZIFC72WVGFD6PR 7GYRXTKOGIANBZDQ6E7ROQ43EZTLKLMN 2013-03-16T12:56:43Z 2013-03-16T12:58:40Z 280
Mar 16, 2013 12:58:40 PM net.blogracy.controller.DistributedHashTable$DownloadListener <init>
INFO: download-req OL65LQYSH3BAO6TGPHZIFC72WVGFD6PR 7GYRXTKOGIANBZDQ6E7ROQ43EZTLKLMN 2013-03-16T12:56:43Z
Mar 16, 2013 12:58:45 PM net.blogracy.controller.DistributedHashTable$DownloadListener onMessage
INFO: download-ans OL65LQYSH3BAO6TGPHZIFC72WVGFD6PR 7GYRXTKOGIANBZDQ6E7ROQ43EZTLKLMN 2013-03-16T12:56:43Z 2013-03-16T12:58:45Z 5610  122000 1091
Mar 16, 2013 12:59:07 PM net.blogracy.controller.DistributedHashTable$LookupListener <init>
INFO: lookup-req 734RO6HILBSFN7TZMLELFXELO3NKEQPG
Mar 16, 2013 12:59:07 PM net.blogracy.controller.DistributedHashTable$LookupListener onMessage
INFO: lookup-ans 734RO6HILBSFN7TZMLELFXELO3NKEQPG EFDVO5TD2YABIOTGLJBZ2JROF272IHQ7 2013-03-16T12:54:11Z 2013-03-16T12:59:07Z 228
Mar 16, 2013 12:59:07 PM net.blogracy.controller.DistributedHashTable$DownloadListener <init>
INFO: download-req 734RO6HILBSFN7TZMLELFXELO3NKEQPG EFDVO5TD2YABIOTGLJBZ2JROF272IHQ7 2013-03-16T12:54:11Z
Mar 16, 2013 12:59:08 PM net.blogracy.controller.DistributedHashTable$LookupListener onMessage
INFO: lookup-ans 734RO6HILBSFN7TZMLELFXELO3NKEQPG OVW54PPXL6KIHO2TVPB7FXZVPJBQR5M3 2013-03-16T12:49:10Z 2013-03-16T12:59:08Z 732
Mar 16, 2013 12:59:12 PM net.blogracy.controller.DistributedHashTable$DownloadListener onMessage
INFO: download-ans 734RO6HILBSFN7TZMLELFXELO3NKEQPG EFDVO5TD2YABIOTGLJBZ2JROF272IHQ7 2013-03-16T12:54:11Z 2013-03-16T12:59:12Z 4609  301000 1091
Mar 16, 2013 12:59:34 PM net.blogracy.controller.DistributedHashTable$LookupListener <init>
INFO: lookup-req O2LNUOSQV6AMEJPEGJG7OVPK2XZQV3ZE
Mar 16, 2013 12:59:34 PM net.blogracy.controller.DistributedHashTable$LookupListener onMessage
INFO: lookup-ans O2LNUOSQV6AMEJPEGJG7OVPK2XZQV3ZE QUZBYT5YJG7KLLPC2XN2IFORTUYYYU55 2013-03-16T12:53:59Z 2013-03-16T12:59:34Z 296
Mar 16, 2013 12:59:34 PM net.blogracy.controller.DistributedHashTable$DownloadListener <init>
INFO: download-req O2LNUOSQV6AMEJPEGJG7OVPK2XZQV3ZE QUZBYT5YJG7KLLPC2XN2IFORTUYYYU55 2013-03-16T12:53:59Z
Mar 16, 2013 12:59:38 PM net.blogracy.controller.DistributedHashTable$DownloadListener onMessage
INFO: download-ans O2LNUOSQV6AMEJPEGJG7OVPK2XZQV3ZE QUZBYT5YJG7KLLPC2XN2IFORTUYYYU55 2013-03-16T12:53:59Z 2013-03-16T12:59:38Z 3445  339000 1091
Mar 16, 2013 1:00:01 PM net.blogracy.controller.DistributedHashTable$LookupListener <init>
INFO: lookup-req RPVEPPTQV6G357V6OCZ4RSFBRAFAP3HM
Mar 16, 2013 1:00:29 PM net.blogracy.controller.DistributedHashTable$LookupListener <init>
INFO: lookup-req 3B73BAT64GOB5DR7NXD7IRSR4Z7GIK4E
Mar 16, 2013 1:00:29 PM net.blogracy.controller.DistributedHashTable$LookupListener onMessage
INFO: lookup-ans 3B73BAT64GOB5DR7NXD7IRSR4Z7GIK4E KWK52YX3XWPNOTXG6OOAHXG4BE7EAQS6 2013-03-16T12:43:32Z 2013-03-16T13:00:29Z 405
Mar 16, 2013 1:00:56 PM net.blogracy.controller.DistributedHashTable$LookupListener <init>
INFO: lookup-req QF57FG6NEFT7PHOEIFHV734DS7DAMSD2
Mar 16, 2013 1:00:56 PM net.blogracy.controller.DistributedHashTable$LookupListener onMessage
INFO: lookup-ans QF57FG6NEFT7PHOEIFHV734DS7DAMSD2 F3SODVX4GVPA22MFJU4A77RYK3SUO6ZT 2013-03-16T12:52:17Z 2013-03-16T13:00:56Z 455
Mar 16, 2013 1:00:56 PM net.blogracy.controller.DistributedHashTable$LookupListener onMessage
INFO: lookup-ans QF57FG6NEFT7PHOEIFHV734DS7DAMSD2 XXSWWQJVZ6SDEQ37TXFPKEGJNQLBKXM6 2013-03-16T12:57:17Z 2013-03-16T13:00:56Z 457
Mar 16, 2013 1:00:56 PM net.blogracy.controller.DistributedHashTable$DownloadListener <init>
INFO: download-req QF57FG6NEFT7PHOEIFHV734DS7DAMSD2 XXSWWQJVZ6SDEQ37TXFPKEGJNQLBKXM6 2013-03-16T12:57:17Z
Mar 16, 2013 1:00:59 PM net.blogracy.controller.DistributedHashTable$DownloadListener onMessage
INFO: download-ans QF57FG6NEFT7PHOEIFHV734DS7DAMSD2 XXSWWQJVZ6SDEQ37TXFPKEGJNQLBKXM6 2013-03-16T12:57:17Z 2013-03-16T13:00:59Z 2839  222000 1091
Mar 16, 2013 1:01:23 PM net.blogracy.controller.DistributedHashTable$LookupListener <init>
INFO: lookup-req JZY6QFFDO2J4RQXM6QEFAMCKPOBHYFWR
Mar 16, 2013 1:01:24 PM net.blogracy.controller.DistributedHashTable$LookupListener onMessage
INFO: lookup-ans JZY6QFFDO2J4RQXM6QEFAMCKPOBHYFWR OMLFIXNEJKBFCJ4OKJ4IPJMWF2ZGU5IX 2013-03-16T12:59:05Z 2013-03-16T13:01:24Z 330
Mar 16, 2013 1:01:24 PM net.blogracy.controller.DistributedHashTable$DownloadListener <init>
INFO: download-req JZY6QFFDO2J4RQXM6QEFAMCKPOBHYFWR OMLFIXNEJKBFCJ4OKJ4IPJMWF2ZGU5IX 2013-03-16T12:59:05Z
Mar 16, 2013 1:01:50 PM net.blogracy.controller.DistributedHashTable$LookupListener <init>
INFO: lookup-req IIFTPYF2OOSC7OUXFHS6JFLCSWAADAGJ
Mar 16, 2013 1:01:51 PM net.blogracy.controller.DistributedHashTable$LookupListener onMessage
INFO: lookup-ans IIFTPYF2OOSC7OUXFHS6JFLCSWAADAGJ WYDLOE3ZKV5AFJDWVCWDHGS2GJFOFV7S 2013-03-16T13:00:50Z 2013-03-16T13:01:51Z 309
Mar 16, 2013 1:01:51 PM net.blogracy.controller.DistributedHashTable$DownloadListener <init>
INFO: download-req IIFTPYF2OOSC7OUXFHS6JFLCSWAADAGJ WYDLOE3ZKV5AFJDWVCWDHGS2GJFOFV7S 2013-03-16T13:00:50Z
Mar 16, 2013 1:02:12 PM net.blogracy.controller.DistributedHashTable$DownloadListener onMessage
INFO: download-ans JZY6QFFDO2J4RQXM6QEFAMCKPOBHYFWR OMLFIXNEJKBFCJ4OKJ4IPJMWF2ZGU5IX 2013-03-16T12:59:05Z 2013-03-16T13:02:12Z 48932  187000 1361
Mar 16, 2013 1:02:18 PM net.blogracy.controller.DistributedHashTable$LookupListener <init>
INFO: lookup-req REHV2GKZR6BI6E66667LFTNPF42XF5QG
Mar 16, 2013 1:02:18 PM net.blogracy.controller.DistributedHashTable$LookupListener onMessage
INFO: lookup-ans REHV2GKZR6BI6E66667LFTNPF42XF5QG TURZJMTMS2WXJSWRQXB3ZR4AESTKVTRP 2013-03-16T12:57:25Z 2013-03-16T13:02:18Z 436
Mar 16, 2013 1:02:18 PM net.blogracy.controller.DistributedHashTable$DownloadListener <init>
INFO: download-req REHV2GKZR6BI6E66667LFTNPF42XF5QG TURZJMTMS2WXJSWRQXB3ZR4AESTKVTRP 2013-03-16T12:57:25Z
Mar 16, 2013 1:02:18 PM net.blogracy.controller.DistributedHashTable$LookupListener onMessage
INFO: lookup-ans REHV2GKZR6BI6E66667LFTNPF42XF5QG HU5J2AOJ6ZWOXOXW4JWGL37FIGWIOOFZ 2013-03-16T12:52:23Z 2013-03-16T13:02:18Z 458
Mar 16, 2013 1:02:23 PM net.blogracy.controller.DistributedHashTable$DownloadListener onMessage
INFO: download-ans REHV2GKZR6BI6E66667LFTNPF42XF5QG TURZJMTMS2WXJSWRQXB3ZR4AESTKVTRP 2013-03-16T12:57:25Z 2013-03-16T13:02:23Z 4953  298000 1091
Mar 16, 2013 1:02:36 PM net.blogracy.controller.DistributedHashTable$DownloadListener onMessage
INFO: download-ans IIFTPYF2OOSC7OUXFHS6JFLCSWAADAGJ WYDLOE3ZKV5AFJDWVCWDHGS2GJFOFV7S 2013-03-16T13:00:50Z 2013-03-16T13:02:36Z 45429  106000 1361
Mar 16, 2013 1:02:45 PM net.blogracy.controller.DistributedHashTable$LookupListener <init>
INFO: lookup-req GRRVNWRRA5YPOTR2NJTQK3RXPMJXGKYD
Mar 16, 2013 1:02:45 PM net.blogracy.controller.DistributedHashTable$LookupListener onMessage
INFO: lookup-ans GRRVNWRRA5YPOTR2NJTQK3RXPMJXGKYD B37QGCMVYVOJXEAHQMUEMFWV7ISVVI4Y 2013-03-16T13:01:05Z 2013-03-16T13:02:45Z 298
Mar 16, 2013 1:02:45 PM net.blogracy.controller.DistributedHashTable$DownloadListener <init>
INFO: download-req GRRVNWRRA5YPOTR2NJTQK3RXPMJXGKYD B37QGCMVYVOJXEAHQMUEMFWV7ISVVI4Y 2013-03-16T13:01:05Z
Mar 16, 2013 1:02:45 PM net.blogracy.controller.DistributedHashTable$LookupListener onMessage
INFO: lookup-ans GRRVNWRRA5YPOTR2NJTQK3RXPMJXGKYD EK6FVP4VMGNY64OC3R4XP4Y355MV7GL3 2013-03-16T07:12:34Z 2013-03-16T13:02:45Z 313
Mar 16, 2013 1:02:45 PM net.blogracy.controller.DistributedHashTable$LookupListener onMessage
INFO: lookup-ans GRRVNWRRA5YPOTR2NJTQK3RXPMJXGKYD N2XSHXTDPK7NMLMRJHM43RT2OYZP4SJI 2013-03-16T08:47:59Z 2013-03-16T13:02:45Z 314
Mar 16, 2013 1:02:49 PM net.blogracy.controller.DistributedHashTable$DownloadListener onMessage
INFO: download-ans GRRVNWRRA5YPOTR2NJTQK3RXPMJXGKYD B37QGCMVYVOJXEAHQMUEMFWV7ISVVI4Y 2013-03-16T13:01:05Z 2013-03-16T13:02:49Z 4045  104000 1361
Mar 16, 2013 1:02:58 PM net.blogracy.controller.DistributedHashTable$LookupListener onMessage
INFO: lookup-ans GRRVNWRRA5YPOTR2NJTQK3RXPMJXGKYD Z44I3UIP7BP7RYUFEGSHKY46BWP34TNN 2013-03-16T12:56:05Z 2013-03-16T13:02:58Z 12977
Mar 16, 2013 1:03:12 PM net.blogracy.controller.DistributedHashTable$LookupListener <init>
INFO: lookup-req HPQLSAFOTHT5XCF6AXRN65UWQXL75VUB
Mar 16, 2013 1:03:40 PM net.blogracy.controller.DistributedHashTable$LookupListener <init>
INFO: lookup-req OL65LQYSH3BAO6TGPHZIFC72WVGFD6PR
Mar 16, 2013 1:03:40 PM net.blogracy.controller.DistributedHashTable$LookupListener onMessage
INFO: lookup-ans OL65LQYSH3BAO6TGPHZIFC72WVGFD6PR KLVEV7NKNYHFZSVBAILR3AVLRRY7MGEP 2013-03-16T13:01:43Z 2013-03-16T13:03:40Z 273
Mar 16, 2013 1:03:40 PM net.blogracy.controller.DistributedHashTable$DownloadListener <init>
INFO: download-req OL65LQYSH3BAO6TGPHZIFC72WVGFD6PR KLVEV7NKNYHFZSVBAILR3AVLRRY7MGEP 2013-03-16T13:01:43Z
Mar 16, 2013 1:03:46 PM net.blogracy.controller.DistributedHashTable$DownloadListener onMessage
INFO: download-ans OL65LQYSH3BAO6TGPHZIFC72WVGFD6PR KLVEV7NKNYHFZSVBAILR3AVLRRY7MGEP 2013-03-16T13:01:43Z 2013-03-16T13:03:46Z 5668  123000 1361
Mar 16, 2013 1:04:07 PM net.blogracy.controller.DistributedHashTable$LookupListener <init>
INFO: lookup-req 734RO6HILBSFN7TZMLELFXELO3NKEQPG
Mar 16, 2013 1:04:07 PM net.blogracy.controller.DistributedHashTable$LookupListener onMessage
INFO: lookup-ans 734RO6HILBSFN7TZMLELFXELO3NKEQPG EFDVO5TD2YABIOTGLJBZ2JROF272IHQ7 2013-03-16T12:54:11Z 2013-03-16T13:04:07Z 243
Mar 16, 2013 1:04:07 PM net.blogracy.controller.DistributedHashTable$LookupListener onMessage
INFO: lookup-ans 734RO6HILBSFN7TZMLELFXELO3NKEQPG C2ZACL56SSWD26O7IBWW7SUAWH2YYYGK 2013-03-16T12:59:13Z 2013-03-16T13:04:07Z 326
Mar 16, 2013 1:04:07 PM net.blogracy.controller.DistributedHashTable$DownloadListener <init>
INFO: download-req 734RO6HILBSFN7TZMLELFXELO3NKEQPG C2ZACL56SSWD26O7IBWW7SUAWH2YYYGK 2013-03-16T12:59:13Z
Mar 16, 2013 1:04:12 PM net.blogracy.controller.DistributedHashTable$DownloadListener onMessage
INFO: download-ans 734RO6HILBSFN7TZMLELFXELO3NKEQPG C2ZACL56SSWD26O7IBWW7SUAWH2YYYGK 2013-03-16T12:59:13Z 2013-03-16T13:04:12Z 4408  299000 1361
Mar 16, 2013 1:04:34 PM net.blogracy.controller.DistributedHashTable$LookupListener <init>
INFO: lookup-req O2LNUOSQV6AMEJPEGJG7OVPK2XZQV3ZE
Mar 16, 2013 1:04:35 PM net.blogracy.controller.DistributedHashTable$LookupListener onMessage
INFO: lookup-ans O2LNUOSQV6AMEJPEGJG7OVPK2XZQV3ZE PBGHS7D7DMRZ6EXSCVZ6TI67NXMEZWWL 2013-03-16T12:58:59Z 2013-03-16T13:04:35Z 278
Mar 16, 2013 1:04:35 PM net.blogracy.controller.DistributedHashTable$DownloadListener <init>
INFO: download-req O2LNUOSQV6AMEJPEGJG7OVPK2XZQV3ZE PBGHS7D7DMRZ6EXSCVZ6TI67NXMEZWWL 2013-03-16T12:58:59Z
Mar 16, 2013 1:04:38 PM net.blogracy.controller.DistributedHashTable$DownloadListener onMessage
INFO: download-ans O2LNUOSQV6AMEJPEGJG7OVPK2XZQV3ZE PBGHS7D7DMRZ6EXSCVZ6TI67NXMEZWWL 2013-03-16T12:58:59Z 2013-03-16T13:04:38Z 3376  339000 1361
Mar 16, 2013 1:05:02 PM net.blogracy.controller.DistributedHashTable$LookupListener <init>
INFO: lookup-req RPVEPPTQV6G357V6OCZ4RSFBRAFAP3HM
Mar 16, 2013 1:05:29 PM net.blogracy.controller.DistributedHashTable$LookupListener <init>
INFO: lookup-req 3B73BAT64GOB5DR7NXD7IRSR4Z7GIK4E
Mar 16, 2013 1:05:29 PM net.blogracy.controller.DistributedHashTable$LookupListener onMessage
INFO: lookup-ans 3B73BAT64GOB5DR7NXD7IRSR4Z7GIK4E KWK52YX3XWPNOTXG6OOAHXG4BE7EAQS6 2013-03-16T12:43:32Z 2013-03-16T13:05:29Z 357
Mar 16, 2013 1:05:56 PM net.blogracy.controller.DistributedHashTable$LookupListener <init>
INFO: lookup-req QF57FG6NEFT7PHOEIFHV734DS7DAMSD2
Mar 16, 2013 1:05:57 PM net.blogracy.controller.DistributedHashTable$LookupListener onMessage
INFO: lookup-ans QF57FG6NEFT7PHOEIFHV734DS7DAMSD2 L4V4UOY3TF65L653RN75TWH7QPY7FWPJ 2013-03-16T13:02:18Z 2013-03-16T13:05:57Z 545
Mar 16, 2013 1:05:57 PM net.blogracy.controller.DistributedHashTable$DownloadListener <init>
INFO: download-req QF57FG6NEFT7PHOEIFHV734DS7DAMSD2 L4V4UOY3TF65L653RN75TWH7QPY7FWPJ 2013-03-16T13:02:18Z
Mar 16, 2013 1:06:01 PM net.blogracy.controller.DistributedHashTable$DownloadListener onMessage
INFO: download-ans QF57FG6NEFT7PHOEIFHV734DS7DAMSD2 L4V4UOY3TF65L653RN75TWH7QPY7FWPJ 2013-03-16T13:02:18Z 2013-03-16T13:06:01Z 3887  223000 1361
Mar 16, 2013 1:06:23 PM net.blogracy.controller.DistributedHashTable$LookupListener <init>
INFO: lookup-req JZY6QFFDO2J4RQXM6QEFAMCKPOBHYFWR
Mar 16, 2013 1:06:24 PM net.blogracy.controller.DistributedHashTable$LookupListener onMessage
INFO: lookup-ans JZY6QFFDO2J4RQXM6QEFAMCKPOBHYFWR VNST4I72EXSOD3NFU52ZVKDOBURZUXX3 2013-03-16T13:04:05Z 2013-03-16T13:06:24Z 253
Mar 16, 2013 1:06:24 PM net.blogracy.controller.DistributedHashTable$DownloadListener <init>
INFO: download-req JZY6QFFDO2J4RQXM6QEFAMCKPOBHYFWR VNST4I72EXSOD3NFU52ZVKDOBURZUXX3 2013-03-16T13:04:05Z
Mar 16, 2013 1:06:51 PM net.blogracy.controller.DistributedHashTable$LookupListener <init>
INFO: lookup-req IIFTPYF2OOSC7OUXFHS6JFLCSWAADAGJ
Mar 16, 2013 1:06:51 PM net.blogracy.controller.DistributedHashTable$LookupListener onMessage
INFO: lookup-ans IIFTPYF2OOSC7OUXFHS6JFLCSWAADAGJ NXWJNNEHHTXUXZQVJEEUYL23UC6DL2ED 2013-03-16T13:05:50Z 2013-03-16T13:06:51Z 629
Mar 16, 2013 1:06:51 PM net.blogracy.controller.DistributedHashTable$DownloadListener <init>
INFO: download-req IIFTPYF2OOSC7OUXFHS6JFLCSWAADAGJ NXWJNNEHHTXUXZQVJEEUYL23UC6DL2ED 2013-03-16T13:05:50Z
Mar 16, 2013 1:06:59 PM net.blogracy.controller.DistributedHashTable$DownloadListener onMessage
INFO: download-ans JZY6QFFDO2J4RQXM6QEFAMCKPOBHYFWR VNST4I72EXSOD3NFU52ZVKDOBURZUXX3 2013-03-16T13:04:05Z 2013-03-16T13:06:59Z 35743  174000 1631
Mar 16, 2013 1:07:07 PM net.blogracy.controller.DistributedHashTable$DownloadListener onMessage
INFO: download-ans IIFTPYF2OOSC7OUXFHS6JFLCSWAADAGJ NXWJNNEHHTXUXZQVJEEUYL23UC6DL2ED 2013-03-16T13:05:50Z 2013-03-16T13:07:07Z 15947  77000 1631
Mar 16, 2013 1:07:18 PM net.blogracy.controller.DistributedHashTable$LookupListener <init>
INFO: lookup-req REHV2GKZR6BI6E66667LFTNPF42XF5QG
Mar 16, 2013 1:07:18 PM net.blogracy.controller.DistributedHashTable$LookupListener onMessage
INFO: lookup-ans REHV2GKZR6BI6E66667LFTNPF42XF5QG HU5J2AOJ6ZWOXOXW4JWGL37FIGWIOOFZ 2013-03-16T12:52:23Z 2013-03-16T13:07:18Z 355
Mar 16, 2013 1:07:18 PM net.blogracy.controller.DistributedHashTable$LookupListener onMessage
INFO: lookup-ans REHV2GKZR6BI6E66667LFTNPF42XF5QG MCANBF7JPRBGYAJ4OE7P43RMVT6POPEM 2013-03-16T13:02:26Z 2013-03-16T13:07:18Z 394
Mar 16, 2013 1:07:18 PM net.blogracy.controller.DistributedHashTable$DownloadListener <init>
INFO: download-req REHV2GKZR6BI6E66667LFTNPF42XF5QG MCANBF7JPRBGYAJ4OE7P43RMVT6POPEM 2013-03-16T13:02:26Z
Mar 16, 2013 1:07:21 PM net.blogracy.controller.DistributedHashTable$DownloadListener onMessage
INFO: download-ans REHV2GKZR6BI6E66667LFTNPF42XF5QG MCANBF7JPRBGYAJ4OE7P43RMVT6POPEM 2013-03-16T13:02:26Z 2013-03-16T13:07:21Z 2511  295000 1361
Mar 16, 2013 1:07:45 PM net.blogracy.controller.DistributedHashTable$LookupListener <init>
INFO: lookup-req GRRVNWRRA5YPOTR2NJTQK3RXPMJXGKYD
Mar 16, 2013 1:07:46 PM net.blogracy.controller.DistributedHashTable$LookupListener onMessage
INFO: lookup-ans GRRVNWRRA5YPOTR2NJTQK3RXPMJXGKYD TXMZYC7QVYLM7ESUQZU5KUWKAHU2BZYG 2013-03-16T12:51:05Z 2013-03-16T13:07:46Z 212
Mar 16, 2013 1:07:46 PM net.blogracy.controller.DistributedHashTable$LookupListener onMessage
INFO: lookup-ans GRRVNWRRA5YPOTR2NJTQK3RXPMJXGKYD N2XSHXTDPK7NMLMRJHM43RT2OYZP4SJI 2013-03-16T08:47:59Z 2013-03-16T13:07:46Z 226
Mar 16, 2013 1:07:46 PM net.blogracy.controller.DistributedHashTable$LookupListener onMessage
INFO: lookup-ans GRRVNWRRA5YPOTR2NJTQK3RXPMJXGKYD EK6FVP4VMGNY64OC3R4XP4Y355MV7GL3 2013-03-16T07:12:34Z 2013-03-16T13:07:46Z 228
Mar 16, 2013 1:07:46 PM net.blogracy.controller.DistributedHashTable$LookupListener onMessage
INFO: lookup-ans GRRVNWRRA5YPOTR2NJTQK3RXPMJXGKYD AP3TWOFWAUPWSONBIMLOCLGAPCJMKGME 2013-03-16T13:06:06Z 2013-03-16T13:07:46Z 301
Mar 16, 2013 1:07:46 PM net.blogracy.controller.DistributedHashTable$DownloadListener <init>
INFO: download-req GRRVNWRRA5YPOTR2NJTQK3RXPMJXGKYD AP3TWOFWAUPWSONBIMLOCLGAPCJMKGME 2013-03-16T13:06:06Z
Mar 16, 2013 1:08:11 PM net.blogracy.controller.DistributedHashTable$DownloadListener onMessage
INFO: download-ans GRRVNWRRA5YPOTR2NJTQK3RXPMJXGKYD AP3TWOFWAUPWSONBIMLOCLGAPCJMKGME 2013-03-16T13:06:06Z 2013-03-16T13:08:11Z 25584  125000 1631
Mar 16, 2013 1:08:13 PM net.blogracy.controller.DistributedHashTable$LookupListener <init>
INFO: lookup-req HPQLSAFOTHT5XCF6AXRN65UWQXL75VUB
Mar 16, 2013 1:08:40 PM net.blogracy.controller.DistributedHashTable$LookupListener <init>
INFO: lookup-req OL65LQYSH3BAO6TGPHZIFC72WVGFD6PR
Mar 16, 2013 1:08:40 PM net.blogracy.controller.DistributedHashTable$LookupListener onMessage
INFO: lookup-ans OL65LQYSH3BAO6TGPHZIFC72WVGFD6PR V3MKTEFOOOQ4NIY233IJAPIYXLZVWHJV 2013-03-16T13:06:44Z 2013-03-16T13:08:40Z 306
Mar 16, 2013 1:08:40 PM net.blogracy.controller.DistributedHashTable$DownloadListener <init>
INFO: download-req OL65LQYSH3BAO6TGPHZIFC72WVGFD6PR V3MKTEFOOOQ4NIY233IJAPIYXLZVWHJV 2013-03-16T13:06:44Z
Mar 16, 2013 1:08:41 PM net.blogracy.controller.DistributedHashTable$LookupListener onMessage
INFO: lookup-ans OL65LQYSH3BAO6TGPHZIFC72WVGFD6PR KLVEV7NKNYHFZSVBAILR3AVLRRY7MGEP 2013-03-16T13:01:43Z 2013-03-16T13:08:41Z 1351
Mar 16, 2013 1:08:49 PM net.blogracy.controller.DistributedHashTable$DownloadListener onMessage
INFO: download-ans OL65LQYSH3BAO6TGPHZIFC72WVGFD6PR V3MKTEFOOOQ4NIY233IJAPIYXLZVWHJV 2013-03-16T13:06:44Z 2013-03-16T13:08:49Z 9118  125000 1631
Mar 16, 2013 1:09:07 PM net.blogracy.controller.DistributedHashTable$LookupListener <init>
INFO: lookup-req 734RO6HILBSFN7TZMLELFXELO3NKEQPG
Mar 16, 2013 1:09:07 PM net.blogracy.controller.DistributedHashTable$LookupListener onMessage
INFO: lookup-ans 734RO6HILBSFN7TZMLELFXELO3NKEQPG 25CEZFYB22MMMSXYA7ID7CJUKAFHNWWW 2013-03-16T13:04:14Z 2013-03-16T13:09:07Z 245
Mar 16, 2013 1:09:07 PM net.blogracy.controller.DistributedHashTable$DownloadListener <init>
INFO: download-req 734RO6HILBSFN7TZMLELFXELO3NKEQPG 25CEZFYB22MMMSXYA7ID7CJUKAFHNWWW 2013-03-16T13:04:14Z
Mar 16, 2013 1:09:10 PM net.blogracy.controller.DistributedHashTable$DownloadListener onMessage
INFO: download-ans 734RO6HILBSFN7TZMLELFXELO3NKEQPG 25CEZFYB22MMMSXYA7ID7CJUKAFHNWWW 2013-03-16T13:04:14Z 2013-03-16T13:09:10Z 2566  296000 1631
Mar 16, 2013 1:09:35 PM net.blogracy.controller.DistributedHashTable$LookupListener <init>
INFO: lookup-req O2LNUOSQV6AMEJPEGJG7OVPK2XZQV3ZE
Mar 16, 2013 1:09:35 PM net.blogracy.controller.DistributedHashTable$LookupListener onMessage
INFO: lookup-ans O2LNUOSQV6AMEJPEGJG7OVPK2XZQV3ZE VYJAO4TNRAZKXFQABL5METAHRAGRZOWE 2013-03-16T13:04:00Z 2013-03-16T13:09:35Z 278
Mar 16, 2013 1:09:35 PM net.blogracy.controller.DistributedHashTable$DownloadListener <init>
INFO: download-req O2LNUOSQV6AMEJPEGJG7OVPK2XZQV3ZE VYJAO4TNRAZKXFQABL5METAHRAGRZOWE 2013-03-16T13:04:00Z
Mar 16, 2013 1:09:35 PM net.blogracy.controller.DistributedHashTable$LookupListener onMessage
INFO: lookup-ans O2LNUOSQV6AMEJPEGJG7OVPK2XZQV3ZE QUZBYT5YJG7KLLPC2XN2IFORTUYYYU55 2013-03-16T12:53:59Z 2013-03-16T13:09:35Z 502
Mar 16, 2013 1:09:39 PM net.blogracy.controller.DistributedHashTable$DownloadListener onMessage
INFO: download-ans O2LNUOSQV6AMEJPEGJG7OVPK2XZQV3ZE VYJAO4TNRAZKXFQABL5METAHRAGRZOWE 2013-03-16T13:04:00Z 2013-03-16T13:09:39Z 3716  339000 1631
Mar 16, 2013 1:10:02 PM net.blogracy.controller.DistributedHashTable$LookupListener <init>
INFO: lookup-req RPVEPPTQV6G357V6OCZ4RSFBRAFAP3HM
