Mar 16, 2013 12:41:42 PM net.blogracy.controller.DistributedHashTable$LookupListener <init>
INFO: lookup-req 734RO6HILBSFN7TZMLELFXELO3NKEQPG
Mar 16, 2013 12:41:43 PM net.blogracy.controller.DistributedHashTable$LookupListener onMessage
INFO: lookup-ans 734RO6HILBSFN7TZMLELFXELO3NKEQPG 6BV7OFSFQQW44YSJHTNGTPVS5G6GYD63 2013-03-16T12:39:06Z 2013-03-16T12:41:43Z 538
Mar 16, 2013 12:41:43 PM net.blogracy.controller.DistributedHashTable$DownloadListener <init>
INFO: download-req 734RO6HILBSFN7TZMLELFXELO3NKEQPG 6BV7OFSFQQW44YSJHTNGTPVS5G6GYD63 2013-03-16T12:39:06Z
Mar 16, 2013 12:41:48 PM net.blogracy.controller.DistributedHashTable$DownloadListener onMessage
INFO: download-ans 734RO6HILBSFN7TZMLELFXELO3NKEQPG 6BV7OFSFQQW44YSJHTNGTPVS5G6GYD63 2013-03-16T12:39:06Z 2013-03-16T12:41:48Z 5418  162000 281
Mar 16, 2013 12:42:10 PM net.blogracy.controller.DistributedHashTable$LookupListener <init>
INFO: lookup-req O2LNUOSQV6AMEJPEGJG7OVPK2XZQV3ZE
Mar 16, 2013 12:42:10 PM net.blogracy.controller.DistributedHashTable$LookupListener onMessage
INFO: lookup-ans O2LNUOSQV6AMEJPEGJG7OVPK2XZQV3ZE M44FCC4H62ZWD2XBJJBHDFJIWYYACBGP 2013-03-16T12:38:58Z 2013-03-16T12:42:10Z 285
Mar 16, 2013 12:42:10 PM net.blogracy.controller.DistributedHashTable$DownloadListener <init>
INFO: download-req O2LNUOSQV6AMEJPEGJG7OVPK2XZQV3ZE M44FCC4H62ZWD2XBJJBHDFJIWYYACBGP 2013-03-16T12:38:58Z
Mar 16, 2013 12:42:27 PM net.blogracy.controller.DistributedHashTable$DownloadListener onMessage
INFO: download-ans O2LNUOSQV6AMEJPEGJG7OVPK2XZQV3ZE M44FCC4H62ZWD2XBJJBHDFJIWYYACBGP 2013-03-16T12:38:58Z 2013-03-16T12:42:27Z 16692  209000 281
Mar 16, 2013 12:42:37 PM net.blogracy.controller.DistributedHashTable$LookupListener <init>
INFO: lookup-req RPVEPPTQV6G357V6OCZ4RSFBRAFAP3HM
Mar 16, 2013 12:43:04 PM net.blogracy.controller.DistributedHashTable$LookupListener <init>
INFO: lookup-req 3B73BAT64GOB5DR7NXD7IRSR4Z7GIK4E
Mar 16, 2013 12:43:31 PM net.blogracy.controller.DistributedHashTable$LookupListener <init>
INFO: lookup-req QF57FG6NEFT7PHOEIFHV734DS7DAMSD2
Mar 16, 2013 12:43:58 PM net.blogracy.controller.DistributedHashTable$LookupListener onMessage
INFO: lookup-ans QF57FG6NEFT7PHOEIFHV734DS7DAMSD2 OTDE4B5JCPFI4JLMI7BPAU636DG6NBJL 2013-03-16T12:42:14Z 2013-03-16T12:43:58Z 26123
Mar 16, 2013 12:43:58 PM net.blogracy.controller.DistributedHashTable$DownloadListener <init>
INFO: download-req QF57FG6NEFT7PHOEIFHV734DS7DAMSD2 OTDE4B5JCPFI4JLMI7BPAU636DG6NBJL 2013-03-16T12:42:14Z
Mar 16, 2013 12:43:59 PM net.blogracy.controller.DistributedHashTable$LookupListener <init>
INFO: lookup-req H3WGV7IKX35FZNSFJYEZV4VCFQBSAKEL
Mar 16, 2013 12:43:59 PM net.blogracy.controller.DistributedHashTable$LookupListener onMessage
INFO: lookup-ans H3WGV7IKX35FZNSFJYEZV4VCFQBSAKEL LHJTHUIH4FNCLID6OLHXNBBUQRSXWTPH 2013-03-16T12:38:38Z 2013-03-16T12:43:59Z 367
Mar 16, 2013 12:43:59 PM net.blogracy.controller.DistributedHashTable$DownloadListener <init>
INFO: download-req H3WGV7IKX35FZNSFJYEZV4VCFQBSAKEL LHJTHUIH4FNCLID6OLHXNBBUQRSXWTPH 2013-03-16T12:38:38Z
Mar 16, 2013 12:43:59 PM net.blogracy.controller.DistributedHashTable$LookupListener onMessage
INFO: lookup-ans H3WGV7IKX35FZNSFJYEZV4VCFQBSAKEL GMFJRGOOODDV2INC6OJY2AXVWOZLOMSZ 2013-03-16T08:45:27Z 2013-03-16T12:43:59Z 391
Mar 16, 2013 12:43:59 PM net.blogracy.controller.DistributedHashTable$DownloadListener <init>
INFO: download-req H3WGV7IKX35FZNSFJYEZV4VCFQBSAKEL GMFJRGOOODDV2INC6OJY2AXVWOZLOMSZ 2013-03-16T08:45:27Z
Mar 16, 2013 12:44:01 PM net.blogracy.controller.DistributedHashTable$DownloadListener onMessage
INFO: download-ans QF57FG6NEFT7PHOEIFHV734DS7DAMSD2 OTDE4B5JCPFI4JLMI7BPAU636DG6NBJL 2013-03-16T12:42:14Z 2013-03-16T12:44:01Z 2977  107000 281
Mar 16, 2013 12:44:03 PM net.blogracy.controller.DistributedHashTable$DownloadListener onMessage
INFO: download-ans H3WGV7IKX35FZNSFJYEZV4VCFQBSAKEL LHJTHUIH4FNCLID6OLHXNBBUQRSXWTPH 2013-03-16T12:38:38Z 2013-03-16T12:44:03Z 4284  325000 281
Mar 16, 2013 12:44:26 PM net.blogracy.controller.DistributedHashTable$LookupListener <init>
INFO: lookup-req JZY6QFFDO2J4RQXM6QEFAMCKPOBHYFWR
Mar 16, 2013 12:44:26 PM net.blogracy.controller.DistributedHashTable$LookupListener onMessage
INFO: lookup-ans JZY6QFFDO2J4RQXM6QEFAMCKPOBHYFWR GYSSPZJMGWITREPXIAU66CRZHRT64FC3 2013-03-16T12:39:03Z 2013-03-16T12:44:26Z 311
Mar 16, 2013 12:44:26 PM net.blogracy.controller.DistributedHashTable$DownloadListener <init>
INFO: download-req JZY6QFFDO2J4RQXM6QEFAMCKPOBHYFWR GYSSPZJMGWITREPXIAU66CRZHRT64FC3 2013-03-16T12:39:03Z
Mar 16, 2013 12:44:40 PM net.blogracy.controller.DistributedHashTable$DownloadListener onMessage
INFO: download-ans JZY6QFFDO2J4RQXM6QEFAMCKPOBHYFWR GYSSPZJMGWITREPXIAU66CRZHRT64FC3 2013-03-16T12:39:03Z 2013-03-16T12:44:40Z 13480  337000 281
Mar 16, 2013 12:44:53 PM net.blogracy.controller.DistributedHashTable$LookupListener <init>
INFO: lookup-req IIFTPYF2OOSC7OUXFHS6JFLCSWAADAGJ
Mar 16, 2013 12:44:54 PM net.blogracy.controller.DistributedHashTable$LookupListener onMessage
INFO: lookup-ans IIFTPYF2OOSC7OUXFHS6JFLCSWAADAGJ FEIKW62LTXSU56HOSFWSCRDQLXRJAGS7 2013-03-16T12:40:48Z 2013-03-16T12:44:54Z 738
Mar 16, 2013 12:44:54 PM net.blogracy.controller.DistributedHashTable$DownloadListener <init>
INFO: download-req IIFTPYF2OOSC7OUXFHS6JFLCSWAADAGJ FEIKW62LTXSU56HOSFWSCRDQLXRJAGS7 2013-03-16T12:40:48Z
Mar 16, 2013 12:44:57 PM net.blogracy.controller.DistributedHashTable$DownloadListener onMessage
INFO: download-ans IIFTPYF2OOSC7OUXFHS6JFLCSWAADAGJ FEIKW62LTXSU56HOSFWSCRDQLXRJAGS7 2013-03-16T12:40:48Z 2013-03-16T12:44:57Z 2866  249000 281
Mar 16, 2013 12:45:21 PM net.blogracy.controller.DistributedHashTable$LookupListener <init>
INFO: lookup-req REHV2GKZR6BI6E66667LFTNPF42XF5QG
Mar 16, 2013 12:45:21 PM net.blogracy.controller.DistributedHashTable$LookupListener onMessage
INFO: lookup-ans REHV2GKZR6BI6E66667LFTNPF42XF5QG RU66HG5JTXCOVJMY444QKH2GGMC6UCY2 2013-03-16T12:42:18Z 2013-03-16T12:45:21Z 475
Mar 16, 2013 12:45:21 PM net.blogracy.controller.DistributedHashTable$DownloadListener <init>
INFO: download-req REHV2GKZR6BI6E66667LFTNPF42XF5QG RU66HG5JTXCOVJMY444QKH2GGMC6UCY2 2013-03-16T12:42:18Z
Mar 16, 2013 12:45:26 PM net.blogracy.controller.DistributedHashTable$DownloadListener onMessage
INFO: download-ans REHV2GKZR6BI6E66667LFTNPF42XF5QG RU66HG5JTXCOVJMY444QKH2GGMC6UCY2 2013-03-16T12:42:18Z 2013-03-16T12:45:26Z 4641  188000 281
Mar 16, 2013 12:45:48 PM net.blogracy.controller.DistributedHashTable$LookupListener <init>
INFO: lookup-req GRRVNWRRA5YPOTR2NJTQK3RXPMJXGKYD
Mar 16, 2013 12:45:48 PM net.blogracy.controller.DistributedHashTable$LookupListener onMessage
INFO: lookup-ans GRRVNWRRA5YPOTR2NJTQK3RXPMJXGKYD VHUVNEG5HES4TMXLOBDJLH46GGO7MUKX 2013-03-16T12:46:05Z 2013-03-16T12:45:48Z 425
Mar 16, 2013 12:45:48 PM net.blogracy.controller.DistributedHashTable$DownloadListener <init>
INFO: download-req GRRVNWRRA5YPOTR2NJTQK3RXPMJXGKYD VHUVNEG5HES4TMXLOBDJLH46GGO7MUKX 2013-03-16T12:46:05Z
Mar 16, 2013 12:45:48 PM net.blogracy.controller.DistributedHashTable$LookupListener onMessage
INFO: lookup-ans GRRVNWRRA5YPOTR2NJTQK3RXPMJXGKYD N2XSHXTDPK7NMLMRJHM43RT2OYZP4SJI 2013-03-16T08:47:59Z 2013-03-16T12:45:48Z 449
Mar 16, 2013 12:45:48 PM net.blogracy.controller.DistributedHashTable$DownloadListener <init>
INFO: download-req GRRVNWRRA5YPOTR2NJTQK3RXPMJXGKYD N2XSHXTDPK7NMLMRJHM43RT2OYZP4SJI 2013-03-16T08:47:59Z
Mar 16, 2013 12:45:48 PM net.blogracy.controller.DistributedHashTable$LookupListener onMessage
INFO: lookup-ans GRRVNWRRA5YPOTR2NJTQK3RXPMJXGKYD EK6FVP4VMGNY64OC3R4XP4Y355MV7GL3 2013-03-16T07:12:34Z 2013-03-16T12:45:48Z 470
Mar 16, 2013 12:45:48 PM net.blogracy.controller.DistributedHashTable$DownloadListener <init>
INFO: download-req GRRVNWRRA5YPOTR2NJTQK3RXPMJXGKYD EK6FVP4VMGNY64OC3R4XP4Y355MV7GL3 2013-03-16T07:12:34Z
Mar 16, 2013 12:45:53 PM net.blogracy.controller.DistributedHashTable$DownloadListener onMessage
INFO: download-ans GRRVNWRRA5YPOTR2NJTQK3RXPMJXGKYD VHUVNEG5HES4TMXLOBDJLH46GGO7MUKX 2013-03-16T12:46:05Z 2013-03-16T12:45:53Z 5093  -12000 551
Mar 16, 2013 12:46:15 PM net.blogracy.controller.DistributedHashTable$LookupListener <init>
INFO: lookup-req HPQLSAFOTHT5XCF6AXRN65UWQXL75VUB
Mar 16, 2013 12:46:43 PM net.blogracy.controller.DistributedHashTable$LookupListener <init>
INFO: lookup-req 734RO6HILBSFN7TZMLELFXELO3NKEQPG
Mar 16, 2013 12:46:43 PM net.blogracy.controller.DistributedHashTable$LookupListener onMessage
INFO: lookup-ans 734RO6HILBSFN7TZMLELFXELO3NKEQPG 6BV7OFSFQQW44YSJHTNGTPVS5G6GYD63 2013-03-16T12:39:06Z 2013-03-16T12:46:43Z 299
Mar 16, 2013 12:46:43 PM net.blogracy.controller.DistributedHashTable$LookupListener onMessage
INFO: lookup-ans 734RO6HILBSFN7TZMLELFXELO3NKEQPG REDKGZWLAXLVR5XNU4TQEZNLN6RZG5SC 2013-03-16T12:44:08Z 2013-03-16T12:46:43Z 380
Mar 16, 2013 12:46:43 PM net.blogracy.controller.DistributedHashTable$DownloadListener <init>
INFO: download-req 734RO6HILBSFN7TZMLELFXELO3NKEQPG REDKGZWLAXLVR5XNU4TQEZNLN6RZG5SC 2013-03-16T12:44:08Z
Mar 16, 2013 12:46:47 PM net.blogracy.controller.DistributedHashTable$DownloadListener onMessage
INFO: download-ans 734RO6HILBSFN7TZMLELFXELO3NKEQPG REDKGZWLAXLVR5XNU4TQEZNLN6RZG5SC 2013-03-16T12:44:08Z 2013-03-16T12:46:47Z 4062  159000 551
Mar 16, 2013 12:47:10 PM net.blogracy.controller.DistributedHashTable$LookupListener <init>
INFO: lookup-req O2LNUOSQV6AMEJPEGJG7OVPK2XZQV3ZE
Mar 16, 2013 12:47:10 PM net.blogracy.controller.DistributedHashTable$LookupListener onMessage
INFO: lookup-ans O2LNUOSQV6AMEJPEGJG7OVPK2XZQV3ZE LOJOAPIJFU3OXC72F47QOJ2NXEABN3QN 2013-03-16T12:43:59Z 2013-03-16T12:47:10Z 396
Mar 16, 2013 12:47:10 PM net.blogracy.controller.DistributedHashTable$DownloadListener <init>
INFO: download-req O2LNUOSQV6AMEJPEGJG7OVPK2XZQV3ZE LOJOAPIJFU3OXC72F47QOJ2NXEABN3QN 2013-03-16T12:43:59Z
Mar 16, 2013 12:47:15 PM net.blogracy.controller.DistributedHashTable$DownloadListener onMessage
INFO: download-ans O2LNUOSQV6AMEJPEGJG7OVPK2XZQV3ZE LOJOAPIJFU3OXC72F47QOJ2NXEABN3QN 2013-03-16T12:43:59Z 2013-03-16T12:47:15Z 4953  196000 551
Mar 16, 2013 12:47:37 PM net.blogracy.controller.DistributedHashTable$LookupListener <init>
INFO: lookup-req RPVEPPTQV6G357V6OCZ4RSFBRAFAP3HM
Mar 16, 2013 12:48:04 PM net.blogracy.controller.DistributedHashTable$LookupListener <init>
INFO: lookup-req 3B73BAT64GOB5DR7NXD7IRSR4Z7GIK4E
Mar 16, 2013 12:48:05 PM net.blogracy.controller.DistributedHashTable$LookupListener onMessage
INFO: lookup-ans 3B73BAT64GOB5DR7NXD7IRSR4Z7GIK4E KWK52YX3XWPNOTXG6OOAHXG4BE7EAQS6 2013-03-16T12:43:32Z 2013-03-16T12:48:05Z 321
Mar 16, 2013 12:48:05 PM net.blogracy.controller.DistributedHashTable$DownloadListener <init>
INFO: download-req 3B73BAT64GOB5DR7NXD7IRSR4Z7GIK4E KWK52YX3XWPNOTXG6OOAHXG4BE7EAQS6 2013-03-16T12:43:32Z
Mar 16, 2013 12:48:08 PM net.blogracy.controller.DistributedHashTable$DownloadListener onMessage
INFO: download-ans 3B73BAT64GOB5DR7NXD7IRSR4Z7GIK4E KWK52YX3XWPNOTXG6OOAHXG4BE7EAQS6 2013-03-16T12:43:32Z 2013-03-16T12:48:08Z 3590  276000 281
Mar 16, 2013 12:48:32 PM net.blogracy.controller.DistributedHashTable$LookupListener <init>
INFO: lookup-req QF57FG6NEFT7PHOEIFHV734DS7DAMSD2
Mar 16, 2013 12:48:32 PM net.blogracy.controller.DistributedHashTable$LookupListener onMessage
INFO: lookup-ans QF57FG6NEFT7PHOEIFHV734DS7DAMSD2 SHJVQMVUEYWHTHKJ4NC7NRNVIYHAEEJH 2013-03-16T12:47:16Z 2013-03-16T12:48:32Z 493
Mar 16, 2013 12:48:32 PM net.blogracy.controller.DistributedHashTable$DownloadListener <init>
INFO: download-req QF57FG6NEFT7PHOEIFHV734DS7DAMSD2 SHJVQMVUEYWHTHKJ4NC7NRNVIYHAEEJH 2013-03-16T12:47:16Z
Mar 16, 2013 12:48:46 PM net.blogracy.controller.DistributedHashTable$DownloadListener onMessage
INFO: download-ans QF57FG6NEFT7PHOEIFHV734DS7DAMSD2 SHJVQMVUEYWHTHKJ4NC7NRNVIYHAEEJH 2013-03-16T12:47:16Z 2013-03-16T12:48:46Z 13592  90000 551
Mar 16, 2013 12:48:59 PM net.blogracy.controller.DistributedHashTable$LookupListener <init>
INFO: lookup-req H3WGV7IKX35FZNSFJYEZV4VCFQBSAKEL
Mar 16, 2013 12:48:59 PM net.blogracy.controller.DistributedHashTable$LookupListener onMessage
INFO: lookup-ans H3WGV7IKX35FZNSFJYEZV4VCFQBSAKEL MSO4VCJRASIEB4JNIUFSZTLG5CGI7MJ2 2013-03-16T12:43:39Z 2013-03-16T12:48:59Z 362
Mar 16, 2013 12:48:59 PM net.blogracy.controller.DistributedHashTable$DownloadListener <init>
INFO: download-req H3WGV7IKX35FZNSFJYEZV4VCFQBSAKEL MSO4VCJRASIEB4JNIUFSZTLG5CGI7MJ2 2013-03-16T12:43:39Z
Mar 16, 2013 12:48:59 PM net.blogracy.controller.DistributedHashTable$LookupListener onMessage
INFO: lookup-ans H3WGV7IKX35FZNSFJYEZV4VCFQBSAKEL GMFJRGOOODDV2INC6OJY2AXVWOZLOMSZ 2013-03-16T08:45:27Z 2013-03-16T12:48:59Z 378
Mar 16, 2013 12:49:02 PM net.blogracy.controller.DistributedHashTable$DownloadListener onMessage
INFO: download-ans H3WGV7IKX35FZNSFJYEZV4VCFQBSAKEL MSO4VCJRASIEB4JNIUFSZTLG5CGI7MJ2 2013-03-16T12:43:39Z 2013-03-16T12:49:02Z 2523  323000 551
Mar 16, 2013 12:49:26 PM net.blogracy.controller.DistributedHashTable$LookupListener <init>
INFO: lookup-req JZY6QFFDO2J4RQXM6QEFAMCKPOBHYFWR
Mar 16, 2013 12:49:27 PM net.blogracy.controller.DistributedHashTable$LookupListener onMessage
INFO: lookup-ans JZY6QFFDO2J4RQXM6QEFAMCKPOBHYFWR FQCSK64CVW67M3M6MDJEGH5CKFZJWDF4 2013-03-16T12:44:04Z 2013-03-16T12:49:27Z 276
Mar 16, 2013 12:49:27 PM net.blogracy.controller.DistributedHashTable$DownloadListener <init>
INFO: download-req JZY6QFFDO2J4RQXM6QEFAMCKPOBHYFWR FQCSK64CVW67M3M6MDJEGH5CKFZJWDF4 2013-03-16T12:44:04Z
Mar 16, 2013 12:49:29 PM net.blogracy.controller.DistributedHashTable$DownloadListener onMessage
INFO: download-ans JZY6QFFDO2J4RQXM6QEFAMCKPOBHYFWR FQCSK64CVW67M3M6MDJEGH5CKFZJWDF4 2013-03-16T12:44:04Z 2013-03-16T12:49:29Z 2442  325000 551
Mar 16, 2013 12:49:54 PM net.blogracy.controller.DistributedHashTable$LookupListener <init>
INFO: lookup-req IIFTPYF2OOSC7OUXFHS6JFLCSWAADAGJ
Mar 16, 2013 12:49:54 PM net.blogracy.controller.DistributedHashTable$LookupListener onMessage
INFO: lookup-ans IIFTPYF2OOSC7OUXFHS6JFLCSWAADAGJ YT7F3574X3ZZGG5PAAHAMFJVBVWJRCHQ 2013-03-16T12:45:49Z 2013-03-16T12:49:54Z 476
Mar 16, 2013 12:49:54 PM net.blogracy.controller.DistributedHashTable$DownloadListener <init>
INFO: download-req IIFTPYF2OOSC7OUXFHS6JFLCSWAADAGJ YT7F3574X3ZZGG5PAAHAMFJVBVWJRCHQ 2013-03-16T12:45:49Z
Mar 16, 2013 12:49:58 PM net.blogracy.controller.DistributedHashTable$DownloadListener onMessage
INFO: download-ans IIFTPYF2OOSC7OUXFHS6JFLCSWAADAGJ YT7F3574X3ZZGG5PAAHAMFJVBVWJRCHQ 2013-03-16T12:45:49Z 2013-03-16T12:49:58Z 3811  249000 551
Mar 16, 2013 12:50:21 PM net.blogracy.controller.DistributedHashTable$LookupListener <init>
INFO: lookup-req REHV2GKZR6BI6E66667LFTNPF42XF5QG
Mar 16, 2013 12:50:21 PM net.blogracy.controller.DistributedHashTable$LookupListener onMessage
INFO: lookup-ans REHV2GKZR6BI6E66667LFTNPF42XF5QG IJNHIEWNDDJYHOETGGC3IGR4NRDJVL3Z 2013-03-16T12:47:22Z 2013-03-16T12:50:21Z 395
Mar 16, 2013 12:50:21 PM net.blogracy.controller.DistributedHashTable$DownloadListener <init>
INFO: download-req REHV2GKZR6BI6E66667LFTNPF42XF5QG IJNHIEWNDDJYHOETGGC3IGR4NRDJVL3Z 2013-03-16T12:47:22Z
Mar 16, 2013 12:50:25 PM net.blogracy.controller.DistributedHashTable$DownloadListener onMessage
INFO: download-ans REHV2GKZR6BI6E66667LFTNPF42XF5QG IJNHIEWNDDJYHOETGGC3IGR4NRDJVL3Z 2013-03-16T12:47:22Z 2013-03-16T12:50:25Z 3528  183000 551
Mar 16, 2013 12:50:48 PM net.blogracy.controller.DistributedHashTable$LookupListener <init>
INFO: lookup-req GRRVNWRRA5YPOTR2NJTQK3RXPMJXGKYD
Mar 16, 2013 12:50:50 PM net.blogracy.controller.DistributedHashTable$LookupListener onMessage
INFO: lookup-ans GRRVNWRRA5YPOTR2NJTQK3RXPMJXGKYD TXMZYC7QVYLM7ESUQZU5KUWKAHU2BZYG 2013-03-16T12:51:05Z 2013-03-16T12:50:50Z 1333
Mar 16, 2013 12:50:50 PM net.blogracy.controller.DistributedHashTable$DownloadListener <init>
INFO: download-req GRRVNWRRA5YPOTR2NJTQK3RXPMJXGKYD TXMZYC7QVYLM7ESUQZU5KUWKAHU2BZYG 2013-03-16T12:51:05Z
Mar 16, 2013 12:50:50 PM net.blogracy.controller.DistributedHashTable$LookupListener onMessage
INFO: lookup-ans GRRVNWRRA5YPOTR2NJTQK3RXPMJXGKYD EK6FVP4VMGNY64OC3R4XP4Y355MV7GL3 2013-03-16T07:12:34Z 2013-03-16T12:50:50Z 1351
Mar 16, 2013 12:50:50 PM net.blogracy.controller.DistributedHashTable$LookupListener onMessage
INFO: lookup-ans GRRVNWRRA5YPOTR2NJTQK3RXPMJXGKYD N2XSHXTDPK7NMLMRJHM43RT2OYZP4SJI 2013-03-16T08:47:59Z 2013-03-16T12:50:50Z 1353
Mar 16, 2013 12:50:54 PM net.blogracy.controller.DistributedHashTable$DownloadListener onMessage
INFO: download-ans GRRVNWRRA5YPOTR2NJTQK3RXPMJXGKYD TXMZYC7QVYLM7ESUQZU5KUWKAHU2BZYG 2013-03-16T12:51:05Z 2013-03-16T12:50:54Z 4313  -11000 821
Mar 16, 2013 12:51:16 PM net.blogracy.controller.DistributedHashTable$LookupListener <init>
INFO: lookup-req HPQLSAFOTHT5XCF6AXRN65UWQXL75VUB
Mar 16, 2013 12:51:43 PM net.blogracy.controller.DistributedHashTable$LookupListener <init>
INFO: lookup-req 734RO6HILBSFN7TZMLELFXELO3NKEQPG
Mar 16, 2013 12:51:43 PM net.blogracy.controller.DistributedHashTable$LookupListener onMessage
INFO: lookup-ans 734RO6HILBSFN7TZMLELFXELO3NKEQPG OVW54PPXL6KIHO2TVPB7FXZVPJBQR5M3 2013-03-16T12:49:10Z 2013-03-16T12:51:43Z 327
Mar 16, 2013 12:51:43 PM net.blogracy.controller.DistributedHashTable$DownloadListener <init>
INFO: download-req 734RO6HILBSFN7TZMLELFXELO3NKEQPG OVW54PPXL6KIHO2TVPB7FXZVPJBQR5M3 2013-03-16T12:49:10Z
Mar 16, 2013 12:51:46 PM net.blogracy.controller.DistributedHashTable$DownloadListener onMessage
INFO: download-ans 734RO6HILBSFN7TZMLELFXELO3NKEQPG OVW54PPXL6KIHO2TVPB7FXZVPJBQR5M3 2013-03-16T12:49:10Z 2013-03-16T12:51:46Z 2717  156000 821
Mar 16, 2013 12:52:10 PM net.blogracy.controller.DistributedHashTable$LookupListener <init>
INFO: lookup-req O2LNUOSQV6AMEJPEGJG7OVPK2XZQV3ZE
Mar 16, 2013 12:52:10 PM net.blogracy.controller.DistributedHashTable$LookupListener onMessage
INFO: lookup-ans O2LNUOSQV6AMEJPEGJG7OVPK2XZQV3ZE M44FCC4H62ZWD2XBJJBHDFJIWYYACBGP 2013-03-16T12:38:58Z 2013-03-16T12:52:10Z 173
Mar 16, 2013 12:52:10 PM net.blogracy.controller.DistributedHashTable$LookupListener onMessage
INFO: lookup-ans O2LNUOSQV6AMEJPEGJG7OVPK2XZQV3ZE QGUEMQ4ET6NNDRUBYXF3S62I4FFU2GWS 2013-03-16T12:48:59Z 2013-03-16T12:52:10Z 304
Mar 16, 2013 12:52:10 PM net.blogracy.controller.DistributedHashTable$DownloadListener <init>
INFO: download-req O2LNUOSQV6AMEJPEGJG7OVPK2XZQV3ZE QGUEMQ4ET6NNDRUBYXF3S62I4FFU2GWS 2013-03-16T12:48:59Z
Mar 16, 2013 12:52:13 PM net.blogracy.controller.DistributedHashTable$DownloadListener onMessage
INFO: download-ans O2LNUOSQV6AMEJPEGJG7OVPK2XZQV3ZE QGUEMQ4ET6NNDRUBYXF3S62I4FFU2GWS 2013-03-16T12:48:59Z 2013-03-16T12:52:13Z 2791  194000 821
Mar 16, 2013 12:52:37 PM net.blogracy.controller.DistributedHashTable$LookupListener <init>
INFO: lookup-req RPVEPPTQV6G357V6OCZ4RSFBRAFAP3HM
Mar 16, 2013 12:53:05 PM net.blogracy.controller.DistributedHashTable$LookupListener <init>
INFO: lookup-req 3B73BAT64GOB5DR7NXD7IRSR4Z7GIK4E
Mar 16, 2013 12:53:05 PM net.blogracy.controller.DistributedHashTable$LookupListener onMessage
INFO: lookup-ans 3B73BAT64GOB5DR7NXD7IRSR4Z7GIK4E KWK52YX3XWPNOTXG6OOAHXG4BE7EAQS6 2013-03-16T12:43:32Z 2013-03-16T12:53:05Z 363
Mar 16, 2013 12:53:32 PM net.blogracy.controller.DistributedHashTable$LookupListener <init>
INFO: lookup-req QF57FG6NEFT7PHOEIFHV734DS7DAMSD2
Mar 16, 2013 12:53:32 PM net.blogracy.controller.DistributedHashTable$LookupListener onMessage
INFO: lookup-ans QF57FG6NEFT7PHOEIFHV734DS7DAMSD2 F3SODVX4GVPA22MFJU4A77RYK3SUO6ZT 2013-03-16T12:52:17Z 2013-03-16T12:53:32Z 299
Mar 16, 2013 12:53:32 PM net.blogracy.controller.DistributedHashTable$DownloadListener <init>
INFO: download-req QF57FG6NEFT7PHOEIFHV734DS7DAMSD2 F3SODVX4GVPA22MFJU4A77RYK3SUO6ZT 2013-03-16T12:52:17Z
Mar 16, 2013 12:53:48 PM net.blogracy.controller.DistributedHashTable$DownloadListener onMessage
INFO: download-ans QF57FG6NEFT7PHOEIFHV734DS7DAMSD2 F3SODVX4GVPA22MFJU4A77RYK3SUO6ZT 2013-03-16T12:52:17Z 2013-03-16T12:53:48Z 15351  91000 821
Mar 16, 2013 12:53:59 PM net.blogracy.controller.DistributedHashTable$LookupListener <init>
INFO: lookup-req H3WGV7IKX35FZNSFJYEZV4VCFQBSAKEL
Mar 16, 2013 12:54:00 PM net.blogracy.controller.DistributedHashTable$LookupListener onMessage
INFO: lookup-ans H3WGV7IKX35FZNSFJYEZV4VCFQBSAKEL UCE3YWQLKORHVB2DWDIBFUYYSIIOB43N 2013-03-16T12:48:39Z 2013-03-16T12:54:00Z 310
Mar 16, 2013 12:54:00 PM net.blogracy.controller.DistributedHashTable$DownloadListener <init>
INFO: download-req H3WGV7IKX35FZNSFJYEZV4VCFQBSAKEL UCE3YWQLKORHVB2DWDIBFUYYSIIOB43N 2013-03-16T12:48:39Z
Mar 16, 2013 12:54:00 PM net.blogracy.controller.DistributedHashTable$LookupListener onMessage
INFO: lookup-ans H3WGV7IKX35FZNSFJYEZV4VCFQBSAKEL GMFJRGOOODDV2INC6OJY2AXVWOZLOMSZ 2013-03-16T08:45:27Z 2013-03-16T12:54:00Z 324
Mar 16, 2013 12:54:04 PM net.blogracy.controller.DistributedHashTable$DownloadListener onMessage
INFO: download-ans H3WGV7IKX35FZNSFJYEZV4VCFQBSAKEL UCE3YWQLKORHVB2DWDIBFUYYSIIOB43N 2013-03-16T12:48:39Z 2013-03-16T12:54:04Z 4022  325000 821
Mar 16, 2013 12:54:27 PM net.blogracy.controller.DistributedHashTable$LookupListener <init>
INFO: lookup-req JZY6QFFDO2J4RQXM6QEFAMCKPOBHYFWR
Mar 16, 2013 12:54:27 PM net.blogracy.controller.DistributedHashTable$LookupListener onMessage
INFO: lookup-ans JZY6QFFDO2J4RQXM6QEFAMCKPOBHYFWR MROA3APTFPEXROW3KGKHNFR4LPG3YBJY 2013-03-16T12:49:04Z 2013-03-16T12:54:27Z 298
Mar 16, 2013 12:54:27 PM net.blogracy.controller.DistributedHashTable$DownloadListener <init>
INFO: download-req JZY6QFFDO2J4RQXM6QEFAMCKPOBHYFWR MROA3APTFPEXROW3KGKHNFR4LPG3YBJY 2013-03-16T12:49:04Z
Mar 16, 2013 12:54:31 PM net.blogracy.controller.DistributedHashTable$DownloadListener onMessage
INFO: download-ans JZY6QFFDO2J4RQXM6QEFAMCKPOBHYFWR MROA3APTFPEXROW3KGKHNFR4LPG3YBJY 2013-03-16T12:49:04Z 2013-03-16T12:54:31Z 3954  327000 821
Mar 16, 2013 12:54:54 PM net.blogracy.controller.DistributedHashTable$LookupListener <init>
INFO: lookup-req IIFTPYF2OOSC7OUXFHS6JFLCSWAADAGJ
Mar 16, 2013 12:54:54 PM net.blogracy.controller.DistributedHashTable$LookupListener onMessage
INFO: lookup-ans IIFTPYF2OOSC7OUXFHS6JFLCSWAADAGJ GXQQW6SX73DWIM4XQAS2VJAKOEVC44QI 2013-03-16T12:50:49Z 2013-03-16T12:54:54Z 409
Mar 16, 2013 12:54:54 PM net.blogracy.controller.DistributedHashTable$DownloadListener <init>
INFO: download-req IIFTPYF2OOSC7OUXFHS6JFLCSWAADAGJ GXQQW6SX73DWIM4XQAS2VJAKOEVC44QI 2013-03-16T12:50:49Z
Mar 16, 2013 12:54:58 PM net.blogracy.controller.DistributedHashTable$DownloadListener onMessage
INFO: download-ans IIFTPYF2OOSC7OUXFHS6JFLCSWAADAGJ GXQQW6SX73DWIM4XQAS2VJAKOEVC44QI 2013-03-16T12:50:49Z 2013-03-16T12:54:58Z 3994  249000 821
Mar 16, 2013 12:55:21 PM net.blogracy.controller.DistributedHashTable$LookupListener <init>
INFO: lookup-req REHV2GKZR6BI6E66667LFTNPF42XF5QG
Mar 16, 2013 12:55:22 PM net.blogracy.controller.DistributedHashTable$LookupListener onMessage
INFO: lookup-ans REHV2GKZR6BI6E66667LFTNPF42XF5QG HU5J2AOJ6ZWOXOXW4JWGL37FIGWIOOFZ 2013-03-16T12:52:23Z 2013-03-16T12:55:22Z 373
Mar 16, 2013 12:55:22 PM net.blogracy.controller.DistributedHashTable$DownloadListener <init>
INFO: download-req REHV2GKZR6BI6E66667LFTNPF42XF5QG HU5J2AOJ6ZWOXOXW4JWGL37FIGWIOOFZ 2013-03-16T12:52:23Z
Mar 16, 2013 12:55:37 PM net.blogracy.controller.DistributedHashTable$DownloadListener onMessage
INFO: download-ans REHV2GKZR6BI6E66667LFTNPF42XF5QG HU5J2AOJ6ZWOXOXW4JWGL37FIGWIOOFZ 2013-03-16T12:52:23Z 2013-03-16T12:55:37Z 15157  194000 821
Mar 16, 2013 12:55:48 PM net.blogracy.controller.DistributedHashTable$LookupListener <init>
INFO: lookup-req GRRVNWRRA5YPOTR2NJTQK3RXPMJXGKYD
Mar 16, 2013 12:55:50 PM net.blogracy.controller.DistributedHashTable$LookupListener onMessage
INFO: lookup-ans GRRVNWRRA5YPOTR2NJTQK3RXPMJXGKYD EK6FVP4VMGNY64OC3R4XP4Y355MV7GL3 2013-03-16T07:12:34Z 2013-03-16T12:55:50Z 1787
Mar 16, 2013 12:55:50 PM net.blogracy.controller.DistributedHashTable$LookupListener onMessage
INFO: lookup-ans GRRVNWRRA5YPOTR2NJTQK3RXPMJXGKYD N2XSHXTDPK7NMLMRJHM43RT2OYZP4SJI 2013-03-16T08:47:59Z 2013-03-16T12:55:50Z 1789
Mar 16, 2013 12:55:50 PM net.blogracy.controller.DistributedHashTable$LookupListener onMessage
INFO: lookup-ans GRRVNWRRA5YPOTR2NJTQK3RXPMJXGKYD Z44I3UIP7BP7RYUFEGSHKY46BWP34TNN 2013-03-16T12:56:05Z 2013-03-16T12:55:50Z 1793
Mar 16, 2013 12:55:50 PM net.blogracy.controller.DistributedHashTable$DownloadListener <init>
INFO: download-req GRRVNWRRA5YPOTR2NJTQK3RXPMJXGKYD Z44I3UIP7BP7RYUFEGSHKY46BWP34TNN 2013-03-16T12:56:05Z
Mar 16, 2013 12:55:56 PM net.blogracy.controller.DistributedHashTable$DownloadListener onMessage
INFO: download-ans GRRVNWRRA5YPOTR2NJTQK3RXPMJXGKYD Z44I3UIP7BP7RYUFEGSHKY46BWP34TNN 2013-03-16T12:56:05Z 2013-03-16T12:55:56Z 5681  -9000 1091
Mar 16, 2013 12:56:16 PM net.blogracy.controller.DistributedHashTable$LookupListener <init>
INFO: lookup-req HPQLSAFOTHT5XCF6AXRN65UWQXL75VUB
Mar 16, 2013 12:56:43 PM net.blogracy.controller.DistributedHashTable$LookupListener <init>
INFO: lookup-req 734RO6HILBSFN7TZMLELFXELO3NKEQPG
Mar 16, 2013 12:56:43 PM net.blogracy.controller.DistributedHashTable$LookupListener onMessage
INFO: lookup-ans 734RO6HILBSFN7TZMLELFXELO3NKEQPG EFDVO5TD2YABIOTGLJBZ2JROF272IHQ7 2013-03-16T12:54:11Z 2013-03-16T12:56:43Z 277
Mar 16, 2013 12:56:43 PM net.blogracy.controller.DistributedHashTable$DownloadListener <init>
INFO: download-req 734RO6HILBSFN7TZMLELFXELO3NKEQPG EFDVO5TD2YABIOTGLJBZ2JROF272IHQ7 2013-03-16T12:54:11Z
Mar 16, 2013 12:56:56 PM net.blogracy.controller.DistributedHashTable$DownloadListener onMessage
INFO: download-ans 734RO6HILBSFN7TZMLELFXELO3NKEQPG EFDVO5TD2YABIOTGLJBZ2JROF272IHQ7 2013-03-16T12:54:11Z 2013-03-16T12:56:56Z 12345  165000 1091
Mar 16, 2013 12:57:10 PM net.blogracy.controller.DistributedHashTable$LookupListener <init>
INFO: lookup-req O2LNUOSQV6AMEJPEGJG7OVPK2XZQV3ZE
Mar 16, 2013 12:57:11 PM net.blogracy.controller.DistributedHashTable$LookupListener onMessage
INFO: lookup-ans O2LNUOSQV6AMEJPEGJG7OVPK2XZQV3ZE M44FCC4H62ZWD2XBJJBHDFJIWYYACBGP 2013-03-16T12:38:58Z 2013-03-16T12:57:11Z 203
Mar 16, 2013 12:57:11 PM net.blogracy.controller.DistributedHashTable$LookupListener onMessage
INFO: lookup-ans O2LNUOSQV6AMEJPEGJG7OVPK2XZQV3ZE QUZBYT5YJG7KLLPC2XN2IFORTUYYYU55 2013-03-16T12:53:59Z 2013-03-16T12:57:11Z 371
Mar 16, 2013 12:57:11 PM net.blogracy.controller.DistributedHashTable$DownloadListener <init>
INFO: download-req O2LNUOSQV6AMEJPEGJG7OVPK2XZQV3ZE QUZBYT5YJG7KLLPC2XN2IFORTUYYYU55 2013-03-16T12:53:59Z
Mar 16, 2013 12:57:15 PM net.blogracy.controller.DistributedHashTable$DownloadListener onMessage
INFO: download-ans O2LNUOSQV6AMEJPEGJG7OVPK2XZQV3ZE QUZBYT5YJG7KLLPC2XN2IFORTUYYYU55 2013-03-16T12:53:59Z 2013-03-16T12:57:15Z 4659  196000 1091
Mar 16, 2013 12:57:38 PM net.blogracy.controller.DistributedHashTable$LookupListener <init>
INFO: lookup-req RPVEPPTQV6G357V6OCZ4RSFBRAFAP3HM
Mar 16, 2013 12:58:05 PM net.blogracy.controller.DistributedHashTable$LookupListener <init>
INFO: lookup-req 3B73BAT64GOB5DR7NXD7IRSR4Z7GIK4E
Mar 16, 2013 12:58:05 PM net.blogracy.controller.DistributedHashTable$LookupListener onMessage
INFO: lookup-ans 3B73BAT64GOB5DR7NXD7IRSR4Z7GIK4E KWK52YX3XWPNOTXG6OOAHXG4BE7EAQS6 2013-03-16T12:43:32Z 2013-03-16T12:58:05Z 443
Mar 16, 2013 12:58:32 PM net.blogracy.controller.DistributedHashTable$LookupListener <init>
INFO: lookup-req QF57FG6NEFT7PHOEIFHV734DS7DAMSD2
Mar 16, 2013 12:58:33 PM net.blogracy.controller.DistributedHashTable$LookupListener onMessage
INFO: lookup-ans QF57FG6NEFT7PHOEIFHV734DS7DAMSD2 XXSWWQJVZ6SDEQ37TXFPKEGJNQLBKXM6 2013-03-16T12:57:17Z 2013-03-16T12:58:33Z 301
Mar 16, 2013 12:58:33 PM net.blogracy.controller.DistributedHashTable$DownloadListener <init>
INFO: download-req QF57FG6NEFT7PHOEIFHV734DS7DAMSD2 XXSWWQJVZ6SDEQ37TXFPKEGJNQLBKXM6 2013-03-16T12:57:17Z
Mar 16, 2013 12:58:58 PM net.blogracy.controller.DistributedHashTable$DownloadListener onMessage
INFO: download-ans QF57FG6NEFT7PHOEIFHV734DS7DAMSD2 XXSWWQJVZ6SDEQ37TXFPKEGJNQLBKXM6 2013-03-16T12:57:17Z 2013-03-16T12:58:58Z 25802  101000 1091
Mar 16, 2013 12:59:00 PM net.blogracy.controller.DistributedHashTable$LookupListener <init>
INFO: lookup-req H3WGV7IKX35FZNSFJYEZV4VCFQBSAKEL
Mar 16, 2013 12:59:00 PM net.blogracy.controller.DistributedHashTable$LookupListener onMessage
INFO: lookup-ans H3WGV7IKX35FZNSFJYEZV4VCFQBSAKEL HTJGSE25GJ63UBLNXUQKLQSDIPUZJF6U 2013-03-16T12:53:39Z 2013-03-16T12:59:00Z 288
Mar 16, 2013 12:59:00 PM net.blogracy.controller.DistributedHashTable$DownloadListener <init>
INFO: download-req H3WGV7IKX35FZNSFJYEZV4VCFQBSAKEL HTJGSE25GJ63UBLNXUQKLQSDIPUZJF6U 2013-03-16T12:53:39Z
Mar 16, 2013 12:59:00 PM net.blogracy.controller.DistributedHashTable$LookupListener onMessage
INFO: lookup-ans H3WGV7IKX35FZNSFJYEZV4VCFQBSAKEL GMFJRGOOODDV2INC6OJY2AXVWOZLOMSZ 2013-03-16T08:45:27Z 2013-03-16T12:59:00Z 303
Mar 16, 2013 12:59:03 PM net.blogracy.controller.DistributedHashTable$DownloadListener onMessage
INFO: download-ans H3WGV7IKX35FZNSFJYEZV4VCFQBSAKEL HTJGSE25GJ63UBLNXUQKLQSDIPUZJF6U 2013-03-16T12:53:39Z 2013-03-16T12:59:03Z 2751  324000 1091
Mar 16, 2013 12:59:27 PM net.blogracy.controller.DistributedHashTable$LookupListener <init>
INFO: lookup-req JZY6QFFDO2J4RQXM6QEFAMCKPOBHYFWR
Mar 16, 2013 12:59:27 PM net.blogracy.controller.DistributedHashTable$LookupListener onMessage
INFO: lookup-ans JZY6QFFDO2J4RQXM6QEFAMCKPOBHYFWR EKKTYD6DISZMDFMLFXQKFG3UF5OOO57G 2013-03-16T12:54:04Z 2013-03-16T12:59:27Z 320
Mar 16, 2013 12:59:27 PM net.blogracy.controller.DistributedHashTable$DownloadListener <init>
INFO: download-req JZY6QFFDO2J4RQXM6QEFAMCKPOBHYFWR EKKTYD6DISZMDFMLFXQKFG3UF5OOO57G 2013-03-16T12:54:04Z
Mar 16, 2013 12:59:31 PM net.blogracy.controller.DistributedHashTable$DownloadListener onMessage
INFO: download-ans JZY6QFFDO2J4RQXM6QEFAMCKPOBHYFWR EKKTYD6DISZMDFMLFXQKFG3UF5OOO57G 2013-03-16T12:54:04Z 2013-03-16T12:59:31Z 3593  327000 1091
Mar 16, 2013 12:59:54 PM net.blogracy.controller.DistributedHashTable$LookupListener <init>
INFO: lookup-req IIFTPYF2OOSC7OUXFHS6JFLCSWAADAGJ
Mar 16, 2013 12:59:55 PM net.blogracy.controller.DistributedHashTable$LookupListener onMessage
INFO: lookup-ans IIFTPYF2OOSC7OUXFHS6JFLCSWAADAGJ 65ZUSJNPT7YUS7DIHJXD2Q3OAVDMEPS7 2013-03-16T12:55:49Z 2013-03-16T12:59:55Z 419
Mar 16, 2013 12:59:55 PM net.blogracy.controller.DistributedHashTable$DownloadListener <init>
INFO: download-req IIFTPYF2OOSC7OUXFHS6JFLCSWAADAGJ 65ZUSJNPT7YUS7DIHJXD2Q3OAVDMEPS7 2013-03-16T12:55:49Z
Mar 16, 2013 1:00:00 PM net.blogracy.controller.DistributedHashTable$DownloadListener onMessage
INFO: download-ans IIFTPYF2OOSC7OUXFHS6JFLCSWAADAGJ 65ZUSJNPT7YUS7DIHJXD2Q3OAVDMEPS7 2013-03-16T12:55:49Z 2013-03-16T13:00:00Z 5008  251000 1091
Mar 16, 2013 1:00:21 PM net.blogracy.controller.DistributedHashTable$LookupListener <init>
INFO: lookup-req REHV2GKZR6BI6E66667LFTNPF42XF5QG
Mar 16, 2013 1:00:22 PM net.blogracy.controller.DistributedHashTable$LookupListener onMessage
INFO: lookup-ans REHV2GKZR6BI6E66667LFTNPF42XF5QG TURZJMTMS2WXJSWRQXB3ZR4AESTKVTRP 2013-03-16T12:57:25Z 2013-03-16T13:00:22Z 482
Mar 16, 2013 1:00:22 PM net.blogracy.controller.DistributedHashTable$DownloadListener <init>
INFO: download-req REHV2GKZR6BI6E66667LFTNPF42XF5QG TURZJMTMS2WXJSWRQXB3ZR4AESTKVTRP 2013-03-16T12:57:25Z
Mar 16, 2013 1:00:27 PM net.blogracy.controller.DistributedHashTable$DownloadListener onMessage
INFO: download-ans REHV2GKZR6BI6E66667LFTNPF42XF5QG TURZJMTMS2WXJSWRQXB3ZR4AESTKVTRP 2013-03-16T12:57:25Z 2013-03-16T13:00:27Z 4710  182000 1091
Mar 16, 2013 1:00:49 PM net.blogracy.controller.DistributedHashTable$LookupListener <init>
INFO: lookup-req GRRVNWRRA5YPOTR2NJTQK3RXPMJXGKYD
Mar 16, 2013 1:00:49 PM net.blogracy.controller.DistributedHashTable$LookupListener onMessage
INFO: lookup-ans GRRVNWRRA5YPOTR2NJTQK3RXPMJXGKYD EK6FVP4VMGNY64OC3R4XP4Y355MV7GL3 2013-03-16T07:12:34Z 2013-03-16T13:00:49Z 565
Mar 16, 2013 1:00:49 PM net.blogracy.controller.DistributedHashTable$LookupListener onMessage
INFO: lookup-ans GRRVNWRRA5YPOTR2NJTQK3RXPMJXGKYD N2XSHXTDPK7NMLMRJHM43RT2OYZP4SJI 2013-03-16T08:47:59Z 2013-03-16T13:00:49Z 566
Mar 16, 2013 1:00:49 PM net.blogracy.controller.DistributedHashTable$LookupListener onMessage
INFO: lookup-ans GRRVNWRRA5YPOTR2NJTQK3RXPMJXGKYD B37QGCMVYVOJXEAHQMUEMFWV7ISVVI4Y 2013-03-16T13:01:05Z 2013-03-16T13:00:49Z 573
Mar 16, 2013 1:00:49 PM net.blogracy.controller.DistributedHashTable$DownloadListener <init>
INFO: download-req GRRVNWRRA5YPOTR2NJTQK3RXPMJXGKYD B37QGCMVYVOJXEAHQMUEMFWV7ISVVI4Y 2013-03-16T13:01:05Z
Mar 16, 2013 1:00:53 PM net.blogracy.controller.DistributedHashTable$DownloadListener onMessage
INFO: download-ans GRRVNWRRA5YPOTR2NJTQK3RXPMJXGKYD B37QGCMVYVOJXEAHQMUEMFWV7ISVVI4Y 2013-03-16T13:01:05Z 2013-03-16T13:00:53Z 3587  -12000 1361
Mar 16, 2013 1:01:00 PM net.blogracy.controller.DistributedHashTable$LookupListener onMessage
INFO: lookup-ans GRRVNWRRA5YPOTR2NJTQK3RXPMJXGKYD Z44I3UIP7BP7RYUFEGSHKY46BWP34TNN 2013-03-16T12:56:05Z 2013-03-16T13:01:00Z 11596
Mar 16, 2013 1:01:16 PM net.blogracy.controller.DistributedHashTable$LookupListener <init>
INFO: lookup-req HPQLSAFOTHT5XCF6AXRN65UWQXL75VUB
Mar 16, 2013 1:01:43 PM net.blogracy.controller.DistributedHashTable$LookupListener <init>
INFO: lookup-req 734RO6HILBSFN7TZMLELFXELO3NKEQPG
Mar 16, 2013 1:01:44 PM net.blogracy.controller.DistributedHashTable$LookupListener onMessage
INFO: lookup-ans 734RO6HILBSFN7TZMLELFXELO3NKEQPG C2ZACL56SSWD26O7IBWW7SUAWH2YYYGK 2013-03-16T12:59:13Z 2013-03-16T13:01:44Z 402
Mar 16, 2013 1:01:44 PM net.blogracy.controller.DistributedHashTable$DownloadListener <init>
INFO: download-req 734RO6HILBSFN7TZMLELFXELO3NKEQPG C2ZACL56SSWD26O7IBWW7SUAWH2YYYGK 2013-03-16T12:59:13Z
Mar 16, 2013 1:01:49 PM net.blogracy.controller.DistributedHashTable$DownloadListener onMessage
INFO: download-ans 734RO6HILBSFN7TZMLELFXELO3NKEQPG C2ZACL56SSWD26O7IBWW7SUAWH2YYYGK 2013-03-16T12:59:13Z 2013-03-16T13:01:49Z 5319  156000 1361
Mar 16, 2013 1:02:11 PM net.blogracy.controller.DistributedHashTable$LookupListener <init>
INFO: lookup-req O2LNUOSQV6AMEJPEGJG7OVPK2XZQV3ZE
Mar 16, 2013 1:02:11 PM net.blogracy.controller.DistributedHashTable$LookupListener onMessage
INFO: lookup-ans O2LNUOSQV6AMEJPEGJG7OVPK2XZQV3ZE M44FCC4H62ZWD2XBJJBHDFJIWYYACBGP 2013-03-16T12:38:58Z 2013-03-16T13:02:11Z 297
Mar 16, 2013 1:02:11 PM net.blogracy.controller.DistributedHashTable$LookupListener onMessage
INFO: lookup-ans O2LNUOSQV6AMEJPEGJG7OVPK2XZQV3ZE PBGHS7D7DMRZ6EXSCVZ6TI67NXMEZWWL 2013-03-16T12:58:59Z 2013-03-16T13:02:11Z 386
Mar 16, 2013 1:02:11 PM net.blogracy.controller.DistributedHashTable$DownloadListener <init>
INFO: download-req O2LNUOSQV6AMEJPEGJG7OVPK2XZQV3ZE PBGHS7D7DMRZ6EXSCVZ6TI67NXMEZWWL 2013-03-16T12:58:59Z
Mar 16, 2013 1:02:16 PM net.blogracy.controller.DistributedHashTable$DownloadListener onMessage
INFO: download-ans O2LNUOSQV6AMEJPEGJG7OVPK2XZQV3ZE PBGHS7D7DMRZ6EXSCVZ6TI67NXMEZWWL 2013-03-16T12:58:59Z 2013-03-16T13:02:16Z 5311  197000 1361
Mar 16, 2013 1:02:38 PM net.blogracy.controller.DistributedHashTable$LookupListener <init>
INFO: lookup-req RPVEPPTQV6G357V6OCZ4RSFBRAFAP3HM
Mar 16, 2013 1:03:05 PM net.blogracy.controller.DistributedHashTable$LookupListener <init>
INFO: lookup-req 3B73BAT64GOB5DR7NXD7IRSR4Z7GIK4E
Mar 16, 2013 1:03:06 PM net.blogracy.controller.DistributedHashTable$LookupListener onMessage
INFO: lookup-ans 3B73BAT64GOB5DR7NXD7IRSR4Z7GIK4E KWK52YX3XWPNOTXG6OOAHXG4BE7EAQS6 2013-03-16T12:43:32Z 2013-03-16T13:03:06Z 338
Mar 16, 2013 1:03:33 PM net.blogracy.controller.DistributedHashTable$LookupListener <init>
INFO: lookup-req QF57FG6NEFT7PHOEIFHV734DS7DAMSD2
Mar 16, 2013 1:03:33 PM net.blogracy.controller.DistributedHashTable$LookupListener onMessage
INFO: lookup-ans QF57FG6NEFT7PHOEIFHV734DS7DAMSD2 L4V4UOY3TF65L653RN75TWH7QPY7FWPJ 2013-03-16T13:02:18Z 2013-03-16T13:03:33Z 299
Mar 16, 2013 1:03:33 PM net.blogracy.controller.DistributedHashTable$DownloadListener <init>
INFO: download-req QF57FG6NEFT7PHOEIFHV734DS7DAMSD2 L4V4UOY3TF65L653RN75TWH7QPY7FWPJ 2013-03-16T13:02:18Z
Mar 16, 2013 1:03:38 PM net.blogracy.controller.DistributedHashTable$DownloadListener onMessage
INFO: download-ans QF57FG6NEFT7PHOEIFHV734DS7DAMSD2 L4V4UOY3TF65L653RN75TWH7QPY7FWPJ 2013-03-16T13:02:18Z 2013-03-16T13:03:38Z 5007  80000 1361
Mar 16, 2013 1:04:00 PM net.blogracy.controller.DistributedHashTable$LookupListener <init>
INFO: lookup-req H3WGV7IKX35FZNSFJYEZV4VCFQBSAKEL
Mar 16, 2013 1:04:00 PM net.blogracy.controller.DistributedHashTable$LookupListener onMessage
INFO: lookup-ans H3WGV7IKX35FZNSFJYEZV4VCFQBSAKEL 6ESLHHXTVUFHMEJBCWMI7Z7SP6RCLKPO 2013-03-16T12:58:39Z 2013-03-16T13:04:00Z 290
Mar 16, 2013 1:04:00 PM net.blogracy.controller.DistributedHashTable$DownloadListener <init>
INFO: download-req H3WGV7IKX35FZNSFJYEZV4VCFQBSAKEL 6ESLHHXTVUFHMEJBCWMI7Z7SP6RCLKPO 2013-03-16T12:58:39Z
Mar 16, 2013 1:04:00 PM net.blogracy.controller.DistributedHashTable$LookupListener onMessage
INFO: lookup-ans H3WGV7IKX35FZNSFJYEZV4VCFQBSAKEL GMFJRGOOODDV2INC6OJY2AXVWOZLOMSZ 2013-03-16T08:45:27Z 2013-03-16T13:04:00Z 307
Mar 16, 2013 1:04:14 PM net.blogracy.controller.DistributedHashTable$DownloadListener onMessage
INFO: download-ans H3WGV7IKX35FZNSFJYEZV4VCFQBSAKEL 6ESLHHXTVUFHMEJBCWMI7Z7SP6RCLKPO 2013-03-16T12:58:39Z 2013-03-16T13:04:14Z 13888  335000 1361
Mar 16, 2013 1:04:27 PM net.blogracy.controller.DistributedHashTable$LookupListener <init>
INFO: lookup-req JZY6QFFDO2J4RQXM6QEFAMCKPOBHYFWR
Mar 16, 2013 1:04:27 PM net.blogracy.controller.DistributedHashTable$LookupListener onMessage
INFO: lookup-ans JZY6QFFDO2J4RQXM6QEFAMCKPOBHYFWR OMLFIXNEJKBFCJ4OKJ4IPJMWF2ZGU5IX 2013-03-16T12:59:05Z 2013-03-16T13:04:27Z 280
Mar 16, 2013 1:04:27 PM net.blogracy.controller.DistributedHashTable$DownloadListener <init>
INFO: download-req JZY6QFFDO2J4RQXM6QEFAMCKPOBHYFWR OMLFIXNEJKBFCJ4OKJ4IPJMWF2ZGU5IX 2013-03-16T12:59:05Z
Mar 16, 2013 1:04:31 PM net.blogracy.controller.DistributedHashTable$DownloadListener onMessage
INFO: download-ans JZY6QFFDO2J4RQXM6QEFAMCKPOBHYFWR OMLFIXNEJKBFCJ4OKJ4IPJMWF2ZGU5IX 2013-03-16T12:59:05Z 2013-03-16T13:04:31Z 3640  326000 1361
Mar 16, 2013 1:04:54 PM net.blogracy.controller.DistributedHashTable$LookupListener <init>
INFO: lookup-req IIFTPYF2OOSC7OUXFHS6JFLCSWAADAGJ
Mar 16, 2013 1:04:55 PM net.blogracy.controller.DistributedHashTable$LookupListener onMessage
INFO: lookup-ans IIFTPYF2OOSC7OUXFHS6JFLCSWAADAGJ WYDLOE3ZKV5AFJDWVCWDHGS2GJFOFV7S 2013-03-16T13:00:50Z 2013-03-16T13:04:55Z 324
Mar 16, 2013 1:04:55 PM net.blogracy.controller.DistributedHashTable$DownloadListener <init>
INFO: download-req IIFTPYF2OOSC7OUXFHS6JFLCSWAADAGJ WYDLOE3ZKV5AFJDWVCWDHGS2GJFOFV7S 2013-03-16T13:00:50Z
Mar 16, 2013 1:04:57 PM net.blogracy.controller.DistributedHashTable$DownloadListener onMessage
INFO: download-ans IIFTPYF2OOSC7OUXFHS6JFLCSWAADAGJ WYDLOE3ZKV5AFJDWVCWDHGS2GJFOFV7S 2013-03-16T13:00:50Z 2013-03-16T13:04:57Z 2571  247000 1361
Mar 16, 2013 1:05:22 PM net.blogracy.controller.DistributedHashTable$LookupListener <init>
INFO: lookup-req REHV2GKZR6BI6E66667LFTNPF42XF5QG
Mar 16, 2013 1:05:22 PM net.blogracy.controller.DistributedHashTable$LookupListener onMessage
INFO: lookup-ans REHV2GKZR6BI6E66667LFTNPF42XF5QG MCANBF7JPRBGYAJ4OE7P43RMVT6POPEM 2013-03-16T13:02:26Z 2013-03-16T13:05:22Z 472
Mar 16, 2013 1:05:22 PM net.blogracy.controller.DistributedHashTable$DownloadListener <init>
INFO: download-req REHV2GKZR6BI6E66667LFTNPF42XF5QG MCANBF7JPRBGYAJ4OE7P43RMVT6POPEM 2013-03-16T13:02:26Z
Mar 16, 2013 1:05:26 PM net.blogracy.controller.DistributedHashTable$DownloadListener onMessage
INFO: download-ans REHV2GKZR6BI6E66667LFTNPF42XF5QG MCANBF7JPRBGYAJ4OE7P43RMVT6POPEM 2013-03-16T13:02:26Z 2013-03-16T13:05:26Z 3383  180000 1361
Mar 16, 2013 1:05:49 PM net.blogracy.controller.DistributedHashTable$LookupListener <init>
INFO: lookup-req GRRVNWRRA5YPOTR2NJTQK3RXPMJXGKYD
Mar 16, 2013 1:05:50 PM net.blogracy.controller.DistributedHashTable$LookupListener onMessage
INFO: lookup-ans GRRVNWRRA5YPOTR2NJTQK3RXPMJXGKYD N2XSHXTDPK7NMLMRJHM43RT2OYZP4SJI 2013-03-16T08:47:59Z 2013-03-16T13:05:50Z 577
Mar 16, 2013 1:05:50 PM net.blogracy.controller.DistributedHashTable$LookupListener onMessage
INFO: lookup-ans GRRVNWRRA5YPOTR2NJTQK3RXPMJXGKYD EK6FVP4VMGNY64OC3R4XP4Y355MV7GL3 2013-03-16T07:12:34Z 2013-03-16T13:05:50Z 578
Mar 16, 2013 1:05:50 PM net.blogracy.controller.DistributedHashTable$LookupListener onMessage
INFO: lookup-ans GRRVNWRRA5YPOTR2NJTQK3RXPMJXGKYD AP3TWOFWAUPWSONBIMLOCLGAPCJMKGME 2013-03-16T13:06:06Z 2013-03-16T13:05:50Z 584
Mar 16, 2013 1:05:50 PM net.blogracy.controller.DistributedHashTable$DownloadListener <init>
INFO: download-req GRRVNWRRA5YPOTR2NJTQK3RXPMJXGKYD AP3TWOFWAUPWSONBIMLOCLGAPCJMKGME 2013-03-16T13:06:06Z
Mar 16, 2013 1:05:52 PM net.blogracy.controller.DistributedHashTable$DownloadListener onMessage
INFO: download-ans GRRVNWRRA5YPOTR2NJTQK3RXPMJXGKYD AP3TWOFWAUPWSONBIMLOCLGAPCJMKGME 2013-03-16T13:06:06Z 2013-03-16T13:05:52Z 2594  -14000 1631
Mar 16, 2013 1:06:16 PM net.blogracy.controller.DistributedHashTable$LookupListener <init>
INFO: lookup-req HPQLSAFOTHT5XCF6AXRN65UWQXL75VUB
Mar 16, 2013 1:06:44 PM net.blogracy.controller.DistributedHashTable$LookupListener <init>
INFO: lookup-req 734RO6HILBSFN7TZMLELFXELO3NKEQPG
Mar 16, 2013 1:06:44 PM net.blogracy.controller.DistributedHashTable$LookupListener onMessage
INFO: lookup-ans 734RO6HILBSFN7TZMLELFXELO3NKEQPG 25CEZFYB22MMMSXYA7ID7CJUKAFHNWWW 2013-03-16T13:04:14Z 2013-03-16T13:06:44Z 282
Mar 16, 2013 1:06:44 PM net.blogracy.controller.DistributedHashTable$DownloadListener <init>
INFO: download-req 734RO6HILBSFN7TZMLELFXELO3NKEQPG 25CEZFYB22MMMSXYA7ID7CJUKAFHNWWW 2013-03-16T13:04:14Z
Mar 16, 2013 1:06:47 PM net.blogracy.controller.DistributedHashTable$DownloadListener onMessage
INFO: download-ans 734RO6HILBSFN7TZMLELFXELO3NKEQPG 25CEZFYB22MMMSXYA7ID7CJUKAFHNWWW 2013-03-16T13:04:14Z 2013-03-16T13:06:47Z 2809  153000 1631
Mar 16, 2013 1:07:11 PM net.blogracy.controller.DistributedHashTable$LookupListener <init>
INFO: lookup-req O2LNUOSQV6AMEJPEGJG7OVPK2XZQV3ZE
Mar 16, 2013 1:07:11 PM net.blogracy.controller.DistributedHashTable$LookupListener onMessage
INFO: lookup-ans O2LNUOSQV6AMEJPEGJG7OVPK2XZQV3ZE M44FCC4H62ZWD2XBJJBHDFJIWYYACBGP 2013-03-16T12:38:58Z 2013-03-16T13:07:11Z 147
Mar 16, 2013 1:07:11 PM net.blogracy.controller.DistributedHashTable$LookupListener onMessage
INFO: lookup-ans O2LNUOSQV6AMEJPEGJG7OVPK2XZQV3ZE VYJAO4TNRAZKXFQABL5METAHRAGRZOWE 2013-03-16T13:04:00Z 2013-03-16T13:07:11Z 264
Mar 16, 2013 1:07:11 PM net.blogracy.controller.DistributedHashTable$DownloadListener <init>
INFO: download-req O2LNUOSQV6AMEJPEGJG7OVPK2XZQV3ZE VYJAO4TNRAZKXFQABL5METAHRAGRZOWE 2013-03-16T13:04:00Z
Mar 16, 2013 1:07:14 PM net.blogracy.controller.DistributedHashTable$DownloadListener onMessage
INFO: download-ans O2LNUOSQV6AMEJPEGJG7OVPK2XZQV3ZE VYJAO4TNRAZKXFQABL5METAHRAGRZOWE 2013-03-16T13:04:00Z 2013-03-16T13:07:14Z 2744  194000 1631
Mar 16, 2013 1:07:38 PM net.blogracy.controller.DistributedHashTable$LookupListener <init>
INFO: lookup-req RPVEPPTQV6G357V6OCZ4RSFBRAFAP3HM
Mar 16, 2013 1:08:06 PM net.blogracy.controller.DistributedHashTable$LookupListener <init>
INFO: lookup-req 3B73BAT64GOB5DR7NXD7IRSR4Z7GIK4E
Mar 16, 2013 1:08:06 PM net.blogracy.controller.DistributedHashTable$LookupListener onMessage
INFO: lookup-ans 3B73BAT64GOB5DR7NXD7IRSR4Z7GIK4E KWK52YX3XWPNOTXG6OOAHXG4BE7EAQS6 2013-03-16T12:43:32Z 2013-03-16T13:08:06Z 346
Mar 16, 2013 1:08:33 PM net.blogracy.controller.DistributedHashTable$LookupListener <init>
INFO: lookup-req QF57FG6NEFT7PHOEIFHV734DS7DAMSD2
Mar 16, 2013 1:08:33 PM net.blogracy.controller.DistributedHashTable$LookupListener onMessage
INFO: lookup-ans QF57FG6NEFT7PHOEIFHV734DS7DAMSD2 WGX4EU4SDFMQJHMGPZUUJPQGXZPNJH5O 2013-03-16T13:07:19Z 2013-03-16T13:08:33Z 327
Mar 16, 2013 1:08:33 PM net.blogracy.controller.DistributedHashTable$DownloadListener <init>
INFO: download-req QF57FG6NEFT7PHOEIFHV734DS7DAMSD2 WGX4EU4SDFMQJHMGPZUUJPQGXZPNJH5O 2013-03-16T13:07:19Z
Mar 16, 2013 1:09:00 PM net.blogracy.controller.DistributedHashTable$LookupListener <init>
INFO: lookup-req H3WGV7IKX35FZNSFJYEZV4VCFQBSAKEL
Mar 16, 2013 1:09:00 PM net.blogracy.controller.DistributedHashTable$LookupListener onMessage
INFO: lookup-ans H3WGV7IKX35FZNSFJYEZV4VCFQBSAKEL I4OVH2FGOCRLKMACVT3VI6USHH7LYD32 2013-03-16T13:03:40Z 2013-03-16T13:09:00Z 270
Mar 16, 2013 1:09:00 PM net.blogracy.controller.DistributedHashTable$DownloadListener <init>
INFO: download-req H3WGV7IKX35FZNSFJYEZV4VCFQBSAKEL I4OVH2FGOCRLKMACVT3VI6USHH7LYD32 2013-03-16T13:03:40Z
Mar 16, 2013 1:09:00 PM net.blogracy.controller.DistributedHashTable$LookupListener onMessage
INFO: lookup-ans H3WGV7IKX35FZNSFJYEZV4VCFQBSAKEL GMFJRGOOODDV2INC6OJY2AXVWOZLOMSZ 2013-03-16T08:45:27Z 2013-03-16T13:09:00Z 286
Mar 16, 2013 1:09:05 PM net.blogracy.controller.DistributedHashTable$DownloadListener onMessage
INFO: download-ans H3WGV7IKX35FZNSFJYEZV4VCFQBSAKEL I4OVH2FGOCRLKMACVT3VI6USHH7LYD32 2013-03-16T13:03:40Z 2013-03-16T13:09:05Z 4216  325000 1631
Mar 16, 2013 1:09:27 PM net.blogracy.controller.DistributedHashTable$LookupListener <init>
INFO: lookup-req JZY6QFFDO2J4RQXM6QEFAMCKPOBHYFWR
Mar 16, 2013 1:09:28 PM net.blogracy.controller.DistributedHashTable$LookupListener onMessage
INFO: lookup-ans JZY6QFFDO2J4RQXM6QEFAMCKPOBHYFWR VNST4I72EXSOD3NFU52ZVKDOBURZUXX3 2013-03-16T13:04:05Z 2013-03-16T13:09:28Z 261
Mar 16, 2013 1:09:28 PM net.blogracy.controller.DistributedHashTable$DownloadListener <init>
INFO: download-req JZY6QFFDO2J4RQXM6QEFAMCKPOBHYFWR VNST4I72EXSOD3NFU52ZVKDOBURZUXX3 2013-03-16T13:04:05Z
Mar 16, 2013 1:09:30 PM net.blogracy.controller.DistributedHashTable$LookupListener onMessage
INFO: lookup-ans JZY6QFFDO2J4RQXM6QEFAMCKPOBHYFWR OMLFIXNEJKBFCJ4OKJ4IPJMWF2ZGU5IX 2013-03-16T12:59:05Z 2013-03-16T13:09:30Z 2540
Mar 16, 2013 1:09:32 PM net.blogracy.controller.DistributedHashTable$DownloadListener onMessage
INFO: download-ans JZY6QFFDO2J4RQXM6QEFAMCKPOBHYFWR VNST4I72EXSOD3NFU52ZVKDOBURZUXX3 2013-03-16T13:04:05Z 2013-03-16T13:09:32Z 3963  327000 1631
Mar 16, 2013 1:09:38 PM net.blogracy.controller.DistributedHashTable$DownloadListener onMessage
INFO: download-ans QF57FG6NEFT7PHOEIFHV734DS7DAMSD2 WGX4EU4SDFMQJHMGPZUUJPQGXZPNJH5O 2013-03-16T13:07:19Z 2013-03-16T13:09:38Z 65143  139000 1631
