Mar 16, 2013 12:39:06 PM net.blogracy.controller.DistributedHashTable$LookupListener <init>
INFO: lookup-req OL65LQYSH3BAO6TGPHZIFC72WVGFD6PR
Mar 16, 2013 12:39:34 PM net.blogracy.controller.DistributedHashTable$LookupListener <init>
INFO: lookup-req O2LNUOSQV6AMEJPEGJG7OVPK2XZQV3ZE
Mar 16, 2013 12:40:01 PM net.blogracy.controller.DistributedHashTable$LookupListener <init>
INFO: lookup-req RPVEPPTQV6G357V6OCZ4RSFBRAFAP3HM
Mar 16, 2013 12:40:28 PM net.blogracy.controller.DistributedHashTable$LookupListener <init>
INFO: lookup-req 3B73BAT64GOB5DR7NXD7IRSR4Z7GIK4E
Mar 16, 2013 12:40:32 PM net.blogracy.controller.DistributedHashTable$LookupListener onMessage
INFO: lookup-ans O2LNUOSQV6AMEJPEGJG7OVPK2XZQV3ZE M44FCC4H62ZWD2XBJJBHDFJIWYYACBGP 2013-03-16T12:38:58Z 2013-03-16T12:40:32Z 58098
Mar 16, 2013 12:40:32 PM net.blogracy.controller.DistributedHashTable$DownloadListener <init>
INFO: download-req O2LNUOSQV6AMEJPEGJG7OVPK2XZQV3ZE M44FCC4H62ZWD2XBJJBHDFJIWYYACBGP 2013-03-16T12:38:58Z
Mar 16, 2013 12:40:35 PM net.blogracy.controller.DistributedHashTable$DownloadListener onMessage
INFO: download-ans O2LNUOSQV6AMEJPEGJG7OVPK2XZQV3ZE M44FCC4H62ZWD2XBJJBHDFJIWYYACBGP 2013-03-16T12:38:58Z 2013-03-16T12:40:35Z 3071  97000 281
Mar 16, 2013 12:40:56 PM net.blogracy.controller.DistributedHashTable$LookupListener <init>
INFO: lookup-req QF57FG6NEFT7PHOEIFHV734DS7DAMSD2
Mar 16, 2013 12:41:23 PM net.blogracy.controller.DistributedHashTable$LookupListener <init>
INFO: lookup-req H3WGV7IKX35FZNSFJYEZV4VCFQBSAKEL
Mar 16, 2013 12:41:24 PM net.blogracy.controller.DistributedHashTable$LookupListener onMessage
INFO: lookup-ans H3WGV7IKX35FZNSFJYEZV4VCFQBSAKEL GMFJRGOOODDV2INC6OJY2AXVWOZLOMSZ 2013-03-16T08:45:27Z 2013-03-16T12:41:24Z 621
Mar 16, 2013 12:41:24 PM net.blogracy.controller.DistributedHashTable$DownloadListener <init>
INFO: download-req H3WGV7IKX35FZNSFJYEZV4VCFQBSAKEL GMFJRGOOODDV2INC6OJY2AXVWOZLOMSZ 2013-03-16T08:45:27Z
Mar 16, 2013 12:41:24 PM net.blogracy.controller.DistributedHashTable$LookupListener onMessage
INFO: lookup-ans H3WGV7IKX35FZNSFJYEZV4VCFQBSAKEL LHJTHUIH4FNCLID6OLHXNBBUQRSXWTPH 2013-03-16T12:38:38Z 2013-03-16T12:41:24Z 729
Mar 16, 2013 12:41:24 PM net.blogracy.controller.DistributedHashTable$DownloadListener <init>
INFO: download-req H3WGV7IKX35FZNSFJYEZV4VCFQBSAKEL LHJTHUIH4FNCLID6OLHXNBBUQRSXWTPH 2013-03-16T12:38:38Z
Mar 16, 2013 12:41:30 PM net.blogracy.controller.DistributedHashTable$DownloadListener onMessage
INFO: download-ans H3WGV7IKX35FZNSFJYEZV4VCFQBSAKEL LHJTHUIH4FNCLID6OLHXNBBUQRSXWTPH 2013-03-16T12:38:38Z 2013-03-16T12:41:30Z 6480  172000 281
Mar 16, 2013 12:41:51 PM net.blogracy.controller.DistributedHashTable$LookupListener <init>
INFO: lookup-req JZY6QFFDO2J4RQXM6QEFAMCKPOBHYFWR
Mar 16, 2013 12:41:51 PM net.blogracy.controller.DistributedHashTable$LookupListener onMessage
INFO: lookup-ans JZY6QFFDO2J4RQXM6QEFAMCKPOBHYFWR GYSSPZJMGWITREPXIAU66CRZHRT64FC3 2013-03-16T12:39:03Z 2013-03-16T12:41:51Z 528
Mar 16, 2013 12:41:51 PM net.blogracy.controller.DistributedHashTable$DownloadListener <init>
INFO: download-req JZY6QFFDO2J4RQXM6QEFAMCKPOBHYFWR GYSSPZJMGWITREPXIAU66CRZHRT64FC3 2013-03-16T12:39:03Z
Mar 16, 2013 12:41:55 PM net.blogracy.controller.DistributedHashTable$DownloadListener onMessage
INFO: download-ans JZY6QFFDO2J4RQXM6QEFAMCKPOBHYFWR GYSSPZJMGWITREPXIAU66CRZHRT64FC3 2013-03-16T12:39:03Z 2013-03-16T12:41:55Z 4012  172000 281
Mar 16, 2013 12:42:18 PM net.blogracy.controller.DistributedHashTable$LookupListener <init>
INFO: lookup-req IIFTPYF2OOSC7OUXFHS6JFLCSWAADAGJ
Mar 16, 2013 12:42:18 PM net.blogracy.controller.DistributedHashTable$LookupListener onMessage
INFO: lookup-ans IIFTPYF2OOSC7OUXFHS6JFLCSWAADAGJ FEIKW62LTXSU56HOSFWSCRDQLXRJAGS7 2013-03-16T12:40:48Z 2013-03-16T12:42:18Z 442
Mar 16, 2013 12:42:18 PM net.blogracy.controller.DistributedHashTable$DownloadListener <init>
INFO: download-req IIFTPYF2OOSC7OUXFHS6JFLCSWAADAGJ FEIKW62LTXSU56HOSFWSCRDQLXRJAGS7 2013-03-16T12:40:48Z
Mar 16, 2013 12:42:23 PM net.blogracy.controller.DistributedHashTable$DownloadListener onMessage
INFO: download-ans IIFTPYF2OOSC7OUXFHS6JFLCSWAADAGJ FEIKW62LTXSU56HOSFWSCRDQLXRJAGS7 2013-03-16T12:40:48Z 2013-03-16T12:42:23Z 4831  95000 281
Mar 16, 2013 12:42:45 PM net.blogracy.controller.DistributedHashTable$LookupListener <init>
INFO: lookup-req REHV2GKZR6BI6E66667LFTNPF42XF5QG
Mar 16, 2013 12:43:13 PM net.blogracy.controller.DistributedHashTable$LookupListener <init>
INFO: lookup-req GRRVNWRRA5YPOTR2NJTQK3RXPMJXGKYD
Mar 16, 2013 12:43:13 PM net.blogracy.controller.DistributedHashTable$LookupListener onMessage
INFO: lookup-ans GRRVNWRRA5YPOTR2NJTQK3RXPMJXGKYD N2XSHXTDPK7NMLMRJHM43RT2OYZP4SJI 2013-03-16T08:47:59Z 2013-03-16T12:43:13Z 595
Mar 16, 2013 12:43:13 PM net.blogracy.controller.DistributedHashTable$DownloadListener <init>
INFO: download-req GRRVNWRRA5YPOTR2NJTQK3RXPMJXGKYD N2XSHXTDPK7NMLMRJHM43RT2OYZP4SJI 2013-03-16T08:47:59Z
Mar 16, 2013 12:43:13 PM net.blogracy.controller.DistributedHashTable$LookupListener onMessage
INFO: lookup-ans GRRVNWRRA5YPOTR2NJTQK3RXPMJXGKYD EK6FVP4VMGNY64OC3R4XP4Y355MV7GL3 2013-03-16T07:12:34Z 2013-03-16T12:43:13Z 734
Mar 16, 2013 12:43:13 PM net.blogracy.controller.DistributedHashTable$DownloadListener <init>
INFO: download-req GRRVNWRRA5YPOTR2NJTQK3RXPMJXGKYD EK6FVP4VMGNY64OC3R4XP4Y355MV7GL3 2013-03-16T07:12:34Z
Mar 16, 2013 12:43:14 PM net.blogracy.controller.DistributedHashTable$LookupListener onMessage
INFO: lookup-ans GRRVNWRRA5YPOTR2NJTQK3RXPMJXGKYD XZVZOJMPYL5O7GEYK2F6XCWDSLCKY6XY 2013-03-16T12:41:04Z 2013-03-16T12:43:14Z 902
Mar 16, 2013 12:43:14 PM net.blogracy.controller.DistributedHashTable$DownloadListener <init>
INFO: download-req GRRVNWRRA5YPOTR2NJTQK3RXPMJXGKYD XZVZOJMPYL5O7GEYK2F6XCWDSLCKY6XY 2013-03-16T12:41:04Z
Mar 16, 2013 12:43:31 PM net.blogracy.controller.DistributedHashTable$DownloadListener onMessage
INFO: download-ans GRRVNWRRA5YPOTR2NJTQK3RXPMJXGKYD XZVZOJMPYL5O7GEYK2F6XCWDSLCKY6XY 2013-03-16T12:41:04Z 2013-03-16T12:43:31Z 17331  147000 281
Mar 16, 2013 12:43:40 PM net.blogracy.controller.DistributedHashTable$LookupListener <init>
INFO: lookup-req HPQLSAFOTHT5XCF6AXRN65UWQXL75VUB
Mar 16, 2013 12:44:09 PM net.blogracy.controller.DistributedHashTable$LookupListener <init>
INFO: lookup-req OL65LQYSH3BAO6TGPHZIFC72WVGFD6PR
Mar 16, 2013 12:44:09 PM net.blogracy.controller.DistributedHashTable$LookupListener onMessage
INFO: lookup-ans OL65LQYSH3BAO6TGPHZIFC72WVGFD6PR D5L6TOXH7RK7NER76GKYWSC2BXJJX3YC 2013-03-16T12:41:42Z 2013-03-16T12:44:09Z 732
Mar 16, 2013 12:44:09 PM net.blogracy.controller.DistributedHashTable$DownloadListener <init>
INFO: download-req OL65LQYSH3BAO6TGPHZIFC72WVGFD6PR D5L6TOXH7RK7NER76GKYWSC2BXJJX3YC 2013-03-16T12:41:42Z
Mar 16, 2013 12:44:13 PM net.blogracy.controller.DistributedHashTable$DownloadListener onMessage
INFO: download-ans OL65LQYSH3BAO6TGPHZIFC72WVGFD6PR D5L6TOXH7RK7NER76GKYWSC2BXJJX3YC 2013-03-16T12:41:42Z 2013-03-16T12:44:13Z 3699  151000 281
Mar 16, 2013 12:44:36 PM net.blogracy.controller.DistributedHashTable$LookupListener <init>
INFO: lookup-req O2LNUOSQV6AMEJPEGJG7OVPK2XZQV3ZE
Mar 16, 2013 12:44:36 PM net.blogracy.controller.DistributedHashTable$LookupListener onMessage
INFO: lookup-ans O2LNUOSQV6AMEJPEGJG7OVPK2XZQV3ZE M44FCC4H62ZWD2XBJJBHDFJIWYYACBGP 2013-03-16T12:38:58Z 2013-03-16T12:44:36Z 216
Mar 16, 2013 12:45:03 PM net.blogracy.controller.DistributedHashTable$LookupListener <init>
INFO: lookup-req RPVEPPTQV6G357V6OCZ4RSFBRAFAP3HM
Mar 16, 2013 12:45:31 PM net.blogracy.controller.DistributedHashTable$LookupListener <init>
INFO: lookup-req 3B73BAT64GOB5DR7NXD7IRSR4Z7GIK4E
Mar 16, 2013 12:45:31 PM net.blogracy.controller.DistributedHashTable$LookupListener onMessage
INFO: lookup-ans 3B73BAT64GOB5DR7NXD7IRSR4Z7GIK4E KWK52YX3XWPNOTXG6OOAHXG4BE7EAQS6 2013-03-16T12:43:32Z 2013-03-16T12:45:31Z 507
Mar 16, 2013 12:45:31 PM net.blogracy.controller.DistributedHashTable$DownloadListener <init>
INFO: download-req 3B73BAT64GOB5DR7NXD7IRSR4Z7GIK4E KWK52YX3XWPNOTXG6OOAHXG4BE7EAQS6 2013-03-16T12:43:32Z
Mar 16, 2013 12:45:48 PM net.blogracy.controller.DistributedHashTable$DownloadListener onMessage
INFO: download-ans 3B73BAT64GOB5DR7NXD7IRSR4Z7GIK4E KWK52YX3XWPNOTXG6OOAHXG4BE7EAQS6 2013-03-16T12:43:32Z 2013-03-16T12:45:48Z 16661  136000 281
Mar 16, 2013 12:45:58 PM net.blogracy.controller.DistributedHashTable$LookupListener <init>
INFO: lookup-req QF57FG6NEFT7PHOEIFHV734DS7DAMSD2
Mar 16, 2013 12:45:59 PM net.blogracy.controller.DistributedHashTable$LookupListener onMessage
INFO: lookup-ans QF57FG6NEFT7PHOEIFHV734DS7DAMSD2 OTDE4B5JCPFI4JLMI7BPAU636DG6NBJL 2013-03-16T12:42:14Z 2013-03-16T12:45:59Z 557
Mar 16, 2013 12:45:59 PM net.blogracy.controller.DistributedHashTable$DownloadListener <init>
INFO: download-req QF57FG6NEFT7PHOEIFHV734DS7DAMSD2 OTDE4B5JCPFI4JLMI7BPAU636DG6NBJL 2013-03-16T12:42:14Z
Mar 16, 2013 12:46:02 PM net.blogracy.controller.DistributedHashTable$DownloadListener onMessage
INFO: download-ans QF57FG6NEFT7PHOEIFHV734DS7DAMSD2 OTDE4B5JCPFI4JLMI7BPAU636DG6NBJL 2013-03-16T12:42:14Z 2013-03-16T12:46:02Z 2764  228000 281
Mar 16, 2013 12:46:26 PM net.blogracy.controller.DistributedHashTable$LookupListener <init>
INFO: lookup-req H3WGV7IKX35FZNSFJYEZV4VCFQBSAKEL
Mar 16, 2013 12:46:26 PM net.blogracy.controller.DistributedHashTable$LookupListener onMessage
INFO: lookup-ans H3WGV7IKX35FZNSFJYEZV4VCFQBSAKEL MSO4VCJRASIEB4JNIUFSZTLG5CGI7MJ2 2013-03-16T12:43:39Z 2013-03-16T12:46:26Z 179
Mar 16, 2013 12:46:26 PM net.blogracy.controller.DistributedHashTable$DownloadListener <init>
INFO: download-req H3WGV7IKX35FZNSFJYEZV4VCFQBSAKEL MSO4VCJRASIEB4JNIUFSZTLG5CGI7MJ2 2013-03-16T12:43:39Z
Mar 16, 2013 12:46:26 PM net.blogracy.controller.DistributedHashTable$LookupListener onMessage
INFO: lookup-ans H3WGV7IKX35FZNSFJYEZV4VCFQBSAKEL GMFJRGOOODDV2INC6OJY2AXVWOZLOMSZ 2013-03-16T08:45:27Z 2013-03-16T12:46:26Z 283
Mar 16, 2013 12:46:30 PM net.blogracy.controller.DistributedHashTable$DownloadListener onMessage
INFO: download-ans H3WGV7IKX35FZNSFJYEZV4VCFQBSAKEL MSO4VCJRASIEB4JNIUFSZTLG5CGI7MJ2 2013-03-16T12:43:39Z 2013-03-16T12:46:30Z 4794  171000 551
Mar 16, 2013 12:46:53 PM net.blogracy.controller.DistributedHashTable$LookupListener <init>
INFO: lookup-req JZY6QFFDO2J4RQXM6QEFAMCKPOBHYFWR
Mar 16, 2013 12:46:53 PM net.blogracy.controller.DistributedHashTable$LookupListener onMessage
INFO: lookup-ans JZY6QFFDO2J4RQXM6QEFAMCKPOBHYFWR FQCSK64CVW67M3M6MDJEGH5CKFZJWDF4 2013-03-16T12:44:04Z 2013-03-16T12:46:53Z 492
Mar 16, 2013 12:46:53 PM net.blogracy.controller.DistributedHashTable$DownloadListener <init>
INFO: download-req JZY6QFFDO2J4RQXM6QEFAMCKPOBHYFWR FQCSK64CVW67M3M6MDJEGH5CKFZJWDF4 2013-03-16T12:44:04Z
Mar 16, 2013 12:46:57 PM net.blogracy.controller.DistributedHashTable$DownloadListener onMessage
INFO: download-ans JZY6QFFDO2J4RQXM6QEFAMCKPOBHYFWR FQCSK64CVW67M3M6MDJEGH5CKFZJWDF4 2013-03-16T12:44:04Z 2013-03-16T12:46:57Z 3892  173000 551
Mar 16, 2013 12:47:20 PM net.blogracy.controller.DistributedHashTable$LookupListener <init>
INFO: lookup-req IIFTPYF2OOSC7OUXFHS6JFLCSWAADAGJ
Mar 16, 2013 12:47:21 PM net.blogracy.controller.DistributedHashTable$LookupListener onMessage
INFO: lookup-ans IIFTPYF2OOSC7OUXFHS6JFLCSWAADAGJ YT7F3574X3ZZGG5PAAHAMFJVBVWJRCHQ 2013-03-16T12:45:49Z 2013-03-16T12:47:21Z 373
Mar 16, 2013 12:47:21 PM net.blogracy.controller.DistributedHashTable$DownloadListener <init>
INFO: download-req IIFTPYF2OOSC7OUXFHS6JFLCSWAADAGJ YT7F3574X3ZZGG5PAAHAMFJVBVWJRCHQ 2013-03-16T12:45:49Z
Mar 16, 2013 12:47:25 PM net.blogracy.controller.DistributedHashTable$DownloadListener onMessage
INFO: download-ans IIFTPYF2OOSC7OUXFHS6JFLCSWAADAGJ YT7F3574X3ZZGG5PAAHAMFJVBVWJRCHQ 2013-03-16T12:45:49Z 2013-03-16T12:47:25Z 4339  96000 551
Mar 16, 2013 12:47:48 PM net.blogracy.controller.DistributedHashTable$LookupListener <init>
INFO: lookup-req REHV2GKZR6BI6E66667LFTNPF42XF5QG
Mar 16, 2013 12:47:48 PM net.blogracy.controller.DistributedHashTable$LookupListener onMessage
INFO: lookup-ans REHV2GKZR6BI6E66667LFTNPF42XF5QG RU66HG5JTXCOVJMY444QKH2GGMC6UCY2 2013-03-16T12:42:18Z 2013-03-16T12:47:48Z 321
Mar 16, 2013 12:47:48 PM net.blogracy.controller.DistributedHashTable$DownloadListener <init>
INFO: download-req REHV2GKZR6BI6E66667LFTNPF42XF5QG RU66HG5JTXCOVJMY444QKH2GGMC6UCY2 2013-03-16T12:42:18Z
Mar 16, 2013 12:48:00 PM net.blogracy.controller.DistributedHashTable$DownloadListener onMessage
INFO: download-ans REHV2GKZR6BI6E66667LFTNPF42XF5QG RU66HG5JTXCOVJMY444QKH2GGMC6UCY2 2013-03-16T12:42:18Z 2013-03-16T12:48:00Z 11822  342000 281
Mar 16, 2013 12:48:15 PM net.blogracy.controller.DistributedHashTable$LookupListener <init>
INFO: lookup-req GRRVNWRRA5YPOTR2NJTQK3RXPMJXGKYD
Mar 16, 2013 12:48:15 PM net.blogracy.controller.DistributedHashTable$LookupListener onMessage
INFO: lookup-ans GRRVNWRRA5YPOTR2NJTQK3RXPMJXGKYD VHUVNEG5HES4TMXLOBDJLH46GGO7MUKX 2013-03-16T12:46:05Z 2013-03-16T12:48:15Z 444
Mar 16, 2013 12:48:15 PM net.blogracy.controller.DistributedHashTable$DownloadListener <init>
INFO: download-req GRRVNWRRA5YPOTR2NJTQK3RXPMJXGKYD VHUVNEG5HES4TMXLOBDJLH46GGO7MUKX 2013-03-16T12:46:05Z
Mar 16, 2013 12:48:16 PM net.blogracy.controller.DistributedHashTable$LookupListener onMessage
INFO: lookup-ans GRRVNWRRA5YPOTR2NJTQK3RXPMJXGKYD EK6FVP4VMGNY64OC3R4XP4Y355MV7GL3 2013-03-16T07:12:34Z 2013-03-16T12:48:16Z 532
Mar 16, 2013 12:48:16 PM net.blogracy.controller.DistributedHashTable$LookupListener onMessage
INFO: lookup-ans GRRVNWRRA5YPOTR2NJTQK3RXPMJXGKYD N2XSHXTDPK7NMLMRJHM43RT2OYZP4SJI 2013-03-16T08:47:59Z 2013-03-16T12:48:16Z 536
Mar 16, 2013 12:48:20 PM net.blogracy.controller.DistributedHashTable$DownloadListener onMessage
INFO: download-ans GRRVNWRRA5YPOTR2NJTQK3RXPMJXGKYD VHUVNEG5HES4TMXLOBDJLH46GGO7MUKX 2013-03-16T12:46:05Z 2013-03-16T12:48:20Z 4239  135000 551
Mar 16, 2013 12:48:42 PM net.blogracy.controller.DistributedHashTable$LookupListener <init>
INFO: lookup-req HPQLSAFOTHT5XCF6AXRN65UWQXL75VUB
Mar 16, 2013 12:49:10 PM net.blogracy.controller.DistributedHashTable$LookupListener <init>
INFO: lookup-req OL65LQYSH3BAO6TGPHZIFC72WVGFD6PR
Mar 16, 2013 12:49:11 PM net.blogracy.controller.DistributedHashTable$LookupListener onMessage
INFO: lookup-ans OL65LQYSH3BAO6TGPHZIFC72WVGFD6PR BNPNNJWZIQ4TCYF6QDJISNEXXZEPLMCH 2013-03-16T12:46:43Z 2013-03-16T12:49:11Z 389
Mar 16, 2013 12:49:11 PM net.blogracy.controller.DistributedHashTable$DownloadListener <init>
INFO: download-req OL65LQYSH3BAO6TGPHZIFC72WVGFD6PR BNPNNJWZIQ4TCYF6QDJISNEXXZEPLMCH 2013-03-16T12:46:43Z
Mar 16, 2013 12:49:17 PM net.blogracy.controller.DistributedHashTable$DownloadListener onMessage
INFO: download-ans OL65LQYSH3BAO6TGPHZIFC72WVGFD6PR BNPNNJWZIQ4TCYF6QDJISNEXXZEPLMCH 2013-03-16T12:46:43Z 2013-03-16T12:49:17Z 6125  154000 551
Mar 16, 2013 12:49:38 PM net.blogracy.controller.DistributedHashTable$LookupListener <init>
INFO: lookup-req O2LNUOSQV6AMEJPEGJG7OVPK2XZQV3ZE
Mar 16, 2013 12:49:38 PM net.blogracy.controller.DistributedHashTable$LookupListener onMessage
INFO: lookup-ans O2LNUOSQV6AMEJPEGJG7OVPK2XZQV3ZE LOJOAPIJFU3OXC72F47QOJ2NXEABN3QN 2013-03-16T12:43:59Z 2013-03-16T12:49:38Z 252
Mar 16, 2013 12:49:38 PM net.blogracy.controller.DistributedHashTable$DownloadListener <init>
INFO: download-req O2LNUOSQV6AMEJPEGJG7OVPK2XZQV3ZE LOJOAPIJFU3OXC72F47QOJ2NXEABN3QN 2013-03-16T12:43:59Z
Mar 16, 2013 12:49:38 PM net.blogracy.controller.DistributedHashTable$LookupListener onMessage
INFO: lookup-ans O2LNUOSQV6AMEJPEGJG7OVPK2XZQV3ZE M44FCC4H62ZWD2XBJJBHDFJIWYYACBGP 2013-03-16T12:38:58Z 2013-03-16T12:49:38Z 434
Mar 16, 2013 12:49:42 PM net.blogracy.controller.DistributedHashTable$DownloadListener onMessage
INFO: download-ans O2LNUOSQV6AMEJPEGJG7OVPK2XZQV3ZE LOJOAPIJFU3OXC72F47QOJ2NXEABN3QN 2013-03-16T12:43:59Z 2013-03-16T12:49:42Z 3977  343000 551
Mar 16, 2013 12:50:05 PM net.blogracy.controller.DistributedHashTable$LookupListener <init>
INFO: lookup-req RPVEPPTQV6G357V6OCZ4RSFBRAFAP3HM
Mar 16, 2013 12:50:33 PM net.blogracy.controller.DistributedHashTable$LookupListener <init>
INFO: lookup-req 3B73BAT64GOB5DR7NXD7IRSR4Z7GIK4E
Mar 16, 2013 12:50:33 PM net.blogracy.controller.DistributedHashTable$LookupListener onMessage
INFO: lookup-ans 3B73BAT64GOB5DR7NXD7IRSR4Z7GIK4E KWK52YX3XWPNOTXG6OOAHXG4BE7EAQS6 2013-03-16T12:43:32Z 2013-03-16T12:50:33Z 442
Mar 16, 2013 12:51:00 PM net.blogracy.controller.DistributedHashTable$LookupListener <init>
INFO: lookup-req QF57FG6NEFT7PHOEIFHV734DS7DAMSD2
Mar 16, 2013 12:51:00 PM net.blogracy.controller.DistributedHashTable$LookupListener onMessage
INFO: lookup-ans QF57FG6NEFT7PHOEIFHV734DS7DAMSD2 SHJVQMVUEYWHTHKJ4NC7NRNVIYHAEEJH 2013-03-16T12:47:16Z 2013-03-16T12:51:00Z 630
Mar 16, 2013 12:51:00 PM net.blogracy.controller.DistributedHashTable$DownloadListener <init>
INFO: download-req QF57FG6NEFT7PHOEIFHV734DS7DAMSD2 SHJVQMVUEYWHTHKJ4NC7NRNVIYHAEEJH 2013-03-16T12:47:16Z
Mar 16, 2013 12:51:03 PM net.blogracy.controller.DistributedHashTable$DownloadListener onMessage
INFO: download-ans QF57FG6NEFT7PHOEIFHV734DS7DAMSD2 SHJVQMVUEYWHTHKJ4NC7NRNVIYHAEEJH 2013-03-16T12:47:16Z 2013-03-16T12:51:03Z 2745  227000 551
Mar 16, 2013 12:51:27 PM net.blogracy.controller.DistributedHashTable$LookupListener <init>
INFO: lookup-req H3WGV7IKX35FZNSFJYEZV4VCFQBSAKEL
Mar 16, 2013 12:51:27 PM net.blogracy.controller.DistributedHashTable$LookupListener onMessage
INFO: lookup-ans H3WGV7IKX35FZNSFJYEZV4VCFQBSAKEL MSO4VCJRASIEB4JNIUFSZTLG5CGI7MJ2 2013-03-16T12:43:39Z 2013-03-16T12:51:27Z 187
Mar 16, 2013 12:51:27 PM net.blogracy.controller.DistributedHashTable$LookupListener onMessage
INFO: lookup-ans H3WGV7IKX35FZNSFJYEZV4VCFQBSAKEL GMFJRGOOODDV2INC6OJY2AXVWOZLOMSZ 2013-03-16T08:45:27Z 2013-03-16T12:51:27Z 226
Mar 16, 2013 12:51:27 PM net.blogracy.controller.DistributedHashTable$LookupListener onMessage
INFO: lookup-ans H3WGV7IKX35FZNSFJYEZV4VCFQBSAKEL UCE3YWQLKORHVB2DWDIBFUYYSIIOB43N 2013-03-16T12:48:39Z 2013-03-16T12:51:27Z 249
Mar 16, 2013 12:51:27 PM net.blogracy.controller.DistributedHashTable$DownloadListener <init>
INFO: download-req H3WGV7IKX35FZNSFJYEZV4VCFQBSAKEL UCE3YWQLKORHVB2DWDIBFUYYSIIOB43N 2013-03-16T12:48:39Z
Mar 16, 2013 12:51:43 PM net.blogracy.controller.DistributedHashTable$DownloadListener onMessage
INFO: download-ans H3WGV7IKX35FZNSFJYEZV4VCFQBSAKEL UCE3YWQLKORHVB2DWDIBFUYYSIIOB43N 2013-03-16T12:48:39Z 2013-03-16T12:51:43Z 15449  184000 821
Mar 16, 2013 12:51:55 PM net.blogracy.controller.DistributedHashTable$LookupListener <init>
INFO: lookup-req JZY6QFFDO2J4RQXM6QEFAMCKPOBHYFWR
Mar 16, 2013 12:51:55 PM net.blogracy.controller.DistributedHashTable$LookupListener onMessage
INFO: lookup-ans JZY6QFFDO2J4RQXM6QEFAMCKPOBHYFWR MROA3APTFPEXROW3KGKHNFR4LPG3YBJY 2013-03-16T12:49:04Z 2013-03-16T12:51:55Z 504
Mar 16, 2013 12:51:55 PM net.blogracy.controller.DistributedHashTable$DownloadListener <init>
INFO: download-req JZY6QFFDO2J4RQXM6QEFAMCKPOBHYFWR MROA3APTFPEXROW3KGKHNFR4LPG3YBJY 2013-03-16T12:49:04Z
Mar 16, 2013 12:51:58 PM net.blogracy.controller.DistributedHashTable$DownloadListener onMessage
INFO: download-ans JZY6QFFDO2J4RQXM6QEFAMCKPOBHYFWR MROA3APTFPEXROW3KGKHNFR4LPG3YBJY 2013-03-16T12:49:04Z 2013-03-16T12:51:58Z 2854  174000 821
Mar 16, 2013 12:52:22 PM net.blogracy.controller.DistributedHashTable$LookupListener <init>
INFO: lookup-req IIFTPYF2OOSC7OUXFHS6JFLCSWAADAGJ
Mar 16, 2013 12:52:22 PM net.blogracy.controller.DistributedHashTable$LookupListener onMessage
INFO: lookup-ans IIFTPYF2OOSC7OUXFHS6JFLCSWAADAGJ GXQQW6SX73DWIM4XQAS2VJAKOEVC44QI 2013-03-16T12:50:49Z 2013-03-16T12:52:22Z 414
Mar 16, 2013 12:52:22 PM net.blogracy.controller.DistributedHashTable$DownloadListener <init>
INFO: download-req IIFTPYF2OOSC7OUXFHS6JFLCSWAADAGJ GXQQW6SX73DWIM4XQAS2VJAKOEVC44QI 2013-03-16T12:50:49Z
Mar 16, 2013 12:52:40 PM net.blogracy.controller.DistributedHashTable$DownloadListener onMessage
INFO: download-ans IIFTPYF2OOSC7OUXFHS6JFLCSWAADAGJ GXQQW6SX73DWIM4XQAS2VJAKOEVC44QI 2013-03-16T12:50:49Z 2013-03-16T12:52:40Z 17845  111000 821
Mar 16, 2013 12:52:49 PM net.blogracy.controller.DistributedHashTable$LookupListener <init>
INFO: lookup-req REHV2GKZR6BI6E66667LFTNPF42XF5QG
Mar 16, 2013 12:52:50 PM net.blogracy.controller.DistributedHashTable$LookupListener onMessage
INFO: lookup-ans REHV2GKZR6BI6E66667LFTNPF42XF5QG IJNHIEWNDDJYHOETGGC3IGR4NRDJVL3Z 2013-03-16T12:47:22Z 2013-03-16T12:52:50Z 350
Mar 16, 2013 12:52:50 PM net.blogracy.controller.DistributedHashTable$DownloadListener <init>
INFO: download-req REHV2GKZR6BI6E66667LFTNPF42XF5QG IJNHIEWNDDJYHOETGGC3IGR4NRDJVL3Z 2013-03-16T12:47:22Z
Mar 16, 2013 12:52:52 PM net.blogracy.controller.DistributedHashTable$DownloadListener onMessage
INFO: download-ans REHV2GKZR6BI6E66667LFTNPF42XF5QG IJNHIEWNDDJYHOETGGC3IGR4NRDJVL3Z 2013-03-16T12:47:22Z 2013-03-16T12:52:52Z 2911  330000 551
Mar 16, 2013 12:53:17 PM net.blogracy.controller.DistributedHashTable$LookupListener <init>
INFO: lookup-req GRRVNWRRA5YPOTR2NJTQK3RXPMJXGKYD
Mar 16, 2013 12:53:17 PM net.blogracy.controller.DistributedHashTable$LookupListener onMessage
INFO: lookup-ans GRRVNWRRA5YPOTR2NJTQK3RXPMJXGKYD TXMZYC7QVYLM7ESUQZU5KUWKAHU2BZYG 2013-03-16T12:51:05Z 2013-03-16T12:53:17Z 458
Mar 16, 2013 12:53:17 PM net.blogracy.controller.DistributedHashTable$DownloadListener <init>
INFO: download-req GRRVNWRRA5YPOTR2NJTQK3RXPMJXGKYD TXMZYC7QVYLM7ESUQZU5KUWKAHU2BZYG 2013-03-16T12:51:05Z
Mar 16, 2013 12:53:17 PM net.blogracy.controller.DistributedHashTable$LookupListener onMessage
INFO: lookup-ans GRRVNWRRA5YPOTR2NJTQK3RXPMJXGKYD EK6FVP4VMGNY64OC3R4XP4Y355MV7GL3 2013-03-16T07:12:34Z 2013-03-16T12:53:17Z 547
Mar 16, 2013 12:53:17 PM net.blogracy.controller.DistributedHashTable$LookupListener onMessage
INFO: lookup-ans GRRVNWRRA5YPOTR2NJTQK3RXPMJXGKYD N2XSHXTDPK7NMLMRJHM43RT2OYZP4SJI 2013-03-16T08:47:59Z 2013-03-16T12:53:17Z 551
Mar 16, 2013 12:53:20 PM net.blogracy.controller.DistributedHashTable$DownloadListener onMessage
INFO: download-ans GRRVNWRRA5YPOTR2NJTQK3RXPMJXGKYD TXMZYC7QVYLM7ESUQZU5KUWKAHU2BZYG 2013-03-16T12:51:05Z 2013-03-16T12:53:20Z 3252  135000 821
Mar 16, 2013 12:53:44 PM net.blogracy.controller.DistributedHashTable$LookupListener <init>
INFO: lookup-req HPQLSAFOTHT5XCF6AXRN65UWQXL75VUB
Mar 16, 2013 12:54:12 PM net.blogracy.controller.DistributedHashTable$LookupListener <init>
INFO: lookup-req OL65LQYSH3BAO6TGPHZIFC72WVGFD6PR
Mar 16, 2013 12:54:13 PM net.blogracy.controller.DistributedHashTable$LookupListener onMessage
INFO: lookup-ans OL65LQYSH3BAO6TGPHZIFC72WVGFD6PR ETGBEVBUBPJJMEJAPDWXU2YBLI2WNNAN 2013-03-16T12:51:43Z 2013-03-16T12:54:13Z 1097
Mar 16, 2013 12:54:13 PM net.blogracy.controller.DistributedHashTable$DownloadListener <init>
INFO: download-req OL65LQYSH3BAO6TGPHZIFC72WVGFD6PR ETGBEVBUBPJJMEJAPDWXU2YBLI2WNNAN 2013-03-16T12:51:43Z
Mar 16, 2013 12:54:13 PM net.blogracy.controller.DistributedHashTable$LookupListener onMessage
INFO: lookup-ans OL65LQYSH3BAO6TGPHZIFC72WVGFD6PR BNPNNJWZIQ4TCYF6QDJISNEXXZEPLMCH 2013-03-16T12:46:43Z 2013-03-16T12:54:13Z 1254
Mar 16, 2013 12:54:17 PM net.blogracy.controller.DistributedHashTable$DownloadListener onMessage
INFO: download-ans OL65LQYSH3BAO6TGPHZIFC72WVGFD6PR ETGBEVBUBPJJMEJAPDWXU2YBLI2WNNAN 2013-03-16T12:51:43Z 2013-03-16T12:54:17Z 4382  154000 821
Mar 16, 2013 12:54:39 PM net.blogracy.controller.DistributedHashTable$LookupListener <init>
INFO: lookup-req O2LNUOSQV6AMEJPEGJG7OVPK2XZQV3ZE
Mar 16, 2013 12:54:39 PM net.blogracy.controller.DistributedHashTable$LookupListener onMessage
INFO: lookup-ans O2LNUOSQV6AMEJPEGJG7OVPK2XZQV3ZE QGUEMQ4ET6NNDRUBYXF3S62I4FFU2GWS 2013-03-16T12:48:59Z 2013-03-16T12:54:39Z 198
Mar 16, 2013 12:54:39 PM net.blogracy.controller.DistributedHashTable$DownloadListener <init>
INFO: download-req O2LNUOSQV6AMEJPEGJG7OVPK2XZQV3ZE QGUEMQ4ET6NNDRUBYXF3S62I4FFU2GWS 2013-03-16T12:48:59Z
Mar 16, 2013 12:54:42 PM net.blogracy.controller.DistributedHashTable$DownloadListener onMessage
INFO: download-ans O2LNUOSQV6AMEJPEGJG7OVPK2XZQV3ZE QGUEMQ4ET6NNDRUBYXF3S62I4FFU2GWS 2013-03-16T12:48:59Z 2013-03-16T12:54:42Z 2808  343000 821
Mar 16, 2013 12:55:07 PM net.blogracy.controller.DistributedHashTable$LookupListener <init>
INFO: lookup-req RPVEPPTQV6G357V6OCZ4RSFBRAFAP3HM
Mar 16, 2013 12:55:34 PM net.blogracy.controller.DistributedHashTable$LookupListener <init>
INFO: lookup-req 3B73BAT64GOB5DR7NXD7IRSR4Z7GIK4E
Mar 16, 2013 12:55:34 PM net.blogracy.controller.DistributedHashTable$LookupListener onMessage
INFO: lookup-ans 3B73BAT64GOB5DR7NXD7IRSR4Z7GIK4E KWK52YX3XWPNOTXG6OOAHXG4BE7EAQS6 2013-03-16T12:43:32Z 2013-03-16T12:55:34Z 427
Mar 16, 2013 12:56:01 PM net.blogracy.controller.DistributedHashTable$LookupListener <init>
INFO: lookup-req QF57FG6NEFT7PHOEIFHV734DS7DAMSD2
Mar 16, 2013 12:56:02 PM net.blogracy.controller.DistributedHashTable$LookupListener onMessage
INFO: lookup-ans QF57FG6NEFT7PHOEIFHV734DS7DAMSD2 F3SODVX4GVPA22MFJU4A77RYK3SUO6ZT 2013-03-16T12:52:17Z 2013-03-16T12:56:02Z 539
Mar 16, 2013 12:56:02 PM net.blogracy.controller.DistributedHashTable$DownloadListener <init>
INFO: download-req QF57FG6NEFT7PHOEIFHV734DS7DAMSD2 F3SODVX4GVPA22MFJU4A77RYK3SUO6ZT 2013-03-16T12:52:17Z
Mar 16, 2013 12:56:20 PM net.blogracy.controller.DistributedHashTable$DownloadListener onMessage
INFO: download-ans QF57FG6NEFT7PHOEIFHV734DS7DAMSD2 F3SODVX4GVPA22MFJU4A77RYK3SUO6ZT 2013-03-16T12:52:17Z 2013-03-16T12:56:20Z 18520  243000 821
Mar 16, 2013 12:56:29 PM net.blogracy.controller.DistributedHashTable$LookupListener <init>
INFO: lookup-req H3WGV7IKX35FZNSFJYEZV4VCFQBSAKEL
Mar 16, 2013 12:56:29 PM net.blogracy.controller.DistributedHashTable$LookupListener onMessage
INFO: lookup-ans H3WGV7IKX35FZNSFJYEZV4VCFQBSAKEL HTJGSE25GJ63UBLNXUQKLQSDIPUZJF6U 2013-03-16T12:53:39Z 2013-03-16T12:56:29Z 209
Mar 16, 2013 12:56:29 PM net.blogracy.controller.DistributedHashTable$DownloadListener <init>
INFO: download-req H3WGV7IKX35FZNSFJYEZV4VCFQBSAKEL HTJGSE25GJ63UBLNXUQKLQSDIPUZJF6U 2013-03-16T12:53:39Z
Mar 16, 2013 12:56:29 PM net.blogracy.controller.DistributedHashTable$LookupListener onMessage
INFO: lookup-ans H3WGV7IKX35FZNSFJYEZV4VCFQBSAKEL GMFJRGOOODDV2INC6OJY2AXVWOZLOMSZ 2013-03-16T08:45:27Z 2013-03-16T12:56:29Z 642
Mar 16, 2013 12:56:32 PM net.blogracy.controller.DistributedHashTable$DownloadListener onMessage
INFO: download-ans H3WGV7IKX35FZNSFJYEZV4VCFQBSAKEL HTJGSE25GJ63UBLNXUQKLQSDIPUZJF6U 2013-03-16T12:53:39Z 2013-03-16T12:56:32Z 2875  173000 1091
Mar 16, 2013 12:56:56 PM net.blogracy.controller.DistributedHashTable$LookupListener <init>
INFO: lookup-req JZY6QFFDO2J4RQXM6QEFAMCKPOBHYFWR
Mar 16, 2013 12:56:56 PM net.blogracy.controller.DistributedHashTable$LookupListener onMessage
INFO: lookup-ans JZY6QFFDO2J4RQXM6QEFAMCKPOBHYFWR EKKTYD6DISZMDFMLFXQKFG3UF5OOO57G 2013-03-16T12:54:04Z 2013-03-16T12:56:56Z 460
Mar 16, 2013 12:56:56 PM net.blogracy.controller.DistributedHashTable$DownloadListener <init>
INFO: download-req JZY6QFFDO2J4RQXM6QEFAMCKPOBHYFWR EKKTYD6DISZMDFMLFXQKFG3UF5OOO57G 2013-03-16T12:54:04Z
Mar 16, 2013 12:56:59 PM net.blogracy.controller.DistributedHashTable$DownloadListener onMessage
INFO: download-ans JZY6QFFDO2J4RQXM6QEFAMCKPOBHYFWR EKKTYD6DISZMDFMLFXQKFG3UF5OOO57G 2013-03-16T12:54:04Z 2013-03-16T12:56:59Z 2771  175000 1091
Mar 16, 2013 12:57:23 PM net.blogracy.controller.DistributedHashTable$LookupListener <init>
INFO: lookup-req IIFTPYF2OOSC7OUXFHS6JFLCSWAADAGJ
Mar 16, 2013 12:57:24 PM net.blogracy.controller.DistributedHashTable$LookupListener onMessage
INFO: lookup-ans IIFTPYF2OOSC7OUXFHS6JFLCSWAADAGJ 65ZUSJNPT7YUS7DIHJXD2Q3OAVDMEPS7 2013-03-16T12:55:49Z 2013-03-16T12:57:24Z 397
Mar 16, 2013 12:57:24 PM net.blogracy.controller.DistributedHashTable$DownloadListener <init>
INFO: download-req IIFTPYF2OOSC7OUXFHS6JFLCSWAADAGJ 65ZUSJNPT7YUS7DIHJXD2Q3OAVDMEPS7 2013-03-16T12:55:49Z
Mar 16, 2013 12:57:29 PM net.blogracy.controller.DistributedHashTable$DownloadListener onMessage
INFO: download-ans IIFTPYF2OOSC7OUXFHS6JFLCSWAADAGJ 65ZUSJNPT7YUS7DIHJXD2Q3OAVDMEPS7 2013-03-16T12:55:49Z 2013-03-16T12:57:29Z 4973  100000 1091
Mar 16, 2013 12:57:51 PM net.blogracy.controller.DistributedHashTable$LookupListener <init>
INFO: lookup-req REHV2GKZR6BI6E66667LFTNPF42XF5QG
Mar 16, 2013 12:57:51 PM net.blogracy.controller.DistributedHashTable$LookupListener onMessage
INFO: lookup-ans REHV2GKZR6BI6E66667LFTNPF42XF5QG HU5J2AOJ6ZWOXOXW4JWGL37FIGWIOOFZ 2013-03-16T12:52:23Z 2013-03-16T12:57:51Z 311
Mar 16, 2013 12:57:51 PM net.blogracy.controller.DistributedHashTable$DownloadListener <init>
INFO: download-req REHV2GKZR6BI6E66667LFTNPF42XF5QG HU5J2AOJ6ZWOXOXW4JWGL37FIGWIOOFZ 2013-03-16T12:52:23Z
Mar 16, 2013 12:58:05 PM net.blogracy.controller.DistributedHashTable$DownloadListener onMessage
INFO: download-ans REHV2GKZR6BI6E66667LFTNPF42XF5QG HU5J2AOJ6ZWOXOXW4JWGL37FIGWIOOFZ 2013-03-16T12:52:23Z 2013-03-16T12:58:05Z 14393  342000 821
Mar 16, 2013 12:58:18 PM net.blogracy.controller.DistributedHashTable$LookupListener <init>
INFO: lookup-req GRRVNWRRA5YPOTR2NJTQK3RXPMJXGKYD
Mar 16, 2013 12:58:19 PM net.blogracy.controller.DistributedHashTable$LookupListener onMessage
INFO: lookup-ans GRRVNWRRA5YPOTR2NJTQK3RXPMJXGKYD EK6FVP4VMGNY64OC3R4XP4Y355MV7GL3 2013-03-16T07:12:34Z 2013-03-16T12:58:19Z 541
Mar 16, 2013 12:58:19 PM net.blogracy.controller.DistributedHashTable$LookupListener onMessage
INFO: lookup-ans GRRVNWRRA5YPOTR2NJTQK3RXPMJXGKYD Z44I3UIP7BP7RYUFEGSHKY46BWP34TNN 2013-03-16T12:56:05Z 2013-03-16T12:58:19Z 558
Mar 16, 2013 12:58:19 PM net.blogracy.controller.DistributedHashTable$DownloadListener <init>
INFO: download-req GRRVNWRRA5YPOTR2NJTQK3RXPMJXGKYD Z44I3UIP7BP7RYUFEGSHKY46BWP34TNN 2013-03-16T12:56:05Z
Mar 16, 2013 12:58:19 PM net.blogracy.controller.DistributedHashTable$LookupListener onMessage
INFO: lookup-ans GRRVNWRRA5YPOTR2NJTQK3RXPMJXGKYD N2XSHXTDPK7NMLMRJHM43RT2OYZP4SJI 2013-03-16T08:47:59Z 2013-03-16T12:58:19Z 666
Mar 16, 2013 12:58:22 PM net.blogracy.controller.DistributedHashTable$DownloadListener onMessage
INFO: download-ans GRRVNWRRA5YPOTR2NJTQK3RXPMJXGKYD Z44I3UIP7BP7RYUFEGSHKY46BWP34TNN 2013-03-16T12:56:05Z 2013-03-16T12:58:22Z 3385  137000 1091
Mar 16, 2013 12:58:45 PM net.blogracy.controller.DistributedHashTable$LookupListener <init>
INFO: lookup-req HPQLSAFOTHT5XCF6AXRN65UWQXL75VUB
Mar 16, 2013 12:59:13 PM net.blogracy.controller.DistributedHashTable$LookupListener <init>
INFO: lookup-req OL65LQYSH3BAO6TGPHZIFC72WVGFD6PR
Mar 16, 2013 12:59:14 PM net.blogracy.controller.DistributedHashTable$LookupListener onMessage
INFO: lookup-ans OL65LQYSH3BAO6TGPHZIFC72WVGFD6PR 7GYRXTKOGIANBZDQ6E7ROQ43EZTLKLMN 2013-03-16T12:56:43Z 2013-03-16T12:59:14Z 486
Mar 16, 2013 12:59:14 PM net.blogracy.controller.DistributedHashTable$DownloadListener <init>
INFO: download-req OL65LQYSH3BAO6TGPHZIFC72WVGFD6PR 7GYRXTKOGIANBZDQ6E7ROQ43EZTLKLMN 2013-03-16T12:56:43Z
Mar 16, 2013 12:59:14 PM net.blogracy.controller.DistributedHashTable$LookupListener onMessage
INFO: lookup-ans OL65LQYSH3BAO6TGPHZIFC72WVGFD6PR ETGBEVBUBPJJMEJAPDWXU2YBLI2WNNAN 2013-03-16T12:51:43Z 2013-03-16T12:59:14Z 722
Mar 16, 2013 12:59:17 PM net.blogracy.controller.DistributedHashTable$DownloadListener onMessage
INFO: download-ans OL65LQYSH3BAO6TGPHZIFC72WVGFD6PR 7GYRXTKOGIANBZDQ6E7ROQ43EZTLKLMN 2013-03-16T12:56:43Z 2013-03-16T12:59:17Z 2961  154000 1091
Mar 16, 2013 12:59:41 PM net.blogracy.controller.DistributedHashTable$LookupListener <init>
INFO: lookup-req O2LNUOSQV6AMEJPEGJG7OVPK2XZQV3ZE
Mar 16, 2013 12:59:41 PM net.blogracy.controller.DistributedHashTable$LookupListener onMessage
INFO: lookup-ans O2LNUOSQV6AMEJPEGJG7OVPK2XZQV3ZE QUZBYT5YJG7KLLPC2XN2IFORTUYYYU55 2013-03-16T12:53:59Z 2013-03-16T12:59:41Z 262
Mar 16, 2013 12:59:41 PM net.blogracy.controller.DistributedHashTable$DownloadListener <init>
INFO: download-req O2LNUOSQV6AMEJPEGJG7OVPK2XZQV3ZE QUZBYT5YJG7KLLPC2XN2IFORTUYYYU55 2013-03-16T12:53:59Z
Mar 16, 2013 12:59:46 PM net.blogracy.controller.DistributedHashTable$DownloadListener onMessage
INFO: download-ans O2LNUOSQV6AMEJPEGJG7OVPK2XZQV3ZE QUZBYT5YJG7KLLPC2XN2IFORTUYYYU55 2013-03-16T12:53:59Z 2013-03-16T12:59:46Z 4885  347000 1091
Mar 16, 2013 1:00:08 PM net.blogracy.controller.DistributedHashTable$LookupListener <init>
INFO: lookup-req RPVEPPTQV6G357V6OCZ4RSFBRAFAP3HM
Mar 16, 2013 1:00:35 PM net.blogracy.controller.DistributedHashTable$LookupListener <init>
INFO: lookup-req 3B73BAT64GOB5DR7NXD7IRSR4Z7GIK4E
Mar 16, 2013 1:00:36 PM net.blogracy.controller.DistributedHashTable$LookupListener onMessage
INFO: lookup-ans 3B73BAT64GOB5DR7NXD7IRSR4Z7GIK4E KWK52YX3XWPNOTXG6OOAHXG4BE7EAQS6 2013-03-16T12:43:32Z 2013-03-16T13:00:36Z 428
Mar 16, 2013 1:01:03 PM net.blogracy.controller.DistributedHashTable$LookupListener <init>
INFO: lookup-req QF57FG6NEFT7PHOEIFHV734DS7DAMSD2
Mar 16, 2013 1:01:03 PM net.blogracy.controller.DistributedHashTable$LookupListener onMessage
INFO: lookup-ans QF57FG6NEFT7PHOEIFHV734DS7DAMSD2 F3SODVX4GVPA22MFJU4A77RYK3SUO6ZT 2013-03-16T12:52:17Z 2013-03-16T13:01:03Z 541
Mar 16, 2013 1:01:03 PM net.blogracy.controller.DistributedHashTable$LookupListener onMessage
INFO: lookup-ans QF57FG6NEFT7PHOEIFHV734DS7DAMSD2 XXSWWQJVZ6SDEQ37TXFPKEGJNQLBKXM6 2013-03-16T12:57:17Z 2013-03-16T13:01:03Z 595
Mar 16, 2013 1:01:03 PM net.blogracy.controller.DistributedHashTable$DownloadListener <init>
INFO: download-req QF57FG6NEFT7PHOEIFHV734DS7DAMSD2 XXSWWQJVZ6SDEQ37TXFPKEGJNQLBKXM6 2013-03-16T12:57:17Z
Mar 16, 2013 1:01:06 PM net.blogracy.controller.DistributedHashTable$DownloadListener onMessage
INFO: download-ans QF57FG6NEFT7PHOEIFHV734DS7DAMSD2 XXSWWQJVZ6SDEQ37TXFPKEGJNQLBKXM6 2013-03-16T12:57:17Z 2013-03-16T13:01:06Z 3023  229000 1091
Mar 16, 2013 1:01:30 PM net.blogracy.controller.DistributedHashTable$LookupListener <init>
INFO: lookup-req H3WGV7IKX35FZNSFJYEZV4VCFQBSAKEL
Mar 16, 2013 1:01:30 PM net.blogracy.controller.DistributedHashTable$LookupListener onMessage
INFO: lookup-ans H3WGV7IKX35FZNSFJYEZV4VCFQBSAKEL 6ESLHHXTVUFHMEJBCWMI7Z7SP6RCLKPO 2013-03-16T12:58:39Z 2013-03-16T13:01:30Z 140
Mar 16, 2013 1:01:30 PM net.blogracy.controller.DistributedHashTable$DownloadListener <init>
INFO: download-req H3WGV7IKX35FZNSFJYEZV4VCFQBSAKEL 6ESLHHXTVUFHMEJBCWMI7Z7SP6RCLKPO 2013-03-16T12:58:39Z
Mar 16, 2013 1:01:30 PM net.blogracy.controller.DistributedHashTable$LookupListener onMessage
INFO: lookup-ans H3WGV7IKX35FZNSFJYEZV4VCFQBSAKEL GMFJRGOOODDV2INC6OJY2AXVWOZLOMSZ 2013-03-16T08:45:27Z 2013-03-16T13:01:30Z 215
Mar 16, 2013 1:01:30 PM net.blogracy.controller.DistributedHashTable$LookupListener onMessage
INFO: lookup-ans H3WGV7IKX35FZNSFJYEZV4VCFQBSAKEL HTJGSE25GJ63UBLNXUQKLQSDIPUZJF6U 2013-03-16T12:53:39Z 2013-03-16T13:01:30Z 295
Mar 16, 2013 1:01:33 PM net.blogracy.controller.DistributedHashTable$DownloadListener onMessage
INFO: download-ans H3WGV7IKX35FZNSFJYEZV4VCFQBSAKEL 6ESLHHXTVUFHMEJBCWMI7Z7SP6RCLKPO 2013-03-16T12:58:39Z 2013-03-16T13:01:33Z 2858  174000 1361
Mar 16, 2013 1:01:57 PM net.blogracy.controller.DistributedHashTable$LookupListener <init>
INFO: lookup-req JZY6QFFDO2J4RQXM6QEFAMCKPOBHYFWR
Mar 16, 2013 1:01:59 PM net.blogracy.controller.DistributedHashTable$LookupListener onMessage
INFO: lookup-ans JZY6QFFDO2J4RQXM6QEFAMCKPOBHYFWR OMLFIXNEJKBFCJ4OKJ4IPJMWF2ZGU5IX 2013-03-16T12:59:05Z 2013-03-16T13:01:59Z 1086
Mar 16, 2013 1:01:59 PM net.blogracy.controller.DistributedHashTable$DownloadListener <init>
INFO: download-req JZY6QFFDO2J4RQXM6QEFAMCKPOBHYFWR OMLFIXNEJKBFCJ4OKJ4IPJMWF2ZGU5IX 2013-03-16T12:59:05Z
Mar 16, 2013 1:02:02 PM net.blogracy.controller.DistributedHashTable$DownloadListener onMessage
INFO: download-ans JZY6QFFDO2J4RQXM6QEFAMCKPOBHYFWR OMLFIXNEJKBFCJ4OKJ4IPJMWF2ZGU5IX 2013-03-16T12:59:05Z 2013-03-16T13:02:02Z 3750  177000 1361
Mar 16, 2013 1:02:25 PM net.blogracy.controller.DistributedHashTable$LookupListener <init>
INFO: lookup-req IIFTPYF2OOSC7OUXFHS6JFLCSWAADAGJ
Mar 16, 2013 1:02:25 PM net.blogracy.controller.DistributedHashTable$LookupListener onMessage
INFO: lookup-ans IIFTPYF2OOSC7OUXFHS6JFLCSWAADAGJ WYDLOE3ZKV5AFJDWVCWDHGS2GJFOFV7S 2013-03-16T13:00:50Z 2013-03-16T13:02:25Z 372
Mar 16, 2013 1:02:25 PM net.blogracy.controller.DistributedHashTable$DownloadListener <init>
INFO: download-req IIFTPYF2OOSC7OUXFHS6JFLCSWAADAGJ WYDLOE3ZKV5AFJDWVCWDHGS2GJFOFV7S 2013-03-16T13:00:50Z
Mar 16, 2013 1:02:25 PM net.blogracy.controller.DistributedHashTable$LookupListener onMessage
INFO: lookup-ans IIFTPYF2OOSC7OUXFHS6JFLCSWAADAGJ 65ZUSJNPT7YUS7DIHJXD2Q3OAVDMEPS7 2013-03-16T12:55:49Z 2013-03-16T13:02:25Z 478
Mar 16, 2013 1:02:41 PM net.blogracy.controller.DistributedHashTable$DownloadListener onMessage
INFO: download-ans IIFTPYF2OOSC7OUXFHS6JFLCSWAADAGJ WYDLOE3ZKV5AFJDWVCWDHGS2GJFOFV7S 2013-03-16T13:00:50Z 2013-03-16T13:02:41Z 15679  111000 1361
Mar 16, 2013 1:02:52 PM net.blogracy.controller.DistributedHashTable$LookupListener <init>
INFO: lookup-req REHV2GKZR6BI6E66667LFTNPF42XF5QG
Mar 16, 2013 1:02:53 PM net.blogracy.controller.DistributedHashTable$LookupListener onMessage
INFO: lookup-ans REHV2GKZR6BI6E66667LFTNPF42XF5QG TURZJMTMS2WXJSWRQXB3ZR4AESTKVTRP 2013-03-16T12:57:25Z 2013-03-16T13:02:53Z 481
Mar 16, 2013 1:02:53 PM net.blogracy.controller.DistributedHashTable$DownloadListener <init>
INFO: download-req REHV2GKZR6BI6E66667LFTNPF42XF5QG TURZJMTMS2WXJSWRQXB3ZR4AESTKVTRP 2013-03-16T12:57:25Z
Mar 16, 2013 1:02:57 PM net.blogracy.controller.DistributedHashTable$DownloadListener onMessage
INFO: download-ans REHV2GKZR6BI6E66667LFTNPF42XF5QG TURZJMTMS2WXJSWRQXB3ZR4AESTKVTRP 2013-03-16T12:57:25Z 2013-03-16T13:02:57Z 4254  332000 1091
Mar 16, 2013 1:03:19 PM net.blogracy.controller.DistributedHashTable$LookupListener <init>
INFO: lookup-req GRRVNWRRA5YPOTR2NJTQK3RXPMJXGKYD
Mar 16, 2013 1:03:20 PM net.blogracy.controller.DistributedHashTable$LookupListener onMessage
INFO: lookup-ans GRRVNWRRA5YPOTR2NJTQK3RXPMJXGKYD B37QGCMVYVOJXEAHQMUEMFWV7ISVVI4Y 2013-03-16T13:01:05Z 2013-03-16T13:03:20Z 340
Mar 16, 2013 1:03:20 PM net.blogracy.controller.DistributedHashTable$DownloadListener <init>
INFO: download-req GRRVNWRRA5YPOTR2NJTQK3RXPMJXGKYD B37QGCMVYVOJXEAHQMUEMFWV7ISVVI4Y 2013-03-16T13:01:05Z
Mar 16, 2013 1:03:20 PM net.blogracy.controller.DistributedHashTable$LookupListener onMessage
INFO: lookup-ans GRRVNWRRA5YPOTR2NJTQK3RXPMJXGKYD EK6FVP4VMGNY64OC3R4XP4Y355MV7GL3 2013-03-16T07:12:34Z 2013-03-16T13:03:20Z 454
Mar 16, 2013 1:03:20 PM net.blogracy.controller.DistributedHashTable$LookupListener onMessage
INFO: lookup-ans GRRVNWRRA5YPOTR2NJTQK3RXPMJXGKYD N2XSHXTDPK7NMLMRJHM43RT2OYZP4SJI 2013-03-16T08:47:59Z 2013-03-16T13:03:20Z 459
Mar 16, 2013 1:03:22 PM net.blogracy.controller.DistributedHashTable$DownloadListener onMessage
INFO: download-ans GRRVNWRRA5YPOTR2NJTQK3RXPMJXGKYD B37QGCMVYVOJXEAHQMUEMFWV7ISVVI4Y 2013-03-16T13:01:05Z 2013-03-16T13:03:22Z 2598  137000 1361
Mar 16, 2013 1:03:47 PM net.blogracy.controller.DistributedHashTable$LookupListener <init>
INFO: lookup-req HPQLSAFOTHT5XCF6AXRN65UWQXL75VUB
Mar 16, 2013 1:04:15 PM net.blogracy.controller.DistributedHashTable$LookupListener <init>
INFO: lookup-req OL65LQYSH3BAO6TGPHZIFC72WVGFD6PR
Mar 16, 2013 1:04:15 PM net.blogracy.controller.DistributedHashTable$LookupListener onMessage
INFO: lookup-ans OL65LQYSH3BAO6TGPHZIFC72WVGFD6PR KLVEV7NKNYHFZSVBAILR3AVLRRY7MGEP 2013-03-16T13:01:43Z 2013-03-16T13:04:15Z 504
Mar 16, 2013 1:04:15 PM net.blogracy.controller.DistributedHashTable$DownloadListener <init>
INFO: download-req OL65LQYSH3BAO6TGPHZIFC72WVGFD6PR KLVEV7NKNYHFZSVBAILR3AVLRRY7MGEP 2013-03-16T13:01:43Z
Mar 16, 2013 1:04:15 PM net.blogracy.controller.DistributedHashTable$LookupListener onMessage
INFO: lookup-ans OL65LQYSH3BAO6TGPHZIFC72WVGFD6PR ETGBEVBUBPJJMEJAPDWXU2YBLI2WNNAN 2013-03-16T12:51:43Z 2013-03-16T13:04:15Z 701
Mar 16, 2013 1:04:20 PM net.blogracy.controller.DistributedHashTable$DownloadListener onMessage
INFO: download-ans OL65LQYSH3BAO6TGPHZIFC72WVGFD6PR KLVEV7NKNYHFZSVBAILR3AVLRRY7MGEP 2013-03-16T13:01:43Z 2013-03-16T13:04:20Z 4683  157000 1361
Mar 16, 2013 1:04:42 PM net.blogracy.controller.DistributedHashTable$LookupListener <init>
INFO: lookup-req O2LNUOSQV6AMEJPEGJG7OVPK2XZQV3ZE
Mar 16, 2013 1:04:42 PM net.blogracy.controller.DistributedHashTable$LookupListener onMessage
INFO: lookup-ans O2LNUOSQV6AMEJPEGJG7OVPK2XZQV3ZE QUZBYT5YJG7KLLPC2XN2IFORTUYYYU55 2013-03-16T12:53:59Z 2013-03-16T13:04:42Z 214
Mar 16, 2013 1:04:42 PM net.blogracy.controller.DistributedHashTable$LookupListener onMessage
INFO: lookup-ans O2LNUOSQV6AMEJPEGJG7OVPK2XZQV3ZE PBGHS7D7DMRZ6EXSCVZ6TI67NXMEZWWL 2013-03-16T12:58:59Z 2013-03-16T13:04:42Z 221
Mar 16, 2013 1:04:42 PM net.blogracy.controller.DistributedHashTable$DownloadListener <init>
INFO: download-req O2LNUOSQV6AMEJPEGJG7OVPK2XZQV3ZE PBGHS7D7DMRZ6EXSCVZ6TI67NXMEZWWL 2013-03-16T12:58:59Z
Mar 16, 2013 1:04:46 PM net.blogracy.controller.DistributedHashTable$DownloadListener onMessage
INFO: download-ans O2LNUOSQV6AMEJPEGJG7OVPK2XZQV3ZE PBGHS7D7DMRZ6EXSCVZ6TI67NXMEZWWL 2013-03-16T12:58:59Z 2013-03-16T13:04:46Z 3311  347000 1361
Mar 16, 2013 1:05:09 PM net.blogracy.controller.DistributedHashTable$LookupListener <init>
INFO: lookup-req RPVEPPTQV6G357V6OCZ4RSFBRAFAP3HM
Mar 16, 2013 1:05:37 PM net.blogracy.controller.DistributedHashTable$LookupListener <init>
INFO: lookup-req 3B73BAT64GOB5DR7NXD7IRSR4Z7GIK4E
Mar 16, 2013 1:05:37 PM net.blogracy.controller.DistributedHashTable$LookupListener onMessage
INFO: lookup-ans 3B73BAT64GOB5DR7NXD7IRSR4Z7GIK4E KWK52YX3XWPNOTXG6OOAHXG4BE7EAQS6 2013-03-16T12:43:32Z 2013-03-16T13:05:37Z 365
Mar 16, 2013 1:06:04 PM net.blogracy.controller.DistributedHashTable$LookupListener <init>
INFO: lookup-req QF57FG6NEFT7PHOEIFHV734DS7DAMSD2
Mar 16, 2013 1:06:05 PM net.blogracy.controller.DistributedHashTable$LookupListener onMessage
INFO: lookup-ans QF57FG6NEFT7PHOEIFHV734DS7DAMSD2 L4V4UOY3TF65L653RN75TWH7QPY7FWPJ 2013-03-16T13:02:18Z 2013-03-16T13:06:05Z 506
Mar 16, 2013 1:06:05 PM net.blogracy.controller.DistributedHashTable$DownloadListener <init>
INFO: download-req QF57FG6NEFT7PHOEIFHV734DS7DAMSD2 L4V4UOY3TF65L653RN75TWH7QPY7FWPJ 2013-03-16T13:02:18Z
Mar 16, 2013 1:06:09 PM net.blogracy.controller.DistributedHashTable$DownloadListener onMessage
INFO: download-ans QF57FG6NEFT7PHOEIFHV734DS7DAMSD2 L4V4UOY3TF65L653RN75TWH7QPY7FWPJ 2013-03-16T13:02:18Z 2013-03-16T13:06:09Z 4104  231000 1361
Mar 16, 2013 1:06:31 PM net.blogracy.controller.DistributedHashTable$LookupListener <init>
INFO: lookup-req H3WGV7IKX35FZNSFJYEZV4VCFQBSAKEL
Mar 16, 2013 1:06:32 PM net.blogracy.controller.DistributedHashTable$LookupListener onMessage
INFO: lookup-ans H3WGV7IKX35FZNSFJYEZV4VCFQBSAKEL I4OVH2FGOCRLKMACVT3VI6USHH7LYD32 2013-03-16T13:03:40Z 2013-03-16T13:06:32Z 193
Mar 16, 2013 1:06:32 PM net.blogracy.controller.DistributedHashTable$DownloadListener <init>
INFO: download-req H3WGV7IKX35FZNSFJYEZV4VCFQBSAKEL I4OVH2FGOCRLKMACVT3VI6USHH7LYD32 2013-03-16T13:03:40Z
Mar 16, 2013 1:06:32 PM net.blogracy.controller.DistributedHashTable$LookupListener onMessage
INFO: lookup-ans H3WGV7IKX35FZNSFJYEZV4VCFQBSAKEL GMFJRGOOODDV2INC6OJY2AXVWOZLOMSZ 2013-03-16T08:45:27Z 2013-03-16T13:06:32Z 277
Mar 16, 2013 1:06:35 PM net.blogracy.controller.DistributedHashTable$DownloadListener onMessage
INFO: download-ans H3WGV7IKX35FZNSFJYEZV4VCFQBSAKEL I4OVH2FGOCRLKMACVT3VI6USHH7LYD32 2013-03-16T13:03:40Z 2013-03-16T13:06:35Z 3123  175000 1631
Mar 16, 2013 1:06:59 PM net.blogracy.controller.DistributedHashTable$LookupListener <init>
INFO: lookup-req JZY6QFFDO2J4RQXM6QEFAMCKPOBHYFWR
Mar 16, 2013 1:06:59 PM net.blogracy.controller.DistributedHashTable$LookupListener onMessage
INFO: lookup-ans JZY6QFFDO2J4RQXM6QEFAMCKPOBHYFWR VNST4I72EXSOD3NFU52ZVKDOBURZUXX3 2013-03-16T13:04:05Z 2013-03-16T13:06:59Z 487
Mar 16, 2013 1:06:59 PM net.blogracy.controller.DistributedHashTable$DownloadListener <init>
INFO: download-req JZY6QFFDO2J4RQXM6QEFAMCKPOBHYFWR VNST4I72EXSOD3NFU52ZVKDOBURZUXX3 2013-03-16T13:04:05Z
Mar 16, 2013 1:07:02 PM net.blogracy.controller.DistributedHashTable$DownloadListener onMessage
INFO: download-ans JZY6QFFDO2J4RQXM6QEFAMCKPOBHYFWR VNST4I72EXSOD3NFU52ZVKDOBURZUXX3 2013-03-16T13:04:05Z 2013-03-16T13:07:02Z 2724  177000 1631
Mar 16, 2013 1:07:26 PM net.blogracy.controller.DistributedHashTable$LookupListener <init>
INFO: lookup-req IIFTPYF2OOSC7OUXFHS6JFLCSWAADAGJ
Mar 16, 2013 1:07:27 PM net.blogracy.controller.DistributedHashTable$LookupListener onMessage
INFO: lookup-ans IIFTPYF2OOSC7OUXFHS6JFLCSWAADAGJ NXWJNNEHHTXUXZQVJEEUYL23UC6DL2ED 2013-03-16T13:05:50Z 2013-03-16T13:07:27Z 423
Mar 16, 2013 1:07:27 PM net.blogracy.controller.DistributedHashTable$DownloadListener <init>
INFO: download-req IIFTPYF2OOSC7OUXFHS6JFLCSWAADAGJ NXWJNNEHHTXUXZQVJEEUYL23UC6DL2ED 2013-03-16T13:05:50Z
Mar 16, 2013 1:07:31 PM net.blogracy.controller.DistributedHashTable$DownloadListener onMessage
INFO: download-ans IIFTPYF2OOSC7OUXFHS6JFLCSWAADAGJ NXWJNNEHHTXUXZQVJEEUYL23UC6DL2ED 2013-03-16T13:05:50Z 2013-03-16T13:07:31Z 4647  101000 1631
Mar 16, 2013 1:07:54 PM net.blogracy.controller.DistributedHashTable$LookupListener <init>
INFO: lookup-req REHV2GKZR6BI6E66667LFTNPF42XF5QG
Mar 16, 2013 1:07:54 PM net.blogracy.controller.DistributedHashTable$LookupListener onMessage
INFO: lookup-ans REHV2GKZR6BI6E66667LFTNPF42XF5QG MCANBF7JPRBGYAJ4OE7P43RMVT6POPEM 2013-03-16T13:02:26Z 2013-03-16T13:07:54Z 384
Mar 16, 2013 1:07:54 PM net.blogracy.controller.DistributedHashTable$DownloadListener <init>
INFO: download-req REHV2GKZR6BI6E66667LFTNPF42XF5QG MCANBF7JPRBGYAJ4OE7P43RMVT6POPEM 2013-03-16T13:02:26Z
Mar 16, 2013 1:07:54 PM net.blogracy.controller.DistributedHashTable$LookupListener onMessage
INFO: lookup-ans REHV2GKZR6BI6E66667LFTNPF42XF5QG HU5J2AOJ6ZWOXOXW4JWGL37FIGWIOOFZ 2013-03-16T12:52:23Z 2013-03-16T13:07:54Z 459
Mar 16, 2013 1:07:57 PM net.blogracy.controller.DistributedHashTable$DownloadListener onMessage
INFO: download-ans REHV2GKZR6BI6E66667LFTNPF42XF5QG MCANBF7JPRBGYAJ4OE7P43RMVT6POPEM 2013-03-16T13:02:26Z 2013-03-16T13:07:57Z 3596  331000 1361
Mar 16, 2013 1:08:21 PM net.blogracy.controller.DistributedHashTable$LookupListener <init>
INFO: lookup-req GRRVNWRRA5YPOTR2NJTQK3RXPMJXGKYD
Mar 16, 2013 1:08:21 PM net.blogracy.controller.DistributedHashTable$LookupListener onMessage
INFO: lookup-ans GRRVNWRRA5YPOTR2NJTQK3RXPMJXGKYD AP3TWOFWAUPWSONBIMLOCLGAPCJMKGME 2013-03-16T13:06:06Z 2013-03-16T13:08:21Z 236
Mar 16, 2013 1:08:21 PM net.blogracy.controller.DistributedHashTable$DownloadListener <init>
INFO: download-req GRRVNWRRA5YPOTR2NJTQK3RXPMJXGKYD AP3TWOFWAUPWSONBIMLOCLGAPCJMKGME 2013-03-16T13:06:06Z
Mar 16, 2013 1:08:21 PM net.blogracy.controller.DistributedHashTable$LookupListener onMessage
INFO: lookup-ans GRRVNWRRA5YPOTR2NJTQK3RXPMJXGKYD N2XSHXTDPK7NMLMRJHM43RT2OYZP4SJI 2013-03-16T08:47:59Z 2013-03-16T13:08:21Z 312
Mar 16, 2013 1:08:21 PM net.blogracy.controller.DistributedHashTable$LookupListener onMessage
INFO: lookup-ans GRRVNWRRA5YPOTR2NJTQK3RXPMJXGKYD EK6FVP4VMGNY64OC3R4XP4Y355MV7GL3 2013-03-16T07:12:34Z 2013-03-16T13:08:21Z 320
Mar 16, 2013 1:08:26 PM net.blogracy.controller.DistributedHashTable$DownloadListener onMessage
INFO: download-ans GRRVNWRRA5YPOTR2NJTQK3RXPMJXGKYD AP3TWOFWAUPWSONBIMLOCLGAPCJMKGME 2013-03-16T13:06:06Z 2013-03-16T13:08:26Z 4631  140000 1631
Mar 16, 2013 1:08:48 PM net.blogracy.controller.DistributedHashTable$LookupListener <init>
INFO: lookup-req HPQLSAFOTHT5XCF6AXRN65UWQXL75VUB
Mar 16, 2013 1:09:16 PM net.blogracy.controller.DistributedHashTable$LookupListener <init>
INFO: lookup-req OL65LQYSH3BAO6TGPHZIFC72WVGFD6PR
Mar 16, 2013 1:09:17 PM net.blogracy.controller.DistributedHashTable$LookupListener onMessage
INFO: lookup-ans OL65LQYSH3BAO6TGPHZIFC72WVGFD6PR V3MKTEFOOOQ4NIY233IJAPIYXLZVWHJV 2013-03-16T13:06:44Z 2013-03-16T13:09:17Z 491
Mar 16, 2013 1:09:17 PM net.blogracy.controller.DistributedHashTable$DownloadListener <init>
INFO: download-req OL65LQYSH3BAO6TGPHZIFC72WVGFD6PR V3MKTEFOOOQ4NIY233IJAPIYXLZVWHJV 2013-03-16T13:06:44Z
Mar 16, 2013 1:09:17 PM net.blogracy.controller.DistributedHashTable$LookupListener onMessage
INFO: lookup-ans OL65LQYSH3BAO6TGPHZIFC72WVGFD6PR KLVEV7NKNYHFZSVBAILR3AVLRRY7MGEP 2013-03-16T13:01:43Z 2013-03-16T13:09:17Z 759
Mar 16, 2013 1:09:17 PM net.blogracy.controller.DistributedHashTable$LookupListener onMessage
INFO: lookup-ans OL65LQYSH3BAO6TGPHZIFC72WVGFD6PR ETGBEVBUBPJJMEJAPDWXU2YBLI2WNNAN 2013-03-16T12:51:43Z 2013-03-16T13:09:17Z 1317
Mar 16, 2013 1:09:20 PM net.blogracy.controller.DistributedHashTable$DownloadListener onMessage
INFO: download-ans OL65LQYSH3BAO6TGPHZIFC72WVGFD6PR V3MKTEFOOOQ4NIY233IJAPIYXLZVWHJV 2013-03-16T13:06:44Z 2013-03-16T13:09:20Z 3301  156000 1631
Mar 16, 2013 1:09:43 PM net.blogracy.controller.DistributedHashTable$LookupListener <init>
INFO: lookup-req O2LNUOSQV6AMEJPEGJG7OVPK2XZQV3ZE
Mar 16, 2013 1:09:44 PM net.blogracy.controller.DistributedHashTable$LookupListener onMessage
INFO: lookup-ans O2LNUOSQV6AMEJPEGJG7OVPK2XZQV3ZE QUZBYT5YJG7KLLPC2XN2IFORTUYYYU55 2013-03-16T12:53:59Z 2013-03-16T13:09:44Z 353
Mar 16, 2013 1:09:44 PM net.blogracy.controller.DistributedHashTable$LookupListener onMessage
INFO: lookup-ans O2LNUOSQV6AMEJPEGJG7OVPK2XZQV3ZE VYJAO4TNRAZKXFQABL5METAHRAGRZOWE 2013-03-16T13:04:00Z 2013-03-16T13:09:44Z 412
Mar 16, 2013 1:09:44 PM net.blogracy.controller.DistributedHashTable$DownloadListener <init>
INFO: download-req O2LNUOSQV6AMEJPEGJG7OVPK2XZQV3ZE VYJAO4TNRAZKXFQABL5METAHRAGRZOWE 2013-03-16T13:04:00Z
Mar 16, 2013 1:09:48 PM net.blogracy.controller.DistributedHashTable$DownloadListener onMessage
INFO: download-ans O2LNUOSQV6AMEJPEGJG7OVPK2XZQV3ZE VYJAO4TNRAZKXFQABL5METAHRAGRZOWE 2013-03-16T13:04:00Z 2013-03-16T13:09:48Z 4013  348000 1631
