Mar 16, 2013 12:42:15 PM net.blogracy.controller.DistributedHashTable$LookupListener <init>
INFO: lookup-req OL65LQYSH3BAO6TGPHZIFC72WVGFD6PR
Mar 16, 2013 12:42:43 PM net.blogracy.controller.DistributedHashTable$LookupListener <init>
INFO: lookup-req 734RO6HILBSFN7TZMLELFXELO3NKEQPG
Mar 16, 2013 12:42:43 PM net.blogracy.controller.DistributedHashTable$LookupListener onMessage
INFO: lookup-ans 734RO6HILBSFN7TZMLELFXELO3NKEQPG 6BV7OFSFQQW44YSJHTNGTPVS5G6GYD63 2013-03-16T12:39:06Z 2013-03-16T12:42:43Z 318
Mar 16, 2013 12:42:43 PM net.blogracy.controller.DistributedHashTable$DownloadListener <init>
INFO: download-req 734RO6HILBSFN7TZMLELFXELO3NKEQPG 6BV7OFSFQQW44YSJHTNGTPVS5G6GYD63 2013-03-16T12:39:06Z
Mar 16, 2013 12:42:47 PM net.blogracy.controller.DistributedHashTable$DownloadListener onMessage
INFO: download-ans 734RO6HILBSFN7TZMLELFXELO3NKEQPG 6BV7OFSFQQW44YSJHTNGTPVS5G6GYD63 2013-03-16T12:39:06Z 2013-03-16T12:42:47Z 3686  221000 281
Mar 16, 2013 12:43:01 PM net.blogracy.controller.DistributedHashTable$LookupListener onMessage
INFO: lookup-ans OL65LQYSH3BAO6TGPHZIFC72WVGFD6PR D5L6TOXH7RK7NER76GKYWSC2BXJJX3YC 2013-03-16T12:41:42Z 2013-03-16T12:43:01Z 45771
Mar 16, 2013 12:43:01 PM net.blogracy.controller.DistributedHashTable$DownloadListener <init>
INFO: download-req OL65LQYSH3BAO6TGPHZIFC72WVGFD6PR D5L6TOXH7RK7NER76GKYWSC2BXJJX3YC 2013-03-16T12:41:42Z
Mar 16, 2013 12:43:06 PM net.blogracy.controller.DistributedHashTable$DownloadListener onMessage
INFO: download-ans OL65LQYSH3BAO6TGPHZIFC72WVGFD6PR D5L6TOXH7RK7NER76GKYWSC2BXJJX3YC 2013-03-16T12:41:42Z 2013-03-16T12:43:06Z 5408  84000 281
Mar 16, 2013 12:43:10 PM net.blogracy.controller.DistributedHashTable$LookupListener <init>
INFO: lookup-req O2LNUOSQV6AMEJPEGJG7OVPK2XZQV3ZE
Mar 16, 2013 12:43:21 PM net.blogracy.controller.DistributedHashTable$LookupListener onMessage
INFO: lookup-ans O2LNUOSQV6AMEJPEGJG7OVPK2XZQV3ZE M44FCC4H62ZWD2XBJJBHDFJIWYYACBGP 2013-03-16T12:38:58Z 2013-03-16T12:43:21Z 11032
Mar 16, 2013 12:43:21 PM net.blogracy.controller.DistributedHashTable$DownloadListener <init>
INFO: download-req O2LNUOSQV6AMEJPEGJG7OVPK2XZQV3ZE M44FCC4H62ZWD2XBJJBHDFJIWYYACBGP 2013-03-16T12:38:58Z
Mar 16, 2013 12:43:24 PM net.blogracy.controller.DistributedHashTable$DownloadListener onMessage
INFO: download-ans O2LNUOSQV6AMEJPEGJG7OVPK2XZQV3ZE M44FCC4H62ZWD2XBJJBHDFJIWYYACBGP 2013-03-16T12:38:58Z 2013-03-16T12:43:24Z 3382  266000 281
Mar 16, 2013 12:43:37 PM net.blogracy.controller.DistributedHashTable$LookupListener <init>
INFO: lookup-req RPVEPPTQV6G357V6OCZ4RSFBRAFAP3HM
Mar 16, 2013 12:44:05 PM net.blogracy.controller.DistributedHashTable$LookupListener <init>
INFO: lookup-req 3B73BAT64GOB5DR7NXD7IRSR4Z7GIK4E
Mar 16, 2013 12:44:32 PM net.blogracy.controller.DistributedHashTable$LookupListener <init>
INFO: lookup-req H3WGV7IKX35FZNSFJYEZV4VCFQBSAKEL
Mar 16, 2013 12:44:32 PM net.blogracy.controller.DistributedHashTable$LookupListener onMessage
INFO: lookup-ans H3WGV7IKX35FZNSFJYEZV4VCFQBSAKEL GMFJRGOOODDV2INC6OJY2AXVWOZLOMSZ 2013-03-16T08:45:27Z 2013-03-16T12:44:32Z 372
Mar 16, 2013 12:44:32 PM net.blogracy.controller.DistributedHashTable$DownloadListener <init>
INFO: download-req H3WGV7IKX35FZNSFJYEZV4VCFQBSAKEL GMFJRGOOODDV2INC6OJY2AXVWOZLOMSZ 2013-03-16T08:45:27Z
Mar 16, 2013 12:44:32 PM net.blogracy.controller.DistributedHashTable$LookupListener onMessage
INFO: lookup-ans H3WGV7IKX35FZNSFJYEZV4VCFQBSAKEL MSO4VCJRASIEB4JNIUFSZTLG5CGI7MJ2 2013-03-16T12:43:39Z 2013-03-16T12:44:32Z 413
Mar 16, 2013 12:44:32 PM net.blogracy.controller.DistributedHashTable$DownloadListener <init>
INFO: download-req H3WGV7IKX35FZNSFJYEZV4VCFQBSAKEL MSO4VCJRASIEB4JNIUFSZTLG5CGI7MJ2 2013-03-16T12:43:39Z
Mar 16, 2013 12:44:48 PM net.blogracy.controller.DistributedHashTable$LookupListener onMessage
INFO: lookup-ans 3B73BAT64GOB5DR7NXD7IRSR4Z7GIK4E KWK52YX3XWPNOTXG6OOAHXG4BE7EAQS6 2013-03-16T12:43:32Z 2013-03-16T12:44:48Z 43028
Mar 16, 2013 12:44:48 PM net.blogracy.controller.DistributedHashTable$DownloadListener <init>
INFO: download-req 3B73BAT64GOB5DR7NXD7IRSR4Z7GIK4E KWK52YX3XWPNOTXG6OOAHXG4BE7EAQS6 2013-03-16T12:43:32Z
Mar 16, 2013 12:44:59 PM net.blogracy.controller.DistributedHashTable$LookupListener <init>
INFO: lookup-req JZY6QFFDO2J4RQXM6QEFAMCKPOBHYFWR
Mar 16, 2013 12:45:00 PM net.blogracy.controller.DistributedHashTable$LookupListener onMessage
INFO: lookup-ans JZY6QFFDO2J4RQXM6QEFAMCKPOBHYFWR GYSSPZJMGWITREPXIAU66CRZHRT64FC3 2013-03-16T12:39:03Z 2013-03-16T12:45:00Z 417
Mar 16, 2013 12:45:00 PM net.blogracy.controller.DistributedHashTable$DownloadListener <init>
INFO: download-req JZY6QFFDO2J4RQXM6QEFAMCKPOBHYFWR GYSSPZJMGWITREPXIAU66CRZHRT64FC3 2013-03-16T12:39:03Z
Mar 16, 2013 12:45:00 PM net.blogracy.controller.DistributedHashTable$LookupListener onMessage
INFO: lookup-ans JZY6QFFDO2J4RQXM6QEFAMCKPOBHYFWR FQCSK64CVW67M3M6MDJEGH5CKFZJWDF4 2013-03-16T12:44:04Z 2013-03-16T12:45:00Z 566
Mar 16, 2013 12:45:00 PM net.blogracy.controller.DistributedHashTable$DownloadListener <init>
INFO: download-req JZY6QFFDO2J4RQXM6QEFAMCKPOBHYFWR FQCSK64CVW67M3M6MDJEGH5CKFZJWDF4 2013-03-16T12:44:04Z
Mar 16, 2013 12:45:04 PM net.blogracy.controller.DistributedHashTable$DownloadListener onMessage
INFO: download-ans JZY6QFFDO2J4RQXM6QEFAMCKPOBHYFWR GYSSPZJMGWITREPXIAU66CRZHRT64FC3 2013-03-16T12:39:03Z 2013-03-16T12:45:04Z 4311  361000 281
Mar 16, 2013 12:45:04 PM net.blogracy.controller.DistributedHashTable$DownloadListener onMessage
INFO: download-ans JZY6QFFDO2J4RQXM6QEFAMCKPOBHYFWR FQCSK64CVW67M3M6MDJEGH5CKFZJWDF4 2013-03-16T12:44:04Z 2013-03-16T12:45:04Z 4411  60000 551
Mar 16, 2013 12:45:08 PM net.blogracy.controller.DistributedHashTable$DownloadListener onMessage
INFO: download-ans H3WGV7IKX35FZNSFJYEZV4VCFQBSAKEL MSO4VCJRASIEB4JNIUFSZTLG5CGI7MJ2 2013-03-16T12:43:39Z 2013-03-16T12:45:08Z 35750  89000 551
Mar 16, 2013 12:45:26 PM net.blogracy.controller.DistributedHashTable$LookupListener <init>
INFO: lookup-req IIFTPYF2OOSC7OUXFHS6JFLCSWAADAGJ
Mar 16, 2013 12:45:27 PM net.blogracy.controller.DistributedHashTable$DownloadListener onMessage
INFO: download-ans 3B73BAT64GOB5DR7NXD7IRSR4Z7GIK4E KWK52YX3XWPNOTXG6OOAHXG4BE7EAQS6 2013-03-16T12:43:32Z 2013-03-16T12:45:27Z 38933  115000 281
Mar 16, 2013 12:45:27 PM net.blogracy.controller.DistributedHashTable$LookupListener onMessage
INFO: lookup-ans IIFTPYF2OOSC7OUXFHS6JFLCSWAADAGJ FEIKW62LTXSU56HOSFWSCRDQLXRJAGS7 2013-03-16T12:40:48Z 2013-03-16T12:45:27Z 436
Mar 16, 2013 12:45:27 PM net.blogracy.controller.DistributedHashTable$DownloadListener <init>
INFO: download-req IIFTPYF2OOSC7OUXFHS6JFLCSWAADAGJ FEIKW62LTXSU56HOSFWSCRDQLXRJAGS7 2013-03-16T12:40:48Z
Mar 16, 2013 12:45:31 PM net.blogracy.controller.DistributedHashTable$DownloadListener onMessage
INFO: download-ans IIFTPYF2OOSC7OUXFHS6JFLCSWAADAGJ FEIKW62LTXSU56HOSFWSCRDQLXRJAGS7 2013-03-16T12:40:48Z 2013-03-16T12:45:31Z 3775  283000 281
Mar 16, 2013 12:45:54 PM net.blogracy.controller.DistributedHashTable$LookupListener <init>
INFO: lookup-req REHV2GKZR6BI6E66667LFTNPF42XF5QG
Mar 16, 2013 12:45:54 PM net.blogracy.controller.DistributedHashTable$LookupListener onMessage
INFO: lookup-ans REHV2GKZR6BI6E66667LFTNPF42XF5QG RU66HG5JTXCOVJMY444QKH2GGMC6UCY2 2013-03-16T12:42:18Z 2013-03-16T12:45:54Z 465
Mar 16, 2013 12:45:54 PM net.blogracy.controller.DistributedHashTable$DownloadListener <init>
INFO: download-req REHV2GKZR6BI6E66667LFTNPF42XF5QG RU66HG5JTXCOVJMY444QKH2GGMC6UCY2 2013-03-16T12:42:18Z
Mar 16, 2013 12:45:57 PM net.blogracy.controller.DistributedHashTable$DownloadListener onMessage
INFO: download-ans REHV2GKZR6BI6E66667LFTNPF42XF5QG RU66HG5JTXCOVJMY444QKH2GGMC6UCY2 2013-03-16T12:42:18Z 2013-03-16T12:45:57Z 2710  219000 281
Mar 16, 2013 12:46:21 PM net.blogracy.controller.DistributedHashTable$LookupListener <init>
INFO: lookup-req GRRVNWRRA5YPOTR2NJTQK3RXPMJXGKYD
Mar 16, 2013 12:46:21 PM net.blogracy.controller.DistributedHashTable$LookupListener onMessage
INFO: lookup-ans GRRVNWRRA5YPOTR2NJTQK3RXPMJXGKYD VHUVNEG5HES4TMXLOBDJLH46GGO7MUKX 2013-03-16T12:46:05Z 2013-03-16T12:46:21Z 356
Mar 16, 2013 12:46:21 PM net.blogracy.controller.DistributedHashTable$DownloadListener <init>
INFO: download-req GRRVNWRRA5YPOTR2NJTQK3RXPMJXGKYD VHUVNEG5HES4TMXLOBDJLH46GGO7MUKX 2013-03-16T12:46:05Z
Mar 16, 2013 12:46:21 PM net.blogracy.controller.DistributedHashTable$LookupListener onMessage
INFO: lookup-ans GRRVNWRRA5YPOTR2NJTQK3RXPMJXGKYD N2XSHXTDPK7NMLMRJHM43RT2OYZP4SJI 2013-03-16T08:47:59Z 2013-03-16T12:46:21Z 403
Mar 16, 2013 12:46:22 PM net.blogracy.controller.DistributedHashTable$DownloadListener <init>
INFO: download-req GRRVNWRRA5YPOTR2NJTQK3RXPMJXGKYD N2XSHXTDPK7NMLMRJHM43RT2OYZP4SJI 2013-03-16T08:47:59Z
Mar 16, 2013 12:46:22 PM net.blogracy.controller.DistributedHashTable$LookupListener onMessage
INFO: lookup-ans GRRVNWRRA5YPOTR2NJTQK3RXPMJXGKYD EK6FVP4VMGNY64OC3R4XP4Y355MV7GL3 2013-03-16T07:12:34Z 2013-03-16T12:46:22Z 459
Mar 16, 2013 12:46:22 PM net.blogracy.controller.DistributedHashTable$DownloadListener <init>
INFO: download-req GRRVNWRRA5YPOTR2NJTQK3RXPMJXGKYD EK6FVP4VMGNY64OC3R4XP4Y355MV7GL3 2013-03-16T07:12:34Z
Mar 16, 2013 12:46:22 PM net.blogracy.controller.DistributedHashTable$LookupListener onMessage
INFO: lookup-ans GRRVNWRRA5YPOTR2NJTQK3RXPMJXGKYD XZVZOJMPYL5O7GEYK2F6XCWDSLCKY6XY 2013-03-16T12:41:04Z 2013-03-16T12:46:22Z 1126
Mar 16, 2013 12:46:22 PM net.blogracy.controller.DistributedHashTable$DownloadListener <init>
INFO: download-req GRRVNWRRA5YPOTR2NJTQK3RXPMJXGKYD XZVZOJMPYL5O7GEYK2F6XCWDSLCKY6XY 2013-03-16T12:41:04Z
Mar 16, 2013 12:46:22 PM net.blogracy.controller.DistributedHashTable$LookupListener onMessage
INFO: lookup-ans GRRVNWRRA5YPOTR2NJTQK3RXPMJXGKYD Z2TMUNZGMMVDRK5O56CYGQ3W3LDJTG73 2013-03-16T08:39:59Z 2013-03-16T12:46:22Z 1169
Mar 16, 2013 12:46:22 PM net.blogracy.controller.DistributedHashTable$DownloadListener <init>
INFO: download-req GRRVNWRRA5YPOTR2NJTQK3RXPMJXGKYD Z2TMUNZGMMVDRK5O56CYGQ3W3LDJTG73 2013-03-16T08:39:59Z
Mar 16, 2013 12:46:22 PM net.blogracy.controller.DistributedHashTable$LookupListener onMessage
INFO: lookup-ans GRRVNWRRA5YPOTR2NJTQK3RXPMJXGKYD JZKEFME7WRH7IPRWBUN2FIHAUHOAPPSR 2013-03-16T07:10:34Z 2013-03-16T12:46:22Z 1223
Mar 16, 2013 12:46:22 PM net.blogracy.controller.DistributedHashTable$DownloadListener <init>
INFO: download-req GRRVNWRRA5YPOTR2NJTQK3RXPMJXGKYD JZKEFME7WRH7IPRWBUN2FIHAUHOAPPSR 2013-03-16T07:10:34Z
Mar 16, 2013 12:46:27 PM net.blogracy.controller.DistributedHashTable$DownloadListener onMessage
INFO: download-ans GRRVNWRRA5YPOTR2NJTQK3RXPMJXGKYD VHUVNEG5HES4TMXLOBDJLH46GGO7MUKX 2013-03-16T12:46:05Z 2013-03-16T12:46:27Z 5864  22000 551
Mar 16, 2013 12:46:27 PM net.blogracy.controller.DistributedHashTable$DownloadListener onMessage
INFO: download-ans GRRVNWRRA5YPOTR2NJTQK3RXPMJXGKYD XZVZOJMPYL5O7GEYK2F6XCWDSLCKY6XY 2013-03-16T12:41:04Z 2013-03-16T12:46:27Z 5102  323000 281
Mar 16, 2013 12:46:49 PM net.blogracy.controller.DistributedHashTable$LookupListener <init>
INFO: lookup-req HPQLSAFOTHT5XCF6AXRN65UWQXL75VUB
Mar 16, 2013 12:47:16 PM net.blogracy.controller.DistributedHashTable$LookupListener <init>
INFO: lookup-req OL65LQYSH3BAO6TGPHZIFC72WVGFD6PR
Mar 16, 2013 12:47:16 PM net.blogracy.controller.DistributedHashTable$LookupListener onMessage
INFO: lookup-ans OL65LQYSH3BAO6TGPHZIFC72WVGFD6PR D5L6TOXH7RK7NER76GKYWSC2BXJJX3YC 2013-03-16T12:41:42Z 2013-03-16T12:47:16Z 374
Mar 16, 2013 12:47:43 PM net.blogracy.controller.DistributedHashTable$LookupListener <init>
INFO: lookup-req 734RO6HILBSFN7TZMLELFXELO3NKEQPG
Mar 16, 2013 12:47:44 PM net.blogracy.controller.DistributedHashTable$LookupListener onMessage
INFO: lookup-ans 734RO6HILBSFN7TZMLELFXELO3NKEQPG REDKGZWLAXLVR5XNU4TQEZNLN6RZG5SC 2013-03-16T12:44:08Z 2013-03-16T12:47:44Z 812
Mar 16, 2013 12:47:44 PM net.blogracy.controller.DistributedHashTable$DownloadListener <init>
INFO: download-req 734RO6HILBSFN7TZMLELFXELO3NKEQPG REDKGZWLAXLVR5XNU4TQEZNLN6RZG5SC 2013-03-16T12:44:08Z
Mar 16, 2013 12:47:48 PM net.blogracy.controller.DistributedHashTable$DownloadListener onMessage
INFO: download-ans 734RO6HILBSFN7TZMLELFXELO3NKEQPG REDKGZWLAXLVR5XNU4TQEZNLN6RZG5SC 2013-03-16T12:44:08Z 2013-03-16T12:47:48Z 3915  220000 551
Mar 16, 2013 12:48:11 PM net.blogracy.controller.DistributedHashTable$LookupListener <init>
INFO: lookup-req O2LNUOSQV6AMEJPEGJG7OVPK2XZQV3ZE
Mar 16, 2013 12:48:11 PM net.blogracy.controller.DistributedHashTable$LookupListener onMessage
INFO: lookup-ans O2LNUOSQV6AMEJPEGJG7OVPK2XZQV3ZE LOJOAPIJFU3OXC72F47QOJ2NXEABN3QN 2013-03-16T12:43:59Z 2013-03-16T12:48:11Z 427
Mar 16, 2013 12:48:11 PM net.blogracy.controller.DistributedHashTable$DownloadListener <init>
INFO: download-req O2LNUOSQV6AMEJPEGJG7OVPK2XZQV3ZE LOJOAPIJFU3OXC72F47QOJ2NXEABN3QN 2013-03-16T12:43:59Z
Mar 16, 2013 12:48:15 PM net.blogracy.controller.DistributedHashTable$DownloadListener onMessage
INFO: download-ans O2LNUOSQV6AMEJPEGJG7OVPK2XZQV3ZE LOJOAPIJFU3OXC72F47QOJ2NXEABN3QN 2013-03-16T12:43:59Z 2013-03-16T12:48:15Z 3687  256000 551
Mar 16, 2013 12:48:38 PM net.blogracy.controller.DistributedHashTable$LookupListener <init>
INFO: lookup-req RPVEPPTQV6G357V6OCZ4RSFBRAFAP3HM
Mar 16, 2013 12:49:05 PM net.blogracy.controller.DistributedHashTable$LookupListener <init>
INFO: lookup-req 3B73BAT64GOB5DR7NXD7IRSR4Z7GIK4E
Mar 16, 2013 12:49:05 PM net.blogracy.controller.DistributedHashTable$LookupListener onMessage
INFO: lookup-ans 3B73BAT64GOB5DR7NXD7IRSR4Z7GIK4E KWK52YX3XWPNOTXG6OOAHXG4BE7EAQS6 2013-03-16T12:43:32Z 2013-03-16T12:49:05Z 146
Mar 16, 2013 12:49:33 PM net.blogracy.controller.DistributedHashTable$LookupListener <init>
INFO: lookup-req H3WGV7IKX35FZNSFJYEZV4VCFQBSAKEL
Mar 16, 2013 12:49:33 PM net.blogracy.controller.DistributedHashTable$LookupListener onMessage
INFO: lookup-ans H3WGV7IKX35FZNSFJYEZV4VCFQBSAKEL MSO4VCJRASIEB4JNIUFSZTLG5CGI7MJ2 2013-03-16T12:43:39Z 2013-03-16T12:49:33Z 348
Mar 16, 2013 12:49:33 PM net.blogracy.controller.DistributedHashTable$LookupListener onMessage
INFO: lookup-ans H3WGV7IKX35FZNSFJYEZV4VCFQBSAKEL GMFJRGOOODDV2INC6OJY2AXVWOZLOMSZ 2013-03-16T08:45:27Z 2013-03-16T12:49:33Z 355
Mar 16, 2013 12:50:00 PM net.blogracy.controller.DistributedHashTable$LookupListener <init>
INFO: lookup-req JZY6QFFDO2J4RQXM6QEFAMCKPOBHYFWR
Mar 16, 2013 12:50:00 PM net.blogracy.controller.DistributedHashTable$LookupListener onMessage
INFO: lookup-ans JZY6QFFDO2J4RQXM6QEFAMCKPOBHYFWR MROA3APTFPEXROW3KGKHNFR4LPG3YBJY 2013-03-16T12:49:04Z 2013-03-16T12:50:00Z 248
Mar 16, 2013 12:50:00 PM net.blogracy.controller.DistributedHashTable$DownloadListener <init>
INFO: download-req JZY6QFFDO2J4RQXM6QEFAMCKPOBHYFWR MROA3APTFPEXROW3KGKHNFR4LPG3YBJY 2013-03-16T12:49:04Z
Mar 16, 2013 12:50:27 PM net.blogracy.controller.DistributedHashTable$LookupListener <init>
INFO: lookup-req IIFTPYF2OOSC7OUXFHS6JFLCSWAADAGJ
Mar 16, 2013 12:50:28 PM net.blogracy.controller.DistributedHashTable$LookupListener onMessage
INFO: lookup-ans IIFTPYF2OOSC7OUXFHS6JFLCSWAADAGJ YT7F3574X3ZZGG5PAAHAMFJVBVWJRCHQ 2013-03-16T12:45:49Z 2013-03-16T12:50:28Z 448
Mar 16, 2013 12:50:28 PM net.blogracy.controller.DistributedHashTable$DownloadListener <init>
INFO: download-req IIFTPYF2OOSC7OUXFHS6JFLCSWAADAGJ YT7F3574X3ZZGG5PAAHAMFJVBVWJRCHQ 2013-03-16T12:45:49Z
Mar 16, 2013 12:50:30 PM net.blogracy.controller.DistributedHashTable$DownloadListener onMessage
INFO: download-ans IIFTPYF2OOSC7OUXFHS6JFLCSWAADAGJ YT7F3574X3ZZGG5PAAHAMFJVBVWJRCHQ 2013-03-16T12:45:49Z 2013-03-16T12:50:30Z 2789  281000 551
Mar 16, 2013 12:50:38 PM net.blogracy.controller.DistributedHashTable$DownloadListener onMessage
INFO: download-ans JZY6QFFDO2J4RQXM6QEFAMCKPOBHYFWR MROA3APTFPEXROW3KGKHNFR4LPG3YBJY 2013-03-16T12:49:04Z 2013-03-16T12:50:38Z 37632  94000 821
Mar 16, 2013 12:50:55 PM net.blogracy.controller.DistributedHashTable$LookupListener <init>
INFO: lookup-req REHV2GKZR6BI6E66667LFTNPF42XF5QG
Mar 16, 2013 12:50:55 PM net.blogracy.controller.DistributedHashTable$LookupListener onMessage
INFO: lookup-ans REHV2GKZR6BI6E66667LFTNPF42XF5QG RU66HG5JTXCOVJMY444QKH2GGMC6UCY2 2013-03-16T12:42:18Z 2013-03-16T12:50:55Z 433
Mar 16, 2013 12:50:55 PM net.blogracy.controller.DistributedHashTable$LookupListener onMessage
INFO: lookup-ans REHV2GKZR6BI6E66667LFTNPF42XF5QG IJNHIEWNDDJYHOETGGC3IGR4NRDJVL3Z 2013-03-16T12:47:22Z 2013-03-16T12:50:55Z 443
Mar 16, 2013 12:50:55 PM net.blogracy.controller.DistributedHashTable$DownloadListener <init>
INFO: download-req REHV2GKZR6BI6E66667LFTNPF42XF5QG IJNHIEWNDDJYHOETGGC3IGR4NRDJVL3Z 2013-03-16T12:47:22Z
Mar 16, 2013 12:50:58 PM net.blogracy.controller.DistributedHashTable$DownloadListener onMessage
INFO: download-ans REHV2GKZR6BI6E66667LFTNPF42XF5QG IJNHIEWNDDJYHOETGGC3IGR4NRDJVL3Z 2013-03-16T12:47:22Z 2013-03-16T12:50:58Z 3128  216000 551
Mar 16, 2013 12:51:22 PM net.blogracy.controller.DistributedHashTable$LookupListener <init>
INFO: lookup-req GRRVNWRRA5YPOTR2NJTQK3RXPMJXGKYD
Mar 16, 2013 12:51:22 PM net.blogracy.controller.DistributedHashTable$LookupListener onMessage
INFO: lookup-ans GRRVNWRRA5YPOTR2NJTQK3RXPMJXGKYD TXMZYC7QVYLM7ESUQZU5KUWKAHU2BZYG 2013-03-16T12:51:05Z 2013-03-16T12:51:22Z 191
Mar 16, 2013 12:51:22 PM net.blogracy.controller.DistributedHashTable$DownloadListener <init>
INFO: download-req GRRVNWRRA5YPOTR2NJTQK3RXPMJXGKYD TXMZYC7QVYLM7ESUQZU5KUWKAHU2BZYG 2013-03-16T12:51:05Z
Mar 16, 2013 12:51:22 PM net.blogracy.controller.DistributedHashTable$LookupListener onMessage
INFO: lookup-ans GRRVNWRRA5YPOTR2NJTQK3RXPMJXGKYD EK6FVP4VMGNY64OC3R4XP4Y355MV7GL3 2013-03-16T07:12:34Z 2013-03-16T12:51:22Z 227
Mar 16, 2013 12:51:22 PM net.blogracy.controller.DistributedHashTable$LookupListener onMessage
INFO: lookup-ans GRRVNWRRA5YPOTR2NJTQK3RXPMJXGKYD N2XSHXTDPK7NMLMRJHM43RT2OYZP4SJI 2013-03-16T08:47:59Z 2013-03-16T12:51:22Z 235
Mar 16, 2013 12:51:25 PM net.blogracy.controller.DistributedHashTable$DownloadListener onMessage
INFO: download-ans GRRVNWRRA5YPOTR2NJTQK3RXPMJXGKYD TXMZYC7QVYLM7ESUQZU5KUWKAHU2BZYG 2013-03-16T12:51:05Z 2013-03-16T12:51:25Z 2586  20000 821
Mar 16, 2013 12:51:49 PM net.blogracy.controller.DistributedHashTable$LookupListener <init>
INFO: lookup-req HPQLSAFOTHT5XCF6AXRN65UWQXL75VUB
Mar 16, 2013 12:52:17 PM net.blogracy.controller.DistributedHashTable$LookupListener <init>
INFO: lookup-req OL65LQYSH3BAO6TGPHZIFC72WVGFD6PR
Mar 16, 2013 12:52:17 PM net.blogracy.controller.DistributedHashTable$LookupListener onMessage
INFO: lookup-ans OL65LQYSH3BAO6TGPHZIFC72WVGFD6PR BNPNNJWZIQ4TCYF6QDJISNEXXZEPLMCH 2013-03-16T12:46:43Z 2013-03-16T12:52:17Z 404
Mar 16, 2013 12:52:17 PM net.blogracy.controller.DistributedHashTable$DownloadListener <init>
INFO: download-req OL65LQYSH3BAO6TGPHZIFC72WVGFD6PR BNPNNJWZIQ4TCYF6QDJISNEXXZEPLMCH 2013-03-16T12:46:43Z
Mar 16, 2013 12:52:22 PM net.blogracy.controller.DistributedHashTable$DownloadListener onMessage
INFO: download-ans OL65LQYSH3BAO6TGPHZIFC72WVGFD6PR BNPNNJWZIQ4TCYF6QDJISNEXXZEPLMCH 2013-03-16T12:46:43Z 2013-03-16T12:52:22Z 4784  339000 551
Mar 16, 2013 12:52:44 PM net.blogracy.controller.DistributedHashTable$LookupListener <init>
INFO: lookup-req 734RO6HILBSFN7TZMLELFXELO3NKEQPG
Mar 16, 2013 12:52:44 PM net.blogracy.controller.DistributedHashTable$LookupListener onMessage
INFO: lookup-ans 734RO6HILBSFN7TZMLELFXELO3NKEQPG OVW54PPXL6KIHO2TVPB7FXZVPJBQR5M3 2013-03-16T12:49:10Z 2013-03-16T12:52:44Z 449
Mar 16, 2013 12:52:44 PM net.blogracy.controller.DistributedHashTable$DownloadListener <init>
INFO: download-req 734RO6HILBSFN7TZMLELFXELO3NKEQPG OVW54PPXL6KIHO2TVPB7FXZVPJBQR5M3 2013-03-16T12:49:10Z
Mar 16, 2013 12:52:50 PM net.blogracy.controller.DistributedHashTable$DownloadListener onMessage
INFO: download-ans 734RO6HILBSFN7TZMLELFXELO3NKEQPG OVW54PPXL6KIHO2TVPB7FXZVPJBQR5M3 2013-03-16T12:49:10Z 2013-03-16T12:52:50Z 5710  220000 821
Mar 16, 2013 12:53:11 PM net.blogracy.controller.DistributedHashTable$LookupListener <init>
INFO: lookup-req O2LNUOSQV6AMEJPEGJG7OVPK2XZQV3ZE
Mar 16, 2013 12:53:12 PM net.blogracy.controller.DistributedHashTable$LookupListener onMessage
INFO: lookup-ans O2LNUOSQV6AMEJPEGJG7OVPK2XZQV3ZE QGUEMQ4ET6NNDRUBYXF3S62I4FFU2GWS 2013-03-16T12:48:59Z 2013-03-16T12:53:12Z 317
Mar 16, 2013 12:53:12 PM net.blogracy.controller.DistributedHashTable$DownloadListener <init>
INFO: download-req O2LNUOSQV6AMEJPEGJG7OVPK2XZQV3ZE QGUEMQ4ET6NNDRUBYXF3S62I4FFU2GWS 2013-03-16T12:48:59Z
Mar 16, 2013 12:53:15 PM net.blogracy.controller.DistributedHashTable$DownloadListener onMessage
INFO: download-ans O2LNUOSQV6AMEJPEGJG7OVPK2XZQV3ZE QGUEMQ4ET6NNDRUBYXF3S62I4FFU2GWS 2013-03-16T12:48:59Z 2013-03-16T12:53:15Z 3581  256000 821
Mar 16, 2013 12:53:39 PM net.blogracy.controller.DistributedHashTable$LookupListener <init>
INFO: lookup-req RPVEPPTQV6G357V6OCZ4RSFBRAFAP3HM
Mar 16, 2013 12:54:06 PM net.blogracy.controller.DistributedHashTable$LookupListener <init>
INFO: lookup-req 3B73BAT64GOB5DR7NXD7IRSR4Z7GIK4E
Mar 16, 2013 12:54:06 PM net.blogracy.controller.DistributedHashTable$LookupListener onMessage
INFO: lookup-ans 3B73BAT64GOB5DR7NXD7IRSR4Z7GIK4E KWK52YX3XWPNOTXG6OOAHXG4BE7EAQS6 2013-03-16T12:43:32Z 2013-03-16T12:54:06Z 135
Mar 16, 2013 12:54:33 PM net.blogracy.controller.DistributedHashTable$LookupListener <init>
INFO: lookup-req H3WGV7IKX35FZNSFJYEZV4VCFQBSAKEL
Mar 16, 2013 12:54:34 PM net.blogracy.controller.DistributedHashTable$LookupListener onMessage
INFO: lookup-ans H3WGV7IKX35FZNSFJYEZV4VCFQBSAKEL UCE3YWQLKORHVB2DWDIBFUYYSIIOB43N 2013-03-16T12:48:39Z 2013-03-16T12:54:34Z 357
Mar 16, 2013 12:54:34 PM net.blogracy.controller.DistributedHashTable$DownloadListener <init>
INFO: download-req H3WGV7IKX35FZNSFJYEZV4VCFQBSAKEL UCE3YWQLKORHVB2DWDIBFUYYSIIOB43N 2013-03-16T12:48:39Z
Mar 16, 2013 12:54:34 PM net.blogracy.controller.DistributedHashTable$LookupListener onMessage
INFO: lookup-ans H3WGV7IKX35FZNSFJYEZV4VCFQBSAKEL GMFJRGOOODDV2INC6OJY2AXVWOZLOMSZ 2013-03-16T08:45:27Z 2013-03-16T12:54:34Z 404
Mar 16, 2013 12:54:36 PM net.blogracy.controller.DistributedHashTable$DownloadListener onMessage
INFO: download-ans H3WGV7IKX35FZNSFJYEZV4VCFQBSAKEL UCE3YWQLKORHVB2DWDIBFUYYSIIOB43N 2013-03-16T12:48:39Z 2013-03-16T12:54:36Z 2681  357000 821
Mar 16, 2013 12:55:01 PM net.blogracy.controller.DistributedHashTable$LookupListener <init>
INFO: lookup-req JZY6QFFDO2J4RQXM6QEFAMCKPOBHYFWR
Mar 16, 2013 12:55:01 PM net.blogracy.controller.DistributedHashTable$LookupListener onMessage
INFO: lookup-ans JZY6QFFDO2J4RQXM6QEFAMCKPOBHYFWR EKKTYD6DISZMDFMLFXQKFG3UF5OOO57G 2013-03-16T12:54:04Z 2013-03-16T12:55:01Z 358
Mar 16, 2013 12:55:01 PM net.blogracy.controller.DistributedHashTable$DownloadListener <init>
INFO: download-req JZY6QFFDO2J4RQXM6QEFAMCKPOBHYFWR EKKTYD6DISZMDFMLFXQKFG3UF5OOO57G 2013-03-16T12:54:04Z
Mar 16, 2013 12:55:04 PM net.blogracy.controller.DistributedHashTable$DownloadListener onMessage
INFO: download-ans JZY6QFFDO2J4RQXM6QEFAMCKPOBHYFWR EKKTYD6DISZMDFMLFXQKFG3UF5OOO57G 2013-03-16T12:54:04Z 2013-03-16T12:55:04Z 2715  60000 1091
Mar 16, 2013 12:55:28 PM net.blogracy.controller.DistributedHashTable$LookupListener <init>
INFO: lookup-req IIFTPYF2OOSC7OUXFHS6JFLCSWAADAGJ
Mar 16, 2013 12:55:40 PM net.blogracy.controller.DistributedHashTable$LookupListener onMessage
INFO: lookup-ans IIFTPYF2OOSC7OUXFHS6JFLCSWAADAGJ GXQQW6SX73DWIM4XQAS2VJAKOEVC44QI 2013-03-16T12:50:49Z 2013-03-16T12:55:40Z 12645
Mar 16, 2013 12:55:40 PM net.blogracy.controller.DistributedHashTable$DownloadListener <init>
INFO: download-req IIFTPYF2OOSC7OUXFHS6JFLCSWAADAGJ GXQQW6SX73DWIM4XQAS2VJAKOEVC44QI 2013-03-16T12:50:49Z
Mar 16, 2013 12:55:44 PM net.blogracy.controller.DistributedHashTable$DownloadListener onMessage
INFO: download-ans IIFTPYF2OOSC7OUXFHS6JFLCSWAADAGJ GXQQW6SX73DWIM4XQAS2VJAKOEVC44QI 2013-03-16T12:50:49Z 2013-03-16T12:55:44Z 3616  295000 821
Mar 16, 2013 12:55:55 PM net.blogracy.controller.DistributedHashTable$LookupListener <init>
INFO: lookup-req REHV2GKZR6BI6E66667LFTNPF42XF5QG
Mar 16, 2013 12:55:56 PM net.blogracy.controller.DistributedHashTable$LookupListener onMessage
INFO: lookup-ans REHV2GKZR6BI6E66667LFTNPF42XF5QG HU5J2AOJ6ZWOXOXW4JWGL37FIGWIOOFZ 2013-03-16T12:52:23Z 2013-03-16T12:55:56Z 367
Mar 16, 2013 12:55:56 PM net.blogracy.controller.DistributedHashTable$DownloadListener <init>
INFO: download-req REHV2GKZR6BI6E66667LFTNPF42XF5QG HU5J2AOJ6ZWOXOXW4JWGL37FIGWIOOFZ 2013-03-16T12:52:23Z
Mar 16, 2013 12:56:00 PM net.blogracy.controller.DistributedHashTable$DownloadListener onMessage
INFO: download-ans REHV2GKZR6BI6E66667LFTNPF42XF5QG HU5J2AOJ6ZWOXOXW4JWGL37FIGWIOOFZ 2013-03-16T12:52:23Z 2013-03-16T12:56:00Z 4334  217000 821
Mar 16, 2013 12:56:22 PM net.blogracy.controller.DistributedHashTable$LookupListener <init>
INFO: lookup-req GRRVNWRRA5YPOTR2NJTQK3RXPMJXGKYD
Mar 16, 2013 12:56:23 PM net.blogracy.controller.DistributedHashTable$LookupListener onMessage
INFO: lookup-ans GRRVNWRRA5YPOTR2NJTQK3RXPMJXGKYD EK6FVP4VMGNY64OC3R4XP4Y355MV7GL3 2013-03-16T07:12:34Z 2013-03-16T12:56:23Z 233
Mar 16, 2013 12:56:23 PM net.blogracy.controller.DistributedHashTable$LookupListener onMessage
INFO: lookup-ans GRRVNWRRA5YPOTR2NJTQK3RXPMJXGKYD N2XSHXTDPK7NMLMRJHM43RT2OYZP4SJI 2013-03-16T08:47:59Z 2013-03-16T12:56:23Z 246
Mar 16, 2013 12:56:23 PM net.blogracy.controller.DistributedHashTable$LookupListener onMessage
INFO: lookup-ans GRRVNWRRA5YPOTR2NJTQK3RXPMJXGKYD Z44I3UIP7BP7RYUFEGSHKY46BWP34TNN 2013-03-16T12:56:05Z 2013-03-16T12:56:23Z 257
Mar 16, 2013 12:56:23 PM net.blogracy.controller.DistributedHashTable$DownloadListener <init>
INFO: download-req GRRVNWRRA5YPOTR2NJTQK3RXPMJXGKYD Z44I3UIP7BP7RYUFEGSHKY46BWP34TNN 2013-03-16T12:56:05Z
Mar 16, 2013 12:56:38 PM net.blogracy.controller.DistributedHashTable$DownloadListener onMessage
INFO: download-ans GRRVNWRRA5YPOTR2NJTQK3RXPMJXGKYD Z44I3UIP7BP7RYUFEGSHKY46BWP34TNN 2013-03-16T12:56:05Z 2013-03-16T12:56:38Z 15625  33000 1091
Mar 16, 2013 12:56:50 PM net.blogracy.controller.DistributedHashTable$LookupListener <init>
INFO: lookup-req HPQLSAFOTHT5XCF6AXRN65UWQXL75VUB
Mar 16, 2013 12:57:18 PM net.blogracy.controller.DistributedHashTable$LookupListener <init>
INFO: lookup-req OL65LQYSH3BAO6TGPHZIFC72WVGFD6PR
Mar 16, 2013 12:57:18 PM net.blogracy.controller.DistributedHashTable$LookupListener onMessage
INFO: lookup-ans OL65LQYSH3BAO6TGPHZIFC72WVGFD6PR ETGBEVBUBPJJMEJAPDWXU2YBLI2WNNAN 2013-03-16T12:51:43Z 2013-03-16T12:57:18Z 179
Mar 16, 2013 12:57:18 PM net.blogracy.controller.DistributedHashTable$DownloadListener <init>
INFO: download-req OL65LQYSH3BAO6TGPHZIFC72WVGFD6PR ETGBEVBUBPJJMEJAPDWXU2YBLI2WNNAN 2013-03-16T12:51:43Z
Mar 16, 2013 12:57:18 PM net.blogracy.controller.DistributedHashTable$LookupListener onMessage
INFO: lookup-ans OL65LQYSH3BAO6TGPHZIFC72WVGFD6PR BNPNNJWZIQ4TCYF6QDJISNEXXZEPLMCH 2013-03-16T12:46:43Z 2013-03-16T12:57:18Z 275
Mar 16, 2013 12:57:23 PM net.blogracy.controller.DistributedHashTable$DownloadListener onMessage
INFO: download-ans OL65LQYSH3BAO6TGPHZIFC72WVGFD6PR ETGBEVBUBPJJMEJAPDWXU2YBLI2WNNAN 2013-03-16T12:51:43Z 2013-03-16T12:57:23Z 5066  340000 821
Mar 16, 2013 12:57:45 PM net.blogracy.controller.DistributedHashTable$LookupListener <init>
INFO: lookup-req 734RO6HILBSFN7TZMLELFXELO3NKEQPG
Mar 16, 2013 12:57:45 PM net.blogracy.controller.DistributedHashTable$LookupListener onMessage
INFO: lookup-ans 734RO6HILBSFN7TZMLELFXELO3NKEQPG EFDVO5TD2YABIOTGLJBZ2JROF272IHQ7 2013-03-16T12:54:11Z 2013-03-16T12:57:45Z 307
Mar 16, 2013 12:57:45 PM net.blogracy.controller.DistributedHashTable$DownloadListener <init>
INFO: download-req 734RO6HILBSFN7TZMLELFXELO3NKEQPG EFDVO5TD2YABIOTGLJBZ2JROF272IHQ7 2013-03-16T12:54:11Z
Mar 16, 2013 12:58:12 PM net.blogracy.controller.DistributedHashTable$LookupListener <init>
INFO: lookup-req O2LNUOSQV6AMEJPEGJG7OVPK2XZQV3ZE
Mar 16, 2013 12:58:13 PM net.blogracy.controller.DistributedHashTable$LookupListener onMessage
INFO: lookup-ans O2LNUOSQV6AMEJPEGJG7OVPK2XZQV3ZE QUZBYT5YJG7KLLPC2XN2IFORTUYYYU55 2013-03-16T12:53:59Z 2013-03-16T12:58:13Z 266
Mar 16, 2013 12:58:13 PM net.blogracy.controller.DistributedHashTable$DownloadListener <init>
INFO: download-req O2LNUOSQV6AMEJPEGJG7OVPK2XZQV3ZE QUZBYT5YJG7KLLPC2XN2IFORTUYYYU55 2013-03-16T12:53:59Z
Mar 16, 2013 12:58:15 PM net.blogracy.controller.DistributedHashTable$DownloadListener onMessage
INFO: download-ans O2LNUOSQV6AMEJPEGJG7OVPK2XZQV3ZE QUZBYT5YJG7KLLPC2XN2IFORTUYYYU55 2013-03-16T12:53:59Z 2013-03-16T12:58:15Z 2765  256000 1091
Mar 16, 2013 12:58:18 PM net.blogracy.controller.DistributedHashTable$DownloadListener onMessage
INFO: download-ans 734RO6HILBSFN7TZMLELFXELO3NKEQPG EFDVO5TD2YABIOTGLJBZ2JROF272IHQ7 2013-03-16T12:54:11Z 2013-03-16T12:58:18Z 32287  247000 1091
Mar 16, 2013 12:58:40 PM net.blogracy.controller.DistributedHashTable$LookupListener <init>
INFO: lookup-req RPVEPPTQV6G357V6OCZ4RSFBRAFAP3HM
Mar 16, 2013 12:59:07 PM net.blogracy.controller.DistributedHashTable$LookupListener <init>
INFO: lookup-req 3B73BAT64GOB5DR7NXD7IRSR4Z7GIK4E
Mar 16, 2013 12:59:07 PM net.blogracy.controller.DistributedHashTable$LookupListener onMessage
INFO: lookup-ans 3B73BAT64GOB5DR7NXD7IRSR4Z7GIK4E KWK52YX3XWPNOTXG6OOAHXG4BE7EAQS6 2013-03-16T12:43:32Z 2013-03-16T12:59:07Z 122
Mar 16, 2013 12:59:34 PM net.blogracy.controller.DistributedHashTable$LookupListener <init>
INFO: lookup-req H3WGV7IKX35FZNSFJYEZV4VCFQBSAKEL
Mar 16, 2013 12:59:35 PM net.blogracy.controller.DistributedHashTable$LookupListener onMessage
INFO: lookup-ans H3WGV7IKX35FZNSFJYEZV4VCFQBSAKEL GMFJRGOOODDV2INC6OJY2AXVWOZLOMSZ 2013-03-16T08:45:27Z 2013-03-16T12:59:35Z 384
Mar 16, 2013 12:59:35 PM net.blogracy.controller.DistributedHashTable$LookupListener onMessage
INFO: lookup-ans H3WGV7IKX35FZNSFJYEZV4VCFQBSAKEL 6ESLHHXTVUFHMEJBCWMI7Z7SP6RCLKPO 2013-03-16T12:58:39Z 2013-03-16T12:59:35Z 392
Mar 16, 2013 12:59:35 PM net.blogracy.controller.DistributedHashTable$DownloadListener <init>
INFO: download-req H3WGV7IKX35FZNSFJYEZV4VCFQBSAKEL 6ESLHHXTVUFHMEJBCWMI7Z7SP6RCLKPO 2013-03-16T12:58:39Z
Mar 16, 2013 12:59:35 PM net.blogracy.controller.DistributedHashTable$LookupListener onMessage
INFO: lookup-ans H3WGV7IKX35FZNSFJYEZV4VCFQBSAKEL HTJGSE25GJ63UBLNXUQKLQSDIPUZJF6U 2013-03-16T12:53:39Z 2013-03-16T12:59:35Z 539
Mar 16, 2013 12:59:35 PM net.blogracy.controller.DistributedHashTable$DownloadListener <init>
INFO: download-req H3WGV7IKX35FZNSFJYEZV4VCFQBSAKEL HTJGSE25GJ63UBLNXUQKLQSDIPUZJF6U 2013-03-16T12:53:39Z
Mar 16, 2013 12:59:39 PM net.blogracy.controller.DistributedHashTable$DownloadListener onMessage
INFO: download-ans H3WGV7IKX35FZNSFJYEZV4VCFQBSAKEL HTJGSE25GJ63UBLNXUQKLQSDIPUZJF6U 2013-03-16T12:53:39Z 2013-03-16T12:59:39Z 4072  360000 1091
Mar 16, 2013 1:00:02 PM net.blogracy.controller.DistributedHashTable$LookupListener <init>
INFO: lookup-req JZY6QFFDO2J4RQXM6QEFAMCKPOBHYFWR
Mar 16, 2013 1:00:02 PM net.blogracy.controller.DistributedHashTable$LookupListener onMessage
INFO: lookup-ans JZY6QFFDO2J4RQXM6QEFAMCKPOBHYFWR EKKTYD6DISZMDFMLFXQKFG3UF5OOO57G 2013-03-16T12:54:04Z 2013-03-16T13:00:02Z 547
Mar 16, 2013 1:00:29 PM net.blogracy.controller.DistributedHashTable$LookupListener <init>
INFO: lookup-req IIFTPYF2OOSC7OUXFHS6JFLCSWAADAGJ
Mar 16, 2013 1:00:29 PM net.blogracy.controller.DistributedHashTable$LookupListener onMessage
INFO: lookup-ans IIFTPYF2OOSC7OUXFHS6JFLCSWAADAGJ 65ZUSJNPT7YUS7DIHJXD2Q3OAVDMEPS7 2013-03-16T12:55:49Z 2013-03-16T13:00:29Z 535
Mar 16, 2013 1:00:29 PM net.blogracy.controller.DistributedHashTable$DownloadListener <init>
INFO: download-req IIFTPYF2OOSC7OUXFHS6JFLCSWAADAGJ 65ZUSJNPT7YUS7DIHJXD2Q3OAVDMEPS7 2013-03-16T12:55:49Z
Mar 16, 2013 1:00:32 PM net.blogracy.controller.DistributedHashTable$DownloadListener onMessage
INFO: download-ans IIFTPYF2OOSC7OUXFHS6JFLCSWAADAGJ 65ZUSJNPT7YUS7DIHJXD2Q3OAVDMEPS7 2013-03-16T12:55:49Z 2013-03-16T13:00:32Z 2150  283000 1091
Mar 16, 2013 1:00:39 PM net.blogracy.controller.DistributedHashTable$DownloadListener onMessage
INFO: download-ans H3WGV7IKX35FZNSFJYEZV4VCFQBSAKEL 6ESLHHXTVUFHMEJBCWMI7Z7SP6RCLKPO 2013-03-16T12:58:39Z 2013-03-16T13:00:39Z 64594  120000 1361
Mar 16, 2013 1:00:56 PM net.blogracy.controller.DistributedHashTable$LookupListener <init>
INFO: lookup-req REHV2GKZR6BI6E66667LFTNPF42XF5QG
Mar 16, 2013 1:00:56 PM net.blogracy.controller.DistributedHashTable$LookupListener onMessage
INFO: lookup-ans REHV2GKZR6BI6E66667LFTNPF42XF5QG TURZJMTMS2WXJSWRQXB3ZR4AESTKVTRP 2013-03-16T12:57:25Z 2013-03-16T13:00:56Z 297
Mar 16, 2013 1:00:56 PM net.blogracy.controller.DistributedHashTable$DownloadListener <init>
INFO: download-req REHV2GKZR6BI6E66667LFTNPF42XF5QG TURZJMTMS2WXJSWRQXB3ZR4AESTKVTRP 2013-03-16T12:57:25Z
Mar 16, 2013 1:00:59 PM net.blogracy.controller.DistributedHashTable$DownloadListener onMessage
INFO: download-ans REHV2GKZR6BI6E66667LFTNPF42XF5QG TURZJMTMS2WXJSWRQXB3ZR4AESTKVTRP 2013-03-16T12:57:25Z 2013-03-16T13:00:59Z 2487  214000 1091
Mar 16, 2013 1:01:23 PM net.blogracy.controller.DistributedHashTable$LookupListener <init>
INFO: lookup-req GRRVNWRRA5YPOTR2NJTQK3RXPMJXGKYD
Mar 16, 2013 1:01:24 PM net.blogracy.controller.DistributedHashTable$LookupListener onMessage
INFO: lookup-ans GRRVNWRRA5YPOTR2NJTQK3RXPMJXGKYD B37QGCMVYVOJXEAHQMUEMFWV7ISVVI4Y 2013-03-16T13:01:05Z 2013-03-16T13:01:24Z 197
Mar 16, 2013 1:01:24 PM net.blogracy.controller.DistributedHashTable$DownloadListener <init>
INFO: download-req GRRVNWRRA5YPOTR2NJTQK3RXPMJXGKYD B37QGCMVYVOJXEAHQMUEMFWV7ISVVI4Y 2013-03-16T13:01:05Z
Mar 16, 2013 1:01:24 PM net.blogracy.controller.DistributedHashTable$LookupListener onMessage
INFO: lookup-ans GRRVNWRRA5YPOTR2NJTQK3RXPMJXGKYD EK6FVP4VMGNY64OC3R4XP4Y355MV7GL3 2013-03-16T07:12:34Z 2013-03-16T13:01:24Z 236
Mar 16, 2013 1:01:24 PM net.blogracy.controller.DistributedHashTable$LookupListener onMessage
INFO: lookup-ans GRRVNWRRA5YPOTR2NJTQK3RXPMJXGKYD N2XSHXTDPK7NMLMRJHM43RT2OYZP4SJI 2013-03-16T08:47:59Z 2013-03-16T13:01:24Z 242
Mar 16, 2013 1:01:28 PM net.blogracy.controller.DistributedHashTable$DownloadListener onMessage
INFO: download-ans GRRVNWRRA5YPOTR2NJTQK3RXPMJXGKYD B37QGCMVYVOJXEAHQMUEMFWV7ISVVI4Y 2013-03-16T13:01:05Z 2013-03-16T13:01:28Z 4203  23000 1361
Mar 16, 2013 1:01:36 PM net.blogracy.controller.DistributedHashTable$LookupListener onMessage
INFO: lookup-ans GRRVNWRRA5YPOTR2NJTQK3RXPMJXGKYD Z44I3UIP7BP7RYUFEGSHKY46BWP34TNN 2013-03-16T12:56:05Z 2013-03-16T13:01:36Z 12756
Mar 16, 2013 1:01:51 PM net.blogracy.controller.DistributedHashTable$LookupListener <init>
INFO: lookup-req HPQLSAFOTHT5XCF6AXRN65UWQXL75VUB
Mar 16, 2013 1:02:18 PM net.blogracy.controller.DistributedHashTable$LookupListener <init>
INFO: lookup-req OL65LQYSH3BAO6TGPHZIFC72WVGFD6PR
Mar 16, 2013 1:02:19 PM net.blogracy.controller.DistributedHashTable$LookupListener onMessage
INFO: lookup-ans OL65LQYSH3BAO6TGPHZIFC72WVGFD6PR 7GYRXTKOGIANBZDQ6E7ROQ43EZTLKLMN 2013-03-16T12:56:43Z 2013-03-16T13:02:19Z 293
Mar 16, 2013 1:02:19 PM net.blogracy.controller.DistributedHashTable$DownloadListener <init>
INFO: download-req OL65LQYSH3BAO6TGPHZIFC72WVGFD6PR 7GYRXTKOGIANBZDQ6E7ROQ43EZTLKLMN 2013-03-16T12:56:43Z
Mar 16, 2013 1:02:25 PM net.blogracy.controller.DistributedHashTable$DownloadListener onMessage
INFO: download-ans OL65LQYSH3BAO6TGPHZIFC72WVGFD6PR 7GYRXTKOGIANBZDQ6E7ROQ43EZTLKLMN 2013-03-16T12:56:43Z 2013-03-16T13:02:25Z 6049  342000 1091
Mar 16, 2013 1:02:46 PM net.blogracy.controller.DistributedHashTable$LookupListener <init>
INFO: lookup-req 734RO6HILBSFN7TZMLELFXELO3NKEQPG
Mar 16, 2013 1:02:46 PM net.blogracy.controller.DistributedHashTable$LookupListener onMessage
INFO: lookup-ans 734RO6HILBSFN7TZMLELFXELO3NKEQPG C2ZACL56SSWD26O7IBWW7SUAWH2YYYGK 2013-03-16T12:59:13Z 2013-03-16T13:02:46Z 349
Mar 16, 2013 1:02:46 PM net.blogracy.controller.DistributedHashTable$DownloadListener <init>
INFO: download-req 734RO6HILBSFN7TZMLELFXELO3NKEQPG C2ZACL56SSWD26O7IBWW7SUAWH2YYYGK 2013-03-16T12:59:13Z
Mar 16, 2013 1:02:49 PM net.blogracy.controller.DistributedHashTable$DownloadListener onMessage
INFO: download-ans 734RO6HILBSFN7TZMLELFXELO3NKEQPG C2ZACL56SSWD26O7IBWW7SUAWH2YYYGK 2013-03-16T12:59:13Z 2013-03-16T13:02:49Z 3221  216000 1361
Mar 16, 2013 1:03:13 PM net.blogracy.controller.DistributedHashTable$LookupListener <init>
INFO: lookup-req O2LNUOSQV6AMEJPEGJG7OVPK2XZQV3ZE
Mar 16, 2013 1:03:13 PM net.blogracy.controller.DistributedHashTable$LookupListener onMessage
INFO: lookup-ans O2LNUOSQV6AMEJPEGJG7OVPK2XZQV3ZE QUZBYT5YJG7KLLPC2XN2IFORTUYYYU55 2013-03-16T12:53:59Z 2013-03-16T13:03:13Z 523
Mar 16, 2013 1:03:14 PM net.blogracy.controller.DistributedHashTable$LookupListener onMessage
INFO: lookup-ans O2LNUOSQV6AMEJPEGJG7OVPK2XZQV3ZE PBGHS7D7DMRZ6EXSCVZ6TI67NXMEZWWL 2013-03-16T12:58:59Z 2013-03-16T13:03:14Z 605
Mar 16, 2013 1:03:14 PM net.blogracy.controller.DistributedHashTable$DownloadListener <init>
INFO: download-req O2LNUOSQV6AMEJPEGJG7OVPK2XZQV3ZE PBGHS7D7DMRZ6EXSCVZ6TI67NXMEZWWL 2013-03-16T12:58:59Z
Mar 16, 2013 1:03:30 PM net.blogracy.controller.DistributedHashTable$DownloadListener onMessage
INFO: download-ans O2LNUOSQV6AMEJPEGJG7OVPK2XZQV3ZE PBGHS7D7DMRZ6EXSCVZ6TI67NXMEZWWL 2013-03-16T12:58:59Z 2013-03-16T13:03:30Z 16359  271000 1361
Mar 16, 2013 1:03:40 PM net.blogracy.controller.DistributedHashTable$LookupListener <init>
INFO: lookup-req RPVEPPTQV6G357V6OCZ4RSFBRAFAP3HM
Mar 16, 2013 1:04:08 PM net.blogracy.controller.DistributedHashTable$LookupListener <init>
INFO: lookup-req 3B73BAT64GOB5DR7NXD7IRSR4Z7GIK4E
Mar 16, 2013 1:04:08 PM net.blogracy.controller.DistributedHashTable$LookupListener onMessage
INFO: lookup-ans 3B73BAT64GOB5DR7NXD7IRSR4Z7GIK4E KWK52YX3XWPNOTXG6OOAHXG4BE7EAQS6 2013-03-16T12:43:32Z 2013-03-16T13:04:08Z 133
Mar 16, 2013 1:04:35 PM net.blogracy.controller.DistributedHashTable$LookupListener <init>
INFO: lookup-req H3WGV7IKX35FZNSFJYEZV4VCFQBSAKEL
Mar 16, 2013 1:04:35 PM net.blogracy.controller.DistributedHashTable$LookupListener onMessage
INFO: lookup-ans H3WGV7IKX35FZNSFJYEZV4VCFQBSAKEL HTJGSE25GJ63UBLNXUQKLQSDIPUZJF6U 2013-03-16T12:53:39Z 2013-03-16T13:04:35Z 418
Mar 16, 2013 1:04:35 PM net.blogracy.controller.DistributedHashTable$LookupListener onMessage
INFO: lookup-ans H3WGV7IKX35FZNSFJYEZV4VCFQBSAKEL 6ESLHHXTVUFHMEJBCWMI7Z7SP6RCLKPO 2013-03-16T12:58:39Z 2013-03-16T13:04:35Z 428
Mar 16, 2013 1:04:35 PM net.blogracy.controller.DistributedHashTable$LookupListener onMessage
INFO: lookup-ans H3WGV7IKX35FZNSFJYEZV4VCFQBSAKEL GMFJRGOOODDV2INC6OJY2AXVWOZLOMSZ 2013-03-16T08:45:27Z 2013-03-16T13:04:35Z 431
Mar 16, 2013 1:05:02 PM net.blogracy.controller.DistributedHashTable$LookupListener <init>
INFO: lookup-req JZY6QFFDO2J4RQXM6QEFAMCKPOBHYFWR
Mar 16, 2013 1:05:03 PM net.blogracy.controller.DistributedHashTable$LookupListener onMessage
INFO: lookup-ans JZY6QFFDO2J4RQXM6QEFAMCKPOBHYFWR OMLFIXNEJKBFCJ4OKJ4IPJMWF2ZGU5IX 2013-03-16T12:59:05Z 2013-03-16T13:05:03Z 412
Mar 16, 2013 1:05:03 PM net.blogracy.controller.DistributedHashTable$DownloadListener <init>
INFO: download-req JZY6QFFDO2J4RQXM6QEFAMCKPOBHYFWR OMLFIXNEJKBFCJ4OKJ4IPJMWF2ZGU5IX 2013-03-16T12:59:05Z
Mar 16, 2013 1:05:03 PM net.blogracy.controller.DistributedHashTable$LookupListener onMessage
INFO: lookup-ans JZY6QFFDO2J4RQXM6QEFAMCKPOBHYFWR EKKTYD6DISZMDFMLFXQKFG3UF5OOO57G 2013-03-16T12:54:04Z 2013-03-16T13:05:03Z 671
Mar 16, 2013 1:05:05 PM net.blogracy.controller.DistributedHashTable$DownloadListener onMessage
INFO: download-ans JZY6QFFDO2J4RQXM6QEFAMCKPOBHYFWR OMLFIXNEJKBFCJ4OKJ4IPJMWF2ZGU5IX 2013-03-16T12:59:05Z 2013-03-16T13:05:05Z 2932  360000 1361
Mar 16, 2013 1:05:29 PM net.blogracy.controller.DistributedHashTable$LookupListener <init>
INFO: lookup-req IIFTPYF2OOSC7OUXFHS6JFLCSWAADAGJ
Mar 16, 2013 1:05:30 PM net.blogracy.controller.DistributedHashTable$LookupListener onMessage
INFO: lookup-ans IIFTPYF2OOSC7OUXFHS6JFLCSWAADAGJ WYDLOE3ZKV5AFJDWVCWDHGS2GJFOFV7S 2013-03-16T13:00:50Z 2013-03-16T13:05:30Z 491
Mar 16, 2013 1:05:30 PM net.blogracy.controller.DistributedHashTable$DownloadListener <init>
INFO: download-req IIFTPYF2OOSC7OUXFHS6JFLCSWAADAGJ WYDLOE3ZKV5AFJDWVCWDHGS2GJFOFV7S 2013-03-16T13:00:50Z
Mar 16, 2013 1:05:34 PM net.blogracy.controller.DistributedHashTable$DownloadListener onMessage
INFO: download-ans IIFTPYF2OOSC7OUXFHS6JFLCSWAADAGJ WYDLOE3ZKV5AFJDWVCWDHGS2GJFOFV7S 2013-03-16T13:00:50Z 2013-03-16T13:05:34Z 4453  284000 1361
Mar 16, 2013 1:05:57 PM net.blogracy.controller.DistributedHashTable$LookupListener <init>
INFO: lookup-req REHV2GKZR6BI6E66667LFTNPF42XF5QG
Mar 16, 2013 1:05:57 PM net.blogracy.controller.DistributedHashTable$LookupListener onMessage
INFO: lookup-ans REHV2GKZR6BI6E66667LFTNPF42XF5QG MCANBF7JPRBGYAJ4OE7P43RMVT6POPEM 2013-03-16T13:02:26Z 2013-03-16T13:05:57Z 330
Mar 16, 2013 1:05:57 PM net.blogracy.controller.DistributedHashTable$DownloadListener <init>
INFO: download-req REHV2GKZR6BI6E66667LFTNPF42XF5QG MCANBF7JPRBGYAJ4OE7P43RMVT6POPEM 2013-03-16T13:02:26Z
Mar 16, 2013 1:05:59 PM net.blogracy.controller.DistributedHashTable$DownloadListener onMessage
INFO: download-ans REHV2GKZR6BI6E66667LFTNPF42XF5QG MCANBF7JPRBGYAJ4OE7P43RMVT6POPEM 2013-03-16T13:02:26Z 2013-03-16T13:05:59Z 2128  213000 1361
Mar 16, 2013 1:06:24 PM net.blogracy.controller.DistributedHashTable$LookupListener <init>
INFO: lookup-req GRRVNWRRA5YPOTR2NJTQK3RXPMJXGKYD
Mar 16, 2013 1:06:24 PM net.blogracy.controller.DistributedHashTable$LookupListener onMessage
INFO: lookup-ans GRRVNWRRA5YPOTR2NJTQK3RXPMJXGKYD N2XSHXTDPK7NMLMRJHM43RT2OYZP4SJI 2013-03-16T08:47:59Z 2013-03-16T13:06:24Z 170
Mar 16, 2013 1:06:24 PM net.blogracy.controller.DistributedHashTable$LookupListener onMessage
INFO: lookup-ans GRRVNWRRA5YPOTR2NJTQK3RXPMJXGKYD EK6FVP4VMGNY64OC3R4XP4Y355MV7GL3 2013-03-16T07:12:34Z 2013-03-16T13:06:24Z 178
Mar 16, 2013 1:06:24 PM net.blogracy.controller.DistributedHashTable$LookupListener onMessage
INFO: lookup-ans GRRVNWRRA5YPOTR2NJTQK3RXPMJXGKYD AP3TWOFWAUPWSONBIMLOCLGAPCJMKGME 2013-03-16T13:06:06Z 2013-03-16T13:06:24Z 189
Mar 16, 2013 1:06:24 PM net.blogracy.controller.DistributedHashTable$DownloadListener <init>
INFO: download-req GRRVNWRRA5YPOTR2NJTQK3RXPMJXGKYD AP3TWOFWAUPWSONBIMLOCLGAPCJMKGME 2013-03-16T13:06:06Z
Mar 16, 2013 1:06:25 PM net.blogracy.controller.DistributedHashTable$LookupListener onMessage
INFO: lookup-ans GRRVNWRRA5YPOTR2NJTQK3RXPMJXGKYD JZKEFME7WRH7IPRWBUN2FIHAUHOAPPSR 2013-03-16T07:10:34Z 2013-03-16T13:06:25Z 577
Mar 16, 2013 1:06:25 PM net.blogracy.controller.DistributedHashTable$LookupListener onMessage
INFO: lookup-ans GRRVNWRRA5YPOTR2NJTQK3RXPMJXGKYD Z2TMUNZGMMVDRK5O56CYGQ3W3LDJTG73 2013-03-16T08:39:59Z 2013-03-16T13:06:25Z 582
Mar 16, 2013 1:06:27 PM net.blogracy.controller.DistributedHashTable$DownloadListener onMessage
INFO: download-ans GRRVNWRRA5YPOTR2NJTQK3RXPMJXGKYD AP3TWOFWAUPWSONBIMLOCLGAPCJMKGME 2013-03-16T13:06:06Z 2013-03-16T13:06:27Z 2466  21000 1631
Mar 16, 2013 1:06:51 PM net.blogracy.controller.DistributedHashTable$LookupListener <init>
INFO: lookup-req HPQLSAFOTHT5XCF6AXRN65UWQXL75VUB
Mar 16, 2013 1:07:19 PM net.blogracy.controller.DistributedHashTable$LookupListener <init>
INFO: lookup-req OL65LQYSH3BAO6TGPHZIFC72WVGFD6PR
Mar 16, 2013 1:07:19 PM net.blogracy.controller.DistributedHashTable$LookupListener onMessage
INFO: lookup-ans OL65LQYSH3BAO6TGPHZIFC72WVGFD6PR KLVEV7NKNYHFZSVBAILR3AVLRRY7MGEP 2013-03-16T13:01:43Z 2013-03-16T13:07:19Z 292
Mar 16, 2013 1:07:19 PM net.blogracy.controller.DistributedHashTable$DownloadListener <init>
INFO: download-req OL65LQYSH3BAO6TGPHZIFC72WVGFD6PR KLVEV7NKNYHFZSVBAILR3AVLRRY7MGEP 2013-03-16T13:01:43Z
Mar 16, 2013 1:07:23 PM net.blogracy.controller.DistributedHashTable$DownloadListener onMessage
INFO: download-ans OL65LQYSH3BAO6TGPHZIFC72WVGFD6PR KLVEV7NKNYHFZSVBAILR3AVLRRY7MGEP 2013-03-16T13:01:43Z 2013-03-16T13:07:23Z 3940  340000 1361
Mar 16, 2013 1:07:46 PM net.blogracy.controller.DistributedHashTable$LookupListener <init>
INFO: lookup-req 734RO6HILBSFN7TZMLELFXELO3NKEQPG
Mar 16, 2013 1:07:47 PM net.blogracy.controller.DistributedHashTable$LookupListener onMessage
INFO: lookup-ans 734RO6HILBSFN7TZMLELFXELO3NKEQPG 25CEZFYB22MMMSXYA7ID7CJUKAFHNWWW 2013-03-16T13:04:14Z 2013-03-16T13:07:47Z 269
Mar 16, 2013 1:07:47 PM net.blogracy.controller.DistributedHashTable$DownloadListener <init>
INFO: download-req 734RO6HILBSFN7TZMLELFXELO3NKEQPG 25CEZFYB22MMMSXYA7ID7CJUKAFHNWWW 2013-03-16T13:04:14Z
Mar 16, 2013 1:07:53 PM net.blogracy.controller.DistributedHashTable$DownloadListener onMessage
INFO: download-ans 734RO6HILBSFN7TZMLELFXELO3NKEQPG 25CEZFYB22MMMSXYA7ID7CJUKAFHNWWW 2013-03-16T13:04:14Z 2013-03-16T13:07:53Z 5883  219000 1631
Mar 16, 2013 1:08:14 PM net.blogracy.controller.DistributedHashTable$LookupListener <init>
INFO: lookup-req O2LNUOSQV6AMEJPEGJG7OVPK2XZQV3ZE
Mar 16, 2013 1:08:14 PM net.blogracy.controller.DistributedHashTable$LookupListener onMessage
INFO: lookup-ans O2LNUOSQV6AMEJPEGJG7OVPK2XZQV3ZE VYJAO4TNRAZKXFQABL5METAHRAGRZOWE 2013-03-16T13:04:00Z 2013-03-16T13:08:14Z 348
Mar 16, 2013 1:08:14 PM net.blogracy.controller.DistributedHashTable$DownloadListener <init>
INFO: download-req O2LNUOSQV6AMEJPEGJG7OVPK2XZQV3ZE VYJAO4TNRAZKXFQABL5METAHRAGRZOWE 2013-03-16T13:04:00Z
Mar 16, 2013 1:08:18 PM net.blogracy.controller.DistributedHashTable$DownloadListener onMessage
INFO: download-ans O2LNUOSQV6AMEJPEGJG7OVPK2XZQV3ZE VYJAO4TNRAZKXFQABL5METAHRAGRZOWE 2013-03-16T13:04:00Z 2013-03-16T13:08:18Z 4124  258000 1631
Mar 16, 2013 1:08:41 PM net.blogracy.controller.DistributedHashTable$LookupListener <init>
INFO: lookup-req RPVEPPTQV6G357V6OCZ4RSFBRAFAP3HM
Mar 16, 2013 1:09:08 PM net.blogracy.controller.DistributedHashTable$LookupListener <init>
INFO: lookup-req 3B73BAT64GOB5DR7NXD7IRSR4Z7GIK4E
Mar 16, 2013 1:09:08 PM net.blogracy.controller.DistributedHashTable$LookupListener onMessage
INFO: lookup-ans 3B73BAT64GOB5DR7NXD7IRSR4Z7GIK4E KWK52YX3XWPNOTXG6OOAHXG4BE7EAQS6 2013-03-16T12:43:32Z 2013-03-16T13:09:08Z 154
Mar 16, 2013 1:09:36 PM net.blogracy.controller.DistributedHashTable$LookupListener <init>
INFO: lookup-req H3WGV7IKX35FZNSFJYEZV4VCFQBSAKEL
Mar 16, 2013 1:09:36 PM net.blogracy.controller.DistributedHashTable$LookupListener onMessage
INFO: lookup-ans H3WGV7IKX35FZNSFJYEZV4VCFQBSAKEL I4OVH2FGOCRLKMACVT3VI6USHH7LYD32 2013-03-16T13:03:40Z 2013-03-16T13:09:36Z 383
Mar 16, 2013 1:09:36 PM net.blogracy.controller.DistributedHashTable$DownloadListener <init>
INFO: download-req H3WGV7IKX35FZNSFJYEZV4VCFQBSAKEL I4OVH2FGOCRLKMACVT3VI6USHH7LYD32 2013-03-16T13:03:40Z
Mar 16, 2013 1:09:36 PM net.blogracy.controller.DistributedHashTable$LookupListener onMessage
INFO: lookup-ans H3WGV7IKX35FZNSFJYEZV4VCFQBSAKEL GMFJRGOOODDV2INC6OJY2AXVWOZLOMSZ 2013-03-16T08:45:27Z 2013-03-16T13:09:36Z 435
Mar 16, 2013 1:09:39 PM net.blogracy.controller.DistributedHashTable$DownloadListener onMessage
INFO: download-ans H3WGV7IKX35FZNSFJYEZV4VCFQBSAKEL I4OVH2FGOCRLKMACVT3VI6USHH7LYD32 2013-03-16T13:03:40Z 2013-03-16T13:09:39Z 3281  359000 1631
Mar 16, 2013 1:10:03 PM net.blogracy.controller.DistributedHashTable$LookupListener <init>
INFO: lookup-req JZY6QFFDO2J4RQXM6QEFAMCKPOBHYFWR
