Mar 16, 2013 12:43:32 PM net.blogracy.controller.DistributedHashTable$LookupListener <init>
INFO: lookup-req OL65LQYSH3BAO6TGPHZIFC72WVGFD6PR
Mar 16, 2013 12:43:33 PM net.blogracy.controller.DistributedHashTable$LookupListener onMessage
INFO: lookup-ans OL65LQYSH3BAO6TGPHZIFC72WVGFD6PR D5L6TOXH7RK7NER76GKYWSC2BXJJX3YC 2013-03-16T12:41:42Z 2013-03-16T12:43:33Z 965
Mar 16, 2013 12:43:33 PM net.blogracy.controller.DistributedHashTable$DownloadListener <init>
INFO: download-req OL65LQYSH3BAO6TGPHZIFC72WVGFD6PR D5L6TOXH7RK7NER76GKYWSC2BXJJX3YC 2013-03-16T12:41:42Z
Mar 16, 2013 12:43:40 PM net.blogracy.controller.DistributedHashTable$DownloadListener onMessage
INFO: download-ans OL65LQYSH3BAO6TGPHZIFC72WVGFD6PR D5L6TOXH7RK7NER76GKYWSC2BXJJX3YC 2013-03-16T12:41:42Z 2013-03-16T12:43:40Z 6629  118000 281
Mar 16, 2013 12:44:00 PM net.blogracy.controller.DistributedHashTable$LookupListener <init>
INFO: lookup-req 734RO6HILBSFN7TZMLELFXELO3NKEQPG
Mar 16, 2013 12:44:00 PM net.blogracy.controller.DistributedHashTable$LookupListener onMessage
INFO: lookup-ans 734RO6HILBSFN7TZMLELFXELO3NKEQPG 6BV7OFSFQQW44YSJHTNGTPVS5G6GYD63 2013-03-16T12:39:06Z 2013-03-16T12:44:00Z 514
Mar 16, 2013 12:44:00 PM net.blogracy.controller.DistributedHashTable$DownloadListener <init>
INFO: download-req 734RO6HILBSFN7TZMLELFXELO3NKEQPG 6BV7OFSFQQW44YSJHTNGTPVS5G6GYD63 2013-03-16T12:39:06Z
Mar 16, 2013 12:44:09 PM net.blogracy.controller.DistributedHashTable$DownloadListener onMessage
INFO: download-ans 734RO6HILBSFN7TZMLELFXELO3NKEQPG 6BV7OFSFQQW44YSJHTNGTPVS5G6GYD63 2013-03-16T12:39:06Z 2013-03-16T12:44:09Z 8186  303000 281
Mar 16, 2013 12:44:27 PM net.blogracy.controller.DistributedHashTable$LookupListener <init>
INFO: lookup-req O2LNUOSQV6AMEJPEGJG7OVPK2XZQV3ZE
Mar 16, 2013 12:44:28 PM net.blogracy.controller.DistributedHashTable$LookupListener onMessage
INFO: lookup-ans O2LNUOSQV6AMEJPEGJG7OVPK2XZQV3ZE M44FCC4H62ZWD2XBJJBHDFJIWYYACBGP 2013-03-16T12:38:58Z 2013-03-16T12:44:28Z 596
Mar 16, 2013 12:44:28 PM net.blogracy.controller.DistributedHashTable$DownloadListener <init>
INFO: download-req O2LNUOSQV6AMEJPEGJG7OVPK2XZQV3ZE M44FCC4H62ZWD2XBJJBHDFJIWYYACBGP 2013-03-16T12:38:58Z
Mar 16, 2013 12:44:34 PM net.blogracy.controller.DistributedHashTable$DownloadListener onMessage
INFO: download-ans O2LNUOSQV6AMEJPEGJG7OVPK2XZQV3ZE M44FCC4H62ZWD2XBJJBHDFJIWYYACBGP 2013-03-16T12:38:58Z 2013-03-16T12:44:34Z 5706  336000 281
Mar 16, 2013 12:44:55 PM net.blogracy.controller.DistributedHashTable$LookupListener <init>
INFO: lookup-req RPVEPPTQV6G357V6OCZ4RSFBRAFAP3HM
Mar 16, 2013 12:45:22 PM net.blogracy.controller.DistributedHashTable$LookupListener <init>
INFO: lookup-req QF57FG6NEFT7PHOEIFHV734DS7DAMSD2
Mar 16, 2013 12:45:23 PM net.blogracy.controller.DistributedHashTable$LookupListener onMessage
INFO: lookup-ans QF57FG6NEFT7PHOEIFHV734DS7DAMSD2 OTDE4B5JCPFI4JLMI7BPAU636DG6NBJL 2013-03-16T12:42:14Z 2013-03-16T12:45:23Z 790
Mar 16, 2013 12:45:23 PM net.blogracy.controller.DistributedHashTable$DownloadListener <init>
INFO: download-req QF57FG6NEFT7PHOEIFHV734DS7DAMSD2 OTDE4B5JCPFI4JLMI7BPAU636DG6NBJL 2013-03-16T12:42:14Z
Mar 16, 2013 12:45:30 PM net.blogracy.controller.DistributedHashTable$DownloadListener onMessage
INFO: download-ans QF57FG6NEFT7PHOEIFHV734DS7DAMSD2 OTDE4B5JCPFI4JLMI7BPAU636DG6NBJL 2013-03-16T12:42:14Z 2013-03-16T12:45:30Z 6959  196000 281
Mar 16, 2013 12:45:49 PM net.blogracy.controller.DistributedHashTable$LookupListener <init>
INFO: lookup-req H3WGV7IKX35FZNSFJYEZV4VCFQBSAKEL
Mar 16, 2013 12:45:50 PM net.blogracy.controller.DistributedHashTable$LookupListener onMessage
INFO: lookup-ans H3WGV7IKX35FZNSFJYEZV4VCFQBSAKEL MSO4VCJRASIEB4JNIUFSZTLG5CGI7MJ2 2013-03-16T12:43:39Z 2013-03-16T12:45:50Z 564
Mar 16, 2013 12:45:50 PM net.blogracy.controller.DistributedHashTable$DownloadListener <init>
INFO: download-req H3WGV7IKX35FZNSFJYEZV4VCFQBSAKEL MSO4VCJRASIEB4JNIUFSZTLG5CGI7MJ2 2013-03-16T12:43:39Z
Mar 16, 2013 12:45:50 PM net.blogracy.controller.DistributedHashTable$LookupListener onMessage
INFO: lookup-ans H3WGV7IKX35FZNSFJYEZV4VCFQBSAKEL GMFJRGOOODDV2INC6OJY2AXVWOZLOMSZ 2013-03-16T08:45:27Z 2013-03-16T12:45:50Z 588
Mar 16, 2013 12:45:50 PM net.blogracy.controller.DistributedHashTable$DownloadListener <init>
INFO: download-req H3WGV7IKX35FZNSFJYEZV4VCFQBSAKEL GMFJRGOOODDV2INC6OJY2AXVWOZLOMSZ 2013-03-16T08:45:27Z
Mar 16, 2013 12:45:57 PM net.blogracy.controller.DistributedHashTable$DownloadListener onMessage
INFO: download-ans H3WGV7IKX35FZNSFJYEZV4VCFQBSAKEL MSO4VCJRASIEB4JNIUFSZTLG5CGI7MJ2 2013-03-16T12:43:39Z 2013-03-16T12:45:57Z 6902  138000 551
Mar 16, 2013 12:46:16 PM net.blogracy.controller.DistributedHashTable$LookupListener <init>
INFO: lookup-req JZY6QFFDO2J4RQXM6QEFAMCKPOBHYFWR
Mar 16, 2013 12:46:17 PM net.blogracy.controller.DistributedHashTable$LookupListener onMessage
INFO: lookup-ans JZY6QFFDO2J4RQXM6QEFAMCKPOBHYFWR FQCSK64CVW67M3M6MDJEGH5CKFZJWDF4 2013-03-16T12:44:04Z 2013-03-16T12:46:17Z 405
Mar 16, 2013 12:46:17 PM net.blogracy.controller.DistributedHashTable$DownloadListener <init>
INFO: download-req JZY6QFFDO2J4RQXM6QEFAMCKPOBHYFWR FQCSK64CVW67M3M6MDJEGH5CKFZJWDF4 2013-03-16T12:44:04Z
Mar 16, 2013 12:46:19 PM net.blogracy.controller.DistributedHashTable$LookupListener onMessage
INFO: lookup-ans JZY6QFFDO2J4RQXM6QEFAMCKPOBHYFWR GYSSPZJMGWITREPXIAU66CRZHRT64FC3 2013-03-16T12:39:03Z 2013-03-16T12:46:19Z 2154
Mar 16, 2013 12:46:19 PM net.blogracy.controller.DistributedHashTable$DownloadListener <init>
INFO: download-req JZY6QFFDO2J4RQXM6QEFAMCKPOBHYFWR GYSSPZJMGWITREPXIAU66CRZHRT64FC3 2013-03-16T12:39:03Z
