Mar 15, 2013 1:45:09 PM net.blogracy.controller.DistributedHashTable$LookupListener <init>
INFO: lookup-req OL65LQYSH3BAO6TGPHZIFC72WVGFD6PR
Mar 15, 2013 1:45:36 PM net.blogracy.controller.DistributedHashTable$LookupListener <init>
INFO: lookup-req 734RO6HILBSFN7TZMLELFXELO3NKEQPG
Mar 15, 2013 1:46:03 PM net.blogracy.controller.DistributedHashTable$LookupListener <init>
INFO: lookup-req O2LNUOSQV6AMEJPEGJG7OVPK2XZQV3ZE
Mar 15, 2013 1:46:31 PM net.blogracy.controller.DistributedHashTable$LookupListener <init>
INFO: lookup-req RPVEPPTQV6G357V6OCZ4RSFBRAFAP3HM
Mar 15, 2013 1:46:58 PM net.blogracy.controller.DistributedHashTable$LookupListener <init>
INFO: lookup-req 3B73BAT64GOB5DR7NXD7IRSR4Z7GIK4E
Mar 15, 2013 1:47:25 PM net.blogracy.controller.DistributedHashTable$LookupListener <init>
INFO: lookup-req QF57FG6NEFT7PHOEIFHV734DS7DAMSD2
Mar 15, 2013 1:47:53 PM net.blogracy.controller.DistributedHashTable$LookupListener <init>
INFO: lookup-req H3WGV7IKX35FZNSFJYEZV4VCFQBSAKEL
Mar 15, 2013 1:48:20 PM net.blogracy.controller.DistributedHashTable$LookupListener <init>
INFO: lookup-req JZY6QFFDO2J4RQXM6QEFAMCKPOBHYFWR
Mar 15, 2013 1:48:47 PM net.blogracy.controller.DistributedHashTable$LookupListener <init>
INFO: lookup-req IIFTPYF2OOSC7OUXFHS6JFLCSWAADAGJ
Mar 15, 2013 1:48:59 PM net.blogracy.controller.DistributedHashTable$LookupListener onMessage
INFO: lookup-ans JZY6QFFDO2J4RQXM6QEFAMCKPOBHYFWR 2013-03-15T13:47:29Z 2013-03-15T13:48:59Z 39367
Mar 15, 2013 1:48:59 PM net.blogracy.controller.DistributedHashTable$DownloadListener <init>
INFO: download-req JZY6QFFDO2J4RQXM6QEFAMCKPOBHYFWR 2013-03-15T13:47:29Z
Mar 15, 2013 1:49:00 PM net.blogracy.controller.DistributedHashTable$LookupListener onMessage
INFO: lookup-ans O2LNUOSQV6AMEJPEGJG7OVPK2XZQV3ZE 2013-03-15T10:54:33Z 2013-03-15T13:49:00Z 176379
Mar 15, 2013 1:49:00 PM net.blogracy.controller.DistributedHashTable$DownloadListener <init>
INFO: download-req O2LNUOSQV6AMEJPEGJG7OVPK2XZQV3ZE 2013-03-15T10:54:33Z
Mar 15, 2013 1:49:00 PM net.blogracy.controller.DistributedHashTable$LookupListener onMessage
INFO: lookup-ans O2LNUOSQV6AMEJPEGJG7OVPK2XZQV3ZE 2013-03-15T13:47:14Z 2013-03-15T13:49:00Z 176405
Mar 15, 2013 1:49:00 PM net.blogracy.controller.DistributedHashTable$DownloadListener <init>
INFO: download-req O2LNUOSQV6AMEJPEGJG7OVPK2XZQV3ZE 2013-03-15T13:47:14Z
Mar 15, 2013 1:49:00 PM net.blogracy.controller.DistributedHashTable$LookupListener onMessage
INFO: lookup-ans 734RO6HILBSFN7TZMLELFXELO3NKEQPG 2013-03-15T13:43:12Z 2013-03-15T13:49:00Z 203843
Mar 15, 2013 1:49:00 PM net.blogracy.controller.DistributedHashTable$DownloadListener <init>
INFO: download-req 734RO6HILBSFN7TZMLELFXELO3NKEQPG 2013-03-15T13:43:12Z
Mar 15, 2013 1:49:00 PM net.blogracy.controller.DistributedHashTable$LookupListener onMessage
INFO: lookup-ans 734RO6HILBSFN7TZMLELFXELO3NKEQPG 2013-03-15T10:53:42Z 2013-03-15T13:49:00Z 203863
Mar 15, 2013 1:49:00 PM net.blogracy.controller.DistributedHashTable$DownloadListener <init>
INFO: download-req 734RO6HILBSFN7TZMLELFXELO3NKEQPG 2013-03-15T10:53:42Z
Mar 15, 2013 1:49:00 PM net.blogracy.controller.DistributedHashTable$LookupListener onMessage
INFO: lookup-ans QF57FG6NEFT7PHOEIFHV734DS7DAMSD2 2013-03-15T13:44:36Z 2013-03-15T13:49:00Z 94813
Mar 15, 2013 1:49:00 PM net.blogracy.controller.DistributedHashTable$DownloadListener <init>
INFO: download-req QF57FG6NEFT7PHOEIFHV734DS7DAMSD2 2013-03-15T13:44:36Z
Mar 15, 2013 1:49:00 PM net.blogracy.controller.DistributedHashTable$LookupListener onMessage
INFO: lookup-ans OL65LQYSH3BAO6TGPHZIFC72WVGFD6PR 2013-03-15T13:46:26Z 2013-03-15T13:49:00Z 231455
Mar 15, 2013 1:49:00 PM net.blogracy.controller.DistributedHashTable$DownloadListener <init>
INFO: download-req OL65LQYSH3BAO6TGPHZIFC72WVGFD6PR 2013-03-15T13:46:26Z
Mar 15, 2013 1:49:00 PM net.blogracy.controller.DistributedHashTable$LookupListener onMessage
INFO: lookup-ans OL65LQYSH3BAO6TGPHZIFC72WVGFD6PR 2013-03-15T10:53:19Z 2013-03-15T13:49:00Z 231477
Mar 15, 2013 1:49:00 PM net.blogracy.controller.DistributedHashTable$DownloadListener <init>
INFO: download-req OL65LQYSH3BAO6TGPHZIFC72WVGFD6PR 2013-03-15T10:53:19Z
Mar 15, 2013 1:49:00 PM net.blogracy.controller.DistributedHashTable$LookupListener onMessage
INFO: lookup-ans 734RO6HILBSFN7TZMLELFXELO3NKEQPG 2013-03-15T10:33:40Z 2013-03-15T13:49:00Z 204246
Mar 15, 2013 1:49:00 PM net.blogracy.controller.DistributedHashTable$DownloadListener <init>
INFO: download-req 734RO6HILBSFN7TZMLELFXELO3NKEQPG 2013-03-15T10:33:40Z
Mar 15, 2013 1:49:00 PM net.blogracy.controller.DistributedHashTable$LookupListener onMessage
INFO: lookup-ans H3WGV7IKX35FZNSFJYEZV4VCFQBSAKEL 2013-03-15T13:43:20Z 2013-03-15T13:49:00Z 67809
Mar 15, 2013 1:49:00 PM net.blogracy.controller.DistributedHashTable$DownloadListener <init>
INFO: download-req H3WGV7IKX35FZNSFJYEZV4VCFQBSAKEL 2013-03-15T13:43:20Z
Mar 15, 2013 1:49:01 PM net.blogracy.controller.DistributedHashTable$LookupListener onMessage
INFO: lookup-ans 3B73BAT64GOB5DR7NXD7IRSR4Z7GIK4E 2013-03-15T11:35:24Z 2013-03-15T13:49:01Z 122508
Mar 15, 2013 1:49:01 PM net.blogracy.controller.DistributedHashTable$DownloadListener <init>
INFO: download-req 3B73BAT64GOB5DR7NXD7IRSR4Z7GIK4E 2013-03-15T11:35:24Z
Mar 15, 2013 1:49:01 PM net.blogracy.controller.DistributedHashTable$LookupListener onMessage
INFO: lookup-ans RPVEPPTQV6G357V6OCZ4RSFBRAFAP3HM 2013-03-15T11:24:23Z 2013-03-15T13:49:01Z 149884
Mar 15, 2013 1:49:01 PM net.blogracy.controller.DistributedHashTable$DownloadListener <init>
INFO: download-req RPVEPPTQV6G357V6OCZ4RSFBRAFAP3HM 2013-03-15T11:24:23Z
Mar 15, 2013 1:49:01 PM net.blogracy.controller.DistributedHashTable$LookupListener onMessage
INFO: lookup-ans IIFTPYF2OOSC7OUXFHS6JFLCSWAADAGJ 2013-03-15T13:45:49Z 2013-03-15T13:49:01Z 13748
Mar 15, 2013 1:49:01 PM net.blogracy.controller.DistributedHashTable$DownloadListener <init>
INFO: download-req IIFTPYF2OOSC7OUXFHS6JFLCSWAADAGJ 2013-03-15T13:45:49Z
Mar 15, 2013 1:49:01 PM net.blogracy.controller.DistributedHashTable$LookupListener onMessage
INFO: lookup-ans H3WGV7IKX35FZNSFJYEZV4VCFQBSAKEL 2013-03-15T13:16:41Z 2013-03-15T13:49:01Z 68662
Mar 15, 2013 1:49:01 PM net.blogracy.controller.DistributedHashTable$DownloadListener <init>
INFO: download-req H3WGV7IKX35FZNSFJYEZV4VCFQBSAKEL 2013-03-15T13:16:41Z
Mar 15, 2013 1:49:01 PM net.blogracy.controller.DistributedHashTable$LookupListener onMessage
INFO: lookup-ans OL65LQYSH3BAO6TGPHZIFC72WVGFD6PR 2013-03-15T10:48:19Z 2013-03-15T13:49:01Z 232528
Mar 15, 2013 1:49:01 PM net.blogracy.controller.DistributedHashTable$DownloadListener <init>
INFO: download-req OL65LQYSH3BAO6TGPHZIFC72WVGFD6PR 2013-03-15T10:48:19Z
Mar 15, 2013 1:49:15 PM net.blogracy.controller.DistributedHashTable$LookupListener <init>
INFO: lookup-req REHV2GKZR6BI6E66667LFTNPF42XF5QG
Mar 15, 2013 1:49:20 PM net.blogracy.controller.DistributedHashTable$LookupListener onMessage
INFO: lookup-ans REHV2GKZR6BI6E66667LFTNPF42XF5QG 2013-03-15T13:45:18Z 2013-03-15T13:49:20Z 5007
Mar 15, 2013 1:49:20 PM net.blogracy.controller.DistributedHashTable$DownloadListener <init>
INFO: download-req REHV2GKZR6BI6E66667LFTNPF42XF5QG 2013-03-15T13:45:18Z
Mar 15, 2013 1:49:31 PM net.blogracy.controller.DistributedHashTable$DownloadListener onMessage
INFO: download-ans JZY6QFFDO2J4RQXM6QEFAMCKPOBHYFWR 2013-03-15T13:47:29Z 2013-03-15T13:49:31Z 31860  122000 281
Mar 15, 2013 1:49:42 PM net.blogracy.controller.DistributedHashTable$LookupListener <init>
INFO: lookup-req GRRVNWRRA5YPOTR2NJTQK3RXPMJXGKYD
Mar 15, 2013 1:49:42 PM net.blogracy.controller.DistributedHashTable$LookupListener onMessage
INFO: lookup-ans GRRVNWRRA5YPOTR2NJTQK3RXPMJXGKYD 2013-03-15T13:45:42Z 2013-03-15T13:49:42Z 247
Mar 15, 2013 1:49:42 PM net.blogracy.controller.DistributedHashTable$DownloadListener <init>
INFO: download-req GRRVNWRRA5YPOTR2NJTQK3RXPMJXGKYD 2013-03-15T13:45:42Z
Mar 15, 2013 1:50:09 PM net.blogracy.controller.DistributedHashTable$LookupListener <init>
INFO: lookup-req OL65LQYSH3BAO6TGPHZIFC72WVGFD6PR
Mar 15, 2013 1:50:10 PM net.blogracy.controller.DistributedHashTable$LookupListener onMessage
INFO: lookup-ans OL65LQYSH3BAO6TGPHZIFC72WVGFD6PR 2013-03-15T13:46:26Z 2013-03-15T13:50:10Z 683
Mar 15, 2013 1:50:10 PM net.blogracy.controller.DistributedHashTable$DownloadListener <init>
INFO: download-req OL65LQYSH3BAO6TGPHZIFC72WVGFD6PR 2013-03-15T13:46:26Z
Mar 15, 2013 1:50:10 PM net.blogracy.controller.DistributedHashTable$LookupListener onMessage
INFO: lookup-ans OL65LQYSH3BAO6TGPHZIFC72WVGFD6PR 2013-03-15T10:53:19Z 2013-03-15T13:50:10Z 698
Mar 15, 2013 1:50:10 PM net.blogracy.controller.DistributedHashTable$DownloadListener <init>
INFO: download-req OL65LQYSH3BAO6TGPHZIFC72WVGFD6PR 2013-03-15T10:53:19Z
Mar 15, 2013 1:50:10 PM net.blogracy.controller.DistributedHashTable$LookupListener onMessage
INFO: lookup-ans OL65LQYSH3BAO6TGPHZIFC72WVGFD6PR 2013-03-15T10:28:19Z 2013-03-15T13:50:10Z 1085
Mar 15, 2013 1:50:10 PM net.blogracy.controller.DistributedHashTable$DownloadListener <init>
INFO: download-req OL65LQYSH3BAO6TGPHZIFC72WVGFD6PR 2013-03-15T10:28:19Z
Mar 15, 2013 1:50:10 PM net.blogracy.controller.DistributedHashTable$LookupListener onMessage
INFO: lookup-ans OL65LQYSH3BAO6TGPHZIFC72WVGFD6PR 2013-03-15T10:48:19Z 2013-03-15T13:50:10Z 1152
Mar 15, 2013 1:50:10 PM net.blogracy.controller.DistributedHashTable$DownloadListener <init>
INFO: download-req OL65LQYSH3BAO6TGPHZIFC72WVGFD6PR 2013-03-15T10:48:19Z
Mar 15, 2013 1:50:37 PM net.blogracy.controller.DistributedHashTable$LookupListener <init>
INFO: lookup-req 734RO6HILBSFN7TZMLELFXELO3NKEQPG
Mar 15, 2013 1:50:37 PM net.blogracy.controller.DistributedHashTable$LookupListener onMessage
INFO: lookup-ans 734RO6HILBSFN7TZMLELFXELO3NKEQPG 2013-03-15T13:48:14Z 2013-03-15T13:50:37Z 281
Mar 15, 2013 1:50:37 PM net.blogracy.controller.DistributedHashTable$DownloadListener <init>
INFO: download-req 734RO6HILBSFN7TZMLELFXELO3NKEQPG 2013-03-15T13:48:14Z
Mar 15, 2013 1:50:37 PM net.blogracy.controller.DistributedHashTable$LookupListener onMessage
INFO: lookup-ans 734RO6HILBSFN7TZMLELFXELO3NKEQPG 2013-03-15T10:53:42Z 2013-03-15T13:50:37Z 304
Mar 15, 2013 1:50:37 PM net.blogracy.controller.DistributedHashTable$DownloadListener <init>
INFO: download-req 734RO6HILBSFN7TZMLELFXELO3NKEQPG 2013-03-15T10:53:42Z
Mar 15, 2013 1:50:37 PM net.blogracy.controller.DistributedHashTable$LookupListener onMessage
INFO: lookup-ans 734RO6HILBSFN7TZMLELFXELO3NKEQPG 2013-03-15T13:43:12Z 2013-03-15T13:50:37Z 673
Mar 15, 2013 1:50:37 PM net.blogracy.controller.DistributedHashTable$DownloadListener <init>
INFO: download-req 734RO6HILBSFN7TZMLELFXELO3NKEQPG 2013-03-15T13:43:12Z
Mar 15, 2013 1:51:04 PM net.blogracy.controller.DistributedHashTable$LookupListener <init>
INFO: lookup-req O2LNUOSQV6AMEJPEGJG7OVPK2XZQV3ZE
Mar 15, 2013 1:51:04 PM net.blogracy.controller.DistributedHashTable$LookupListener onMessage
INFO: lookup-ans O2LNUOSQV6AMEJPEGJG7OVPK2XZQV3ZE 2013-03-15T13:47:14Z 2013-03-15T13:51:04Z 167
Mar 15, 2013 1:51:04 PM net.blogracy.controller.DistributedHashTable$DownloadListener <init>
INFO: download-req O2LNUOSQV6AMEJPEGJG7OVPK2XZQV3ZE 2013-03-15T13:47:14Z
Mar 15, 2013 1:51:04 PM net.blogracy.controller.DistributedHashTable$LookupListener onMessage
INFO: lookup-ans O2LNUOSQV6AMEJPEGJG7OVPK2XZQV3ZE 2013-03-15T10:54:33Z 2013-03-15T13:51:04Z 182
Mar 15, 2013 1:51:04 PM net.blogracy.controller.DistributedHashTable$DownloadListener <init>
INFO: download-req O2LNUOSQV6AMEJPEGJG7OVPK2XZQV3ZE 2013-03-15T10:54:33Z
Mar 15, 2013 1:51:31 PM net.blogracy.controller.DistributedHashTable$LookupListener <init>
INFO: lookup-req RPVEPPTQV6G357V6OCZ4RSFBRAFAP3HM
Mar 15, 2013 1:51:31 PM net.blogracy.controller.DistributedHashTable$LookupListener onMessage
INFO: lookup-ans RPVEPPTQV6G357V6OCZ4RSFBRAFAP3HM 2013-03-15T11:24:23Z 2013-03-15T13:51:31Z 222
Mar 15, 2013 1:51:31 PM net.blogracy.controller.DistributedHashTable$DownloadListener <init>
INFO: download-req RPVEPPTQV6G357V6OCZ4RSFBRAFAP3HM 2013-03-15T11:24:23Z
Mar 15, 2013 1:51:58 PM net.blogracy.controller.DistributedHashTable$LookupListener <init>
INFO: lookup-req 3B73BAT64GOB5DR7NXD7IRSR4Z7GIK4E
Mar 15, 2013 1:51:59 PM net.blogracy.controller.DistributedHashTable$LookupListener onMessage
INFO: lookup-ans 3B73BAT64GOB5DR7NXD7IRSR4Z7GIK4E 2013-03-15T11:35:24Z 2013-03-15T13:51:59Z 278
Mar 15, 2013 1:51:59 PM net.blogracy.controller.DistributedHashTable$DownloadListener <init>
INFO: download-req 3B73BAT64GOB5DR7NXD7IRSR4Z7GIK4E 2013-03-15T11:35:24Z
Mar 15, 2013 1:52:26 PM net.blogracy.controller.DistributedHashTable$LookupListener <init>
INFO: lookup-req QF57FG6NEFT7PHOEIFHV734DS7DAMSD2
Mar 15, 2013 1:52:26 PM net.blogracy.controller.DistributedHashTable$LookupListener onMessage
INFO: lookup-ans QF57FG6NEFT7PHOEIFHV734DS7DAMSD2 2013-03-15T13:49:37Z 2013-03-15T13:52:26Z 91
Mar 15, 2013 1:52:26 PM net.blogracy.controller.DistributedHashTable$DownloadListener <init>
INFO: download-req QF57FG6NEFT7PHOEIFHV734DS7DAMSD2 2013-03-15T13:49:37Z
