Mar 15, 2013 1:47:15 PM net.blogracy.controller.DistributedHashTable$LookupListener <init>
INFO: lookup-req OL65LQYSH3BAO6TGPHZIFC72WVGFD6PR
Mar 15, 2013 1:47:15 PM net.blogracy.controller.DistributedHashTable$LookupListener onMessage
INFO: lookup-ans OL65LQYSH3BAO6TGPHZIFC72WVGFD6PR 2013-03-15T13:39:20Z 2013-03-15T13:47:15Z 547
Mar 15, 2013 1:47:15 PM net.blogracy.controller.DistributedHashTable$DownloadListener <init>
INFO: download-req OL65LQYSH3BAO6TGPHZIFC72WVGFD6PR 2013-03-15T13:39:20Z
Mar 15, 2013 1:47:15 PM net.blogracy.controller.DistributedHashTable$LookupListener onMessage
INFO: lookup-ans OL65LQYSH3BAO6TGPHZIFC72WVGFD6PR 2013-03-15T10:53:19Z 2013-03-15T13:47:15Z 574
Mar 15, 2013 1:47:15 PM net.blogracy.controller.DistributedHashTable$DownloadListener <init>
INFO: download-req OL65LQYSH3BAO6TGPHZIFC72WVGFD6PR 2013-03-15T10:53:19Z
Mar 15, 2013 1:47:15 PM net.blogracy.controller.DistributedHashTable$LookupListener onMessage
INFO: lookup-ans OL65LQYSH3BAO6TGPHZIFC72WVGFD6PR 2013-03-15T10:28:19Z 2013-03-15T13:47:15Z 685
Mar 15, 2013 1:47:15 PM net.blogracy.controller.DistributedHashTable$DownloadListener <init>
INFO: download-req OL65LQYSH3BAO6TGPHZIFC72WVGFD6PR 2013-03-15T10:28:19Z
Mar 15, 2013 1:47:15 PM net.blogracy.controller.DistributedHashTable$LookupListener onMessage
INFO: lookup-ans OL65LQYSH3BAO6TGPHZIFC72WVGFD6PR 2013-03-15T10:48:19Z 2013-03-15T13:47:15Z 710
Mar 15, 2013 1:47:15 PM net.blogracy.controller.DistributedHashTable$DownloadListener <init>
INFO: download-req OL65LQYSH3BAO6TGPHZIFC72WVGFD6PR 2013-03-15T10:48:19Z
Mar 15, 2013 1:47:42 PM net.blogracy.controller.DistributedHashTable$LookupListener <init>
INFO: lookup-req 734RO6HILBSFN7TZMLELFXELO3NKEQPG
Mar 15, 2013 1:47:42 PM net.blogracy.controller.DistributedHashTable$LookupListener onMessage
INFO: lookup-ans 734RO6HILBSFN7TZMLELFXELO3NKEQPG 2013-03-15T10:53:42Z 2013-03-15T13:47:42Z 290
Mar 15, 2013 1:47:42 PM net.blogracy.controller.DistributedHashTable$DownloadListener <init>
INFO: download-req 734RO6HILBSFN7TZMLELFXELO3NKEQPG 2013-03-15T10:53:42Z
Mar 15, 2013 1:47:42 PM net.blogracy.controller.DistributedHashTable$LookupListener onMessage
INFO: lookup-ans 734RO6HILBSFN7TZMLELFXELO3NKEQPG 2013-03-15T13:36:11Z 2013-03-15T13:47:42Z 310
Mar 15, 2013 1:47:42 PM net.blogracy.controller.DistributedHashTable$DownloadListener <init>
INFO: download-req 734RO6HILBSFN7TZMLELFXELO3NKEQPG 2013-03-15T13:36:11Z
Mar 15, 2013 1:47:42 PM net.blogracy.controller.DistributedHashTable$LookupListener onMessage
INFO: lookup-ans 734RO6HILBSFN7TZMLELFXELO3NKEQPG 2013-03-15T13:43:12Z 2013-03-15T13:47:42Z 647
Mar 15, 2013 1:47:42 PM net.blogracy.controller.DistributedHashTable$DownloadListener <init>
INFO: download-req 734RO6HILBSFN7TZMLELFXELO3NKEQPG 2013-03-15T13:43:12Z
Mar 15, 2013 1:48:09 PM net.blogracy.controller.DistributedHashTable$LookupListener <init>
INFO: lookup-req ZFV32TGQMAYUCBI6TNT6NDNVK3OCV3E4
Mar 15, 2013 1:48:09 PM net.blogracy.controller.DistributedHashTable$LookupListener onMessage
INFO: lookup-ans ZFV32TGQMAYUCBI6TNT6NDNVK3OCV3E4 2013-03-15T13:15:18Z 2013-03-15T13:48:09Z 356
Mar 15, 2013 1:48:09 PM net.blogracy.controller.DistributedHashTable$DownloadListener <init>
INFO: download-req ZFV32TGQMAYUCBI6TNT6NDNVK3OCV3E4 2013-03-15T13:15:18Z
Mar 15, 2013 1:48:10 PM net.blogracy.controller.DistributedHashTable$LookupListener onMessage
INFO: lookup-ans ZFV32TGQMAYUCBI6TNT6NDNVK3OCV3E4 2013-03-15T10:50:22Z 2013-03-15T13:48:10Z 377
Mar 15, 2013 1:48:10 PM net.blogracy.controller.DistributedHashTable$DownloadListener <init>
INFO: download-req ZFV32TGQMAYUCBI6TNT6NDNVK3OCV3E4 2013-03-15T10:50:22Z
Mar 15, 2013 1:48:10 PM net.blogracy.controller.DistributedHashTable$LookupListener onMessage
INFO: lookup-ans ZFV32TGQMAYUCBI6TNT6NDNVK3OCV3E4 2013-03-15T13:40:19Z 2013-03-15T13:48:10Z 591
Mar 15, 2013 1:48:10 PM net.blogracy.controller.DistributedHashTable$DownloadListener <init>
INFO: download-req ZFV32TGQMAYUCBI6TNT6NDNVK3OCV3E4 2013-03-15T13:40:19Z
Mar 15, 2013 1:48:36 PM net.blogracy.controller.DistributedHashTable$LookupListener <init>
INFO: lookup-req RPVEPPTQV6G357V6OCZ4RSFBRAFAP3HM
Mar 15, 2013 1:48:37 PM net.blogracy.controller.DistributedHashTable$LookupListener onMessage
INFO: lookup-ans RPVEPPTQV6G357V6OCZ4RSFBRAFAP3HM 2013-03-15T11:24:23Z 2013-03-15T13:48:37Z 404
Mar 15, 2013 1:48:37 PM net.blogracy.controller.DistributedHashTable$DownloadListener <init>
INFO: download-req RPVEPPTQV6G357V6OCZ4RSFBRAFAP3HM 2013-03-15T11:24:23Z
Mar 15, 2013 1:49:04 PM net.blogracy.controller.DistributedHashTable$LookupListener <init>
INFO: lookup-req 3B73BAT64GOB5DR7NXD7IRSR4Z7GIK4E
Mar 15, 2013 1:49:04 PM net.blogracy.controller.DistributedHashTable$LookupListener onMessage
INFO: lookup-ans 3B73BAT64GOB5DR7NXD7IRSR4Z7GIK4E 2013-03-15T11:35:24Z 2013-03-15T13:49:04Z 485
Mar 15, 2013 1:49:04 PM net.blogracy.controller.DistributedHashTable$DownloadListener <init>
INFO: download-req 3B73BAT64GOB5DR7NXD7IRSR4Z7GIK4E 2013-03-15T11:35:24Z
Mar 15, 2013 1:49:31 PM net.blogracy.controller.DistributedHashTable$LookupListener <init>
INFO: lookup-req QF57FG6NEFT7PHOEIFHV734DS7DAMSD2
Mar 15, 2013 1:49:31 PM net.blogracy.controller.DistributedHashTable$LookupListener onMessage
INFO: lookup-ans QF57FG6NEFT7PHOEIFHV734DS7DAMSD2 2013-03-15T13:44:36Z 2013-03-15T13:49:31Z 220
Mar 15, 2013 1:49:31 PM net.blogracy.controller.DistributedHashTable$DownloadListener <init>
INFO: download-req QF57FG6NEFT7PHOEIFHV734DS7DAMSD2 2013-03-15T13:44:36Z
Mar 15, 2013 1:49:58 PM net.blogracy.controller.DistributedHashTable$LookupListener <init>
INFO: lookup-req H3WGV7IKX35FZNSFJYEZV4VCFQBSAKEL
Mar 15, 2013 1:49:59 PM net.blogracy.controller.DistributedHashTable$LookupListener onMessage
INFO: lookup-ans H3WGV7IKX35FZNSFJYEZV4VCFQBSAKEL 2013-03-15T13:48:21Z 2013-03-15T13:49:59Z 312
Mar 15, 2013 1:49:59 PM net.blogracy.controller.DistributedHashTable$DownloadListener <init>
INFO: download-req H3WGV7IKX35FZNSFJYEZV4VCFQBSAKEL 2013-03-15T13:48:21Z
Mar 15, 2013 1:50:26 PM net.blogracy.controller.DistributedHashTable$LookupListener <init>
INFO: lookup-req JZY6QFFDO2J4RQXM6QEFAMCKPOBHYFWR
Mar 15, 2013 1:50:37 PM net.blogracy.controller.DistributedHashTable$LookupListener onMessage
INFO: lookup-ans JZY6QFFDO2J4RQXM6QEFAMCKPOBHYFWR 2013-03-15T13:47:29Z 2013-03-15T13:50:37Z 11741
Mar 15, 2013 1:50:37 PM net.blogracy.controller.DistributedHashTable$DownloadListener <init>
INFO: download-req JZY6QFFDO2J4RQXM6QEFAMCKPOBHYFWR 2013-03-15T13:47:29Z
Mar 15, 2013 1:50:53 PM net.blogracy.controller.DistributedHashTable$LookupListener <init>
INFO: lookup-req IIFTPYF2OOSC7OUXFHS6JFLCSWAADAGJ
Mar 15, 2013 1:50:55 PM net.blogracy.controller.DistributedHashTable$LookupListener onMessage
INFO: lookup-ans IIFTPYF2OOSC7OUXFHS6JFLCSWAADAGJ 2013-03-15T13:45:49Z 2013-03-15T13:50:55Z 2368
Mar 15, 2013 1:50:55 PM net.blogracy.controller.DistributedHashTable$DownloadListener <init>
INFO: download-req IIFTPYF2OOSC7OUXFHS6JFLCSWAADAGJ 2013-03-15T13:45:49Z
Mar 15, 2013 1:51:20 PM net.blogracy.controller.DistributedHashTable$LookupListener <init>
INFO: lookup-req REHV2GKZR6BI6E66667LFTNPF42XF5QG
Mar 15, 2013 1:51:20 PM net.blogracy.controller.DistributedHashTable$LookupListener onMessage
INFO: lookup-ans REHV2GKZR6BI6E66667LFTNPF42XF5QG 2013-03-15T13:50:19Z 2013-03-15T13:51:20Z 292
Mar 15, 2013 1:51:20 PM net.blogracy.controller.DistributedHashTable$DownloadListener <init>
INFO: download-req REHV2GKZR6BI6E66667LFTNPF42XF5QG 2013-03-15T13:50:19Z
Mar 15, 2013 1:51:47 PM net.blogracy.controller.DistributedHashTable$LookupListener <init>
INFO: lookup-req GRRVNWRRA5YPOTR2NJTQK3RXPMJXGKYD
Mar 15, 2013 1:51:48 PM net.blogracy.controller.DistributedHashTable$LookupListener onMessage
INFO: lookup-ans GRRVNWRRA5YPOTR2NJTQK3RXPMJXGKYD 2013-03-15T13:50:43Z 2013-03-15T13:51:48Z 278
Mar 15, 2013 1:51:48 PM net.blogracy.controller.DistributedHashTable$DownloadListener <init>
INFO: download-req GRRVNWRRA5YPOTR2NJTQK3RXPMJXGKYD 2013-03-15T13:50:43Z
Mar 15, 2013 1:52:15 PM net.blogracy.controller.DistributedHashTable$LookupListener <init>
INFO: lookup-req OL65LQYSH3BAO6TGPHZIFC72WVGFD6PR
Mar 15, 2013 1:52:15 PM net.blogracy.controller.DistributedHashTable$LookupListener onMessage
INFO: lookup-ans OL65LQYSH3BAO6TGPHZIFC72WVGFD6PR 2013-03-15T13:46:26Z 2013-03-15T13:52:15Z 465
Mar 15, 2013 1:52:15 PM net.blogracy.controller.DistributedHashTable$DownloadListener <init>
INFO: download-req OL65LQYSH3BAO6TGPHZIFC72WVGFD6PR 2013-03-15T13:46:26Z
Mar 15, 2013 1:52:15 PM net.blogracy.controller.DistributedHashTable$LookupListener onMessage
INFO: lookup-ans OL65LQYSH3BAO6TGPHZIFC72WVGFD6PR 2013-03-15T10:53:19Z 2013-03-15T13:52:15Z 476
Mar 15, 2013 1:52:15 PM net.blogracy.controller.DistributedHashTable$DownloadListener <init>
INFO: download-req OL65LQYSH3BAO6TGPHZIFC72WVGFD6PR 2013-03-15T10:53:19Z
Mar 15, 2013 1:52:16 PM net.blogracy.controller.DistributedHashTable$LookupListener onMessage
INFO: lookup-ans OL65LQYSH3BAO6TGPHZIFC72WVGFD6PR 2013-03-15T10:28:19Z 2013-03-15T13:52:16Z 728
Mar 15, 2013 1:52:16 PM net.blogracy.controller.DistributedHashTable$DownloadListener <init>
INFO: download-req OL65LQYSH3BAO6TGPHZIFC72WVGFD6PR 2013-03-15T10:28:19Z
Mar 15, 2013 1:52:42 PM net.blogracy.controller.DistributedHashTable$LookupListener <init>
INFO: lookup-req 734RO6HILBSFN7TZMLELFXELO3NKEQPG
Mar 15, 2013 1:52:42 PM net.blogracy.controller.DistributedHashTable$LookupListener onMessage
INFO: lookup-ans 734RO6HILBSFN7TZMLELFXELO3NKEQPG 2013-03-15T10:53:42Z 2013-03-15T13:52:42Z 188
Mar 15, 2013 1:52:42 PM net.blogracy.controller.DistributedHashTable$DownloadListener <init>
INFO: download-req 734RO6HILBSFN7TZMLELFXELO3NKEQPG 2013-03-15T10:53:42Z
Mar 15, 2013 1:52:42 PM net.blogracy.controller.DistributedHashTable$LookupListener onMessage
INFO: lookup-ans 734RO6HILBSFN7TZMLELFXELO3NKEQPG 2013-03-15T13:48:14Z 2013-03-15T13:52:42Z 218
Mar 15, 2013 1:52:42 PM net.blogracy.controller.DistributedHashTable$DownloadListener <init>
INFO: download-req 734RO6HILBSFN7TZMLELFXELO3NKEQPG 2013-03-15T13:48:14Z
Mar 15, 2013 1:52:43 PM net.blogracy.controller.DistributedHashTable$LookupListener onMessage
INFO: lookup-ans 734RO6HILBSFN7TZMLELFXELO3NKEQPG 2013-03-15T13:43:12Z 2013-03-15T13:52:43Z 673
Mar 15, 2013 1:52:43 PM net.blogracy.controller.DistributedHashTable$DownloadListener <init>
INFO: download-req 734RO6HILBSFN7TZMLELFXELO3NKEQPG 2013-03-15T13:43:12Z
