Mar 15, 2013 11:12:53 PM net.blogracy.controller.DistributedHashTable$LookupListener <init>
INFO: lookup-req GRRVNWRRA5YPOTR2NJTQK3RXPMJXGKYD
Mar 15, 2013 11:12:54 PM net.blogracy.controller.DistributedHashTable$LookupListener onMessage
INFO: lookup-ans GRRVNWRRA5YPOTR2NJTQK3RXPMJXGKYD 2013-03-15T22:00:39Z 2013-03-15T23:12:54Z 324
Mar 15, 2013 11:12:54 PM net.blogracy.controller.DistributedHashTable$DownloadListener <init>
INFO: download-req GRRVNWRRA5YPOTR2NJTQK3RXPMJXGKYD 2013-03-15T22:00:39Z
Mar 15, 2013 11:12:54 PM net.blogracy.controller.DistributedHashTable$LookupListener onMessage
INFO: lookup-ans GRRVNWRRA5YPOTR2NJTQK3RXPMJXGKYD 2013-03-15T19:05:30Z 2013-03-15T23:12:54Z 349
Mar 15, 2013 11:12:54 PM net.blogracy.controller.DistributedHashTable$DownloadListener <init>
INFO: download-req GRRVNWRRA5YPOTR2NJTQK3RXPMJXGKYD 2013-03-15T19:05:30Z
Mar 15, 2013 11:13:08 PM net.blogracy.controller.DistributedHashTable$LookupListener onMessage
INFO: lookup-ans GRRVNWRRA5YPOTR2NJTQK3RXPMJXGKYD 2013-03-15T21:58:39Z 2013-03-15T23:13:08Z 14154
Mar 15, 2013 11:13:08 PM net.blogracy.controller.DistributedHashTable$DownloadListener <init>
INFO: download-req GRRVNWRRA5YPOTR2NJTQK3RXPMJXGKYD 2013-03-15T21:58:39Z
Mar 15, 2013 11:13:08 PM net.blogracy.controller.DistributedHashTable$LookupListener onMessage
INFO: lookup-ans GRRVNWRRA5YPOTR2NJTQK3RXPMJXGKYD 2013-03-15T19:10:30Z 2013-03-15T23:13:08Z 14173
Mar 15, 2013 11:13:08 PM net.blogracy.controller.DistributedHashTable$DownloadListener <init>
INFO: download-req GRRVNWRRA5YPOTR2NJTQK3RXPMJXGKYD 2013-03-15T19:10:30Z
Mar 15, 2013 11:13:33 PM net.blogracy.controller.DistributedHashTable$LookupListener <init>
INFO: lookup-req NUHK7LXC3JZZQ6EB2RKPAXMUYX7DF7UI
Mar 15, 2013 11:13:34 PM net.blogracy.controller.DistributedHashTable$LookupListener onMessage
INFO: lookup-ans NUHK7LXC3JZZQ6EB2RKPAXMUYX7DF7UI 2013-03-15T21:57:27Z 2013-03-15T23:13:34Z 445
Mar 15, 2013 11:13:34 PM net.blogracy.controller.DistributedHashTable$DownloadListener <init>
INFO: download-req NUHK7LXC3JZZQ6EB2RKPAXMUYX7DF7UI 2013-03-15T21:57:27Z
Mar 15, 2013 11:13:34 PM net.blogracy.controller.DistributedHashTable$LookupListener onMessage
INFO: lookup-ans NUHK7LXC3JZZQ6EB2RKPAXMUYX7DF7UI 2013-03-15T19:06:15Z 2013-03-15T23:13:34Z 478
Mar 15, 2013 11:13:34 PM net.blogracy.controller.DistributedHashTable$DownloadListener <init>
INFO: download-req NUHK7LXC3JZZQ6EB2RKPAXMUYX7DF7UI 2013-03-15T19:06:15Z
Mar 15, 2013 11:14:13 PM net.blogracy.controller.DistributedHashTable$LookupListener <init>
INFO: lookup-req NZYND2IBFUU2CASIWQ2GFYLCZFN7LPE4
Mar 15, 2013 11:14:14 PM net.blogracy.controller.DistributedHashTable$LookupListener onMessage
INFO: lookup-ans NZYND2IBFUU2CASIWQ2GFYLCZFN7LPE4 2013-03-15T21:58:22Z 2013-03-15T23:14:14Z 772
Mar 15, 2013 11:14:14 PM net.blogracy.controller.DistributedHashTable$DownloadListener <init>
INFO: download-req NZYND2IBFUU2CASIWQ2GFYLCZFN7LPE4 2013-03-15T21:58:22Z
Mar 15, 2013 11:14:14 PM net.blogracy.controller.DistributedHashTable$LookupListener onMessage
INFO: lookup-ans NZYND2IBFUU2CASIWQ2GFYLCZFN7LPE4 2013-03-15T18:43:54Z 2013-03-15T23:14:14Z 799
Mar 15, 2013 11:14:14 PM net.blogracy.controller.DistributedHashTable$DownloadListener <init>
INFO: download-req NZYND2IBFUU2CASIWQ2GFYLCZFN7LPE4 2013-03-15T18:43:54Z
Mar 15, 2013 11:14:54 PM net.blogracy.controller.DistributedHashTable$LookupListener <init>
INFO: lookup-req GRRVNWRRA5YPOTR2NJTQK3RXPMJXGKYD
Mar 15, 2013 11:14:54 PM net.blogracy.controller.DistributedHashTable$LookupListener onMessage
INFO: lookup-ans GRRVNWRRA5YPOTR2NJTQK3RXPMJXGKYD 2013-03-15T21:58:39Z 2013-03-15T23:14:54Z 305
Mar 15, 2013 11:14:54 PM net.blogracy.controller.DistributedHashTable$DownloadListener <init>
INFO: download-req GRRVNWRRA5YPOTR2NJTQK3RXPMJXGKYD 2013-03-15T21:58:39Z
Mar 15, 2013 11:14:54 PM net.blogracy.controller.DistributedHashTable$LookupListener onMessage
INFO: lookup-ans GRRVNWRRA5YPOTR2NJTQK3RXPMJXGKYD 2013-03-15T19:10:30Z 2013-03-15T23:14:54Z 331
Mar 15, 2013 11:14:54 PM net.blogracy.controller.DistributedHashTable$DownloadListener <init>
INFO: download-req GRRVNWRRA5YPOTR2NJTQK3RXPMJXGKYD 2013-03-15T19:10:30Z
Mar 15, 2013 11:14:54 PM net.blogracy.controller.DistributedHashTable$LookupListener onMessage
INFO: lookup-ans GRRVNWRRA5YPOTR2NJTQK3RXPMJXGKYD 2013-03-15T19:05:30Z 2013-03-15T23:14:54Z 362
Mar 15, 2013 11:14:54 PM net.blogracy.controller.DistributedHashTable$DownloadListener <init>
INFO: download-req GRRVNWRRA5YPOTR2NJTQK3RXPMJXGKYD 2013-03-15T19:05:30Z
Mar 15, 2013 11:14:54 PM net.blogracy.controller.DistributedHashTable$LookupListener onMessage
INFO: lookup-ans GRRVNWRRA5YPOTR2NJTQK3RXPMJXGKYD 2013-03-15T23:14:16Z 2013-03-15T23:14:54Z 390
Mar 15, 2013 11:14:54 PM net.blogracy.controller.DistributedHashTable$DownloadListener <init>
INFO: download-req GRRVNWRRA5YPOTR2NJTQK3RXPMJXGKYD 2013-03-15T23:14:16Z
Mar 15, 2013 11:15:34 PM net.blogracy.controller.DistributedHashTable$LookupListener <init>
INFO: lookup-req NUHK7LXC3JZZQ6EB2RKPAXMUYX7DF7UI
Mar 15, 2013 11:15:34 PM net.blogracy.controller.DistributedHashTable$LookupListener onMessage
INFO: lookup-ans NUHK7LXC3JZZQ6EB2RKPAXMUYX7DF7UI 2013-03-15T23:12:08Z 2013-03-15T23:15:34Z 262
Mar 15, 2013 11:15:34 PM net.blogracy.controller.DistributedHashTable$DownloadListener <init>
INFO: download-req NUHK7LXC3JZZQ6EB2RKPAXMUYX7DF7UI 2013-03-15T23:12:08Z
Mar 15, 2013 11:15:34 PM net.blogracy.controller.DistributedHashTable$LookupListener onMessage
INFO: lookup-ans NUHK7LXC3JZZQ6EB2RKPAXMUYX7DF7UI 2013-03-15T21:57:27Z 2013-03-15T23:15:34Z 310
Mar 15, 2013 11:15:34 PM net.blogracy.controller.DistributedHashTable$DownloadListener <init>
INFO: download-req NUHK7LXC3JZZQ6EB2RKPAXMUYX7DF7UI 2013-03-15T21:57:27Z
Mar 15, 2013 11:16:14 PM net.blogracy.controller.DistributedHashTable$LookupListener <init>
INFO: lookup-req NZYND2IBFUU2CASIWQ2GFYLCZFN7LPE4
Mar 15, 2013 11:16:28 PM net.blogracy.controller.DistributedHashTable$LookupListener onMessage
INFO: lookup-ans NZYND2IBFUU2CASIWQ2GFYLCZFN7LPE4 2013-03-15T21:58:22Z 2013-03-15T23:16:28Z 14453
Mar 15, 2013 11:16:28 PM net.blogracy.controller.DistributedHashTable$DownloadListener <init>
INFO: download-req NZYND2IBFUU2CASIWQ2GFYLCZFN7LPE4 2013-03-15T21:58:22Z
Mar 15, 2013 11:16:28 PM net.blogracy.controller.DistributedHashTable$LookupListener onMessage
INFO: lookup-ans NZYND2IBFUU2CASIWQ2GFYLCZFN7LPE4 2013-03-15T23:15:06Z 2013-03-15T23:16:28Z 14473
Mar 15, 2013 11:16:28 PM net.blogracy.controller.DistributedHashTable$DownloadListener <init>
INFO: download-req NZYND2IBFUU2CASIWQ2GFYLCZFN7LPE4 2013-03-15T23:15:06Z
Mar 15, 2013 11:16:28 PM net.blogracy.controller.DistributedHashTable$LookupListener onMessage
INFO: lookup-ans NZYND2IBFUU2CASIWQ2GFYLCZFN7LPE4 2013-03-15T18:43:54Z 2013-03-15T23:16:28Z 14492
Mar 15, 2013 11:16:28 PM net.blogracy.controller.DistributedHashTable$DownloadListener <init>
INFO: download-req NZYND2IBFUU2CASIWQ2GFYLCZFN7LPE4 2013-03-15T18:43:54Z
Mar 15, 2013 11:16:54 PM net.blogracy.controller.DistributedHashTable$LookupListener <init>
INFO: lookup-req GRRVNWRRA5YPOTR2NJTQK3RXPMJXGKYD
Mar 15, 2013 11:16:54 PM net.blogracy.controller.DistributedHashTable$LookupListener onMessage
INFO: lookup-ans GRRVNWRRA5YPOTR2NJTQK3RXPMJXGKYD 2013-03-15T19:05:30Z 2013-03-15T23:16:54Z 171
Mar 15, 2013 11:16:54 PM net.blogracy.controller.DistributedHashTable$DownloadListener <init>
INFO: download-req GRRVNWRRA5YPOTR2NJTQK3RXPMJXGKYD 2013-03-15T19:05:30Z
Mar 15, 2013 11:16:54 PM net.blogracy.controller.DistributedHashTable$LookupListener onMessage
INFO: lookup-ans GRRVNWRRA5YPOTR2NJTQK3RXPMJXGKYD 2013-03-15T23:14:16Z 2013-03-15T23:16:54Z 190
Mar 15, 2013 11:16:54 PM net.blogracy.controller.DistributedHashTable$DownloadListener <init>
INFO: download-req GRRVNWRRA5YPOTR2NJTQK3RXPMJXGKYD 2013-03-15T23:14:16Z
Mar 15, 2013 11:16:54 PM net.blogracy.controller.DistributedHashTable$LookupListener onMessage
INFO: lookup-ans GRRVNWRRA5YPOTR2NJTQK3RXPMJXGKYD 2013-03-15T21:58:39Z 2013-03-15T23:16:54Z 309
Mar 15, 2013 11:16:54 PM net.blogracy.controller.DistributedHashTable$DownloadListener <init>
INFO: download-req GRRVNWRRA5YPOTR2NJTQK3RXPMJXGKYD 2013-03-15T21:58:39Z
Mar 15, 2013 11:16:54 PM net.blogracy.controller.DistributedHashTable$LookupListener onMessage
INFO: lookup-ans GRRVNWRRA5YPOTR2NJTQK3RXPMJXGKYD 2013-03-15T19:10:30Z 2013-03-15T23:16:54Z 325
Mar 15, 2013 11:16:54 PM net.blogracy.controller.DistributedHashTable$DownloadListener <init>
INFO: download-req GRRVNWRRA5YPOTR2NJTQK3RXPMJXGKYD 2013-03-15T19:10:30Z
Mar 15, 2013 11:16:54 PM net.blogracy.controller.DistributedHashTable$LookupListener onMessage
INFO: lookup-ans GRRVNWRRA5YPOTR2NJTQK3RXPMJXGKYD 2013-03-15T23:16:16Z 2013-03-15T23:16:54Z 416
Mar 15, 2013 11:16:54 PM net.blogracy.controller.DistributedHashTable$DownloadListener <init>
INFO: download-req GRRVNWRRA5YPOTR2NJTQK3RXPMJXGKYD 2013-03-15T23:16:16Z
Mar 15, 2013 11:17:34 PM net.blogracy.controller.DistributedHashTable$LookupListener <init>
INFO: lookup-req NUHK7LXC3JZZQ6EB2RKPAXMUYX7DF7UI
Mar 15, 2013 11:17:34 PM net.blogracy.controller.DistributedHashTable$LookupListener onMessage
INFO: lookup-ans NUHK7LXC3JZZQ6EB2RKPAXMUYX7DF7UI 2013-03-15T21:57:27Z 2013-03-15T23:17:34Z 249
Mar 15, 2013 11:17:34 PM net.blogracy.controller.DistributedHashTable$DownloadListener <init>
INFO: download-req NUHK7LXC3JZZQ6EB2RKPAXMUYX7DF7UI 2013-03-15T21:57:27Z
Mar 15, 2013 11:17:34 PM net.blogracy.controller.DistributedHashTable$LookupListener onMessage
INFO: lookup-ans NUHK7LXC3JZZQ6EB2RKPAXMUYX7DF7UI 2013-03-15T23:14:09Z 2013-03-15T23:17:34Z 265
Mar 15, 2013 11:17:34 PM net.blogracy.controller.DistributedHashTable$DownloadListener <init>
INFO: download-req NUHK7LXC3JZZQ6EB2RKPAXMUYX7DF7UI 2013-03-15T23:14:09Z
Mar 15, 2013 11:18:14 PM net.blogracy.controller.DistributedHashTable$LookupListener <init>
INFO: lookup-req NZYND2IBFUU2CASIWQ2GFYLCZFN7LPE4
Mar 15, 2013 11:18:15 PM net.blogracy.controller.DistributedHashTable$LookupListener onMessage
INFO: lookup-ans NZYND2IBFUU2CASIWQ2GFYLCZFN7LPE4 2013-03-15T21:58:22Z 2013-03-15T23:18:15Z 697
Mar 15, 2013 11:18:15 PM net.blogracy.controller.DistributedHashTable$DownloadListener <init>
INFO: download-req NZYND2IBFUU2CASIWQ2GFYLCZFN7LPE4 2013-03-15T21:58:22Z
Mar 15, 2013 11:18:15 PM net.blogracy.controller.DistributedHashTable$LookupListener onMessage
INFO: lookup-ans NZYND2IBFUU2CASIWQ2GFYLCZFN7LPE4 2013-03-15T23:15:06Z 2013-03-15T23:18:15Z 711
Mar 15, 2013 11:18:15 PM net.blogracy.controller.DistributedHashTable$DownloadListener <init>
INFO: download-req NZYND2IBFUU2CASIWQ2GFYLCZFN7LPE4 2013-03-15T23:15:06Z
Mar 15, 2013 11:18:15 PM net.blogracy.controller.DistributedHashTable$LookupListener onMessage
INFO: lookup-ans NZYND2IBFUU2CASIWQ2GFYLCZFN7LPE4 2013-03-15T18:43:54Z 2013-03-15T23:18:15Z 724
Mar 15, 2013 11:18:15 PM net.blogracy.controller.DistributedHashTable$DownloadListener <init>
INFO: download-req NZYND2IBFUU2CASIWQ2GFYLCZFN7LPE4 2013-03-15T18:43:54Z
Mar 15, 2013 11:18:54 PM net.blogracy.controller.DistributedHashTable$LookupListener <init>
INFO: lookup-req GRRVNWRRA5YPOTR2NJTQK3RXPMJXGKYD
Mar 15, 2013 11:18:54 PM net.blogracy.controller.DistributedHashTable$LookupListener onMessage
INFO: lookup-ans GRRVNWRRA5YPOTR2NJTQK3RXPMJXGKYD 2013-03-15T19:05:30Z 2013-03-15T23:18:54Z 224
Mar 15, 2013 11:18:54 PM net.blogracy.controller.DistributedHashTable$DownloadListener <init>
INFO: download-req GRRVNWRRA5YPOTR2NJTQK3RXPMJXGKYD 2013-03-15T19:05:30Z
Mar 15, 2013 11:18:54 PM net.blogracy.controller.DistributedHashTable$LookupListener onMessage
INFO: lookup-ans GRRVNWRRA5YPOTR2NJTQK3RXPMJXGKYD 2013-03-15T23:14:16Z 2013-03-15T23:18:54Z 238
Mar 15, 2013 11:18:54 PM net.blogracy.controller.DistributedHashTable$DownloadListener <init>
INFO: download-req GRRVNWRRA5YPOTR2NJTQK3RXPMJXGKYD 2013-03-15T23:14:16Z
Mar 15, 2013 11:18:54 PM net.blogracy.controller.DistributedHashTable$LookupListener onMessage
INFO: lookup-ans GRRVNWRRA5YPOTR2NJTQK3RXPMJXGKYD 2013-03-15T23:18:16Z 2013-03-15T23:18:54Z 388
Mar 15, 2013 11:18:54 PM net.blogracy.controller.DistributedHashTable$DownloadListener <init>
INFO: download-req GRRVNWRRA5YPOTR2NJTQK3RXPMJXGKYD 2013-03-15T23:18:16Z
Mar 15, 2013 11:18:54 PM net.blogracy.controller.DistributedHashTable$LookupListener onMessage
INFO: lookup-ans GRRVNWRRA5YPOTR2NJTQK3RXPMJXGKYD 2013-03-15T19:10:30Z 2013-03-15T23:18:54Z 405
Mar 15, 2013 11:18:54 PM net.blogracy.controller.DistributedHashTable$DownloadListener <init>
INFO: download-req GRRVNWRRA5YPOTR2NJTQK3RXPMJXGKYD 2013-03-15T19:10:30Z
Mar 15, 2013 11:19:34 PM net.blogracy.controller.DistributedHashTable$LookupListener <init>
INFO: lookup-req NUHK7LXC3JZZQ6EB2RKPAXMUYX7DF7UI
Mar 15, 2013 11:19:34 PM net.blogracy.controller.DistributedHashTable$LookupListener onMessage
INFO: lookup-ans NUHK7LXC3JZZQ6EB2RKPAXMUYX7DF7UI 2013-03-15T21:57:27Z 2013-03-15T23:19:34Z 276
Mar 15, 2013 11:19:34 PM net.blogracy.controller.DistributedHashTable$DownloadListener <init>
INFO: download-req NUHK7LXC3JZZQ6EB2RKPAXMUYX7DF7UI 2013-03-15T21:57:27Z
Mar 15, 2013 11:19:34 PM net.blogracy.controller.DistributedHashTable$LookupListener onMessage
INFO: lookup-ans NUHK7LXC3JZZQ6EB2RKPAXMUYX7DF7UI 2013-03-15T23:16:09Z 2013-03-15T23:19:34Z 291
Mar 15, 2013 11:19:34 PM net.blogracy.controller.DistributedHashTable$DownloadListener <init>
INFO: download-req NUHK7LXC3JZZQ6EB2RKPAXMUYX7DF7UI 2013-03-15T23:16:09Z
Mar 15, 2013 11:19:34 PM net.blogracy.controller.DistributedHashTable$LookupListener onMessage
INFO: lookup-ans NUHK7LXC3JZZQ6EB2RKPAXMUYX7DF7UI 2013-03-15T21:55:27Z 2013-03-15T23:19:34Z 476
Mar 15, 2013 11:19:34 PM net.blogracy.controller.DistributedHashTable$DownloadListener <init>
INFO: download-req NUHK7LXC3JZZQ6EB2RKPAXMUYX7DF7UI 2013-03-15T21:55:27Z
Mar 15, 2013 11:19:34 PM net.blogracy.controller.DistributedHashTable$LookupListener onMessage
INFO: lookup-ans NUHK7LXC3JZZQ6EB2RKPAXMUYX7DF7UI 2013-03-15T19:01:14Z 2013-03-15T23:19:34Z 489
Mar 15, 2013 11:19:34 PM net.blogracy.controller.DistributedHashTable$DownloadListener <init>
INFO: download-req NUHK7LXC3JZZQ6EB2RKPAXMUYX7DF7UI 2013-03-15T19:01:14Z
Mar 15, 2013 11:20:14 PM net.blogracy.controller.DistributedHashTable$LookupListener <init>
INFO: lookup-req NZYND2IBFUU2CASIWQ2GFYLCZFN7LPE4
Mar 15, 2013 11:20:15 PM net.blogracy.controller.DistributedHashTable$LookupListener onMessage
INFO: lookup-ans NZYND2IBFUU2CASIWQ2GFYLCZFN7LPE4 2013-03-15T23:17:07Z 2013-03-15T23:20:15Z 672
Mar 15, 2013 11:20:15 PM net.blogracy.controller.DistributedHashTable$DownloadListener <init>
INFO: download-req NZYND2IBFUU2CASIWQ2GFYLCZFN7LPE4 2013-03-15T23:17:07Z
Mar 15, 2013 11:20:15 PM net.blogracy.controller.DistributedHashTable$LookupListener onMessage
INFO: lookup-ans NZYND2IBFUU2CASIWQ2GFYLCZFN7LPE4 2013-03-15T21:58:22Z 2013-03-15T23:20:15Z 686
Mar 15, 2013 11:20:15 PM net.blogracy.controller.DistributedHashTable$DownloadListener <init>
INFO: download-req NZYND2IBFUU2CASIWQ2GFYLCZFN7LPE4 2013-03-15T21:58:22Z
Mar 15, 2013 11:20:15 PM net.blogracy.controller.DistributedHashTable$LookupListener onMessage
INFO: lookup-ans NZYND2IBFUU2CASIWQ2GFYLCZFN7LPE4 2013-03-15T18:43:54Z 2013-03-15T23:20:15Z 699
Mar 15, 2013 11:20:15 PM net.blogracy.controller.DistributedHashTable$DownloadListener <init>
INFO: download-req NZYND2IBFUU2CASIWQ2GFYLCZFN7LPE4 2013-03-15T18:43:54Z
Mar 15, 2013 11:20:54 PM net.blogracy.controller.DistributedHashTable$LookupListener <init>
INFO: lookup-req GRRVNWRRA5YPOTR2NJTQK3RXPMJXGKYD
Mar 15, 2013 11:20:54 PM net.blogracy.controller.DistributedHashTable$LookupListener onMessage
INFO: lookup-ans GRRVNWRRA5YPOTR2NJTQK3RXPMJXGKYD 2013-03-15T19:05:30Z 2013-03-15T23:20:54Z 246
Mar 15, 2013 11:20:54 PM net.blogracy.controller.DistributedHashTable$DownloadListener <init>
INFO: download-req GRRVNWRRA5YPOTR2NJTQK3RXPMJXGKYD 2013-03-15T19:05:30Z
Mar 15, 2013 11:20:54 PM net.blogracy.controller.DistributedHashTable$LookupListener onMessage
INFO: lookup-ans GRRVNWRRA5YPOTR2NJTQK3RXPMJXGKYD 2013-03-15T23:14:16Z 2013-03-15T23:20:54Z 261
Mar 15, 2013 11:20:54 PM net.blogracy.controller.DistributedHashTable$DownloadListener <init>
INFO: download-req GRRVNWRRA5YPOTR2NJTQK3RXPMJXGKYD 2013-03-15T23:14:16Z
Mar 15, 2013 11:20:55 PM net.blogracy.controller.DistributedHashTable$LookupListener onMessage
INFO: lookup-ans GRRVNWRRA5YPOTR2NJTQK3RXPMJXGKYD 2013-03-15T23:20:16Z 2013-03-15T23:20:55Z 363
Mar 15, 2013 11:20:55 PM net.blogracy.controller.DistributedHashTable$DownloadListener <init>
INFO: download-req GRRVNWRRA5YPOTR2NJTQK3RXPMJXGKYD 2013-03-15T23:20:16Z
Mar 15, 2013 11:20:55 PM net.blogracy.controller.DistributedHashTable$LookupListener onMessage
INFO: lookup-ans GRRVNWRRA5YPOTR2NJTQK3RXPMJXGKYD 2013-03-15T19:10:30Z 2013-03-15T23:20:55Z 377
Mar 15, 2013 11:20:55 PM net.blogracy.controller.DistributedHashTable$DownloadListener <init>
INFO: download-req GRRVNWRRA5YPOTR2NJTQK3RXPMJXGKYD 2013-03-15T19:10:30Z
Mar 15, 2013 11:20:55 PM net.blogracy.controller.DistributedHashTable$LookupListener onMessage
INFO: lookup-ans GRRVNWRRA5YPOTR2NJTQK3RXPMJXGKYD 2013-03-15T23:18:16Z 2013-03-15T23:20:55Z 393
Mar 15, 2013 11:20:55 PM net.blogracy.controller.DistributedHashTable$DownloadListener <init>
INFO: download-req GRRVNWRRA5YPOTR2NJTQK3RXPMJXGKYD 2013-03-15T23:18:16Z
Mar 15, 2013 11:21:34 PM net.blogracy.controller.DistributedHashTable$LookupListener <init>
INFO: lookup-req NUHK7LXC3JZZQ6EB2RKPAXMUYX7DF7UI
Mar 15, 2013 11:21:34 PM net.blogracy.controller.DistributedHashTable$LookupListener onMessage
INFO: lookup-ans NUHK7LXC3JZZQ6EB2RKPAXMUYX7DF7UI 2013-03-15T21:57:27Z 2013-03-15T23:21:34Z 269
Mar 15, 2013 11:21:34 PM net.blogracy.controller.DistributedHashTable$DownloadListener <init>
INFO: download-req NUHK7LXC3JZZQ6EB2RKPAXMUYX7DF7UI 2013-03-15T21:57:27Z
Mar 15, 2013 11:21:34 PM net.blogracy.controller.DistributedHashTable$LookupListener onMessage
INFO: lookup-ans NUHK7LXC3JZZQ6EB2RKPAXMUYX7DF7UI 2013-03-15T23:18:09Z 2013-03-15T23:21:34Z 286
Mar 15, 2013 11:21:34 PM net.blogracy.controller.DistributedHashTable$DownloadListener <init>
INFO: download-req NUHK7LXC3JZZQ6EB2RKPAXMUYX7DF7UI 2013-03-15T23:18:09Z
Mar 15, 2013 11:22:14 PM net.blogracy.controller.DistributedHashTable$LookupListener <init>
INFO: lookup-req NZYND2IBFUU2CASIWQ2GFYLCZFN7LPE4
Mar 15, 2013 11:22:15 PM net.blogracy.controller.DistributedHashTable$LookupListener onMessage
INFO: lookup-ans NZYND2IBFUU2CASIWQ2GFYLCZFN7LPE4 2013-03-15T23:19:07Z 2013-03-15T23:22:15Z 640
Mar 15, 2013 11:22:15 PM net.blogracy.controller.DistributedHashTable$DownloadListener <init>
INFO: download-req NZYND2IBFUU2CASIWQ2GFYLCZFN7LPE4 2013-03-15T23:19:07Z
Mar 15, 2013 11:22:15 PM net.blogracy.controller.DistributedHashTable$LookupListener onMessage
INFO: lookup-ans NZYND2IBFUU2CASIWQ2GFYLCZFN7LPE4 2013-03-15T21:58:22Z 2013-03-15T23:22:15Z 656
Mar 15, 2013 11:22:15 PM net.blogracy.controller.DistributedHashTable$DownloadListener <init>
INFO: download-req NZYND2IBFUU2CASIWQ2GFYLCZFN7LPE4 2013-03-15T21:58:22Z
Mar 15, 2013 11:22:15 PM net.blogracy.controller.DistributedHashTable$LookupListener onMessage
INFO: lookup-ans NZYND2IBFUU2CASIWQ2GFYLCZFN7LPE4 2013-03-15T18:43:54Z 2013-03-15T23:22:15Z 670
Mar 15, 2013 11:22:15 PM net.blogracy.controller.DistributedHashTable$DownloadListener <init>
INFO: download-req NZYND2IBFUU2CASIWQ2GFYLCZFN7LPE4 2013-03-15T18:43:54Z
Mar 15, 2013 11:22:54 PM net.blogracy.controller.DistributedHashTable$LookupListener <init>
INFO: lookup-req GRRVNWRRA5YPOTR2NJTQK3RXPMJXGKYD
Mar 15, 2013 11:22:54 PM net.blogracy.controller.DistributedHashTable$LookupListener onMessage
INFO: lookup-ans GRRVNWRRA5YPOTR2NJTQK3RXPMJXGKYD 2013-03-15T19:05:30Z 2013-03-15T23:22:54Z 161
Mar 15, 2013 11:22:54 PM net.blogracy.controller.DistributedHashTable$DownloadListener <init>
INFO: download-req GRRVNWRRA5YPOTR2NJTQK3RXPMJXGKYD 2013-03-15T19:05:30Z
Mar 15, 2013 11:22:54 PM net.blogracy.controller.DistributedHashTable$LookupListener onMessage
INFO: lookup-ans GRRVNWRRA5YPOTR2NJTQK3RXPMJXGKYD 2013-03-15T23:22:16Z 2013-03-15T23:22:54Z 173
Mar 15, 2013 11:22:54 PM net.blogracy.controller.DistributedHashTable$DownloadListener <init>
INFO: download-req GRRVNWRRA5YPOTR2NJTQK3RXPMJXGKYD 2013-03-15T23:22:16Z
Mar 15, 2013 11:22:55 PM net.blogracy.controller.DistributedHashTable$LookupListener onMessage
INFO: lookup-ans GRRVNWRRA5YPOTR2NJTQK3RXPMJXGKYD 2013-03-15T19:10:30Z 2013-03-15T23:22:55Z 316
Mar 15, 2013 11:22:55 PM net.blogracy.controller.DistributedHashTable$DownloadListener <init>
INFO: download-req GRRVNWRRA5YPOTR2NJTQK3RXPMJXGKYD 2013-03-15T19:10:30Z
Mar 15, 2013 11:23:34 PM net.blogracy.controller.DistributedHashTable$LookupListener <init>
INFO: lookup-req NUHK7LXC3JZZQ6EB2RKPAXMUYX7DF7UI
Mar 15, 2013 11:23:35 PM net.blogracy.controller.DistributedHashTable$LookupListener onMessage
INFO: lookup-ans NUHK7LXC3JZZQ6EB2RKPAXMUYX7DF7UI 2013-03-15T23:20:10Z 2013-03-15T23:23:35Z 269
Mar 15, 2013 11:23:35 PM net.blogracy.controller.DistributedHashTable$DownloadListener <init>
INFO: download-req NUHK7LXC3JZZQ6EB2RKPAXMUYX7DF7UI 2013-03-15T23:20:10Z
Mar 15, 2013 11:23:35 PM net.blogracy.controller.DistributedHashTable$LookupListener onMessage
INFO: lookup-ans NUHK7LXC3JZZQ6EB2RKPAXMUYX7DF7UI 2013-03-15T21:57:27Z 2013-03-15T23:23:35Z 282
Mar 15, 2013 11:23:35 PM net.blogracy.controller.DistributedHashTable$DownloadListener <init>
INFO: download-req NUHK7LXC3JZZQ6EB2RKPAXMUYX7DF7UI 2013-03-15T21:57:27Z
Mar 15, 2013 11:24:14 PM net.blogracy.controller.DistributedHashTable$LookupListener <init>
INFO: lookup-req NZYND2IBFUU2CASIWQ2GFYLCZFN7LPE4
Mar 15, 2013 11:24:40 PM net.blogracy.controller.DistributedHashTable$LookupListener onMessage
INFO: lookup-ans NZYND2IBFUU2CASIWQ2GFYLCZFN7LPE4 2013-03-15T21:58:22Z 2013-03-15T23:24:40Z 25287
Mar 15, 2013 11:24:40 PM net.blogracy.controller.DistributedHashTable$DownloadListener <init>
INFO: download-req NZYND2IBFUU2CASIWQ2GFYLCZFN7LPE4 2013-03-15T21:58:22Z
Mar 15, 2013 11:24:40 PM net.blogracy.controller.DistributedHashTable$LookupListener onMessage
INFO: lookup-ans NZYND2IBFUU2CASIWQ2GFYLCZFN7LPE4 2013-03-15T23:23:07Z 2013-03-15T23:24:40Z 25303
Mar 15, 2013 11:24:40 PM net.blogracy.controller.DistributedHashTable$DownloadListener <init>
INFO: download-req NZYND2IBFUU2CASIWQ2GFYLCZFN7LPE4 2013-03-15T23:23:07Z
Mar 15, 2013 11:24:40 PM net.blogracy.controller.DistributedHashTable$LookupListener onMessage
INFO: lookup-ans NZYND2IBFUU2CASIWQ2GFYLCZFN7LPE4 2013-03-15T18:43:54Z 2013-03-15T23:24:40Z 25315
Mar 15, 2013 11:24:40 PM net.blogracy.controller.DistributedHashTable$DownloadListener <init>
INFO: download-req NZYND2IBFUU2CASIWQ2GFYLCZFN7LPE4 2013-03-15T18:43:54Z
Mar 15, 2013 11:24:54 PM net.blogracy.controller.DistributedHashTable$LookupListener <init>
INFO: lookup-req GRRVNWRRA5YPOTR2NJTQK3RXPMJXGKYD
Mar 15, 2013 11:24:55 PM net.blogracy.controller.DistributedHashTable$LookupListener onMessage
INFO: lookup-ans GRRVNWRRA5YPOTR2NJTQK3RXPMJXGKYD 2013-03-15T19:05:30Z 2013-03-15T23:24:55Z 161
Mar 15, 2013 11:24:55 PM net.blogracy.controller.DistributedHashTable$DownloadListener <init>
INFO: download-req GRRVNWRRA5YPOTR2NJTQK3RXPMJXGKYD 2013-03-15T19:05:30Z
Mar 15, 2013 11:24:55 PM net.blogracy.controller.DistributedHashTable$LookupListener onMessage
INFO: lookup-ans GRRVNWRRA5YPOTR2NJTQK3RXPMJXGKYD 2013-03-15T23:24:16Z 2013-03-15T23:24:55Z 174
Mar 15, 2013 11:24:55 PM net.blogracy.controller.DistributedHashTable$DownloadListener <init>
INFO: download-req GRRVNWRRA5YPOTR2NJTQK3RXPMJXGKYD 2013-03-15T23:24:16Z
Mar 15, 2013 11:24:55 PM net.blogracy.controller.DistributedHashTable$LookupListener onMessage
INFO: lookup-ans GRRVNWRRA5YPOTR2NJTQK3RXPMJXGKYD 2013-03-15T19:10:30Z 2013-03-15T23:24:55Z 298
Mar 15, 2013 11:24:55 PM net.blogracy.controller.DistributedHashTable$DownloadListener <init>
INFO: download-req GRRVNWRRA5YPOTR2NJTQK3RXPMJXGKYD 2013-03-15T19:10:30Z
Mar 15, 2013 11:25:34 PM net.blogracy.controller.DistributedHashTable$LookupListener <init>
INFO: lookup-req NUHK7LXC3JZZQ6EB2RKPAXMUYX7DF7UI
Mar 15, 2013 11:25:35 PM net.blogracy.controller.DistributedHashTable$LookupListener onMessage
INFO: lookup-ans NUHK7LXC3JZZQ6EB2RKPAXMUYX7DF7UI 2013-03-15T23:22:10Z 2013-03-15T23:25:35Z 290
Mar 15, 2013 11:25:35 PM net.blogracy.controller.DistributedHashTable$DownloadListener <init>
INFO: download-req NUHK7LXC3JZZQ6EB2RKPAXMUYX7DF7UI 2013-03-15T23:22:10Z
Mar 15, 2013 11:25:35 PM net.blogracy.controller.DistributedHashTable$LookupListener onMessage
INFO: lookup-ans NUHK7LXC3JZZQ6EB2RKPAXMUYX7DF7UI 2013-03-15T21:57:27Z 2013-03-15T23:25:35Z 306
Mar 15, 2013 11:25:35 PM net.blogracy.controller.DistributedHashTable$DownloadListener <init>
INFO: download-req NUHK7LXC3JZZQ6EB2RKPAXMUYX7DF7UI 2013-03-15T21:57:27Z
Mar 15, 2013 11:26:14 PM net.blogracy.controller.DistributedHashTable$LookupListener <init>
INFO: lookup-req NZYND2IBFUU2CASIWQ2GFYLCZFN7LPE4
Mar 15, 2013 11:26:25 PM net.blogracy.controller.DistributedHashTable$LookupListener onMessage
INFO: lookup-ans NZYND2IBFUU2CASIWQ2GFYLCZFN7LPE4 2013-03-15T21:58:22Z 2013-03-15T23:26:25Z 10338
Mar 15, 2013 11:26:25 PM net.blogracy.controller.DistributedHashTable$DownloadListener <init>
INFO: download-req NZYND2IBFUU2CASIWQ2GFYLCZFN7LPE4 2013-03-15T21:58:22Z
Mar 15, 2013 11:26:25 PM net.blogracy.controller.DistributedHashTable$LookupListener onMessage
INFO: lookup-ans NZYND2IBFUU2CASIWQ2GFYLCZFN7LPE4 2013-03-15T23:25:08Z 2013-03-15T23:26:25Z 10356
Mar 15, 2013 11:26:25 PM net.blogracy.controller.DistributedHashTable$DownloadListener <init>
INFO: download-req NZYND2IBFUU2CASIWQ2GFYLCZFN7LPE4 2013-03-15T23:25:08Z
Mar 15, 2013 11:26:25 PM net.blogracy.controller.DistributedHashTable$LookupListener onMessage
INFO: lookup-ans NZYND2IBFUU2CASIWQ2GFYLCZFN7LPE4 2013-03-15T18:43:54Z 2013-03-15T23:26:25Z 10368
Mar 15, 2013 11:26:25 PM net.blogracy.controller.DistributedHashTable$DownloadListener <init>
INFO: download-req NZYND2IBFUU2CASIWQ2GFYLCZFN7LPE4 2013-03-15T18:43:54Z
Mar 15, 2013 11:26:55 PM net.blogracy.controller.DistributedHashTable$LookupListener <init>
INFO: lookup-req GRRVNWRRA5YPOTR2NJTQK3RXPMJXGKYD
Mar 15, 2013 11:26:55 PM net.blogracy.controller.DistributedHashTable$LookupListener onMessage
INFO: lookup-ans GRRVNWRRA5YPOTR2NJTQK3RXPMJXGKYD 2013-03-15T19:05:30Z 2013-03-15T23:26:55Z 213
Mar 15, 2013 11:26:55 PM net.blogracy.controller.DistributedHashTable$DownloadListener <init>
INFO: download-req GRRVNWRRA5YPOTR2NJTQK3RXPMJXGKYD 2013-03-15T19:05:30Z
Mar 15, 2013 11:26:55 PM net.blogracy.controller.DistributedHashTable$LookupListener onMessage
INFO: lookup-ans GRRVNWRRA5YPOTR2NJTQK3RXPMJXGKYD 2013-03-15T23:26:17Z 2013-03-15T23:26:55Z 228
Mar 15, 2013 11:26:55 PM net.blogracy.controller.DistributedHashTable$DownloadListener <init>
INFO: download-req GRRVNWRRA5YPOTR2NJTQK3RXPMJXGKYD 2013-03-15T23:26:17Z
Mar 15, 2013 11:26:55 PM net.blogracy.controller.DistributedHashTable$LookupListener onMessage
INFO: lookup-ans GRRVNWRRA5YPOTR2NJTQK3RXPMJXGKYD 2013-03-15T19:10:30Z 2013-03-15T23:26:55Z 363
Mar 15, 2013 11:26:55 PM net.blogracy.controller.DistributedHashTable$DownloadListener <init>
INFO: download-req GRRVNWRRA5YPOTR2NJTQK3RXPMJXGKYD 2013-03-15T19:10:30Z
