Mar 16, 2013 8:39:59 AM net.blogracy.controller.DistributedHashTable$LookupListener <init>
INFO: lookup-req H3WGV7IKX35FZNSFJYEZV4VCFQBSAKEL
Mar 16, 2013 8:39:59 AM net.blogracy.controller.DistributedHashTable$LookupListener onMessage
INFO: lookup-ans H3WGV7IKX35FZNSFJYEZV4VCFQBSAKEL ETHOZXD7CRMH7BT3XBBMZPS35Y5HXSBL 2013-03-16T00:08:40Z 2013-03-16T08:39:59Z 391
Mar 16, 2013 8:39:59 AM net.blogracy.controller.DistributedHashTable$DownloadListener <init>
INFO: download-req H3WGV7IKX35FZNSFJYEZV4VCFQBSAKEL ETHOZXD7CRMH7BT3XBBMZPS35Y5HXSBL 2013-03-16T00:08:40Z
Mar 16, 2013 8:40:39 AM net.blogracy.controller.DistributedHashTable$LookupListener <init>
INFO: lookup-req NUHK7LXC3JZZQ6EB2RKPAXMUYX7DF7UI
Mar 16, 2013 8:40:40 AM net.blogracy.controller.DistributedHashTable$LookupListener onMessage
INFO: lookup-ans NUHK7LXC3JZZQ6EB2RKPAXMUYX7DF7UI FNZDQK2VGESTZDA5ZY3F5RVL7QOPTNPM 2013-03-16T08:37:04Z 2013-03-16T08:40:40Z 634
Mar 16, 2013 8:40:40 AM net.blogracy.controller.DistributedHashTable$DownloadListener <init>
INFO: download-req NUHK7LXC3JZZQ6EB2RKPAXMUYX7DF7UI FNZDQK2VGESTZDA5ZY3F5RVL7QOPTNPM 2013-03-16T08:37:04Z
Mar 16, 2013 8:41:12 AM net.blogracy.controller.DistributedHashTable$DownloadListener onMessage
INFO: download-ans NUHK7LXC3JZZQ6EB2RKPAXMUYX7DF7UI FNZDQK2VGESTZDA5ZY3F5RVL7QOPTNPM 2013-03-16T08:37:04Z 2013-03-16T08:41:12Z 32710  248000 281
Mar 16, 2013 8:41:19 AM net.blogracy.controller.DistributedHashTable$LookupListener <init>
INFO: lookup-req NZYND2IBFUU2CASIWQ2GFYLCZFN7LPE4
Mar 16, 2013 8:41:21 AM net.blogracy.controller.DistributedHashTable$LookupListener onMessage
INFO: lookup-ans NZYND2IBFUU2CASIWQ2GFYLCZFN7LPE4 PL4WI7A3TYGUFMIHHRMQIWQVAGVEXZBD 2013-03-16T08:36:35Z 2013-03-16T08:41:21Z 2347
Mar 16, 2013 8:41:21 AM net.blogracy.controller.DistributedHashTable$DownloadListener <init>
INFO: download-req NZYND2IBFUU2CASIWQ2GFYLCZFN7LPE4 PL4WI7A3TYGUFMIHHRMQIWQVAGVEXZBD 2013-03-16T08:36:35Z
Mar 16, 2013 8:41:25 AM net.blogracy.controller.DistributedHashTable$DownloadListener onMessage
INFO: download-ans NZYND2IBFUU2CASIWQ2GFYLCZFN7LPE4 PL4WI7A3TYGUFMIHHRMQIWQVAGVEXZBD 2013-03-16T08:36:35Z 2013-03-16T08:41:25Z 3786  290000 281
Mar 16, 2013 8:41:59 AM net.blogracy.controller.DistributedHashTable$LookupListener <init>
INFO: lookup-req H3WGV7IKX35FZNSFJYEZV4VCFQBSAKEL
Mar 16, 2013 8:42:00 AM net.blogracy.controller.DistributedHashTable$LookupListener onMessage
INFO: lookup-ans H3WGV7IKX35FZNSFJYEZV4VCFQBSAKEL J264ZJPPB76W5WFW44F5HG2JVPHFYMKD 2013-03-16T08:37:25Z 2013-03-16T08:42:00Z 584
Mar 16, 2013 8:42:00 AM net.blogracy.controller.DistributedHashTable$DownloadListener <init>
INFO: download-req H3WGV7IKX35FZNSFJYEZV4VCFQBSAKEL J264ZJPPB76W5WFW44F5HG2JVPHFYMKD 2013-03-16T08:37:25Z
Mar 16, 2013 8:42:00 AM net.blogracy.controller.DistributedHashTable$LookupListener onMessage
INFO: lookup-ans H3WGV7IKX35FZNSFJYEZV4VCFQBSAKEL ETHOZXD7CRMH7BT3XBBMZPS35Y5HXSBL 2013-03-16T00:08:40Z 2013-03-16T08:42:00Z 601
Mar 16, 2013 8:42:00 AM net.blogracy.controller.DistributedHashTable$DownloadListener <init>
INFO: download-req H3WGV7IKX35FZNSFJYEZV4VCFQBSAKEL ETHOZXD7CRMH7BT3XBBMZPS35Y5HXSBL 2013-03-16T00:08:40Z
Mar 16, 2013 8:42:02 AM net.blogracy.controller.DistributedHashTable$DownloadListener onMessage
INFO: download-ans H3WGV7IKX35FZNSFJYEZV4VCFQBSAKEL J264ZJPPB76W5WFW44F5HG2JVPHFYMKD 2013-03-16T08:37:25Z 2013-03-16T08:42:02Z 2648  277000 281
Mar 16, 2013 8:42:39 AM net.blogracy.controller.DistributedHashTable$LookupListener <init>
INFO: lookup-req NUHK7LXC3JZZQ6EB2RKPAXMUYX7DF7UI
Mar 16, 2013 8:42:39 AM net.blogracy.controller.DistributedHashTable$LookupListener onMessage
INFO: lookup-ans NUHK7LXC3JZZQ6EB2RKPAXMUYX7DF7UI KR6RPQJBSMHT2W63BW3DICFSFICDEVWO 2013-03-16T08:39:05Z 2013-03-16T08:42:39Z 226
Mar 16, 2013 8:42:39 AM net.blogracy.controller.DistributedHashTable$DownloadListener <init>
INFO: download-req NUHK7LXC3JZZQ6EB2RKPAXMUYX7DF7UI KR6RPQJBSMHT2W63BW3DICFSFICDEVWO 2013-03-16T08:39:05Z
Mar 16, 2013 8:42:42 AM net.blogracy.controller.DistributedHashTable$DownloadListener onMessage
INFO: download-ans NUHK7LXC3JZZQ6EB2RKPAXMUYX7DF7UI KR6RPQJBSMHT2W63BW3DICFSFICDEVWO 2013-03-16T08:39:05Z 2013-03-16T08:42:42Z 2549  217000 551
Mar 16, 2013 8:43:19 AM net.blogracy.controller.DistributedHashTable$LookupListener <init>
INFO: lookup-req NZYND2IBFUU2CASIWQ2GFYLCZFN7LPE4
Mar 16, 2013 8:43:30 AM net.blogracy.controller.DistributedHashTable$LookupListener onMessage
INFO: lookup-ans NZYND2IBFUU2CASIWQ2GFYLCZFN7LPE4 TS73RXUK23BWBTCCTMPW4JE4Y2I7OF37 2013-03-16T08:38:36Z 2013-03-16T08:43:30Z 11251
Mar 16, 2013 8:43:30 AM net.blogracy.controller.DistributedHashTable$DownloadListener <init>
INFO: download-req NZYND2IBFUU2CASIWQ2GFYLCZFN7LPE4 TS73RXUK23BWBTCCTMPW4JE4Y2I7OF37 2013-03-16T08:38:36Z
Mar 16, 2013 8:43:32 AM net.blogracy.controller.DistributedHashTable$DownloadListener onMessage
INFO: download-ans NZYND2IBFUU2CASIWQ2GFYLCZFN7LPE4 TS73RXUK23BWBTCCTMPW4JE4Y2I7OF37 2013-03-16T08:38:36Z 2013-03-16T08:43:32Z 1546  296000 551
Mar 16, 2013 8:43:59 AM net.blogracy.controller.DistributedHashTable$LookupListener <init>
INFO: lookup-req H3WGV7IKX35FZNSFJYEZV4VCFQBSAKEL
Mar 16, 2013 8:44:00 AM net.blogracy.controller.DistributedHashTable$LookupListener onMessage
INFO: lookup-ans H3WGV7IKX35FZNSFJYEZV4VCFQBSAKEL PB4A666ZFVXKWYB6EKOUTFIH6W2FPG4C 2013-03-16T08:39:26Z 2013-03-16T08:44:00Z 337
Mar 16, 2013 8:44:00 AM net.blogracy.controller.DistributedHashTable$DownloadListener <init>
INFO: download-req H3WGV7IKX35FZNSFJYEZV4VCFQBSAKEL PB4A666ZFVXKWYB6EKOUTFIH6W2FPG4C 2013-03-16T08:39:26Z
Mar 16, 2013 8:44:00 AM net.blogracy.controller.DistributedHashTable$LookupListener onMessage
INFO: lookup-ans H3WGV7IKX35FZNSFJYEZV4VCFQBSAKEL ETHOZXD7CRMH7BT3XBBMZPS35Y5HXSBL 2013-03-16T00:08:40Z 2013-03-16T08:44:00Z 356
Mar 16, 2013 8:44:02 AM net.blogracy.controller.DistributedHashTable$DownloadListener onMessage
INFO: download-ans H3WGV7IKX35FZNSFJYEZV4VCFQBSAKEL PB4A666ZFVXKWYB6EKOUTFIH6W2FPG4C 2013-03-16T08:39:26Z 2013-03-16T08:44:02Z 2542  276000 551
Mar 16, 2013 8:44:39 AM net.blogracy.controller.DistributedHashTable$LookupListener <init>
INFO: lookup-req NUHK7LXC3JZZQ6EB2RKPAXMUYX7DF7UI
Mar 16, 2013 8:44:39 AM net.blogracy.controller.DistributedHashTable$LookupListener onMessage
INFO: lookup-ans NUHK7LXC3JZZQ6EB2RKPAXMUYX7DF7UI A7E2EIEKEB2STYRJHN4CUTE6LWPQWENZ 2013-03-16T08:41:05Z 2013-03-16T08:44:39Z 221
Mar 16, 2013 8:44:39 AM net.blogracy.controller.DistributedHashTable$DownloadListener <init>
INFO: download-req NUHK7LXC3JZZQ6EB2RKPAXMUYX7DF7UI A7E2EIEKEB2STYRJHN4CUTE6LWPQWENZ 2013-03-16T08:41:05Z
Mar 16, 2013 8:44:40 AM net.blogracy.controller.DistributedHashTable$LookupListener onMessage
INFO: lookup-ans NUHK7LXC3JZZQ6EB2RKPAXMUYX7DF7UI 2SKNOYTE6VKMQT2VXGASMOBSYQGVPD7U 2013-03-16T08:33:18Z 2013-03-16T08:44:40Z 318
Mar 16, 2013 8:45:08 AM net.blogracy.controller.DistributedHashTable$DownloadListener onMessage
INFO: download-ans NUHK7LXC3JZZQ6EB2RKPAXMUYX7DF7UI A7E2EIEKEB2STYRJHN4CUTE6LWPQWENZ 2013-03-16T08:41:05Z 2013-03-16T08:45:08Z 28435  243000 821
Mar 16, 2013 8:45:19 AM net.blogracy.controller.DistributedHashTable$LookupListener <init>
INFO: lookup-req NZYND2IBFUU2CASIWQ2GFYLCZFN7LPE4
Mar 16, 2013 8:45:31 AM net.blogracy.controller.DistributedHashTable$LookupListener onMessage
INFO: lookup-ans NZYND2IBFUU2CASIWQ2GFYLCZFN7LPE4 FGTYWE2VA3N3FIGLHLIZ56ZQXBMNSOOG 2013-03-16T08:40:36Z 2013-03-16T08:45:31Z 11454
Mar 16, 2013 8:45:31 AM net.blogracy.controller.DistributedHashTable$DownloadListener <init>
INFO: download-req NZYND2IBFUU2CASIWQ2GFYLCZFN7LPE4 FGTYWE2VA3N3FIGLHLIZ56ZQXBMNSOOG 2013-03-16T08:40:36Z
Mar 16, 2013 8:45:34 AM net.blogracy.controller.DistributedHashTable$DownloadListener onMessage
INFO: download-ans NZYND2IBFUU2CASIWQ2GFYLCZFN7LPE4 FGTYWE2VA3N3FIGLHLIZ56ZQXBMNSOOG 2013-03-16T08:40:36Z 2013-03-16T08:45:34Z 3153  298000 821
Mar 16, 2013 8:45:59 AM net.blogracy.controller.DistributedHashTable$LookupListener <init>
INFO: lookup-req H3WGV7IKX35FZNSFJYEZV4VCFQBSAKEL
Mar 16, 2013 8:46:00 AM net.blogracy.controller.DistributedHashTable$LookupListener onMessage
INFO: lookup-ans H3WGV7IKX35FZNSFJYEZV4VCFQBSAKEL AEQHFMSXG5EYFN5VBDT4HOTKZJCJOV4F 2013-03-16T08:41:26Z 2013-03-16T08:46:00Z 346
Mar 16, 2013 8:46:00 AM net.blogracy.controller.DistributedHashTable$DownloadListener <init>
INFO: download-req H3WGV7IKX35FZNSFJYEZV4VCFQBSAKEL AEQHFMSXG5EYFN5VBDT4HOTKZJCJOV4F 2013-03-16T08:41:26Z
Mar 16, 2013 8:46:00 AM net.blogracy.controller.DistributedHashTable$LookupListener onMessage
INFO: lookup-ans H3WGV7IKX35FZNSFJYEZV4VCFQBSAKEL ETHOZXD7CRMH7BT3XBBMZPS35Y5HXSBL 2013-03-16T00:08:40Z 2013-03-16T08:46:00Z 362
Mar 16, 2013 8:46:02 AM net.blogracy.controller.DistributedHashTable$DownloadListener onMessage
INFO: download-ans H3WGV7IKX35FZNSFJYEZV4VCFQBSAKEL AEQHFMSXG5EYFN5VBDT4HOTKZJCJOV4F 2013-03-16T08:41:26Z 2013-03-16T08:46:02Z 2783  276000 821
Mar 16, 2013 8:46:39 AM net.blogracy.controller.DistributedHashTable$LookupListener <init>
INFO: lookup-req NUHK7LXC3JZZQ6EB2RKPAXMUYX7DF7UI
Mar 16, 2013 8:46:40 AM net.blogracy.controller.DistributedHashTable$LookupListener onMessage
INFO: lookup-ans NUHK7LXC3JZZQ6EB2RKPAXMUYX7DF7UI OLDA6HOM6PTNEQWONPPFYDLOOCDFG56C 2013-03-16T08:43:05Z 2013-03-16T08:46:40Z 328
Mar 16, 2013 8:46:40 AM net.blogracy.controller.DistributedHashTable$DownloadListener <init>
INFO: download-req NUHK7LXC3JZZQ6EB2RKPAXMUYX7DF7UI OLDA6HOM6PTNEQWONPPFYDLOOCDFG56C 2013-03-16T08:43:05Z
Mar 16, 2013 8:46:42 AM net.blogracy.controller.DistributedHashTable$DownloadListener onMessage
INFO: download-ans NUHK7LXC3JZZQ6EB2RKPAXMUYX7DF7UI OLDA6HOM6PTNEQWONPPFYDLOOCDFG56C 2013-03-16T08:43:05Z 2013-03-16T08:46:42Z 2558  217000 1091
Mar 16, 2013 8:47:19 AM net.blogracy.controller.DistributedHashTable$LookupListener <init>
INFO: lookup-req NZYND2IBFUU2CASIWQ2GFYLCZFN7LPE4
Mar 16, 2013 8:47:31 AM net.blogracy.controller.DistributedHashTable$LookupListener onMessage
INFO: lookup-ans NZYND2IBFUU2CASIWQ2GFYLCZFN7LPE4 PFVGNLVEYHYZHXK4YQIVUTK525JHP67R 2013-03-16T08:42:36Z 2013-03-16T08:47:31Z 11735
Mar 16, 2013 8:47:31 AM net.blogracy.controller.DistributedHashTable$DownloadListener <init>
INFO: download-req NZYND2IBFUU2CASIWQ2GFYLCZFN7LPE4 PFVGNLVEYHYZHXK4YQIVUTK525JHP67R 2013-03-16T08:42:36Z
Mar 16, 2013 8:47:35 AM net.blogracy.controller.DistributedHashTable$DownloadListener onMessage
INFO: download-ans NZYND2IBFUU2CASIWQ2GFYLCZFN7LPE4 PFVGNLVEYHYZHXK4YQIVUTK525JHP67R 2013-03-16T08:42:36Z 2013-03-16T08:47:35Z 3727  299000 1091
Mar 16, 2013 8:47:59 AM net.blogracy.controller.DistributedHashTable$LookupListener <init>
INFO: lookup-req H3WGV7IKX35FZNSFJYEZV4VCFQBSAKEL
Mar 16, 2013 8:48:00 AM net.blogracy.controller.DistributedHashTable$LookupListener onMessage
INFO: lookup-ans H3WGV7IKX35FZNSFJYEZV4VCFQBSAKEL 4XNJXZNB3K7ZPWKCAHLNYFOYQHF76E5Q 2013-03-16T08:43:26Z 2013-03-16T08:48:00Z 439
Mar 16, 2013 8:48:00 AM net.blogracy.controller.DistributedHashTable$DownloadListener <init>
INFO: download-req H3WGV7IKX35FZNSFJYEZV4VCFQBSAKEL 4XNJXZNB3K7ZPWKCAHLNYFOYQHF76E5Q 2013-03-16T08:43:26Z
Mar 16, 2013 8:48:00 AM net.blogracy.controller.DistributedHashTable$LookupListener onMessage
INFO: lookup-ans H3WGV7IKX35FZNSFJYEZV4VCFQBSAKEL ETHOZXD7CRMH7BT3XBBMZPS35Y5HXSBL 2013-03-16T00:08:40Z 2013-03-16T08:48:00Z 453
Mar 16, 2013 8:48:00 AM net.blogracy.controller.DistributedHashTable$LookupListener onMessage
INFO: lookup-ans H3WGV7IKX35FZNSFJYEZV4VCFQBSAKEL AEQHFMSXG5EYFN5VBDT4HOTKZJCJOV4F 2013-03-16T08:41:26Z 2013-03-16T08:48:00Z 557
Mar 16, 2013 8:48:00 AM net.blogracy.controller.DistributedHashTable$LookupListener onMessage
INFO: lookup-ans H3WGV7IKX35FZNSFJYEZV4VCFQBSAKEL XNWHCZPUMBUACZ7CXK2W47CQLD5HXVFR 2013-03-16T00:06:40Z 2013-03-16T08:48:00Z 559
Mar 16, 2013 8:48:03 AM net.blogracy.controller.DistributedHashTable$DownloadListener onMessage
INFO: download-ans H3WGV7IKX35FZNSFJYEZV4VCFQBSAKEL 4XNJXZNB3K7ZPWKCAHLNYFOYQHF76E5Q 2013-03-16T08:43:26Z 2013-03-16T08:48:03Z 3094  277000 1091
Mar 16, 2013 8:48:39 AM net.blogracy.controller.DistributedHashTable$LookupListener <init>
INFO: lookup-req NUHK7LXC3JZZQ6EB2RKPAXMUYX7DF7UI
Mar 16, 2013 8:48:40 AM net.blogracy.controller.DistributedHashTable$LookupListener onMessage
INFO: lookup-ans NUHK7LXC3JZZQ6EB2RKPAXMUYX7DF7UI L6UFVH3EZ2NCNOTJRAEM7HHLXS4FDY6U 2013-03-16T08:45:06Z 2013-03-16T08:48:40Z 333
Mar 16, 2013 8:48:40 AM net.blogracy.controller.DistributedHashTable$DownloadListener <init>
INFO: download-req NUHK7LXC3JZZQ6EB2RKPAXMUYX7DF7UI L6UFVH3EZ2NCNOTJRAEM7HHLXS4FDY6U 2013-03-16T08:45:06Z
Mar 16, 2013 8:48:54 AM net.blogracy.controller.DistributedHashTable$DownloadListener onMessage
INFO: download-ans NUHK7LXC3JZZQ6EB2RKPAXMUYX7DF7UI L6UFVH3EZ2NCNOTJRAEM7HHLXS4FDY6U 2013-03-16T08:45:06Z 2013-03-16T08:48:54Z 13737  228000 1361
Mar 16, 2013 8:49:19 AM net.blogracy.controller.DistributedHashTable$LookupListener <init>
INFO: lookup-req NZYND2IBFUU2CASIWQ2GFYLCZFN7LPE4
Mar 16, 2013 8:49:32 AM net.blogracy.controller.DistributedHashTable$LookupListener onMessage
INFO: lookup-ans NZYND2IBFUU2CASIWQ2GFYLCZFN7LPE4 HQ3D52GHMJZRINTF6U4AC4ADMHKVJLUV 2013-03-16T08:44:37Z 2013-03-16T08:49:32Z 12016
Mar 16, 2013 8:49:32 AM net.blogracy.controller.DistributedHashTable$DownloadListener <init>
INFO: download-req NZYND2IBFUU2CASIWQ2GFYLCZFN7LPE4 HQ3D52GHMJZRINTF6U4AC4ADMHKVJLUV 2013-03-16T08:44:37Z
Mar 16, 2013 8:49:34 AM net.blogracy.controller.DistributedHashTable$DownloadListener onMessage
INFO: download-ans NZYND2IBFUU2CASIWQ2GFYLCZFN7LPE4 HQ3D52GHMJZRINTF6U4AC4ADMHKVJLUV 2013-03-16T08:44:37Z 2013-03-16T08:49:34Z 2625  297000 1361
Mar 16, 2013 8:50:00 AM net.blogracy.controller.DistributedHashTable$LookupListener <init>
INFO: lookup-req H3WGV7IKX35FZNSFJYEZV4VCFQBSAKEL
Mar 16, 2013 8:50:00 AM net.blogracy.controller.DistributedHashTable$LookupListener onMessage
INFO: lookup-ans H3WGV7IKX35FZNSFJYEZV4VCFQBSAKEL GMFJRGOOODDV2INC6OJY2AXVWOZLOMSZ 2013-03-16T08:45:27Z 2013-03-16T08:50:00Z 301
Mar 16, 2013 8:50:00 AM net.blogracy.controller.DistributedHashTable$DownloadListener <init>
INFO: download-req H3WGV7IKX35FZNSFJYEZV4VCFQBSAKEL GMFJRGOOODDV2INC6OJY2AXVWOZLOMSZ 2013-03-16T08:45:27Z
Mar 16, 2013 8:50:00 AM net.blogracy.controller.DistributedHashTable$LookupListener onMessage
INFO: lookup-ans H3WGV7IKX35FZNSFJYEZV4VCFQBSAKEL ETHOZXD7CRMH7BT3XBBMZPS35Y5HXSBL 2013-03-16T00:08:40Z 2013-03-16T08:50:00Z 475
Mar 16, 2013 8:50:00 AM net.blogracy.controller.DistributedHashTable$LookupListener onMessage
INFO: lookup-ans H3WGV7IKX35FZNSFJYEZV4VCFQBSAKEL XNWHCZPUMBUACZ7CXK2W47CQLD5HXVFR 2013-03-16T00:06:40Z 2013-03-16T08:50:00Z 560
Mar 16, 2013 8:50:03 AM net.blogracy.controller.DistributedHashTable$DownloadListener onMessage
INFO: download-ans H3WGV7IKX35FZNSFJYEZV4VCFQBSAKEL GMFJRGOOODDV2INC6OJY2AXVWOZLOMSZ 2013-03-16T08:45:27Z 2013-03-16T08:50:03Z 3137  276000 1361
