Mar 16, 2013 8:37:05 AM net.blogracy.controller.DistributedHashTable$LookupListener <init>
INFO: lookup-req H3WGV7IKX35FZNSFJYEZV4VCFQBSAKEL
Mar 16, 2013 8:37:05 AM net.blogracy.controller.DistributedHashTable$LookupListener onMessage
INFO: lookup-ans H3WGV7IKX35FZNSFJYEZV4VCFQBSAKEL ETHOZXD7CRMH7BT3XBBMZPS35Y5HXSBL 2013-03-16T00:08:40Z 2013-03-16T08:37:05Z 693
Mar 16, 2013 8:37:05 AM net.blogracy.controller.DistributedHashTable$DownloadListener <init>
INFO: download-req H3WGV7IKX35FZNSFJYEZV4VCFQBSAKEL ETHOZXD7CRMH7BT3XBBMZPS35Y5HXSBL 2013-03-16T00:08:40Z
Mar 16, 2013 8:37:45 AM net.blogracy.controller.DistributedHashTable$LookupListener <init>
INFO: lookup-req GRRVNWRRA5YPOTR2NJTQK3RXPMJXGKYD
Mar 16, 2013 8:37:45 AM net.blogracy.controller.DistributedHashTable$LookupListener onMessage
INFO: lookup-ans GRRVNWRRA5YPOTR2NJTQK3RXPMJXGKYD UTMSDRDXCV3VTV6ZYYVIOJ4QYYLG4T4M 2013-03-16T08:32:17Z 2013-03-16T08:37:45Z 412
Mar 16, 2013 8:37:45 AM net.blogracy.controller.DistributedHashTable$DownloadListener <init>
INFO: download-req GRRVNWRRA5YPOTR2NJTQK3RXPMJXGKYD UTMSDRDXCV3VTV6ZYYVIOJ4QYYLG4T4M 2013-03-16T08:32:17Z
Mar 16, 2013 8:37:45 AM net.blogracy.controller.DistributedHashTable$LookupListener onMessage
INFO: lookup-ans GRRVNWRRA5YPOTR2NJTQK3RXPMJXGKYD JZKEFME7WRH7IPRWBUN2FIHAUHOAPPSR 2013-03-16T07:10:34Z 2013-03-16T08:37:45Z 472
Mar 16, 2013 8:37:45 AM net.blogracy.controller.DistributedHashTable$DownloadListener <init>
INFO: download-req GRRVNWRRA5YPOTR2NJTQK3RXPMJXGKYD JZKEFME7WRH7IPRWBUN2FIHAUHOAPPSR 2013-03-16T07:10:34Z
Mar 16, 2013 8:37:45 AM net.blogracy.controller.DistributedHashTable$LookupListener onMessage
INFO: lookup-ans GRRVNWRRA5YPOTR2NJTQK3RXPMJXGKYD V2MJ4W26IZPMEYNRJFE4C6CFSKJOAUE3 2013-03-16T08:36:17Z 2013-03-16T08:37:45Z 521
Mar 16, 2013 8:37:45 AM net.blogracy.controller.DistributedHashTable$DownloadListener <init>
INFO: download-req GRRVNWRRA5YPOTR2NJTQK3RXPMJXGKYD V2MJ4W26IZPMEYNRJFE4C6CFSKJOAUE3 2013-03-16T08:36:17Z
Mar 16, 2013 8:37:45 AM net.blogracy.controller.DistributedHashTable$LookupListener onMessage
INFO: lookup-ans GRRVNWRRA5YPOTR2NJTQK3RXPMJXGKYD 44ZVOX4SNMCFLGXOO5TLABUCGPICLRF3 2013-03-16T00:07:54Z 2013-03-16T08:37:45Z 568
Mar 16, 2013 8:37:45 AM net.blogracy.controller.DistributedHashTable$DownloadListener <init>
INFO: download-req GRRVNWRRA5YPOTR2NJTQK3RXPMJXGKYD 44ZVOX4SNMCFLGXOO5TLABUCGPICLRF3 2013-03-16T00:07:54Z
Mar 16, 2013 8:37:45 AM net.blogracy.controller.DistributedHashTable$LookupListener onMessage
INFO: lookup-ans GRRVNWRRA5YPOTR2NJTQK3RXPMJXGKYD EK6FVP4VMGNY64OC3R4XP4Y355MV7GL3 2013-03-16T07:12:34Z 2013-03-16T08:37:45Z 613
Mar 16, 2013 8:37:45 AM net.blogracy.controller.DistributedHashTable$DownloadListener <init>
INFO: download-req GRRVNWRRA5YPOTR2NJTQK3RXPMJXGKYD EK6FVP4VMGNY64OC3R4XP4Y355MV7GL3 2013-03-16T07:12:34Z
Mar 16, 2013 8:38:25 AM net.blogracy.controller.DistributedHashTable$LookupListener <init>
INFO: lookup-req NZYND2IBFUU2CASIWQ2GFYLCZFN7LPE4
Mar 16, 2013 8:38:25 AM net.blogracy.controller.DistributedHashTable$LookupListener onMessage
INFO: lookup-ans NZYND2IBFUU2CASIWQ2GFYLCZFN7LPE4 JYGTTEBYBJGMYU7DL3VA6S4ZVBSPPNCW 2013-03-16T08:32:02Z 2013-03-16T08:38:25Z 417
Mar 16, 2013 8:38:25 AM net.blogracy.controller.DistributedHashTable$DownloadListener <init>
INFO: download-req NZYND2IBFUU2CASIWQ2GFYLCZFN7LPE4 JYGTTEBYBJGMYU7DL3VA6S4ZVBSPPNCW 2013-03-16T08:32:02Z
Mar 16, 2013 8:39:05 AM net.blogracy.controller.DistributedHashTable$LookupListener <init>
INFO: lookup-req H3WGV7IKX35FZNSFJYEZV4VCFQBSAKEL
Mar 16, 2013 8:39:05 AM net.blogracy.controller.DistributedHashTable$LookupListener onMessage
INFO: lookup-ans H3WGV7IKX35FZNSFJYEZV4VCFQBSAKEL J264ZJPPB76W5WFW44F5HG2JVPHFYMKD 2013-03-16T08:37:25Z 2013-03-16T08:39:05Z 413
Mar 16, 2013 8:39:05 AM net.blogracy.controller.DistributedHashTable$DownloadListener <init>
INFO: download-req H3WGV7IKX35FZNSFJYEZV4VCFQBSAKEL J264ZJPPB76W5WFW44F5HG2JVPHFYMKD 2013-03-16T08:37:25Z
Mar 16, 2013 8:39:05 AM net.blogracy.controller.DistributedHashTable$LookupListener onMessage
INFO: lookup-ans H3WGV7IKX35FZNSFJYEZV4VCFQBSAKEL ETHOZXD7CRMH7BT3XBBMZPS35Y5HXSBL 2013-03-16T00:08:40Z 2013-03-16T08:39:05Z 445
Mar 16, 2013 8:39:05 AM net.blogracy.controller.DistributedHashTable$DownloadListener <init>
INFO: download-req H3WGV7IKX35FZNSFJYEZV4VCFQBSAKEL ETHOZXD7CRMH7BT3XBBMZPS35Y5HXSBL 2013-03-16T00:08:40Z
Mar 16, 2013 8:39:09 AM net.blogracy.controller.DistributedHashTable$DownloadListener onMessage
INFO: download-ans H3WGV7IKX35FZNSFJYEZV4VCFQBSAKEL J264ZJPPB76W5WFW44F5HG2JVPHFYMKD 2013-03-16T08:37:25Z 2013-03-16T08:39:09Z 4134  104000 281
Mar 16, 2013 8:39:45 AM net.blogracy.controller.DistributedHashTable$LookupListener <init>
INFO: lookup-req GRRVNWRRA5YPOTR2NJTQK3RXPMJXGKYD
Mar 16, 2013 8:39:45 AM net.blogracy.controller.DistributedHashTable$LookupListener onMessage
INFO: lookup-ans GRRVNWRRA5YPOTR2NJTQK3RXPMJXGKYD EK6FVP4VMGNY64OC3R4XP4Y355MV7GL3 2013-03-16T07:12:34Z 2013-03-16T08:39:45Z 365
Mar 16, 2013 8:39:45 AM net.blogracy.controller.DistributedHashTable$DownloadListener <init>
INFO: download-req GRRVNWRRA5YPOTR2NJTQK3RXPMJXGKYD EK6FVP4VMGNY64OC3R4XP4Y355MV7GL3 2013-03-16T07:12:34Z
Mar 16, 2013 8:39:45 AM net.blogracy.controller.DistributedHashTable$LookupListener onMessage
INFO: lookup-ans GRRVNWRRA5YPOTR2NJTQK3RXPMJXGKYD Z2TMUNZGMMVDRK5O56CYGQ3W3LDJTG73 2013-03-16T08:39:59Z 2013-03-16T08:39:45Z 392
Mar 16, 2013 8:39:45 AM net.blogracy.controller.DistributedHashTable$DownloadListener <init>
INFO: download-req GRRVNWRRA5YPOTR2NJTQK3RXPMJXGKYD Z2TMUNZGMMVDRK5O56CYGQ3W3LDJTG73 2013-03-16T08:39:59Z
Mar 16, 2013 8:39:45 AM net.blogracy.controller.DistributedHashTable$LookupListener onMessage
INFO: lookup-ans GRRVNWRRA5YPOTR2NJTQK3RXPMJXGKYD 44ZVOX4SNMCFLGXOO5TLABUCGPICLRF3 2013-03-16T00:07:54Z 2013-03-16T08:39:45Z 457
Mar 16, 2013 8:39:45 AM net.blogracy.controller.DistributedHashTable$DownloadListener <init>
INFO: download-req GRRVNWRRA5YPOTR2NJTQK3RXPMJXGKYD 44ZVOX4SNMCFLGXOO5TLABUCGPICLRF3 2013-03-16T00:07:54Z
Mar 16, 2013 8:39:45 AM net.blogracy.controller.DistributedHashTable$LookupListener onMessage
INFO: lookup-ans GRRVNWRRA5YPOTR2NJTQK3RXPMJXGKYD V2MJ4W26IZPMEYNRJFE4C6CFSKJOAUE3 2013-03-16T08:36:17Z 2013-03-16T08:39:45Z 491
Mar 16, 2013 8:39:45 AM net.blogracy.controller.DistributedHashTable$DownloadListener <init>
INFO: download-req GRRVNWRRA5YPOTR2NJTQK3RXPMJXGKYD V2MJ4W26IZPMEYNRJFE4C6CFSKJOAUE3 2013-03-16T08:36:17Z
Mar 16, 2013 8:39:49 AM net.blogracy.controller.DistributedHashTable$DownloadListener onMessage
INFO: download-ans GRRVNWRRA5YPOTR2NJTQK3RXPMJXGKYD Z2TMUNZGMMVDRK5O56CYGQ3W3LDJTG73 2013-03-16T08:39:59Z 2013-03-16T08:39:49Z 4047  -10000 281
Mar 16, 2013 8:40:25 AM net.blogracy.controller.DistributedHashTable$LookupListener <init>
INFO: lookup-req NZYND2IBFUU2CASIWQ2GFYLCZFN7LPE4
Mar 16, 2013 8:40:25 AM net.blogracy.controller.DistributedHashTable$LookupListener onMessage
INFO: lookup-ans NZYND2IBFUU2CASIWQ2GFYLCZFN7LPE4 JYGTTEBYBJGMYU7DL3VA6S4ZVBSPPNCW 2013-03-16T08:32:02Z 2013-03-16T08:40:25Z 300
Mar 16, 2013 8:40:25 AM net.blogracy.controller.DistributedHashTable$DownloadListener <init>
INFO: download-req NZYND2IBFUU2CASIWQ2GFYLCZFN7LPE4 JYGTTEBYBJGMYU7DL3VA6S4ZVBSPPNCW 2013-03-16T08:32:02Z
Mar 16, 2013 8:40:26 AM net.blogracy.controller.DistributedHashTable$LookupListener onMessage
INFO: lookup-ans NZYND2IBFUU2CASIWQ2GFYLCZFN7LPE4 TS73RXUK23BWBTCCTMPW4JE4Y2I7OF37 2013-03-16T08:38:36Z 2013-03-16T08:40:26Z 581
Mar 16, 2013 8:40:26 AM net.blogracy.controller.DistributedHashTable$DownloadListener <init>
INFO: download-req NZYND2IBFUU2CASIWQ2GFYLCZFN7LPE4 TS73RXUK23BWBTCCTMPW4JE4Y2I7OF37 2013-03-16T08:38:36Z
Mar 16, 2013 8:40:30 AM net.blogracy.controller.DistributedHashTable$DownloadListener onMessage
INFO: download-ans NZYND2IBFUU2CASIWQ2GFYLCZFN7LPE4 TS73RXUK23BWBTCCTMPW4JE4Y2I7OF37 2013-03-16T08:38:36Z 2013-03-16T08:40:30Z 4474  114000 551
Mar 16, 2013 8:41:05 AM net.blogracy.controller.DistributedHashTable$LookupListener <init>
INFO: lookup-req H3WGV7IKX35FZNSFJYEZV4VCFQBSAKEL
Mar 16, 2013 8:41:06 AM net.blogracy.controller.DistributedHashTable$LookupListener onMessage
INFO: lookup-ans H3WGV7IKX35FZNSFJYEZV4VCFQBSAKEL ETHOZXD7CRMH7BT3XBBMZPS35Y5HXSBL 2013-03-16T00:08:40Z 2013-03-16T08:41:06Z 562
Mar 16, 2013 8:41:06 AM net.blogracy.controller.DistributedHashTable$LookupListener onMessage
INFO: lookup-ans H3WGV7IKX35FZNSFJYEZV4VCFQBSAKEL PB4A666ZFVXKWYB6EKOUTFIH6W2FPG4C 2013-03-16T08:39:26Z 2013-03-16T08:41:06Z 569
Mar 16, 2013 8:41:06 AM net.blogracy.controller.DistributedHashTable$DownloadListener <init>
INFO: download-req H3WGV7IKX35FZNSFJYEZV4VCFQBSAKEL PB4A666ZFVXKWYB6EKOUTFIH6W2FPG4C 2013-03-16T08:39:26Z
Mar 16, 2013 8:41:11 AM net.blogracy.controller.DistributedHashTable$DownloadListener onMessage
INFO: download-ans H3WGV7IKX35FZNSFJYEZV4VCFQBSAKEL PB4A666ZFVXKWYB6EKOUTFIH6W2FPG4C 2013-03-16T08:39:26Z 2013-03-16T08:41:11Z 5549  105000 551
Mar 16, 2013 8:41:45 AM net.blogracy.controller.DistributedHashTable$LookupListener <init>
INFO: lookup-req GRRVNWRRA5YPOTR2NJTQK3RXPMJXGKYD
Mar 16, 2013 8:41:45 AM net.blogracy.controller.DistributedHashTable$LookupListener onMessage
INFO: lookup-ans GRRVNWRRA5YPOTR2NJTQK3RXPMJXGKYD 44ZVOX4SNMCFLGXOO5TLABUCGPICLRF3 2013-03-16T00:07:54Z 2013-03-16T08:41:45Z 313
Mar 16, 2013 8:41:45 AM net.blogracy.controller.DistributedHashTable$LookupListener onMessage
INFO: lookup-ans GRRVNWRRA5YPOTR2NJTQK3RXPMJXGKYD PBXKBMG4ECZEAUGHKA6IN6CH36NYKEFJ 2013-03-16T08:41:59Z 2013-03-16T08:41:45Z 319
Mar 16, 2013 8:41:45 AM net.blogracy.controller.DistributedHashTable$DownloadListener <init>
INFO: download-req GRRVNWRRA5YPOTR2NJTQK3RXPMJXGKYD PBXKBMG4ECZEAUGHKA6IN6CH36NYKEFJ 2013-03-16T08:41:59Z
Mar 16, 2013 8:41:46 AM net.blogracy.controller.DistributedHashTable$LookupListener onMessage
INFO: lookup-ans GRRVNWRRA5YPOTR2NJTQK3RXPMJXGKYD EK6FVP4VMGNY64OC3R4XP4Y355MV7GL3 2013-03-16T07:12:34Z 2013-03-16T08:41:46Z 380
Mar 16, 2013 8:41:46 AM net.blogracy.controller.DistributedHashTable$LookupListener onMessage
INFO: lookup-ans GRRVNWRRA5YPOTR2NJTQK3RXPMJXGKYD Z2TMUNZGMMVDRK5O56CYGQ3W3LDJTG73 2013-03-16T08:39:59Z 2013-03-16T08:41:46Z 428
Mar 16, 2013 8:41:46 AM net.blogracy.controller.DistributedHashTable$LookupListener onMessage
INFO: lookup-ans GRRVNWRRA5YPOTR2NJTQK3RXPMJXGKYD JZKEFME7WRH7IPRWBUN2FIHAUHOAPPSR 2013-03-16T07:10:34Z 2013-03-16T08:41:46Z 433
Mar 16, 2013 8:41:46 AM net.blogracy.controller.DistributedHashTable$LookupListener onMessage
INFO: lookup-ans GRRVNWRRA5YPOTR2NJTQK3RXPMJXGKYD V2MJ4W26IZPMEYNRJFE4C6CFSKJOAUE3 2013-03-16T08:36:17Z 2013-03-16T08:41:46Z 490
Mar 16, 2013 8:41:49 AM net.blogracy.controller.DistributedHashTable$DownloadListener onMessage
INFO: download-ans GRRVNWRRA5YPOTR2NJTQK3RXPMJXGKYD PBXKBMG4ECZEAUGHKA6IN6CH36NYKEFJ 2013-03-16T08:41:59Z 2013-03-16T08:41:49Z 3588  -10000 551
Mar 16, 2013 8:42:25 AM net.blogracy.controller.DistributedHashTable$LookupListener <init>
INFO: lookup-req NZYND2IBFUU2CASIWQ2GFYLCZFN7LPE4
Mar 16, 2013 8:42:26 AM net.blogracy.controller.DistributedHashTable$LookupListener onMessage
INFO: lookup-ans NZYND2IBFUU2CASIWQ2GFYLCZFN7LPE4 JYGTTEBYBJGMYU7DL3VA6S4ZVBSPPNCW 2013-03-16T08:32:02Z 2013-03-16T08:42:26Z 368
Mar 16, 2013 8:42:26 AM net.blogracy.controller.DistributedHashTable$LookupListener onMessage
INFO: lookup-ans NZYND2IBFUU2CASIWQ2GFYLCZFN7LPE4 FGTYWE2VA3N3FIGLHLIZ56ZQXBMNSOOG 2013-03-16T08:40:36Z 2013-03-16T08:42:26Z 478
Mar 16, 2013 8:42:26 AM net.blogracy.controller.DistributedHashTable$DownloadListener <init>
INFO: download-req NZYND2IBFUU2CASIWQ2GFYLCZFN7LPE4 FGTYWE2VA3N3FIGLHLIZ56ZQXBMNSOOG 2013-03-16T08:40:36Z
Mar 16, 2013 8:42:30 AM net.blogracy.controller.DistributedHashTable$DownloadListener onMessage
INFO: download-ans NZYND2IBFUU2CASIWQ2GFYLCZFN7LPE4 FGTYWE2VA3N3FIGLHLIZ56ZQXBMNSOOG 2013-03-16T08:40:36Z 2013-03-16T08:42:30Z 4052  114000 821
Mar 16, 2013 8:43:05 AM net.blogracy.controller.DistributedHashTable$LookupListener <init>
INFO: lookup-req H3WGV7IKX35FZNSFJYEZV4VCFQBSAKEL
Mar 16, 2013 8:43:06 AM net.blogracy.controller.DistributedHashTable$LookupListener onMessage
INFO: lookup-ans H3WGV7IKX35FZNSFJYEZV4VCFQBSAKEL ETHOZXD7CRMH7BT3XBBMZPS35Y5HXSBL 2013-03-16T00:08:40Z 2013-03-16T08:43:06Z 438
Mar 16, 2013 8:43:06 AM net.blogracy.controller.DistributedHashTable$LookupListener onMessage
INFO: lookup-ans H3WGV7IKX35FZNSFJYEZV4VCFQBSAKEL AEQHFMSXG5EYFN5VBDT4HOTKZJCJOV4F 2013-03-16T08:41:26Z 2013-03-16T08:43:06Z 446
Mar 16, 2013 8:43:06 AM net.blogracy.controller.DistributedHashTable$DownloadListener <init>
INFO: download-req H3WGV7IKX35FZNSFJYEZV4VCFQBSAKEL AEQHFMSXG5EYFN5VBDT4HOTKZJCJOV4F 2013-03-16T08:41:26Z
Mar 16, 2013 8:43:11 AM net.blogracy.controller.DistributedHashTable$DownloadListener onMessage
INFO: download-ans H3WGV7IKX35FZNSFJYEZV4VCFQBSAKEL AEQHFMSXG5EYFN5VBDT4HOTKZJCJOV4F 2013-03-16T08:41:26Z 2013-03-16T08:43:11Z 4811  105000 821
Mar 16, 2013 8:43:45 AM net.blogracy.controller.DistributedHashTable$LookupListener <init>
INFO: lookup-req GRRVNWRRA5YPOTR2NJTQK3RXPMJXGKYD
Mar 16, 2013 8:43:46 AM net.blogracy.controller.DistributedHashTable$LookupListener onMessage
INFO: lookup-ans GRRVNWRRA5YPOTR2NJTQK3RXPMJXGKYD 44ZVOX4SNMCFLGXOO5TLABUCGPICLRF3 2013-03-16T00:07:54Z 2013-03-16T08:43:46Z 409
Mar 16, 2013 8:43:46 AM net.blogracy.controller.DistributedHashTable$LookupListener onMessage
INFO: lookup-ans GRRVNWRRA5YPOTR2NJTQK3RXPMJXGKYD TCBYLMRJPON3FPC3MMEULB6DS535Q72N 2013-03-16T08:43:59Z 2013-03-16T08:43:46Z 415
Mar 16, 2013 8:43:46 AM net.blogracy.controller.DistributedHashTable$DownloadListener <init>
INFO: download-req GRRVNWRRA5YPOTR2NJTQK3RXPMJXGKYD TCBYLMRJPON3FPC3MMEULB6DS535Q72N 2013-03-16T08:43:59Z
Mar 16, 2013 8:43:46 AM net.blogracy.controller.DistributedHashTable$LookupListener onMessage
INFO: lookup-ans GRRVNWRRA5YPOTR2NJTQK3RXPMJXGKYD EK6FVP4VMGNY64OC3R4XP4Y355MV7GL3 2013-03-16T07:12:34Z 2013-03-16T08:43:46Z 461
Mar 16, 2013 8:43:46 AM net.blogracy.controller.DistributedHashTable$LookupListener onMessage
INFO: lookup-ans GRRVNWRRA5YPOTR2NJTQK3RXPMJXGKYD V2MJ4W26IZPMEYNRJFE4C6CFSKJOAUE3 2013-03-16T08:36:17Z 2013-03-16T08:43:46Z 508
Mar 16, 2013 8:43:50 AM net.blogracy.controller.DistributedHashTable$DownloadListener onMessage
INFO: download-ans GRRVNWRRA5YPOTR2NJTQK3RXPMJXGKYD TCBYLMRJPON3FPC3MMEULB6DS535Q72N 2013-03-16T08:43:59Z 2013-03-16T08:43:50Z 3784  -9000 821
Mar 16, 2013 8:44:25 AM net.blogracy.controller.DistributedHashTable$LookupListener <init>
INFO: lookup-req NZYND2IBFUU2CASIWQ2GFYLCZFN7LPE4
Mar 16, 2013 8:44:26 AM net.blogracy.controller.DistributedHashTable$LookupListener onMessage
INFO: lookup-ans NZYND2IBFUU2CASIWQ2GFYLCZFN7LPE4 PFVGNLVEYHYZHXK4YQIVUTK525JHP67R 2013-03-16T08:42:36Z 2013-03-16T08:44:26Z 335
Mar 16, 2013 8:44:26 AM net.blogracy.controller.DistributedHashTable$DownloadListener <init>
INFO: download-req NZYND2IBFUU2CASIWQ2GFYLCZFN7LPE4 PFVGNLVEYHYZHXK4YQIVUTK525JHP67R 2013-03-16T08:42:36Z
Mar 16, 2013 8:44:26 AM net.blogracy.controller.DistributedHashTable$LookupListener onMessage
INFO: lookup-ans NZYND2IBFUU2CASIWQ2GFYLCZFN7LPE4 JYGTTEBYBJGMYU7DL3VA6S4ZVBSPPNCW 2013-03-16T08:32:02Z 2013-03-16T08:44:26Z 362
Mar 16, 2013 8:44:28 AM net.blogracy.controller.DistributedHashTable$DownloadListener onMessage
INFO: download-ans NZYND2IBFUU2CASIWQ2GFYLCZFN7LPE4 PFVGNLVEYHYZHXK4YQIVUTK525JHP67R 2013-03-16T08:42:36Z 2013-03-16T08:44:28Z 2642  112000 1091
Mar 16, 2013 8:45:06 AM net.blogracy.controller.DistributedHashTable$LookupListener <init>
INFO: lookup-req H3WGV7IKX35FZNSFJYEZV4VCFQBSAKEL
Mar 16, 2013 8:45:06 AM net.blogracy.controller.DistributedHashTable$LookupListener onMessage
INFO: lookup-ans H3WGV7IKX35FZNSFJYEZV4VCFQBSAKEL ETHOZXD7CRMH7BT3XBBMZPS35Y5HXSBL 2013-03-16T00:08:40Z 2013-03-16T08:45:06Z 443
Mar 16, 2013 8:45:06 AM net.blogracy.controller.DistributedHashTable$LookupListener onMessage
INFO: lookup-ans H3WGV7IKX35FZNSFJYEZV4VCFQBSAKEL 4XNJXZNB3K7ZPWKCAHLNYFOYQHF76E5Q 2013-03-16T08:43:26Z 2013-03-16T08:45:06Z 452
Mar 16, 2013 8:45:06 AM net.blogracy.controller.DistributedHashTable$DownloadListener <init>
INFO: download-req H3WGV7IKX35FZNSFJYEZV4VCFQBSAKEL 4XNJXZNB3K7ZPWKCAHLNYFOYQHF76E5Q 2013-03-16T08:43:26Z
Mar 16, 2013 8:45:10 AM net.blogracy.controller.DistributedHashTable$DownloadListener onMessage
INFO: download-ans H3WGV7IKX35FZNSFJYEZV4VCFQBSAKEL 4XNJXZNB3K7ZPWKCAHLNYFOYQHF76E5Q 2013-03-16T08:43:26Z 2013-03-16T08:45:10Z 4033  104000 1091
Mar 16, 2013 8:45:46 AM net.blogracy.controller.DistributedHashTable$LookupListener <init>
INFO: lookup-req GRRVNWRRA5YPOTR2NJTQK3RXPMJXGKYD
Mar 16, 2013 8:45:46 AM net.blogracy.controller.DistributedHashTable$LookupListener onMessage
INFO: lookup-ans GRRVNWRRA5YPOTR2NJTQK3RXPMJXGKYD SM7325OBAA2R6AS22KKXQSMGXKMT5NWW 2013-03-16T08:45:59Z 2013-03-16T08:45:46Z 393
Mar 16, 2013 8:45:46 AM net.blogracy.controller.DistributedHashTable$DownloadListener <init>
INFO: download-req GRRVNWRRA5YPOTR2NJTQK3RXPMJXGKYD SM7325OBAA2R6AS22KKXQSMGXKMT5NWW 2013-03-16T08:45:59Z
Mar 16, 2013 8:45:46 AM net.blogracy.controller.DistributedHashTable$LookupListener onMessage
INFO: lookup-ans GRRVNWRRA5YPOTR2NJTQK3RXPMJXGKYD EK6FVP4VMGNY64OC3R4XP4Y355MV7GL3 2013-03-16T07:12:34Z 2013-03-16T08:45:46Z 415
Mar 16, 2013 8:45:49 AM net.blogracy.controller.DistributedHashTable$DownloadListener onMessage
INFO: download-ans GRRVNWRRA5YPOTR2NJTQK3RXPMJXGKYD SM7325OBAA2R6AS22KKXQSMGXKMT5NWW 2013-03-16T08:45:59Z 2013-03-16T08:45:49Z 2488  -10000 1091
Mar 16, 2013 8:46:26 AM net.blogracy.controller.DistributedHashTable$LookupListener <init>
INFO: lookup-req NZYND2IBFUU2CASIWQ2GFYLCZFN7LPE4
Mar 16, 2013 8:46:26 AM net.blogracy.controller.DistributedHashTable$LookupListener onMessage
INFO: lookup-ans NZYND2IBFUU2CASIWQ2GFYLCZFN7LPE4 HQ3D52GHMJZRINTF6U4AC4ADMHKVJLUV 2013-03-16T08:44:37Z 2013-03-16T08:46:26Z 383
Mar 16, 2013 8:46:26 AM net.blogracy.controller.DistributedHashTable$DownloadListener <init>
INFO: download-req NZYND2IBFUU2CASIWQ2GFYLCZFN7LPE4 HQ3D52GHMJZRINTF6U4AC4ADMHKVJLUV 2013-03-16T08:44:37Z
Mar 16, 2013 8:46:29 AM net.blogracy.controller.DistributedHashTable$DownloadListener onMessage
INFO: download-ans NZYND2IBFUU2CASIWQ2GFYLCZFN7LPE4 HQ3D52GHMJZRINTF6U4AC4ADMHKVJLUV 2013-03-16T08:44:37Z 2013-03-16T08:46:29Z 2684  112000 1361
Mar 16, 2013 8:47:06 AM net.blogracy.controller.DistributedHashTable$LookupListener <init>
INFO: lookup-req H3WGV7IKX35FZNSFJYEZV4VCFQBSAKEL
Mar 16, 2013 8:47:07 AM net.blogracy.controller.DistributedHashTable$LookupListener onMessage
INFO: lookup-ans H3WGV7IKX35FZNSFJYEZV4VCFQBSAKEL GMFJRGOOODDV2INC6OJY2AXVWOZLOMSZ 2013-03-16T08:45:27Z 2013-03-16T08:47:07Z 435
Mar 16, 2013 8:47:07 AM net.blogracy.controller.DistributedHashTable$DownloadListener <init>
INFO: download-req H3WGV7IKX35FZNSFJYEZV4VCFQBSAKEL GMFJRGOOODDV2INC6OJY2AXVWOZLOMSZ 2013-03-16T08:45:27Z
Mar 16, 2013 8:47:07 AM net.blogracy.controller.DistributedHashTable$LookupListener onMessage
INFO: lookup-ans H3WGV7IKX35FZNSFJYEZV4VCFQBSAKEL ETHOZXD7CRMH7BT3XBBMZPS35Y5HXSBL 2013-03-16T00:08:40Z 2013-03-16T08:47:07Z 457
Mar 16, 2013 8:47:40 AM net.blogracy.controller.DistributedHashTable$DownloadListener onMessage
INFO: download-ans H3WGV7IKX35FZNSFJYEZV4VCFQBSAKEL GMFJRGOOODDV2INC6OJY2AXVWOZLOMSZ 2013-03-16T08:45:27Z 2013-03-16T08:47:40Z 33121  133000 1361
Mar 16, 2013 8:47:46 AM net.blogracy.controller.DistributedHashTable$LookupListener <init>
INFO: lookup-req GRRVNWRRA5YPOTR2NJTQK3RXPMJXGKYD
Mar 16, 2013 8:47:47 AM net.blogracy.controller.DistributedHashTable$LookupListener onMessage
INFO: lookup-ans GRRVNWRRA5YPOTR2NJTQK3RXPMJXGKYD EK6FVP4VMGNY64OC3R4XP4Y355MV7GL3 2013-03-16T07:12:34Z 2013-03-16T08:47:47Z 400
Mar 16, 2013 8:47:47 AM net.blogracy.controller.DistributedHashTable$LookupListener onMessage
INFO: lookup-ans GRRVNWRRA5YPOTR2NJTQK3RXPMJXGKYD N2XSHXTDPK7NMLMRJHM43RT2OYZP4SJI 2013-03-16T08:47:59Z 2013-03-16T08:47:47Z 407
Mar 16, 2013 8:47:47 AM net.blogracy.controller.DistributedHashTable$DownloadListener <init>
INFO: download-req GRRVNWRRA5YPOTR2NJTQK3RXPMJXGKYD N2XSHXTDPK7NMLMRJHM43RT2OYZP4SJI 2013-03-16T08:47:59Z
Mar 16, 2013 8:47:54 AM net.blogracy.controller.DistributedHashTable$DownloadListener onMessage
INFO: download-ans GRRVNWRRA5YPOTR2NJTQK3RXPMJXGKYD N2XSHXTDPK7NMLMRJHM43RT2OYZP4SJI 2013-03-16T08:47:59Z 2013-03-16T08:47:54Z 7590  -5000 1361
