Mar 16, 2013 8:37:26 AM net.blogracy.controller.DistributedHashTable$LookupListener <init>
INFO: lookup-req GRRVNWRRA5YPOTR2NJTQK3RXPMJXGKYD
Mar 16, 2013 8:37:26 AM net.blogracy.controller.DistributedHashTable$LookupListener onMessage
INFO: lookup-ans GRRVNWRRA5YPOTR2NJTQK3RXPMJXGKYD UTMSDRDXCV3VTV6ZYYVIOJ4QYYLG4T4M 2013-03-16T08:32:17Z 2013-03-16T08:37:26Z 551
Mar 16, 2013 8:37:26 AM net.blogracy.controller.DistributedHashTable$DownloadListener <init>
INFO: download-req GRRVNWRRA5YPOTR2NJTQK3RXPMJXGKYD UTMSDRDXCV3VTV6ZYYVIOJ4QYYLG4T4M 2013-03-16T08:32:17Z
Mar 16, 2013 8:37:26 AM net.blogracy.controller.DistributedHashTable$LookupListener onMessage
INFO: lookup-ans GRRVNWRRA5YPOTR2NJTQK3RXPMJXGKYD JZKEFME7WRH7IPRWBUN2FIHAUHOAPPSR 2013-03-16T07:10:34Z 2013-03-16T08:37:26Z 582
Mar 16, 2013 8:37:26 AM net.blogracy.controller.DistributedHashTable$DownloadListener <init>
INFO: download-req GRRVNWRRA5YPOTR2NJTQK3RXPMJXGKYD JZKEFME7WRH7IPRWBUN2FIHAUHOAPPSR 2013-03-16T07:10:34Z
Mar 16, 2013 8:37:26 AM net.blogracy.controller.DistributedHashTable$LookupListener onMessage
INFO: lookup-ans GRRVNWRRA5YPOTR2NJTQK3RXPMJXGKYD 7A3LGL3SHSCWL22VKQWEYUF2OKZX7H3A 2013-03-16T08:34:17Z 2013-03-16T08:37:26Z 717
Mar 16, 2013 8:37:26 AM net.blogracy.controller.DistributedHashTable$DownloadListener <init>
INFO: download-req GRRVNWRRA5YPOTR2NJTQK3RXPMJXGKYD 7A3LGL3SHSCWL22VKQWEYUF2OKZX7H3A 2013-03-16T08:34:17Z
Mar 16, 2013 8:37:26 AM net.blogracy.controller.DistributedHashTable$LookupListener onMessage
INFO: lookup-ans GRRVNWRRA5YPOTR2NJTQK3RXPMJXGKYD EK6FVP4VMGNY64OC3R4XP4Y355MV7GL3 2013-03-16T07:12:34Z 2013-03-16T08:37:26Z 741
Mar 16, 2013 8:37:26 AM net.blogracy.controller.DistributedHashTable$DownloadListener <init>
INFO: download-req GRRVNWRRA5YPOTR2NJTQK3RXPMJXGKYD EK6FVP4VMGNY64OC3R4XP4Y355MV7GL3 2013-03-16T07:12:34Z
Mar 16, 2013 8:37:26 AM net.blogracy.controller.DistributedHashTable$LookupListener onMessage
INFO: lookup-ans GRRVNWRRA5YPOTR2NJTQK3RXPMJXGKYD V2MJ4W26IZPMEYNRJFE4C6CFSKJOAUE3 2013-03-16T08:36:17Z 2013-03-16T08:37:26Z 801
Mar 16, 2013 8:37:26 AM net.blogracy.controller.DistributedHashTable$DownloadListener <init>
INFO: download-req GRRVNWRRA5YPOTR2NJTQK3RXPMJXGKYD V2MJ4W26IZPMEYNRJFE4C6CFSKJOAUE3 2013-03-16T08:36:17Z
Mar 16, 2013 8:38:06 AM net.blogracy.controller.DistributedHashTable$LookupListener <init>
INFO: lookup-req NUHK7LXC3JZZQ6EB2RKPAXMUYX7DF7UI
Mar 16, 2013 8:38:06 AM net.blogracy.controller.DistributedHashTable$LookupListener onMessage
INFO: lookup-ans NUHK7LXC3JZZQ6EB2RKPAXMUYX7DF7UI FNZDQK2VGESTZDA5ZY3F5RVL7QOPTNPM 2013-03-16T08:37:04Z 2013-03-16T08:38:06Z 429
Mar 16, 2013 8:38:06 AM net.blogracy.controller.DistributedHashTable$DownloadListener <init>
INFO: download-req NUHK7LXC3JZZQ6EB2RKPAXMUYX7DF7UI FNZDQK2VGESTZDA5ZY3F5RVL7QOPTNPM 2013-03-16T08:37:04Z
Mar 16, 2013 8:38:46 AM net.blogracy.controller.DistributedHashTable$LookupListener <init>
INFO: lookup-req NZYND2IBFUU2CASIWQ2GFYLCZFN7LPE4
Mar 16, 2013 8:38:46 AM net.blogracy.controller.DistributedHashTable$LookupListener onMessage
INFO: lookup-ans NZYND2IBFUU2CASIWQ2GFYLCZFN7LPE4 PL4WI7A3TYGUFMIHHRMQIWQVAGVEXZBD 2013-03-16T08:36:35Z 2013-03-16T08:38:46Z 601
Mar 16, 2013 8:38:46 AM net.blogracy.controller.DistributedHashTable$DownloadListener <init>
INFO: download-req NZYND2IBFUU2CASIWQ2GFYLCZFN7LPE4 PL4WI7A3TYGUFMIHHRMQIWQVAGVEXZBD 2013-03-16T08:36:35Z
Mar 16, 2013 8:39:02 AM net.blogracy.controller.DistributedHashTable$DownloadListener onMessage
INFO: download-ans NZYND2IBFUU2CASIWQ2GFYLCZFN7LPE4 PL4WI7A3TYGUFMIHHRMQIWQVAGVEXZBD 2013-03-16T08:36:35Z 2013-03-16T08:39:02Z 15757  147000 281
Mar 16, 2013 8:39:07 AM net.blogracy.controller.DistributedHashTable$DownloadListener onMessage
INFO: download-ans NUHK7LXC3JZZQ6EB2RKPAXMUYX7DF7UI FNZDQK2VGESTZDA5ZY3F5RVL7QOPTNPM 2013-03-16T08:37:04Z 2013-03-16T08:39:07Z 61291  123000 281
Mar 16, 2013 8:39:26 AM net.blogracy.controller.DistributedHashTable$LookupListener <init>
INFO: lookup-req GRRVNWRRA5YPOTR2NJTQK3RXPMJXGKYD
Mar 16, 2013 8:39:26 AM net.blogracy.controller.DistributedHashTable$LookupListener onMessage
INFO: lookup-ans GRRVNWRRA5YPOTR2NJTQK3RXPMJXGKYD Z2TMUNZGMMVDRK5O56CYGQ3W3LDJTG73 2013-03-16T08:39:59Z 2013-03-16T08:39:26Z 306
Mar 16, 2013 8:39:26 AM net.blogracy.controller.DistributedHashTable$DownloadListener <init>
INFO: download-req GRRVNWRRA5YPOTR2NJTQK3RXPMJXGKYD Z2TMUNZGMMVDRK5O56CYGQ3W3LDJTG73 2013-03-16T08:39:59Z
Mar 16, 2013 8:39:26 AM net.blogracy.controller.DistributedHashTable$LookupListener onMessage
INFO: lookup-ans GRRVNWRRA5YPOTR2NJTQK3RXPMJXGKYD EK6FVP4VMGNY64OC3R4XP4Y355MV7GL3 2013-03-16T07:12:34Z 2013-03-16T08:39:26Z 328
Mar 16, 2013 8:39:26 AM net.blogracy.controller.DistributedHashTable$DownloadListener <init>
INFO: download-req GRRVNWRRA5YPOTR2NJTQK3RXPMJXGKYD EK6FVP4VMGNY64OC3R4XP4Y355MV7GL3 2013-03-16T07:12:34Z
Mar 16, 2013 8:39:30 AM net.blogracy.controller.DistributedHashTable$DownloadListener onMessage
INFO: download-ans GRRVNWRRA5YPOTR2NJTQK3RXPMJXGKYD Z2TMUNZGMMVDRK5O56CYGQ3W3LDJTG73 2013-03-16T08:39:59Z 2013-03-16T08:39:30Z 4064  -29000 281
Mar 16, 2013 8:40:06 AM net.blogracy.controller.DistributedHashTable$LookupListener <init>
INFO: lookup-req NUHK7LXC3JZZQ6EB2RKPAXMUYX7DF7UI
Mar 16, 2013 8:40:06 AM net.blogracy.controller.DistributedHashTable$LookupListener onMessage
INFO: lookup-ans NUHK7LXC3JZZQ6EB2RKPAXMUYX7DF7UI KR6RPQJBSMHT2W63BW3DICFSFICDEVWO 2013-03-16T08:39:05Z 2013-03-16T08:40:06Z 551
Mar 16, 2013 8:40:06 AM net.blogracy.controller.DistributedHashTable$DownloadListener <init>
INFO: download-req NUHK7LXC3JZZQ6EB2RKPAXMUYX7DF7UI KR6RPQJBSMHT2W63BW3DICFSFICDEVWO 2013-03-16T08:39:05Z
Mar 16, 2013 8:40:19 AM net.blogracy.controller.DistributedHashTable$LookupListener onMessage
INFO: lookup-ans NUHK7LXC3JZZQ6EB2RKPAXMUYX7DF7UI FNZDQK2VGESTZDA5ZY3F5RVL7QOPTNPM 2013-03-16T08:37:04Z 2013-03-16T08:40:19Z 13388
Mar 16, 2013 8:40:37 AM net.blogracy.controller.DistributedHashTable$DownloadListener onMessage
INFO: download-ans NUHK7LXC3JZZQ6EB2RKPAXMUYX7DF7UI KR6RPQJBSMHT2W63BW3DICFSFICDEVWO 2013-03-16T08:39:05Z 2013-03-16T08:40:37Z 30158  92000 551
Mar 16, 2013 8:40:46 AM net.blogracy.controller.DistributedHashTable$LookupListener <init>
INFO: lookup-req NZYND2IBFUU2CASIWQ2GFYLCZFN7LPE4
Mar 16, 2013 8:40:46 AM net.blogracy.controller.DistributedHashTable$LookupListener onMessage
INFO: lookup-ans NZYND2IBFUU2CASIWQ2GFYLCZFN7LPE4 TS73RXUK23BWBTCCTMPW4JE4Y2I7OF37 2013-03-16T08:38:36Z 2013-03-16T08:40:46Z 505
Mar 16, 2013 8:40:46 AM net.blogracy.controller.DistributedHashTable$DownloadListener <init>
INFO: download-req NZYND2IBFUU2CASIWQ2GFYLCZFN7LPE4 TS73RXUK23BWBTCCTMPW4JE4Y2I7OF37 2013-03-16T08:38:36Z
Mar 16, 2013 8:40:50 AM net.blogracy.controller.DistributedHashTable$DownloadListener onMessage
INFO: download-ans NZYND2IBFUU2CASIWQ2GFYLCZFN7LPE4 TS73RXUK23BWBTCCTMPW4JE4Y2I7OF37 2013-03-16T08:38:36Z 2013-03-16T08:40:50Z 3669  134000 551
Mar 16, 2013 8:41:26 AM net.blogracy.controller.DistributedHashTable$LookupListener <init>
INFO: lookup-req GRRVNWRRA5YPOTR2NJTQK3RXPMJXGKYD
Mar 16, 2013 8:41:27 AM net.blogracy.controller.DistributedHashTable$LookupListener onMessage
INFO: lookup-ans GRRVNWRRA5YPOTR2NJTQK3RXPMJXGKYD PBXKBMG4ECZEAUGHKA6IN6CH36NYKEFJ 2013-03-16T08:41:59Z 2013-03-16T08:41:27Z 384
Mar 16, 2013 8:41:27 AM net.blogracy.controller.DistributedHashTable$DownloadListener <init>
INFO: download-req GRRVNWRRA5YPOTR2NJTQK3RXPMJXGKYD PBXKBMG4ECZEAUGHKA6IN6CH36NYKEFJ 2013-03-16T08:41:59Z
Mar 16, 2013 8:41:27 AM net.blogracy.controller.DistributedHashTable$LookupListener onMessage
INFO: lookup-ans GRRVNWRRA5YPOTR2NJTQK3RXPMJXGKYD EK6FVP4VMGNY64OC3R4XP4Y355MV7GL3 2013-03-16T07:12:34Z 2013-03-16T08:41:27Z 463
Mar 16, 2013 8:41:30 AM net.blogracy.controller.DistributedHashTable$DownloadListener onMessage
INFO: download-ans GRRVNWRRA5YPOTR2NJTQK3RXPMJXGKYD PBXKBMG4ECZEAUGHKA6IN6CH36NYKEFJ 2013-03-16T08:41:59Z 2013-03-16T08:41:30Z 3850  -29000 551
Mar 16, 2013 8:42:06 AM net.blogracy.controller.DistributedHashTable$LookupListener <init>
INFO: lookup-req NUHK7LXC3JZZQ6EB2RKPAXMUYX7DF7UI
Mar 16, 2013 8:42:07 AM net.blogracy.controller.DistributedHashTable$LookupListener onMessage
INFO: lookup-ans NUHK7LXC3JZZQ6EB2RKPAXMUYX7DF7UI A7E2EIEKEB2STYRJHN4CUTE6LWPQWENZ 2013-03-16T08:41:05Z 2013-03-16T08:42:07Z 575
Mar 16, 2013 8:42:07 AM net.blogracy.controller.DistributedHashTable$DownloadListener <init>
INFO: download-req NUHK7LXC3JZZQ6EB2RKPAXMUYX7DF7UI A7E2EIEKEB2STYRJHN4CUTE6LWPQWENZ 2013-03-16T08:41:05Z
Mar 16, 2013 8:42:46 AM net.blogracy.controller.DistributedHashTable$LookupListener <init>
INFO: lookup-req NZYND2IBFUU2CASIWQ2GFYLCZFN7LPE4
Mar 16, 2013 8:42:47 AM net.blogracy.controller.DistributedHashTable$LookupListener onMessage
INFO: lookup-ans NZYND2IBFUU2CASIWQ2GFYLCZFN7LPE4 FGTYWE2VA3N3FIGLHLIZ56ZQXBMNSOOG 2013-03-16T08:40:36Z 2013-03-16T08:42:47Z 482
Mar 16, 2013 8:42:47 AM net.blogracy.controller.DistributedHashTable$DownloadListener <init>
INFO: download-req NZYND2IBFUU2CASIWQ2GFYLCZFN7LPE4 FGTYWE2VA3N3FIGLHLIZ56ZQXBMNSOOG 2013-03-16T08:40:36Z
Mar 16, 2013 8:42:51 AM net.blogracy.controller.DistributedHashTable$DownloadListener onMessage
INFO: download-ans NZYND2IBFUU2CASIWQ2GFYLCZFN7LPE4 FGTYWE2VA3N3FIGLHLIZ56ZQXBMNSOOG 2013-03-16T08:40:36Z 2013-03-16T08:42:51Z 3798  135000 821
Mar 16, 2013 8:43:08 AM net.blogracy.controller.DistributedHashTable$DownloadListener onMessage
INFO: download-ans NUHK7LXC3JZZQ6EB2RKPAXMUYX7DF7UI A7E2EIEKEB2STYRJHN4CUTE6LWPQWENZ 2013-03-16T08:41:05Z 2013-03-16T08:43:08Z 61354  123000 821
Mar 16, 2013 8:43:26 AM net.blogracy.controller.DistributedHashTable$LookupListener <init>
INFO: lookup-req GRRVNWRRA5YPOTR2NJTQK3RXPMJXGKYD
Mar 16, 2013 8:43:27 AM net.blogracy.controller.DistributedHashTable$LookupListener onMessage
INFO: lookup-ans GRRVNWRRA5YPOTR2NJTQK3RXPMJXGKYD Z2TMUNZGMMVDRK5O56CYGQ3W3LDJTG73 2013-03-16T08:39:59Z 2013-03-16T08:43:27Z 265
Mar 16, 2013 8:43:27 AM net.blogracy.controller.DistributedHashTable$LookupListener onMessage
INFO: lookup-ans GRRVNWRRA5YPOTR2NJTQK3RXPMJXGKYD JZKEFME7WRH7IPRWBUN2FIHAUHOAPPSR 2013-03-16T07:10:34Z 2013-03-16T08:43:27Z 268
Mar 16, 2013 8:43:27 AM net.blogracy.controller.DistributedHashTable$LookupListener onMessage
INFO: lookup-ans GRRVNWRRA5YPOTR2NJTQK3RXPMJXGKYD EK6FVP4VMGNY64OC3R4XP4Y355MV7GL3 2013-03-16T07:12:34Z 2013-03-16T08:43:27Z 341
Mar 16, 2013 8:43:27 AM net.blogracy.controller.DistributedHashTable$LookupListener onMessage
INFO: lookup-ans GRRVNWRRA5YPOTR2NJTQK3RXPMJXGKYD TCBYLMRJPON3FPC3MMEULB6DS535Q72N 2013-03-16T08:43:59Z 2013-03-16T08:43:27Z 342
Mar 16, 2013 8:43:27 AM net.blogracy.controller.DistributedHashTable$DownloadListener <init>
INFO: download-req GRRVNWRRA5YPOTR2NJTQK3RXPMJXGKYD TCBYLMRJPON3FPC3MMEULB6DS535Q72N 2013-03-16T08:43:59Z
Mar 16, 2013 8:43:27 AM net.blogracy.controller.DistributedHashTable$LookupListener onMessage
INFO: lookup-ans GRRVNWRRA5YPOTR2NJTQK3RXPMJXGKYD 44ZVOX4SNMCFLGXOO5TLABUCGPICLRF3 2013-03-16T00:07:54Z 2013-03-16T08:43:27Z 383
Mar 16, 2013 8:43:30 AM net.blogracy.controller.DistributedHashTable$DownloadListener onMessage
INFO: download-ans GRRVNWRRA5YPOTR2NJTQK3RXPMJXGKYD TCBYLMRJPON3FPC3MMEULB6DS535Q72N 2013-03-16T08:43:59Z 2013-03-16T08:43:30Z 2839  -29000 821
Mar 16, 2013 8:44:06 AM net.blogracy.controller.DistributedHashTable$LookupListener <init>
INFO: lookup-req NUHK7LXC3JZZQ6EB2RKPAXMUYX7DF7UI
Mar 16, 2013 8:44:20 AM net.blogracy.controller.DistributedHashTable$LookupListener onMessage
INFO: lookup-ans NUHK7LXC3JZZQ6EB2RKPAXMUYX7DF7UI OLDA6HOM6PTNEQWONPPFYDLOOCDFG56C 2013-03-16T08:43:05Z 2013-03-16T08:44:20Z 13614
Mar 16, 2013 8:44:20 AM net.blogracy.controller.DistributedHashTable$DownloadListener <init>
INFO: download-req NUHK7LXC3JZZQ6EB2RKPAXMUYX7DF7UI OLDA6HOM6PTNEQWONPPFYDLOOCDFG56C 2013-03-16T08:43:05Z
Mar 16, 2013 8:44:25 AM net.blogracy.controller.DistributedHashTable$DownloadListener onMessage
INFO: download-ans NUHK7LXC3JZZQ6EB2RKPAXMUYX7DF7UI OLDA6HOM6PTNEQWONPPFYDLOOCDFG56C 2013-03-16T08:43:05Z 2013-03-16T08:44:25Z 4758  80000 1091
Mar 16, 2013 8:44:46 AM net.blogracy.controller.DistributedHashTable$LookupListener <init>
INFO: lookup-req NZYND2IBFUU2CASIWQ2GFYLCZFN7LPE4
Mar 16, 2013 8:44:47 AM net.blogracy.controller.DistributedHashTable$LookupListener onMessage
INFO: lookup-ans NZYND2IBFUU2CASIWQ2GFYLCZFN7LPE4 PFVGNLVEYHYZHXK4YQIVUTK525JHP67R 2013-03-16T08:42:36Z 2013-03-16T08:44:47Z 555
Mar 16, 2013 8:44:47 AM net.blogracy.controller.DistributedHashTable$DownloadListener <init>
INFO: download-req NZYND2IBFUU2CASIWQ2GFYLCZFN7LPE4 PFVGNLVEYHYZHXK4YQIVUTK525JHP67R 2013-03-16T08:42:36Z
Mar 16, 2013 8:44:50 AM net.blogracy.controller.DistributedHashTable$DownloadListener onMessage
INFO: download-ans NZYND2IBFUU2CASIWQ2GFYLCZFN7LPE4 PFVGNLVEYHYZHXK4YQIVUTK525JHP67R 2013-03-16T08:42:36Z 2013-03-16T08:44:50Z 2907  134000 1091
Mar 16, 2013 8:45:27 AM net.blogracy.controller.DistributedHashTable$LookupListener <init>
INFO: lookup-req GRRVNWRRA5YPOTR2NJTQK3RXPMJXGKYD
Mar 16, 2013 8:45:27 AM net.blogracy.controller.DistributedHashTable$LookupListener onMessage
INFO: lookup-ans GRRVNWRRA5YPOTR2NJTQK3RXPMJXGKYD SM7325OBAA2R6AS22KKXQSMGXKMT5NWW 2013-03-16T08:45:59Z 2013-03-16T08:45:27Z 264
Mar 16, 2013 8:45:27 AM net.blogracy.controller.DistributedHashTable$DownloadListener <init>
INFO: download-req GRRVNWRRA5YPOTR2NJTQK3RXPMJXGKYD SM7325OBAA2R6AS22KKXQSMGXKMT5NWW 2013-03-16T08:45:59Z
Mar 16, 2013 8:45:27 AM net.blogracy.controller.DistributedHashTable$LookupListener onMessage
INFO: lookup-ans GRRVNWRRA5YPOTR2NJTQK3RXPMJXGKYD EK6FVP4VMGNY64OC3R4XP4Y355MV7GL3 2013-03-16T07:12:34Z 2013-03-16T08:45:27Z 383
Mar 16, 2013 8:45:31 AM net.blogracy.controller.DistributedHashTable$DownloadListener onMessage
INFO: download-ans GRRVNWRRA5YPOTR2NJTQK3RXPMJXGKYD SM7325OBAA2R6AS22KKXQSMGXKMT5NWW 2013-03-16T08:45:59Z 2013-03-16T08:45:31Z 4114  -28000 1091
Mar 16, 2013 8:46:07 AM net.blogracy.controller.DistributedHashTable$LookupListener <init>
INFO: lookup-req NUHK7LXC3JZZQ6EB2RKPAXMUYX7DF7UI
Mar 16, 2013 8:46:07 AM net.blogracy.controller.DistributedHashTable$LookupListener onMessage
INFO: lookup-ans NUHK7LXC3JZZQ6EB2RKPAXMUYX7DF7UI L6UFVH3EZ2NCNOTJRAEM7HHLXS4FDY6U 2013-03-16T08:45:06Z 2013-03-16T08:46:07Z 479
Mar 16, 2013 8:46:07 AM net.blogracy.controller.DistributedHashTable$DownloadListener <init>
INFO: download-req NUHK7LXC3JZZQ6EB2RKPAXMUYX7DF7UI L6UFVH3EZ2NCNOTJRAEM7HHLXS4FDY6U 2013-03-16T08:45:06Z
Mar 16, 2013 8:46:47 AM net.blogracy.controller.DistributedHashTable$LookupListener <init>
INFO: lookup-req NZYND2IBFUU2CASIWQ2GFYLCZFN7LPE4
Mar 16, 2013 8:46:47 AM net.blogracy.controller.DistributedHashTable$LookupListener onMessage
INFO: lookup-ans NZYND2IBFUU2CASIWQ2GFYLCZFN7LPE4 HQ3D52GHMJZRINTF6U4AC4ADMHKVJLUV 2013-03-16T08:44:37Z 2013-03-16T08:46:47Z 395
Mar 16, 2013 8:46:47 AM net.blogracy.controller.DistributedHashTable$DownloadListener <init>
INFO: download-req NZYND2IBFUU2CASIWQ2GFYLCZFN7LPE4 HQ3D52GHMJZRINTF6U4AC4ADMHKVJLUV 2013-03-16T08:44:37Z
Mar 16, 2013 8:46:51 AM net.blogracy.controller.DistributedHashTable$DownloadListener onMessage
INFO: download-ans NZYND2IBFUU2CASIWQ2GFYLCZFN7LPE4 HQ3D52GHMJZRINTF6U4AC4ADMHKVJLUV 2013-03-16T08:44:37Z 2013-03-16T08:46:51Z 4023  134000 1361
Mar 16, 2013 8:46:53 AM net.blogracy.controller.DistributedHashTable$DownloadListener onMessage
INFO: download-ans NUHK7LXC3JZZQ6EB2RKPAXMUYX7DF7UI L6UFVH3EZ2NCNOTJRAEM7HHLXS4FDY6U 2013-03-16T08:45:06Z 2013-03-16T08:46:53Z 45746  107000 1361
Mar 16, 2013 8:47:27 AM net.blogracy.controller.DistributedHashTable$LookupListener <init>
INFO: lookup-req GRRVNWRRA5YPOTR2NJTQK3RXPMJXGKYD
Mar 16, 2013 8:47:27 AM net.blogracy.controller.DistributedHashTable$LookupListener onMessage
INFO: lookup-ans GRRVNWRRA5YPOTR2NJTQK3RXPMJXGKYD EK6FVP4VMGNY64OC3R4XP4Y355MV7GL3 2013-03-16T07:12:34Z 2013-03-16T08:47:27Z 147
Mar 16, 2013 8:47:27 AM net.blogracy.controller.DistributedHashTable$LookupListener onMessage
INFO: lookup-ans GRRVNWRRA5YPOTR2NJTQK3RXPMJXGKYD N2XSHXTDPK7NMLMRJHM43RT2OYZP4SJI 2013-03-16T08:47:59Z 2013-03-16T08:47:27Z 148
Mar 16, 2013 8:47:27 AM net.blogracy.controller.DistributedHashTable$DownloadListener <init>
INFO: download-req GRRVNWRRA5YPOTR2NJTQK3RXPMJXGKYD N2XSHXTDPK7NMLMRJHM43RT2OYZP4SJI 2013-03-16T08:47:59Z
Mar 16, 2013 8:47:44 AM net.blogracy.controller.DistributedHashTable$DownloadListener onMessage
INFO: download-ans GRRVNWRRA5YPOTR2NJTQK3RXPMJXGKYD N2XSHXTDPK7NMLMRJHM43RT2OYZP4SJI 2013-03-16T08:47:59Z 2013-03-16T08:47:44Z 16919  -15000 1361
